===== Exp configuration =====
neuron_type:		RadLIF
nb_inputs:		700
nb_outputs:		20
nb_layers:		3
nb_hiddens:		256
nb_steps:		100
pdrop:		0.1
normalization:		batchnorm
use_bias:		False
bidirectional:		False
date:		08-01-03-54
use_pretrained_model:		False
only_do_testing:		False
load_exp_folder:		None
new_exp_folder:		./log/08-01-03-54
dataset_name:		shd
data_folder:		./data/raw/
batch_size:		128
nb_epochs:		30
train_input_layer:		True
trial:		5
seed:		-100
dropout:		0
dropout_stop:		0.95
dropout_stepping:		0.0
ckpt_freq:		5
clustering:		False
clustering_factor:		[1, 2.5]
cin_minmax:		[0.001, 0.05]
cout_minmax:		[0.05, 0.2]
nb_cluster:		8
nb_per_cluster:		32
noise_test:		0.0
start_epoch:		0
lr:		0.01
scheduler_patience:		2
scheduler_factor:		0.7
use_regularizers:		False
reg_factor:		0.5
reg_fmin:		0.01
reg_fmax:		0.1
use_augm:		False
use_readout_layer:		True
threshold:		1.0
device:		cuda

Device is set to cuda
checkpoint_dir: ./log/08-01-03-54/checkpoints/

Number of examples in train set: 8156
SHD does not have a validation split. Using test split.
Number of examples in test set: 2264

Created new spiking model:
 SNN(
  (snn): ModuleList(
    (0): RadLIFLayer(
      (W): Linear(in_features=700, out_features=256, bias=False)
      (V): Linear(in_features=256, out_features=256, bias=False)
      (norm): BatchNorm1d(256, eps=1e-05, momentum=0.05, affine=True, track_running_stats=True)
      (drop): Dropout(p=0.1, inplace=False)
    )
    (1): RadLIFLayer(
      (W): Linear(in_features=256, out_features=256, bias=False)
      (V): Linear(in_features=256, out_features=256, bias=False)
      (norm): BatchNorm1d(256, eps=1e-05, momentum=0.05, affine=True, track_running_stats=True)
      (drop): Dropout(p=0.1, inplace=False)
    )
    (2): ReadoutLayer(
      (W): Linear(in_features=256, out_features=20, bias=False)
      (norm): BatchNorm1d(20, eps=1e-05, momentum=0.05, affine=True, track_running_stats=True)
      (drop): Dropout(p=0.1, inplace=False)
    )
  )
)

Total number of trainable parameters is 384060

---------------Trial:1---------------


Created new spiking model:
 SNN(
  (snn): ModuleList(
    (0): RadLIFLayer(
      (W): Linear(in_features=700, out_features=256, bias=False)
      (V): Linear(in_features=256, out_features=256, bias=False)
      (norm): BatchNorm1d(256, eps=1e-05, momentum=0.05, affine=True, track_running_stats=True)
      (drop): Dropout(p=0.1, inplace=False)
    )
    (1): RadLIFLayer(
      (W): Linear(in_features=256, out_features=256, bias=False)
      (V): Linear(in_features=256, out_features=256, bias=False)
      (norm): BatchNorm1d(256, eps=1e-05, momentum=0.05, affine=True, track_running_stats=True)
      (drop): Dropout(p=0.1, inplace=False)
    )
    (2): ReadoutLayer(
      (W): Linear(in_features=256, out_features=20, bias=False)
      (norm): BatchNorm1d(20, eps=1e-05, momentum=0.05, affine=True, track_running_stats=True)
      (drop): Dropout(p=0.1, inplace=False)
    )
  )
)

Total number of trainable parameters is 384060

------ Begin training ------

Epoch 1: train loss=8.9113, acc=0.0473, fr=0.0620, lr=0.0100, time=33.508148, cin=0.000749, 0.000777, cout=0.014032, 0.032335
Epoch 1: valid loss=4.8690, acc=0.0468, fr=0.0621, mask=0.8750, time=05.612917

Best model saved with valid acc=0.04683554292929293

-----------------------------

