===== Exp configuration =====
date:		08-22-15-40
save_dir:		./log/08-22-15-40
dataset_name:		shd
data_folder:		./data/raw/
input_dim:		700
output_dim:		20
nb_steps:		100
trials:		100
scheduler_patience:		5
scheduler_factor:		0.7
lens:		0.5
gamma:		0.5
gradient_type:		linear
scale:		6.0
hight:		0.15
best_acc:		92
batch_size:		512
nb_epochs:		30
lr:		0.015
weight_decay:		1e-05
reg_factor:		0.5
reg_fmin:		0.01
reg_fmax:		0.1
fr_ent:		0.1
seed:		117
ckpt_freq:		-1
threshold:		1.0
smoothing:		0.1
pdrop:		0.1
normalization:		batchnorm
train_input:		True
nb_hiddens:		128
noise_test:		0.0
device:		cuda:0

Created new spiking model:
 RC(
  (W): Linear(in_features=700, out_features=128, bias=True)
  (V): Linear(in_features=128, out_features=128, bias=False)
  (read): Linear(in_features=128, out_features=20, bias=True)
  (norm): BatchNorm1d(128, eps=1e-05, momentum=0.05, affine=True, track_running_stats=True)
  (norm_read): BatchNorm1d(20, eps=1e-05, momentum=0.05, affine=True, track_running_stats=True)
  (drop): Dropout(p=0.1, inplace=False)
)

Total number of trainable parameters is 109520

**************  Trial 1  **************
Epoch 0: cin|cout=0.001579|0.012723|8.0589
-----------------------------

Epoch 1: loss=3.6257|2.7095, acc=27.0598|30.5654, fr=0.6414, cin|cout=0.011104|0.033219|2.9916, lr=0.0150, time=06.412900
-----------------------------

Epoch 2: loss=2.3598|1.3235, acc=39.3821|60.6890, fr=0.7219, cin|cout=0.015786|0.040505|2.5659, lr=0.0150, time=06.091889
-----------------------------

Epoch 3: loss=1.5786|0.7618, acc=65.8534|79.4611, fr=0.7660, cin|cout=0.016924|0.044509|2.6300, lr=0.0150, time=05.463358
-----------------------------

Epoch 4: loss=1.2871|0.6458, acc=78.3718|83.1272, fr=0.7977, cin|cout=0.017331|0.048272|2.7854, lr=0.0150, time=05.485339
-----------------------------

Epoch 5: loss=1.1641|0.5133, acc=84.3551|86.4841, fr=0.7984, cin|cout=0.017762|0.047458|2.6718, lr=0.0150, time=06.435419
-----------------------------

Epoch 6: loss=1.0685|0.5444, acc=89.2717|85.4682, fr=0.8239, cin|cout=0.017942|0.047161|2.6285, lr=0.0150, time=05.767783
-----------------------------

Epoch 7: loss=1.0073|0.4509, acc=91.7974|88.0300, fr=0.8072, cin|cout=0.018054|0.046532|2.5774, lr=0.0150, time=06.237787
-----------------------------

Epoch 8: loss=0.9522|0.4870, acc=93.9431|86.2191, fr=0.8105, cin|cout=0.018001|0.047154|2.6196, lr=0.0150, time=06.299080
-----------------------------

Epoch 9: loss=0.9349|0.4601, acc=94.4949|87.1466, fr=0.8353, cin|cout=0.018005|0.046482|2.5817, lr=0.0150, time=05.635555
-----------------------------

Epoch 10: loss=0.9196|0.4750, acc=95.0098|86.2191, fr=0.8442, cin|cout=0.018018|0.046229|2.5657, lr=0.0150, time=05.836159
-----------------------------

Epoch 11: loss=0.8909|0.4293, acc=96.4321|88.3834, fr=0.8271, cin|cout=0.018041|0.046506|2.5778, lr=0.0150, time=05.637107
-----------------------------

Epoch 12: loss=0.8606|0.4346, acc=97.1432|88.6484, fr=0.8392, cin|cout=0.018068|0.046036|2.5479, lr=0.0150, time=05.788212
-----------------------------

Epoch 13: loss=0.8423|0.4453, acc=97.5969|88.7809, fr=0.8462, cin|cout=0.018090|0.045687|2.5255, lr=0.0150, time=05.573856
-----------------------------

Epoch 14: loss=0.8253|0.4292, acc=98.2590|89.5318, fr=0.8575, cin|cout=0.018114|0.045770|2.5268, lr=0.0150, time=05.652879
-----------------------------

Epoch 15: loss=0.8099|0.4222, acc=98.6268|90.0177, fr=0.8546, cin|cout=0.018138|0.045225|2.4934, lr=0.0150, time=05.588099
-----------------------------

Epoch 16: loss=0.8073|0.4317, acc=98.8843|89.2226, fr=0.8556, cin|cout=0.018133|0.045650|2.5175, lr=0.0150, time=05.604155
-----------------------------

Epoch 17: loss=0.7988|0.4489, acc=99.1417|89.8852, fr=0.8612, cin|cout=0.018139|0.045389|2.5023, lr=0.0150, time=05.729061
-----------------------------

Epoch 18: loss=0.7909|0.4381, acc=99.1663|89.9293, fr=0.8482, cin|cout=0.018119|0.045314|2.5010, lr=0.0150, time=06.332178
-----------------------------

Epoch 19: loss=0.7806|0.4597, acc=99.4115|89.0459, fr=0.8567, cin|cout=0.018125|0.045428|2.5064, lr=0.0150, time=06.413793
-----------------------------

Epoch 20: loss=0.7821|0.4925, acc=99.2766|87.7650, fr=0.8608, cin|cout=0.018105|0.045580|2.5175, lr=0.0150, time=05.734059
-----------------------------

Epoch 21: loss=0.7732|0.4615, acc=99.5218|88.8693, fr=0.8722, cin|cout=0.018132|0.045361|2.5018, lr=0.0150, time=05.561308
-----------------------------

Epoch 22: loss=0.7568|0.4892, acc=99.7057|88.8693, fr=0.8799, cin|cout=0.018104|0.045618|2.5198, lr=0.0105, time=05.747487
-----------------------------

Epoch 23: loss=0.7776|0.5192, acc=99.6444|87.5000, fr=0.8948, cin|cout=0.018112|0.045451|2.5095, lr=0.0105, time=05.659936
-----------------------------

Epoch 24: loss=0.8382|0.4659, acc=99.4728|89.8410, fr=0.9172, cin|cout=0.018108|0.045573|2.5167, lr=0.0105, time=05.610463
-----------------------------

Epoch 25: loss=0.7643|0.4890, acc=99.7670|89.3993, fr=0.9121, cin|cout=0.018129|0.045583|2.5143, lr=0.0105, time=05.499288
-----------------------------

Epoch 26: loss=0.7423|0.4859, acc=99.8283|88.7809, fr=0.8995, cin|cout=0.018116|0.045659|2.5204, lr=0.0105, time=05.561460
-----------------------------

Epoch 27: loss=0.7365|0.4754, acc=99.8897|89.0018, fr=0.8977, cin|cout=0.018117|0.045555|2.5145, lr=0.0105, time=06.549762
-----------------------------

Epoch 28: loss=0.7325|0.4744, acc=99.9019|89.6643, fr=0.8946, cin|cout=0.018116|0.045598|2.5170, lr=0.0073, time=05.532673
-----------------------------

Epoch 29: loss=0.7297|0.4880, acc=99.9387|89.2668, fr=0.8986, cin|cout=0.018115|0.045533|2.5135, lr=0.0073, time=05.602839
-----------------------------

Epoch 30: loss=0.7264|0.4803, acc=99.9387|90.1943, fr=0.9047, cin|cout=0.018121|0.045400|2.5054, lr=0.0073, time=05.730188
-----------------------------


Best valid acc at epoch 0: 92

------ Training finished ------


**************  Trial 2  **************
Epoch 0: cin|cout=0.001553|0.012898|8.3051
-----------------------------

Epoch 1: loss=3.8012|2.7482, acc=22.4620|21.0689, fr=0.6258, cin|cout=0.009720|0.028365|2.9182, lr=0.0150, time=05.753253
-----------------------------

Epoch 2: loss=2.5159|1.5154, acc=35.3237|53.5336, fr=0.7966, cin|cout=0.014395|0.031392|2.1808, lr=0.0150, time=05.540803
-----------------------------

Epoch 3: loss=1.7523|0.9753, acc=59.6616|69.5230, fr=0.7983, cin|cout=0.015602|0.032101|2.0575, lr=0.0150, time=05.554330
-----------------------------

Epoch 4: loss=1.5099|0.7536, acc=72.4129|77.6060, fr=0.8284, cin|cout=0.015964|0.032444|2.0324, lr=0.0150, time=05.552399
-----------------------------

Epoch 5: loss=1.3604|0.6607, acc=80.8239|80.3445, fr=0.8603, cin|cout=0.016055|0.032270|2.0099, lr=0.0150, time=05.580582
-----------------------------

Epoch 6: loss=1.1465|0.5381, acc=86.9299|85.5565, fr=0.8462, cin|cout=0.015969|0.033079|2.0715, lr=0.0150, time=05.528650
-----------------------------

Epoch 7: loss=1.1129|0.9023, acc=87.1138|71.5106, fr=0.8238, cin|cout=0.016215|0.033761|2.0820, lr=0.0150, time=05.499472
-----------------------------

Epoch 8: loss=1.3659|0.5910, acc=79.0706|83.6131, fr=0.7715, cin|cout=0.016855|0.035388|2.0995, lr=0.0150, time=05.553601
-----------------------------

Epoch 9: loss=1.0863|0.5086, acc=89.0878|85.6890, fr=0.7690, cin|cout=0.017434|0.034853|1.9991, lr=0.0150, time=06.556165
-----------------------------

Epoch 10: loss=1.0199|0.5236, acc=91.4787|84.9823, fr=0.7669, cin|cout=0.017430|0.035747|2.0508, lr=0.0150, time=05.640905
-----------------------------

Epoch 11: loss=0.9621|0.4655, acc=93.6856|87.7650, fr=0.7566, cin|cout=0.017456|0.035759|2.0485, lr=0.0150, time=05.689322
-----------------------------

