===== Exp configuration =====
date:		08-21-22-46
save_dir:		./log/08-21-22-46
dataset_name:		shd
data_folder:		./data/raw/
input_dim:		700
output_dim:		20
nb_steps:		100
trials:		5
scheduler_patience:		5
scheduler_factor:		0.7
lens:		0.5
gamma:		0.5
gradient_type:		linear
scale:		6.0
hight:		0.15
batch_size:		512
nb_epochs:		100
lr:		0.015
weight_decay:		1e-05
reg_factor:		0.5
reg_fmin:		0.01
reg_fmax:		0.1
fr_ent:		0.1
seed:		100
ckpt_freq:		10
threshold:		1.0
smoothing:		0.1
pdrop:		0.1
normalization:		batchnorm
train_input:		True
nb_hiddens:		1024
noise_test:		0.0
device:		cuda:0

Created new spiking model:
 RC(
  (W): Linear(in_features=700, out_features=1024, bias=True)
  (V): Linear(in_features=1024, out_features=1024, bias=False)
  (read): Linear(in_features=1024, out_features=20, bias=True)
  (norm): BatchNorm1d(1024, eps=1e-05, momentum=0.05, affine=True, track_running_stats=True)
  (norm_read): BatchNorm1d(20, eps=1e-05, momentum=0.05, affine=True, track_running_stats=True)
  (drop): Dropout(p=0.1, inplace=False)
)

Total number of trainable parameters is 1793104

**************  Trial 1  **************
Epoch 0: cin|cout=0.001488|0.014372|9.6601
-----------------------------

Epoch 1: loss=7.0879|5.9024, acc=23.6390|17.3145, fr=0.6045, cin|cout=0.007782|0.035005|4.4985, lr=0.0150, time=08.911336
-----------------------------

Epoch 2: loss=4.0697|2.0520, acc=28.2124|48.1007, fr=0.4123, cin|cout=0.011409|0.041512|3.6386, lr=0.0150, time=07.998244
-----------------------------

Epoch 3: loss=2.5206|1.2093, acc=55.7872|68.3746, fr=0.3932, cin|cout=0.012774|0.043548|3.4092, lr=0.0150, time=07.828216
-----------------------------

Epoch 4: loss=1.8772|0.7241, acc=72.3884|80.0353, fr=0.4310, cin|cout=0.013326|0.044418|3.3333, lr=0.0150, time=07.840975
-----------------------------

Epoch 5: loss=1.5477|0.4889, acc=83.9014|87.9859, fr=0.4486, cin|cout=0.013642|0.044497|3.2618, lr=0.0150, time=07.850037

Best model saved with valid acc=87.98586572438163
-----------------------------

Epoch 6: loss=1.4173|0.5008, acc=88.8426|84.9823, fr=0.4646, cin|cout=0.013833|0.044725|3.2331, lr=0.0150, time=07.920138
-----------------------------

Epoch 7: loss=1.4373|0.5189, acc=91.0863|86.6608, fr=0.4667, cin|cout=0.014007|0.044780|3.1971, lr=0.0150, time=07.904694
-----------------------------

Epoch 8: loss=1.4799|0.4598, acc=92.5454|87.4117, fr=0.4766, cin|cout=0.014164|0.044431|3.1368, lr=0.0150, time=07.877204
-----------------------------

Epoch 9: loss=1.3589|0.4456, acc=94.8995|89.4876, fr=0.5017, cin|cout=0.014286|0.044228|3.0960, lr=0.0150, time=08.004176

Best model saved with valid acc=89.48763250883393
-----------------------------

Epoch 10: loss=1.2486|0.4406, acc=95.9171|89.0901, fr=0.5039, cin|cout=0.014329|0.044330|3.0937, lr=0.0150, time=08.465429
-----------------------------

Epoch 11: loss=1.1842|0.3833, acc=96.8735|91.2102, fr=0.4994, cin|cout=0.014347|0.044517|3.1028, lr=0.0150, time=07.740153

Best model saved with valid acc=91.21024734982332
-----------------------------

Epoch 12: loss=1.1652|0.4893, acc=98.0750|87.7650, fr=0.5026, cin|cout=0.014392|0.044457|3.0891, lr=0.0150, time=09.496770
-----------------------------

Epoch 13: loss=1.1321|0.4328, acc=98.5777|90.3269, fr=0.5079, cin|cout=0.014421|0.044453|3.0826, lr=0.0150, time=08.057467
-----------------------------

Epoch 14: loss=1.1098|0.4290, acc=98.9333|89.3110, fr=0.5068, cin|cout=0.014422|0.044443|3.0817, lr=0.0150, time=07.998425
-----------------------------

Epoch 15: loss=1.1027|0.4413, acc=99.3624|89.9293, fr=0.5044, cin|cout=0.014449|0.044271|3.0639, lr=0.0150, time=08.420460
-----------------------------

Epoch 16: loss=1.1154|0.4565, acc=99.3747|89.0459, fr=0.5078, cin|cout=0.014473|0.044218|3.0553, lr=0.0150, time=08.364228
-----------------------------

Epoch 17: loss=1.1014|0.4655, acc=99.2766|90.6802, fr=0.5097, cin|cout=0.014498|0.044385|3.0615, lr=0.0150, time=07.840513
-----------------------------

Epoch 18: loss=1.0880|0.4211, acc=99.5586|90.8569, fr=0.5116, cin|cout=0.014498|0.044421|3.0639, lr=0.0105, time=08.121854
-----------------------------

Epoch 19: loss=1.0772|0.4746, acc=99.7670|89.7968, fr=0.5165, cin|cout=0.014499|0.044429|3.0642, lr=0.0105, time=08.150410
-----------------------------

Epoch 20: loss=1.0664|0.4561, acc=99.8406|90.5477, fr=0.5178, cin|cout=0.014504|0.044435|3.0636, lr=0.0105, time=07.978497
-----------------------------

Epoch 21: loss=1.0603|0.4732, acc=99.8774|89.7527, fr=0.5185, cin|cout=0.014508|0.044329|3.0554, lr=0.0105, time=08.206702
-----------------------------

Epoch 22: loss=1.0549|0.4845, acc=99.9510|90.3269, fr=0.5232, cin|cout=0.014511|0.044375|3.0580, lr=0.0105, time=08.598438
-----------------------------

Epoch 23: loss=1.0530|0.4570, acc=99.9264|90.7244, fr=0.5243, cin|cout=0.014516|0.044355|3.0556, lr=0.0105, time=07.930813
-----------------------------

Epoch 24: loss=1.0519|0.4661, acc=99.9510|90.4594, fr=0.5263, cin|cout=0.014515|0.044369|3.0567, lr=0.0073, time=08.076955
-----------------------------

Epoch 25: loss=1.0412|0.4683, acc=99.9632|90.7686, fr=0.5312, cin|cout=0.014516|0.044393|3.0583, lr=0.0073, time=07.922692
-----------------------------

Epoch 26: loss=1.0388|0.4773, acc=99.9632|90.7244, fr=0.5326, cin|cout=0.014517|0.044404|3.0587, lr=0.0073, time=07.960814
-----------------------------

Epoch 27: loss=1.0377|0.4841, acc=99.9632|91.1219, fr=0.5319, cin|cout=0.014522|0.044377|3.0559, lr=0.0073, time=08.209585
-----------------------------

Epoch 28: loss=1.0317|0.4881, acc=99.9755|90.5919, fr=0.5345, cin|cout=0.014524|0.044408|3.0575, lr=0.0073, time=08.648109
-----------------------------

Epoch 29: loss=1.0266|0.4824, acc=99.9755|91.0336, fr=0.5379, cin|cout=0.014525|0.044437|3.0593, lr=0.0073, time=08.091267
-----------------------------

Epoch 30: loss=1.0299|0.5008, acc=99.9877|90.1943, fr=0.5382, cin|cout=0.014531|0.044444|3.0585, lr=0.0051, time=07.967633
-----------------------------

Epoch 31: loss=1.0221|0.4809, acc=99.9877|90.7244, fr=0.5395, cin|cout=0.014534|0.044425|3.0566, lr=0.0051, time=08.108894
-----------------------------

Epoch 32: loss=1.0256|0.4868, acc=99.9877|90.4594, fr=0.5422, cin|cout=0.014532|0.044439|3.0580, lr=0.0051, time=08.280312
-----------------------------

Epoch 33: loss=1.0267|0.4827, acc=99.9877|90.6802, fr=0.5452, cin|cout=0.014530|0.044470|3.0605, lr=0.0051, time=08.071154
-----------------------------

Epoch 34: loss=1.0234|0.4905, acc=99.9877|90.5035, fr=0.5455, cin|cout=0.014530|0.044463|3.0601, lr=0.0051, time=07.859294
-----------------------------

Epoch 35: loss=1.0219|0.5055, acc=99.9877|90.5035, fr=0.5480, cin|cout=0.014532|0.044448|3.0585, lr=0.0051, time=08.451415
-----------------------------

Epoch 36: loss=1.0209|0.4974, acc=99.9877|90.4594, fr=0.5478, cin|cout=0.014532|0.044450|3.0587, lr=0.0036, time=08.067644
-----------------------------

Epoch 37: loss=1.0198|0.4955, acc=100.0000|90.2385, fr=0.5494, cin|cout=0.014531|0.044453|3.0592, lr=0.0036, time=07.967553
-----------------------------

Epoch 38: loss=1.0192|0.5079, acc=100.0000|90.6802, fr=0.5501, cin|cout=0.014532|0.044455|3.0590, lr=0.0036, time=08.201070
-----------------------------

Epoch 39: loss=1.0188|0.5157, acc=100.0000|90.6802, fr=0.5517, cin|cout=0.014534|0.044449|3.0583, lr=0.0036, time=07.916994
-----------------------------

Epoch 40: loss=1.0179|0.5106, acc=100.0000|90.4594, fr=0.5508, cin|cout=0.014533|0.044465|3.0595, lr=0.0036, time=07.789182
-----------------------------

Epoch 41: loss=1.0169|0.5108, acc=100.0000|90.3269, fr=0.5523, cin|cout=0.014536|0.044463|3.0589, lr=0.0036, time=07.807173
-----------------------------

Epoch 42: loss=1.0157|0.5056, acc=100.0000|90.6802, fr=0.5551, cin|cout=0.014536|0.044477|3.0598, lr=0.0025, time=07.817115
-----------------------------

Epoch 43: loss=1.0128|0.5018, acc=100.0000|90.7244, fr=0.5565, cin|cout=0.014537|0.044469|3.0590, lr=0.0025, time=07.888070
-----------------------------

Epoch 44: loss=1.0140|0.5077, acc=100.0000|90.7244, fr=0.5561, cin|cout=0.014538|0.044449|3.0573, lr=0.0025, time=08.333107
-----------------------------

Epoch 45: loss=1.0119|0.4952, acc=100.0000|91.0777, fr=0.5575, cin|cout=0.014539|0.044439|3.0564, lr=0.0025, time=08.158241
-----------------------------

Epoch 46: loss=1.0104|0.5012, acc=100.0000|90.6360, fr=0.5574, cin|cout=0.014540|0.044446|3.0568, lr=0.0025, time=07.877930
-----------------------------

Epoch 47: loss=1.0065|0.5187, acc=100.0000|90.6360, fr=0.5586, cin|cout=0.014540|0.044449|3.0571, lr=0.0025, time=07.806194
-----------------------------

Epoch 48: loss=1.0047|0.5139, acc=100.0000|90.3710, fr=0.5593, cin|cout=0.014540|0.044451|3.0572, lr=0.0018, time=07.907971
-----------------------------

Epoch 49: loss=1.0030|0.5148, acc=100.0000|90.5035, fr=0.5609, cin|cout=0.014541|0.044445|3.0566, lr=0.0018, time=08.183006
-----------------------------

Epoch 50: loss=1.0007|0.5010, acc=100.0000|90.3269, fr=0.5619, cin|cout=0.014542|0.044439|3.0560, lr=0.0018, time=08.151582
-----------------------------

Epoch 51: loss=0.9999|0.5064, acc=100.0000|90.9894, fr=0.5625, cin|cout=0.014543|0.044436|3.0555, lr=0.0018, time=07.844865
-----------------------------

Epoch 52: loss=0.9992|0.5122, acc=100.0000|90.7686, fr=0.5637, cin|cout=0.014544|0.044435|3.0553, lr=0.0018, time=07.793701
-----------------------------

Epoch 53: loss=0.9985|0.5081, acc=100.0000|90.4594, fr=0.5638, cin|cout=0.014542|0.044439|3.0558, lr=0.0018, time=08.353041
-----------------------------

Epoch 54: loss=0.9982|0.5078, acc=100.0000|90.4594, fr=0.5633, cin|cout=0.014542|0.044440|3.0560, lr=0.0012, time=07.978541
-----------------------------

Epoch 55: loss=0.9978|0.5197, acc=100.0000|90.1060, fr=0.5645, cin|cout=0.014542|0.044441|3.0561, lr=0.0012, time=07.852947
-----------------------------

Epoch 56: loss=0.9992|0.5134, acc=100.0000|90.8127, fr=0.5649, cin|cout=0.014542|0.044441|3.0561, lr=0.0012, time=07.932033
-----------------------------

Epoch 57: loss=0.9982|0.5157, acc=100.0000|90.5477, fr=0.5653, cin|cout=0.014542|0.044446|3.0564, lr=0.0012, time=07.990337
-----------------------------

Epoch 58: loss=0.9977|0.5120, acc=100.0000|90.4594, fr=0.5658, cin|cout=0.014542|0.044447|3.0564, lr=0.0012, time=08.125713
-----------------------------

Epoch 59: loss=0.9975|0.5118, acc=100.0000|90.2827, fr=0.5661, cin|cout=0.014542|0.044442|3.0561, lr=0.0012, time=07.855904
-----------------------------

Epoch 60: loss=0.9972|0.5121, acc=100.0000|90.6360, fr=0.5658, cin|cout=0.014542|0.044437|3.0556, lr=0.0009, time=07.761738
-----------------------------

Epoch 61: loss=0.9971|0.5144, acc=100.0000|90.1943, fr=0.5664, cin|cout=0.014543|0.044431|3.0552, lr=0.0009, time=07.887538
-----------------------------

Epoch 62: loss=0.9967|0.5153, acc=100.0000|90.5477, fr=0.5675, cin|cout=0.014543|0.044431|3.0552, lr=0.0009, time=07.855910
-----------------------------

Epoch 63: loss=0.9971|0.5093, acc=100.0000|90.3710, fr=0.5684, cin|cout=0.014543|0.044432|3.0551, lr=0.0009, time=07.800128
-----------------------------

Epoch 64: loss=0.9966|0.5204, acc=100.0000|90.0618, fr=0.5693, cin|cout=0.014543|0.044434|3.0553, lr=0.0009, time=07.765965
-----------------------------

Epoch 65: loss=0.9963|0.5186, acc=100.0000|90.1502, fr=0.5704, cin|cout=0.014544|0.044433|3.0551, lr=0.0009, time=07.880898
-----------------------------

Epoch 66: loss=0.9967|0.5194, acc=100.0000|90.1060, fr=0.5705, cin|cout=0.014544|0.044432|3.0550, lr=0.0006, time=07.824586
-----------------------------

Epoch 67: loss=0.9964|0.5100, acc=100.0000|90.4594, fr=0.5704, cin|cout=0.014544|0.044432|3.0550, lr=0.0006, time=07.806182
-----------------------------

Epoch 68: loss=0.9959|0.5122, acc=100.0000|90.1502, fr=0.5702, cin|cout=0.014544|0.044431|3.0549, lr=0.0006, time=07.849882
-----------------------------

Epoch 69: loss=0.9959|0.5136, acc=100.0000|90.1060, fr=0.5707, cin|cout=0.014545|0.044428|3.0546, lr=0.0006, time=07.859366
-----------------------------

Epoch 70: loss=0.9959|0.5153, acc=100.0000|90.3710, fr=0.5713, cin|cout=0.014544|0.044429|3.0547, lr=0.0006, time=07.770824
-----------------------------

Epoch 71: loss=0.9961|0.5175, acc=100.0000|90.7244, fr=0.5715, cin|cout=0.014544|0.044435|3.0551, lr=0.0006, time=07.869310
-----------------------------

Epoch 72: loss=0.9961|0.5162, acc=100.0000|90.3710, fr=0.5717, cin|cout=0.014544|0.044436|3.0552, lr=0.0004, time=07.857131
-----------------------------

Epoch 73: loss=0.9957|0.5194, acc=100.0000|90.2385, fr=0.5717, cin|cout=0.014544|0.044433|3.0550, lr=0.0004, time=08.445383
-----------------------------

Epoch 74: loss=0.9959|0.5214, acc=100.0000|90.2827, fr=0.5723, cin|cout=0.014545|0.044433|3.0548, lr=0.0004, time=07.804841
-----------------------------

Epoch 75: loss=0.9955|0.5236, acc=100.0000|90.2385, fr=0.5727, cin|cout=0.014545|0.044430|3.0546, lr=0.0004, time=08.092193
-----------------------------

Epoch 76: loss=0.9954|0.5139, acc=100.0000|90.1943, fr=0.5737, cin|cout=0.014545|0.044426|3.0545, lr=0.0004, time=08.402746
-----------------------------

Epoch 77: loss=0.9963|0.5165, acc=100.0000|90.5477, fr=0.5747, cin|cout=0.014544|0.044422|3.0543, lr=0.0004, time=08.208401
-----------------------------

Epoch 78: loss=0.9964|0.5192, acc=100.0000|90.2827, fr=0.5752, cin|cout=0.014544|0.044421|3.0542, lr=0.0003, time=08.146202
-----------------------------

Epoch 79: loss=0.9958|0.5128, acc=100.0000|90.3269, fr=0.5749, cin|cout=0.014544|0.044422|3.0543, lr=0.0003, time=08.048998
-----------------------------

Epoch 80: loss=0.9959|0.5198, acc=100.0000|90.0177, fr=0.5747, cin|cout=0.014544|0.044423|3.0544, lr=0.0003, time=07.726483
-----------------------------

Epoch 81: loss=0.9957|0.5219, acc=100.0000|90.2385, fr=0.5747, cin|cout=0.014544|0.044422|3.0543, lr=0.0003, time=07.852220
-----------------------------

Epoch 82: loss=0.9953|0.5218, acc=100.0000|90.5035, fr=0.5743, cin|cout=0.014544|0.044421|3.0541, lr=0.0003, time=07.751039
-----------------------------

Epoch 83: loss=0.9957|0.5165, acc=100.0000|90.3710, fr=0.5747, cin|cout=0.014544|0.044422|3.0542, lr=0.0003, time=07.653245
-----------------------------

Epoch 84: loss=0.9952|0.5142, acc=100.0000|90.3710, fr=0.5749, cin|cout=0.014544|0.044424|3.0544, lr=0.0002, time=07.825585
-----------------------------

Epoch 85: loss=0.9951|0.5180, acc=100.0000|90.7244, fr=0.5751, cin|cout=0.014544|0.044424|3.0544, lr=0.0002, time=07.680830
-----------------------------

Epoch 86: loss=0.9951|0.5197, acc=100.0000|90.2385, fr=0.5752, cin|cout=0.014544|0.044425|3.0545, lr=0.0002, time=07.664178
-----------------------------

Epoch 87: loss=0.9948|0.5164, acc=100.0000|90.3710, fr=0.5753, cin|cout=0.014544|0.044425|3.0545, lr=0.0002, time=07.686826
-----------------------------

Epoch 88: loss=0.9952|0.5163, acc=100.0000|90.3710, fr=0.5753, cin|cout=0.014544|0.044426|3.0546, lr=0.0002, time=07.647854
-----------------------------

Epoch 89: loss=0.9946|0.5188, acc=100.0000|90.2827, fr=0.5752, cin|cout=0.014544|0.044425|3.0545, lr=0.0002, time=07.644828
-----------------------------

Epoch 90: loss=0.9949|0.5213, acc=100.0000|90.2827, fr=0.5755, cin|cout=0.014544|0.044426|3.0545, lr=0.0001, time=07.630929
-----------------------------

Epoch 91: loss=0.9948|0.5176, acc=100.0000|90.0618, fr=0.5756, cin|cout=0.014544|0.044426|3.0545, lr=0.0001, time=07.842614
-----------------------------

Epoch 92: loss=0.9946|0.5197, acc=100.0000|90.4152, fr=0.5754, cin|cout=0.014544|0.044426|3.0545, lr=0.0001, time=07.878866
-----------------------------

Epoch 93: loss=0.9944|0.5193, acc=100.0000|90.3710, fr=0.5757, cin|cout=0.014544|0.044426|3.0546, lr=0.0001, time=08.417834
-----------------------------

Epoch 94: loss=0.9950|0.5218, acc=100.0000|90.1502, fr=0.5757, cin|cout=0.014544|0.044426|3.0545, lr=0.0001, time=08.604496
-----------------------------

Epoch 95: loss=0.9948|0.5194, acc=100.0000|90.3269, fr=0.5757, cin|cout=0.014544|0.044426|3.0545, lr=0.0001, time=08.002035
-----------------------------

Epoch 96: loss=0.9945|0.5262, acc=100.0000|90.3269, fr=0.5761, cin|cout=0.014545|0.044424|3.0543, lr=0.0001, time=08.681305
-----------------------------

Epoch 97: loss=0.9945|0.5203, acc=100.0000|90.6802, fr=0.5765, cin|cout=0.014545|0.044424|3.0543, lr=0.0001, time=07.785468
-----------------------------

Epoch 98: loss=0.9948|0.5191, acc=100.0000|90.3710, fr=0.5766, cin|cout=0.014545|0.044425|3.0543, lr=0.0001, time=08.161273
-----------------------------

Epoch 99: loss=0.9945|0.5190, acc=100.0000|90.1502, fr=0.5768, cin|cout=0.014545|0.044425|3.0543, lr=0.0001, time=08.341557
-----------------------------

Epoch 100: loss=0.9945|0.5225, acc=100.0000|90.5035, fr=0.5768, cin|cout=0.014545|0.044425|3.0543, lr=0.0001, time=08.222970
-----------------------------


Best valid acc at epoch 11: 91.21024734982332

------ Training finished ------


**************  Trial 2  **************
Epoch 0: cin|cout=0.001491|0.014018|9.4015
-----------------------------

Epoch 1: loss=6.8286|5.2488, acc=28.9725|14.7527, fr=0.5609, cin|cout=0.007900|0.030268|3.8315, lr=0.0150, time=08.110652
-----------------------------

Epoch 2: loss=4.0927|1.9869, acc=30.1373|49.2933, fr=0.4256, cin|cout=0.011409|0.034877|3.0570, lr=0.0150, time=08.145430
-----------------------------

Epoch 3: loss=2.4141|1.3318, acc=61.5988|68.3746, fr=0.3989, cin|cout=0.012810|0.035667|2.7842, lr=0.0150, time=07.949568
-----------------------------

Epoch 4: loss=1.9532|0.9313, acc=75.0245|73.1007, fr=0.4467, cin|cout=0.013331|0.036100|2.7079, lr=0.0150, time=08.471232
-----------------------------

Epoch 5: loss=1.6680|0.6092, acc=84.8823|82.8180, fr=0.4735, cin|cout=0.013600|0.036549|2.6874, lr=0.0150, time=08.139471
-----------------------------

Epoch 6: loss=1.4602|0.5739, acc=90.1054|83.7456, fr=0.4932, cin|cout=0.013782|0.036692|2.6622, lr=0.0150, time=07.966099
-----------------------------

Epoch 7: loss=1.4188|0.5249, acc=91.5400|83.8339, fr=0.4860, cin|cout=0.013947|0.036599|2.6241, lr=0.0150, time=07.980415
-----------------------------

Epoch 8: loss=1.3827|0.4678, acc=92.8151|87.5883, fr=0.5187, cin|cout=0.014065|0.037003|2.6309, lr=0.0150, time=07.872686

Best model saved with valid acc=87.58833922261483
-----------------------------

Epoch 9: loss=1.2957|0.4458, acc=95.0589|88.9576, fr=0.5108, cin|cout=0.014110|0.037126|2.6312, lr=0.0150, time=08.525634

Best model saved with valid acc=88.95759717314488
-----------------------------

Epoch 10: loss=1.2741|0.5524, acc=96.1010|85.4682, fr=0.4953, cin|cout=0.014197|0.036952|2.6028, lr=0.0150, time=08.179723
-----------------------------

Epoch 11: loss=1.2367|0.4437, acc=97.2168|89.2226, fr=0.4925, cin|cout=0.014250|0.036944|2.5925, lr=0.0150, time=08.271834

Best model saved with valid acc=89.2226148409894
-----------------------------

Epoch 12: loss=1.2052|0.4956, acc=98.0260|87.5883, fr=0.4919, cin|cout=0.014254|0.036977|2.5941, lr=0.0150, time=08.165744
-----------------------------

Epoch 13: loss=1.1744|0.4418, acc=98.7616|89.6643, fr=0.4943, cin|cout=0.014271|0.036992|2.5922, lr=0.0150, time=08.134210

Best model saved with valid acc=89.66431095406361
-----------------------------

Epoch 14: loss=1.1561|0.4969, acc=98.9210|87.8092, fr=0.5002, cin|cout=0.014322|0.037278|2.6028, lr=0.0150, time=08.367096
-----------------------------

Epoch 15: loss=1.1381|0.4301, acc=98.9578|90.1060, fr=0.5043, cin|cout=0.014335|0.037407|2.6094, lr=0.0150, time=07.991234

Best model saved with valid acc=90.10600706713781
-----------------------------

Epoch 16: loss=1.1159|0.4633, acc=99.4483|90.2385, fr=0.5001, cin|cout=0.014350|0.037335|2.6018, lr=0.0150, time=08.296433

Best model saved with valid acc=90.23851590106007
-----------------------------

Epoch 17: loss=1.1069|0.4595, acc=99.4728|90.8569, fr=0.4989, cin|cout=0.014363|0.037226|2.5918, lr=0.0150, time=08.040693

Best model saved with valid acc=90.85689045936395
-----------------------------

Epoch 18: loss=1.1159|0.4304, acc=99.4605|91.0336, fr=0.5083, cin|cout=0.014385|0.037166|2.5837, lr=0.0150, time=08.222119

Best model saved with valid acc=91.03356890459364
-----------------------------

Epoch 19: loss=1.1137|0.4471, acc=99.3624|90.3269, fr=0.4994, cin|cout=0.014388|0.037069|2.5764, lr=0.0150, time=08.077377
-----------------------------

Epoch 20: loss=1.0959|0.4768, acc=99.6935|89.4876, fr=0.4930, cin|cout=0.014406|0.036984|2.5673, lr=0.0150, time=08.074548
-----------------------------

Epoch 21: loss=1.1100|0.4675, acc=99.7793|90.8127, fr=0.4990, cin|cout=0.014410|0.037055|2.5714, lr=0.0150, time=08.496691
-----------------------------

Epoch 22: loss=1.1734|0.4796, acc=99.8406|90.2827, fr=0.4999, cin|cout=0.014430|0.036929|2.5591, lr=0.0150, time=08.276348
-----------------------------

Epoch 23: loss=1.1377|0.4403, acc=99.6322|89.8852, fr=0.5226, cin|cout=0.014583|0.036911|2.5311, lr=0.0150, time=08.010364
-----------------------------

Epoch 24: loss=1.1090|0.4395, acc=99.6812|90.7686, fr=0.5261, cin|cout=0.014666|0.036934|2.5183, lr=0.0150, time=08.072648
-----------------------------

Epoch 25: loss=1.1377|0.4769, acc=99.8038|90.9011, fr=0.5320, cin|cout=0.014672|0.037086|2.5277, lr=0.0105, time=07.958240
-----------------------------

Epoch 26: loss=1.1586|0.4778, acc=99.7793|90.3710, fr=0.5289, cin|cout=0.014725|0.037166|2.5240, lr=0.0105, time=07.711843
-----------------------------

Epoch 27: loss=1.0886|0.4390, acc=99.8897|91.3428, fr=0.5315, cin|cout=0.014741|0.037198|2.5235, lr=0.0105, time=07.652936

Best model saved with valid acc=91.34275618374558
-----------------------------

Epoch 28: loss=1.0596|0.4475, acc=99.9877|92.2261, fr=0.5268, cin|cout=0.014739|0.037211|2.5247, lr=0.0105, time=07.681575

Best model saved with valid acc=92.226148409894
-----------------------------

Epoch 29: loss=1.0500|0.4660, acc=99.9877|91.6519, fr=0.5312, cin|cout=0.014733|0.037317|2.5329, lr=0.0105, time=07.782602
-----------------------------

Epoch 30: loss=1.0453|0.4644, acc=100.0000|91.2544, fr=0.5311, cin|cout=0.014734|0.037343|2.5344, lr=0.0105, time=07.739700
-----------------------------

Epoch 31: loss=1.0399|0.4665, acc=100.0000|91.5636, fr=0.5321, cin|cout=0.014732|0.037387|2.5378, lr=0.0105, time=07.743132
-----------------------------

Epoch 32: loss=1.0358|0.4922, acc=100.0000|90.5035, fr=0.5348, cin|cout=0.014734|0.037302|2.5318, lr=0.0105, time=07.665562
-----------------------------

Epoch 33: loss=1.0348|0.4953, acc=100.0000|90.4594, fr=0.5367, cin|cout=0.014737|0.037242|2.5271, lr=0.0105, time=07.662557
-----------------------------

Epoch 34: loss=1.0441|0.4963, acc=99.9877|90.8127, fr=0.5484, cin|cout=0.014736|0.037298|2.5311, lr=0.0105, time=07.701059
-----------------------------

Epoch 35: loss=1.0392|0.4897, acc=100.0000|91.0777, fr=0.5490, cin|cout=0.014735|0.037308|2.5319, lr=0.0073, time=07.634666
-----------------------------

Epoch 36: loss=1.0350|0.4902, acc=100.0000|91.2544, fr=0.5477, cin|cout=0.014734|0.037335|2.5339, lr=0.0073, time=07.686314
-----------------------------

Epoch 37: loss=1.0333|0.4829, acc=100.0000|91.4753, fr=0.5492, cin|cout=0.014735|0.037336|2.5338, lr=0.0073, time=08.180473
-----------------------------

Epoch 38: loss=1.0330|0.4941, acc=100.0000|91.2102, fr=0.5521, cin|cout=0.014736|0.037337|2.5337, lr=0.0073, time=07.837487
-----------------------------

Epoch 39: loss=1.0359|0.4761, acc=100.0000|92.0495, fr=0.5517, cin|cout=0.014734|0.037363|2.5358, lr=0.0073, time=07.979376
-----------------------------

Epoch 40: loss=1.0365|0.4844, acc=100.0000|91.5194, fr=0.5481, cin|cout=0.014734|0.037387|2.5375, lr=0.0073, time=07.867077
-----------------------------

Epoch 41: loss=1.0344|0.4934, acc=100.0000|91.5194, fr=0.5501, cin|cout=0.014735|0.037395|2.5378, lr=0.0051, time=07.939781
-----------------------------

Epoch 42: loss=1.0306|0.4811, acc=100.0000|91.9611, fr=0.5494, cin|cout=0.014738|0.037369|2.5356, lr=0.0051, time=07.837109
-----------------------------

Epoch 43: loss=1.0312|0.4840, acc=100.0000|91.6078, fr=0.5509, cin|cout=0.014742|0.037331|2.5323, lr=0.0051, time=07.654514
-----------------------------

Epoch 44: loss=1.0295|0.4879, acc=100.0000|91.5194, fr=0.5557, cin|cout=0.014742|0.037337|2.5326, lr=0.0051, time=07.824212
-----------------------------

Epoch 45: loss=1.0280|0.4914, acc=100.0000|91.6519, fr=0.5561, cin|cout=0.014741|0.037344|2.5333, lr=0.0051, time=07.760561
-----------------------------

Epoch 46: loss=1.0264|0.4907, acc=100.0000|91.6519, fr=0.5560, cin|cout=0.014741|0.037333|2.5327, lr=0.0051, time=07.700448
-----------------------------

Epoch 47: loss=1.0242|0.4815, acc=100.0000|91.8728, fr=0.5563, cin|cout=0.014741|0.037329|2.5322, lr=0.0036, time=07.743625
-----------------------------

Epoch 48: loss=1.0219|0.4848, acc=100.0000|91.9611, fr=0.5580, cin|cout=0.014741|0.037341|2.5332, lr=0.0036, time=07.615395
-----------------------------

Epoch 49: loss=1.0217|0.4809, acc=100.0000|91.9170, fr=0.5591, cin|cout=0.014740|0.037353|2.5340, lr=0.0036, time=07.664835
-----------------------------

Epoch 50: loss=1.0217|0.4875, acc=100.0000|91.6961, fr=0.5585, cin|cout=0.014736|0.037399|2.5379, lr=0.0036, time=07.899532
-----------------------------

Epoch 51: loss=1.0259|0.4797, acc=100.0000|92.1820, fr=0.5582, cin|cout=0.014733|0.037464|2.5429, lr=0.0036, time=07.749783
-----------------------------

Epoch 52: loss=1.0261|0.4670, acc=100.0000|92.0053, fr=0.5585, cin|cout=0.014734|0.037443|2.5413, lr=0.0036, time=07.818265
-----------------------------

Epoch 53: loss=1.0299|0.4865, acc=100.0000|91.9170, fr=0.5600, cin|cout=0.014735|0.037421|2.5395, lr=0.0025, time=07.671954
-----------------------------

Epoch 54: loss=1.0248|0.4892, acc=100.0000|91.6519, fr=0.5594, cin|cout=0.014736|0.037418|2.5392, lr=0.0025, time=07.794110
-----------------------------

Epoch 55: loss=1.0244|0.4804, acc=100.0000|91.7845, fr=0.5597, cin|cout=0.014736|0.037426|2.5398, lr=0.0025, time=08.222092
-----------------------------

Epoch 56: loss=1.0244|0.4871, acc=100.0000|91.5636, fr=0.5618, cin|cout=0.014736|0.037424|2.5396, lr=0.0025, time=08.252724
-----------------------------

Epoch 57: loss=1.0237|0.4895, acc=100.0000|92.0495, fr=0.5617, cin|cout=0.014737|0.037420|2.5392, lr=0.0025, time=08.018487
-----------------------------

Epoch 58: loss=1.0233|0.4882, acc=100.0000|91.9170, fr=0.5632, cin|cout=0.014737|0.037418|2.5391, lr=0.0025, time=07.696937
-----------------------------

Epoch 59: loss=1.0228|0.4857, acc=100.0000|92.0053, fr=0.5628, cin|cout=0.014737|0.037413|2.5387, lr=0.0018, time=07.859169
-----------------------------

Epoch 60: loss=1.0226|0.4827, acc=100.0000|92.0936, fr=0.5638, cin|cout=0.014738|0.037409|2.5383, lr=0.0018, time=07.867933
-----------------------------

Epoch 61: loss=1.0223|0.4906, acc=100.0000|92.0495, fr=0.5648, cin|cout=0.014738|0.037407|2.5382, lr=0.0018, time=08.192776
-----------------------------

Epoch 62: loss=1.0220|0.4893, acc=100.0000|91.8286, fr=0.5641, cin|cout=0.014738|0.037408|2.5382, lr=0.0018, time=07.954239
-----------------------------

Epoch 63: loss=1.0218|0.4923, acc=100.0000|91.7845, fr=0.5649, cin|cout=0.014738|0.037409|2.5383, lr=0.0018, time=07.837009
-----------------------------

Epoch 64: loss=1.0220|0.4912, acc=100.0000|91.7403, fr=0.5660, cin|cout=0.014738|0.037411|2.5384, lr=0.0018, time=07.844695
-----------------------------

Epoch 65: loss=1.0220|0.4924, acc=100.0000|91.8728, fr=0.5664, cin|cout=0.014739|0.037408|2.5381, lr=0.0012, time=07.847235
-----------------------------

Epoch 66: loss=1.0215|0.4919, acc=100.0000|91.6078, fr=0.5666, cin|cout=0.014739|0.037413|2.5384, lr=0.0012, time=07.840952
-----------------------------

Epoch 67: loss=1.0201|0.4912, acc=100.0000|91.6519, fr=0.5661, cin|cout=0.014739|0.037413|2.5384, lr=0.0012, time=08.334319
-----------------------------

Epoch 68: loss=1.0181|0.4943, acc=100.0000|91.3428, fr=0.5664, cin|cout=0.014739|0.037410|2.5382, lr=0.0012, time=08.054034
-----------------------------

Epoch 69: loss=1.0169|0.4938, acc=100.0000|91.7845, fr=0.5665, cin|cout=0.014739|0.037408|2.5381, lr=0.0012, time=07.833781
-----------------------------

Epoch 70: loss=1.0160|0.4922, acc=100.0000|91.8728, fr=0.5668, cin|cout=0.014739|0.037406|2.5379, lr=0.0012, time=07.787442
-----------------------------

Epoch 71: loss=1.0156|0.4935, acc=100.0000|92.0495, fr=0.5669, cin|cout=0.014739|0.037403|2.5377, lr=0.0009, time=08.108059
-----------------------------

Epoch 72: loss=1.0156|0.4971, acc=100.0000|91.7403, fr=0.5674, cin|cout=0.014739|0.037401|2.5375, lr=0.0009, time=08.091436
-----------------------------

Epoch 73: loss=1.0151|0.4950, acc=100.0000|92.0053, fr=0.5672, cin|cout=0.014740|0.037398|2.5372, lr=0.0009, time=08.030979
-----------------------------

Epoch 74: loss=1.0145|0.4920, acc=100.0000|92.1820, fr=0.5674, cin|cout=0.014740|0.037394|2.5369, lr=0.0009, time=07.998613
-----------------------------

Epoch 75: loss=1.0138|0.4979, acc=100.0000|91.7845, fr=0.5672, cin|cout=0.014741|0.037392|2.5367, lr=0.0009, time=08.179281
-----------------------------

Epoch 76: loss=1.0118|0.4934, acc=100.0000|92.1378, fr=0.5673, cin|cout=0.014741|0.037387|2.5363, lr=0.0009, time=08.085340
-----------------------------

Epoch 77: loss=1.0111|0.4992, acc=100.0000|91.9611, fr=0.5670, cin|cout=0.014741|0.037385|2.5361, lr=0.0006, time=07.772479
-----------------------------

Epoch 78: loss=1.0109|0.4905, acc=100.0000|91.5194, fr=0.5677, cin|cout=0.014741|0.037383|2.5359, lr=0.0006, time=07.660425
-----------------------------

Epoch 79: loss=1.0107|0.4916, acc=100.0000|91.7845, fr=0.5684, cin|cout=0.014742|0.037385|2.5360, lr=0.0006, time=07.640463
-----------------------------

Epoch 80: loss=1.0109|0.4979, acc=100.0000|91.6961, fr=0.5688, cin|cout=0.014742|0.037385|2.5361, lr=0.0006, time=07.685269
-----------------------------

Epoch 81: loss=1.0111|0.4931, acc=100.0000|91.7403, fr=0.5684, cin|cout=0.014742|0.037387|2.5361, lr=0.0006, time=07.764599
-----------------------------

Epoch 82: loss=1.0109|0.4939, acc=100.0000|91.7403, fr=0.5683, cin|cout=0.014742|0.037388|2.5363, lr=0.0006, time=08.181635
-----------------------------

Epoch 83: loss=1.0108|0.4927, acc=100.0000|92.3145, fr=0.5685, cin|cout=0.014742|0.037388|2.5362, lr=0.0004, time=07.813286

Best model saved with valid acc=92.31448763250883
-----------------------------

Epoch 84: loss=1.0107|0.4953, acc=100.0000|92.0053, fr=0.5691, cin|cout=0.014742|0.037390|2.5363, lr=0.0004, time=07.750666
-----------------------------

Epoch 85: loss=1.0105|0.4943, acc=100.0000|92.2261, fr=0.5691, cin|cout=0.014742|0.037389|2.5363, lr=0.0004, time=07.671846
-----------------------------

Epoch 86: loss=1.0105|0.4991, acc=100.0000|91.6078, fr=0.5692, cin|cout=0.014742|0.037391|2.5364, lr=0.0004, time=07.605843
-----------------------------

Epoch 87: loss=1.0105|0.4924, acc=100.0000|92.0495, fr=0.5695, cin|cout=0.014742|0.037389|2.5362, lr=0.0004, time=07.646744
-----------------------------

Epoch 88: loss=1.0106|0.4917, acc=100.0000|92.0053, fr=0.5695, cin|cout=0.014742|0.037387|2.5361, lr=0.0004, time=07.637132
-----------------------------

Epoch 89: loss=1.0104|0.4950, acc=100.0000|91.6519, fr=0.5692, cin|cout=0.014742|0.037388|2.5361, lr=0.0004, time=07.717780
-----------------------------

Epoch 90: loss=1.0106|0.4936, acc=100.0000|92.2261, fr=0.5692, cin|cout=0.014742|0.037388|2.5361, lr=0.0003, time=07.664057
-----------------------------

Epoch 91: loss=1.0107|0.4994, acc=100.0000|91.4753, fr=0.5695, cin|cout=0.014743|0.037381|2.5355, lr=0.0003, time=07.804827
-----------------------------

Epoch 92: loss=1.0110|0.4890, acc=100.0000|92.1820, fr=0.5701, cin|cout=0.014743|0.037379|2.5353, lr=0.0003, time=07.665682
-----------------------------

Epoch 93: loss=1.0109|0.4951, acc=100.0000|92.0495, fr=0.5705, cin|cout=0.014743|0.037376|2.5351, lr=0.0003, time=08.017840
-----------------------------

Epoch 94: loss=1.0106|0.4940, acc=100.0000|91.8728, fr=0.5706, cin|cout=0.014743|0.037375|2.5351, lr=0.0003, time=07.842512
-----------------------------

Epoch 95: loss=1.0104|0.4985, acc=100.0000|92.1378, fr=0.5706, cin|cout=0.014743|0.037374|2.5350, lr=0.0003, time=07.868826
-----------------------------

Epoch 96: loss=1.0104|0.4987, acc=100.0000|91.7845, fr=0.5705, cin|cout=0.014743|0.037375|2.5351, lr=0.0002, time=07.713562
-----------------------------

Epoch 97: loss=1.0103|0.4972, acc=100.0000|91.7845, fr=0.5707, cin|cout=0.014743|0.037375|2.5351, lr=0.0002, time=07.732796
-----------------------------

Epoch 98: loss=1.0103|0.4942, acc=100.0000|91.9611, fr=0.5706, cin|cout=0.014743|0.037377|2.5353, lr=0.0002, time=07.606188
-----------------------------

