===== Exp configuration =====
date:		08-22-00-09
save_dir:		./log/08-22-00-09
dataset_name:		shd
data_folder:		./data/raw/
input_dim:		700
output_dim:		20
nb_steps:		100
trials:		50
scheduler_patience:		5
scheduler_factor:		0.7
lens:		0.5
gamma:		0.5
gradient_type:		linear
scale:		6.0
hight:		0.15
best_acc:		92
batch_size:		512
nb_epochs:		30
lr:		0.015
weight_decay:		1e-05
reg_factor:		0.5
reg_fmin:		0.01
reg_fmax:		0.1
fr_ent:		0.1
seed:		100
ckpt_freq:		-1
threshold:		1.0
smoothing:		0.1
pdrop:		0.1
normalization:		batchnorm
train_input:		True
nb_hiddens:		1024
noise_test:		0.0
device:		cuda:0

Created new spiking model:
 RC(
  (W): Linear(in_features=700, out_features=1024, bias=True)
  (V): Linear(in_features=1024, out_features=1024, bias=False)
  (read): Linear(in_features=1024, out_features=20, bias=True)
  (norm): BatchNorm1d(1024, eps=1e-05, momentum=0.05, affine=True, track_running_stats=True)
  (norm_read): BatchNorm1d(20, eps=1e-05, momentum=0.05, affine=True, track_running_stats=True)
  (drop): Dropout(p=0.1, inplace=False)
)

Total number of trainable parameters is 1793104

**************  Trial 1  **************
Epoch 0: cin|cout=0.001488|0.014372|9.6601
-----------------------------

Epoch 1: loss=7.0879|5.9024, acc=23.6390|17.3145, fr=0.6045, cin|cout=0.007782|0.035005|4.4985, lr=0.0150, time=08.998591
-----------------------------

Epoch 2: loss=4.0697|2.0520, acc=28.2124|48.1007, fr=0.4123, cin|cout=0.011409|0.041512|3.6386, lr=0.0150, time=07.660071
-----------------------------

Epoch 3: loss=2.5206|1.2093, acc=55.7872|68.3746, fr=0.3932, cin|cout=0.012774|0.043548|3.4092, lr=0.0150, time=07.642808
-----------------------------

Epoch 4: loss=1.8772|0.7241, acc=72.3884|80.0353, fr=0.4310, cin|cout=0.013326|0.044418|3.3333, lr=0.0150, time=07.645950
-----------------------------

Epoch 5: loss=1.5477|0.4889, acc=83.9014|87.9859, fr=0.4486, cin|cout=0.013642|0.044497|3.2618, lr=0.0150, time=07.653471
-----------------------------

Epoch 6: loss=1.4173|0.5008, acc=88.8426|84.9823, fr=0.4646, cin|cout=0.013833|0.044725|3.2331, lr=0.0150, time=07.639960
-----------------------------

Epoch 7: loss=1.4373|0.5189, acc=91.0863|86.6608, fr=0.4667, cin|cout=0.014007|0.044780|3.1971, lr=0.0150, time=08.197372
-----------------------------

Epoch 8: loss=1.4799|0.4598, acc=92.5454|87.4117, fr=0.4766, cin|cout=0.014164|0.044431|3.1368, lr=0.0150, time=07.658798
-----------------------------

Epoch 9: loss=1.3589|0.4456, acc=94.8995|89.4876, fr=0.5017, cin|cout=0.014286|0.044228|3.0960, lr=0.0150, time=07.689381
-----------------------------

Epoch 10: loss=1.2486|0.4406, acc=95.9171|89.0901, fr=0.5039, cin|cout=0.014329|0.044330|3.0937, lr=0.0150, time=08.302106
-----------------------------

Epoch 11: loss=1.1842|0.3833, acc=96.8735|91.2102, fr=0.4994, cin|cout=0.014347|0.044517|3.1028, lr=0.0150, time=08.341162
-----------------------------

Epoch 12: loss=1.1652|0.4893, acc=98.0750|87.7650, fr=0.5026, cin|cout=0.014392|0.044457|3.0891, lr=0.0150, time=07.851089
-----------------------------

Epoch 13: loss=1.1321|0.4328, acc=98.5777|90.3269, fr=0.5079, cin|cout=0.014421|0.044453|3.0826, lr=0.0150, time=07.776324
-----------------------------

Epoch 14: loss=1.1098|0.4290, acc=98.9333|89.3110, fr=0.5068, cin|cout=0.014422|0.044443|3.0817, lr=0.0150, time=07.738946
-----------------------------

Epoch 15: loss=1.1027|0.4413, acc=99.3624|89.9293, fr=0.5044, cin|cout=0.014449|0.044271|3.0639, lr=0.0150, time=07.767535
-----------------------------

Epoch 16: loss=1.1154|0.4565, acc=99.3747|89.0459, fr=0.5078, cin|cout=0.014473|0.044218|3.0553, lr=0.0150, time=07.803075
-----------------------------

Epoch 17: loss=1.1014|0.4655, acc=99.2766|90.6802, fr=0.5097, cin|cout=0.014498|0.044385|3.0615, lr=0.0150, time=07.831182
-----------------------------

Epoch 18: loss=1.0880|0.4211, acc=99.5586|90.8569, fr=0.5116, cin|cout=0.014498|0.044421|3.0639, lr=0.0105, time=07.811989
-----------------------------

Epoch 19: loss=1.0772|0.4746, acc=99.7670|89.7968, fr=0.5165, cin|cout=0.014499|0.044429|3.0642, lr=0.0105, time=07.738790
-----------------------------

Epoch 20: loss=1.0664|0.4561, acc=99.8406|90.5477, fr=0.5178, cin|cout=0.014504|0.044435|3.0636, lr=0.0105, time=07.742333
-----------------------------

Epoch 21: loss=1.0603|0.4732, acc=99.8774|89.7527, fr=0.5185, cin|cout=0.014508|0.044329|3.0554, lr=0.0105, time=07.864546
-----------------------------

Epoch 22: loss=1.0549|0.4845, acc=99.9510|90.3269, fr=0.5232, cin|cout=0.014511|0.044375|3.0580, lr=0.0105, time=07.737221
-----------------------------

Epoch 23: loss=1.0530|0.4570, acc=99.9264|90.7244, fr=0.5243, cin|cout=0.014516|0.044355|3.0556, lr=0.0105, time=07.752594
-----------------------------

Epoch 24: loss=1.0519|0.4661, acc=99.9510|90.4594, fr=0.5263, cin|cout=0.014515|0.044369|3.0567, lr=0.0073, time=07.866319
-----------------------------

Epoch 25: loss=1.0412|0.4683, acc=99.9632|90.7686, fr=0.5312, cin|cout=0.014516|0.044393|3.0583, lr=0.0073, time=07.749773
-----------------------------

Epoch 26: loss=1.0388|0.4773, acc=99.9632|90.7244, fr=0.5326, cin|cout=0.014517|0.044404|3.0587, lr=0.0073, time=07.785632
-----------------------------

Epoch 27: loss=1.0377|0.4841, acc=99.9632|91.1219, fr=0.5319, cin|cout=0.014522|0.044377|3.0559, lr=0.0073, time=07.740666
-----------------------------

Epoch 28: loss=1.0317|0.4881, acc=99.9755|90.5919, fr=0.5345, cin|cout=0.014524|0.044408|3.0575, lr=0.0073, time=07.752033
-----------------------------

Epoch 29: loss=1.0266|0.4824, acc=99.9755|91.0336, fr=0.5379, cin|cout=0.014525|0.044437|3.0593, lr=0.0073, time=07.769668
-----------------------------

Epoch 30: loss=1.0299|0.5008, acc=99.9877|90.1943, fr=0.5382, cin|cout=0.014531|0.044444|3.0585, lr=0.0051, time=07.742294
-----------------------------


Best valid acc at epoch 0: 92

------ Training finished ------


**************  Trial 2  **************
Epoch 0: cin|cout=0.001491|0.014018|9.4015
-----------------------------

Epoch 1: loss=6.8286|5.2488, acc=28.9725|14.7527, fr=0.5609, cin|cout=0.007900|0.030268|3.8315, lr=0.0150, time=07.932371
-----------------------------

Epoch 2: loss=4.0927|1.9869, acc=30.1373|49.2933, fr=0.4256, cin|cout=0.011409|0.034877|3.0570, lr=0.0150, time=07.809011
-----------------------------

Epoch 3: loss=2.4141|1.3318, acc=61.5988|68.3746, fr=0.3989, cin|cout=0.012810|0.035667|2.7842, lr=0.0150, time=07.804036
-----------------------------

Epoch 4: loss=1.9532|0.9313, acc=75.0245|73.1007, fr=0.4467, cin|cout=0.013331|0.036100|2.7079, lr=0.0150, time=07.776508
-----------------------------

Epoch 5: loss=1.6680|0.6092, acc=84.8823|82.8180, fr=0.4735, cin|cout=0.013600|0.036549|2.6874, lr=0.0150, time=07.822675
-----------------------------

Epoch 6: loss=1.4602|0.5739, acc=90.1054|83.7456, fr=0.4932, cin|cout=0.013782|0.036692|2.6622, lr=0.0150, time=07.824906
-----------------------------

Epoch 7: loss=1.4188|0.5249, acc=91.5400|83.8339, fr=0.4860, cin|cout=0.013947|0.036599|2.6241, lr=0.0150, time=07.845958
-----------------------------

Epoch 8: loss=1.3827|0.4678, acc=92.8151|87.5883, fr=0.5187, cin|cout=0.014065|0.037003|2.6309, lr=0.0150, time=07.825945
-----------------------------

Epoch 9: loss=1.2957|0.4458, acc=95.0589|88.9576, fr=0.5108, cin|cout=0.014110|0.037126|2.6312, lr=0.0150, time=07.868076
-----------------------------

Epoch 10: loss=1.2741|0.5524, acc=96.1010|85.4682, fr=0.4953, cin|cout=0.014197|0.036952|2.6028, lr=0.0150, time=07.790790
-----------------------------

Epoch 11: loss=1.2367|0.4437, acc=97.2168|89.2226, fr=0.4925, cin|cout=0.014250|0.036944|2.5925, lr=0.0150, time=07.763393
-----------------------------

Epoch 12: loss=1.2052|0.4956, acc=98.0260|87.5883, fr=0.4919, cin|cout=0.014254|0.036977|2.5941, lr=0.0150, time=07.872622
-----------------------------

Epoch 13: loss=1.1744|0.4418, acc=98.7616|89.6643, fr=0.4943, cin|cout=0.014271|0.036992|2.5922, lr=0.0150, time=07.847290
-----------------------------

Epoch 14: loss=1.1561|0.4969, acc=98.9210|87.8092, fr=0.5002, cin|cout=0.014322|0.037278|2.6028, lr=0.0150, time=07.758297
-----------------------------

Epoch 15: loss=1.1381|0.4301, acc=98.9578|90.1060, fr=0.5043, cin|cout=0.014335|0.037407|2.6094, lr=0.0150, time=07.789163
-----------------------------

Epoch 16: loss=1.1159|0.4633, acc=99.4483|90.2385, fr=0.5001, cin|cout=0.014350|0.037335|2.6018, lr=0.0150, time=07.772692
-----------------------------

Epoch 17: loss=1.1069|0.4595, acc=99.4728|90.8569, fr=0.4989, cin|cout=0.014363|0.037226|2.5918, lr=0.0150, time=07.784754
-----------------------------

Epoch 18: loss=1.1159|0.4304, acc=99.4605|91.0336, fr=0.5083, cin|cout=0.014385|0.037166|2.5837, lr=0.0150, time=08.078655
-----------------------------

Epoch 19: loss=1.1137|0.4471, acc=99.3624|90.3269, fr=0.4994, cin|cout=0.014388|0.037069|2.5764, lr=0.0150, time=08.336113
-----------------------------

Epoch 20: loss=1.0959|0.4768, acc=99.6935|89.4876, fr=0.4930, cin|cout=0.014406|0.036984|2.5673, lr=0.0150, time=07.847335
-----------------------------

Epoch 21: loss=1.1100|0.4675, acc=99.7793|90.8127, fr=0.4990, cin|cout=0.014410|0.037055|2.5714, lr=0.0150, time=07.818777
-----------------------------

Epoch 22: loss=1.1734|0.4796, acc=99.8406|90.2827, fr=0.4999, cin|cout=0.014430|0.036929|2.5591, lr=0.0150, time=08.209334
-----------------------------

Epoch 23: loss=1.1377|0.4403, acc=99.6322|89.8852, fr=0.5226, cin|cout=0.014583|0.036911|2.5311, lr=0.0150, time=07.830836
-----------------------------

Epoch 24: loss=1.1090|0.4395, acc=99.6812|90.7686, fr=0.5261, cin|cout=0.014666|0.036934|2.5183, lr=0.0150, time=08.311773
-----------------------------

Epoch 25: loss=1.1377|0.4769, acc=99.8038|90.9011, fr=0.5320, cin|cout=0.014672|0.037086|2.5277, lr=0.0105, time=08.128092
-----------------------------

Epoch 26: loss=1.1586|0.4778, acc=99.7793|90.3710, fr=0.5289, cin|cout=0.014725|0.037166|2.5240, lr=0.0105, time=07.922655
-----------------------------

Epoch 27: loss=1.0886|0.4390, acc=99.8897|91.3428, fr=0.5315, cin|cout=0.014741|0.037198|2.5235, lr=0.0105, time=07.931845
-----------------------------

Epoch 28: loss=1.0596|0.4475, acc=99.9877|92.2261, fr=0.5268, cin|cout=0.014739|0.037211|2.5247, lr=0.0105, time=07.848553

Best model saved with valid acc=92.226148409894
-----------------------------

Epoch 29: loss=1.0500|0.4660, acc=99.9877|91.6519, fr=0.5312, cin|cout=0.014733|0.037317|2.5329, lr=0.0105, time=07.978799
-----------------------------

Epoch 30: loss=1.0453|0.4644, acc=100.0000|91.2544, fr=0.5311, cin|cout=0.014734|0.037343|2.5344, lr=0.0105, time=07.749746
-----------------------------


Best valid acc at epoch 28: 92.226148409894

------ Training finished ------


**************  Trial 3  **************
Epoch 0: cin|cout=0.001436|0.015607|10.8677
-----------------------------

Epoch 1: loss=6.0034|5.5137, acc=29.0216|14.0901, fr=0.5593, cin|cout=0.007764|0.031113|4.0074, lr=0.0150, time=07.903870
-----------------------------

Epoch 2: loss=3.8014|1.5384, acc=30.1128|52.9594, fr=0.4298, cin|cout=0.010881|0.036634|3.3668, lr=0.0150, time=08.243580
-----------------------------

Epoch 3: loss=2.1689|0.8790, acc=62.9720|74.6908, fr=0.4447, cin|cout=0.012069|0.039207|3.2487, lr=0.0150, time=08.230984
-----------------------------

Epoch 4: loss=1.7093|0.6316, acc=78.9603|81.0512, fr=0.4775, cin|cout=0.012596|0.039933|3.1703, lr=0.0150, time=07.837501
-----------------------------

Epoch 5: loss=1.5316|0.5844, acc=84.2570|84.8940, fr=0.4796, cin|cout=0.012909|0.040683|3.1514, lr=0.0150, time=07.840295
-----------------------------

Epoch 6: loss=1.3945|0.5354, acc=89.2717|85.6890, fr=0.4914, cin|cout=0.013122|0.040806|3.1098, lr=0.0150, time=08.307108
-----------------------------

Epoch 7: loss=1.2824|0.4965, acc=93.2688|85.9099, fr=0.4942, cin|cout=0.013247|0.041041|3.0982, lr=0.0150, time=08.276222
-----------------------------

Epoch 8: loss=1.2108|0.4820, acc=95.0589|87.1908, fr=0.5010, cin|cout=0.013317|0.041376|3.1071, lr=0.0150, time=08.573635
-----------------------------

Epoch 9: loss=1.1469|0.4645, acc=96.6773|89.0459, fr=0.5095, cin|cout=0.013372|0.041247|3.0846, lr=0.0150, time=09.892936
-----------------------------

Epoch 10: loss=1.1162|0.4359, acc=97.4743|89.1343, fr=0.5088, cin|cout=0.013408|0.041266|3.0776, lr=0.0150, time=10.239577
-----------------------------

Epoch 11: loss=1.1021|0.4718, acc=97.9156|87.5883, fr=0.5120, cin|cout=0.013437|0.041420|3.0825, lr=0.0150, time=08.519674
-----------------------------

Epoch 12: loss=1.2315|0.5657, acc=96.1501|82.0671, fr=0.5329, cin|cout=0.013761|0.042433|3.0836, lr=0.0150, time=08.359792
-----------------------------

Epoch 13: loss=1.2857|0.4624, acc=96.0029|87.5883, fr=0.5781, cin|cout=0.014230|0.043722|3.0725, lr=0.0150, time=08.415567
-----------------------------

Epoch 14: loss=1.1798|0.4231, acc=97.6949|90.1943, fr=0.5863, cin|cout=0.014355|0.044064|3.0697, lr=0.0150, time=08.030852
-----------------------------

Epoch 15: loss=1.1611|0.4312, acc=98.6881|90.6802, fr=0.5795, cin|cout=0.014396|0.044460|3.0885, lr=0.0150, time=08.589195
-----------------------------

Epoch 16: loss=1.1555|0.4808, acc=98.7003|89.4876, fr=0.5759, cin|cout=0.014444|0.044749|3.0980, lr=0.0150, time=08.233721
-----------------------------

Epoch 17: loss=1.1400|0.4120, acc=99.2398|90.9452, fr=0.5650, cin|cout=0.014453|0.045101|3.1205, lr=0.0150, time=07.864499
-----------------------------

Epoch 18: loss=1.2680|0.4319, acc=99.3747|90.6802, fr=0.5495, cin|cout=0.014475|0.045081|3.1143, lr=0.0150, time=08.270699
-----------------------------

Epoch 19: loss=1.1887|0.4266, acc=99.5096|91.0777, fr=0.5551, cin|cout=0.014524|0.045208|3.1126, lr=0.0150, time=08.190957
-----------------------------

Epoch 20: loss=1.1070|0.4588, acc=99.6199|89.3110, fr=0.5528, cin|cout=0.014532|0.045330|3.1192, lr=0.0150, time=07.885650
-----------------------------

Epoch 21: loss=1.0863|0.4628, acc=99.8161|90.7686, fr=0.5523, cin|cout=0.014528|0.045410|3.1256, lr=0.0150, time=08.865687
-----------------------------

Epoch 22: loss=1.0814|0.4579, acc=99.9019|91.1219, fr=0.5590, cin|cout=0.014519|0.045526|3.1357, lr=0.0150, time=08.031779
-----------------------------

Epoch 23: loss=1.0596|0.4827, acc=99.9632|90.3710, fr=0.5626, cin|cout=0.014521|0.045543|3.1364, lr=0.0150, time=07.913260
-----------------------------

Epoch 24: loss=1.0513|0.4706, acc=99.9877|90.1943, fr=0.5687, cin|cout=0.014534|0.045561|3.1347, lr=0.0150, time=08.373104
-----------------------------

Epoch 25: loss=1.0526|0.4706, acc=99.9387|90.9452, fr=0.5688, cin|cout=0.014568|0.045473|3.1214, lr=0.0150, time=07.697983
-----------------------------

Epoch 26: loss=1.1437|0.4987, acc=99.9632|89.7527, fr=0.5679, cin|cout=0.014607|0.045639|3.1245, lr=0.0150, time=07.652514
-----------------------------

Epoch 27: loss=1.0652|0.4801, acc=99.9387|91.0777, fr=0.5782, cin|cout=0.014619|0.045758|3.1300, lr=0.0150, time=07.805090
-----------------------------

Epoch 28: loss=1.0420|0.4385, acc=100.0000|91.4753, fr=0.5691, cin|cout=0.014623|0.045803|3.1323, lr=0.0150, time=07.684915
-----------------------------

Epoch 29: loss=1.0658|0.4610, acc=99.9142|90.5919, fr=0.5709, cin|cout=0.014612|0.045954|3.1450, lr=0.0150, time=07.664653
-----------------------------

Epoch 30: loss=1.0500|0.4611, acc=99.9632|90.9452, fr=0.5760, cin|cout=0.014619|0.046110|3.1541, lr=0.0150, time=07.791480
-----------------------------


Best valid acc at epoch 0: 92

------ Training finished ------


**************  Trial 4  **************
Epoch 0: cin|cout=0.001529|0.012798|8.3698
-----------------------------

Epoch 1: loss=7.3003|4.4990, acc=22.8298|12.3233, fr=0.6250, cin|cout=0.007887|0.031526|3.9973, lr=0.0150, time=08.103555
-----------------------------

Epoch 2: loss=3.6876|2.0035, acc=31.7435|47.7915, fr=0.4118, cin|cout=0.011030|0.038491|3.4895, lr=0.0150, time=07.913822
-----------------------------

Epoch 3: loss=2.3551|1.2164, acc=60.9858|68.8163, fr=0.4056, cin|cout=0.012101|0.040035|3.3085, lr=0.0150, time=07.894798
-----------------------------

Epoch 4: loss=1.9080|0.8594, acc=74.6812|75.0883, fr=0.4581, cin|cout=0.012465|0.040871|3.2790, lr=0.0150, time=07.886309
-----------------------------

Epoch 5: loss=1.6458|0.5933, acc=84.6861|82.6413, fr=0.4696, cin|cout=0.012641|0.041710|3.2996, lr=0.0150, time=07.883200
-----------------------------

Epoch 6: loss=1.5018|0.5768, acc=89.2227|83.0389, fr=0.4649, cin|cout=0.012829|0.042575|3.3187, lr=0.0150, time=08.379810
-----------------------------

Epoch 7: loss=1.3847|0.5864, acc=92.1775|81.4488, fr=0.4689, cin|cout=0.013060|0.042690|3.2687, lr=0.0150, time=07.619284
-----------------------------

Epoch 8: loss=1.3691|0.6545, acc=91.9446|81.7138, fr=0.4678, cin|cout=0.013202|0.043154|3.2688, lr=0.0150, time=07.651371
-----------------------------

Epoch 9: loss=1.3812|0.5235, acc=92.5944|84.8940, fr=0.4776, cin|cout=0.013494|0.043487|3.2227, lr=0.0150, time=07.673513
-----------------------------

Epoch 10: loss=1.3331|0.4692, acc=95.9049|87.0141, fr=0.4852, cin|cout=0.013579|0.043729|3.2203, lr=0.0150, time=08.174204
-----------------------------

Epoch 11: loss=1.2185|0.5071, acc=97.5110|86.5283, fr=0.4831, cin|cout=0.013611|0.043717|3.2119, lr=0.0150, time=07.819162
-----------------------------

Epoch 12: loss=1.3001|0.4689, acc=97.1555|87.0583, fr=0.4870, cin|cout=0.013736|0.044332|3.2273, lr=0.0150, time=07.837933
-----------------------------

Epoch 13: loss=1.2974|0.4527, acc=97.6091|89.0018, fr=0.5048, cin|cout=0.013789|0.044958|3.2604, lr=0.0150, time=07.784717
-----------------------------

Epoch 14: loss=1.1660|0.4482, acc=98.0873|88.8693, fr=0.5029, cin|cout=0.013813|0.045337|3.2823, lr=0.0150, time=07.952705
-----------------------------

Epoch 15: loss=1.1267|0.4970, acc=98.6636|88.4717, fr=0.5078, cin|cout=0.013848|0.045355|3.2752, lr=0.0150, time=08.645303
-----------------------------

Epoch 16: loss=1.1715|0.4302, acc=98.5655|88.2509, fr=0.5019, cin|cout=0.013937|0.046119|3.3091, lr=0.0150, time=08.577539
-----------------------------

Epoch 17: loss=1.2440|0.4512, acc=98.5287|89.1784, fr=0.5420, cin|cout=0.014102|0.046824|3.3204, lr=0.0150, time=07.767326
-----------------------------

Epoch 18: loss=1.1535|0.4182, acc=98.9701|90.3269, fr=0.5413, cin|cout=0.014139|0.047055|3.3281, lr=0.0150, time=07.771747
-----------------------------

Epoch 19: loss=1.1058|0.4348, acc=99.4728|91.2102, fr=0.5337, cin|cout=0.014183|0.047095|3.3205, lr=0.0150, time=07.674588
-----------------------------

Epoch 20: loss=1.0910|0.4598, acc=99.7057|89.9735, fr=0.5212, cin|cout=0.014223|0.047018|3.3058, lr=0.0150, time=07.703486
-----------------------------

Epoch 21: loss=1.0801|0.4579, acc=99.8038|90.2385, fr=0.5238, cin|cout=0.014236|0.046922|3.2959, lr=0.0150, time=07.737690
-----------------------------

Epoch 22: loss=1.0641|0.4828, acc=99.8406|90.2827, fr=0.5298, cin|cout=0.014243|0.046957|3.2969, lr=0.0150, time=08.055668
-----------------------------

Epoch 23: loss=1.0552|0.4692, acc=99.9264|90.3710, fr=0.5328, cin|cout=0.014247|0.046965|3.2965, lr=0.0150, time=08.532279
-----------------------------

Epoch 24: loss=1.0534|0.6399, acc=99.9019|86.3958, fr=0.5378, cin|cout=0.014241|0.047067|3.3050, lr=0.0150, time=08.445993
-----------------------------

Epoch 25: loss=1.1717|0.4429, acc=97.8789|89.0459, fr=0.5492, cin|cout=0.014667|0.047552|3.2420, lr=0.0150, time=08.656614
-----------------------------

Epoch 26: loss=1.1063|0.4749, acc=99.3992|88.2951, fr=0.5420, cin|cout=0.014761|0.047880|3.2436, lr=0.0105, time=34.252905
-----------------------------

Epoch 27: loss=1.0877|0.4847, acc=99.6812|89.1784, fr=0.5447, cin|cout=0.014799|0.047881|3.2355, lr=0.0105, time=49.393211
-----------------------------

Epoch 28: loss=1.0734|0.5024, acc=99.8529|89.2668, fr=0.5440, cin|cout=0.014811|0.047896|3.2338, lr=0.0105, time=08.180923
-----------------------------

Epoch 29: loss=1.0594|0.4826, acc=99.9387|90.5919, fr=0.5472, cin|cout=0.014809|0.047977|3.2396, lr=0.0105, time=08.338084
-----------------------------

Epoch 30: loss=1.0512|0.4635, acc=99.9755|90.6802, fr=0.5468, cin|cout=0.014803|0.048041|3.2453, lr=0.0105, time=08.017451
-----------------------------


Best valid acc at epoch 0: 92

------ Training finished ------


**************  Trial 5  **************
Epoch 0: cin|cout=0.001532|0.014532|9.4843
-----------------------------

Epoch 1: loss=6.2150|5.9253, acc=28.3472|13.3834, fr=0.5350, cin|cout=0.007916|0.034089|4.3062, lr=0.0150, time=09.187422
-----------------------------

Epoch 2: loss=4.9282|2.4114, acc=24.1295|42.7562, fr=0.4040, cin|cout=0.011154|0.040664|3.6459, lr=0.0150, time=09.333438
-----------------------------

Epoch 3: loss=3.2388|1.7850, acc=49.1785|58.2597, fr=0.3757, cin|cout=0.012512|0.042772|3.4186, lr=0.0150, time=08.726629
-----------------------------

Epoch 4: loss=2.7138|1.3989, acc=64.1368|71.6431, fr=0.3897, cin|cout=0.013070|0.043961|3.3635, lr=0.0150, time=08.822823
-----------------------------

Epoch 5: loss=2.1637|1.0286, acc=73.5900|77.1201, fr=0.3877, cin|cout=0.013275|0.044184|3.3285, lr=0.0150, time=08.163376
-----------------------------

Epoch 6: loss=1.8540|0.8440, acc=83.1535|82.8180, fr=0.4031, cin|cout=0.013396|0.044521|3.3235, lr=0.0150, time=08.046234
-----------------------------

Epoch 7: loss=1.6916|0.8057, acc=86.5130|81.0512, fr=0.3986, cin|cout=0.013472|0.044851|3.3293, lr=0.0150, time=08.242385
-----------------------------

Epoch 8: loss=1.5481|0.5162, acc=90.3507|85.3357, fr=0.3931, cin|cout=0.013627|0.044918|3.2962, lr=0.0150, time=08.172667
-----------------------------

Epoch 9: loss=1.4611|0.4273, acc=92.4595|88.6926, fr=0.4178, cin|cout=0.013782|0.044852|3.2543, lr=0.0150, time=08.077316
-----------------------------

Epoch 10: loss=1.3785|0.3868, acc=95.1447|90.2827, fr=0.4198, cin|cout=0.013854|0.044890|3.2403, lr=0.0150, time=08.055775
-----------------------------

Epoch 11: loss=1.3446|0.4435, acc=96.2482|88.5601, fr=0.4228, cin|cout=0.013880|0.045071|3.2472, lr=0.0150, time=08.065395
-----------------------------

Epoch 12: loss=1.3062|0.4014, acc=96.9593|90.5035, fr=0.4240, cin|cout=0.013870|0.045352|3.2698, lr=0.0150, time=08.109908
-----------------------------

Epoch 13: loss=1.3240|0.3711, acc=97.7440|91.6961, fr=0.4233, cin|cout=0.013882|0.045306|3.2635, lr=0.0150, time=08.032552
-----------------------------

Epoch 14: loss=1.3534|0.3789, acc=98.5410|92.4028, fr=0.4292, cin|cout=0.013910|0.045200|3.2494, lr=0.0150, time=08.132971

Best model saved with valid acc=92.40282685512368
-----------------------------

Epoch 15: loss=1.2668|0.3772, acc=98.5777|92.8004, fr=0.4301, cin|cout=0.013913|0.045200|3.2488, lr=0.0150, time=08.258672

Best model saved with valid acc=92.80035335689045
-----------------------------

Epoch 16: loss=1.2316|0.4477, acc=99.0436|89.3110, fr=0.4293, cin|cout=0.013908|0.045242|3.2529, lr=0.0150, time=08.208219
-----------------------------

Epoch 17: loss=1.2352|0.3839, acc=99.3134|92.4028, fr=0.4249, cin|cout=0.013896|0.045348|3.2635, lr=0.0150, time=09.026521
-----------------------------

Epoch 18: loss=1.2228|0.3740, acc=99.4237|93.1095, fr=0.4316, cin|cout=0.013913|0.045246|3.2519, lr=0.0150, time=08.419013

Best model saved with valid acc=93.1095406360424
-----------------------------

Epoch 19: loss=1.2094|0.4188, acc=99.5954|91.0777, fr=0.4401, cin|cout=0.013922|0.045239|3.2496, lr=0.0150, time=08.624985
-----------------------------

Epoch 20: loss=1.1936|0.3980, acc=99.7916|91.5194, fr=0.4404, cin|cout=0.013916|0.045335|3.2579, lr=0.0150, time=08.151640
-----------------------------

Epoch 21: loss=1.1840|0.3928, acc=99.8651|92.9329, fr=0.4475, cin|cout=0.013919|0.045330|3.2568, lr=0.0150, time=09.266746
-----------------------------

Epoch 22: loss=1.1983|0.4212, acc=99.6077|90.1060, fr=0.4817, cin|cout=0.013970|0.045468|3.2548, lr=0.0150, time=08.957027
-----------------------------

Epoch 23: loss=1.1931|0.4515, acc=99.7425|90.1060, fr=0.4812, cin|cout=0.013976|0.045477|3.2539, lr=0.0150, time=08.120919
-----------------------------

Epoch 24: loss=1.1796|0.4523, acc=99.8161|92.0495, fr=0.4719, cin|cout=0.013993|0.045322|3.2389, lr=0.0150, time=08.481048
-----------------------------

Epoch 25: loss=1.1993|0.4119, acc=99.6812|92.5353, fr=0.4579, cin|cout=0.014055|0.045000|3.2018, lr=0.0105, time=08.134043
-----------------------------

Epoch 26: loss=1.1804|0.4142, acc=99.9510|92.7562, fr=0.4604, cin|cout=0.014058|0.044984|3.1999, lr=0.0105, time=08.000258
-----------------------------

Epoch 27: loss=1.1683|0.4217, acc=99.9510|92.1378, fr=0.4609, cin|cout=0.014069|0.044981|3.1971, lr=0.0105, time=08.049238
-----------------------------

Epoch 28: loss=1.1769|0.4158, acc=99.9510|92.2703, fr=0.4701, cin|cout=0.014095|0.044991|3.1920, lr=0.0105, time=08.369283
-----------------------------

Epoch 29: loss=1.1684|0.4360, acc=99.9877|92.0495, fr=0.4733, cin|cout=0.014088|0.045084|3.2001, lr=0.0105, time=09.332936
-----------------------------

Epoch 30: loss=1.1608|0.4283, acc=99.9632|92.4912, fr=0.4760, cin|cout=0.014088|0.045103|3.2015, lr=0.0105, time=08.262577
-----------------------------


Best valid acc at epoch 18: 93.1095406360424

------ Training finished ------


**************  Trial 6  **************
Epoch 0: cin|cout=0.001478|0.015289|10.3468
-----------------------------

Epoch 1: loss=6.4053|3.9521, acc=24.4483|21.6873, fr=0.5788, cin|cout=0.007888|0.034227|4.3391, lr=0.0150, time=08.479058
-----------------------------

Epoch 2: loss=3.4274|1.5022, acc=39.6273|57.9947, fr=0.4374, cin|cout=0.010819|0.039973|3.6949, lr=0.0150, time=08.477050
-----------------------------

Epoch 3: loss=2.1473|0.7625, acc=65.3507|76.6343, fr=0.4554, cin|cout=0.011996|0.041569|3.4653, lr=0.0150, time=08.396334
-----------------------------

Epoch 4: loss=1.7748|0.5336, acc=78.8744|85.6007, fr=0.4784, cin|cout=0.012437|0.042562|3.4221, lr=0.0150, time=08.155324
-----------------------------

Epoch 5: loss=1.5985|0.4956, acc=87.0280|84.8940, fr=0.4775, cin|cout=0.012659|0.043334|3.4231, lr=0.0150, time=08.124814
-----------------------------

Epoch 6: loss=1.4644|0.4401, acc=92.0427|87.9417, fr=0.4803, cin|cout=0.012785|0.043459|3.3993, lr=0.0150, time=08.273289
-----------------------------

Epoch 7: loss=1.4237|0.4401, acc=94.3968|87.1466, fr=0.4865, cin|cout=0.012927|0.043264|3.3469, lr=0.0150, time=08.266533
-----------------------------

Epoch 8: loss=1.3717|0.3727, acc=95.9539|92.1820, fr=0.4993, cin|cout=0.013014|0.043137|3.3147, lr=0.0150, time=08.518461

Best model saved with valid acc=92.18197879858657
-----------------------------

Epoch 9: loss=1.3175|0.4375, acc=97.1555|89.3551, fr=0.4917, cin|cout=0.013032|0.043421|3.3318, lr=0.0150, time=09.172713
-----------------------------

Epoch 10: loss=1.2767|0.3977, acc=97.6827|91.5194, fr=0.4943, cin|cout=0.013047|0.043515|3.3354, lr=0.0150, time=09.283193
-----------------------------

Epoch 11: loss=1.2519|0.4012, acc=98.5532|91.5194, fr=0.5044, cin|cout=0.013084|0.043430|3.3194, lr=0.0150, time=08.094496
-----------------------------

Epoch 12: loss=1.3147|0.4050, acc=97.1432|88.9576, fr=0.5127, cin|cout=0.013640|0.043750|3.2075, lr=0.0150, time=08.274630
-----------------------------

Epoch 13: loss=1.3601|0.4235, acc=96.7754|89.5760, fr=0.5333, cin|cout=0.014022|0.044106|3.1455, lr=0.0150, time=08.108297
-----------------------------

Epoch 14: loss=1.2875|0.4020, acc=97.9892|90.5035, fr=0.5310, cin|cout=0.014182|0.044216|3.1177, lr=0.0150, time=08.109472
-----------------------------

Epoch 15: loss=1.2362|0.4265, acc=98.8475|91.1661, fr=0.5248, cin|cout=0.014201|0.044311|3.1202, lr=0.0105, time=08.134062
-----------------------------

Epoch 16: loss=1.2186|0.4437, acc=99.2276|91.2102, fr=0.5238, cin|cout=0.014208|0.044339|3.1208, lr=0.0105, time=07.984365
-----------------------------

Epoch 17: loss=1.2058|0.4256, acc=99.7303|91.8728, fr=0.5273, cin|cout=0.014219|0.044250|3.1120, lr=0.0105, time=08.150715
-----------------------------

Epoch 18: loss=1.1938|0.4605, acc=99.7057|91.2544, fr=0.5319, cin|cout=0.014227|0.044214|3.1077, lr=0.0105, time=07.928971
-----------------------------

Epoch 19: loss=1.1808|0.4430, acc=99.8161|91.6078, fr=0.5332, cin|cout=0.014235|0.044177|3.1034, lr=0.0105, time=07.926491
-----------------------------

Epoch 20: loss=1.1676|0.4570, acc=99.8406|91.1661, fr=0.5374, cin|cout=0.014232|0.044181|3.1044, lr=0.0105, time=07.946630
-----------------------------

Epoch 21: loss=1.1593|0.4342, acc=99.9264|92.0936, fr=0.5381, cin|cout=0.014227|0.044235|3.1094, lr=0.0073, time=07.980111
-----------------------------

Epoch 22: loss=1.1491|0.4397, acc=99.9632|92.5353, fr=0.5380, cin|cout=0.014229|0.044199|3.1062, lr=0.0073, time=07.984464

Best model saved with valid acc=92.53533568904594
-----------------------------

Epoch 23: loss=1.1638|0.4623, acc=99.9019|91.2986, fr=0.5435, cin|cout=0.014251|0.044114|3.0955, lr=0.0073, time=08.189930
-----------------------------

Epoch 24: loss=1.1911|0.4673, acc=99.8529|90.9894, fr=0.5426, cin|cout=0.014280|0.044110|3.0889, lr=0.0073, time=07.977717
-----------------------------

Epoch 25: loss=1.1518|0.4355, acc=99.8897|91.7403, fr=0.5392, cin|cout=0.014281|0.044124|3.0896, lr=0.0073, time=08.400892
-----------------------------

Epoch 26: loss=1.1430|0.4323, acc=99.9632|91.8286, fr=0.5407, cin|cout=0.014280|0.044197|3.0951, lr=0.0073, time=08.331908
-----------------------------

Epoch 27: loss=1.1378|0.4365, acc=99.9755|92.1820, fr=0.5445, cin|cout=0.014280|0.044245|3.0985, lr=0.0073, time=09.021791
-----------------------------

Epoch 28: loss=1.1291|0.4578, acc=99.9877|91.7403, fr=0.5475, cin|cout=0.014268|0.044328|3.1068, lr=0.0073, time=08.145894
-----------------------------

Epoch 29: loss=1.1262|0.4465, acc=99.9877|92.3587, fr=0.5456, cin|cout=0.014265|0.044377|3.1109, lr=0.0051, time=08.508734
-----------------------------

Epoch 30: loss=1.1272|0.4428, acc=99.9877|92.2261, fr=0.5486, cin|cout=0.014267|0.044368|3.1099, lr=0.0051, time=08.938727
-----------------------------


Best valid acc at epoch 22: 92.53533568904594

------ Training finished ------


**************  Trial 7  **************
Epoch 0: cin|cout=0.001387|0.013346|9.6211
-----------------------------

Epoch 1: loss=6.6880|4.7851, acc=27.6238|19.6996, fr=0.5910, cin|cout=0.007134|0.032352|4.5347, lr=0.0150, time=08.689589
-----------------------------

Epoch 2: loss=3.7610|1.6887, acc=37.1628|56.5813, fr=0.4478, cin|cout=0.010297|0.037888|3.6794, lr=0.0150, time=08.844267
-----------------------------

Epoch 3: loss=2.3298|0.9886, acc=63.6341|73.6749, fr=0.4357, cin|cout=0.011799|0.040241|3.4107, lr=0.0150, time=08.320585
-----------------------------

Epoch 4: loss=1.8248|0.6747, acc=76.1403|79.7703, fr=0.4641, cin|cout=0.012412|0.041030|3.3056, lr=0.0150, time=08.914462
-----------------------------

Epoch 5: loss=1.6020|0.5202, acc=85.9367|87.1908, fr=0.4715, cin|cout=0.012648|0.041203|3.2577, lr=0.0150, time=08.331747
-----------------------------

Epoch 6: loss=1.5104|0.5658, acc=89.0265|84.2756, fr=0.4794, cin|cout=0.012766|0.041243|3.2307, lr=0.0150, time=08.812607
-----------------------------

Epoch 7: loss=1.4179|0.4474, acc=92.3860|88.2951, fr=0.4751, cin|cout=0.012814|0.041207|3.2158, lr=0.0150, time=08.508234
-----------------------------

Epoch 8: loss=1.3517|0.4223, acc=95.4880|88.6042, fr=0.4703, cin|cout=0.012878|0.041120|3.1931, lr=0.0150, time=08.240462
-----------------------------

Epoch 9: loss=1.3298|0.4604, acc=96.4566|86.4841, fr=0.4775, cin|cout=0.012962|0.040799|3.1476, lr=0.0150, time=08.449647
-----------------------------

Epoch 10: loss=1.3440|0.4306, acc=96.6160|89.0459, fr=0.4751, cin|cout=0.013077|0.040693|3.1119, lr=0.0150, time=08.877787
-----------------------------

Epoch 11: loss=1.2689|0.4395, acc=97.6091|89.0018, fr=0.4745, cin|cout=0.013160|0.040663|3.0900, lr=0.0150, time=08.859119
-----------------------------

Epoch 12: loss=1.2572|0.4312, acc=98.2835|89.0901, fr=0.4814, cin|cout=0.013166|0.041014|3.1151, lr=0.0150, time=08.353179
-----------------------------

Epoch 13: loss=1.2383|0.3851, acc=98.7984|90.5477, fr=0.4953, cin|cout=0.013166|0.041216|3.1306, lr=0.0150, time=08.738756
-----------------------------

Epoch 14: loss=1.2211|0.3984, acc=99.0927|90.8127, fr=0.4950, cin|cout=0.013191|0.041204|3.1236, lr=0.0150, time=08.125591
-----------------------------

Epoch 15: loss=1.2937|0.5253, acc=98.8597|89.8852, fr=0.4834, cin|cout=0.013473|0.041551|3.0841, lr=0.0150, time=08.086380
-----------------------------

Epoch 16: loss=1.5463|0.4206, acc=97.1309|88.6042, fr=0.4724, cin|cout=0.014038|0.042671|3.0398, lr=0.0150, time=08.406366
-----------------------------

Epoch 17: loss=1.4391|0.4426, acc=98.0628|89.3551, fr=0.4959, cin|cout=0.014203|0.042939|3.0232, lr=0.0150, time=08.556914
-----------------------------

Epoch 18: loss=1.3031|0.4580, acc=98.8352|88.8693, fr=0.5019, cin|cout=0.014212|0.043732|3.0772, lr=0.0150, time=08.471033
-----------------------------

Epoch 19: loss=1.2356|0.5122, acc=98.9333|88.3392, fr=0.5074, cin|cout=0.014272|0.044018|3.0842, lr=0.0150, time=08.264570
-----------------------------

Epoch 20: loss=1.2016|0.4790, acc=99.5218|88.7809, fr=0.4965, cin|cout=0.014287|0.044046|3.0829, lr=0.0150, time=08.410568
-----------------------------

Epoch 21: loss=1.1759|0.4644, acc=99.7916|89.7968, fr=0.4939, cin|cout=0.014284|0.044081|3.0860, lr=0.0105, time=08.887486
-----------------------------

Epoch 22: loss=1.3056|0.4145, acc=98.9946|90.0618, fr=0.5312, cin|cout=0.014529|0.044197|3.0419, lr=0.0105, time=08.798735
-----------------------------

Epoch 23: loss=1.3094|0.4435, acc=99.1417|89.1784, fr=0.5647, cin|cout=0.014659|0.044632|3.0447, lr=0.0105, time=08.604375
-----------------------------

Epoch 24: loss=1.2688|0.4932, acc=99.5096|88.5601, fr=0.5672, cin|cout=0.014678|0.044864|3.0566, lr=0.0105, time=08.159510
-----------------------------

Epoch 25: loss=1.2522|0.4523, acc=99.8774|90.9452, fr=0.5668, cin|cout=0.014686|0.044867|3.0550, lr=0.0105, time=08.181497
-----------------------------

Epoch 26: loss=1.2419|0.4891, acc=99.8897|89.6643, fr=0.5663, cin|cout=0.014693|0.044827|3.0509, lr=0.0105, time=09.184757
-----------------------------

Epoch 27: loss=1.2363|0.4742, acc=99.9387|90.6360, fr=0.5642, cin|cout=0.014694|0.044792|3.0483, lr=0.0105, time=08.695385
-----------------------------

Epoch 28: loss=1.2316|0.4777, acc=99.9632|90.8127, fr=0.5640, cin|cout=0.014699|0.044765|3.0454, lr=0.0105, time=08.626562
-----------------------------

Epoch 29: loss=1.2194|0.4703, acc=99.9877|90.5919, fr=0.5664, cin|cout=0.014702|0.044757|3.0443, lr=0.0105, time=09.046032
-----------------------------

Epoch 30: loss=1.2167|0.4900, acc=100.0000|90.5919, fr=0.5694, cin|cout=0.014700|0.044787|3.0468, lr=0.0105, time=08.285436
-----------------------------


Best valid acc at epoch 0: 92

------ Training finished ------


**************  Trial 8  **************
Epoch 0: cin|cout=0.001489|0.014716|9.8855
-----------------------------

Epoch 1: loss=5.8289|6.3349, acc=31.5596|16.6519, fr=0.5297, cin|cout=0.007151|0.029634|4.1441, lr=0.0150, time=08.331950
-----------------------------

Epoch 2: loss=6.0891|3.2381, acc=18.5385|20.4505, fr=0.4281, cin|cout=0.010598|0.038215|3.6059, lr=0.0150, time=08.796414
-----------------------------

Epoch 3: loss=3.6546|2.0304, acc=35.6302|47.9240, fr=0.3770, cin|cout=0.012179|0.040949|3.3621, lr=0.0150, time=08.023885
-----------------------------

Epoch 4: loss=2.7383|1.4771, acc=55.6523|63.9134, fr=0.3681, cin|cout=0.012655|0.041878|3.3093, lr=0.0150, time=07.908082
-----------------------------

Epoch 5: loss=2.2415|1.0705, acc=69.3109|75.6625, fr=0.3853, cin|cout=0.012788|0.042582|3.3298, lr=0.0150, time=07.983937
-----------------------------

Epoch 6: loss=1.9725|0.7651, acc=78.4331|79.6820, fr=0.3939, cin|cout=0.012851|0.042670|3.3203, lr=0.0150, time=07.940880
-----------------------------

Epoch 7: loss=1.7259|0.6608, acc=83.3497|81.6254, fr=0.3937, cin|cout=0.012903|0.042924|3.3267, lr=0.0150, time=07.961586
-----------------------------

Epoch 8: loss=1.5903|0.7068, acc=87.9966|78.9311, fr=0.4041, cin|cout=0.012960|0.043576|3.3623, lr=0.0150, time=08.007763
-----------------------------

Epoch 9: loss=1.5403|0.5403, acc=89.5169|84.6731, fr=0.4050, cin|cout=0.013045|0.043549|3.3384, lr=0.0150, time=07.971853
-----------------------------

Epoch 10: loss=1.4494|0.4942, acc=93.1216|86.9258, fr=0.4098, cin|cout=0.013107|0.043391|3.3104, lr=0.0150, time=07.942407
-----------------------------

Epoch 11: loss=1.3553|0.4493, acc=94.8136|88.6484, fr=0.4083, cin|cout=0.013147|0.043493|3.3081, lr=0.0150, time=07.915084
-----------------------------

Epoch 12: loss=1.3113|0.4622, acc=96.3462|87.8975, fr=0.4106, cin|cout=0.013153|0.043807|3.3305, lr=0.0150, time=07.941478
-----------------------------

Epoch 13: loss=1.3706|0.4280, acc=97.0819|90.3269, fr=0.4168, cin|cout=0.013247|0.044101|3.3292, lr=0.0150, time=07.959833
-----------------------------

Epoch 14: loss=1.3068|0.4271, acc=97.5233|88.6484, fr=0.4296, cin|cout=0.013361|0.044259|3.3126, lr=0.0150, time=07.936244
-----------------------------

Epoch 15: loss=1.2660|0.4082, acc=98.1118|89.8410, fr=0.4303, cin|cout=0.013404|0.044266|3.3023, lr=0.0150, time=07.930145
-----------------------------

Epoch 16: loss=1.2419|0.4070, acc=98.4061|90.5035, fr=0.4345, cin|cout=0.013425|0.044294|3.2992, lr=0.0150, time=07.932452
-----------------------------

Epoch 17: loss=1.2266|0.4071, acc=98.8597|90.4594, fr=0.4325, cin|cout=0.013447|0.044184|3.2858, lr=0.0150, time=08.025686
-----------------------------

Epoch 18: loss=1.2214|0.4570, acc=99.1050|88.8693, fr=0.4360, cin|cout=0.013461|0.044257|3.2878, lr=0.0150, time=08.002131
-----------------------------

Epoch 19: loss=1.2254|0.4570, acc=98.9823|89.3110, fr=0.4341, cin|cout=0.013458|0.044397|3.2989, lr=0.0150, time=07.928098
-----------------------------

Epoch 20: loss=1.2227|0.4531, acc=99.2153|89.0901, fr=0.4277, cin|cout=0.013463|0.044575|3.3108, lr=0.0150, time=07.987808
-----------------------------

Epoch 21: loss=1.2160|0.3910, acc=99.0069|92.1820, fr=0.4297, cin|cout=0.013472|0.044623|3.3123, lr=0.0150, time=07.978627

Best model saved with valid acc=92.18197879858657
-----------------------------

Epoch 22: loss=1.1904|0.4371, acc=99.5096|90.9011, fr=0.4344, cin|cout=0.013481|0.044604|3.3087, lr=0.0150, time=08.042777
-----------------------------

Epoch 23: loss=1.1769|0.3919, acc=99.8038|92.0053, fr=0.4303, cin|cout=0.013489|0.044592|3.3057, lr=0.0150, time=08.024821
-----------------------------

Epoch 24: loss=1.1633|0.4144, acc=99.8161|91.2544, fr=0.4318, cin|cout=0.013501|0.044524|3.2979, lr=0.0150, time=07.992540
-----------------------------

Epoch 25: loss=1.1746|0.4225, acc=99.8897|90.9894, fr=0.4363, cin|cout=0.013530|0.044400|3.2815, lr=0.0150, time=08.002189
-----------------------------

Epoch 26: loss=1.1691|0.4417, acc=99.7548|91.0777, fr=0.4459, cin|cout=0.013560|0.044462|3.2789, lr=0.0150, time=07.903666
-----------------------------

Epoch 27: loss=1.1597|0.4450, acc=99.8897|91.4311, fr=0.4451, cin|cout=0.013570|0.044464|3.2766, lr=0.0150, time=07.918834
-----------------------------

Epoch 28: loss=1.1539|0.4383, acc=99.9019|91.7845, fr=0.4465, cin|cout=0.013562|0.044508|3.2818, lr=0.0105, time=07.961271
-----------------------------

Epoch 29: loss=1.1419|0.4349, acc=99.9755|90.5919, fr=0.4469, cin|cout=0.013558|0.044549|3.2857, lr=0.0105, time=07.949496
-----------------------------

Epoch 30: loss=1.1401|0.4184, acc=99.9510|92.0053, fr=0.4486, cin|cout=0.013560|0.044536|3.2844, lr=0.0105, time=07.904536
-----------------------------


Best valid acc at epoch 21: 92.18197879858657

------ Training finished ------


**************  Trial 9  **************
Epoch 0: cin|cout=0.001515|0.013599|8.9751
-----------------------------

Epoch 1: loss=7.0207|10.2189, acc=26.5326|12.8975, fr=0.6055, cin|cout=0.007166|0.032637|4.5547, lr=0.0150, time=08.069788
-----------------------------

Epoch 2: loss=4.9502|2.0806, acc=28.7518|38.8251, fr=0.4637, cin|cout=0.010245|0.039181|3.8245, lr=0.0150, time=07.939880
-----------------------------

Epoch 3: loss=2.7169|1.2759, acc=53.6905|67.5353, fr=0.4118, cin|cout=0.011269|0.041190|3.6551, lr=0.0150, time=07.919060
-----------------------------

Epoch 4: loss=2.2947|0.9284, acc=68.2320|75.2208, fr=0.4528, cin|cout=0.011858|0.040847|3.4447, lr=0.0150, time=07.908742
-----------------------------

Epoch 5: loss=2.1247|0.7045, acc=77.7832|80.3445, fr=0.4859, cin|cout=0.012141|0.041553|3.4226, lr=0.0150, time=07.950860
-----------------------------

Epoch 6: loss=1.8997|0.5441, acc=84.7965|84.4523, fr=0.5126, cin|cout=0.012309|0.042032|3.4148, lr=0.0150, time=08.012288
-----------------------------

Epoch 7: loss=1.6237|0.5950, acc=90.0564|83.6572, fr=0.5136, cin|cout=0.012365|0.042259|3.4176, lr=0.0150, time=07.916951
-----------------------------

Epoch 8: loss=1.5298|0.4251, acc=92.4841|89.6643, fr=0.5116, cin|cout=0.012390|0.042335|3.4170, lr=0.0150, time=08.038238
-----------------------------

Epoch 9: loss=1.4968|0.4722, acc=94.5439|87.9859, fr=0.5145, cin|cout=0.012410|0.042463|3.4216, lr=0.0150, time=08.021493
-----------------------------

Epoch 10: loss=1.4253|0.4330, acc=95.4389|88.7809, fr=0.5199, cin|cout=0.012416|0.042535|3.4258, lr=0.0150, time=07.924870
-----------------------------

Epoch 11: loss=1.4304|0.5088, acc=96.6896|86.7491, fr=0.5234, cin|cout=0.012421|0.042477|3.4197, lr=0.0150, time=07.936194
-----------------------------

Epoch 12: loss=1.3524|0.4463, acc=97.4743|89.3110, fr=0.5264, cin|cout=0.012411|0.042670|3.4381, lr=0.0150, time=08.220649
-----------------------------

Epoch 13: loss=1.3967|0.4865, acc=98.1731|87.9859, fr=0.5306, cin|cout=0.012403|0.042907|3.4595, lr=0.0150, time=08.428364
-----------------------------

Epoch 14: loss=1.3128|0.4201, acc=98.4429|90.0618, fr=0.5360, cin|cout=0.012419|0.042897|3.4540, lr=0.0150, time=08.132741
-----------------------------

Epoch 15: loss=1.2651|0.4110, acc=98.6881|91.4311, fr=0.5367, cin|cout=0.012444|0.043007|3.4562, lr=0.0150, time=08.151260
-----------------------------

Epoch 16: loss=1.2729|0.5008, acc=98.4919|88.7367, fr=0.5336, cin|cout=0.012445|0.043182|3.4699, lr=0.0150, time=08.352774
-----------------------------

Epoch 17: loss=1.4325|0.5044, acc=97.4375|89.1343, fr=0.5192, cin|cout=0.012540|0.043097|3.4368, lr=0.0150, time=08.848307
-----------------------------

Epoch 18: loss=1.6185|0.4692, acc=98.1486|89.3551, fr=0.5319, cin|cout=0.012641|0.042883|3.3923, lr=0.0150, time=08.697733
-----------------------------

Epoch 19: loss=1.4536|0.4503, acc=99.0191|89.6201, fr=0.5318, cin|cout=0.012676|0.042862|3.3814, lr=0.0150, time=08.420399
-----------------------------

Epoch 20: loss=1.3609|0.4252, acc=99.3256|91.4311, fr=0.5361, cin|cout=0.012697|0.042907|3.3793, lr=0.0150, time=08.518546
-----------------------------

Epoch 21: loss=1.2642|0.4826, acc=99.1050|88.4276, fr=0.5434, cin|cout=0.012744|0.043110|3.3828, lr=0.0150, time=08.553207
-----------------------------

Epoch 22: loss=1.2189|0.4236, acc=99.5463|91.1661, fr=0.5502, cin|cout=0.012742|0.043177|3.3885, lr=0.0105, time=08.414353
-----------------------------

Epoch 23: loss=1.2980|0.4795, acc=99.6077|89.8852, fr=0.5605, cin|cout=0.012751|0.043166|3.3853, lr=0.0105, time=08.990285
-----------------------------

Epoch 24: loss=1.3769|0.4395, acc=99.7303|91.0336, fr=0.5631, cin|cout=0.012764|0.043121|3.3784, lr=0.0105, time=08.959751
-----------------------------

Epoch 25: loss=1.2670|0.4752, acc=99.8161|90.1502, fr=0.5628, cin|cout=0.012776|0.043126|3.3756, lr=0.0105, time=08.613464
-----------------------------

Epoch 26: loss=1.4285|0.4663, acc=99.8283|90.7244, fr=0.5737, cin|cout=0.012826|0.043178|3.3664, lr=0.0105, time=08.757637
-----------------------------

Epoch 27: loss=1.3569|0.4595, acc=99.8774|90.1060, fr=0.5695, cin|cout=0.012837|0.043229|3.3676, lr=0.0105, time=08.419691
-----------------------------

Epoch 28: loss=1.2295|0.4308, acc=99.8406|91.7845, fr=0.5686, cin|cout=0.012837|0.043187|3.3643, lr=0.0073, time=09.227030
-----------------------------

Epoch 29: loss=1.1827|0.4206, acc=99.9510|92.2261, fr=0.5686, cin|cout=0.012839|0.043145|3.3604, lr=0.0073, time=08.363497

Best model saved with valid acc=92.226148409894
-----------------------------

Epoch 30: loss=1.1703|0.4410, acc=99.9510|90.9452, fr=0.5700, cin|cout=0.012839|0.043134|3.3596, lr=0.0073, time=08.286638
-----------------------------


Best valid acc at epoch 29: 92.226148409894

------ Training finished ------


**************  Trial 10  **************
Epoch 0: cin|cout=0.001482|0.014220|9.5942
-----------------------------

Epoch 1: loss=7.4905|6.1419, acc=20.9171|11.9700, fr=0.6597, cin|cout=0.007813|0.033268|4.2579, lr=0.0150, time=08.262679
-----------------------------

Epoch 2: loss=7.3506|3.4274, acc=15.5101|18.4629, fr=0.4255, cin|cout=0.011673|0.041084|3.5196, lr=0.0150, time=08.308701
-----------------------------

Epoch 3: loss=3.9556|1.9096, acc=31.7680|48.7633, fr=0.3274, cin|cout=0.013361|0.043690|3.2699, lr=0.0150, time=08.196500
-----------------------------

Epoch 4: loss=2.8849|1.3999, acc=50.9931|59.9382, fr=0.3564, cin|cout=0.013816|0.044420|3.2152, lr=0.0150, time=08.046693
-----------------------------

Epoch 5: loss=2.4251|1.0585, acc=63.4012|66.4753, fr=0.3854, cin|cout=0.013941|0.044922|3.2222, lr=0.0150, time=08.340892
-----------------------------

Epoch 6: loss=2.2406|0.9544, acc=69.3232|71.0689, fr=0.4144, cin|cout=0.014086|0.045585|3.2363, lr=0.0150, time=08.387942
-----------------------------

Epoch 7: loss=2.0544|0.7407, acc=75.4169|79.0636, fr=0.4402, cin|cout=0.014133|0.045882|3.2464, lr=0.0150, time=08.817820
-----------------------------

Epoch 8: loss=2.0755|0.6477, acc=80.2231|82.0230, fr=0.4470, cin|cout=0.014275|0.046086|3.2285, lr=0.0150, time=08.005301
-----------------------------

Epoch 9: loss=2.1220|0.5329, acc=84.6248|86.1307, fr=0.4614, cin|cout=0.014293|0.046254|3.2360, lr=0.0150, time=08.781832
-----------------------------

Epoch 10: loss=2.0065|0.5225, acc=87.4939|87.2792, fr=0.4793, cin|cout=0.014349|0.046219|3.2209, lr=0.0150, time=08.826824
-----------------------------

Epoch 11: loss=1.8664|0.5103, acc=89.2717|84.7173, fr=0.4887, cin|cout=0.014349|0.046340|3.2296, lr=0.0150, time=08.335647
-----------------------------

Epoch 12: loss=1.7878|0.4289, acc=91.4296|89.3551, fr=0.5116, cin|cout=0.014408|0.046314|3.2145, lr=0.0150, time=08.247578
-----------------------------

Epoch 13: loss=1.6990|0.4334, acc=92.3615|88.8693, fr=0.4890, cin|cout=0.014469|0.046084|3.1850, lr=0.0150, time=08.431188
-----------------------------

Epoch 14: loss=1.9607|0.4227, acc=93.3791|89.0018, fr=0.4925, cin|cout=0.014513|0.046362|3.1944, lr=0.0150, time=08.630976
-----------------------------

Epoch 15: loss=1.7759|0.3896, acc=94.1025|90.7244, fr=0.5054, cin|cout=0.014571|0.046299|3.1774, lr=0.0150, time=08.505622
-----------------------------

Epoch 16: loss=1.6630|0.3767, acc=96.0275|91.5194, fr=0.5079, cin|cout=0.014606|0.046298|3.1697, lr=0.0150, time=08.430740
-----------------------------

Epoch 17: loss=1.6070|0.3706, acc=97.0819|92.2703, fr=0.5068, cin|cout=0.014611|0.046555|3.1864, lr=0.0150, time=08.442039

Best model saved with valid acc=92.27031802120142
-----------------------------

Epoch 18: loss=1.5650|0.3914, acc=97.6582|91.4311, fr=0.5109, cin|cout=0.014633|0.046607|3.1851, lr=0.0150, time=08.572444
-----------------------------

Epoch 19: loss=1.5264|0.4089, acc=98.0996|89.9735, fr=0.5114, cin|cout=0.014641|0.046675|3.1880, lr=0.0150, time=08.128474
-----------------------------

Epoch 20: loss=1.5065|0.3634, acc=98.5042|92.7562, fr=0.5128, cin|cout=0.014646|0.046641|3.1846, lr=0.0150, time=08.193812

Best model saved with valid acc=92.75618374558304
-----------------------------

Epoch 21: loss=1.4882|0.3858, acc=98.9946|92.3145, fr=0.5194, cin|cout=0.014643|0.046632|3.1845, lr=0.0150, time=08.302427
-----------------------------

Epoch 22: loss=1.4787|0.3873, acc=99.0559|91.6078, fr=0.5241, cin|cout=0.014642|0.046616|3.1837, lr=0.0150, time=08.335228
-----------------------------

Epoch 23: loss=1.4728|0.3808, acc=99.2643|91.4753, fr=0.5271, cin|cout=0.014637|0.046697|3.1904, lr=0.0150, time=08.089769
-----------------------------

Epoch 24: loss=1.4702|0.4040, acc=99.2276|91.2544, fr=0.5292, cin|cout=0.014636|0.046760|3.1949, lr=0.0150, time=08.830358
-----------------------------

Epoch 25: loss=1.4578|0.3792, acc=99.4360|92.4912, fr=0.5313, cin|cout=0.014635|0.046690|3.1904, lr=0.0150, time=09.290481
-----------------------------

Epoch 26: loss=1.4546|0.4135, acc=99.5096|91.6961, fr=0.5300, cin|cout=0.014647|0.046596|3.1813, lr=0.0150, time=09.031135
-----------------------------

Epoch 27: loss=1.4457|0.3991, acc=99.6322|92.0936, fr=0.5299, cin|cout=0.014648|0.046560|3.1785, lr=0.0105, time=08.071978
-----------------------------

Epoch 28: loss=1.4341|0.3959, acc=99.7916|92.0936, fr=0.5252, cin|cout=0.014647|0.046563|3.1790, lr=0.0105, time=08.412413
-----------------------------

Epoch 29: loss=1.4276|0.4067, acc=99.7793|92.1378, fr=0.5303, cin|cout=0.014644|0.046585|3.1811, lr=0.0105, time=08.714097
-----------------------------

Epoch 30: loss=1.4291|0.4075, acc=99.8897|91.9611, fr=0.5367, cin|cout=0.014643|0.046607|3.1828, lr=0.0105, time=08.849760
-----------------------------


Best valid acc at epoch 20: 92.75618374558304

------ Training finished ------


**************  Trial 11  **************
Epoch 0: cin|cout=0.001520|0.013300|8.7484
-----------------------------

Epoch 1: loss=7.1926|3.7784, acc=22.8421|22.6148, fr=0.6129, cin|cout=0.007378|0.030593|4.1464, lr=0.0150, time=08.128990
-----------------------------

Epoch 2: loss=3.8228|1.8942, acc=31.2898|45.4064, fr=0.4255, cin|cout=0.010131|0.035768|3.5305, lr=0.0150, time=07.861247
-----------------------------

Epoch 3: loss=2.3079|1.1072, acc=56.3879|67.8445, fr=0.3965, cin|cout=0.011134|0.037934|3.4069, lr=0.0150, time=07.848839
-----------------------------

Epoch 4: loss=1.7990|0.7752, acc=73.7739|77.6943, fr=0.4381, cin|cout=0.011515|0.038621|3.3540, lr=0.0150, time=07.830996
-----------------------------

Epoch 5: loss=1.5512|0.6300, acc=83.3252|81.4488, fr=0.4676, cin|cout=0.011744|0.038908|3.3131, lr=0.0150, time=07.773188
-----------------------------

Epoch 6: loss=1.5146|0.5810, acc=86.8195|82.1113, fr=0.4811, cin|cout=0.012068|0.038996|3.2313, lr=0.0150, time=07.713298
-----------------------------

Epoch 7: loss=1.4544|0.5349, acc=89.3943|83.0830, fr=0.4932, cin|cout=0.012284|0.038756|3.1551, lr=0.0150, time=07.776825
-----------------------------

Epoch 8: loss=1.4300|0.4342, acc=92.3247|87.1025, fr=0.4785, cin|cout=0.012332|0.039050|3.1666, lr=0.0150, time=07.961913
-----------------------------

Epoch 9: loss=1.5407|0.4666, acc=93.9063|87.4558, fr=0.4937, cin|cout=0.012367|0.039551|3.1980, lr=0.0150, time=08.124196
-----------------------------

Epoch 10: loss=1.2654|0.4266, acc=95.8558|89.2226, fr=0.4905, cin|cout=0.012434|0.039701|3.1929, lr=0.0150, time=08.067111
-----------------------------

Epoch 11: loss=1.3008|0.4717, acc=96.7999|87.6767, fr=0.4795, cin|cout=0.012493|0.039707|3.1784, lr=0.0150, time=08.409614
-----------------------------

Epoch 12: loss=1.2440|0.4339, acc=97.2290|89.4435, fr=0.4780, cin|cout=0.012533|0.039747|3.1713, lr=0.0150, time=07.843961
-----------------------------

Epoch 13: loss=1.2594|0.4177, acc=97.3639|89.5318, fr=0.4859, cin|cout=0.012643|0.040004|3.1642, lr=0.0150, time=07.850055
-----------------------------

Epoch 14: loss=1.2177|0.4262, acc=97.7563|89.1784, fr=0.4929, cin|cout=0.012727|0.040280|3.1649, lr=0.0150, time=07.801324
-----------------------------

Epoch 15: loss=1.3032|0.4463, acc=98.0260|88.8693, fr=0.5044, cin|cout=0.012821|0.039916|3.1135, lr=0.0150, time=07.825686
-----------------------------

Epoch 16: loss=1.2246|0.4183, acc=98.7003|90.4152, fr=0.4978, cin|cout=0.012843|0.039986|3.1134, lr=0.0150, time=07.716228
-----------------------------

Epoch 17: loss=1.1532|0.4669, acc=99.2643|89.2668, fr=0.4939, cin|cout=0.012862|0.040081|3.1163, lr=0.0150, time=07.923137
-----------------------------

Epoch 18: loss=1.1367|0.4305, acc=99.2766|90.4594, fr=0.4954, cin|cout=0.012869|0.040025|3.1101, lr=0.0150, time=07.861249
-----------------------------

Epoch 19: loss=1.1225|0.4725, acc=99.5709|88.7809, fr=0.5023, cin|cout=0.012887|0.040009|3.1046, lr=0.0150, time=07.785244
-----------------------------

Epoch 20: loss=1.1151|0.5035, acc=99.7425|88.2951, fr=0.5044, cin|cout=0.012922|0.039989|3.0947, lr=0.0150, time=07.781774
-----------------------------

Epoch 21: loss=1.1491|0.4680, acc=99.5954|89.7085, fr=0.4996, cin|cout=0.012941|0.040176|3.1045, lr=0.0150, time=07.825521
-----------------------------

Epoch 22: loss=1.1094|0.4927, acc=99.6567|88.9134, fr=0.5034, cin|cout=0.012955|0.040186|3.1020, lr=0.0150, time=07.833446
-----------------------------

Epoch 23: loss=1.1003|0.4313, acc=99.8283|90.9894, fr=0.4975, cin|cout=0.012957|0.040283|3.1090, lr=0.0150, time=07.815948
-----------------------------

Epoch 24: loss=1.1002|0.4530, acc=99.8406|91.3869, fr=0.5000, cin|cout=0.012976|0.040548|3.1248, lr=0.0150, time=07.771965
-----------------------------

Epoch 25: loss=1.0934|0.4611, acc=99.9019|90.3710, fr=0.5023, cin|cout=0.012979|0.040682|3.1344, lr=0.0150, time=07.812225
-----------------------------

Epoch 26: loss=1.0861|0.5006, acc=99.9510|90.1060, fr=0.5061, cin|cout=0.012985|0.040622|3.1284, lr=0.0150, time=07.787782
-----------------------------

Epoch 27: loss=1.0722|0.4633, acc=99.9510|90.8569, fr=0.5086, cin|cout=0.013003|0.040508|3.1154, lr=0.0150, time=07.779204
-----------------------------

Epoch 28: loss=1.0696|0.5031, acc=99.9755|89.9293, fr=0.5103, cin|cout=0.013018|0.040462|3.1081, lr=0.0150, time=07.741851
-----------------------------

Epoch 29: loss=1.0640|0.4805, acc=100.0000|91.1661, fr=0.5145, cin|cout=0.013016|0.040542|3.1147, lr=0.0150, time=07.796943
-----------------------------

Epoch 30: loss=1.0757|0.4539, acc=99.9755|92.0936, fr=0.5080, cin|cout=0.013058|0.040817|3.1258, lr=0.0150, time=07.859442

Best model saved with valid acc=92.09363957597174
-----------------------------


Best valid acc at epoch 30: 92.09363957597174

------ Training finished ------


**************  Trial 12  **************
Epoch 0: cin|cout=0.001531|0.013832|9.0374
-----------------------------

Epoch 1: loss=7.8231|6.6100, acc=20.5738|11.4841, fr=0.6192, cin|cout=0.007268|0.030880|4.2485, lr=0.0150, time=08.030048
-----------------------------

Epoch 2: loss=4.2226|2.2801, acc=23.9578|37.6325, fr=0.4491, cin|cout=0.010295|0.037546|3.6470, lr=0.0150, time=07.782400
-----------------------------

Epoch 3: loss=2.6652|1.2629, acc=51.0054|64.3993, fr=0.3801, cin|cout=0.011229|0.039067|3.4791, lr=0.0150, time=07.868445
-----------------------------

Epoch 4: loss=2.0925|0.8383, acc=68.1339|73.8516, fr=0.4371, cin|cout=0.011486|0.040474|3.5237, lr=0.0150, time=07.796625
-----------------------------

Epoch 5: loss=1.8929|0.6765, acc=77.2560|79.9912, fr=0.4901, cin|cout=0.011612|0.041085|3.5381, lr=0.0150, time=07.816609
-----------------------------

Epoch 6: loss=1.7227|0.5859, acc=84.6126|83.7898, fr=0.4959, cin|cout=0.011649|0.041263|3.5421, lr=0.0150, time=07.883050
-----------------------------

Epoch 7: loss=1.5453|0.4910, acc=89.1491|88.1625, fr=0.4911, cin|cout=0.011727|0.041137|3.5080, lr=0.0150, time=07.871809
-----------------------------

Epoch 8: loss=1.4854|0.4609, acc=90.8656|88.0300, fr=0.4938, cin|cout=0.011831|0.041028|3.4679, lr=0.0150, time=07.722277
-----------------------------

Epoch 9: loss=1.4291|0.5038, acc=92.7293|85.6007, fr=0.4768, cin|cout=0.011891|0.040921|3.4412, lr=0.0150, time=07.853659
-----------------------------

Epoch 10: loss=1.4260|0.4576, acc=94.0167|88.6484, fr=0.4758, cin|cout=0.011936|0.041021|3.4366, lr=0.0150, time=07.795560
-----------------------------

Epoch 11: loss=1.4568|0.4888, acc=94.0902|87.2350, fr=0.4413, cin|cout=0.012048|0.041697|3.4608, lr=0.0150, time=07.809033
-----------------------------

Epoch 12: loss=1.4460|0.4811, acc=94.9362|86.0866, fr=0.4449, cin|cout=0.012152|0.041808|3.4405, lr=0.0150, time=07.964655
-----------------------------

Epoch 13: loss=1.3115|0.4289, acc=96.8244|88.9134, fr=0.4629, cin|cout=0.012220|0.041628|3.4065, lr=0.0150, time=07.796265
-----------------------------

Epoch 14: loss=1.3070|0.4322, acc=97.1432|88.8693, fr=0.4733, cin|cout=0.012272|0.041342|3.3688, lr=0.0150, time=07.755192
-----------------------------

Epoch 15: loss=1.3084|0.4641, acc=97.4497|87.6325, fr=0.4777, cin|cout=0.012290|0.041195|3.3518, lr=0.0150, time=07.763654
-----------------------------

Epoch 16: loss=1.2660|0.4400, acc=97.6827|90.2827, fr=0.4724, cin|cout=0.012301|0.041248|3.3533, lr=0.0150, time=07.870853
-----------------------------

Epoch 17: loss=1.1870|0.4280, acc=98.2712|88.4717, fr=0.4794, cin|cout=0.012316|0.041383|3.3601, lr=0.0150, time=07.819077
-----------------------------

Epoch 18: loss=1.1462|0.4586, acc=98.4674|87.5442, fr=0.4716, cin|cout=0.012327|0.041343|3.3539, lr=0.0150, time=07.734889
-----------------------------

Epoch 19: loss=1.1031|0.4218, acc=98.9701|91.1219, fr=0.4787, cin|cout=0.012328|0.041297|3.3498, lr=0.0150, time=07.788575
-----------------------------

Epoch 20: loss=1.1392|0.4407, acc=99.2030|89.3993, fr=0.4858, cin|cout=0.012329|0.041450|3.3620, lr=0.0150, time=07.742949
-----------------------------

Epoch 21: loss=1.1302|0.4613, acc=99.5218|88.7367, fr=0.4876, cin|cout=0.012328|0.041553|3.3707, lr=0.0150, time=07.750625
-----------------------------

Epoch 22: loss=1.2052|0.5133, acc=98.7371|86.9258, fr=0.5157, cin|cout=0.012526|0.043158|3.4454, lr=0.0150, time=07.783497
-----------------------------

Epoch 23: loss=1.2358|0.4407, acc=97.7072|89.2226, fr=0.5464, cin|cout=0.012821|0.044121|3.4412, lr=0.0150, time=07.789033
-----------------------------

Epoch 24: loss=1.2123|0.4777, acc=98.5777|87.6325, fr=0.5527, cin|cout=0.012915|0.044415|3.4390, lr=0.0150, time=07.892423
-----------------------------

Epoch 25: loss=1.2057|0.5007, acc=98.8843|88.6484, fr=0.5649, cin|cout=0.012949|0.044620|3.4458, lr=0.0150, time=07.769237
-----------------------------

Epoch 26: loss=1.1407|0.4511, acc=99.4115|89.7527, fr=0.5664, cin|cout=0.012967|0.044590|3.4388, lr=0.0105, time=07.822161
-----------------------------

Epoch 27: loss=1.0982|0.4545, acc=99.5709|89.9735, fr=0.5656, cin|cout=0.012992|0.044475|3.4233, lr=0.0105, time=07.780940
-----------------------------

Epoch 28: loss=1.0834|0.4538, acc=99.6812|90.8569, fr=0.5643, cin|cout=0.012999|0.044409|3.4164, lr=0.0105, time=07.749900
-----------------------------

Epoch 29: loss=1.0710|0.4899, acc=99.8406|89.8852, fr=0.5644, cin|cout=0.012991|0.044410|3.4185, lr=0.0105, time=07.819405
-----------------------------

Epoch 30: loss=1.0575|0.4453, acc=99.9264|91.6519, fr=0.5693, cin|cout=0.012984|0.044461|3.4245, lr=0.0105, time=07.832330
-----------------------------


Best valid acc at epoch 0: 92

------ Training finished ------


**************  Trial 13  **************
Epoch 0: cin|cout=0.001476|0.014723|9.9780
-----------------------------

Epoch 1: loss=7.4626|4.9209, acc=27.5012|12.8534, fr=0.6256, cin|cout=0.007547|0.032030|4.2439, lr=0.0150, time=07.931395
-----------------------------

Epoch 2: loss=4.7668|2.5900, acc=26.8269|40.2827, fr=0.4281, cin|cout=0.010786|0.037713|3.4966, lr=0.0150, time=07.826476
-----------------------------

Epoch 3: loss=3.0809|1.6026, acc=49.8283|57.4205, fr=0.3529, cin|cout=0.011927|0.040089|3.3613, lr=0.0150, time=07.766757
-----------------------------

Epoch 4: loss=2.2227|1.1283, acc=63.3521|67.9770, fr=0.3650, cin|cout=0.012279|0.040706|3.3151, lr=0.0150, time=07.725537
-----------------------------

Epoch 5: loss=2.0407|0.7823, acc=72.3271|79.8145, fr=0.3830, cin|cout=0.012794|0.040547|3.1693, lr=0.0150, time=07.811990
-----------------------------

Epoch 6: loss=1.8699|0.7030, acc=78.4331|78.8869, fr=0.4475, cin|cout=0.013120|0.041339|3.1508, lr=0.0150, time=07.804728
-----------------------------

Epoch 7: loss=1.8104|0.5264, acc=83.8033|85.0707, fr=0.4909, cin|cout=0.013356|0.041444|3.1031, lr=0.0150, time=07.813925
-----------------------------

Epoch 8: loss=1.7023|0.4594, acc=88.0701|89.2668, fr=0.4902, cin|cout=0.013464|0.041777|3.1029, lr=0.0150, time=07.756590
-----------------------------

Epoch 9: loss=1.5681|0.4898, acc=91.8342|86.9700, fr=0.4848, cin|cout=0.013559|0.042018|3.0988, lr=0.0150, time=07.814071
-----------------------------

Epoch 10: loss=1.5018|0.4072, acc=94.0044|90.1943, fr=0.4859, cin|cout=0.013621|0.041998|3.0832, lr=0.0150, time=07.812539
-----------------------------

Epoch 11: loss=1.4517|0.4159, acc=95.6719|89.6643, fr=0.4875, cin|cout=0.013650|0.041923|3.0713, lr=0.0150, time=07.742486
-----------------------------

Epoch 12: loss=1.4573|0.4642, acc=95.9662|88.0742, fr=0.4859, cin|cout=0.013695|0.042112|3.0751, lr=0.0150, time=07.788184
-----------------------------

Epoch 13: loss=1.4423|0.4076, acc=96.1746|89.9735, fr=0.4935, cin|cout=0.013718|0.042423|3.0926, lr=0.0150, time=07.950593
-----------------------------

Epoch 14: loss=1.4051|0.4152, acc=96.7999|90.3269, fr=0.4871, cin|cout=0.013731|0.042578|3.1009, lr=0.0150, time=07.770947
-----------------------------

Epoch 15: loss=1.3505|0.3927, acc=98.0628|91.0777, fr=0.4783, cin|cout=0.013756|0.042433|3.0848, lr=0.0150, time=07.749753
-----------------------------

Epoch 16: loss=1.3203|0.3807, acc=98.5655|92.5795, fr=0.4763, cin|cout=0.013766|0.042460|3.0844, lr=0.0150, time=07.804006

Best model saved with valid acc=92.57950530035336
-----------------------------

Epoch 17: loss=1.3056|0.3954, acc=98.6390|91.5194, fr=0.4677, cin|cout=0.013830|0.042509|3.0737, lr=0.0150, time=08.034546
-----------------------------

Epoch 18: loss=1.3068|0.3951, acc=98.6145|92.0936, fr=0.4638, cin|cout=0.013879|0.042430|3.0571, lr=0.0150, time=07.787209
-----------------------------

Epoch 19: loss=1.2806|0.3849, acc=99.0682|91.9611, fr=0.4686, cin|cout=0.013887|0.042441|3.0561, lr=0.0150, time=07.793405
-----------------------------

Epoch 20: loss=1.2671|0.4085, acc=99.5218|90.6802, fr=0.4697, cin|cout=0.013890|0.042475|3.0579, lr=0.0150, time=07.777397
-----------------------------

Epoch 21: loss=1.2632|0.4132, acc=99.5954|91.8286, fr=0.4711, cin|cout=0.013900|0.042476|3.0559, lr=0.0150, time=07.806430
-----------------------------

Epoch 22: loss=1.2480|0.4573, acc=99.6077|90.1502, fr=0.4743, cin|cout=0.013912|0.042469|3.0527, lr=0.0150, time=07.768887
-----------------------------

Epoch 23: loss=1.2413|0.4205, acc=99.7057|91.2544, fr=0.4827, cin|cout=0.013918|0.042456|3.0503, lr=0.0105, time=07.701335
-----------------------------

Epoch 24: loss=1.2303|0.4145, acc=99.7425|90.9894, fr=0.4879, cin|cout=0.013933|0.042388|3.0422, lr=0.0105, time=07.844228
-----------------------------

Epoch 25: loss=1.2428|0.4510, acc=99.8897|91.1661, fr=0.4954, cin|cout=0.013942|0.042339|3.0368, lr=0.0105, time=07.754637
-----------------------------

Epoch 26: loss=1.3046|0.4421, acc=99.5709|91.1661, fr=0.4941, cin|cout=0.013950|0.042503|3.0467, lr=0.0105, time=07.762988
-----------------------------

Epoch 27: loss=1.2711|0.4063, acc=99.8283|92.4028, fr=0.4953, cin|cout=0.013965|0.042482|3.0419, lr=0.0105, time=07.754783
-----------------------------

Epoch 28: loss=1.2383|0.4219, acc=99.9264|91.6078, fr=0.4993, cin|cout=0.013966|0.042593|3.0497, lr=0.0105, time=07.784125
-----------------------------

Epoch 29: loss=1.2180|0.4239, acc=99.8897|91.5194, fr=0.5005, cin|cout=0.013970|0.042639|3.0521, lr=0.0073, time=07.741891
-----------------------------

Epoch 30: loss=1.1990|0.3957, acc=99.9142|92.4912, fr=0.5015, cin|cout=0.013970|0.042632|3.0516, lr=0.0073, time=07.806535
-----------------------------


Best valid acc at epoch 16: 92.57950530035336

------ Training finished ------


**************  Trial 14  **************
Epoch 0: cin|cout=0.001538|0.013735|8.9316
-----------------------------

Epoch 1: loss=7.0115|3.5117, acc=22.5233|26.9876, fr=0.6455, cin|cout=0.008181|0.029854|3.6493, lr=0.0150, time=07.948204
-----------------------------

Epoch 2: loss=3.6977|1.8061, acc=32.7979|51.8551, fr=0.4536, cin|cout=0.011362|0.035473|3.1220, lr=0.0150, time=07.809330
-----------------------------

Epoch 3: loss=2.3727|0.8900, acc=63.0456|73.5424, fr=0.4196, cin|cout=0.012407|0.037140|2.9935, lr=0.0150, time=07.770951
-----------------------------

Epoch 4: loss=1.8763|0.6015, acc=78.1633|82.7739, fr=0.4777, cin|cout=0.012781|0.037919|2.9669, lr=0.0150, time=07.848426
-----------------------------

Epoch 5: loss=1.6949|0.4972, acc=85.8141|88.2067, fr=0.5019, cin|cout=0.013072|0.038207|2.9228, lr=0.0150, time=07.767548
-----------------------------

Epoch 6: loss=1.5362|0.4534, acc=91.2580|88.4276, fr=0.5009, cin|cout=0.013189|0.038274|2.9020, lr=0.0150, time=07.752738
-----------------------------

Epoch 7: loss=1.4446|0.4108, acc=94.0657|90.1502, fr=0.4976, cin|cout=0.013236|0.038268|2.8913, lr=0.0150, time=07.794330
-----------------------------

Epoch 8: loss=1.3818|0.4281, acc=96.2482|89.2226, fr=0.4986, cin|cout=0.013278|0.038142|2.8726, lr=0.0150, time=07.815096
-----------------------------

Epoch 9: loss=1.3624|0.4697, acc=96.5547|87.8975, fr=0.4909, cin|cout=0.013326|0.037986|2.8505, lr=0.0150, time=07.802412
-----------------------------

Epoch 10: loss=1.3648|0.5346, acc=97.1923|85.5124, fr=0.4861, cin|cout=0.013443|0.038119|2.8355, lr=0.0150, time=07.765179
-----------------------------

Epoch 11: loss=1.6279|0.4488, acc=94.1270|89.6201, fr=0.5363, cin|cout=0.013675|0.038923|2.8464, lr=0.0150, time=07.772934
-----------------------------

Epoch 12: loss=1.4234|0.4411, acc=96.7509|89.8852, fr=0.5524, cin|cout=0.013827|0.039521|2.8582, lr=0.0150, time=07.764610
-----------------------------

Epoch 13: loss=1.3652|0.3991, acc=98.0996|89.9293, fr=0.5406, cin|cout=0.013872|0.039684|2.8608, lr=0.0150, time=07.849321
-----------------------------

Epoch 14: loss=1.3113|0.4208, acc=98.3938|92.0936, fr=0.5284, cin|cout=0.013985|0.040047|2.8635, lr=0.0105, time=08.537898

Best model saved with valid acc=92.09363957597174
-----------------------------

Epoch 15: loss=1.3144|0.4495, acc=98.2957|89.3551, fr=0.5343, cin|cout=0.014165|0.040625|2.8681, lr=0.0105, time=08.505603
-----------------------------

Epoch 16: loss=1.2936|0.4408, acc=99.1785|89.6201, fr=0.5399, cin|cout=0.014234|0.040484|2.8442, lr=0.0105, time=08.778250
-----------------------------

Epoch 17: loss=1.2788|0.4720, acc=99.3256|89.5760, fr=0.5504, cin|cout=0.014251|0.040452|2.8386, lr=0.0105, time=08.070554
-----------------------------

Epoch 18: loss=1.2565|0.4203, acc=99.3134|90.9452, fr=0.5443, cin|cout=0.014257|0.040368|2.8315, lr=0.0105, time=07.907613
-----------------------------

Epoch 19: loss=1.2355|0.4462, acc=99.5831|91.0336, fr=0.5435, cin|cout=0.014256|0.040425|2.8357, lr=0.0105, time=07.742676
-----------------------------

Epoch 20: loss=1.2193|0.4356, acc=99.7916|91.4311, fr=0.5543, cin|cout=0.014254|0.040506|2.8417, lr=0.0105, time=07.874480
-----------------------------

Epoch 21: loss=1.2033|0.4438, acc=99.8651|91.9611, fr=0.5618, cin|cout=0.014255|0.040533|2.8435, lr=0.0073, time=08.088702
-----------------------------

Epoch 22: loss=1.1952|0.4546, acc=99.9142|91.5636, fr=0.5616, cin|cout=0.014256|0.040568|2.8458, lr=0.0073, time=08.416273
-----------------------------

Epoch 23: loss=1.1907|0.4525, acc=99.9264|91.8728, fr=0.5595, cin|cout=0.014253|0.040589|2.8478, lr=0.0073, time=08.372139
-----------------------------

Epoch 24: loss=1.1904|0.4473, acc=99.9387|91.5636, fr=0.5629, cin|cout=0.014258|0.040585|2.8464, lr=0.0073, time=08.172630
-----------------------------

Epoch 25: loss=1.1936|0.4438, acc=99.9142|91.4311, fr=0.5695, cin|cout=0.014281|0.040491|2.8354, lr=0.0073, time=08.363943
-----------------------------

Epoch 26: loss=1.1949|0.4321, acc=99.9264|91.2986, fr=0.5645, cin|cout=0.014278|0.040565|2.8410, lr=0.0073, time=08.441056
-----------------------------

Epoch 27: loss=1.1866|0.4458, acc=99.9387|91.2544, fr=0.5651, cin|cout=0.014274|0.040593|2.8438, lr=0.0051, time=08.530644
-----------------------------

Epoch 28: loss=1.1832|0.4432, acc=99.9387|91.4753, fr=0.5698, cin|cout=0.014271|0.040600|2.8449, lr=0.0051, time=08.500281
-----------------------------

Epoch 29: loss=1.1802|0.4578, acc=99.9755|91.5194, fr=0.5710, cin|cout=0.014269|0.040588|2.8445, lr=0.0051, time=08.200340
-----------------------------

Epoch 30: loss=1.1777|0.4387, acc=99.9877|91.9611, fr=0.5712, cin|cout=0.014269|0.040590|2.8445, lr=0.0051, time=08.272237
-----------------------------


Best valid acc at epoch 14: 92.09363957597174

------ Training finished ------


**************  Trial 15  **************
Epoch 0: cin|cout=0.001451|0.014635|10.0866
-----------------------------

Epoch 1: loss=6.6104|6.7307, acc=25.7234|7.2880, fr=0.5773, cin|cout=0.007559|0.031880|4.2174, lr=0.0150, time=08.889796
-----------------------------

Epoch 2: loss=4.0137|2.0952, acc=31.2040|43.9929, fr=0.4079, cin|cout=0.010907|0.038391|3.5199, lr=0.0150, time=08.330372
-----------------------------

Epoch 3: loss=2.5473|1.3364, acc=57.3933|70.0088, fr=0.4145, cin|cout=0.012122|0.040887|3.3729, lr=0.0150, time=08.136090
-----------------------------

Epoch 4: loss=2.0077|0.9133, acc=73.6881|76.8993, fr=0.4558, cin|cout=0.012595|0.041304|3.2793, lr=0.0150, time=08.003110
-----------------------------

Epoch 5: loss=1.7094|0.5765, acc=81.3512|85.4240, fr=0.4720, cin|cout=0.012825|0.041551|3.2398, lr=0.0150, time=08.024432
-----------------------------

Epoch 6: loss=1.5485|0.5475, acc=88.3031|84.7615, fr=0.4707, cin|cout=0.012912|0.041614|3.2229, lr=0.0150, time=08.137746
-----------------------------

Epoch 7: loss=1.3916|0.5188, acc=92.2266|85.8657, fr=0.4814, cin|cout=0.012969|0.041522|3.2016, lr=0.0150, time=08.075366
-----------------------------

Epoch 8: loss=1.3223|0.6054, acc=94.8995|83.3481, fr=0.4757, cin|cout=0.012994|0.041419|3.1877, lr=0.0150, time=07.983706
-----------------------------

Epoch 9: loss=1.3264|0.5119, acc=95.3654|87.4558, fr=0.4793, cin|cout=0.013091|0.041354|3.1589, lr=0.0150, time=08.032204
-----------------------------

Epoch 10: loss=1.2696|0.3815, acc=96.7999|91.5194, fr=0.4806, cin|cout=0.013142|0.041498|3.1576, lr=0.0150, time=08.405939
-----------------------------

Epoch 11: loss=1.2583|0.4472, acc=97.1432|87.6767, fr=0.4827, cin|cout=0.013173|0.041361|3.1399, lr=0.0150, time=08.361613
-----------------------------

Epoch 12: loss=1.2226|0.4301, acc=98.3570|89.5760, fr=0.4744, cin|cout=0.013194|0.041268|3.1277, lr=0.0150, time=08.686412
-----------------------------

Epoch 13: loss=1.2042|0.4572, acc=98.8843|89.9293, fr=0.4722, cin|cout=0.013202|0.041276|3.1266, lr=0.0150, time=08.601086
-----------------------------

Epoch 14: loss=1.1880|0.3972, acc=99.1908|92.3587, fr=0.4739, cin|cout=0.013217|0.041312|3.1257, lr=0.0150, time=08.628290

Best model saved with valid acc=92.35865724381625
-----------------------------

Epoch 15: loss=1.1713|0.4203, acc=99.5954|90.4594, fr=0.4751, cin|cout=0.013233|0.041276|3.1192, lr=0.0150, time=08.331786
-----------------------------

Epoch 16: loss=1.1610|0.4452, acc=99.6567|90.6360, fr=0.4795, cin|cout=0.013256|0.041121|3.1022, lr=0.0150, time=08.532188
-----------------------------

Epoch 17: loss=1.3603|0.5130, acc=97.9156|87.9859, fr=0.5116, cin|cout=0.013610|0.041842|3.0744, lr=0.0150, time=08.507675
-----------------------------

Epoch 18: loss=1.4230|0.4523, acc=97.3026|89.3993, fr=0.5381, cin|cout=0.013994|0.042023|3.0029, lr=0.0150, time=08.355932
-----------------------------

Epoch 19: loss=1.2867|0.4664, acc=98.5410|88.8251, fr=0.5385, cin|cout=0.014139|0.042136|2.9802, lr=0.0150, time=08.407699
-----------------------------

Epoch 20: loss=1.2284|0.4330, acc=99.3256|90.8127, fr=0.5208, cin|cout=0.014168|0.042276|2.9839, lr=0.0150, time=08.449777
-----------------------------

Epoch 21: loss=1.2066|0.4263, acc=99.7303|91.3428, fr=0.5200, cin|cout=0.014168|0.042378|2.9910, lr=0.0105, time=08.331989
-----------------------------

Epoch 22: loss=1.1944|0.4642, acc=99.7425|91.0336, fr=0.5186, cin|cout=0.014162|0.042483|2.9998, lr=0.0105, time=08.742747
-----------------------------

Epoch 23: loss=1.1800|0.4475, acc=99.8897|90.9452, fr=0.5216, cin|cout=0.014156|0.042582|3.0080, lr=0.0105, time=08.130997
-----------------------------

Epoch 24: loss=1.1716|0.4309, acc=99.9142|92.0495, fr=0.5254, cin|cout=0.014151|0.042628|3.0125, lr=0.0105, time=08.038196
-----------------------------

Epoch 25: loss=1.1643|0.4956, acc=99.9632|89.8410, fr=0.5274, cin|cout=0.014153|0.042667|3.0146, lr=0.0105, time=08.453115
-----------------------------

Epoch 26: loss=1.1669|0.4758, acc=99.9632|89.8410, fr=0.5327, cin|cout=0.014159|0.042655|3.0126, lr=0.0105, time=08.881573
-----------------------------

Epoch 27: loss=1.1553|0.4566, acc=100.0000|91.4311, fr=0.5340, cin|cout=0.014161|0.042602|3.0083, lr=0.0073, time=08.304159
-----------------------------

Epoch 28: loss=1.1491|0.4664, acc=100.0000|90.7686, fr=0.5323, cin|cout=0.014160|0.042614|3.0094, lr=0.0073, time=08.466077
-----------------------------

Epoch 29: loss=1.1473|0.4738, acc=100.0000|91.0777, fr=0.5355, cin|cout=0.014162|0.042629|3.0102, lr=0.0073, time=08.313873
-----------------------------

Epoch 30: loss=1.1476|0.4407, acc=99.9877|92.5795, fr=0.5448, cin|cout=0.014165|0.042679|3.0131, lr=0.0073, time=08.292382

Best model saved with valid acc=92.57950530035336
-----------------------------


Best valid acc at epoch 30: 92.57950530035336

------ Training finished ------


**************  Trial 16  **************
Epoch 0: cin|cout=0.001463|0.014608|9.9844
-----------------------------

Epoch 1: loss=6.6337|5.0413, acc=21.7509|9.1431, fr=0.5798, cin|cout=0.007678|0.035245|4.5903, lr=0.0150, time=08.958285
-----------------------------

Epoch 2: loss=3.7405|1.8315, acc=27.7464|47.8799, fr=0.4227, cin|cout=0.010741|0.042022|3.9124, lr=0.0150, time=08.064336
-----------------------------

Epoch 3: loss=2.4887|1.2013, acc=57.8225|70.8922, fr=0.4137, cin|cout=0.011878|0.043867|3.6931, lr=0.0150, time=08.223137
-----------------------------

Epoch 4: loss=2.1032|0.8756, acc=69.5562|74.0724, fr=0.4764, cin|cout=0.012414|0.044810|3.6096, lr=0.0150, time=08.324919
-----------------------------

Epoch 5: loss=1.7675|0.5839, acc=80.1741|83.3039, fr=0.4837, cin|cout=0.012686|0.045003|3.5474, lr=0.0150, time=07.942092
-----------------------------

Epoch 6: loss=1.8483|0.5406, acc=85.6425|84.5848, fr=0.5643, cin|cout=0.013014|0.045093|3.4649, lr=0.0150, time=07.882419
-----------------------------

Epoch 7: loss=1.6089|0.4476, acc=90.2526|88.4717, fr=0.5736, cin|cout=0.013174|0.045752|3.4728, lr=0.0150, time=07.922622
-----------------------------

Epoch 8: loss=1.4677|0.4443, acc=93.5630|88.5601, fr=0.5508, cin|cout=0.013333|0.045675|3.4257, lr=0.0150, time=07.925023
-----------------------------

Epoch 9: loss=1.3912|0.4550, acc=95.4635|88.5159, fr=0.5505, cin|cout=0.013389|0.045898|3.4279, lr=0.0150, time=07.961570
-----------------------------

Epoch 10: loss=1.3599|0.4123, acc=96.4076|89.3993, fr=0.5572, cin|cout=0.013416|0.045974|3.4267, lr=0.0150, time=07.974867
-----------------------------

Epoch 11: loss=1.3290|0.4136, acc=97.5110|90.1943, fr=0.5548, cin|cout=0.013446|0.045817|3.4076, lr=0.0150, time=07.985033
-----------------------------

Epoch 12: loss=1.2839|0.4268, acc=97.9034|90.7244, fr=0.5411, cin|cout=0.013469|0.045690|3.3921, lr=0.0150, time=08.351456
-----------------------------

Epoch 13: loss=1.2460|0.5013, acc=98.6881|88.1625, fr=0.5423, cin|cout=0.013508|0.045541|3.3715, lr=0.0150, time=08.181906
-----------------------------

Epoch 14: loss=1.2244|0.4186, acc=98.9333|90.6802, fr=0.5431, cin|cout=0.013515|0.045470|3.3646, lr=0.0150, time=07.992680
-----------------------------

Epoch 15: loss=1.2072|0.4341, acc=99.3624|90.0618, fr=0.5477, cin|cout=0.013497|0.045574|3.3767, lr=0.0150, time=07.946651
-----------------------------

Epoch 16: loss=1.1954|0.4214, acc=99.5463|91.2986, fr=0.5453, cin|cout=0.013504|0.045560|3.3739, lr=0.0150, time=07.954676
-----------------------------

Epoch 17: loss=1.2138|0.4525, acc=99.6077|89.1784, fr=0.5433, cin|cout=0.013525|0.045608|3.3721, lr=0.0150, time=07.990548
-----------------------------

Epoch 18: loss=1.2028|0.4105, acc=99.5709|91.7403, fr=0.5495, cin|cout=0.013545|0.045570|3.3645, lr=0.0150, time=07.923738
-----------------------------

Epoch 19: loss=1.1808|0.4412, acc=99.7548|90.0618, fr=0.5453, cin|cout=0.013552|0.045527|3.3595, lr=0.0150, time=07.959169
-----------------------------

Epoch 20: loss=1.1692|0.4489, acc=99.7303|90.3269, fr=0.5419, cin|cout=0.013566|0.045536|3.3565, lr=0.0150, time=07.919652
-----------------------------

Epoch 21: loss=1.1528|0.4610, acc=99.8774|90.3269, fr=0.5520, cin|cout=0.013569|0.045573|3.3586, lr=0.0150, time=08.869628
-----------------------------

Epoch 22: loss=1.1525|0.4348, acc=99.8529|91.2986, fr=0.5513, cin|cout=0.013595|0.045607|3.3547, lr=0.0150, time=08.329979
-----------------------------

Epoch 23: loss=1.1407|0.4614, acc=99.8038|91.4753, fr=0.5495, cin|cout=0.013607|0.045647|3.3546, lr=0.0150, time=08.343990
-----------------------------

Epoch 24: loss=1.1278|0.4424, acc=99.9264|92.1820, fr=0.5459, cin|cout=0.013616|0.045564|3.3464, lr=0.0150, time=08.950513

Best model saved with valid acc=92.18197879858657
-----------------------------

Epoch 25: loss=1.1149|0.4327, acc=99.9755|91.4753, fr=0.5420, cin|cout=0.013628|0.045580|3.3445, lr=0.0150, time=10.165165
-----------------------------

Epoch 26: loss=1.1328|0.4478, acc=99.9632|92.4028, fr=0.5445, cin|cout=0.013640|0.045523|3.3375, lr=0.0150, time=08.216831

Best model saved with valid acc=92.40282685512368
-----------------------------

Epoch 27: loss=1.1666|0.4607, acc=99.9877|90.7686, fr=0.5494, cin|cout=0.013642|0.045796|3.3570, lr=0.0150, time=22.385140
-----------------------------

Epoch 28: loss=1.1145|0.4565, acc=99.9755|92.1378, fr=0.5390, cin|cout=0.013673|0.045755|3.3463, lr=0.0150, time=22.679846
-----------------------------

Epoch 29: loss=1.1011|0.4462, acc=99.9755|91.9611, fr=0.5454, cin|cout=0.013667|0.045798|3.3510, lr=0.0150, time=09.095676
-----------------------------

Epoch 30: loss=1.0989|0.4204, acc=100.0000|92.1820, fr=0.5421, cin|cout=0.013680|0.045746|3.3439, lr=0.0150, time=08.293314
-----------------------------


Best valid acc at epoch 26: 92.40282685512368

------ Training finished ------


**************  Trial 17  **************
Epoch 0: cin|cout=0.001478|0.013976|9.4583
-----------------------------

Epoch 1: loss=7.6635|5.8506, acc=20.2428|13.8693, fr=0.6806, cin|cout=0.007345|0.031909|4.3440, lr=0.0150, time=09.161268
-----------------------------

Epoch 2: loss=4.1469|2.2578, acc=21.9348|35.2473, fr=0.4661, cin|cout=0.010397|0.037631|3.6194, lr=0.0150, time=08.800065
-----------------------------

Epoch 3: loss=2.8985|1.4772, acc=45.0834|55.9629, fr=0.4407, cin|cout=0.011810|0.039411|3.3372, lr=0.0150, time=09.189015
-----------------------------

Epoch 4: loss=2.5185|0.8087, acc=65.0074|79.1961, fr=0.5399, cin|cout=0.012517|0.040838|3.2627, lr=0.0150, time=08.243810
-----------------------------

Epoch 5: loss=2.1124|0.8281, acc=77.4890|74.0724, fr=0.5614, cin|cout=0.012771|0.041460|3.2465, lr=0.0150, time=08.435242
-----------------------------

Epoch 6: loss=2.0712|0.5373, acc=81.7680|85.2915, fr=0.5506, cin|cout=0.013004|0.041949|3.2257, lr=0.0150, time=08.923510
-----------------------------

Epoch 7: loss=1.8627|0.5307, acc=86.7582|85.5565, fr=0.5615, cin|cout=0.013156|0.042024|3.1942, lr=0.0150, time=08.388240
-----------------------------

Epoch 8: loss=1.5983|0.4292, acc=90.9760|88.7809, fr=0.5523, cin|cout=0.013194|0.042126|3.1929, lr=0.0150, time=24.475883
-----------------------------

Epoch 9: loss=1.5147|0.4918, acc=93.4404|85.4240, fr=0.5577, cin|cout=0.013208|0.042313|3.2035, lr=0.0150, time=53.859654
-----------------------------

Epoch 10: loss=1.4470|0.4089, acc=94.6910|90.1502, fr=0.5755, cin|cout=0.013237|0.042367|3.2007, lr=0.0150, time=54.028493
-----------------------------

Epoch 11: loss=1.5809|0.4845, acc=95.6964|88.5159, fr=0.5582, cin|cout=0.013329|0.042792|3.2105, lr=0.0150, time=55.467423
-----------------------------

Epoch 12: loss=1.7505|0.4429, acc=96.5424|88.1184, fr=0.5433, cin|cout=0.013407|0.042979|3.2058, lr=0.0150, time=34.122352
-----------------------------

Epoch 13: loss=1.6546|0.4330, acc=97.0451|89.1784, fr=0.5326, cin|cout=0.013430|0.042977|3.2000, lr=0.0150, time=08.485966
-----------------------------

Epoch 14: loss=1.5904|0.4287, acc=98.0137|89.7527, fr=0.5369, cin|cout=0.013427|0.043030|3.2047, lr=0.0150, time=08.513454
-----------------------------

Epoch 15: loss=1.5495|0.4173, acc=98.8107|89.9735, fr=0.5407, cin|cout=0.013436|0.043090|3.2071, lr=0.0150, time=08.408503
-----------------------------

