===== Exp configuration =====
date:		08-21-20-29
save_dir:		./log/08-21-20-29
dataset_name:		shd
data_folder:		./data/raw/
input_dim:		700
output_dim:		20
nb_steps:		100
trials:		5
scheduler_patience:		5
scheduler_factor:		0.7
batch_size:		512
nb_epochs:		100
lr:		0.015
weight_decay:		1e-05
reg_factor:		0.5
reg_fmin:		0.01
reg_fmax:		0.1
fr_ent:		0.1
seed:		1692620977
ckpt_freq:		10
threshold:		1.0
smoothing:		0.1
pdrop:		0.1
normalization:		batchnorm
train_input:		True
nb_hiddens:		1024
noise_test:		0.0
device:		cuda:0

Created new spiking model:
 RC(
  (W): Linear(in_features=700, out_features=1024, bias=True)
  (V): Linear(in_features=1024, out_features=1024, bias=False)
  (read): Linear(in_features=1024, out_features=20, bias=True)
  (norm): BatchNorm1d(1024, eps=1e-05, momentum=0.05, affine=True, track_running_stats=True)
  (norm_read): BatchNorm1d(20, eps=1e-05, momentum=0.05, affine=True, track_running_stats=True)
  (drop): Dropout(p=0.1, inplace=False)
)

Total number of trainable parameters is 1793104

**************  Trial 1  **************
Epoch 0: cin|cout=0.001473|0.014448|9.8070
Epoch 1: loss=6.7740|3.6940, acc=27.0231|18.3746, fr=0.3545, cin|cout=0.007080|0.030605|4.3226, lr=0.0150, time=10.886495
-----------------------------

Epoch 2: loss=4.2515|1.5396, acc=40.2526|65.1060, fr=0.2888, cin|cout=0.009754|0.034931|3.5810, lr=0.0150, time=09.898164
-----------------------------

Epoch 3: loss=3.1517|0.6317, acc=68.6611|83.3922, fr=0.3119, cin|cout=0.010662|0.036176|3.3931, lr=0.0150, time=09.703941
-----------------------------

Epoch 4: loss=2.6926|0.4510, acc=82.9696|88.2067, fr=0.3162, cin|cout=0.010902|0.036846|3.3798, lr=0.0150, time=09.521532

Best model saved with valid acc=88.20671378091873
-----------------------------

Epoch 5: loss=2.5629|0.4066, acc=88.2540|89.4435, fr=0.2926, cin|cout=0.010970|0.037160|3.3874, lr=0.0150, time=09.907773

Best model saved with valid acc=89.4434628975265
-----------------------------

Epoch 6: loss=2.4609|0.4576, acc=92.6802|89.5318, fr=0.2807, cin|cout=0.011015|0.037172|3.3748, lr=0.0150, time=09.532485

Best model saved with valid acc=89.53180212014134
-----------------------------

Epoch 7: loss=2.3831|0.4166, acc=95.3531|89.5760, fr=0.2727, cin|cout=0.011073|0.037370|3.3747, lr=0.0150, time=09.632765

Best model saved with valid acc=89.57597173144876
-----------------------------

Epoch 8: loss=2.3357|0.3889, acc=96.6773|91.6961, fr=0.2713, cin|cout=0.011110|0.037662|3.3899, lr=0.0150, time=09.774790

Best model saved with valid acc=91.69611307420494
-----------------------------

Epoch 9: loss=2.2993|0.3735, acc=97.3516|91.0336, fr=0.2677, cin|cout=0.011156|0.037637|3.3738, lr=0.0150, time=09.770379
-----------------------------

Epoch 10: loss=2.2700|0.3814, acc=98.0383|91.7403, fr=0.2649, cin|cout=0.011203|0.038100|3.4009, lr=0.0150, time=09.903178

Best model saved with valid acc=91.74028268551237
-----------------------------

Epoch 11: loss=2.2440|0.3958, acc=98.9210|91.8286, fr=0.2590, cin|cout=0.011263|0.038240|3.3953, lr=0.0150, time=09.772425

Best model saved with valid acc=91.8286219081272
-----------------------------

Epoch 12: loss=2.2286|0.4412, acc=98.9578|90.8569, fr=0.2585, cin|cout=0.011302|0.038332|3.3915, lr=0.0150, time=09.857155
-----------------------------

Epoch 13: loss=2.2119|0.4154, acc=99.3624|90.8127, fr=0.2567, cin|cout=0.011289|0.038615|3.4206, lr=0.0150, time=09.844087
-----------------------------

Epoch 14: loss=2.2044|0.4444, acc=99.4237|91.0336, fr=0.2512, cin|cout=0.011316|0.038762|3.4254, lr=0.0150, time=09.677207
-----------------------------

Epoch 15: loss=2.1829|0.3919, acc=99.7548|91.4753, fr=0.2518, cin|cout=0.011323|0.038923|3.4375, lr=0.0150, time=09.427533
-----------------------------

Epoch 16: loss=2.1692|0.4239, acc=99.6812|91.5194, fr=0.2538, cin|cout=0.011375|0.038835|3.4141, lr=0.0150, time=09.462649
-----------------------------

Epoch 17: loss=2.1603|0.4059, acc=99.7793|91.5636, fr=0.2540, cin|cout=0.011408|0.038780|3.3993, lr=0.0150, time=09.465231
-----------------------------

Epoch 18: loss=2.1495|0.4368, acc=99.8774|91.1219, fr=0.2534, cin|cout=0.011422|0.038828|3.3994, lr=0.0105, time=09.452601
-----------------------------

Epoch 19: loss=2.1518|0.4417, acc=99.8897|91.8286, fr=0.2437, cin|cout=0.011436|0.038907|3.4022, lr=0.0105, time=09.453747
-----------------------------

Epoch 20: loss=2.1504|0.4731, acc=99.9142|91.1219, fr=0.2391, cin|cout=0.011444|0.038952|3.4037, lr=0.0105, time=09.447938
-----------------------------

Epoch 21: loss=2.1454|0.4545, acc=99.9632|90.9011, fr=0.2388, cin|cout=0.011445|0.039077|3.4143, lr=0.0105, time=09.441638
-----------------------------

Epoch 22: loss=2.1413|0.4484, acc=99.9632|91.4753, fr=0.2382, cin|cout=0.011465|0.039100|3.4104, lr=0.0105, time=09.439485
-----------------------------

Epoch 23: loss=2.1370|0.4361, acc=99.9632|91.7845, fr=0.2416, cin|cout=0.011485|0.039168|3.4104, lr=0.0105, time=09.496454
-----------------------------

Epoch 24: loss=2.1306|0.4743, acc=99.9877|91.2544, fr=0.2374, cin|cout=0.011487|0.039274|3.4189, lr=0.0073, time=09.525244
-----------------------------

Epoch 25: loss=2.1278|0.4775, acc=99.9632|91.6078, fr=0.2383, cin|cout=0.011497|0.039343|3.4220, lr=0.0073, time=09.872127
-----------------------------

Epoch 26: loss=2.1194|0.4660, acc=99.9877|92.0936, fr=0.2367, cin|cout=0.011508|0.039276|3.4130, lr=0.0073, time=09.651346

Best model saved with valid acc=92.09363957597174
-----------------------------

Epoch 27: loss=2.1157|0.4566, acc=99.9877|91.8286, fr=0.2345, cin|cout=0.011520|0.039232|3.4055, lr=0.0073, time=09.675943
-----------------------------

Epoch 28: loss=2.1082|0.4711, acc=99.9877|91.6961, fr=0.2341, cin|cout=0.011528|0.039353|3.4137, lr=0.0073, time=09.603872
-----------------------------

Epoch 29: loss=2.1073|0.4594, acc=100.0000|91.7845, fr=0.2331, cin|cout=0.011532|0.039391|3.4159, lr=0.0073, time=09.533277
-----------------------------

Epoch 30: loss=2.1079|0.4711, acc=99.9755|91.2544, fr=0.2321, cin|cout=0.011537|0.039450|3.4193, lr=0.0073, time=10.760348
-----------------------------

Epoch 31: loss=2.1056|0.4659, acc=99.9877|92.1378, fr=0.2326, cin|cout=0.011559|0.039360|3.4052, lr=0.0073, time=11.047201

Best model saved with valid acc=92.13780918727915
-----------------------------

Epoch 32: loss=2.1044|0.4663, acc=100.0000|92.4912, fr=0.2322, cin|cout=0.011579|0.039341|3.3977, lr=0.0073, time=09.991663

Best model saved with valid acc=92.49116607773851
-----------------------------

Epoch 33: loss=2.1046|0.4993, acc=100.0000|91.5636, fr=0.2320, cin|cout=0.011594|0.039377|3.3963, lr=0.0073, time=09.938917
-----------------------------

Epoch 34: loss=2.0991|0.5138, acc=100.0000|90.5919, fr=0.2315, cin|cout=0.011604|0.039443|3.3992, lr=0.0073, time=11.660975
-----------------------------

Epoch 35: loss=2.0919|0.5155, acc=100.0000|90.5477, fr=0.2315, cin|cout=0.011606|0.039594|3.4116, lr=0.0073, time=10.065899
-----------------------------

Epoch 36: loss=2.0898|0.5135, acc=100.0000|90.3269, fr=0.2348, cin|cout=0.011617|0.039669|3.4146, lr=0.0073, time=11.387502
-----------------------------

Epoch 37: loss=2.0859|0.4867, acc=99.9877|90.8127, fr=0.2358, cin|cout=0.011628|0.039643|3.4093, lr=0.0073, time=10.258349
-----------------------------

Epoch 38: loss=2.0848|0.4914, acc=100.0000|90.1502, fr=0.2340, cin|cout=0.011631|0.039727|3.4154, lr=0.0073, time=09.810610
-----------------------------

Epoch 39: loss=2.0832|0.4878, acc=100.0000|90.8127, fr=0.2372, cin|cout=0.011638|0.039701|3.4113, lr=0.0051, time=10.897350
-----------------------------

Epoch 40: loss=2.0805|0.4894, acc=100.0000|91.3869, fr=0.2333, cin|cout=0.011655|0.039624|3.3997, lr=0.0051, time=10.488092
-----------------------------

Epoch 41: loss=2.0798|0.5104, acc=100.0000|90.8127, fr=0.2320, cin|cout=0.011665|0.039613|3.3959, lr=0.0051, time=10.362282
-----------------------------

Epoch 42: loss=2.0787|0.4899, acc=100.0000|91.2544, fr=0.2298, cin|cout=0.011675|0.039628|3.3943, lr=0.0051, time=10.104313
-----------------------------

Epoch 43: loss=2.0769|0.4907, acc=100.0000|91.2544, fr=0.2284, cin|cout=0.011685|0.039651|3.3931, lr=0.0051, time=10.126702
-----------------------------

Epoch 44: loss=2.0723|0.4883, acc=100.0000|90.9452, fr=0.2296, cin|cout=0.011692|0.039680|3.3939, lr=0.0051, time=10.746035
-----------------------------

Epoch 45: loss=2.0709|0.4972, acc=100.0000|90.7686, fr=0.2293, cin|cout=0.011694|0.039708|3.3955, lr=0.0036, time=10.245390
-----------------------------

Epoch 46: loss=2.0693|0.5173, acc=100.0000|90.6360, fr=0.2277, cin|cout=0.011703|0.039708|3.3929, lr=0.0036, time=09.759603
-----------------------------

Epoch 47: loss=2.0689|0.5036, acc=100.0000|90.9011, fr=0.2257, cin|cout=0.011706|0.039705|3.3920, lr=0.0036, time=10.411974
-----------------------------

