===== Exp configuration =====
date:		08-21-19-52
save_dir:		./log/08-21-19-52
dataset_name:		shd
data_folder:		./data/raw/
input_dim:		700
output_dim:		20
nb_steps:		100
trials:		5
scheduler_patience:		5
scheduler_factor:		0.7
batch_size:		512
nb_epochs:		100
lr:		0.015
weight_decay:		1e-05
reg_factor:		0.5
reg_fmin:		0.01
reg_fmax:		0.1
fr_ent:		0.1
seed:		1692618772
ckpt_freq:		10
threshold:		1.0
smoothing:		0.1
pdrop:		0.1
normalization:		batchnorm
train_input:		True
nb_hiddens:		1024
noise_test:		0.0
device:		cuda:0

Created new spiking model:
 RC(
  (W): Linear(in_features=700, out_features=1024, bias=True)
  (V): Linear(in_features=1024, out_features=1024, bias=False)
  (read): Linear(in_features=1024, out_features=20, bias=True)
  (norm): BatchNorm1d(1024, eps=1e-05, momentum=0.05, affine=True, track_running_stats=True)
  (norm_read): BatchNorm1d(20, eps=1e-05, momentum=0.05, affine=True, track_running_stats=True)
  (drop): Dropout(p=0.1, inplace=False)
)

Total number of trainable parameters is 1793104

**************  Trial 1  **************
Epoch 0: cin|cout=0.002228|0.018324|8.2263
Epoch 1: loss=13.3420|5.7802, acc=18.4895|13.8693, fr=0.5297, cin|cout=0.002376|0.018758|7.8945, lr=0.0150, time=10.636449
-----------------------------

Epoch 2: loss=10.5483|2.0915, acc=21.1991|32.5088, fr=0.4428, cin|cout=0.002509|0.019094|7.6104, lr=0.0150, time=10.110578
-----------------------------

Epoch 3: loss=9.1563|0.9833, acc=52.6116|72.8799, fr=0.4661, cin|cout=0.002522|0.019041|7.5502, lr=0.0150, time=09.697107
-----------------------------

Epoch 4: loss=8.2494|0.6182, acc=75.2330|82.4647, fr=0.4988, cin|cout=0.002547|0.019145|7.5168, lr=0.0150, time=09.675423
-----------------------------

Epoch 5: loss=7.9762|0.4947, acc=86.7460|87.3675, fr=0.5061, cin|cout=0.002532|0.019157|7.5647, lr=0.0150, time=09.504099

Best model saved with valid acc=87.36749116607774
-----------------------------

Epoch 6: loss=7.8564|0.4593, acc=91.9691|87.0141, fr=0.5030, cin|cout=0.002534|0.019211|7.5803, lr=0.0150, time=09.545762
-----------------------------

Epoch 7: loss=7.7897|0.4587, acc=94.1515|87.7650, fr=0.5016, cin|cout=0.002540|0.019201|7.5595, lr=0.0150, time=10.237162

Best model saved with valid acc=87.76501766784452
-----------------------------

Epoch 8: loss=7.7461|0.4516, acc=95.5983|89.0459, fr=0.4894, cin|cout=0.002548|0.019240|7.5504, lr=0.0150, time=09.607002

Best model saved with valid acc=89.04593639575971
-----------------------------

Epoch 9: loss=7.7173|0.4383, acc=96.3462|89.5318, fr=0.4765, cin|cout=0.002555|0.019273|7.5427, lr=0.0150, time=09.584228

Best model saved with valid acc=89.53180212014134
-----------------------------

Epoch 10: loss=7.6885|0.4303, acc=97.3394|89.4435, fr=0.4669, cin|cout=0.002562|0.019307|7.5370, lr=0.0150, time=09.469607
-----------------------------

Epoch 11: loss=7.6624|0.3942, acc=98.3203|90.8569, fr=0.4615, cin|cout=0.002545|0.019277|7.5755, lr=0.0150, time=09.519713

Best model saved with valid acc=90.85689045936395
-----------------------------

Epoch 12: loss=7.6530|0.3920, acc=98.3325|91.6078, fr=0.4583, cin|cout=0.002543|0.019263|7.5746, lr=0.0150, time=09.472348

Best model saved with valid acc=91.60777385159011
-----------------------------

Epoch 13: loss=7.6349|0.4307, acc=98.7494|90.5477, fr=0.4520, cin|cout=0.002549|0.019276|7.5633, lr=0.0150, time=10.044643
-----------------------------

Epoch 14: loss=7.6240|0.4304, acc=99.0682|90.1502, fr=0.4469, cin|cout=0.002545|0.019215|7.5504, lr=0.0150, time=10.223822
-----------------------------

Epoch 15: loss=7.6141|0.4565, acc=99.3134|88.3392, fr=0.4451, cin|cout=0.002532|0.019159|7.5664, lr=0.0150, time=10.067229
-----------------------------

Epoch 16: loss=7.6050|0.4319, acc=99.4605|89.4876, fr=0.4427, cin|cout=0.002534|0.019165|7.5645, lr=0.0150, time=10.528240
-----------------------------

Epoch 17: loss=7.6039|0.4149, acc=99.7057|91.8728, fr=0.4414, cin|cout=0.002532|0.019156|7.5656, lr=0.0150, time=09.812101

Best model saved with valid acc=91.87279151943463
-----------------------------

Epoch 18: loss=7.6035|0.4486, acc=99.7180|90.0618, fr=0.4413, cin|cout=0.002534|0.019160|7.5620, lr=0.0150, time=10.481569
-----------------------------

Epoch 19: loss=7.5956|0.4283, acc=99.8161|90.8127, fr=0.4332, cin|cout=0.002533|0.019155|7.5631, lr=0.0150, time=10.495692
-----------------------------

Epoch 20: loss=7.5876|0.4463, acc=99.8038|89.9735, fr=0.4305, cin|cout=0.002523|0.019113|7.5762, lr=0.0150, time=09.669543
-----------------------------

Epoch 21: loss=7.5831|0.4581, acc=99.9264|90.0618, fr=0.4296, cin|cout=0.002512|0.019096|7.6035, lr=0.0150, time=09.588221
-----------------------------

Epoch 22: loss=7.5792|0.4481, acc=99.9510|90.0177, fr=0.4267, cin|cout=0.002496|0.019083|7.6462, lr=0.0150, time=10.323737
-----------------------------

Epoch 23: loss=7.5704|0.4647, acc=99.9387|90.5919, fr=0.4260, cin|cout=0.002495|0.019103|7.6551, lr=0.0150, time=09.455992
-----------------------------

Epoch 24: loss=7.5615|0.4644, acc=99.9510|90.3269, fr=0.4245, cin|cout=0.002495|0.019103|7.6579, lr=0.0105, time=09.573960
-----------------------------

Epoch 25: loss=7.5560|0.4992, acc=100.0000|89.2668, fr=0.4219, cin|cout=0.002494|0.019098|7.6563, lr=0.0105, time=09.461417
-----------------------------

Epoch 26: loss=7.5509|0.4671, acc=100.0000|90.6360, fr=0.4214, cin|cout=0.002488|0.019065|7.6624, lr=0.0105, time=09.416318
-----------------------------

Epoch 27: loss=7.5461|0.4643, acc=99.9877|90.8127, fr=0.4203, cin|cout=0.002482|0.019031|7.6662, lr=0.0105, time=09.442798
-----------------------------

Epoch 28: loss=7.5431|0.4787, acc=100.0000|89.9735, fr=0.4189, cin|cout=0.002482|0.019022|7.6645, lr=0.0105, time=09.448113
-----------------------------

Epoch 29: loss=7.5421|0.5016, acc=100.0000|90.0618, fr=0.4177, cin|cout=0.002482|0.019022|7.6631, lr=0.0105, time=09.397404
-----------------------------

Epoch 30: loss=7.5386|0.4845, acc=100.0000|89.6643, fr=0.4158, cin|cout=0.002482|0.019021|7.6646, lr=0.0073, time=09.975043
-----------------------------

Epoch 31: loss=7.5367|0.4853, acc=100.0000|90.6802, fr=0.4148, cin|cout=0.002480|0.019012|7.6647, lr=0.0073, time=09.789187
-----------------------------

Epoch 32: loss=7.5365|0.4905, acc=100.0000|89.8852, fr=0.4133, cin|cout=0.002479|0.018998|7.6650, lr=0.0073, time=09.479997
-----------------------------

Epoch 33: loss=7.5344|0.5083, acc=100.0000|89.3551, fr=0.4121, cin|cout=0.002475|0.018973|7.6664, lr=0.0073, time=09.401165
-----------------------------

Epoch 34: loss=7.5337|0.5124, acc=100.0000|89.3551, fr=0.4110, cin|cout=0.002470|0.018947|7.6712, lr=0.0073, time=09.505997
-----------------------------

Epoch 35: loss=7.5329|0.4935, acc=100.0000|90.6802, fr=0.4105, cin|cout=0.002467|0.018939|7.6767, lr=0.0073, time=09.421169
-----------------------------

Epoch 36: loss=7.5307|0.4982, acc=100.0000|90.3710, fr=0.4095, cin|cout=0.002467|0.018935|7.6764, lr=0.0051, time=09.494825
-----------------------------

Epoch 37: loss=7.5286|0.5164, acc=100.0000|89.3993, fr=0.4091, cin|cout=0.002467|0.018933|7.6757, lr=0.0051, time=09.477198
-----------------------------

Epoch 38: loss=7.5277|0.5012, acc=99.9877|89.5760, fr=0.4072, cin|cout=0.002467|0.018941|7.6764, lr=0.0051, time=09.513667
-----------------------------

Epoch 39: loss=7.5223|0.5201, acc=100.0000|89.9293, fr=0.4072, cin|cout=0.002467|0.018945|7.6778, lr=0.0051, time=09.570629
-----------------------------

Epoch 40: loss=7.5189|0.5116, acc=100.0000|89.4435, fr=0.4071, cin|cout=0.002467|0.018945|7.6785, lr=0.0051, time=09.454728
-----------------------------

Epoch 41: loss=7.5167|0.5152, acc=100.0000|89.7085, fr=0.4077, cin|cout=0.002464|0.018933|7.6847, lr=0.0051, time=09.471068
-----------------------------

Epoch 42: loss=7.5156|0.5192, acc=100.0000|89.3551, fr=0.4071, cin|cout=0.002463|0.018932|7.6865, lr=0.0036, time=09.443111
-----------------------------

Epoch 43: loss=7.5152|0.5083, acc=100.0000|89.7968, fr=0.4059, cin|cout=0.002462|0.018926|7.6877, lr=0.0036, time=09.449671
-----------------------------

Epoch 44: loss=7.5143|0.5206, acc=100.0000|89.6201, fr=0.4059, cin|cout=0.002462|0.018924|7.6868, lr=0.0036, time=09.460122
-----------------------------

Epoch 45: loss=7.5146|0.5168, acc=100.0000|89.9293, fr=0.4052, cin|cout=0.002462|0.018928|7.6872, lr=0.0036, time=09.435805
-----------------------------

Epoch 46: loss=7.5140|0.5152, acc=100.0000|89.5318, fr=0.4050, cin|cout=0.002462|0.018926|7.6860, lr=0.0036, time=09.495887
-----------------------------

Epoch 47: loss=7.5136|0.5153, acc=100.0000|89.9735, fr=0.4046, cin|cout=0.002462|0.018923|7.6860, lr=0.0036, time=09.511869
-----------------------------

Epoch 48: loss=7.5128|0.5172, acc=100.0000|90.0618, fr=0.4046, cin|cout=0.002460|0.018916|7.6884, lr=0.0025, time=09.412234
-----------------------------

Epoch 49: loss=7.5120|0.5326, acc=100.0000|89.3551, fr=0.4037, cin|cout=0.002460|0.018913|7.6891, lr=0.0025, time=09.453176
-----------------------------

Epoch 50: loss=7.5119|0.5114, acc=100.0000|89.6643, fr=0.4036, cin|cout=0.002459|0.018910|7.6894, lr=0.0025, time=09.527064
-----------------------------

Epoch 51: loss=7.5114|0.5271, acc=100.0000|89.9293, fr=0.4027, cin|cout=0.002459|0.018908|7.6902, lr=0.0025, time=10.253827
-----------------------------

