===== Exp configuration =====
date:		08-21-19-24
save_dir:		./log/08-21-19-24
dataset_name:		shd
data_folder:		./data/raw/
input_dim:		700
output_dim:		20
nb_steps:		100
trials:		5
scheduler_patience:		20
scheduler_factor:		0.7
batch_size:		512
nb_epochs:		100
lr:		0.015
weight_decay:		1e-05
reg_factor:		0.5
reg_fmin:		0.01
reg_fmax:		0.1
fr_ent:		0.1
seed:		1692617062
ckpt_freq:		10
threshold:		1.0
smoothing:		0.1
pdrop:		0.1
normalization:		batchnorm
train_input:		False
nb_hiddens:		1024
noise_test:		0.0
device:		cuda:0

Created new spiking model:
 RC(
  (W): Linear(in_features=700, out_features=1024, bias=True)
  (V): Linear(in_features=1024, out_features=1024, bias=False)
  (read): Linear(in_features=1024, out_features=20, bias=True)
  (norm): BatchNorm1d(1024, eps=1e-05, momentum=0.05, affine=True, track_running_stats=True)
  (norm_read): BatchNorm1d(20, eps=1e-05, momentum=0.05, affine=True, track_running_stats=True)
  (drop): Dropout(p=0.1, inplace=False)
)

Total number of trainable parameters is 1075280

**************  Trial 1  **************
Epoch 0: cin|cout=0.000266|0.006185|23.2702
Epoch 1: loss=134.8827|4.1394, acc=4.8431|5.2562, fr=5.3759, cin|cout=0.002963|0.017908|6.0434, lr=0.0075, time=09.444257
-----------------------------

Epoch 2: loss=101.4782|3.8228, acc=5.3090|5.3004, fr=4.5039, cin|cout=0.007011|0.029172|4.1609, lr=0.0075, time=09.111757
-----------------------------

Epoch 3: loss=76.0192|3.6590, acc=4.5120|4.5936, fr=3.6582, cin|cout=0.010097|0.035416|3.5077, lr=0.0075, time=08.797338
-----------------------------

Epoch 4: loss=57.7506|3.5245, acc=4.8308|4.3286, fr=3.0283, cin|cout=0.011743|0.038407|3.2706, lr=0.0075, time=08.490028
-----------------------------

Epoch 5: loss=45.6101|3.4265, acc=5.1373|5.0353, fr=2.5805, cin|cout=0.012568|0.039371|3.1326, lr=0.0075, time=08.538363
-----------------------------

Epoch 6: loss=35.9787|3.3613, acc=5.1986|5.0353, fr=2.2156, cin|cout=0.013081|0.039394|3.0116, lr=0.0075, time=07.918768
-----------------------------

Epoch 7: loss=28.9500|3.3014, acc=5.1618|5.3004, fr=1.9397, cin|cout=0.013325|0.039446|2.9603, lr=0.0075, time=08.265627
-----------------------------

Epoch 8: loss=23.9905|3.2812, acc=5.1496|5.5212, fr=1.7337, cin|cout=0.013447|0.039176|2.9132, lr=0.0075, time=09.141803
-----------------------------

Epoch 9: loss=19.9161|3.2339, acc=4.9289|5.6537, fr=1.5678, cin|cout=0.013535|0.039020|2.8830, lr=0.0075, time=08.183944
-----------------------------

Epoch 10: loss=16.6733|3.2375, acc=5.1986|4.9028, fr=1.4321, cin|cout=0.013577|0.039045|2.8758, lr=0.0075, time=08.376545
-----------------------------

Epoch 11: loss=14.4546|3.2303, acc=5.0392|5.0353, fr=1.3364, cin|cout=0.013609|0.039123|2.8747, lr=0.0075, time=07.944018
-----------------------------

Epoch 12: loss=12.6461|3.1953, acc=5.5297|4.9028, fr=1.2610, cin|cout=0.013636|0.039171|2.8727, lr=0.0075, time=07.951286
-----------------------------

Epoch 13: loss=11.2739|3.2026, acc=5.1373|4.5053, fr=1.2007, cin|cout=0.013657|0.039221|2.8718, lr=0.0075, time=07.839391
-----------------------------

Epoch 14: loss=10.4647|3.2180, acc=5.4071|4.1961, fr=1.1616, cin|cout=0.013665|0.039232|2.8710, lr=0.0075, time=07.918049
-----------------------------

Epoch 15: loss=9.8864|3.1679, acc=4.7205|4.9470, fr=1.1380, cin|cout=0.013678|0.039201|2.8660, lr=0.0075, time=08.626988
-----------------------------

Epoch 16: loss=9.2932|3.1658, acc=5.1986|5.4329, fr=1.1175, cin|cout=0.013686|0.039199|2.8641, lr=0.0075, time=08.779831
-----------------------------

Epoch 17: loss=8.8473|3.1637, acc=5.4193|4.8587, fr=1.1007, cin|cout=0.013689|0.039200|2.8637, lr=0.0075, time=08.990674
-----------------------------

Epoch 18: loss=8.4938|3.1565, acc=5.2599|4.9912, fr=1.0848, cin|cout=0.013689|0.039217|2.8647, lr=0.0075, time=09.117348
-----------------------------

Epoch 19: loss=8.1030|3.1462, acc=5.0147|4.7261, fr=1.0703, cin|cout=0.013696|0.039207|2.8627, lr=0.0075, time=08.883756
-----------------------------

Epoch 20: loss=7.7426|3.1471, acc=5.0883|4.3728, fr=1.0539, cin|cout=0.013697|0.039224|2.8637, lr=0.0075, time=08.679592
-----------------------------

Epoch 21: loss=7.4862|3.1382, acc=5.1986|4.6378, fr=1.0454, cin|cout=0.013685|0.039253|2.8682, lr=0.0075, time=08.551536
-----------------------------

Epoch 22: loss=7.2781|3.1410, acc=5.4193|5.1678, fr=1.0380, cin|cout=0.013683|0.039272|2.8701, lr=0.0075, time=08.664508
-----------------------------

Epoch 23: loss=7.0261|3.1210, acc=4.7940|5.0353, fr=1.0264, cin|cout=0.013687|0.039283|2.8702, lr=0.0075, time=08.717182
-----------------------------

Epoch 24: loss=6.7604|3.1260, acc=5.2722|4.6378, fr=1.0161, cin|cout=0.013685|0.039309|2.8725, lr=0.0075, time=08.711295
-----------------------------

Epoch 25: loss=6.5733|3.1188, acc=5.2354|5.1237, fr=1.0082, cin|cout=0.013683|0.039338|2.8750, lr=0.0075, time=08.225856
-----------------------------

Epoch 26: loss=6.3876|3.1213, acc=5.1373|5.0353, fr=1.0006, cin|cout=0.013683|0.039360|2.8766, lr=0.0075, time=08.343076
-----------------------------

Epoch 27: loss=6.2404|3.1154, acc=4.9166|4.1961, fr=0.9954, cin|cout=0.013685|0.039367|2.8767, lr=0.0075, time=07.888782
-----------------------------

Epoch 28: loss=6.1309|3.0933, acc=5.1496|5.6095, fr=0.9911, cin|cout=0.013684|0.039373|2.8773, lr=0.0075, time=07.891825
-----------------------------

Epoch 29: loss=6.0003|3.1204, acc=5.0147|4.7261, fr=0.9844, cin|cout=0.013683|0.039392|2.8789, lr=0.0075, time=07.893012
-----------------------------

Epoch 30: loss=5.8407|3.1028, acc=5.2477|4.9028, fr=0.9775, cin|cout=0.013701|0.039343|2.8715, lr=0.0075, time=07.922293
-----------------------------

Epoch 31: loss=5.6299|3.1029, acc=5.7626|4.7261, fr=0.9717, cin|cout=0.013709|0.039332|2.8691, lr=0.0052, time=07.916649
-----------------------------

Epoch 32: loss=5.4524|3.1077, acc=5.3703|4.7261, fr=0.9595, cin|cout=0.013710|0.039334|2.8690, lr=0.0052, time=08.484061
-----------------------------

Epoch 33: loss=5.3959|3.0981, acc=4.7572|5.4329, fr=0.9535, cin|cout=0.013711|0.039332|2.8687, lr=0.0052, time=08.264796
-----------------------------

Epoch 34: loss=5.2766|3.0993, acc=5.4561|5.4770, fr=0.9478, cin|cout=0.013713|0.039321|2.8674, lr=0.0052, time=07.980708
-----------------------------

Epoch 35: loss=5.1900|3.0923, acc=5.1005|4.8145, fr=0.9444, cin|cout=0.013714|0.039323|2.8673, lr=0.0052, time=07.847994
-----------------------------

Epoch 36: loss=5.1197|3.0942, acc=5.2354|5.2120, fr=0.9394, cin|cout=0.013715|0.039323|2.8672, lr=0.0052, time=07.944083
-----------------------------

Epoch 37: loss=5.0765|3.0958, acc=4.8063|4.6378, fr=0.9347, cin|cout=0.013713|0.039320|2.8673, lr=0.0052, time=07.848104
-----------------------------

Epoch 38: loss=4.9664|3.0756, acc=5.4071|4.3286, fr=0.9293, cin|cout=0.013712|0.039371|2.8712, lr=0.0052, time=07.876372
-----------------------------

Epoch 39: loss=4.9008|3.0953, acc=5.2477|4.5053, fr=0.9264, cin|cout=0.013713|0.039405|2.8736, lr=0.0052, time=07.892038
-----------------------------

Epoch 40: loss=4.8689|3.0688, acc=5.2845|5.3887, fr=0.9248, cin|cout=0.013713|0.039425|2.8750, lr=0.0052, time=08.307630
-----------------------------

Epoch 41: loss=4.8552|3.0713, acc=5.3090|5.7862, fr=0.9230, cin|cout=0.013717|0.039453|2.8762, lr=0.0052, time=08.428576
-----------------------------

