===== Exp configuration =====
date:		08-22-15-44
save_dir:		./log/08-22-15-44
dataset_name:		shd
data_folder:		./data/raw/
input_dim:		700
output_dim:		20
nb_steps:		100
trials:		100
scheduler_patience:		5
scheduler_factor:		0.7
lens:		0.5
gamma:		0.5
gradient_type:		linear
scale:		6.0
hight:		0.15
best_acc:		92
batch_size:		512
nb_epochs:		50
lr:		0.015
weight_decay:		1e-05
reg_factor:		0.5
reg_fmin:		0.01
reg_fmax:		0.1
fr_ent:		0.1
seed:		117
ckpt_freq:		-1
threshold:		1.0
smoothing:		0.1
pdrop:		0.1
normalization:		batchnorm
train_input:		False
nb_hiddens:		128
noise_test:		0.0
device:		cuda:0

Created new spiking model:
 RC(
  (W): Linear(in_features=700, out_features=128, bias=True)
  (V): Linear(in_features=128, out_features=128, bias=False)
  (read): Linear(in_features=128, out_features=20, bias=True)
  (norm): BatchNorm1d(128, eps=1e-05, momentum=0.05, affine=True, track_running_stats=True)
  (norm_read): BatchNorm1d(20, eps=1e-05, momentum=0.05, affine=True, track_running_stats=True)
  (drop): Dropout(p=0.1, inplace=False)
)

Total number of trainable parameters is 19792

**************  Trial 1  **************
Epoch 0: cin|cout=0.001579|0.012723|8.0589
-----------------------------

Epoch 1: loss=3.7388|2.9551, acc=19.9362|8.6131, fr=0.5537, cin|cout=0.012281|0.039313|3.2013, lr=0.0150, time=06.845909
-----------------------------

Epoch 2: loss=3.1175|2.4097, acc=17.8641|24.9117, fr=0.2765, cin|cout=0.017575|0.046718|2.6581, lr=0.0150, time=06.631907
-----------------------------

Epoch 3: loss=2.7723|2.0300, acc=26.6675|36.4399, fr=0.4172, cin|cout=0.019299|0.046089|2.3882, lr=0.0150, time=06.169509
-----------------------------

Epoch 4: loss=2.3964|1.7298, acc=36.4026|46.2898, fr=0.4906, cin|cout=0.019988|0.045199|2.2613, lr=0.0150, time=06.143845
-----------------------------

Epoch 5: loss=2.1423|1.5888, acc=42.4595|49.6025, fr=0.5222, cin|cout=0.020366|0.043995|2.1603, lr=0.0150, time=06.059848
-----------------------------

Epoch 6: loss=2.0096|1.4849, acc=46.1991|52.1643, fr=0.5208, cin|cout=0.020675|0.043735|2.1153, lr=0.0150, time=05.563389
-----------------------------

Epoch 7: loss=1.8681|1.3781, acc=51.8146|52.8269, fr=0.5101, cin|cout=0.020837|0.044800|2.1500, lr=0.0150, time=06.580355
-----------------------------

Epoch 8: loss=1.7637|1.3421, acc=55.6278|55.2562, fr=0.5148, cin|cout=0.020901|0.043845|2.0978, lr=0.0150, time=05.589137
-----------------------------

Epoch 9: loss=1.7340|1.2482, acc=57.0623|59.4965, fr=0.5256, cin|cout=0.020925|0.043317|2.0701, lr=0.0150, time=05.716043
-----------------------------

Epoch 10: loss=1.6807|1.1608, acc=59.3796|63.8693, fr=0.5274, cin|cout=0.020988|0.042873|2.0427, lr=0.0150, time=05.674248
-----------------------------

Epoch 11: loss=1.5874|1.0524, acc=64.5169|66.1219, fr=0.5405, cin|cout=0.020972|0.042891|2.0452, lr=0.0150, time=06.425615
-----------------------------

Epoch 12: loss=1.5805|1.0479, acc=64.7867|66.4753, fr=0.5320, cin|cout=0.021008|0.042226|2.0100, lr=0.0150, time=05.666283
-----------------------------

Epoch 13: loss=1.5522|1.0042, acc=66.7484|67.5353, fr=0.5323, cin|cout=0.021054|0.041358|1.9643, lr=0.0150, time=06.374940
-----------------------------

Epoch 14: loss=1.5823|1.0171, acc=66.1476|66.6519, fr=0.5181, cin|cout=0.021028|0.042059|2.0001, lr=0.0150, time=06.385543
-----------------------------

Epoch 15: loss=1.4914|0.9519, acc=68.8818|67.8887, fr=0.5333, cin|cout=0.021020|0.042421|2.0181, lr=0.0150, time=05.662412
-----------------------------

Epoch 16: loss=1.4340|0.9115, acc=72.8298|70.7155, fr=0.5470, cin|cout=0.021057|0.042085|1.9986, lr=0.0150, time=06.410928
-----------------------------

Epoch 17: loss=1.4265|0.8921, acc=72.3762|71.7756, fr=0.5471, cin|cout=0.021079|0.041977|1.9913, lr=0.0150, time=06.340341
-----------------------------

Epoch 18: loss=1.4081|0.8326, acc=73.5410|73.2332, fr=0.5396, cin|cout=0.021175|0.042369|2.0009, lr=0.0150, time=06.446415
-----------------------------

Epoch 19: loss=1.3759|0.8794, acc=75.1349|72.8799, fr=0.5744, cin|cout=0.021192|0.042391|2.0003, lr=0.0150, time=05.717306
-----------------------------

Epoch 20: loss=1.3557|0.7832, acc=76.1770|75.7509, fr=0.5738, cin|cout=0.021224|0.042206|1.9886, lr=0.0150, time=05.997983
-----------------------------

Epoch 21: loss=1.3184|0.7653, acc=77.6116|77.0760, fr=0.5952, cin|cout=0.021213|0.042283|1.9933, lr=0.0150, time=07.017551
-----------------------------

Epoch 22: loss=1.2923|0.8017, acc=79.0706|74.3375, fr=0.6064, cin|cout=0.021210|0.042306|1.9947, lr=0.0150, time=05.743838
-----------------------------

Epoch 23: loss=1.2998|0.7808, acc=79.5856|76.1926, fr=0.5951, cin|cout=0.021248|0.042087|1.9808, lr=0.0150, time=05.897648
-----------------------------

Epoch 24: loss=1.2902|0.7873, acc=80.2967|74.6466, fr=0.5784, cin|cout=0.021244|0.042103|1.9819, lr=0.0150, time=05.905523
-----------------------------

Epoch 25: loss=1.2705|0.7036, acc=80.3948|78.2244, fr=0.6063, cin|cout=0.021236|0.042141|1.9844, lr=0.0150, time=05.688346
-----------------------------

Epoch 26: loss=1.2579|0.7413, acc=80.9956|76.1484, fr=0.6272, cin|cout=0.021213|0.042272|1.9927, lr=0.0150, time=05.514076
-----------------------------

Epoch 27: loss=1.2408|0.7240, acc=82.4301|76.9435, fr=0.6447, cin|cout=0.021203|0.042352|1.9975, lr=0.0150, time=05.692994
-----------------------------

Epoch 28: loss=1.2395|0.7153, acc=81.9152|77.9594, fr=0.6539, cin|cout=0.021217|0.042243|1.9910, lr=0.0150, time=05.579571
-----------------------------

Epoch 29: loss=1.2140|0.6276, acc=84.0853|80.6979, fr=0.6519, cin|cout=0.021238|0.042124|1.9834, lr=0.0150, time=05.682447
-----------------------------

Epoch 30: loss=1.2153|0.7489, acc=83.4846|76.6343, fr=0.6702, cin|cout=0.021238|0.042126|1.9835, lr=0.0150, time=05.482552
-----------------------------

Epoch 31: loss=1.1937|0.7146, acc=84.2938|78.7102, fr=0.6789, cin|cout=0.021223|0.042205|1.9887, lr=0.0150, time=05.620841
-----------------------------

Epoch 32: loss=1.1902|0.6856, acc=84.4532|78.1802, fr=0.6758, cin|cout=0.021237|0.042123|1.9834, lr=0.0150, time=05.679243
-----------------------------

Epoch 33: loss=1.1892|0.7364, acc=84.5145|77.2968, fr=0.6875, cin|cout=0.021223|0.042200|1.9884, lr=0.0150, time=05.739460
-----------------------------

Epoch 34: loss=1.1790|0.6623, acc=84.6371|78.8869, fr=0.6706, cin|cout=0.021219|0.042220|1.9897, lr=0.0150, time=05.574125
-----------------------------

Epoch 35: loss=1.1979|0.6939, acc=83.9750|78.7102, fr=0.7026, cin|cout=0.021203|0.042328|1.9963, lr=0.0150, time=06.537240
-----------------------------

Epoch 36: loss=1.1568|0.7123, acc=85.9613|77.5177, fr=0.6817, cin|cout=0.021197|0.042379|1.9993, lr=0.0105, time=06.481530
-----------------------------

Epoch 37: loss=1.1528|0.7123, acc=85.8509|78.0035, fr=0.7167, cin|cout=0.021176|0.042709|2.0168, lr=0.0105, time=05.857720
-----------------------------

Epoch 38: loss=1.1451|0.7171, acc=86.2187|77.8710, fr=0.7212, cin|cout=0.021175|0.042790|2.0208, lr=0.0105, time=05.824841
-----------------------------

Epoch 39: loss=1.1282|0.6786, acc=87.4326|78.9753, fr=0.7480, cin|cout=0.021175|0.042806|2.0215, lr=0.0105, time=05.593936
-----------------------------

Epoch 40: loss=1.1251|0.6634, acc=87.0647|81.1837, fr=0.7497, cin|cout=0.021175|0.042808|2.0217, lr=0.0105, time=05.540268
-----------------------------

Epoch 41: loss=1.1157|0.6580, acc=87.7759|79.8587, fr=0.7619, cin|cout=0.021174|0.042809|2.0217, lr=0.0105, time=05.495775
-----------------------------

Epoch 42: loss=1.1067|0.6722, acc=88.0579|79.8587, fr=0.7634, cin|cout=0.021174|0.042809|2.0217, lr=0.0105, time=05.647395
-----------------------------

Epoch 43: loss=1.0933|0.6595, acc=88.3031|79.8145, fr=0.7470, cin|cout=0.021174|0.042809|2.0217, lr=0.0105, time=05.811759
-----------------------------

Epoch 44: loss=1.0897|0.6855, acc=89.0755|78.5777, fr=0.7836, cin|cout=0.021174|0.042809|2.0217, lr=0.0105, time=06.439775
-----------------------------

Epoch 45: loss=1.1006|0.6745, acc=88.2663|79.7261, fr=0.7823, cin|cout=0.021174|0.042808|2.0217, lr=0.0105, time=06.138442
-----------------------------

Epoch 46: loss=1.0959|0.6566, acc=88.5115|81.4929, fr=0.7690, cin|cout=0.021174|0.042808|2.0217, lr=0.0105, time=05.781924
-----------------------------

Epoch 47: loss=1.0838|0.6729, acc=89.1123|79.1078, fr=0.7815, cin|cout=0.021174|0.042808|2.0218, lr=0.0105, time=06.195494
-----------------------------

Epoch 48: loss=1.0784|0.6538, acc=89.2349|80.1237, fr=0.7990, cin|cout=0.021174|0.042808|2.0218, lr=0.0105, time=06.640454
-----------------------------

Epoch 49: loss=1.0695|0.6748, acc=89.9583|79.9028, fr=0.8043, cin|cout=0.021174|0.042808|2.0218, lr=0.0105, time=05.696810
-----------------------------

Epoch 50: loss=1.0651|0.6823, acc=90.0687|78.3127, fr=0.8016, cin|cout=0.021174|0.042808|2.0218, lr=0.0105, time=05.537254
-----------------------------


Best valid acc at epoch 0: 92

------ Training finished ------


**************  Trial 2  **************
Epoch 0: cin|cout=0.001553|0.012898|8.3051
-----------------------------

Epoch 1: loss=3.7507|2.9289, acc=20.0343|5.5212, fr=0.5118, cin|cout=0.010815|0.030765|2.8446, lr=0.0150, time=05.965224
-----------------------------

Epoch 2: loss=3.1059|2.5173, acc=16.5154|19.6555, fr=0.2968, cin|cout=0.015352|0.037498|2.4426, lr=0.0150, time=06.251855
-----------------------------

Epoch 3: loss=2.8999|2.3646, acc=21.3830|24.2491, fr=0.3547, cin|cout=0.016579|0.039012|2.3531, lr=0.0150, time=05.540061
-----------------------------

Epoch 4: loss=2.6231|2.1153, acc=26.4713|32.6413, fr=0.4041, cin|cout=0.016792|0.039563|2.3560, lr=0.0150, time=05.576881
-----------------------------

Epoch 5: loss=2.3981|1.9201, acc=32.9083|38.5601, fr=0.4779, cin|cout=0.016913|0.039343|2.3262, lr=0.0150, time=05.920014
-----------------------------

Epoch 6: loss=2.1472|1.7650, acc=40.7798|42.2703, fr=0.5380, cin|cout=0.017078|0.037566|2.1997, lr=0.0150, time=05.591817
-----------------------------

Epoch 7: loss=2.0011|1.6136, acc=45.5983|49.8233, fr=0.5592, cin|cout=0.017199|0.036897|2.1454, lr=0.0150, time=05.735825
-----------------------------

