0.113,0.109,2.488930034637451,2.308802843093872
0.132,0.106,2.3014339208602905,2.3137991428375244
0.132,0.104,2.2986135053634644,2.3063061237335205
0.13,0.111,2.2983305788040163,2.30696439743042
0.133,0.109,2.2992836904525755,2.306300163269043
0.118,0.116,2.3001855278015135,2.3093745708465576
0.118,0.111,2.2993053150177003,2.3045692443847656
0.131,0.112,2.299682445526123,2.3069345951080322
0.125,0.113,2.2972771024703977,2.304884195327759
0.11,0.111,2.299776654243469,2.3077542781829834
0.128,0.113,2.298971662521362,2.306989908218384
0.137,0.111,2.2976021575927734,2.303701877593994
0.123,0.122,2.299499578475952,2.3036093711853027
0.109,0.109,2.2990344095230104,2.305323600769043
0.125,0.105,2.2997561931610107,2.306574821472168
0.13,0.117,2.299936685562134,2.3033833503723145
0.127,0.126,2.297163224220276,2.304931879043579
0.146,0.107,2.2960061025619507,2.3075850009918213
0.127,0.107,2.2973178386688233,2.304760694503784
0.125,0.123,2.295579695701599,2.304091691970825
0.132,0.121,2.295402660369873,2.3028275966644287
0.138,0.119,2.2956256341934203,2.304309129714966
0.124,0.124,2.296690363883972,2.3059041500091553
0.123,0.102,2.295438208580017,2.304791212081909
0.135,0.127,2.294739990234375,2.3079652786254883
0.123,0.123,2.296311717033386,2.306044101715088
0.125,0.118,2.2951856899261474,2.3024487495422363
0.127,0.113,2.2953072452545165,2.3035476207733154
0.133,0.115,2.2945424795150755,2.3037283420562744
0.129,0.114,2.2966235876083374,2.3064076900482178
0.141,0.117,2.2943229484558105,2.303135871887207
0.142,0.114,2.293505744934082,2.3032753467559814
0.149,0.121,2.2921808433532713,2.3008830547332764
0.135,0.112,2.293356056213379,2.30088472366333
0.146,0.117,2.29468852519989,2.3032617568969727
0.146,0.123,2.2944582080841065,2.3028552532196045
0.121,0.114,2.294233675003052,2.3032450675964355
0.138,0.12,2.293262686729431,2.299675941467285
0.132,0.121,2.2940385484695436,2.3065311908721924
0.139,0.11,2.2946741437911986,2.3032948970794678
0.138,0.116,2.294754366874695,2.3024423122406006
0.136,0.126,2.297431378364563,2.3040244579315186
0.153,0.106,2.2914952754974367,2.302288055419922
0.134,0.126,2.292541856765747,2.2998886108398438
0.144,0.121,2.2908005857467653,2.301684617996216
0.143,0.135,2.2908018827438354,2.2999281883239746
0.141,0.13,2.291293292045593,2.299156904220581
0.151,0.126,2.2924833917617797,2.2999093532562256
0.131,0.124,2.2918139600753786,2.299879789352417
0.148,0.123,2.292210187911987,2.2994096279144287
0.12,0.117,2.2907826137542724,2.2987473011016846
0.138,0.154,2.2897170066833494,2.29925799369812
0.153,0.157,2.2910937070846558,2.2975728511810303
0.166,0.126,2.2893579483032225,2.2984514236450195
0.135,0.145,2.291127095222473,2.3004775047302246
0.145,0.133,2.2894550704956056,2.298767566680908
0.135,0.157,2.290207085609436,2.2982261180877686
0.148,0.143,2.290048384666443,2.298068046569824
0.154,0.124,2.290010414123535,2.2983813285827637
0.142,0.118,2.288606219291687,2.298959732055664
0.161,0.118,2.2873006582260134,2.298917531967163
0.137,0.132,2.287868618965149,2.2986104488372803
0.142,0.149,2.2891260766983033,2.295210361480713
0.166,0.12,2.28681706905365,2.2980873584747314
0.125,0.122,2.288720574378967,2.2971222400665283
0.147,0.131,2.2888131618499754,2.2976441383361816
0.144,0.13,2.290498275756836,2.2963664531707764
0.15,0.143,2.288457489013672,2.2941298484802246
0.134,0.132,2.2863238763809206,2.295809268951416
0.144,0.124,2.2881102323532105,2.2950892448425293
0.146,0.132,2.2887416076660156,2.2981302738189697
0.152,0.142,2.2861680459976195,2.2935643196105957
0.166,0.133,2.285469527244568,2.2940080165863037
0.148,0.117,2.283566002845764,2.2989065647125244
0.145,0.151,2.2858056259155273,2.291931629180908
0.152,0.128,2.28500346660614,2.2931137084960938
0.157,0.14,2.2830011463165283,2.2927613258361816
0.152,0.148,2.285310230255127,2.2899832725524902
0.164,0.122,2.284787344932556,2.295093059539795
0.142,0.161,2.2848399925231933,2.2925033569335938
0.169,0.127,2.2836617994308472,2.291701078414917
0.144,0.111,2.283932991027832,2.293975353240967
0.137,0.118,2.2839593076705933,2.2952427864074707
0.145,0.131,2.2849545431137086,2.293785333633423
0.164,0.114,2.2849620532989503,2.2946865558624268
0.161,0.15,2.2836219263076782,2.289463520050049
0.147,0.143,2.281477541923523,2.29142427444458
0.162,0.108,2.2822065019607543,2.295603036880493
0.125,0.167,2.2827843952178957,2.291863203048706
0.144,0.147,2.2814502906799317,2.2894723415374756
0.152,0.13,2.2827335739135743,2.291611671447754
0.153,0.13,2.2799125051498415,2.291426658630371
0.173,0.124,2.281631422042847,2.291287422180176
0.141,0.136,2.2797413158416746,2.289656162261963
0.155,0.146,2.2812617778778077,2.2870516777038574
0.167,0.137,2.2804405975341795,2.2895188331604004
0.128,0.144,2.2797200584411623,2.291910171508789
0.155,0.16,2.2804061508178712,2.287454843521118
0.158,0.146,2.2794766139984133,2.2897067070007324
0.157,0.145,2.2826802825927732,2.2892038822174072
0.14,0.155,2.2801318693161012,2.2871201038360596
0.166,0.179,2.2781597995758056,2.287175178527832
0.186,0.143,2.2772062253952026,2.287343978881836
0.137,0.144,2.2781019830703735,2.2862443923950195
0.169,0.17,2.279195313453674,2.287796974182129
0.174,0.146,2.276928334236145,2.2888681888580322
0.166,0.127,2.2794732999801637,2.28678560256958
0.165,0.155,2.2776196432113647,2.288174867630005
0.151,0.171,2.2785797119140625,2.2842304706573486
0.184,0.165,2.2786238098144533,2.287487506866455
0.181,0.168,2.2781431007385256,2.286668300628662
0.179,0.151,2.27407555103302,2.286675214767456
0.152,0.149,2.2780082273483275,2.288942575454712
0.182,0.169,2.2769198179244996,2.28295636177063
0.169,0.142,2.2767797613143923,2.284846544265747
0.164,0.143,2.275348734855652,2.28627347946167
0.177,0.152,2.274967918395996,2.282489776611328
0.147,0.17,2.275380182266235,2.284452438354492
0.151,0.176,2.2756790924072265,2.2848665714263916
0.181,0.156,2.274073214530945,2.2835400104522705
0.184,0.166,2.2740437889099123,2.282504081726074
0.182,0.153,2.2716663455963135,2.284503221511841
0.177,0.165,2.272359790802002,2.281745433807373
0.17,0.148,2.272785677909851,2.2829861640930176
0.175,0.153,2.271780095100403,2.2816805839538574
0.148,0.123,2.2739550828933717,2.284393310546875
0.176,0.174,2.2714547061920167,2.281081199645996
0.167,0.13,2.274030704498291,2.2884130477905273
0.19,0.141,2.2711447143554686,2.2816386222839355
0.163,0.139,2.2714018774032594,2.2810299396514893
0.181,0.126,2.2716070413589478,2.2840662002563477
0.141,0.165,2.2703594064712522,2.283292531967163
0.194,0.152,2.270605902671814,2.282118797302246
0.193,0.165,2.269002523422241,2.280280828475952
0.17,0.126,2.2685812950134276,2.2825381755828857
0.199,0.128,2.2720430994033816,2.2818541526794434
0.147,0.153,2.2691048192977905,2.279690742492676
0.2,0.136,2.268708357810974,2.2808849811553955
0.186,0.174,2.268155212402344,2.2806880474090576
0.208,0.149,2.2696803760528566,2.2802226543426514
0.169,0.162,2.268026328086853,2.283060073852539
0.193,0.177,2.2695285272598267,2.2777822017669678
0.18,0.168,2.2698557710647584,2.276841878890991
0.199,0.153,2.266882004737854,2.2845816612243652
0.177,0.175,2.268730182647705,2.277588367462158
0.163,0.136,2.26911997795105,2.2805144786834717
0.184,0.161,2.265860595703125,2.279917001724243
0.174,0.129,2.2682237815856934,2.279207229614258
0.19,0.172,2.2664562368392946,2.279736280441284
0.175,0.154,2.2691206121444703,2.279874563217163
0.187,0.132,2.2663767337799072,2.2803022861480713
0.17,0.184,2.2650664854049682,2.2766873836517334
0.198,0.169,2.2663078022003176,2.2779171466827393
0.195,0.152,2.2672516012191775,2.2763404846191406
0.206,0.18,2.2664443683624267,2.278705596923828
0.191,0.177,2.266096062660217,2.2766005992889404
0.165,0.127,2.267537541389465,2.279930830001831
0.168,0.169,2.268458285331726,2.277599811553955
0.203,0.153,2.2622423505783082,2.278137683868408
0.178,0.164,2.264565830230713,2.276601552963257
0.204,0.176,2.262405753135681,2.2755239009857178
0.19,0.148,2.264647436141968,2.2775423526763916
0.173,0.165,2.2635907459259035,2.274009943008423
0.2,0.176,2.2617264795303345,2.276557207107544
0.202,0.155,2.263737735748291,2.2772376537323
0.166,0.14,2.2635311555862425,2.2753660678863525
0.187,0.172,2.261585273742676,2.2744243144989014
0.186,0.176,2.2637527227401733,2.274967670440674
0.202,0.172,2.260764970779419,2.271737575531006
0.204,0.16,2.2613810157775878,2.2729828357696533
0.163,0.177,2.261451530456543,2.274580478668213
0.201,0.179,2.2607706785202026,2.2733771800994873
0.207,0.181,2.261329131126404,2.2727859020233154
0.189,0.176,2.259847893714905,2.2712604999542236
0.179,0.138,2.2607329845428468,2.273571491241455
0.202,0.158,2.259137578010559,2.2748286724090576
0.189,0.146,2.2593743991851807,2.273430347442627
0.161,0.181,2.25993257522583,2.272237539291382
0.195,0.156,2.261285243034363,2.277155876159668
0.21,0.159,2.2566566371917727,2.2716095447540283
0.166,0.198,2.2569960021972655,2.2694733142852783
0.214,0.182,2.258538827896118,2.269622325897217
0.186,0.174,2.259596838951111,2.2737114429473877
0.2,0.201,2.2594444227218626,2.268282890319824
0.191,0.162,2.257612066268921,2.269989013671875
0.215,0.178,2.256651768684387,2.2680699825286865
0.193,0.161,2.2573081398010255,2.2697885036468506
0.2,0.155,2.2554202938079833,2.2718141078948975
0.187,0.181,2.256215925216675,2.268822431564331
0.191,0.181,2.257047290802002,2.268079996109009
0.201,0.168,2.254402170181274,2.267563819885254
0.205,0.19,2.25825984954834,2.268385171890259
0.187,0.195,2.256064229011536,2.2672364711761475
0.221,0.187,2.2541075706481934,2.2666146755218506
0.173,0.19,2.255690236091614,2.264864683151245
0.213,0.184,2.2551535320281983,2.266244411468506
0.189,0.174,2.2555395650863646,2.2661612033843994
0.18,0.162,2.2538966369628906,2.269671678543091
0.201,0.178,2.2533198833465575,2.267591714859009
0.207,0.19,2.2543259477615356,2.266469717025757
0.185,0.191,2.255135679244995,2.2648375034332275
0.197,0.16,2.253740611076355,2.2686171531677246
0.197,0.175,2.254694757461548,2.2660086154937744
0.185,0.166,2.2529337882995604,2.267096519470215
0.19,0.192,2.2540479707717895,2.2669837474823
0.192,0.192,2.250890784263611,2.262688159942627
0.195,0.193,2.2529874229431153,2.263958215713501
0.204,0.182,2.2536581707000733,2.263582229614258
0.202,0.177,2.24927668094635,2.2656350135803223
0.178,0.167,2.2526733255386353,2.2649176120758057
0.201,0.165,2.2510561180114745,2.2642464637756348
0.199,0.164,2.2498226499557497,2.265022039413452
0.191,0.188,2.2507411289215087,2.263542652130127
0.199,0.189,2.2517534732818603,2.261751174926758
0.201,0.173,2.2524887990951536,2.2694997787475586
0.187,0.183,2.249655313491821,2.263598918914795
0.22,0.192,2.249902801513672,2.2626922130584717
0.202,0.187,2.2477814245223997,2.26133131980896
0.22,0.187,2.249061803817749,2.2606422901153564
0.202,0.188,2.2485982322692872,2.2631711959838867
0.204,0.191,2.247467999458313,2.2596964836120605
0.211,0.187,2.248719024658203,2.2630558013916016
0.202,0.178,2.2507096195220946,2.2607669830322266
0.209,0.178,2.2477091646194456,2.263345956802368
0.184,0.16,2.2498779296875,2.263475179672241
0.194,0.198,2.2469054460525513,2.2597334384918213
0.199,0.164,2.250018358230591,2.268738269805908
0.2,0.173,2.246696457862854,2.262815475463867
0.192,0.167,2.2485025787353514,2.2622969150543213
0.219,0.18,2.246866774559021,2.260948657989502
0.19,0.179,2.246709733009338,2.2610700130462646
0.215,0.171,2.2452680397033693,2.2599937915802
0.198,0.179,2.2483776330947878,2.260152816772461
0.206,0.185,2.2450299882888793,2.2586448192596436
0.213,0.178,2.2466718339920044,2.258129358291626
0.217,0.167,2.2453702592849734,2.2622852325439453
0.191,0.188,2.2444986295700073,2.2555031776428223
0.203,0.201,2.2459507179260254,2.2601025104522705
0.213,0.193,2.2442868423461912,2.2574222087860107
0.194,0.164,2.2447404146194456,2.25849986076355
0.208,0.181,2.243483371734619,2.2565624713897705
0.211,0.186,2.2455707740783692,2.2580246925354004
0.217,0.186,2.2433318376541136,2.255941390991211
0.183,0.195,2.2481981754302978,2.2547476291656494
0.196,0.185,2.246718864440918,2.256105899810791
0.193,0.189,2.2453836393356323,2.255974769592285
0.221,0.186,2.2424297094345094,2.258652687072754
0.205,0.158,2.2432589817047117,2.262399435043335
0.203,0.195,2.2433067846298216,2.256984233856201
0.195,0.193,2.2445988559722903,2.2594313621520996
0.209,0.197,2.2423070907592773,2.2550060749053955
0.193,0.19,2.2446544551849366,2.255451202392578
0.219,0.172,2.2417855644226075,2.257437229156494
0.212,0.205,2.2424943828582764,2.256401538848877
0.193,0.185,2.2420124626159668,2.257046699523926
0.21,0.187,2.2411422395706175,2.255826234817505
0.218,0.189,2.241149868965149,2.254880428314209
0.198,0.209,2.241412377357483,2.257363796234131
0.209,0.203,2.241030101776123,2.254530906677246
0.218,0.192,2.240085916519165,2.254448175430298
0.209,0.195,2.2433091259002684,2.2539258003234863
0.209,0.21,2.240780029296875,2.2535653114318848
0.221,0.187,2.239862675666809,2.2572429180145264
0.198,0.184,2.2399391078948976,2.254342555999756
0.207,0.18,2.2403407001495363,2.255175828933716
0.217,0.182,2.240228147506714,2.256359577178955
0.216,0.192,2.2403651094436645,2.253607749938965
0.206,0.191,2.2398195171356203,2.2538034915924072
0.219,0.187,2.2390786838531493,2.2537577152252197
0.206,0.195,2.2421884107589722,2.2570090293884277
0.209,0.185,2.2395722007751466,2.256680965423584
0.203,0.187,2.237766342163086,2.2543277740478516
0.213,0.199,2.238178081512451,2.253411293029785
0.199,0.186,2.2379218626022337,2.255643129348755
0.203,0.176,2.2374743318557737,2.2541115283966064
0.209,0.192,2.2379788398742675,2.250568151473999
0.21,0.188,2.237725911140442,2.2527990341186523
0.203,0.189,2.238367614746094,2.2505905628204346
0.211,0.215,2.2400569248199464,2.2489161491394043
0.224,0.168,2.2380972290039063,2.254973888397217
0.205,0.192,2.237822380065918,2.249781847000122
0.22,0.176,2.2359691953659055,2.251055955886841
0.211,0.18,2.2369414138793946,2.253699779510498
0.2,0.198,2.2381677865982055,2.2513482570648193
0.212,0.182,2.2364977979660035,2.2519192695617676
0.216,0.193,2.2362011289596557,2.2537946701049805
0.22,0.192,2.2350462675094604,2.2496094703674316
0.207,0.183,2.2373388957977296,2.253068685531616
0.236,0.202,2.2356322479248045,2.2491953372955322
0.226,0.188,2.2360314893722535,2.249640941619873
0.203,0.196,2.23902822971344,2.247992992401123
0.217,0.194,2.235389065742493,2.2523486614227295
0.214,0.189,2.2348000240325927,2.25081205368042
0.217,0.194,2.2342514514923097,2.251201868057251
0.207,0.189,2.233213529586792,2.2488412857055664
0.227,0.208,2.2343369150161743,2.252824306488037
0.208,0.187,2.2354752731323244,2.2520649433135986
0.207,0.196,2.2355802774429323,2.2488672733306885
0.22,0.198,2.234555206298828,2.2464170455932617
0.195,0.182,2.2337338876724244,2.2507100105285645
0.211,0.186,2.235307035446167,2.251589775085449
0.217,0.187,2.233682351112366,2.247959613800049
0.205,0.195,2.23509361743927,2.248548746109009
0.211,0.17,2.232671012878418,2.2521255016326904
0.211,0.173,2.233138012886047,2.250469923019409
0.219,0.186,2.233392539024353,2.249737501144409
0.213,0.194,2.2320740032196045,2.248481273651123
0.211,0.202,2.2339959859848024,2.246173143386841
0.212,0.186,2.2315057802200315,2.2499217987060547
0.22,0.206,2.2297823333740237,2.2453038692474365
0.224,0.193,2.2326055097579958,2.24731707572937
0.221,0.18,2.23163640499115,2.2517096996307373
0.205,0.19,2.230086259841919,2.248305320739746
0.216,0.195,2.229946618080139,2.2484636306762695
0.226,0.188,2.2306357479095458,2.2466282844543457
0.22,0.191,2.229775562286377,2.2483325004577637
0.201,0.203,2.231990866661072,2.2460997104644775
0.213,0.19,2.2304488229751587,2.24606990814209
0.212,0.221,2.230454821586609,2.2461998462677
0.22,0.196,2.230268087387085,2.2493205070495605
0.228,0.204,2.229025545120239,2.2446529865264893
0.228,0.191,2.229266338348389,2.245962142944336
0.215,0.189,2.2312192630767824,2.2468364238739014
0.224,0.181,2.227921962738037,2.245185613632202
0.211,0.198,2.232371621131897,2.24566650390625
0.224,0.205,2.2298924350738525,2.245368480682373
0.242,0.188,2.227483353614807,2.2451834678649902
0.209,0.188,2.228677272796631,2.2452306747436523
0.212,0.195,2.2278909254074097,2.2445602416992188
0.209,0.221,2.229673132896423,2.24243426322937
0.218,0.2,2.2286145734786986,2.2484772205352783
0.219,0.197,2.227095265388489,2.2442386150360107
0.217,0.202,2.227595634460449,2.242856979370117
0.232,0.199,2.2297369241714478,2.244488477706909
0.216,0.201,2.2295326089859007,2.245781660079956
0.207,0.212,2.2269515085220335,2.2430317401885986
0.244,0.195,2.2270139598846437,2.2440080642700195
0.209,0.197,2.228344259262085,2.240070104598999
0.218,0.194,2.2267210388183596,2.2417519092559814
0.2,0.191,2.227873888015747,2.244145154953003
0.209,0.216,2.2300928831100464,2.239570379257202
0.218,0.198,2.2285720920562744,2.244102954864502
0.226,0.198,2.2263078022003175,2.2441000938415527
0.226,0.2,2.2285849475860595,2.2441225051879883
0.222,0.209,2.2249391317367553,2.2420010566711426
0.219,0.197,2.2250400972366333,2.2413930892944336
0.211,0.22,2.2258936834335326,2.2436447143554688
0.206,0.189,2.2261653995513915,2.243729591369629
0.216,0.186,2.2274317359924316,2.2455809116363525
0.21,0.191,2.2261790227890015,2.2451722621917725
0.233,0.192,2.22511221408844,2.24257493019104
0.208,0.184,2.2259164810180665,2.2428526878356934
0.22,0.189,2.2244964933395384,2.2445075511932373
0.225,0.209,2.225242772102356,2.2411396503448486
0.224,0.184,2.222726335525513,2.2420601844787598
0.219,0.191,2.224216637611389,2.2417545318603516
0.223,0.192,2.2260300445556642,2.240870475769043
0.225,0.189,2.224164547920227,2.2441015243530273
0.213,0.189,2.2241382694244383,2.2416796684265137
0.217,0.208,2.223167839050293,2.2425312995910645
0.217,0.206,2.223708391189575,2.2409894466400146
0.233,0.214,2.223183093070984,2.238847494125366
0.225,0.185,2.2228555202484133,2.2415356636047363
0.222,0.185,2.2255665826797486,2.2420239448547363
0.219,0.204,2.2239254760742186,2.2379140853881836
0.224,0.189,2.2234050941467287,2.242912769317627
0.214,0.205,2.22276207447052,2.2380545139312744
0.222,0.207,2.2222416973114014,2.2383229732513428
0.238,0.189,2.222516884803772,2.2401747703552246
0.219,0.2,2.2218292474746706,2.2372565269470215
0.221,0.196,2.2223115158081055,2.239046335220337
0.217,0.193,2.224389142990112,2.238739490509033
0.241,0.197,2.221400957107544,2.2404370307922363
0.216,0.201,2.223485231399536,2.2393248081207275
0.216,0.198,2.222566156387329,2.2394814491271973
0.221,0.21,2.220673303604126,2.23714280128479
0.231,0.196,2.221685347557068,2.2367310523986816
0.223,0.203,2.220712881088257,2.2361581325531006
0.222,0.221,2.2223742389678955,2.235405921936035
0.232,0.199,2.2220726299285887,2.238095760345459
0.218,0.189,2.219361882209778,2.239116907119751
0.215,0.199,2.2225205278396607,2.240170955657959
0.223,0.201,2.220468430519104,2.2363600730895996
0.22,0.208,2.2182293367385864,2.2360153198242188
0.223,0.184,2.2186817216873167,2.2420496940612793
0.213,0.185,2.219808416366577,2.2379660606384277
0.231,0.213,2.219711003303528,2.2411398887634277
0.222,0.24,2.2188598918914795,2.234997034072876
0.227,0.206,2.2185927057266235,2.2376644611358643
0.215,0.204,2.2194738149642945,2.2391021251678467
0.218,0.219,2.2178632259368896,2.2347686290740967
0.217,0.19,2.220581045150757,2.240975856781006
0.23,0.202,2.219492292404175,2.23592209815979
0.208,0.211,2.2181769752502443,2.2377865314483643
0.231,0.187,2.2175486516952514,2.2380716800689697
0.224,0.193,2.2181079292297365,2.2414820194244385
0.213,0.19,2.2182930517196655,2.2360622882843018
0.217,0.211,2.2182796144485475,2.2347676753997803
0.216,0.207,2.218447484970093,2.2335383892059326
0.23,0.185,2.2192437744140623,2.237480401992798
0.219,0.217,2.218586950302124,2.2368125915527344
0.22,0.192,2.216425685882568,2.2363691329956055
0.233,0.187,2.2170163440704345,2.2367990016937256
0.212,0.213,2.2184184408187866,2.2386879920959473
0.243,0.185,2.220747637748718,2.241920232772827
0.218,0.199,2.218506212234497,2.234292984008789
0.209,0.187,2.217785129547119,2.235872745513916
0.219,0.225,2.2159165382385253,2.236631393432617
0.224,0.188,2.216091203689575,2.2349042892456055
0.224,0.201,2.215968089103699,2.234384059906006
0.214,0.188,2.2181309700012206,2.2374608516693115
0.226,0.199,2.2171598720550536,2.234656572341919
0.227,0.2,2.217334117889404,2.2328054904937744
0.224,0.22,2.216353349685669,2.235065221786499
0.215,0.188,2.2153823566436768,2.2355844974517822
0.211,0.202,2.2158256912231447,2.234905481338501
0.22,0.213,2.216078176498413,2.2335779666900635
0.232,0.198,2.214846649169922,2.2332539558410645
0.228,0.188,2.2129995965957643,2.2349534034729004
0.221,0.206,2.2130014848709108,2.2335257530212402
0.233,0.196,2.2129916620254515,2.2338802814483643
0.221,0.19,2.2145282506942747,2.2347211837768555
0.228,0.213,2.2144901752471924,2.232316732406616
0.233,0.198,2.2166491985321044,2.232868194580078
0.225,0.192,2.2147732830047606,2.234382390975952
0.223,0.211,2.2147371673583987,2.231722116470337
0.232,0.185,2.214822506904602,2.234194755554199
0.221,0.211,2.2134117603302004,2.2345564365386963
0.222,0.189,2.2142210578918458,2.2352218627929688
0.237,0.201,2.213945064544678,2.231680154800415
0.229,0.203,2.2129064655303954,2.233325242996216
0.241,0.199,2.21238561630249,2.23272442817688
0.222,0.196,2.214168572425842,2.234023094177246
0.234,0.203,2.2122899293899536,2.2309768199920654
0.213,0.213,2.214050374031067,2.2321512699127197
0.228,0.199,2.2148625326156615,2.2308926582336426
0.23,0.227,2.209485468864441,2.230496406555176
0.232,0.204,2.2125337648391725,2.232729911804199
0.219,0.203,2.212710599899292,2.2332510948181152
0.222,0.214,2.2155481576919556,2.233104705810547
0.241,0.211,2.2110896062850953,2.2308411598205566
0.219,0.209,2.213664951324463,2.2313785552978516
0.224,0.203,2.213724231719971,2.235053300857544
0.222,0.201,2.2159400939941407,2.233147621154785
0.22,0.192,2.214472465515137,2.2319843769073486
0.226,0.209,2.212783107757568,2.2308428287506104
0.213,0.198,2.2114025592803954,2.231548547744751
0.221,0.22,2.210500545501709,2.2306947708129883
0.231,0.209,2.2096684122085573,2.2312662601470947
0.232,0.21,2.2112473821640015,2.2306530475616455
0.203,0.195,2.2112639951705932,2.230330467224121
0.22,0.197,2.2113649368286135,2.2303221225738525
0.227,0.198,2.2108163690567015,2.2290425300598145
0.226,0.21,2.2091851234436035,2.229597568511963
0.219,0.208,2.2101489400863645,2.2309491634368896
0.237,0.21,2.2086933755874636,2.229388475418091
0.237,0.222,2.211124749183655,2.229459047317505
0.223,0.204,2.209780535697937,2.230903148651123
0.215,0.215,2.2086728620529175,2.2271792888641357
0.215,0.203,2.2103538274765016,2.2331345081329346
0.222,0.211,2.2113559293746947,2.231097936630249
0.234,0.229,2.209608612060547,2.2293667793273926
0.219,0.21,2.210882430076599,2.230156660079956
0.238,0.204,2.2076550579071044,2.23009991645813
0.228,0.219,2.2085298776626585,2.2278714179992676
0.209,0.211,2.2083484077453615,2.228874921798706
0.228,0.218,2.2104332304000853,2.226450204849243
0.233,0.188,2.2109417963027953,2.228212356567383
0.228,0.2,2.208319516181946,2.229241371154785
0.22,0.205,2.207112989425659,2.2312586307525635
0.21,0.193,2.2108240509033203,2.227837324142456
0.225,0.195,2.209210658073425,2.2283072471618652
0.231,0.202,2.207558441162109,2.228538751602173
0.217,0.193,2.209864130020142,2.2276692390441895
0.223,0.206,2.20707631111145,2.2265801429748535
0.226,0.206,2.206816234588623,2.2252182960510254
0.219,0.192,2.2097418785095213,2.2354931831359863
0.218,0.21,2.208529019355774,2.2285332679748535
0.242,0.192,2.207289137840271,2.2292520999908447
0.226,0.214,2.2088652801513673,2.2274837493896484
0.217,0.203,2.207970576286316,2.227461814880371
0.223,0.22,2.2063009977340697,2.228015661239624
0.225,0.222,2.207322368621826,2.2273058891296387
0.244,0.202,2.2061557149887085,2.227175712585449
0.231,0.219,2.205821499824524,2.2284305095672607
0.23,0.185,2.207602128982544,2.228638172149658
0.216,0.205,2.2044563627243043,2.224959135055542
0.232,0.195,2.207211318016052,2.2249915599823
0.224,0.197,2.2066432857513427,2.2275729179382324
0.215,0.204,2.2066162633895874,2.226752758026123
0.22,0.221,2.207075901031494,2.2247660160064697
0.218,0.207,2.2063167238235475,2.2261509895324707
0.233,0.202,2.2041763162612913,2.225731134414673
0.231,0.197,2.2047143363952637,2.226652145385742
0.23,0.189,2.205588812828064,2.226644277572632
0.214,0.212,2.205754866600037,2.226979970932007
0.236,0.213,2.2063237714767454,2.2255499362945557
0.227,0.196,2.2055274438858032,2.224959373474121
0.228,0.194,2.2042829179763794,2.2257280349731445
0.228,0.201,2.204211530685425,2.22721529006958
0.227,0.221,2.2039436149597167,2.226074695587158
0.222,0.231,2.205506024360657,2.2261557579040527
0.228,0.223,2.2056250953674317,2.222733736038208
0.232,0.212,2.2056625127792358,2.2234888076782227
0.238,0.207,2.2029790353775023,2.224180221557617
0.235,0.213,2.2038085746765135,2.225454330444336
0.228,0.207,2.2033406639099122,2.223957061767578
0.223,0.212,2.2031239748001097,2.222222089767456
0.227,0.198,2.202674250602722,2.225654363632202
0.222,0.221,2.204776964187622,2.2252793312072754
0.235,0.218,2.2036982583999634,2.221043348312378
0.234,0.203,2.203871502876282,2.2260308265686035
0.219,0.22,2.2039767360687255,2.224348306655884
0.227,0.21,2.20413134098053,2.2261316776275635
0.22,0.231,2.2023575353622435,2.2225492000579834
0.23,0.204,2.2034777641296386,2.224274158477783
0.219,0.23,2.2013364362716676,2.2222344875335693
0.219,0.209,2.203666048049927,2.2261464595794678
0.224,0.223,2.2037103605270385,2.223154067993164
0.235,0.194,2.201059021949768,2.2242980003356934
0.228,0.196,2.2020851039886473,2.226691961288452
0.217,0.209,2.2023820781707766,2.22391676902771
0.225,0.199,2.2019925498962403,2.225045919418335
0.245,0.188,2.2021138572692873,2.2276833057403564
0.223,0.214,2.201459484100342,2.221738576889038
0.238,0.207,2.201045036315918,2.2214136123657227
0.222,0.236,2.2028038263320924,2.2213022708892822
0.215,0.198,2.202999267578125,2.2250070571899414
0.228,0.201,2.2018250322341917,2.2242212295532227
0.223,0.189,2.202435612678528,2.2241880893707275
0.227,0.216,2.199988617897034,2.2231109142303467
0.217,0.207,2.203398642539978,2.222294569015503
0.237,0.2,2.2033528757095335,2.2257189750671387
0.242,0.192,2.2042675256729125,2.228410482406616
0.229,0.2,2.2052626276016234,2.2244038581848145
0.229,0.219,2.200477752685547,2.2250194549560547
0.22,0.205,2.200679006576538,2.221712112426758
0.216,0.21,2.2014859771728514,2.2224111557006836
0.237,0.213,2.199926176071167,2.221060276031494
0.231,0.21,2.198976197242737,2.221392869949341
0.215,0.204,2.2004425716400147,2.2215895652770996
0.248,0.2,2.198859829902649,2.2245662212371826
0.217,0.213,2.1994121408462526,2.2213776111602783
0.224,0.209,2.2035680389404297,2.2230470180511475
0.228,0.215,2.199309048652649,2.2227981090545654
0.218,0.215,2.2001803731918335,2.225538492202759
0.232,0.195,2.200752158164978,2.220569610595703
0.229,0.24,2.198638095855713,2.2194266319274902
0.235,0.2,2.2011931467056276,2.2252628803253174
0.228,0.221,2.1984193658828737,2.2218782901763916
0.237,0.211,2.1993173789978027,2.218738555908203
0.225,0.224,2.1977376461029055,2.2207069396972656
0.234,0.201,2.197436656951904,2.2203209400177
0.228,0.201,2.2006364011764528,2.224902391433716
0.22,0.211,2.1971654319763183,2.2199325561523438
0.221,0.201,2.197427968978882,2.2196836471557617
0.227,0.208,2.1991455125808717,2.2214925289154053
0.229,0.233,2.1969184637069703,2.219299793243408
0.227,0.201,2.1994597816467287,2.2202556133270264
0.226,0.203,2.197853784561157,2.221856117248535
0.233,0.198,2.196970739364624,2.224158763885498
0.211,0.196,2.201140203475952,2.2221953868865967
0.228,0.216,2.1971301460266113,2.2214629650115967
0.244,0.203,2.1974192237854004,2.221841335296631
0.238,0.212,2.197474284172058,2.218064785003662
0.23,0.22,2.1952771377563476,2.2205355167388916
0.23,0.226,2.1961035776138305,2.2183492183685303
0.227,0.205,2.1978206920623777,2.2194621562957764
0.232,0.217,2.196213641166687,2.2204928398132324
0.231,0.219,2.196106753349304,2.2198147773742676
0.238,0.202,2.1966108417510988,2.2186717987060547
0.219,0.212,2.19740948677063,2.216815233230591
0.225,0.22,2.196502604484558,2.2172489166259766
0.236,0.216,2.195530433654785,2.2168116569519043
0.221,0.211,2.1963160371780397,2.222290515899658
0.228,0.204,2.195646896362305,2.2200050354003906
0.231,0.199,2.1955143547058107,2.221951484680176
0.229,0.227,2.1983478307724,2.216676712036133
0.229,0.212,2.195905079841614,2.2184720039367676
0.239,0.211,2.195076994895935,2.219708204269409
0.22,0.209,2.1958387756347655,2.2203361988067627
0.231,0.225,2.1962618923187254,2.2157480716705322
0.224,0.215,2.1935418176651003,2.21868634223938
0.228,0.208,2.1971909761428834,2.2183291912078857
0.236,0.206,2.1957508230209353,2.2180960178375244
0.241,0.231,2.194105100631714,2.218474864959717
0.23,0.225,2.1959944581985473,2.218863010406494
0.237,0.214,2.194626798629761,2.214437961578369
0.221,0.207,2.1940911340713503,2.2158496379852295
0.233,0.24,2.195511846542358,2.2161452770233154
0.227,0.201,2.196625819206238,2.2227985858917236
0.221,0.222,2.1944618725776674,2.2179038524627686
0.244,0.218,2.194389429092407,2.2188150882720947
0.243,0.22,2.194560294151306,2.21658992767334
0.234,0.205,2.1941710567474364,2.2167274951934814
0.214,0.214,2.196052689552307,2.214611291885376
0.225,0.204,2.1950367879867554,2.219074249267578
0.222,0.213,2.1939452075958252,2.2174601554870605
0.222,0.224,2.193426070213318,2.216611623764038
0.233,0.224,2.194563879966736,2.2169947624206543
0.235,0.222,2.194737434387207,2.2172210216522217
0.217,0.209,2.1940625286102295,2.216749906539917
0.224,0.212,2.1945725297927856,2.2153663635253906
0.243,0.203,2.1940130853652953,2.2171857357025146
0.217,0.208,2.1957767248153686,2.2170989513397217
0.219,0.228,2.192923424243927,2.2149152755737305
0.236,0.232,2.193403949737549,2.2163326740264893
0.239,0.216,2.1935850191116333,2.2176523208618164
0.224,0.189,2.193511896133423,2.218339204788208
0.228,0.224,2.1922194242477415,2.215500831604004
0.232,0.217,2.1912525129318237,2.218569040298462
0.22,0.224,2.1946489095687864,2.214655876159668
0.244,0.199,2.191065912246704,2.21803617477417
0.245,0.223,2.1950739574432374,2.2135069370269775
0.216,0.217,2.191960921287537,2.2133820056915283
0.235,0.22,2.1922373580932617,2.2161991596221924
0.228,0.217,2.192769112586975,2.214275360107422
0.224,0.203,2.1921252727508547,2.2156624794006348
0.229,0.213,2.1905322599411012,2.212493658065796
0.228,0.209,2.1917881870269778,2.2151992321014404
0.225,0.205,2.1912294912338255,2.2177791595458984
0.234,0.216,2.190277781486511,2.2156412601470947
0.235,0.216,2.190511317253113,2.2144663333892822
0.241,0.228,2.1907691049575804,2.213252544403076
0.225,0.208,2.1911862659454346,2.2154650688171387
0.226,0.209,2.1918233251571655,2.2145941257476807
0.225,0.228,2.1890330028533938,2.2127888202667236
0.247,0.209,2.189437303543091,2.2172956466674805
0.234,0.202,2.1912242865562437,2.2140939235687256
0.226,0.215,2.190649890899658,2.214190721511841
0.236,0.235,2.1893594551086424,2.2131614685058594
0.233,0.222,2.1891179132461547,2.215142011642456
0.238,0.212,2.1892176055908203,2.2133848667144775
0.226,0.23,2.1882705640792848,2.213247299194336
0.233,0.216,2.19058846950531,2.2132418155670166
0.236,0.225,2.1908096981048586,2.2135794162750244
0.233,0.211,2.1895541095733644,2.2137675285339355
0.23,0.21,2.1881409215927126,2.2133283615112305
0.246,0.222,2.1887025165557863,2.2120308876037598
0.227,0.207,2.1897873377799986,2.2144787311553955
0.231,0.223,2.1904378485679628,2.217048406600952
0.224,0.215,2.1908401012420655,2.2108232975006104
0.225,0.223,2.191500573158264,2.2127022743225098
0.238,0.216,2.1886684322357177,2.213594913482666
0.241,0.205,2.187847819328308,2.2122690677642822
0.236,0.208,2.1900136995315553,2.212636709213257
0.239,0.214,2.188378720283508,2.211047410964966
0.231,0.22,2.1898676109313966,2.2103183269500732
0.234,0.22,2.188488826751709,2.211958885192871
0.252,0.209,2.189958219528198,2.2136361598968506
0.226,0.22,2.188055329322815,2.213491201400757
0.227,0.222,2.1870744132995608,2.2125234603881836
0.234,0.23,2.189098958969116,2.211268663406372
0.24,0.223,2.1904452300071715,2.212768077850342
0.234,0.208,2.188869071006775,2.213984966278076
0.241,0.209,2.188900055885315,2.2156198024749756
0.239,0.211,2.1875831270217896,2.21126127243042
0.235,0.233,2.1902934217453005,2.210836172103882
0.219,0.218,2.1913034391403197,2.210989475250244
0.227,0.237,2.188851761817932,2.210641622543335
0.23,0.214,2.189172649383545,2.2112209796905518
0.239,0.235,2.1880797815322874,2.211069345474243
0.221,0.219,2.1864124536514282,2.211289405822754
0.246,0.224,2.1868938970565797,2.2097508907318115
0.233,0.205,2.191041684150696,2.211329698562622
0.233,0.21,2.1880524921417237,2.214616298675537
0.21,0.215,2.1899208354949953,2.2110233306884766
0.234,0.241,2.1879403495788576,2.2117490768432617
0.232,0.215,2.1863438796997072,2.2104666233062744
0.233,0.217,2.18544545173645,2.215696096420288
0.239,0.205,2.185510129928589,2.2122435569763184
0.238,0.231,2.1852741336822508,2.2110378742218018
0.232,0.235,2.186875228881836,2.2104928493499756
0.244,0.22,2.187460331916809,2.2082579135894775
0.231,0.227,2.184508652687073,2.214484930038452
0.247,0.208,2.1877880001068117,2.2132532596588135
0.231,0.23,2.1860120248794557,2.209343433380127
0.243,0.221,2.1865993452072146,2.2112174034118652
0.232,0.225,2.188459315299988,2.211118221282959
0.233,0.207,2.1841181111335755,2.210477828979492
0.23,0.225,2.184526162147522,2.212747573852539
0.247,0.215,2.185858736038208,2.2101356983184814
0.236,0.204,2.1855982637405393,2.2138264179229736
0.231,0.21,2.1861724853515625,2.211879014968872
0.227,0.199,2.1857291412353517,2.212939739227295
0.231,0.21,2.187015528678894,2.210582733154297
0.221,0.233,2.1884922647476195,2.2087361812591553
0.235,0.222,2.1865957975387573,2.2082276344299316
0.243,0.22,2.185408425331116,2.2065727710723877
0.245,0.209,2.1824966526031493,2.209693431854248
0.221,0.234,2.1840934896469117,2.2102174758911133
0.246,0.221,2.1855515336990354,2.209648370742798
0.243,0.219,2.182918949127197,2.209040641784668
0.246,0.211,2.1842164182662964,2.210007429122925
0.231,0.204,2.184804553985596,2.2096195220947266
0.222,0.219,2.185488805770874,2.210026741027832
0.228,0.224,2.184677381515503,2.2080295085906982
0.242,0.219,2.183099250793457,2.2083139419555664
0.246,0.218,2.1855735397338867,2.2106387615203857
0.231,0.22,2.1851524114608765,2.2084200382232666
0.237,0.221,2.184822998046875,2.2118642330169678
0.238,0.225,2.18379921913147,2.209615468978882
0.227,0.225,2.1846762466430665,2.207404136657715
0.231,0.206,2.1828175354003907,2.2122819423675537
0.238,0.228,2.1855902671813965,2.206355094909668
0.249,0.204,2.1825071144104005,2.210909843444824
0.223,0.206,2.1825206422805787,2.208986282348633
0.233,0.228,2.1833484315872194,2.2091681957244873
0.231,0.235,2.1836118960380553,2.206916570663452
0.235,0.215,2.182059965133667,2.2069435119628906
0.219,0.21,2.1844933366775514,2.2105863094329834
0.231,0.204,2.1827610898017884,2.2119994163513184
0.222,0.22,2.183866047859192,2.207313060760498
0.235,0.216,2.183618788719177,2.2083449363708496
0.226,0.206,2.182941482067108,2.2094814777374268
0.221,0.222,2.1826521968841552,2.2064168453216553
0.242,0.206,2.1822943449020387,2.210156202316284
0.234,0.202,2.1836370611190796,2.2081456184387207
0.219,0.222,2.1825130081176756,2.208223581314087
0.234,0.22,2.181561617851257,2.2061753273010254
0.23,0.203,2.1866613912582396,2.2130324840545654
0.243,0.225,2.1825893402099608,2.2074711322784424
0.246,0.222,2.1808315753936767,2.208263635635376
0.228,0.207,2.1810621309280394,2.2086610794067383
0.227,0.223,2.181101303100586,2.208263397216797
0.247,0.223,2.1802105712890625,2.207648992538452
0.241,0.21,2.1801511812210084,2.2049970626831055
0.233,0.216,2.1808021116256713,2.2058653831481934
0.228,0.208,2.1798144340515138,2.207949638366699
0.237,0.21,2.182200164794922,2.20591402053833
0.231,0.201,2.1819492626190184,2.2119059562683105
0.246,0.21,2.182605743408203,2.207549810409546
0.225,0.208,2.1828161549568175,2.206861972808838
0.234,0.21,2.181845965385437,2.2069361209869385
0.237,0.226,2.1809261059761047,2.2081520557403564
0.227,0.216,2.1809903478622434,2.2094967365264893
0.24,0.211,2.1801924180984495,2.207562208175659
0.237,0.206,2.180622763633728,2.2102255821228027
0.235,0.217,2.184350862503052,2.2081894874572754
0.229,0.21,2.182734489440918,2.2068560123443604
0.233,0.219,2.1805044841766357,2.2070367336273193
0.235,0.2,2.1809876918792725,2.2107415199279785
0.219,0.219,2.179737787246704,2.208615303039551
0.227,0.245,2.182860255241394,2.2049989700317383
0.234,0.229,2.180778260231018,2.2082931995391846
0.248,0.22,2.1804400968551634,2.2055790424346924
0.229,0.228,2.1816925764083863,2.2095236778259277
0.239,0.217,2.1800802040100096,2.204057216644287
0.23,0.236,2.1800199937820435,2.2050278186798096
0.236,0.205,2.181839101314545,2.207742214202881
0.231,0.226,2.181458044052124,2.2079825401306152
0.231,0.221,2.1798346710205077,2.2069365978240967
0.227,0.22,2.1804442238807678,2.2059710025787354
0.241,0.212,2.1793462514877318,2.2077367305755615
0.212,0.215,2.1795897912979125,2.2092297077178955
0.24,0.218,2.179643363952637,2.206347703933716
0.243,0.207,2.1780759477615357,2.207543134689331
0.235,0.211,2.1773027563095093,2.2071170806884766
0.225,0.219,2.1792235469818113,2.205753803253174
0.236,0.23,2.178736572265625,2.2097408771514893
0.254,0.221,2.1777669858932494,2.204432725906372
0.224,0.231,2.177626705169678,2.2031619548797607
0.23,0.225,2.179410095214844,2.2063705921173096
0.228,0.23,2.179226999282837,2.2039315700531006
0.24,0.225,2.180530891418457,2.2055747509002686
0.243,0.209,2.1771742916107177,2.2062366008758545
0.238,0.215,2.1771165537834167,2.2049174308776855
0.225,0.216,2.1780018854141234,2.2063148021698
0.229,0.216,2.1789293336868285,2.2072880268096924
0.25,0.213,2.1777771711349487,2.2061612606048584
0.232,0.228,2.178366231918335,2.200998544692993
0.243,0.21,2.1768632984161376,2.2063491344451904
0.237,0.208,2.1788659858703614,2.203852891921997
0.233,0.233,2.1775773215293883,2.20257306098938
0.248,0.219,2.1767884492874146,2.203928232192993
0.236,0.229,2.1785557460784912,2.204113721847534
0.238,0.216,2.1755856466293335,2.2048401832580566
0.239,0.21,2.1776910734176638,2.205789566040039
0.236,0.221,2.176649799346924,2.203843355178833
0.231,0.222,2.1793382072448733,2.2059669494628906
0.246,0.21,2.176214990615845,2.2046713829040527
0.224,0.212,2.177659721374512,2.2049827575683594
0.239,0.214,2.179012656211853,2.205704927444458
0.231,0.232,2.179865255355835,2.2022695541381836
0.237,0.213,2.175543189048767,2.2060842514038086
0.24,0.225,2.1773887491226196,2.2044010162353516
0.242,0.221,2.178070592880249,2.2029592990875244
0.239,0.22,2.177821888923645,2.201556921005249
0.23,0.232,2.1752272987365724,2.202789306640625
0.249,0.211,2.17682496547699,2.2059991359710693
0.23,0.224,2.1748502254486084,2.200880289077759
0.238,0.218,2.1759763193130492,2.2005374431610107
0.238,0.216,2.176550645828247,2.2021656036376953
0.235,0.214,2.175942506790161,2.2029526233673096
0.226,0.217,2.1766676712036133,2.2038941383361816
0.221,0.227,2.1787914752960207,2.2027013301849365
0.24,0.222,2.174267735481262,2.201824903488159
0.237,0.213,2.1734841156005857,2.204050064086914
0.233,0.215,2.1753691911697386,2.2019808292388916
0.243,0.218,2.176099433898926,2.2024786472320557
0.22,0.225,2.1770941257476806,2.2027523517608643
0.233,0.216,2.179217669963837,2.2005677223205566
0.242,0.218,2.1764482474327087,2.202667236328125
0.245,0.219,2.175045714378357,2.202799081802368
0.229,0.219,2.177111203670502,2.201873540878296
0.243,0.23,2.17344940662384,2.202004909515381
0.244,0.228,2.174415183067322,2.2020459175109863
0.236,0.218,2.1749710559844972,2.2052597999572754
0.235,0.211,2.1762276554107665,2.2005226612091064
0.235,0.212,2.176260848045349,2.201921224594116
0.222,0.209,2.17845317363739,2.208082914352417
0.224,0.223,2.177149624824524,2.201749801635742
0.23,0.222,2.173350658416748,2.19968581199646
0.244,0.212,2.1736451268196104,2.2036783695220947
0.228,0.204,2.1765711450576783,2.2046058177948
0.25,0.222,2.174307098388672,2.1987075805664062
0.237,0.222,2.173920831680298,2.2040317058563232
0.227,0.211,2.1747639989852905,2.203037738800049
0.243,0.221,2.1756402134895323,2.2061145305633545
0.234,0.228,2.175727505683899,2.2008872032165527
0.235,0.224,2.176497082710266,2.2010746002197266
0.241,0.221,2.174899616241455,2.2020444869995117
0.234,0.211,2.1750471353530885,2.200491428375244
0.233,0.224,2.1741481685638426,2.201160192489624
0.239,0.231,2.1764815711975096,2.1999804973602295
0.239,0.223,2.175942084789276,2.200594186782837
0.229,0.219,2.172965054512024,2.201535701751709
0.243,0.221,2.174112944602966,2.2028355598449707
0.245,0.226,2.1722767114639283,2.1991546154022217
0.229,0.221,2.17509614944458,2.206752061843872
0.24,0.218,2.17497531414032,2.202388286590576
0.235,0.224,2.1754358053207397,2.199014902114868
0.245,0.221,2.172402510643005,2.200958013534546
0.234,0.215,2.1722246074676512,2.2003612518310547
0.239,0.22,2.17244873046875,2.1978085041046143
0.239,0.207,2.17487389087677,2.2010116577148438
0.233,0.215,2.172071304321289,2.1996710300445557
0.24,0.218,2.171400103569031,2.201249122619629
0.239,0.213,2.17390430688858,2.1993911266326904
0.23,0.238,2.1731478357315064,2.1975107192993164
0.239,0.218,2.1743485736846924,2.198909282684326
0.234,0.211,2.172950577735901,2.2006022930145264
0.245,0.215,2.171602430343628,2.198835849761963
0.226,0.218,2.173190188407898,2.1993296146392822
0.236,0.217,2.1744720268249513,2.199389696121216
0.225,0.217,2.1737714195251465,2.201838731765747
0.241,0.225,2.174502763748169,2.2029595375061035
0.243,0.224,2.1726571702957154,2.200103282928467
0.228,0.232,2.171593499183655,2.2001760005950928
0.245,0.222,2.173618936538696,2.203329086303711
0.24,0.233,2.172114944458008,2.202420949935913
0.24,0.225,2.172631916999817,2.200099229812622
0.241,0.233,2.174173424243927,2.200592517852783
0.231,0.225,2.171801064014435,2.1973392963409424
0.237,0.218,2.1727202987670897,2.199967622756958
0.248,0.225,2.1706403207778933,2.1997106075286865
0.237,0.216,2.1721447563171385,2.2000832557678223
0.24,0.227,2.1708566617965697,2.2002270221710205
0.227,0.222,2.1722916316986085,2.201481580734253
0.246,0.216,2.171222667694092,2.2006189823150635
0.229,0.228,2.1709752082824707,2.1997318267822266
0.245,0.22,2.1690909814834596,2.2004551887512207
0.24,0.211,2.170944709777832,2.2024176120758057
0.232,0.228,2.172121410369873,2.2012734413146973
0.232,0.223,2.172837851047516,2.198808193206787
0.257,0.22,2.1716569328308104,2.1973423957824707
0.222,0.218,2.172947635650635,2.1978187561035156
0.236,0.218,2.1710847139358522,2.19974684715271
0.247,0.206,2.170803565979004,2.1992971897125244
0.231,0.215,2.1723270511627195,2.198387384414673
0.228,0.24,2.174149453639984,2.1993167400360107
0.236,0.208,2.171098940372467,2.199911594390869
0.24,0.227,2.169052186012268,2.1970291137695312
0.23,0.221,2.1703735160827637,2.198519229888916
0.231,0.218,2.1712038993835447,2.1996753215789795
0.243,0.228,2.1686587071418764,2.196605920791626
0.243,0.211,2.1701661849021914,2.199267625808716
0.215,0.226,2.1713630676269533,2.1983585357666016
0.238,0.227,2.1729871678352355,2.2008211612701416
0.243,0.229,2.1702302265167237,2.1978774070739746
0.244,0.225,2.1699384832382203,2.1963911056518555
0.235,0.215,2.1692188119888307,2.2006170749664307
0.244,0.229,2.170271191596985,2.1984336376190186
0.235,0.216,2.1689524602890016,2.199477195739746
0.247,0.221,2.169275634288788,2.196279287338257
0.235,0.236,2.1697331190109255,2.196044921875
0.247,0.226,2.1695895862579344,2.198298931121826
0.232,0.224,2.1703694891929626,2.19705867767334
0.24,0.212,2.1701611328125,2.197012186050415
0.238,0.229,2.17314350605011,2.1966423988342285
0.243,0.23,2.1704486274719237,2.1968495845794678
0.245,0.224,2.1702346777915955,2.196826219558716
0.241,0.216,2.1710295462608338,2.197967052459717
0.228,0.224,2.1702831172943116,2.1978678703308105
0.242,0.24,2.1690948534011842,2.1986303329467773
0.231,0.223,2.168925642967224,2.196272850036621
0.231,0.216,2.171281876564026,2.2012925148010254
0.238,0.241,2.168978605270386,2.1934571266174316
0.233,0.232,2.1698784732818606,2.1948418617248535
0.242,0.221,2.1678215932846068,2.1957857608795166
0.241,0.213,2.167861194610596,2.1975038051605225
0.243,0.22,2.1680635523796083,2.197141170501709
0.239,0.223,2.168438367843628,2.1978790760040283
0.24,0.221,2.168296494483948,2.1963138580322266
0.24,0.208,2.1683146929740906,2.197998046875
0.216,0.216,2.1707273864746095,2.196824073791504
0.216,0.217,2.1667295122146606,2.1983723640441895
0.239,0.228,2.1703570818901063,2.198974847793579
0.237,0.218,2.1681348752975462,2.198923110961914
0.244,0.226,2.169504687786102,2.1965925693511963
0.234,0.221,2.1686461353302002,2.1959102153778076
0.253,0.221,2.1667831635475157,2.1962125301361084
0.216,0.227,2.1676214599609374,2.1957626342773438
0.24,0.236,2.1702034425735475,2.1941916942596436
0.249,0.224,2.1663286900520324,2.1937875747680664
0.228,0.216,2.166682562828064,2.19669508934021
0.242,0.221,2.1662789583206177,2.198915958404541
0.229,0.216,2.1684145379066466,2.1989340782165527
0.247,0.219,2.1666628098487855,2.1940317153930664
0.242,0.235,2.168071172237396,2.196453094482422
0.24,0.215,2.1677588844299316,2.195525646209717
0.23,0.225,2.1684612798690797,2.1951756477355957
0.242,0.227,2.1663714981079103,2.193100929260254
0.236,0.214,2.166497929096222,2.195666790008545
0.249,0.22,2.167239167690277,2.1989314556121826
0.235,0.215,2.1681176376342775,2.196983814239502
0.221,0.201,2.16810045003891,2.197784423828125
0.24,0.214,2.1660815143585204,2.199859619140625
0.227,0.225,2.16786141872406,2.1939408779144287
0.255,0.232,2.1669935512542726,2.193402051925659
0.232,0.214,2.1670824670791626,2.196082830429077
0.235,0.238,2.1664682817459107,2.196841239929199
0.245,0.212,2.169930593967438,2.1969966888427734
0.235,0.22,2.1660170269012453,2.197158098220825
0.233,0.229,2.167769751548767,2.194781541824341
0.237,0.223,2.1684002232551576,2.192953109741211
0.256,0.227,2.1671508741378784,2.1949870586395264
0.243,0.216,2.1653289079666136,2.1972992420196533
0.24,0.211,2.165988507270813,2.1962621212005615
0.243,0.229,2.165812227725983,2.1967391967773438
0.247,0.206,2.166546490192413,2.1942269802093506
0.225,0.209,2.1671365118026733,2.19599986076355
0.238,0.24,2.163990087509155,2.1963491439819336
0.231,0.214,2.1666782331466674,2.1974503993988037
0.244,0.221,2.1668407821655276,2.1960997581481934
0.235,0.218,2.1649970054626464,2.1940999031066895
0.243,0.21,2.1664118242263792,2.19707989692688
0.216,0.232,2.1689378666877746,2.198382616043091
0.236,0.231,2.1646778774261475,2.194173812866211
0.238,0.224,2.1663156747817993,2.1947169303894043
0.24,0.228,2.1639758253097536,2.1949520111083984
0.224,0.233,2.164838764667511,2.193502902984619
0.241,0.214,2.1645215702056886,2.196115732192993
0.219,0.217,2.1644268798828126,2.1938064098358154
0.248,0.218,2.1660129594802857,2.196256399154663
0.216,0.227,2.1668582344055176,2.1962649822235107
0.235,0.212,2.166315197944641,2.1956610679626465
0.238,0.237,2.16525972366333,2.195265531539917
0.242,0.221,2.1657868385314942,2.1933867931365967
0.243,0.228,2.165749771595001,2.19425368309021
0.226,0.234,2.16431786775589,2.1964008808135986
0.246,0.214,2.1643873715400694,2.197183847427368
0.237,0.222,2.16499623298645,2.195808172225952
0.243,0.23,2.163510031700134,2.190807819366455
0.218,0.222,2.1656136775016783,2.1930646896362305
0.237,0.226,2.1651770782470705,2.1906330585479736
0.228,0.233,2.16503751039505,2.1941184997558594
0.25,0.222,2.165961410999298,2.193406343460083
0.219,0.222,2.164363393783569,2.1933956146240234
0.238,0.215,2.165528612136841,2.196611166000366
0.249,0.223,2.165628457069397,2.1948583126068115
0.231,0.229,2.165459008216858,2.1962623596191406
0.243,0.235,2.1678899335861206,2.190373420715332
0.23,0.219,2.1667413544654845,2.1956896781921387
0.234,0.222,2.16293466091156,2.1933891773223877
0.241,0.221,2.1640194416046143,2.194321870803833
0.229,0.23,2.1640542554855347,2.1921255588531494
0.237,0.225,2.163354334831238,2.192042589187622
0.224,0.223,2.1647146797180175,2.193563222885132
0.245,0.221,2.1637291717529297,2.194965124130249
0.242,0.239,2.1622966933250427,2.1916697025299072
0.243,0.224,2.1620136499404907,2.193361520767212
0.235,0.218,2.162865769863129,2.1955273151397705
0.23,0.216,2.162699406147003,2.1943564414978027
0.237,0.217,2.1631329798698427,2.1967670917510986
0.244,0.216,2.164289269447327,2.1923892498016357
0.233,0.231,2.165331335067749,2.1940293312072754
