0.108,0.098,2.3362621545791624,2.329454183578491
0.103,0.1,2.3294671297073366,2.3243770599365234
0.1,0.102,2.323962163925171,2.3203108310699463
0.101,0.101,2.318881368637085,2.3169941902160645
0.101,0.101,2.3151005268096925,2.3142755031585693
0.101,0.1,2.311725115776062,2.3118932247161865
0.1,0.098,2.3088157176971436,2.310025215148926
0.1,0.098,2.305997204780579,2.3086302280426025
0.1,0.096,2.304098916053772,2.307467460632324
0.096,0.089,2.30238561630249,2.306669235229492
0.093,0.077,2.300551748275757,2.306001663208008
0.081,0.081,2.2994680643081664,2.305469274520874
0.1,0.08,2.298184633255005,2.30519962310791
0.117,0.085,2.2972965002059937,2.3048174381256104
0.12,0.083,2.2964891672134398,2.304774284362793
0.119,0.083,2.2955811500549315,2.304725170135498
0.118,0.083,2.2949845790863037,2.304558277130127
0.118,0.083,2.2944469451904297,2.304408550262451
0.118,0.083,2.2940414190292358,2.3045387268066406
0.118,0.083,2.2936172246932984,2.3047568798065186
0.118,0.083,2.2930914163589478,2.304551124572754
0.118,0.083,2.2927486658096314,2.304703712463379
0.118,0.083,2.2923577785491944,2.304553747177124
0.118,0.083,2.292022466659546,2.3045496940612793
0.118,0.083,2.2917632341384886,2.3043880462646484
0.118,0.083,2.291517186164856,2.3044471740722656
0.118,0.083,2.291077446937561,2.3043735027313232
0.118,0.083,2.290832448005676,2.3044493198394775
0.118,0.083,2.2906137228012087,2.3040876388549805
0.118,0.083,2.290303683280945,2.3040695190429688
0.118,0.083,2.2899853706359865,2.3038742542266846
0.118,0.083,2.289714741706848,2.303874969482422
0.118,0.083,2.289502668380737,2.3036720752716064
0.118,0.083,2.2892304420471192,2.303581953048706
0.118,0.083,2.2890888452529907,2.3035569190979004
0.118,0.083,2.288643717765808,2.3033571243286133
0.118,0.083,2.2884047985076905,2.3031725883483887
0.118,0.083,2.288123846054077,2.3030447959899902
0.118,0.083,2.2878862857818603,2.3027284145355225
0.118,0.083,2.2876473903656005,2.302499771118164
0.118,0.083,2.2873481035232546,2.3022449016571045
0.118,0.083,2.2871729135513306,2.301938533782959
0.118,0.083,2.286803960800171,2.3019397258758545
0.118,0.083,2.286535358428955,2.30183744430542
0.118,0.083,2.2862091302871703,2.3017284870147705
0.118,0.083,2.2860653162002564,2.3014378547668457
0.118,0.083,2.2858795166015624,2.3012688159942627
0.118,0.083,2.285529541969299,2.3012397289276123
0.118,0.083,2.2851905107498167,2.300748348236084
0.118,0.083,2.284878730773926,2.300738573074341
0.118,0.083,2.2846063375473022,2.3005590438842773
0.118,0.083,2.284218454360962,2.3002803325653076
0.118,0.083,2.2840124368667603,2.3001790046691895
0.118,0.083,2.2837191104888914,2.299860954284668
0.118,0.083,2.283500099182129,2.2995128631591797
0.118,0.083,2.283131217956543,2.299426317214966
0.118,0.083,2.282816195487976,2.299116373062134
0.118,0.083,2.2825289726257325,2.2991743087768555
0.118,0.083,2.2823020219802856,2.298940658569336
0.118,0.083,2.281942081451416,2.2988386154174805
0.118,0.083,2.2815815448760985,2.2983295917510986
0.118,0.083,2.2814156770706178,2.2980234622955322
0.118,0.083,2.281089425086975,2.2978410720825195
0.118,0.083,2.280958580970764,2.297667980194092
0.118,0.083,2.2804520606994627,2.297316312789917
0.118,0.083,2.280382776260376,2.2969369888305664
0.118,0.083,2.2799260139465334,2.2970693111419678
0.118,0.083,2.27965247631073,2.2970046997070312
0.118,0.083,2.2792611360549926,2.296734094619751
0.118,0.083,2.2790820360183717,2.296346426010132
0.118,0.084,2.2787863969802857,2.2960715293884277
0.118,0.084,2.278455066680908,2.295742988586426
0.118,0.084,2.278156876564026,2.295503616333008
0.118,0.084,2.2778489351272584,2.295283555984497
0.118,0.084,2.2775788068771363,2.2950122356414795
0.118,0.084,2.277212071418762,2.2949225902557373
0.117,0.084,2.2771097898483275,2.2946407794952393
0.118,0.084,2.276755857467651,2.2945396900177
0.118,0.084,2.276340126991272,2.2942748069763184
0.118,0.084,2.276071310043335,2.294170618057251
0.118,0.085,2.275895428657532,2.293789863586426
0.118,0.084,2.2754296541213987,2.293680429458618
0.118,0.085,2.2752129077911376,2.2933671474456787
0.118,0.084,2.2749837160110475,2.2932465076446533
0.118,0.085,2.2745998382568358,2.2929043769836426
0.118,0.085,2.2742873430252075,2.2929115295410156
0.118,0.084,2.273986744880676,2.292661428451538
0.118,0.084,2.2736337661743162,2.292118787765503
0.118,0.085,2.273351216316223,2.291874647140503
0.118,0.087,2.2730640411376952,2.2913565635681152
0.119,0.087,2.272797417640686,2.291240692138672
0.119,0.087,2.2723063230514526,2.290999412536621
0.119,0.087,2.272054409980774,2.2910537719726562
0.12,0.088,2.2716980457305906,2.2907092571258545
0.12,0.087,2.271547555923462,2.2904129028320312
0.119,0.088,2.2710686922073364,2.290201187133789
0.12,0.087,2.2707690715789797,2.2898945808410645
0.121,0.088,2.2704500436782835,2.289461612701416
0.121,0.087,2.2701078414916993,2.289407968521118
0.12,0.088,2.269876170158386,2.2892277240753174
0.121,0.088,2.269566774368286,2.2887046337127686
0.121,0.088,2.269035077095032,2.2885632514953613
0.121,0.088,2.2686336517333983,2.2884271144866943
0.121,0.088,2.26846821308136,2.2881875038146973
0.121,0.088,2.2680878400802613,2.2880351543426514
0.121,0.088,2.26776123046875,2.287665367126465
0.122,0.088,2.267474913597107,2.287228584289551
0.122,0.088,2.2670496702194214,2.2870755195617676
0.122,0.088,2.266832685470581,2.2865540981292725
0.124,0.089,2.266372871398926,2.2862322330474854
0.122,0.089,2.2660999298095703,2.285936117172241
0.122,0.088,2.2656005859375,2.285822868347168
0.122,0.088,2.2653160810470583,2.285799980163574
0.123,0.089,2.264935612678528,2.285202741622925
0.121,0.089,2.264498233795166,2.2850589752197266
0.122,0.089,2.2640990018844604,2.284646511077881
0.122,0.089,2.26395845413208,2.284336805343628
0.123,0.089,2.263411116600037,2.284083604812622
0.129,0.089,2.263185715675354,2.2836203575134277
0.132,0.09,2.262684440612793,2.283285617828369
0.132,0.089,2.2623517990112303,2.2830755710601807
0.124,0.089,2.262043333053589,2.2829785346984863
0.124,0.089,2.2616167306900024,2.2827014923095703
0.124,0.089,2.2611339569091795,2.2823729515075684
0.126,0.089,2.2607412099838258,2.2820751667022705
0.127,0.089,2.260424256324768,2.281816005706787
0.129,0.09,2.260242056846619,2.281466484069824
0.13,0.09,2.259610486030579,2.2808997631073
0.127,0.089,2.259399747848511,2.280690908432007
0.127,0.089,2.258826565742493,2.280548572540283
0.13,0.092,2.2584172248840333,2.279913902282715
0.133,0.095,2.2581432342529295,2.279724597930908
0.138,0.099,2.257677412033081,2.2790544033050537
0.134,0.09,2.2574530601501466,2.2793450355529785
0.129,0.09,2.256925630569458,2.279055118560791
0.13,0.091,2.256337022781372,2.2785732746124268
0.135,0.097,2.2560074806213377,2.2780067920684814
0.14,0.1,2.255615973472595,2.2778215408325195
0.14,0.096,2.255157446861267,2.27774715423584
0.139,0.1,2.2546859264373778,2.277214765548706
0.145,0.104,2.2543127298355103,2.276642084121704
0.145,0.1,2.2539911031723023,2.2760097980499268
0.145,0.1,2.253607749938965,2.2757723331451416
0.145,0.103,2.253066062927246,2.2754878997802734
0.137,0.095,2.252923607826233,2.2757582664489746
0.137,0.1,2.2522228240966795,2.275143623352051
0.145,0.103,2.2518903017044067,2.274787425994873
0.143,0.097,2.2515328884124757,2.2746152877807617
0.145,0.101,2.2511011362075806,2.273549795150757
0.146,0.103,2.250351977348328,2.2732672691345215
0.148,0.101,2.250019335746765,2.273212432861328
0.149,0.105,2.249565935134888,2.272953748703003
0.151,0.102,2.2490615129470823,2.2724428176879883
0.149,0.102,2.2485989570617675,2.2721874713897705
0.15,0.108,2.2480773448944094,2.27150297164917
0.154,0.108,2.247714114189148,2.2715020179748535
0.147,0.107,2.2473158121109007,2.271285057067871
0.155,0.109,2.2468851089477537,2.2702977657318115
0.156,0.11,2.2463426113128664,2.270052671432495
0.157,0.114,2.2458579301834107,2.269479513168335
0.157,0.109,2.2453545331954956,2.269575595855713
0.156,0.109,2.24493727684021,2.2689950466156006
0.156,0.107,2.2444641828536986,2.268660306930542
0.155,0.108,2.2439709186553953,2.268404722213745
0.159,0.11,2.2437084913253784,2.267716646194458
0.158,0.111,2.242893171310425,2.267454147338867
0.16,0.112,2.2425375461578367,2.2669131755828857
0.161,0.111,2.241821050643921,2.2666099071502686
0.159,0.109,2.241514229774475,2.2664427757263184
0.158,0.113,2.240837287902832,2.265672206878662
0.16,0.109,2.2404367446899416,2.2654895782470703
0.162,0.115,2.2399972677230835,2.2645695209503174
0.164,0.115,2.2393957138061524,2.2642741203308105
0.163,0.112,2.2387932777404784,2.2639920711517334
0.163,0.115,2.238649773597717,2.263833522796631
0.164,0.114,2.2378010511398316,2.2633216381073
0.165,0.115,2.237458419799805,2.262908458709717
0.165,0.114,2.236862325668335,2.2626729011535645
0.164,0.119,2.2365468740463257,2.261678695678711
0.165,0.115,2.2359344244003294,2.2616446018218994
0.163,0.114,2.2352290868759157,2.261216878890991
0.163,0.117,2.2348790645599363,2.260781764984131
0.164,0.123,2.2343904972076416,2.259711980819702
0.164,0.12,2.233548069000244,2.2596192359924316
0.168,0.122,2.233171486854553,2.2590370178222656
0.168,0.122,2.232506442070007,2.258761167526245
0.163,0.119,2.2322508096694946,2.258505344390869
0.165,0.124,2.2315715312957765,2.257894992828369
0.167,0.123,2.230880045890808,2.2571511268615723
0.167,0.12,2.230482506752014,2.257028579711914
0.17,0.127,2.229783368110657,2.256409168243408
0.174,0.127,2.2293197870254517,2.255290985107422
0.17,0.127,2.2286043643951414,2.255171775817871
0.169,0.128,2.228143239021301,2.2549870014190674
0.17,0.125,2.2273877620697022,2.2546088695526123
0.17,0.128,2.2269187688827516,2.2540977001190186
0.173,0.13,2.2265188694000244,2.2532882690429688
0.171,0.133,2.2259567260742186,2.2526662349700928
0.171,0.127,2.2251524209976195,2.252394676208496
0.172,0.126,2.224696922302246,2.2523090839385986
0.17,0.127,2.22424201965332,2.251835584640503
0.173,0.131,2.2234789609909056,2.2509820461273193
0.171,0.132,2.22288339138031,2.250575542449951
0.175,0.131,2.2222031593322753,2.2498412132263184
0.178,0.136,2.2216053009033203,2.2492778301239014
0.173,0.133,2.2209111213684083,2.2491447925567627
0.171,0.135,2.2204726696014405,2.2483692169189453
0.179,0.134,2.2200618982315063,2.24757981300354
0.182,0.137,2.2190595865249634,2.2474348545074463
0.181,0.134,2.218408155441284,2.2468550205230713
0.178,0.135,2.218049693107605,2.246675968170166
0.176,0.132,2.2174334287643434,2.2460238933563232
0.181,0.133,2.2165505409240724,2.245513439178467
0.183,0.135,2.216163396835327,2.2448172569274902
0.183,0.135,2.21546356678009,2.244413375854492
0.19,0.14,2.214954209327698,2.2431588172912598
0.19,0.134,2.214461636543274,2.2430927753448486
0.188,0.136,2.213688063621521,2.242689371109009
0.191,0.138,2.2130403757095336,2.2425880432128906
0.191,0.141,2.212189531326294,2.241863250732422
0.186,0.131,2.2118945360183715,2.241494655609131
0.186,0.135,2.2109474897384644,2.2405312061309814
0.193,0.14,2.2102627754211426,2.2398180961608887
0.196,0.139,2.2095195293426513,2.239346742630005
0.196,0.145,2.2090807437896727,2.2391467094421387
0.192,0.143,2.2082876682281496,2.2385411262512207
0.208,0.153,2.207866168022156,2.2374696731567383
0.204,0.146,2.2067877292633056,2.2369139194488525
0.193,0.136,2.2065480232238768,2.237128973007202
0.196,0.142,2.2056917190551757,2.2360661029815674
0.203,0.151,2.205161714553833,2.2354609966278076
0.212,0.149,2.20470654964447,2.234454393386841
0.207,0.149,2.2033459424972532,2.234473466873169
0.201,0.147,2.203081488609314,2.2345128059387207
0.199,0.15,2.202512288093567,2.2328500747680664
0.209,0.151,2.201507568359375,2.232895851135254
0.204,0.15,2.20103497505188,2.2326226234436035
0.212,0.16,2.2001478910446166,2.2316408157348633
0.225,0.157,2.199505853652954,2.2310991287231445
0.211,0.152,2.199161410331726,2.2311625480651855
0.203,0.151,2.1982399940490724,2.230297565460205
0.211,0.159,2.1974497556686403,2.2290658950805664
0.217,0.157,2.1969125270843506,2.2286691665649414
0.216,0.16,2.196024513244629,2.2276341915130615
0.227,0.165,2.195438289642334,2.227048873901367
0.221,0.16,2.194606566429138,2.2269017696380615
0.216,0.161,2.193727397918701,2.22660493850708
0.225,0.163,2.193234944343567,2.2256054878234863
0.219,0.16,2.192409372329712,2.2254891395568848
0.206,0.158,2.192050838470459,2.2250964641571045
0.216,0.162,2.1911108255386353,2.224374532699585
0.224,0.166,2.190309166908264,2.2231836318969727
0.241,0.178,2.1897125005722047,2.222602605819702
0.238,0.171,2.188983750343323,2.221768856048584
0.239,0.168,2.1882814168930054,2.221390724182129
0.23,0.164,2.1873865842819216,2.2210335731506348
0.22,0.168,2.186748170852661,2.220832347869873
0.231,0.178,2.1860617876052855,2.2194485664367676
0.235,0.174,2.18539879322052,2.2189037799835205
0.233,0.171,2.184545135498047,2.2184107303619385
0.233,0.169,2.1839659214019775,2.218249559402466
0.234,0.173,2.183250665664673,2.2175791263580322
0.246,0.188,2.182443451881409,2.2166972160339355
0.24,0.169,2.1819220304489138,2.216559886932373
0.226,0.17,2.1810075283050536,2.2157156467437744
0.242,0.18,2.1799831867218016,2.214916229248047
0.245,0.187,2.179340386390686,2.2144839763641357
0.239,0.183,2.1787839412689207,2.2135326862335205
0.245,0.18,2.178098177909851,2.2130630016326904
0.25,0.19,2.1772892475128174,2.211756944656372
0.253,0.186,2.176394009590149,2.2112996578216553
0.245,0.183,2.175758194923401,2.211416482925415
0.248,0.193,2.1749957323074343,2.2107841968536377
0.256,0.188,2.1742478370666505,2.21000075340271
0.252,0.191,2.173606753349304,2.2095730304718018
0.247,0.185,2.1726515531539916,2.2086408138275146
0.252,0.181,2.171824741363525,2.207874059677124
0.249,0.194,2.171494722366333,2.207469940185547
0.252,0.195,2.170306420326233,2.206650733947754
0.259,0.194,2.1697195291519167,2.206043004989624
0.247,0.185,2.169166922569275,2.205636978149414
0.253,0.191,2.1681677103042603,2.2046217918395996
0.263,0.193,2.1677202463150023,2.203922986984253
0.264,0.204,2.166833209991455,2.203134298324585
0.26,0.2,2.1664007186889647,2.2035908699035645
0.264,0.197,2.1652918338775633,2.202260971069336
0.263,0.195,2.1641961574554442,2.2013580799102783
0.268,0.195,2.1635377645492553,2.2010154724121094
0.267,0.195,2.16285297870636,2.2000293731689453
0.266,0.196,2.162042665481567,2.1995184421539307
0.264,0.195,2.1614042043685915,2.1991782188415527
0.271,0.199,2.160505485534668,2.1981141567230225
0.276,0.2,2.1599514722824096,2.1975269317626953
0.267,0.195,2.1592476606369018,2.197260856628418
0.263,0.197,2.1579667568206786,2.196885108947754
0.274,0.203,2.157388520240784,2.1958749294281006
0.278,0.2,2.15657217502594,2.194744825363159
0.274,0.199,2.1558634519577025,2.1940770149230957
0.278,0.198,2.1551297903060913,2.1941628456115723
0.279,0.205,2.1542594194412232,2.192781925201416
0.282,0.203,2.1534924030303957,2.192298173904419
0.275,0.201,2.1528015613555906,2.192329168319702
0.28,0.204,2.1521310567855836,2.191072463989258
0.28,0.202,2.1513659238815306,2.1899662017822266
0.274,0.203,2.1506902456283568,2.190156936645508
0.277,0.207,2.1500669717788696,2.1892752647399902
0.279,0.207,2.148659610748291,2.1883459091186523
0.278,0.209,2.148288536071777,2.1884191036224365
0.279,0.207,2.1472636461257935,2.186931610107422
0.284,0.213,2.1464114427566527,2.1862587928771973
0.277,0.206,2.1465909004211428,2.186901807785034
0.277,0.205,2.1449803590774534,2.1845521926879883
0.286,0.207,2.1441400766372682,2.1842401027679443
0.279,0.212,2.143598508834839,2.1840195655822754
0.281,0.213,2.1423417806625364,2.1829631328582764
0.285,0.212,2.141765809059143,2.1819658279418945
0.287,0.214,2.141063380241394,2.1813740730285645
0.284,0.21,2.1402120113372805,2.1810085773468018
0.282,0.211,2.139682102203369,2.1810996532440186
0.284,0.206,2.1384629726409914,2.180114984512329
0.284,0.212,2.1376819372177125,2.179278612136841
0.285,0.216,2.137127900123596,2.178727626800537
0.287,0.213,2.136309099197388,2.177299737930298
0.285,0.212,2.135475921630859,2.177395820617676
0.285,0.215,2.1348018646240234,2.1767287254333496
0.286,0.216,2.1339133024215697,2.176016330718994
0.285,0.22,2.1330319166183473,2.1755099296569824
0.29,0.22,2.132367706298828,2.1744792461395264
0.286,0.219,2.131320929527283,2.173957109451294
0.286,0.212,2.131210708618164,2.1726295948028564
0.285,0.222,2.1298394918441774,2.1722300052642822
0.287,0.218,2.1290279626846313,2.1717097759246826
0.286,0.215,2.12816002368927,2.171821355819702
0.287,0.216,2.1279675006866454,2.171072244644165
0.289,0.215,2.126790475845337,2.170603036880493
0.287,0.22,2.1263312816619875,2.1686954498291016
0.284,0.221,2.125635361671448,2.1682980060577393
0.287,0.214,2.124938654899597,2.168917179107666
0.289,0.223,2.1237722396850587,2.1676852703094482
0.286,0.216,2.123249578475952,2.1663942337036133
0.293,0.217,2.1219069004058837,2.165883779525757
0.287,0.22,2.1216703176498415,2.1655778884887695
0.282,0.226,2.120694398880005,2.1649303436279297
0.29,0.224,2.1194589853286745,2.16396427154541
0.289,0.228,2.119124507904053,2.1624464988708496
0.285,0.223,2.1183445930480955,2.162855863571167
0.29,0.224,2.1172495603561403,2.1623706817626953
0.292,0.229,2.116566467285156,2.1622447967529297
0.295,0.226,2.1161133527755736,2.160309076309204
0.293,0.229,2.1151287317276,2.159715175628662
0.295,0.23,2.114388084411621,2.1596901416778564
0.292,0.222,2.11356635093689,2.159712553024292
0.29,0.231,2.112728476524353,2.157874822616577
0.29,0.231,2.11171555519104,2.1572067737579346
0.289,0.227,2.1111151218414306,2.1567745208740234
0.289,0.219,2.110979771614075,2.156643867492676
0.284,0.229,2.109633684158325,2.1557490825653076
0.294,0.234,2.1092358112335203,2.1543450355529785
0.298,0.227,2.10867817401886,2.155005931854248
0.291,0.227,2.1076396465301515,2.1545724868774414
0.299,0.237,2.1063505172729493,2.15289306640625
0.303,0.232,2.105735445022583,2.151370048522949
0.295,0.225,2.1048375606536864,2.1512508392333984
0.293,0.227,2.1038006067276003,2.1514298915863037
0.292,0.235,2.103348135948181,2.1502063274383545
0.297,0.227,2.1027531147003176,2.149773120880127
0.305,0.239,2.102194046974182,2.1488640308380127
0.297,0.236,2.100965666770935,2.1491472721099854
0.293,0.231,2.100189208984375,2.14788556098938
0.297,0.238,2.0995074033737184,2.147014617919922
0.302,0.234,2.0983873844146728,2.1463980674743652
0.295,0.231,2.0981552362442017,2.1458733081817627
0.295,0.236,2.0971190690994264,2.1448862552642822
0.304,0.238,2.09640212059021,2.1438324451446533
0.306,0.236,2.0955524682998656,2.143939971923828
0.303,0.232,2.09504816532135,2.1436283588409424
0.298,0.232,2.094181704521179,2.143000602722168
0.303,0.234,2.093144726753235,2.141444206237793
0.303,0.236,2.092377781867981,2.14182448387146
0.302,0.236,2.093268871307373,2.140671491622925
0.306,0.235,2.0904377698898315,2.1403720378875732
0.299,0.24,2.0908843755722044,2.1401777267456055
0.297,0.234,2.0901110649108885,2.1395559310913086
0.299,0.234,2.0885452032089233,2.1378540992736816
0.305,0.241,2.0878243684768676,2.1370110511779785
0.308,0.23,2.0873257875442506,2.137223958969116
0.304,0.236,2.0861857175827025,2.1364336013793945
0.303,0.241,2.0857991218566894,2.1359095573425293
0.3,0.244,2.084556770324707,2.135464906692505
0.304,0.244,2.0839539527893067,2.134215831756592
0.308,0.24,2.0833699226379396,2.133327007293701
0.31,0.237,2.083313775062561,2.133164167404175
0.308,0.24,2.081847977638245,2.132328748703003
0.305,0.241,2.081217122077942,2.1315178871154785
0.31,0.241,2.0802541971206665,2.1311163902282715
0.311,0.243,2.0797114610671996,2.1301629543304443
0.301,0.242,2.0789983749389647,2.1306958198547363
0.299,0.242,2.0782168388366697,2.1303908824920654
0.305,0.235,2.077702212333679,2.128868579864502
0.308,0.248,2.0774463057518004,2.1270699501037598
0.306,0.237,2.07573344707489,2.1278083324432373
0.308,0.239,2.0752012729644775,2.127129316329956
0.315,0.246,2.0741843938827516,2.126227855682373
0.309,0.245,2.073857831954956,2.126406669616699
0.316,0.248,2.0730459451675416,2.1249380111694336
0.313,0.235,2.072583723068237,2.1249072551727295
0.313,0.247,2.071377921104431,2.123281478881836
0.313,0.252,2.071157670021057,2.122959613800049
0.314,0.246,2.06974515914917,2.1226956844329834
0.313,0.239,2.0690796852111815,2.121795415878296
0.306,0.249,2.0688839673995973,2.1213457584381104
0.311,0.245,2.068084692955017,2.1209945678710938
0.306,0.247,2.067161273956299,2.119856834411621
0.319,0.253,2.0661598682403564,2.1190457344055176
0.316,0.248,2.0653741359710693,2.1187736988067627
0.313,0.25,2.064500403404236,2.1185667514801025
0.307,0.25,2.064277911186218,2.118048667907715
0.308,0.242,2.063749599456787,2.1175336837768555
0.313,0.255,2.062451148033142,2.1157915592193604
0.314,0.252,2.061469030380249,2.1152665615081787
0.317,0.253,2.061587762832642,2.115271806716919
0.319,0.255,2.0605975151062013,2.1144962310791016
0.317,0.242,2.0598322629928587,2.114645004272461
0.311,0.253,2.058637094497681,2.1135547161102295
0.31,0.257,2.058010530471802,2.1127123832702637
0.315,0.252,2.057356035709381,2.11187744140625
0.312,0.251,2.0566062688827516,2.1120030879974365
0.31,0.249,2.0556535959243774,2.111518144607544
0.309,0.256,2.0556644201278687,2.110720157623291
0.314,0.259,2.055053472518921,2.109471321105957
0.317,0.257,2.0536571502685548,2.1087749004364014
0.317,0.25,2.0534011125564575,2.108086347579956
0.317,0.251,2.052285003662109,2.1088380813598633
0.32,0.248,2.051525342464447,2.107682228088379
0.32,0.256,2.0507754564285277,2.1069552898406982
0.319,0.254,2.0499412417411804,2.106513500213623
0.313,0.257,2.049353528022766,2.1058614253997803
0.314,0.257,2.0485427141189576,2.105154514312744
0.316,0.257,2.048364758491516,2.105055570602417
0.315,0.256,2.0471652865409853,2.104168653488159
0.321,0.258,2.0474395751953125,2.1032655239105225
0.32,0.25,2.04566308259964,2.102856159210205
0.312,0.254,2.045326256752014,2.1033334732055664
0.312,0.262,2.0445130348205565,2.101036548614502
0.323,0.254,2.0436864733695983,2.100529670715332
0.314,0.261,2.0435511827468873,2.1009345054626465
0.317,0.263,2.0430246114730837,2.09944748878479
0.316,0.258,2.042141819000244,2.099365711212158
0.319,0.253,2.0409672617912293,2.0998706817626953
0.317,0.257,2.040450084209442,2.0986084938049316
0.315,0.265,2.0398935198783876,2.0973458290100098
0.319,0.259,2.03929398059845,2.096559524536133
0.32,0.259,2.038209593296051,2.096614122390747
0.321,0.258,2.0378294587135315,2.0964879989624023
0.323,0.259,2.0366732120513915,2.095836877822876
0.319,0.26,2.0369213104248045,2.093839406967163
0.327,0.254,2.0358724117279055,2.094154119491577
0.317,0.258,2.03488746881485,2.093865156173706
0.316,0.259,2.0341892004013062,2.093291997909546
0.315,0.265,2.0334370136260986,2.0922908782958984
0.322,0.263,2.0321712374687193,2.0923938751220703
0.322,0.254,2.032127928733826,2.0918986797332764
0.315,0.26,2.0313924074172975,2.0908141136169434
0.317,0.267,2.0309781074523925,2.0901918411254883
0.317,0.261,2.029727339744568,2.089517593383789
0.321,0.264,2.0294049263000487,2.0892746448516846
0.319,0.264,2.028632867336273,2.0886542797088623
0.318,0.264,2.0283080339431763,2.088181257247925
0.323,0.262,2.027388644218445,2.0878584384918213
0.318,0.261,2.0267438650131226,2.08685040473938
0.326,0.258,2.0258901119232178,2.0864005088806152
0.322,0.259,2.0259547352790834,2.08652663230896
0.324,0.264,2.0244981408119203,2.0851690769195557
0.324,0.266,2.023536515235901,2.0843653678894043
0.321,0.263,2.02319757938385,2.0848255157470703
0.326,0.264,2.0223467111587525,2.0835375785827637
0.318,0.264,2.022125041484833,2.083245277404785
0.328,0.27,2.0212072372436523,2.0817272663116455
0.326,0.266,2.0206548810005187,2.0821869373321533
0.323,0.267,2.0198485970497133,2.080735206604004
0.327,0.258,2.0193541407585145,2.080467462539673
0.329,0.256,2.02009357213974,2.0820133686065674
0.32,0.266,2.017290246486664,2.0798263549804688
0.325,0.271,2.017109525203705,2.0789802074432373
0.327,0.261,2.016847789287567,2.0796189308166504
0.321,0.264,2.015953040122986,2.077909469604492
0.321,0.264,2.0150845766067507,2.0780179500579834
0.319,0.269,2.015003967285156,2.077854871749878
0.319,0.267,2.0140793681144715,2.07686710357666
0.326,0.27,2.013808345794678,2.0750510692596436
0.33,0.271,2.0126254200935363,2.0747036933898926
0.325,0.268,2.011896586418152,2.0755257606506348
0.322,0.266,2.01111501455307,2.0745415687561035
0.327,0.264,2.010516273975372,2.0740456581115723
0.33,0.272,2.0102935552597048,2.072988986968994
0.328,0.262,2.0112478971481322,2.075133800506592
0.322,0.267,2.008574140071869,2.0724880695343018
0.325,0.266,2.0080175757408143,2.0718672275543213
0.325,0.264,2.00801283121109,2.0718252658843994
0.322,0.261,2.007282054424286,2.0724129676818848
0.319,0.261,2.006120753288269,2.070464849472046
0.329,0.265,2.0053009390830994,2.0695128440856934
0.328,0.265,2.005023419857025,2.0697717666625977
0.325,0.267,2.0039024710655213,2.068467855453491
0.331,0.264,2.0034688830375673,2.068084478378296
0.324,0.266,2.002939963340759,2.0679121017456055
0.323,0.267,2.0022313475608824,2.067399740219116
0.331,0.269,2.0020823955535887,2.0662126541137695
0.332,0.269,2.0010505437850954,2.066174030303955
0.327,0.27,2.000718080997467,2.0659987926483154
0.326,0.264,1.9998270392417907,2.0663020610809326
0.328,0.265,1.9991442918777467,2.0650932788848877
0.326,0.27,1.9991114616394043,2.06437611579895
0.324,0.264,1.999184787273407,2.0645534992218018
0.327,0.269,1.9978540062904357,2.0630311965942383
0.327,0.267,1.9967407703399658,2.0627145767211914
0.328,0.269,1.9965742230415344,2.0627493858337402
0.332,0.27,1.996131920814514,2.0620644092559814
0.333,0.268,1.9950001239776611,2.0611679553985596
0.329,0.272,1.9945894837379456,2.060190439224243
0.329,0.271,1.994099497795105,2.0604162216186523
0.327,0.267,1.9934703588485718,2.0603723526000977
0.329,0.274,1.9924588322639465,2.0589208602905273
0.333,0.273,1.9922269225120544,2.058882474899292
0.33,0.27,1.9914518594741821,2.058945417404175
0.325,0.268,1.991108238697052,2.058239698410034
0.332,0.275,1.9903113007545472,2.0564937591552734
0.335,0.274,1.9895325422286987,2.0562899112701416
0.329,0.27,1.990218997001648,2.0572004318237305
0.333,0.269,1.9887614965438842,2.057352066040039
0.325,0.272,1.9877792000770569,2.0559043884277344
0.334,0.278,1.9874761939048766,2.054677963256836
0.339,0.279,1.9868307709693909,2.054252862930298
0.327,0.271,1.9864904761314393,2.0557472705841064
0.33,0.278,1.9855069279670716,2.0536601543426514
0.337,0.271,1.9851837277412414,2.05328631401062
0.334,0.272,1.9848479866981505,2.052963972091675
0.328,0.278,1.984133768081665,2.0518500804901123
0.336,0.276,1.9830981492996216,2.0513041019439697
0.335,0.269,1.9824207782745362,2.051725149154663
0.332,0.271,1.9822493076324463,2.051751136779785
0.332,0.277,1.9819711565971374,2.0510196685791016
0.336,0.277,1.9807314157485962,2.0496106147766113
0.333,0.28,1.9803015828132629,2.049253463745117
0.339,0.273,1.9807200193405152,2.049708366394043
0.333,0.279,1.9797091841697694,2.048227310180664
0.338,0.278,1.9784761548042298,2.0480735301971436
0.336,0.276,1.978432548046112,2.0472352504730225
0.334,0.275,1.977224087715149,2.0473930835723877
0.33,0.276,1.9773549556732177,2.047013282775879
0.331,0.278,1.976959240436554,2.046491861343384
0.335,0.275,1.9757209062576293,2.046492338180542
0.33,0.273,1.9761487007141114,2.046739339828491
0.333,0.276,1.9746974110603333,2.045009136199951
0.337,0.283,1.97434663772583,2.0437138080596924
0.338,0.283,1.9736692428588867,2.043079137802124
0.335,0.275,1.9737038612365723,2.044855833053589
0.341,0.277,1.9731436729431153,2.0439653396606445
0.331,0.274,1.971897053718567,2.043445587158203
0.334,0.281,1.9713518261909484,2.0419509410858154
0.336,0.279,1.9712047576904297,2.0419247150421143
0.337,0.279,1.9699124336242675,2.041414976119995
0.34,0.277,1.9698878884315492,2.0406885147094727
0.337,0.278,1.969740867614746,2.0404844284057617
0.337,0.278,1.9685680866241455,2.0409302711486816
0.336,0.277,1.9680822968482972,2.0399019718170166
0.338,0.279,1.9675863265991211,2.039307117462158
0.342,0.285,1.9674102544784546,2.0385239124298096
0.339,0.275,1.9669168710708618,2.0384514331817627
0.344,0.284,1.966003429889679,2.0378167629241943
0.339,0.283,1.965896773338318,2.037094831466675
0.339,0.275,1.9651253700256348,2.0376827716827393
0.335,0.281,1.964314341545105,2.0370285511016846
0.344,0.279,1.9642210364341737,2.0353801250457764
0.34,0.285,1.9632671117782592,2.0355842113494873
0.338,0.277,1.9629248261451722,2.035918951034546
0.345,0.28,1.9624292612075807,2.0346009731292725
0.346,0.283,1.9619939923286438,2.0348422527313232
0.34,0.281,1.9611863374710083,2.034066915512085
0.346,0.283,1.9605989813804627,2.03387451171875
0.341,0.279,1.960765790939331,2.0331690311431885
0.338,0.276,1.960324227809906,2.0338261127471924
0.343,0.28,1.9589078426361084,2.0325701236724854
0.344,0.289,1.9593693137168884,2.031400680541992
0.349,0.28,1.9590510964393615,2.033473014831543
0.341,0.283,1.9593948602676392,2.0310661792755127
0.34,0.281,1.9581562280654907,2.0314109325408936
0.334,0.279,1.957158386707306,2.0308711528778076
0.347,0.282,1.9561375021934508,2.029555559158325
0.343,0.281,1.95556960105896,2.029268264770508
0.344,0.284,1.954935896396637,2.0295498371124268
0.348,0.279,1.9556864380836487,2.0298452377319336
0.344,0.286,1.954057765007019,2.028057098388672
0.343,0.282,1.9534864664077758,2.027878522872925
0.343,0.279,1.9536810517311096,2.0271787643432617
0.344,0.283,1.9523430705070495,2.027360677719116
0.347,0.279,1.9518531084060669,2.0273423194885254
0.341,0.277,1.9519757390022279,2.027456045150757
0.343,0.288,1.9513731718063354,2.025927782058716
0.341,0.283,1.9510548830032348,2.02541446685791
0.342,0.285,1.9499569058418273,2.0248188972473145
0.346,0.284,1.9498860836029053,2.0249831676483154
0.344,0.287,1.9491665601730346,2.0240674018859863
0.345,0.288,1.948912298679352,2.024151086807251
0.351,0.277,1.9479495644569398,2.0242528915405273
0.347,0.279,1.94758597612381,2.0235819816589355
0.347,0.285,1.9471683025360107,2.0223801136016846
0.345,0.291,1.947087788581848,2.0217697620391846
0.348,0.284,1.945981001853943,2.022106885910034
0.342,0.283,1.9462755799293519,2.0218114852905273
0.341,0.291,1.945570170879364,2.0205161571502686
0.347,0.286,1.944903314113617,2.02146577835083
0.345,0.287,1.944170880317688,2.020873546600342
0.344,0.288,1.9441132187843322,2.0199551582336426
0.345,0.289,1.9436578273773193,2.020266056060791
0.352,0.281,1.9428708791732787,2.019390344619751
0.341,0.285,1.9425027132034303,2.0191047191619873
0.347,0.292,1.9422818183898927,2.0179150104522705
0.342,0.277,1.9419454336166382,2.0195608139038086
0.344,0.285,1.9419710278511046,2.01806640625
0.346,0.291,1.94014413356781,2.0166237354278564
0.35,0.289,1.9400999665260314,2.017582654953003
0.343,0.284,1.9398329138755799,2.0164501667022705
0.352,0.287,1.9393108010292053,2.0161476135253906
0.347,0.288,1.9388915300369263,2.015218734741211
0.342,0.286,1.939007294178009,2.015213966369629
0.344,0.286,1.937796378135681,2.0160484313964844
0.346,0.285,1.936909019947052,2.0149786472320557
0.352,0.292,1.936471664905548,2.0143096446990967
0.347,0.285,1.9363275647163392,2.014932870864868
0.344,0.286,1.9359806537628175,2.0149407386779785
0.343,0.286,1.9355103611946105,2.0137336254119873
0.346,0.289,1.9354288935661317,2.0118751525878906
0.351,0.297,1.9349390029907227,2.0116374492645264
0.357,0.292,1.935235059261322,2.011152982711792
0.35,0.286,1.9334970831871032,2.012810468673706
0.35,0.282,1.9333850741386414,2.0125741958618164
0.344,0.287,1.9324125528335572,2.0110344886779785
0.342,0.289,1.9327146649360656,2.010671377182007
0.348,0.282,1.931778109073639,2.0118019580841064
0.347,0.29,1.9312856078147889,2.0102875232696533
0.352,0.287,1.9323778986930846,2.0100836753845215
0.351,0.294,1.9303441882133483,2.0084424018859863
0.348,0.293,1.9305989265441894,2.008086919784546
0.354,0.283,1.9309555530548095,2.010167121887207
0.351,0.291,1.9295976281166076,2.008436679840088
0.341,0.294,1.9284564852714539,2.0079991817474365
0.347,0.29,1.9283975481987,2.0078322887420654
0.353,0.283,1.9277740001678467,2.0077435970306396
0.345,0.287,1.9285444855690002,2.008302927017212
0.346,0.287,1.927494430541992,2.007129430770874
0.347,0.292,1.9264080047607421,2.005153179168701
0.351,0.292,1.926246953010559,2.0053038597106934
0.353,0.297,1.92633775472641,2.0047662258148193
0.349,0.292,1.9255622029304504,2.00469708442688
0.357,0.285,1.92608083486557,2.0075418949127197
0.349,0.292,1.9241771817207336,2.0046069622039795
0.348,0.29,1.924090826511383,2.004070997238159
0.347,0.286,1.923768985271454,2.004483699798584
0.347,0.29,1.9237656474113465,2.0033786296844482
0.355,0.289,1.9223183393478394,2.0028631687164307
0.354,0.288,1.9218044400215148,2.002262592315674
0.352,0.287,1.9219074010849,2.002439498901367
0.35,0.299,1.921681559085846,2.0016188621520996
0.348,0.293,1.9211259126663207,2.002523899078369
0.35,0.293,1.9200343012809753,2.0012805461883545
0.353,0.288,1.9198747515678405,2.001246690750122
0.354,0.294,1.9192309498786926,2.0006000995635986
0.353,0.287,1.9201612949371338,2.000789165496826
0.351,0.294,1.9189211487770081,1.9998947381973267
0.345,0.292,1.918468141555786,1.9998104572296143
0.359,0.287,1.9182976722717284,1.9997018575668335
0.352,0.293,1.9184309840202332,1.999426007270813
0.352,0.292,1.9173298478126526,1.9989392757415771
0.347,0.286,1.9168620705604553,1.998551607131958
0.35,0.29,1.9162879586219788,1.9985049962997437
0.348,0.299,1.9172099828720093,1.9971357583999634
0.347,0.287,1.9160410046577454,1.9980354309082031
0.354,0.293,1.9153998017311096,1.997237205505371
0.353,0.299,1.9149103879928588,1.9955683946609497
0.348,0.294,1.9140618562698364,1.9962934255599976
0.351,0.288,1.9135854482650756,1.997141718864441
0.354,0.293,1.913250744342804,1.9960674047470093
0.354,0.29,1.9125566482543945,1.995834469795227
0.353,0.293,1.9127613425254821,1.9950451850891113
0.356,0.288,1.913173997402191,1.9956156015396118
0.347,0.293,1.911668872833252,1.9941871166229248
0.347,0.291,1.9111360430717468,1.9943946599960327
0.352,0.29,1.9109709858894348,1.9942965507507324
0.352,0.299,1.910224163532257,1.9925458431243896
0.357,0.296,1.9106065273284911,1.9925187826156616
0.35,0.299,1.910531485080719,1.9921222925186157
0.352,0.294,1.909434449672699,1.992181658744812
0.351,0.295,1.9098417520523072,1.9934542179107666
0.352,0.293,1.9085174083709717,1.9918252229690552
0.352,0.291,1.908595335483551,1.9920458793640137
0.349,0.291,1.9078723073005677,1.9918839931488037
0.354,0.293,1.9067424058914184,1.9916584491729736
0.359,0.299,1.9073201775550843,1.990447998046875
0.362,0.297,1.9065210461616515,1.9895660877227783
0.354,0.293,1.9071569800376893,1.9907840490341187
0.353,0.293,1.9059533476829529,1.990563988685608
0.357,0.3,1.9057136058807373,1.9910149574279785
0.351,0.302,1.9063082933425903,1.9894214868545532
0.35,0.292,1.9051864624023438,1.989181399345398
0.356,0.299,1.90439110994339,1.988444447517395
0.355,0.293,1.903884732723236,1.98871648311615
0.36,0.295,1.9032642364501953,1.987951397895813
0.361,0.297,1.9034570455551147,1.9876723289489746
0.363,0.293,1.9030676484107971,1.9873348474502563
0.36,0.299,1.902760136127472,1.9869431257247925
0.358,0.295,1.9018924474716186,1.986616849899292
0.359,0.293,1.901523184776306,1.987209677696228
0.354,0.296,1.9011427998542785,1.9867174625396729
0.355,0.296,1.900933063030243,1.9860562086105347
0.361,0.302,1.900715970993042,1.9848566055297852
0.359,0.296,1.9003007531166076,1.9857821464538574
0.359,0.303,1.900516676902771,1.9843599796295166
0.356,0.293,1.8994988918304443,1.9858951568603516
0.349,0.302,1.8997095584869386,1.984458088874817
0.351,0.298,1.8989553689956664,1.9832062721252441
0.36,0.299,1.8982116818428039,1.9836928844451904
0.368,0.293,1.8976500272750854,1.9837852716445923
0.36,0.295,1.8975121140480042,1.9847112894058228
0.351,0.295,1.8966994166374207,1.9836839437484741
0.359,0.297,1.897279143333435,1.9825997352600098
0.363,0.293,1.8972911596298219,1.9813992977142334
0.357,0.293,1.8968694686889649,1.9836300611495972
0.355,0.294,1.8955403327941895,1.9821677207946777
0.356,0.298,1.8953864574432373,1.9818896055221558
0.353,0.303,1.8955126762390138,1.9810512065887451
0.355,0.301,1.8950536131858826,1.979742169380188
0.361,0.292,1.894314217567444,1.9816691875457764
0.36,0.296,1.8936727881431579,1.9806418418884277
0.356,0.298,1.8934602975845336,1.9806386232376099
0.359,0.298,1.8926910638809205,1.9800055027008057
0.358,0.296,1.892822265625,1.9797521829605103
0.36,0.3,1.8926830887794495,1.9787590503692627
0.355,0.295,1.892373752593994,1.978882074356079
0.353,0.3,1.89241703748703,1.9800359010696411
0.355,0.302,1.8914830327033996,1.9786038398742676
0.354,0.301,1.8916226506233216,1.9777177572250366
0.352,0.3,1.8908520221710206,1.9777724742889404
0.361,0.3,1.8904116868972778,1.9783440828323364
0.362,0.3,1.8903602957725525,1.978179693222046
0.363,0.301,1.8898341298103332,1.9765292406082153
0.35,0.298,1.8912858843803406,1.977687120437622
0.358,0.297,1.888965404033661,1.9769073724746704
0.362,0.298,1.8888612031936645,1.9765397310256958
0.361,0.304,1.8879121661186218,1.9756404161453247
0.357,0.306,1.887696957588196,1.9753155708312988
0.361,0.303,1.887493109703064,1.9752464294433594
0.362,0.298,1.887406849861145,1.9764468669891357
0.36,0.301,1.886433982849121,1.9750138521194458
0.353,0.3,1.8860817551612854,1.9741069078445435
0.355,0.307,1.8873717188835144,1.9743841886520386
0.361,0.3,1.8870108246803283,1.9743192195892334
0.355,0.297,1.8856033325195312,1.9744023084640503
0.355,0.302,1.8859382629394532,1.9740108251571655
0.365,0.302,1.8845855712890625,1.9725126028060913
0.367,0.298,1.88428053855896,1.972604513168335
0.359,0.302,1.8843029499053956,1.9720441102981567
0.363,0.302,1.8839638710021973,1.9728585481643677
0.355,0.301,1.8837441802024841,1.9727606773376465
0.364,0.305,1.8839009761810304,1.9708789587020874
0.365,0.296,1.8825830936431884,1.972397804260254
0.363,0.295,1.8823805809020997,1.9719771146774292
0.356,0.292,1.882401430606842,1.9727681875228882
0.355,0.301,1.8819361090660096,1.9713075160980225
0.364,0.307,1.881588912010193,1.9696645736694336
0.367,0.304,1.881036674976349,1.9694522619247437
0.362,0.303,1.881300413608551,1.970559000968933
0.363,0.298,1.8802307486534118,1.9706496000289917
0.357,0.303,1.8802744150161743,1.9699994325637817
0.353,0.299,1.8798288583755494,1.9700742959976196
0.361,0.303,1.8804009675979614,1.9678308963775635
0.37,0.304,1.87982280254364,1.9690601825714111
0.358,0.301,1.879026460647583,1.9680087566375732
0.362,0.305,1.8789021134376527,1.9673339128494263
0.368,0.306,1.8788416504859924,1.9690543413162231
0.359,0.302,1.8783057451248169,1.967670202255249
0.353,0.304,1.8777279138565064,1.9677419662475586
0.36,0.303,1.876557183265686,1.9677460193634033
0.357,0.303,1.8770043492317199,1.9673680067062378
0.358,0.305,1.8765275120735168,1.9675545692443848
0.368,0.301,1.8764368534088134,1.966036081314087
0.361,0.299,1.8761791229248046,1.9663645029067993
0.356,0.301,1.8755918145179749,1.9657074213027954
0.364,0.302,1.8747804641723633,1.9647098779678345
0.36,0.304,1.874800455570221,1.9656144380569458
0.361,0.31,1.8748414158821105,1.9657816886901855
0.359,0.309,1.8745376944541932,1.964641809463501
0.356,0.304,1.8744284152984618,1.9663822650909424
0.358,0.302,1.8751906514167787,1.9644320011138916
0.374,0.306,1.8728554844856262,1.9638171195983887
0.361,0.304,1.8728126883506775,1.9644412994384766
0.359,0.3,1.8743602275848388,1.9635558128356934
0.36,0.309,1.872561264038086,1.9648305177688599
0.367,0.305,1.8720532655715942,1.9637348651885986
0.372,0.302,1.8716293454170227,1.962575912475586
0.367,0.306,1.8710466146469116,1.9625208377838135
0.355,0.296,1.871282958984375,1.9625468254089355
0.359,0.303,1.8712332844734192,1.9630569219589233
0.358,0.311,1.8710380792617798,1.9628281593322754
0.361,0.308,1.8700722455978394,1.9614065885543823
0.368,0.302,1.8697985887527466,1.9607245922088623
0.366,0.306,1.8692358374595641,1.962166666984558
0.361,0.302,1.8692124366760254,1.9614646434783936
0.369,0.305,1.869426953792572,1.961317777633667
0.367,0.311,1.8684333205223083,1.961295247077942
0.362,0.309,1.8683762907981873,1.9614945650100708
0.361,0.303,1.8678220748901366,1.9589271545410156
0.367,0.305,1.8679460048675538,1.9591795206069946
0.366,0.305,1.868394935131073,1.9609060287475586
0.364,0.304,1.8666926741600036,1.959593653678894
0.369,0.303,1.8666110992431642,1.9586650133132935
0.364,0.304,1.866340124607086,1.959488868713379
0.359,0.303,1.8659910440444947,1.958642840385437
0.366,0.306,1.8660579085350038,1.9591268301010132
0.366,0.306,1.8653092980384827,1.95871901512146
0.365,0.306,1.8653381943702698,1.9574898481369019
0.367,0.305,1.8649595379829407,1.9564810991287231
0.369,0.308,1.8644086122512817,1.957877516746521
0.368,0.308,1.8646188855171204,1.9576005935668945
0.363,0.305,1.8640380263328553,1.9583938121795654
0.367,0.305,1.8635113000869752,1.9586398601531982
0.362,0.305,1.8632695078849792,1.957520842552185
0.356,0.302,1.8633987545967101,1.9562442302703857
0.366,0.311,1.8633242964744567,1.956175684928894
0.367,0.309,1.8625587463378905,1.9554582834243774
0.373,0.302,1.8629491567611693,1.956292986869812
0.37,0.309,1.8621519804000854,1.9555444717407227
0.368,0.306,1.8617061614990233,1.955064296722412
0.366,0.308,1.8613807797431945,1.9558794498443604
0.362,0.312,1.8611825942993163,1.955448865890503
0.368,0.309,1.8606727361679076,1.9538614749908447
0.367,0.307,1.8607006549835206,1.9543297290802002
0.37,0.308,1.859684991836548,1.9544252157211304
0.37,0.312,1.8596141576766967,1.9538483619689941
0.371,0.303,1.8602704763412476,1.9529374837875366
0.368,0.309,1.8588667869567872,1.9545809030532837
0.364,0.306,1.8583643198013307,1.9544492959976196
0.362,0.31,1.8594011425971986,1.9533249139785767
0.367,0.307,1.858136820793152,1.9520678520202637
0.37,0.312,1.8583870887756349,1.953250527381897
0.364,0.306,1.8589698433876038,1.9527997970581055
0.363,0.309,1.857720410823822,1.9532885551452637
0.363,0.312,1.8580110907554626,1.9534884691238403
0.37,0.306,1.8569807291030884,1.9507310390472412
0.381,0.313,1.8566180109977721,1.9507547616958618
0.37,0.311,1.8562374711036682,1.9524188041687012
0.372,0.3,1.8563591837882996,1.9506672620773315
0.365,0.313,1.8555979132652283,1.9508635997772217
0.365,0.314,1.855169427394867,1.950954556465149
0.37,0.307,1.855420458316803,1.9514838457107544
0.367,0.301,1.8549032926559448,1.9505385160446167
0.369,0.31,1.8546762824058534,1.9493212699890137
0.368,0.308,1.8542533040046691,1.9504063129425049
0.369,0.312,1.8537462592124938,1.9498291015625
0.366,0.311,1.853760302066803,1.9493799209594727
0.366,0.306,1.8534425020217895,1.9491571187973022
0.372,0.306,1.8541030645370484,1.9485013484954834
0.362,0.311,1.853533887863159,1.9495840072631836
0.368,0.31,1.8531285285949708,1.9478211402893066
0.38,0.304,1.851833748817444,1.948465347290039
0.368,0.316,1.853120458126068,1.9499658346176147
0.359,0.307,1.8520339727401733,1.9489854574203491
0.364,0.306,1.8511006712913514,1.9480767250061035
0.373,0.31,1.852141809463501,1.9474164247512817
0.377,0.313,1.8508485198020934,1.947035312652588
0.377,0.308,1.8500605583190919,1.946583867073059
0.376,0.309,1.850804626941681,1.9468573331832886
0.365,0.31,1.8510220289230346,1.9474824666976929
0.37,0.314,1.8506091594696046,1.9471279382705688
0.371,0.308,1.8491209745407104,1.946797251701355
0.366,0.299,1.8497236251831055,1.946839690208435
0.364,0.303,1.849284279346466,1.9465205669403076
0.371,0.31,1.8494855523109437,1.9446721076965332
0.371,0.313,1.8478441953659057,1.9455053806304932
0.376,0.312,1.848257851600647,1.945347547531128
0.373,0.312,1.847843551635742,1.9449937343597412
0.37,0.307,1.8472488284111024,1.94618558883667
0.374,0.31,1.8469831705093385,1.9456192255020142
0.363,0.311,1.8477105855941773,1.9447875022888184
0.374,0.311,1.8468629360198974,1.9436523914337158
0.377,0.313,1.8464105010032654,1.943666934967041
0.37,0.318,1.847643995285034,1.9447021484375
0.378,0.307,1.8457984447479248,1.942914605140686
0.375,0.309,1.846080720424652,1.9432270526885986
0.374,0.311,1.8455559253692626,1.9439473152160645
0.368,0.304,1.8454641342163085,1.9432393312454224
0.369,0.306,1.8449155569076539,1.9445844888687134
0.375,0.31,1.8454818248748779,1.942130208015442
0.376,0.317,1.8434398531913758,1.9427684545516968
0.376,0.315,1.8442081689834595,1.943669080734253
0.37,0.304,1.844330894947052,1.9425427913665771
0.366,0.313,1.843506133556366,1.9430829286575317
0.377,0.309,1.8437567234039307,1.940922737121582
0.384,0.312,1.8429662942886353,1.9406852722167969
0.381,0.311,1.842927622795105,1.940046787261963
0.37,0.309,1.8438990235328674,1.9436393976211548
0.364,0.303,1.8421623706817627,1.9416486024856567
0.375,0.31,1.8421513199806214,1.9419053792953491
0.378,0.312,1.8414278149604797,1.9407427310943604
0.367,0.314,1.841637337207794,1.9415229558944702
0.373,0.312,1.8412996768951415,1.9396300315856934
0.382,0.315,1.8411733388900757,1.9388282299041748
0.381,0.308,1.840920376777649,1.9396088123321533
0.383,0.31,1.8407427668571472,1.9407581090927124
0.365,0.31,1.840028715133667,1.9408257007598877
0.37,0.309,1.840239906311035,1.938645601272583
0.38,0.31,1.8405355930328369,1.9385501146316528
0.378,0.312,1.8385789036750793,1.9389954805374146
0.368,0.31,1.8388116717338563,1.940380573272705
0.368,0.312,1.839787495136261,1.9396495819091797
0.381,0.31,1.838635504245758,1.9381613731384277
0.381,0.308,1.8386122226715087,1.9367868900299072
0.375,0.313,1.837655818462372,1.937997817993164
0.378,0.312,1.8372486352920532,1.938309669494629
0.386,0.313,1.8369744539260864,1.9372622966766357
0.38,0.308,1.837061595916748,1.9355719089508057
0.38,0.307,1.8369161009788513,1.937963843345642
0.37,0.307,1.8366146206855773,1.9375967979431152
0.372,0.313,1.8365173578262328,1.9376100301742554
0.375,0.314,1.836534035205841,1.936034917831421
0.38,0.314,1.8358154535293578,1.9371386766433716
0.375,0.312,1.836073648929596,1.9355921745300293
0.374,0.31,1.8350890398025512,1.936829924583435
0.376,0.311,1.8347929120063782,1.9355219602584839
0.381,0.313,1.8344512343406678,1.9348570108413696
0.377,0.312,1.8345599055290223,1.935039758682251
0.373,0.314,1.8348071217536925,1.9358446598052979
0.368,0.311,1.834337043762207,1.9363867044448853
0.379,0.308,1.8334295153617859,1.934401512145996
0.376,0.316,1.8339722275733947,1.9341717958450317
0.384,0.316,1.8330916881561279,1.9335821866989136
0.384,0.313,1.8338434219360351,1.9335376024246216
0.371,0.311,1.8330462336540223,1.9369758367538452
0.372,0.308,1.8326853156089782,1.9334481954574585
0.376,0.31,1.8326312899589539,1.9331544637680054
0.379,0.314,1.8323484659194946,1.934627652168274
0.377,0.319,1.8319160342216492,1.933353304862976
0.379,0.309,1.831714642047882,1.933475375175476
0.373,0.313,1.8312926769256592,1.9330568313598633
0.379,0.307,1.8313333630561828,1.9320610761642456
0.381,0.309,1.8305615305900573,1.9325448274612427
0.365,0.311,1.8305768609046935,1.9327313899993896
0.375,0.314,1.8307142734527588,1.9315505027770996
0.381,0.309,1.829758059978485,1.9316182136535645
0.372,0.312,1.8294668197631836,1.9322116374969482
0.379,0.313,1.829675304889679,1.9321693181991577
0.376,0.313,1.8290748119354248,1.9319746494293213
0.38,0.31,1.8296400308609009,1.9311432838439941
0.385,0.313,1.828837513923645,1.9316765069961548
0.382,0.311,1.8285430192947387,1.9300726652145386
0.383,0.315,1.8284798502922057,1.9297966957092285
0.37,0.31,1.828854250907898,1.9318788051605225
0.378,0.309,1.8281102418899535,1.9295685291290283
0.381,0.311,1.8278892040252686,1.9305150508880615
0.372,0.312,1.8272932529449464,1.930662751197815
0.375,0.308,1.8278919219970704,1.9296057224273682
0.378,0.313,1.8273989796638488,1.9307037591934204
0.376,0.319,1.8270078301429749,1.9293100833892822
0.387,0.317,1.8259443521499634,1.928527593612671
0.381,0.312,1.826102328300476,1.9287856817245483
0.382,0.311,1.8252954840660096,1.9285835027694702
0.378,0.315,1.8261547923088073,1.9291061162948608
0.383,0.314,1.8251319527626038,1.9287123680114746
0.38,0.31,1.8250217676162719,1.9283173084259033
0.38,0.314,1.824688458442688,1.9282445907592773
0.376,0.311,1.823995578289032,1.9279862642288208
0.376,0.312,1.8238061666488647,1.9283770322799683
0.376,0.313,1.8243776082992553,1.928678035736084
0.378,0.317,1.823870015144348,1.9275544881820679
0.383,0.309,1.8246814608573914,1.9262661933898926
0.386,0.313,1.8235960125923156,1.9265528917312622
0.383,0.314,1.8231449961662292,1.9266985654830933
0.378,0.314,1.8247388839721679,1.926259160041809
0.38,0.32,1.823205292224884,1.9274935722351074
0.377,0.319,1.8221795678138732,1.9273602962493896
0.38,0.315,1.8217572093009948,1.9270367622375488
0.379,0.312,1.8224329948425293,1.9255975484848022
0.38,0.308,1.8211764335632323,1.9255545139312744
0.385,0.311,1.8212509393692016,1.925614356994629
0.383,0.316,1.8216313481330872,1.9256930351257324
0.386,0.309,1.8208813667297363,1.9235448837280273
0.38,0.313,1.8207906246185304,1.9256173372268677
0.379,0.311,1.8201798915863037,1.9246609210968018
0.379,0.316,1.8202944993972778,1.925297737121582
0.378,0.315,1.8197098255157471,1.924906611442566
0.385,0.314,1.8202767252922059,1.9238449335098267
0.389,0.311,1.8190770626068116,1.9231013059616089
0.387,0.313,1.8186656475067138,1.9241490364074707
0.374,0.316,1.8187703371047974,1.9244847297668457
0.376,0.314,1.8181777238845824,1.9239859580993652
0.385,0.311,1.8183946847915649,1.9228477478027344
0.383,0.316,1.818476104736328,1.9234662055969238
0.382,0.313,1.817567276954651,1.922743320465088
0.377,0.317,1.8175119400024413,1.9231594800949097
0.382,0.309,1.817983865737915,1.9235248565673828
0.38,0.312,1.8172778010368347,1.9218378067016602
0.383,0.31,1.8182648301124573,1.9230698347091675
0.384,0.316,1.8169266819953918,1.9233307838439941
0.383,0.309,1.8165272235870362,1.9214609861373901
0.388,0.316,1.815818226337433,1.9211245775222778
0.381,0.317,1.8164759755134583,1.922602653503418
0.375,0.311,1.815494680404663,1.9212828874588013
0.377,0.315,1.8158592700958252,1.9218515157699585
0.382,0.313,1.8153428554534912,1.920737624168396
0.385,0.318,1.814902949333191,1.9211007356643677
0.388,0.312,1.8151780605316161,1.920717477798462
0.38,0.317,1.8150784969329834,1.9217945337295532
0.379,0.309,1.8142933607101441,1.9196778535842896
0.385,0.316,1.8148823857307435,1.9212948083877563
0.385,0.315,1.8142383694648743,1.920177936553955
0.381,0.31,1.8141478538513183,1.920164942741394
0.38,0.316,1.8129423618316651,1.919693112373352
0.384,0.313,1.8128319263458252,1.9186335802078247
0.387,0.31,1.8125072836875915,1.918290615081787
0.389,0.313,1.812994372844696,1.9201326370239258
0.383,0.316,1.8117405414581298,1.9202958345413208
0.382,0.318,1.811859381198883,1.9204001426696777
0.379,0.312,1.8117178082466125,1.918929100036621
0.38,0.316,1.8121308445930482,1.9186296463012695
0.382,0.316,1.8113899230957031,1.918487310409546
0.385,0.318,1.8116090059280396,1.9177594184875488
0.381,0.317,1.811538326740265,1.9186087846755981
0.381,0.312,1.8109053015708922,1.9177519083023071
0.383,0.315,1.8101066946983337,1.917145848274231
0.382,0.317,1.8109701037406922,1.9180829524993896
0.385,0.316,1.8112513065338134,1.9163458347320557
0.384,0.312,1.810370182991028,1.9179316759109497
0.381,0.316,1.809592640399933,1.9171032905578613
0.384,0.315,1.808797824382782,1.9164263010025024
0.389,0.311,1.8095430731773376,1.9174094200134277
0.382,0.319,1.808624529838562,1.9175810813903809
0.381,0.313,1.8089210033416747,1.9166200160980225
0.379,0.314,1.8085217952728272,1.9157991409301758
0.387,0.314,1.8082703471183776,1.9152029752731323
0.386,0.314,1.8077505826950073,1.915817379951477
0.388,0.312,1.807836890220642,1.9163074493408203
0.378,0.317,1.8081220865249634,1.9160460233688354
0.386,0.314,1.8073972105979919,1.914790153503418
0.381,0.317,1.8067992687225343,1.9162566661834717
0.387,0.31,1.8066892862319945,1.914707064628601
0.38,0.313,1.8067000269889832,1.9146307706832886
0.386,0.318,1.8067224740982055,1.91512930393219
0.378,0.316,1.8060004830360412,1.915413498878479
0.383,0.321,1.8065666556358337,1.9145448207855225
0.383,0.313,1.8061702966690063,1.9147087335586548
0.377,0.321,1.8056952357292175,1.9144893884658813
0.38,0.315,1.805200719833374,1.914457082748413
0.383,0.315,1.8057766556739807,1.9139474630355835
0.387,0.316,1.804948055744171,1.9134762287139893
0.381,0.312,1.805313241481781,1.914180874824524
0.384,0.319,1.805834126472473,1.914270043373108
0.387,0.315,1.805182647705078,1.9135961532592773
0.384,0.317,1.804409682750702,1.9121841192245483
0.384,0.313,1.804049551486969,1.913051724433899
0.38,0.314,1.8059489965438842,1.9151599407196045
0.387,0.316,1.8050843596458435,1.9122610092163086
0.386,0.319,1.8038155555725097,1.9124771356582642
0.381,0.322,1.803063440322876,1.9127229452133179
0.388,0.317,1.8036489129066466,1.9119030237197876
0.384,0.31,1.8029317498207091,1.9129379987716675
0.38,0.317,1.8019866943359375,1.9120243787765503
0.379,0.321,1.802828562259674,1.9127514362335205
0.381,0.31,1.8017996311187745,1.9109991788864136
0.389,0.316,1.8015945196151733,1.9103745222091675
0.389,0.32,1.8018860340118408,1.910966157913208
0.382,0.321,1.8021500945091247,1.912068486213684
0.382,0.317,1.8007300615310669,1.9110912084579468
0.388,0.317,1.8013763427734375,1.9108080863952637
0.384,0.319,1.8010460972785949,1.91108238697052
0.383,0.323,1.80033940076828,1.9097741842269897
0.39,0.319,1.8004846215248107,1.9096510410308838
0.393,0.32,1.8003026247024536,1.9081981182098389
0.379,0.317,1.8012831687927247,1.9129579067230225
0.388,0.323,1.799881100654602,1.9103602170944214
0.391,0.318,1.7989899396896363,1.9095255136489868
0.388,0.32,1.7989866733551025,1.9093666076660156
0.385,0.321,1.7984129190444946,1.9090571403503418
0.383,0.319,1.7990665793418885,1.910137414932251
0.383,0.315,1.7987560629844666,1.9093503952026367
0.384,0.322,1.7998353242874146,1.9099435806274414
0.387,0.325,1.7981609940528869,1.9081628322601318
0.39,0.317,1.7980113863945006,1.9075517654418945
0.382,0.323,1.7982066512107848,1.9095120429992676
0.384,0.321,1.7979446649551392,1.907230257987976
0.387,0.318,1.7974833965301513,1.9083577394485474
0.385,0.318,1.7963257431983948,1.90855073928833
0.384,0.322,1.7969209194183349,1.9083251953125
0.383,0.321,1.7967979311943054,1.9070383310317993
0.388,0.325,1.797170913219452,1.907363772392273
0.39,0.319,1.7964672684669494,1.9069064855575562
0.387,0.324,1.796738851070404,1.9071162939071655
0.392,0.323,1.796479308605194,1.907293677330017
0.389,0.326,1.7961331725120544,1.9090465307235718
0.376,0.316,1.796034562587738,1.9069101810455322
0.387,0.319,1.7953922510147096,1.9059562683105469
0.39,0.323,1.79453501701355,1.9066473245620728
0.385,0.323,1.794652807712555,1.9071035385131836
0.388,0.322,1.7943666696548461,1.9055935144424438
0.393,0.321,1.79412043094635,1.9060784578323364
0.382,0.321,1.7936896920204162,1.905355453491211
0.383,0.319,1.7938428044319152,1.9038622379302979
0.394,0.325,1.7941911101341248,1.9044630527496338
0.388,0.328,1.7939623236656188,1.9067182540893555
0.383,0.321,1.7934430956840515,1.9049612283706665
0.384,0.322,1.7927996277809144,1.905793309211731
0.391,0.321,1.7926774859428405,1.903849720954895
0.388,0.317,1.792632532119751,1.904546856880188
0.381,0.324,1.79232177734375,1.9051048755645752
0.391,0.323,1.7921494960784912,1.9044556617736816
0.385,0.321,1.7917738437652588,1.9043461084365845
0.393,0.322,1.7921890258789062,1.9032976627349854
0.387,0.324,1.791736102104187,1.9041897058486938
0.381,0.324,1.7914074659347534,1.9045302867889404
0.386,0.324,1.790973973274231,1.9034000635147095
0.389,0.324,1.7906193852424621,1.9027143716812134
0.39,0.326,1.7902052521705627,1.903507947921753
0.391,0.329,1.7905911803245544,1.9038034677505493
0.38,0.318,1.7913798570632935,1.9030828475952148
0.385,0.321,1.7899161577224731,1.9033833742141724
0.389,0.327,1.7899379968643188,1.903501272201538
0.39,0.322,1.7898398518562317,1.9025212526321411
0.386,0.318,1.7895722389221191,1.902593970298767
0.389,0.321,1.788818645477295,1.9026267528533936
0.384,0.323,1.7891687750816345,1.9018713235855103
0.386,0.325,1.7895247340202332,1.9019901752471924
0.394,0.329,1.788384163379669,1.9018405675888062
0.387,0.325,1.7882004857063294,1.9017902612686157
0.384,0.325,1.7877331137657166,1.9019685983657837
0.387,0.321,1.788090741634369,1.9012163877487183
0.386,0.324,1.7882635831832885,1.9022102355957031
0.388,0.324,1.7869812846183777,1.900915265083313
0.386,0.328,1.787982738018036,1.9006659984588623
0.39,0.327,1.788174605369568,1.9010635614395142
0.39,0.322,1.7870314717292786,1.9006588459014893
0.384,0.329,1.7875046968460082,1.9016449451446533
0.39,0.328,1.7865612983703614,1.9006913900375366
0.392,0.324,1.7867948293685914,1.9009373188018799
0.389,0.325,1.7857945322990418,1.8997244834899902
0.393,0.327,1.7863399505615234,1.9006123542785645
0.394,0.323,1.7850546360015869,1.8992959260940552
0.39,0.328,1.7850494861602784,1.8986351490020752
0.393,0.325,1.78614000082016,1.8992509841918945
0.392,0.322,1.7855051159858704,1.9016454219818115
0.39,0.323,1.784981369972229,1.8999751806259155
0.391,0.328,1.785043716430664,1.8981707096099854
0.393,0.324,1.7839732885360717,1.8985726833343506
0.395,0.324,1.7851630687713622,1.897462010383606
0.391,0.325,1.7842687249183655,1.8988994359970093
0.389,0.329,1.783620035648346,1.8996220827102661
0.385,0.327,1.7829707503318786,1.898740291595459
0.387,0.323,1.7834253787994385,1.8980897665023804
0.393,0.327,1.7833847045898437,1.8981205224990845
0.391,0.327,1.7834740996360778,1.8976973295211792
0.388,0.324,1.7830911993980407,1.8992971181869507
0.392,0.331,1.7825791358947753,1.8967336416244507
0.395,0.331,1.7820539116859435,1.8979233503341675
0.393,0.327,1.7823154091835023,1.8972052335739136
0.389,0.328,1.7829768300056457,1.8960105180740356
0.396,0.324,1.7827818512916564,1.8965744972229004
0.385,0.324,1.7834368348121643,1.8985155820846558
0.387,0.324,1.780762529373169,1.8973579406738281
0.39,0.327,1.7822186946868896,1.8973028659820557
0.393,0.328,1.7811498999595643,1.896664023399353
0.393,0.329,1.7811620235443115,1.8965604305267334
0.386,0.324,1.781585192680359,1.8975763320922852
0.391,0.325,1.7811789989471436,1.8957687616348267
0.395,0.325,1.7810508131980896,1.894437313079834
0.388,0.328,1.7808044791221618,1.8962582349777222
0.397,0.33,1.7804962992668152,1.8960034847259521
0.393,0.327,1.7794101357460022,1.8966374397277832
0.39,0.327,1.779846453666687,1.8970328569412231
0.388,0.326,1.77916419506073,1.895202875137329
0.388,0.329,1.7792016506195067,1.8934687376022339
0.398,0.331,1.7808969259262084,1.8942416906356812
0.393,0.33,1.7778518319129943,1.8962737321853638
0.388,0.325,1.7782185435295106,1.8960685729980469
0.395,0.329,1.777694869041443,1.8939841985702515
0.391,0.33,1.7779974460601806,1.8940773010253906
0.395,0.324,1.7788888216018677,1.8929011821746826
0.392,0.327,1.7783406972885132,1.8950327634811401
0.388,0.329,1.7770756483078003,1.8944904804229736
0.385,0.327,1.7779562592506408,1.892945647239685
0.392,0.328,1.7769366979599,1.8939751386642456
0.396,0.329,1.7780576825141907,1.892693042755127
0.392,0.329,1.7767462015151978,1.895301342010498
0.388,0.333,1.777042603492737,1.8942593336105347
0.397,0.329,1.776492428779602,1.8920750617980957
0.39,0.327,1.7763868689537048,1.8929026126861572
0.393,0.332,1.7763492465019226,1.8928474187850952
0.392,0.329,1.77554292678833,1.8929893970489502
0.388,0.327,1.7763623356819154,1.8933401107788086
0.394,0.331,1.7758270144462585,1.8915307521820068
0.394,0.329,1.7757129311561584,1.8916797637939453
0.39,0.325,1.775060737133026,1.892888069152832
0.389,0.33,1.7748457074165345,1.8930730819702148
0.392,0.333,1.7740767121315002,1.8912193775177002
0.398,0.332,1.774100410938263,1.8910119533538818
0.389,0.327,1.7738899111747741,1.891435980796814
0.394,0.329,1.7729790449142455,1.891575813293457
0.392,0.33,1.774721348285675,1.8909507989883423
0.394,0.33,1.7735004663467406,1.8906545639038086
0.39,0.327,1.7731539726257324,1.8913713693618774
0.39,0.33,1.7732529640197754,1.891180157661438
0.394,0.33,1.7733193397521974,1.8916664123535156
0.395,0.331,1.7726972699165344,1.8899351358413696
0.398,0.327,1.7718325495719909,1.8898383378982544
0.4,0.328,1.7720331072807312,1.8916395902633667
0.387,0.328,1.772255289554596,1.8912800550460815
0.391,0.333,1.7725380539894104,1.8895858526229858
0.396,0.332,1.7717508673667908,1.8897688388824463
0.394,0.327,1.7718881487846374,1.8897641897201538
0.391,0.327,1.7719483256340027,1.8912906646728516
0.394,0.329,1.7704249978065492,1.8908218145370483
0.394,0.333,1.771037209033966,1.888895034790039
0.398,0.334,1.771017110347748,1.8884410858154297
0.397,0.33,1.7701372742652892,1.8882167339324951
0.398,0.33,1.7695578455924987,1.8891490697860718
0.391,0.331,1.7702954411506653,1.8899650573730469
0.396,0.33,1.7697637796401977,1.8884339332580566
0.395,0.333,1.7697966694831848,1.8882535696029663
0.392,0.327,1.7691269755363463,1.8881529569625854
0.391,0.331,1.7692330598831176,1.8874517679214478
0.396,0.33,1.7693350315093994,1.8891013860702515
0.394,0.331,1.7688297271728515,1.8893096446990967
0.398,0.332,1.768097996711731,1.887403130531311
0.398,0.327,1.7693100333213807,1.8879125118255615
0.394,0.333,1.768655276298523,1.8868794441223145
0.396,0.331,1.7678857803344727,1.8874884843826294
0.396,0.332,1.7678385257720948,1.888726830482483
0.393,0.332,1.7679964184761048,1.887079119682312
0.397,0.331,1.7671567797660828,1.8875916004180908
0.394,0.328,1.7675382375717164,1.887003779411316
0.396,0.334,1.767051362991333,1.8870285749435425
0.397,0.331,1.7673279643058777,1.8867239952087402
0.396,0.334,1.7676302313804626,1.8861784934997559
0.401,0.331,1.7659809589385986,1.8874338865280151
0.389,0.33,1.767023742198944,1.8873844146728516
0.394,0.33,1.766181516647339,1.886055827140808
0.396,0.334,1.7657707810401917,1.8853036165237427
0.396,0.331,1.76629478931427,1.8858444690704346
0.397,0.334,1.7662648797035216,1.8860948085784912
0.396,0.33,1.764882743358612,1.8860210180282593
0.4,0.334,1.7655076503753662,1.8845782279968262
0.398,0.328,1.7651323676109314,1.8857229948043823
0.39,0.329,1.7645491242408753,1.8865700960159302
0.395,0.327,1.7646081566810607,1.8862521648406982
0.398,0.332,1.7642942905426025,1.885160207748413
0.399,0.335,1.7635803699493409,1.885400414466858
0.397,0.33,1.7634608268737793,1.8839036226272583
0.398,0.335,1.7635290384292603,1.8838752508163452
0.398,0.331,1.7636138558387757,1.8846790790557861
0.402,0.326,1.764388334751129,1.8873101472854614
0.397,0.327,1.7625786423683167,1.8852661848068237
0.397,0.334,1.7631640076637267,1.8846538066864014
0.4,0.332,1.7628964066505433,1.8824474811553955
0.396,0.334,1.7623430490493774,1.8842003345489502
0.402,0.332,1.7628379821777345,1.8837010860443115
0.388,0.334,1.7641148447990418,1.8845372200012207
0.39,0.333,1.7616687417030334,1.8843318223953247
0.399,0.331,1.761929726600647,1.8854445219039917
0.401,0.335,1.7620535373687745,1.8828893899917603
0.401,0.332,1.7614707350730896,1.881744623184204
0.396,0.333,1.7620258808135987,1.8837391138076782
0.392,0.331,1.761836624145508,1.8848484754562378
0.401,0.333,1.7628328204154968,1.8825792074203491
0.399,0.332,1.760773503780365,1.8834668397903442
0.395,0.336,1.7610370635986328,1.8834381103515625
0.4,0.333,1.7607328176498414,1.8818950653076172
0.402,0.333,1.7604665637016297,1.8819843530654907
0.396,0.332,1.759848952293396,1.8827646970748901
0.396,0.331,1.7594002842903138,1.8824704885482788
0.402,0.331,1.7598745226860046,1.882936716079712
0.406,0.331,1.7603684902191161,1.8815064430236816
0.4,0.335,1.7596083760261536,1.8810882568359375
0.4,0.332,1.7586949586868286,1.8828073740005493
0.393,0.334,1.7594128608703614,1.8827334642410278
0.396,0.328,1.758342432975769,1.8815054893493652
0.402,0.33,1.7584832310676575,1.8812419176101685
0.399,0.331,1.7585193157196044,1.8805551528930664
0.398,0.332,1.758802843093872,1.8821228742599487
0.396,0.331,1.7582801461219788,1.881041407585144
0.398,0.331,1.7574964761734009,1.8803129196166992
0.402,0.33,1.7588062644004823,1.8795453310012817
0.404,0.333,1.757476556301117,1.880380392074585
0.394,0.332,1.758154571056366,1.8822160959243774
0.396,0.331,1.7574826002120971,1.881612777709961
0.4,0.331,1.7566190481185913,1.8808318376541138
0.397,0.334,1.7558124542236329,1.8798267841339111
0.4,0.337,1.7581130981445312,1.8789162635803223
0.401,0.333,1.755752408504486,1.8805361986160278
0.394,0.335,1.7558703541755676,1.8807133436203003
0.394,0.334,1.7563937783241272,1.8804231882095337
0.4,0.335,1.7563666105270386,1.8795183897018433
0.406,0.332,1.7555589914321899,1.8798316717147827
0.4,0.333,1.7556505084037781,1.879114031791687
0.405,0.331,1.7556622266769408,1.8794716596603394
0.398,0.333,1.755002212524414,1.87838613986969
0.4,0.336,1.755402410030365,1.8784396648406982
0.405,0.331,1.7546057224273681,1.8789448738098145
0.395,0.336,1.7542702674865722,1.879567265510559
0.397,0.329,1.7542278170585632,1.8798203468322754
0.402,0.332,1.755077052116394,1.8781479597091675
0.402,0.331,1.7536887645721435,1.8785004615783691
0.395,0.335,1.7534241318702697,1.8786282539367676
0.394,0.33,1.7532161712646483,1.8791594505310059
0.402,0.331,1.7547136425971985,1.8769519329071045
0.403,0.338,1.7539181470870973,1.87758207321167
0.397,0.329,1.7540419816970825,1.877865195274353
0.398,0.33,1.7533531785011292,1.878190517425537
0.398,0.329,1.7532647013664246,1.8796340227127075
0.398,0.338,1.7526772737503051,1.8779960870742798
0.407,0.336,1.7521793842315674,1.876031756401062
0.405,0.334,1.752506184577942,1.8764588832855225
0.401,0.332,1.751805031299591,1.8769259452819824
0.401,0.331,1.7516074299812316,1.877771019935608
0.398,0.332,1.7523935675621032,1.8793492317199707
0.394,0.333,1.751605999469757,1.8751280307769775
0.407,0.332,1.7525959968566895,1.875227928161621
0.406,0.331,1.7505341172218323,1.876710295677185
0.397,0.334,1.7515801906585693,1.8790243864059448
0.398,0.332,1.7516611456871032,1.8786674737930298
0.402,0.334,1.7509746193885802,1.8754781484603882
0.4,0.33,1.7520765781402587,1.8748341798782349
0.4,0.336,1.750395131111145,1.8762366771697998
0.395,0.33,1.7504384517669678,1.8757535219192505
0.402,0.33,1.7496438503265381,1.8775352239608765
0.396,0.329,1.7498554110527038,1.876589059829712
0.397,0.333,1.7506749272346496,1.8770476579666138
0.404,0.336,1.7522785544395447,1.8755109310150146
0.401,0.337,1.7495970845222473,1.8757797479629517
0.393,0.327,1.7498260259628295,1.8771432638168335
0.398,0.336,1.7505224227905274,1.8751065731048584
0.405,0.33,1.7488310217857361,1.8744359016418457
0.403,0.333,1.7487305283546448,1.877097249031067
0.394,0.334,1.748274028301239,1.8759880065917969
0.404,0.336,1.7483816266059875,1.8737305402755737
0.4,0.332,1.7482685446739197,1.874999761581421
0.402,0.328,1.7476373434066772,1.8766214847564697
0.401,0.336,1.7469930052757263,1.8747960329055786
0.401,0.332,1.7475632667541503,1.874223232269287
0.405,0.335,1.746519887447357,1.8732340335845947
0.399,0.336,1.7472669959068299,1.8735262155532837
0.393,0.333,1.747291922569275,1.875374436378479
0.401,0.333,1.7469008326530457,1.8746654987335205
0.398,0.331,1.7466351985931396,1.8739105463027954
0.405,0.337,1.7466522097587585,1.874222755432129
0.402,0.336,1.746000349521637,1.8747422695159912
0.401,0.333,1.7461881995201112,1.8746638298034668
0.398,0.336,1.7459625720977783,1.8732078075408936
0.406,0.331,1.7460548162460328,1.8734573125839233
0.403,0.339,1.7463625907897948,1.8717111349105835
0.401,0.333,1.7453596591949463,1.874173879623413
0.403,0.338,1.7453407645225525,1.8736507892608643
0.4,0.337,1.7452779054641723,1.872916340827942
0.409,0.334,1.7462124705314637,1.8737539052963257
0.404,0.336,1.7447273492813111,1.8737294673919678
0.399,0.335,1.744937014579773,1.872795820236206
0.402,0.333,1.7449177145957946,1.8731107711791992
0.403,0.337,1.7441438436508179,1.8727679252624512
0.403,0.336,1.743708348274231,1.8723269701004028
0.409,0.337,1.746009647846222,1.8730860948562622
0.399,0.335,1.7449265360832213,1.8725056648254395
0.397,0.335,1.7431173086166383,1.8714897632598877
0.409,0.327,1.7444905042648315,1.8731436729431152
0.406,0.337,1.7429201006889343,1.8718889951705933
0.393,0.337,1.7435768365859985,1.8734099864959717
0.402,0.335,1.7428364396095275,1.8704040050506592
0.406,0.332,1.7429048895835877,1.8711506128311157
0.405,0.337,1.7423598766326904,1.8715351819992065
0.401,0.337,1.7424403071403503,1.871692180633545
0.41,0.335,1.7416342854499818,1.8706798553466797
0.407,0.335,1.741934883594513,1.8717360496520996
0.403,0.331,1.7415186524391175,1.8719043731689453
0.4,0.333,1.7421844601631165,1.8715602159500122
0.404,0.334,1.741931140422821,1.8704965114593506
0.397,0.336,1.741378080844879,1.8721725940704346
0.4,0.336,1.7413665056228638,1.8704031705856323
0.406,0.335,1.7405832409858704,1.8720295429229736
0.407,0.335,1.7405330657958984,1.8701835870742798
0.404,0.329,1.7404226779937744,1.871005892753601
0.407,0.337,1.7410034894943238,1.870034098625183
0.402,0.335,1.7407659769058228,1.8708879947662354
0.401,0.332,1.739593267440796,1.8695687055587769
0.404,0.338,1.7394479274749757,1.8700475692749023
0.403,0.335,1.7394087791442872,1.8694558143615723
0.407,0.334,1.739379918575287,1.8699452877044678
0.403,0.337,1.7389045476913452,1.8694313764572144
0.406,0.332,1.738689661026001,1.8690555095672607
0.406,0.337,1.738476073741913,1.8694779872894287
0.406,0.335,1.7393559455871581,1.8689111471176147
0.406,0.333,1.7380423188209533,1.8702620267868042
0.401,0.334,1.7388205170631408,1.8710933923721313
0.397,0.335,1.7374574422836304,1.8686246871948242
0.403,0.332,1.7383806824684143,1.8689117431640625
0.405,0.331,1.738222324848175,1.869162917137146
0.402,0.332,1.7385124444961548,1.869157075881958
0.402,0.334,1.737013053894043,1.869739055633545
0.403,0.335,1.7388511776924134,1.8691462278366089
0.404,0.338,1.7372437596321106,1.8670095205307007
0.405,0.331,1.7381264567375183,1.8689213991165161
0.407,0.332,1.736476993560791,1.8684669733047485
0.406,0.338,1.7371201395988465,1.8680214881896973
0.41,0.333,1.736138677597046,1.867752194404602
0.403,0.331,1.7371411442756652,1.8685358762741089
0.4,0.332,1.7358428478240966,1.8681601285934448
0.404,0.335,1.7366451740264892,1.8661466836929321
0.405,0.338,1.7374520301818848,1.867975115776062
0.407,0.331,1.7360496044158935,1.8686531782150269
0.41,0.335,1.7367556929588317,1.8680850267410278
0.4,0.336,1.7367543578147888,1.868882656097412
0.408,0.336,1.735513436794281,1.8670419454574585
0.402,0.332,1.7356710076332091,1.8672739267349243
0.404,0.341,1.7361768722534179,1.8674538135528564
0.407,0.335,1.7346573352813721,1.8660993576049805
0.407,0.332,1.735011065006256,1.867485761642456
0.406,0.337,1.7360723733901977,1.8680169582366943
0.41,0.332,1.7338072061538696,1.8669869899749756
0.4,0.34,1.7348477482795714,1.8664032220840454
0.409,0.336,1.734877622127533,1.8663052320480347
0.407,0.334,1.734037184715271,1.8652187585830688
0.406,0.337,1.733332884311676,1.8672055006027222
0.403,0.333,1.7337744951248169,1.8669692277908325
0.408,0.332,1.733523428440094,1.8669476509094238
0.404,0.328,1.7348297119140625,1.8670768737792969
0.409,0.333,1.7327397227287293,1.8655658960342407
0.409,0.335,1.733360719680786,1.8659722805023193
0.406,0.337,1.7327375173568726,1.865919589996338
0.403,0.334,1.7322975516319274,1.8654124736785889
0.401,0.336,1.7324223399162293,1.8669776916503906
0.405,0.342,1.7315689325332642,1.8655580282211304
0.408,0.339,1.7320126056671143,1.8650224208831787
0.407,0.335,1.7315553426742554,1.865140438079834
0.414,0.336,1.7335789799690247,1.8645156621932983
0.408,0.332,1.7312270045280456,1.8676841259002686
0.405,0.34,1.732540762424469,1.8644628524780273
0.411,0.337,1.731431496143341,1.8653414249420166
0.408,0.338,1.731213140487671,1.8646291494369507
0.407,0.336,1.730668306350708,1.8651291131973267
0.411,0.338,1.7301891088485717,1.8653323650360107
0.409,0.338,1.7306708335876464,1.8634932041168213
0.408,0.333,1.730593240261078,1.865094780921936
0.41,0.333,1.7302821636199952,1.863287091255188
0.404,0.334,1.7299073576927184,1.8643733263015747
0.402,0.332,1.7296058773994445,1.8655264377593994
0.403,0.336,1.7292813420295716,1.863728642463684
0.408,0.333,1.7299419045448303,1.8632478713989258
0.405,0.337,1.7299438953399657,1.8650094270706177
0.41,0.337,1.7295673489570618,1.8638255596160889
0.411,0.341,1.728467833995819,1.863711953163147
0.409,0.336,1.7286728858947753,1.863479733467102
0.407,0.337,1.7293069005012511,1.8635196685791016
0.403,0.335,1.7286519765853883,1.864943027496338
0.403,0.336,1.7287452340126037,1.864342451095581
0.407,0.334,1.7282440304756164,1.8631595373153687
0.407,0.334,1.7274704337120057,1.8627400398254395
0.409,0.336,1.7281592965126038,1.8638111352920532
0.411,0.339,1.7299260377883912,1.8633801937103271
0.405,0.336,1.7281373500823975,1.8643628358840942
0.405,0.336,1.7277463674545288,1.8618147373199463
0.408,0.337,1.7271135330200196,1.8623261451721191
0.41,0.336,1.7272401928901673,1.8637946844100952
0.412,0.338,1.7277408480644225,1.8630728721618652
0.412,0.342,1.7263289928436278,1.8626585006713867
0.408,0.334,1.7264980316162108,1.8608282804489136
0.408,0.333,1.7264161944389342,1.8623251914978027
0.407,0.337,1.726812982559204,1.8612440824508667
0.407,0.333,1.7263809084892272,1.8622996807098389
0.406,0.333,1.7257042407989502,1.8631412982940674
0.407,0.337,1.7253451228141785,1.861804723739624
0.406,0.341,1.726636290550232,1.8614565134048462
0.412,0.343,1.7265770792961121,1.8621900081634521
0.408,0.337,1.7250685811042785,1.860810399055481
0.409,0.333,1.7252070784568787,1.8606042861938477
0.414,0.338,1.724801480770111,1.861906886100769
0.405,0.337,1.7262530207633973,1.8633744716644287
0.414,0.337,1.7237969756126403,1.8616746664047241
0.411,0.343,1.724980068206787,1.8603894710540771
0.411,0.337,1.7238284945487976,1.8612549304962158
0.406,0.341,1.7252477049827575,1.86220383644104
0.407,0.34,1.7248992204666138,1.8618329763412476
0.41,0.339,1.7233932495117188,1.8597042560577393
0.412,0.333,1.7235930562019348,1.8606075048446655
0.412,0.34,1.7231203317642212,1.8600772619247437
0.406,0.337,1.7232628107070922,1.8616228103637695
0.405,0.332,1.7232587814331055,1.8601596355438232
0.408,0.337,1.723583960533142,1.8589229583740234
0.407,0.337,1.7224456667900085,1.861060380935669
0.413,0.34,1.7223121523857117,1.8598456382751465
0.411,0.338,1.7218220829963684,1.8600870370864868
0.41,0.341,1.7221929550170898,1.859152913093567
0.407,0.331,1.721976900100708,1.8608155250549316
0.413,0.333,1.721530032157898,1.8599411249160767
0.412,0.339,1.7226118564605712,1.8613389730453491
0.406,0.339,1.7218253135681152,1.858337163925171
0.415,0.34,1.7219114303588867,1.8595021963119507
0.417,0.337,1.7222028255462647,1.8590840101242065
0.406,0.34,1.7206332206726074,1.8590501546859741
0.411,0.342,1.7207035064697265,1.8599047660827637
0.41,0.339,1.7202550530433656,1.8584460020065308
0.415,0.34,1.7219908475875854,1.8591277599334717
0.407,0.34,1.720570158958435,1.8604196310043335
0.411,0.338,1.720335602760315,1.8603565692901611
0.413,0.342,1.7205958604812621,1.858917474746704
0.408,0.336,1.7197483658790589,1.8577425479888916
0.411,0.339,1.7191982388496398,1.8581135272979736
0.413,0.339,1.7194838285446168,1.857871413230896
0.412,0.333,1.7209461808204651,1.8596389293670654
0.409,0.339,1.719718611240387,1.8588498830795288
0.415,0.338,1.7188963651657105,1.8565757274627686
0.417,0.345,1.7185142874717712,1.859344720840454
0.412,0.338,1.718423855304718,1.8573317527770996
0.421,0.338,1.7196105480194093,1.8568611145019531
0.41,0.341,1.7183195352554321,1.8583728075027466
0.408,0.336,1.7185163974761963,1.8577080965042114
0.414,0.343,1.7181334137916564,1.8571958541870117
0.412,0.338,1.718035840988159,1.8580479621887207
0.408,0.339,1.7171459436416625,1.857578992843628
0.41,0.341,1.7175307035446168,1.8569443225860596
0.41,0.339,1.7176834344863892,1.8570775985717773
0.414,0.34,1.7166779518127442,1.8567516803741455
0.415,0.34,1.717076849937439,1.8566759824752808
0.411,0.342,1.7173190593719483,1.8576961755752563
0.412,0.335,1.7158751964569092,1.8573994636535645
0.418,0.336,1.7169403314590455,1.8563085794448853
0.418,0.344,1.71814306974411,1.8559805154800415
0.415,0.341,1.7164220809936523,1.8563841581344604
0.415,0.331,1.7159464597702025,1.8581515550613403
0.409,0.336,1.7168023109436035,1.8575761318206787
0.415,0.339,1.7150353074073792,1.8553427457809448
0.418,0.338,1.7160620450973512,1.8551063537597656
0.412,0.338,1.715322160720825,1.8577988147735596
0.412,0.342,1.7158393502235412,1.8572059869766235
0.413,0.34,1.716588521003723,1.855983018875122
0.417,0.338,1.7148636102676391,1.8553342819213867
0.413,0.34,1.7143598198890686,1.8561205863952637
0.413,0.34,1.7143082857131957,1.8549288511276245
0.414,0.343,1.7144696712493896,1.854250192642212
0.415,0.335,1.713716971874237,1.855973482131958
0.413,0.336,1.7141764760017395,1.8566347360610962
0.415,0.339,1.7136714458465576,1.8550281524658203
0.414,0.341,1.7143686294555665,1.8543716669082642
0.417,0.34,1.7137958407402039,1.8541266918182373
0.418,0.342,1.7132033824920654,1.8548284769058228
0.419,0.342,1.7127958297729493,1.8542729616165161
0.415,0.333,1.713238739967346,1.8555556535720825
0.413,0.341,1.7148922681808472,1.8546462059020996
0.412,0.336,1.7135753154754638,1.8570107221603394
0.414,0.335,1.7127084493637086,1.8542684316635132
0.417,0.342,1.7122047781944274,1.8528075218200684
0.413,0.334,1.7132814288139344,1.8559839725494385
0.412,0.335,1.7116996765136718,1.854895830154419
0.413,0.334,1.7126709461212157,1.8536337614059448
0.416,0.34,1.7118631839752196,1.852996826171875
0.416,0.342,1.7115736484527588,1.853350043296814
0.42,0.339,1.7116306662559508,1.8546814918518066
0.413,0.337,1.7109247326850892,1.8543812036514282
0.411,0.342,1.7119824886322021,1.852858066558838
0.419,0.335,1.7120162725448609,1.8541853427886963
0.415,0.341,1.7121582984924317,1.8547515869140625
0.413,0.344,1.7107555627822877,1.852558970451355
0.417,0.344,1.7112194299697876,1.8532142639160156
0.414,0.335,1.7110209941864014,1.8534440994262695
0.414,0.34,1.7109842777252198,1.8528993129730225
0.416,0.338,1.709809947013855,1.8533520698547363
0.412,0.335,1.709287130832672,1.8536180257797241
0.419,0.342,1.7092787623405457,1.851211428642273
0.419,0.338,1.7094765782356263,1.8516968488693237
0.417,0.334,1.7090323925018311,1.8537955284118652
0.415,0.34,1.7107370138168334,1.8545606136322021
0.416,0.342,1.7091777563095092,1.8526276350021362
0.423,0.339,1.7091116189956665,1.851256012916565
0.418,0.341,1.7083155393600464,1.8530395030975342
0.416,0.343,1.708480668067932,1.8524161577224731
0.418,0.342,1.7085057258605958,1.850915551185608
0.416,0.342,1.7090411901473999,1.8519580364227295
0.416,0.335,1.707591462135315,1.852719783782959
0.415,0.333,1.708240568637848,1.8509891033172607
0.413,0.338,1.708763599395752,1.852249264717102
0.42,0.338,1.708156979084015,1.8515558242797852
0.413,0.342,1.70775705575943,1.8518462181091309
0.414,0.337,1.707660961151123,1.8517011404037476
0.418,0.335,1.7077857732772828,1.8502941131591797
0.419,0.34,1.7081262707710265,1.8515324592590332
0.417,0.339,1.7079304099082946,1.8543148040771484
0.415,0.337,1.7081743001937866,1.8510829210281372
0.415,0.338,1.7064907670021057,1.8509591817855835
0.419,0.341,1.7073353290557862,1.8503680229187012
0.423,0.341,1.7061592578887939,1.8511278629302979
0.419,0.34,1.7068903207778932,1.850713849067688
0.416,0.342,1.7061480164527894,1.8512400388717651
0.418,0.342,1.7056331157684326,1.8501560688018799
0.416,0.34,1.7060620069503785,1.8508193492889404
0.412,0.341,1.705834150314331,1.8495628833770752
0.416,0.343,1.7044438123703003,1.8509646654129028
0.418,0.342,1.7051228046417237,1.8507274389266968
0.419,0.341,1.705073082447052,1.8502024412155151
0.416,0.34,1.7055945158004762,1.8497023582458496
0.418,0.341,1.7041358590126037,1.8504979610443115
0.421,0.338,1.7046315789222717,1.8489396572113037
0.419,0.344,1.7038174867630005,1.8496196269989014
0.418,0.339,1.7050697088241578,1.8515392541885376
0.42,0.342,1.7039828777313233,1.8502699136734009
0.42,0.341,1.7038431406021117,1.8498754501342773
0.411,0.34,1.704454231262207,1.8492164611816406
0.421,0.341,1.7030802607536315,1.8491355180740356
0.418,0.338,1.703236949443817,1.8492848873138428
0.418,0.341,1.7034171938896179,1.848951816558838
0.423,0.34,1.7032224655151367,1.848220944404602
0.421,0.338,1.7027623176574707,1.847775936126709
0.418,0.34,1.70264732837677,1.8499934673309326
0.417,0.338,1.7026576042175292,1.8507089614868164
0.419,0.336,1.702338945865631,1.8494906425476074
0.421,0.344,1.7040163040161134,1.846609354019165
0.42,0.339,1.7021638035774231,1.8500579595565796
0.42,0.339,1.7014976620674134,1.8486299514770508
0.419,0.341,1.7019613623619079,1.8493071794509888
0.422,0.338,1.7011617422103882,1.8477063179016113
0.416,0.342,1.7021239876747132,1.8476144075393677
0.419,0.342,1.7012622117996217,1.8476343154907227
0.419,0.337,1.7033267617225647,1.8508409261703491
0.421,0.341,1.7004884958267212,1.8462351560592651
0.422,0.344,1.70129154920578,1.8466790914535522
0.422,0.341,1.7001834392547608,1.848683476448059
0.416,0.341,1.700844979286194,1.8484565019607544
0.422,0.338,1.6999676942825317,1.8478058576583862
0.419,0.341,1.6999084115028382,1.8482617139816284
0.418,0.346,1.6995873212814332,1.8471615314483643
0.424,0.341,1.699428677558899,1.848083734512329
0.418,0.343,1.7000045418739318,1.8478524684906006
0.422,0.339,1.6990179777145387,1.8466094732284546
0.415,0.34,1.7003644227981567,1.8467168807983398
0.423,0.345,1.698797881603241,1.8471580743789673
0.423,0.346,1.6989644527435304,1.8469061851501465
0.421,0.343,1.7007377862930297,1.8455171585083008
0.42,0.34,1.6993034720420837,1.8477426767349243
0.422,0.338,1.6991870760917664,1.8502174615859985
0.415,0.338,1.6990696787834167,1.847447156906128
0.42,0.344,1.6982363939285279,1.846123456954956
0.425,0.343,1.6990941882133483,1.8446223735809326
0.424,0.341,1.6982576251029968,1.8465240001678467
0.418,0.337,1.6982505679130555,1.8473252058029175
0.419,0.344,1.6979055047035216,1.8472615480422974
0.419,0.345,1.6981487154960633,1.8455085754394531
0.419,0.341,1.6979405879974365,1.8464205265045166
0.422,0.342,1.696914553642273,1.8472028970718384
0.419,0.335,1.6967755079269409,1.8482409715652466
0.423,0.342,1.6978850603103637,1.8462971448898315
0.425,0.336,1.69682058095932,1.8445305824279785
0.418,0.339,1.6968532085418702,1.8443608283996582
0.418,0.342,1.696155858039856,1.8469878435134888
0.419,0.34,1.6973037600517273,1.8457801342010498
0.418,0.337,1.6962279677391052,1.84640371799469
0.415,0.339,1.6960230112075805,1.8465555906295776
0.419,0.346,1.6954907536506654,1.846868634223938
0.417,0.343,1.6961933732032777,1.845314621925354
0.422,0.34,1.6953908562660218,1.8431967496871948
0.423,0.341,1.6960001349449159,1.8446362018585205
0.422,0.346,1.6949641942977904,1.8454710245132446
0.419,0.337,1.6959228515625,1.848541259765625
0.42,0.341,1.6956985592842102,1.8452001810073853
0.42,0.341,1.6956571102142335,1.843622088432312
0.42,0.34,1.6955988526344299,1.8439302444458008
0.418,0.34,1.6943725228309632,1.8461215496063232
0.419,0.34,1.6950842499732972,1.8456615209579468
0.422,0.342,1.6941349387168885,1.8446840047836304
0.417,0.345,1.6947630286216735,1.8440945148468018
0.423,0.343,1.693532693386078,1.8434686660766602
0.42,0.345,1.6939845085144043,1.8448039293289185
0.426,0.346,1.6951446056365966,1.8467272520065308
0.419,0.34,1.6939905643463136,1.8443304300308228
0.417,0.336,1.69501850605011,1.8450076580047607
0.419,0.347,1.6938262224197387,1.843709111213684
0.421,0.344,1.692980408668518,1.844425082206726
0.42,0.342,1.692902958393097,1.8442882299423218
0.421,0.342,1.692983365058899,1.8430171012878418
0.421,0.349,1.6925784349441528,1.8430248498916626
0.419,0.343,1.692129909992218,1.8446530103683472
0.423,0.344,1.6931604504585267,1.8448052406311035
0.426,0.344,1.6924595713615418,1.8449952602386475
0.42,0.342,1.693101167678833,1.8425955772399902
0.419,0.344,1.692828893661499,1.8424440622329712
0.429,0.344,1.692115843296051,1.842286467552185
0.421,0.342,1.6923245191574097,1.8442400693893433
0.426,0.345,1.691234862804413,1.8447178602218628
0.419,0.342,1.6926764726638794,1.841864824295044
0.425,0.344,1.690928053855896,1.8452447652816772
0.422,0.337,1.69239501953125,1.8445227146148682
0.423,0.344,1.6908061623573303,1.8426332473754883
0.42,0.347,1.6905656814575196,1.8413028717041016
0.423,0.345,1.689852225780487,1.843245267868042
0.424,0.342,1.6907471776008607,1.8424537181854248
0.427,0.342,1.6904497861862182,1.843642234802246
0.422,0.346,1.6904751181602478,1.8426158428192139
0.422,0.339,1.6913522839546205,1.8421214818954468
0.42,0.342,1.6906839847564696,1.8445866107940674
0.416,0.342,1.689855945110321,1.8420578241348267
0.419,0.343,1.6893495678901673,1.8425923585891724
0.423,0.344,1.6889654040336608,1.8418083190917969
0.426,0.342,1.6902499318122863,1.8414427042007446
0.422,0.344,1.6887609720230103,1.841860294342041
0.422,0.343,1.6895169258117675,1.8427975177764893
0.426,0.339,1.6887633085250855,1.8430707454681396
0.425,0.344,1.688390839099884,1.8412256240844727
0.423,0.342,1.6886680960655212,1.8408740758895874
0.421,0.345,1.6880804419517517,1.841564655303955
0.42,0.344,1.6886596202850341,1.8445608615875244
0.423,0.342,1.688595712184906,1.8420016765594482
0.422,0.344,1.6878299593925477,1.840333342552185
0.426,0.343,1.6878459930419922,1.8414555788040161
0.424,0.342,1.688133716583252,1.8409171104431152
0.421,0.342,1.6875445246696472,1.8417856693267822
0.421,0.344,1.686375045776367,1.8412559032440186
0.426,0.347,1.6878233075141906,1.8417621850967407
0.43,0.342,1.6872598648071289,1.8407009840011597
0.423,0.339,1.6883726000785828,1.8415535688400269
0.418,0.345,1.6863288283348083,1.8418382406234741
0.424,0.343,1.6863708019256591,1.8401401042938232
0.429,0.342,1.686354410648346,1.8412024974822998
0.427,0.343,1.6858346939086915,1.840773105621338
0.425,0.345,1.6851560115814208,1.8407095670700073
0.425,0.342,1.685541307926178,1.8405585289001465
0.428,0.344,1.6853839874267578,1.8399649858474731
0.422,0.341,1.6865683674812317,1.8401492834091187
0.423,0.337,1.6854177355766295,1.841822624206543
0.425,0.34,1.686220383644104,1.8410359621047974
0.424,0.341,1.6849416851997376,1.8399279117584229
0.427,0.343,1.6856733202934264,1.8388091325759888
0.42,0.344,1.6848467350006104,1.8404171466827393
0.42,0.345,1.6857472777366638,1.841943621635437
0.422,0.344,1.6858596801757812,1.8400503396987915
0.43,0.344,1.684312915802002,1.8387447595596313
0.426,0.339,1.6856449127197266,1.8409593105316162
0.427,0.346,1.68515043258667,1.8387290239334106
0.423,0.341,1.6841060400009156,1.8397303819656372
0.426,0.345,1.6835434436798096,1.8396167755126953
0.424,0.343,1.6859725356101989,1.839819073677063
0.423,0.34,1.6865832924842834,1.8399156332015991
0.427,0.344,1.6838435411453248,1.8384052515029907
0.426,0.348,1.6830885887145997,1.839215874671936
0.422,0.343,1.6832963943481445,1.8387246131896973
0.42,0.344,1.6834447383880615,1.8400028944015503
0.421,0.347,1.6831003069877624,1.8387022018432617
0.427,0.34,1.6828351497650147,1.8406740427017212
0.426,0.345,1.682657504081726,1.8381638526916504
0.425,0.343,1.6819134473800659,1.8386343717575073
0.425,0.345,1.6819223761558533,1.8389127254486084
0.427,0.346,1.6821300029754638,1.8393170833587646
0.424,0.343,1.6822619915008545,1.838337779045105
0.424,0.344,1.6824993014335632,1.8371703624725342
0.419,0.345,1.6819487690925599,1.8387541770935059
0.422,0.341,1.680692183971405,1.8385366201400757
0.417,0.339,1.6826677083969117,1.84027898311615
0.424,0.347,1.6818559169769287,1.8385058641433716
0.423,0.343,1.6802614569664,1.8375133275985718
0.426,0.347,1.681115710735321,1.8370578289031982
0.424,0.346,1.680072283744812,1.8389123678207397
0.427,0.338,1.6808698654174805,1.837251901626587
0.426,0.343,1.6800654053688049,1.8360493183135986
0.427,0.341,1.6800862431526185,1.8379305601119995
0.427,0.345,1.6797061443328858,1.8390697240829468
0.423,0.344,1.6811091303825378,1.8381386995315552
0.425,0.341,1.6793453693389893,1.836841344833374
0.424,0.341,1.6795580744743348,1.8372318744659424
0.428,0.345,1.6794300079345703,1.8359118700027466
0.423,0.345,1.6799681782722473,1.8392139673233032
0.428,0.343,1.6803226113319396,1.8362841606140137
0.425,0.346,1.678079402446747,1.8368276357650757
0.421,0.345,1.6787564396858214,1.8365960121154785
0.427,0.339,1.6792837023735045,1.8373585939407349
0.423,0.349,1.6787041783332826,1.8385695219039917
0.426,0.345,1.6786383271217347,1.8380206823349
0.423,0.347,1.6782540202140808,1.8364887237548828
0.427,0.345,1.6779624104499817,1.8364595174789429
0.43,0.338,1.6784099102020265,1.8345866203308105
0.425,0.341,1.6785396099090577,1.836166262626648
0.428,0.34,1.678125762939453,1.8379217386245728
0.421,0.342,1.67788667678833,1.8373987674713135
0.428,0.347,1.6774380564689637,1.8359917402267456
0.424,0.345,1.677606427669525,1.8359535932540894
0.425,0.348,1.676786184310913,1.835991382598877
0.424,0.345,1.6764368891716004,1.8354748487472534
0.429,0.344,1.6760883450508117,1.8364008665084839
0.424,0.339,1.677244281768799,1.8362467288970947
0.422,0.344,1.6766630291938782,1.837188482284546
0.431,0.343,1.6761892318725586,1.8363252878189087
0.426,0.344,1.676419734954834,1.834358811378479
0.422,0.349,1.676938784122467,1.8360363245010376
0.425,0.342,1.6757651925086976,1.8372907638549805
0.429,0.345,1.6759453892707825,1.8350231647491455
0.427,0.341,1.6756806373596191,1.833859920501709
0.429,0.339,1.67586829662323,1.8348870277404785
0.427,0.345,1.6753925919532775,1.835201382637024
0.426,0.347,1.6749151229858399,1.8356283903121948
0.426,0.347,1.6760446071624755,1.834659457206726
0.423,0.346,1.675800335407257,1.835182785987854
0.426,0.344,1.6751739740371705,1.8363885879516602
0.428,0.346,1.6757745027542115,1.8358365297317505
0.424,0.344,1.6738821029663087,1.8356165885925293
0.429,0.349,1.674622356891632,1.8357423543930054
0.425,0.338,1.6749356269836426,1.8336749076843262
0.425,0.343,1.6731920838356018,1.8343594074249268
0.428,0.343,1.6737011313438415,1.834898591041565
0.427,0.345,1.673766803741455,1.8366092443466187
0.433,0.343,1.6738971948623658,1.8334455490112305
0.426,0.346,1.6745256900787353,1.8333920240402222
0.43,0.347,1.6726757287979126,1.833804726600647
0.427,0.345,1.6729173183441162,1.8349040746688843
0.426,0.344,1.6726595520973206,1.834130048751831
0.425,0.344,1.6747742652893067,1.8341658115386963
0.429,0.342,1.6725022077560425,1.8352216482162476
0.426,0.344,1.6728338837623595,1.8337538242340088
0.427,0.344,1.6724013447761537,1.8340158462524414
