===== Exp configuration =====
date:		08-21-21-44
save_dir:		./log/08-21-21-44
dataset_name:		shd
data_folder:		./data/raw/
input_dim:		700
output_dim:		20
nb_steps:		100
trials:		5
scheduler_patience:		5
scheduler_factor:		0.7
lens:		0.5
gamma:		0.5
gradient_type:		linear
scale:		6.0
hight:		0.15
batch_size:		512
nb_epochs:		100
lr:		0.015
weight_decay:		1e-05
reg_factor:		0.5
reg_fmin:		0.01
reg_fmax:		0.1
fr_ent:		0.1
seed:		100
ckpt_freq:		10
threshold:		1.0
smoothing:		0.1
pdrop:		0.1
normalization:		batchnorm
train_input:		True
nb_hiddens:		1024
noise_test:		0.0
device:		cuda:0

Created new spiking model:
 RC(
  (W): Linear(in_features=700, out_features=1024, bias=True)
  (V): Linear(in_features=1024, out_features=1024, bias=False)
  (read): Linear(in_features=1024, out_features=20, bias=True)
  (norm): BatchNorm1d(1024, eps=1e-05, momentum=0.05, affine=True, track_running_stats=True)
  (norm_read): BatchNorm1d(20, eps=1e-05, momentum=0.05, affine=True, track_running_stats=True)
  (drop): Dropout(p=0.1, inplace=False)
)

Total number of trainable parameters is 1793104

**************  Trial 1  **************
Epoch 0: cin|cout=0.001488|0.014372|9.6601
-----------------------------

Epoch 1: loss=6.9618|5.1180, acc=29.6101|14.4876, fr=0.3813, cin|cout=0.007072|0.031080|4.3946, lr=0.0150, time=09.140642
-----------------------------

Epoch 2: loss=5.0833|1.8891, acc=35.0785|53.4894, fr=0.3310, cin|cout=0.009688|0.034597|3.5712, lr=0.0150, time=08.374444
-----------------------------

Epoch 3: loss=3.9121|1.1851, acc=60.4095|71.9081, fr=0.3480, cin|cout=0.010574|0.036258|3.4289, lr=0.0150, time=08.985449
-----------------------------

Epoch 4: loss=3.4656|0.9022, acc=75.5640|78.4894, fr=0.3574, cin|cout=0.010896|0.037044|3.3998, lr=0.0150, time=08.904887
-----------------------------

Epoch 5: loss=3.1276|0.6195, acc=84.4532|82.2880, fr=0.3668, cin|cout=0.011022|0.037125|3.3684, lr=0.0150, time=08.552374
-----------------------------

Epoch 6: loss=2.9102|0.5309, acc=90.9760|85.9541, fr=0.3730, cin|cout=0.011103|0.037035|3.3357, lr=0.0150, time=09.646500

Best model saved with valid acc=85.95406360424029
-----------------------------

Epoch 7: loss=2.8159|0.4910, acc=94.6542|85.4682, fr=0.3859, cin|cout=0.011171|0.037092|3.3205, lr=0.0150, time=09.027180
-----------------------------

Epoch 8: loss=2.7736|0.5265, acc=95.6842|87.0141, fr=0.3905, cin|cout=0.011215|0.037077|3.3060, lr=0.0150, time=08.664123

Best model saved with valid acc=87.01413427561837
-----------------------------

Epoch 9: loss=2.7343|0.4604, acc=97.4252|89.0901, fr=0.3923, cin|cout=0.011255|0.037092|3.2957, lr=0.0150, time=08.684606

Best model saved with valid acc=89.09010600706713
-----------------------------

Epoch 10: loss=2.7106|0.4297, acc=98.0383|90.3269, fr=0.3990, cin|cout=0.011289|0.037136|3.2896, lr=0.0150, time=08.821953

Best model saved with valid acc=90.32685512367492
-----------------------------

Epoch 11: loss=2.6964|0.4681, acc=98.5164|88.8251, fr=0.3982, cin|cout=0.011299|0.037269|3.2984, lr=0.0150, time=08.134518
-----------------------------

Epoch 12: loss=2.6765|0.4448, acc=99.0804|89.2226, fr=0.4007, cin|cout=0.011321|0.037277|3.2927, lr=0.0150, time=08.040241
-----------------------------

Epoch 13: loss=2.6568|0.4676, acc=99.3747|88.7809, fr=0.4040, cin|cout=0.011338|0.037214|3.2823, lr=0.0150, time=08.869615
-----------------------------

Epoch 14: loss=2.6499|0.4594, acc=99.5096|91.7403, fr=0.4055, cin|cout=0.011345|0.037259|3.2842, lr=0.0150, time=08.140690

Best model saved with valid acc=91.74028268551237
-----------------------------

Epoch 15: loss=2.6391|0.4705, acc=99.7670|89.8410, fr=0.4069, cin|cout=0.011360|0.037329|3.2860, lr=0.0150, time=09.007171
-----------------------------

Epoch 16: loss=2.6280|0.4695, acc=99.8774|89.7527, fr=0.4075, cin|cout=0.011386|0.037303|3.2763, lr=0.0150, time=08.906564
-----------------------------

Epoch 17: loss=2.6205|0.4981, acc=99.9019|89.8410, fr=0.4132, cin|cout=0.011401|0.037211|3.2638, lr=0.0150, time=09.111849
-----------------------------

Epoch 18: loss=2.6143|0.4460, acc=99.9019|91.2986, fr=0.4178, cin|cout=0.011412|0.037238|3.2631, lr=0.0150, time=08.211377
-----------------------------

Epoch 19: loss=2.6166|0.5038, acc=99.8774|90.6802, fr=0.4180, cin|cout=0.011424|0.037206|3.2568, lr=0.0150, time=08.821950
-----------------------------

Epoch 20: loss=2.6088|0.5000, acc=99.9632|89.7527, fr=0.4168, cin|cout=0.011430|0.037269|3.2606, lr=0.0150, time=08.289930
-----------------------------

Epoch 21: loss=2.6048|0.4807, acc=99.9877|90.5477, fr=0.4205, cin|cout=0.011428|0.037240|3.2586, lr=0.0105, time=08.408685
-----------------------------

Epoch 22: loss=2.6001|0.5007, acc=99.9755|90.1502, fr=0.4221, cin|cout=0.011433|0.037299|3.2623, lr=0.0105, time=08.287995
-----------------------------

Epoch 23: loss=2.5955|0.4767, acc=100.0000|90.8569, fr=0.4247, cin|cout=0.011445|0.037261|3.2556, lr=0.0105, time=08.182667
-----------------------------

Epoch 24: loss=2.5951|0.5034, acc=99.9877|91.2102, fr=0.4265, cin|cout=0.011452|0.037265|3.2540, lr=0.0105, time=08.166297
-----------------------------

Epoch 25: loss=2.5915|0.5184, acc=100.0000|90.4594, fr=0.4309, cin|cout=0.011457|0.037268|3.2529, lr=0.0105, time=08.140512
-----------------------------

Epoch 26: loss=2.5892|0.5021, acc=100.0000|90.6802, fr=0.4325, cin|cout=0.011457|0.037278|3.2537, lr=0.0105, time=08.051857
-----------------------------

Epoch 27: loss=2.5875|0.5236, acc=100.0000|90.0177, fr=0.4339, cin|cout=0.011459|0.037290|3.2543, lr=0.0073, time=08.564237
-----------------------------

Epoch 28: loss=2.5856|0.5124, acc=100.0000|90.2385, fr=0.4356, cin|cout=0.011462|0.037304|3.2545, lr=0.0073, time=08.465958
-----------------------------

Epoch 29: loss=2.5844|0.5054, acc=100.0000|90.6802, fr=0.4370, cin|cout=0.011466|0.037320|3.2549, lr=0.0073, time=08.356957
-----------------------------

Epoch 30: loss=2.5843|0.5288, acc=100.0000|90.1502, fr=0.4380, cin|cout=0.011462|0.037353|3.2587, lr=0.0073, time=08.793825
-----------------------------

Epoch 31: loss=2.5847|0.5307, acc=100.0000|89.8410, fr=0.4391, cin|cout=0.011464|0.037378|3.2604, lr=0.0073, time=08.374780
-----------------------------

Epoch 32: loss=2.5833|0.5155, acc=100.0000|90.9011, fr=0.4421, cin|cout=0.011470|0.037435|3.2636, lr=0.0073, time=08.656718
-----------------------------

