===== Exp configuration =====
neuron_type:		RadLIF
nb_inputs:		700
nb_outputs:		20
nb_layers:		3
nb_hiddens:		1024
nb_steps:		100
pdrop:		0.1
normalization:		batchnorm
use_bias:		False
bidirectional:		False
date:		08-01-03-14
use_pretrained_model:		False
only_do_testing:		False
load_exp_folder:		None
new_exp_folder:		./log/08-01-03-14
dataset_name:		shd
data_folder:		./data/raw/
batch_size:		128
nb_epochs:		30
train_input_layer:		True
trial:		5
seed:		1690830841
dropout:		0
dropout_stop:		0.95
dropout_stepping:		0.0
ckpt_freq:		5
clustering:		False
clustering_factor:		[1, 2.5]
cin_minmax:		[0.001, 0.05]
cout_minmax:		[0.05, 0.2]
nb_cluster:		8
nb_per_cluster:		128
noise_test:		0.2
start_epoch:		0
lr:		0.01
scheduler_patience:		2
scheduler_factor:		0.7
use_regularizers:		False
reg_factor:		0.5
reg_fmin:		0.01
reg_fmax:		0.1
use_augm:		False
use_readout_layer:		True
threshold:		1.0
device:		cuda

Device is set to cuda
checkpoint_dir: ./log/08-01-03-14/checkpoints/

Number of examples in train set: 8156
SHD does not have a validation split. Using test split.
Number of examples in test set: 2264

Created new spiking model:
 SNN(
  (snn): ModuleList(
    (0): RadLIFLayer(
      (W): Linear(in_features=700, out_features=1024, bias=False)
      (V): Linear(in_features=1024, out_features=1024, bias=False)
      (norm): BatchNorm1d(1024, eps=1e-05, momentum=0.05, affine=True, track_running_stats=True)
      (drop): Dropout(p=0.1, inplace=False)
    )
    (1): RadLIFLayer(
      (W): Linear(in_features=1024, out_features=1024, bias=False)
      (V): Linear(in_features=1024, out_features=1024, bias=False)
      (norm): BatchNorm1d(1024, eps=1e-05, momentum=0.05, affine=True, track_running_stats=True)
      (drop): Dropout(p=0.1, inplace=False)
    )
    (2): ReadoutLayer(
      (W): Linear(in_features=1024, out_features=20, bias=False)
      (norm): BatchNorm1d(20, eps=1e-05, momentum=0.05, affine=True, track_running_stats=True)
      (drop): Dropout(p=0.1, inplace=False)
    )
  )
)

Total number of trainable parameters is 3895356

---------------Trial:1---------------


Created new spiking model:
 SNN(
  (snn): ModuleList(
    (0): RadLIFLayer(
      (W): Linear(in_features=700, out_features=1024, bias=False)
      (V): Linear(in_features=1024, out_features=1024, bias=False)
      (norm): BatchNorm1d(1024, eps=1e-05, momentum=0.05, affine=True, track_running_stats=True)
      (drop): Dropout(p=0.1, inplace=False)
    )
    (1): RadLIFLayer(
      (W): Linear(in_features=1024, out_features=1024, bias=False)
      (V): Linear(in_features=1024, out_features=1024, bias=False)
      (norm): BatchNorm1d(1024, eps=1e-05, momentum=0.05, affine=True, track_running_stats=True)
      (drop): Dropout(p=0.1, inplace=False)
    )
    (2): ReadoutLayer(
      (W): Linear(in_features=1024, out_features=20, bias=False)
      (norm): BatchNorm1d(20, eps=1e-05, momentum=0.05, affine=True, track_running_stats=True)
      (drop): Dropout(p=0.1, inplace=False)
    )
  )
)

Total number of trainable parameters is 3895356

------ Begin training ------

Epoch 1: train loss=9.0388, acc=0.0559, fr=0.0614, lr=0.0100, time=34.772235, cin=0.000031, 0.000095, cout=0.007597, 0.003792
Epoch 1: valid loss=5.1614, acc=0.0481, fr=0.0625, mask=0.8750, time=06.300839

Best model saved with valid acc=0.04805871212121212

-----------------------------

Epoch 2: train loss=9.0935, acc=0.0532, fr=0.0613, lr=0.0100, time=31.320597, cin=0.000031, 0.000095, cout=0.007597, 0.003792
Epoch 2: valid loss=8.7382, acc=0.0474, fr=0.0647, mask=0.8760, time=05.740489

-----------------------------

