===== Exp configuration =====
date:		08-21-20-04
save_dir:		./log/08-21-20-04
dataset_name:		shd
data_folder:		./data/raw/
input_dim:		700
output_dim:		20
nb_steps:		100
trials:		5
scheduler_patience:		5
scheduler_factor:		0.7
batch_size:		512
nb_epochs:		100
lr:		0.015
weight_decay:		1e-05
reg_factor:		0.5
reg_fmin:		0.01
reg_fmax:		0.1
fr_ent:		0.1
seed:		1692619467
ckpt_freq:		10
threshold:		1.0
smoothing:		0.1
pdrop:		0.1
normalization:		batchnorm
train_input:		True
nb_hiddens:		1024
noise_test:		0.0
device:		cuda:0

Created new spiking model:
 RC(
  (W): Linear(in_features=700, out_features=1024, bias=True)
  (V): Linear(in_features=1024, out_features=1024, bias=False)
  (read): Linear(in_features=1024, out_features=20, bias=True)
  (norm): BatchNorm1d(1024, eps=1e-05, momentum=0.05, affine=True, track_running_stats=True)
  (norm_read): BatchNorm1d(20, eps=1e-05, momentum=0.05, affine=True, track_running_stats=True)
  (drop): Dropout(p=0.1, inplace=False)
)

Total number of trainable parameters is 1793104

**************  Trial 1  **************
Epoch 0: cin|cout=0.007378|0.030392|4.1191
Epoch 1: loss=10.3445|7.6300, acc=18.8082|5.2120, fr=0.4600, cin|cout=0.007390|0.030229|4.0905, lr=0.0150, time=11.650844
-----------------------------

Epoch 2: loss=7.6030|2.3179, acc=22.7195|40.4594, fr=0.3683, cin|cout=0.007668|0.030887|4.0280, lr=0.0150, time=10.526292
-----------------------------

Epoch 3: loss=6.4336|1.5038, acc=48.1118|65.1060, fr=0.3986, cin|cout=0.007697|0.031041|4.0329, lr=0.0150, time=09.872422
-----------------------------

Epoch 4: loss=5.6366|1.1372, acc=66.6871|73.4982, fr=0.4213, cin|cout=0.007723|0.031097|4.0265, lr=0.0150, time=09.638539
-----------------------------

Epoch 5: loss=5.2440|0.8717, acc=77.7587|82.0230, fr=0.4057, cin|cout=0.007748|0.031112|4.0155, lr=0.0150, time=09.531677
-----------------------------

Epoch 6: loss=5.0468|0.6905, acc=84.1099|81.7138, fr=0.4002, cin|cout=0.007746|0.031101|4.0152, lr=0.0150, time=09.561350
-----------------------------

Epoch 7: loss=4.7378|0.4270, acc=90.4242|88.3834, fr=0.3966, cin|cout=0.007741|0.031116|4.0195, lr=0.0150, time=09.498892

Best model saved with valid acc=88.38339222614842
-----------------------------

Epoch 8: loss=4.6393|0.4323, acc=94.0289|88.4276, fr=0.3855, cin|cout=0.007732|0.031117|4.0245, lr=0.0150, time=10.007520

Best model saved with valid acc=88.42756183745583
-----------------------------

Epoch 9: loss=4.5791|0.3782, acc=95.7332|91.6961, fr=0.3793, cin|cout=0.007729|0.031120|4.0265, lr=0.0150, time=11.074137

Best model saved with valid acc=91.69611307420494
-----------------------------

Epoch 10: loss=4.5487|0.3948, acc=96.7999|91.7845, fr=0.3775, cin|cout=0.007730|0.031106|4.0242, lr=0.0150, time=09.731786

Best model saved with valid acc=91.7844522968198
-----------------------------

Epoch 11: loss=4.5230|0.3892, acc=97.5110|91.6078, fr=0.3760, cin|cout=0.007711|0.031060|4.0283, lr=0.0150, time=10.208405
-----------------------------

Epoch 12: loss=4.4994|0.4572, acc=98.1976|88.4717, fr=0.3737, cin|cout=0.007721|0.031098|4.0279, lr=0.0150, time=10.679643
-----------------------------

Epoch 13: loss=4.4830|0.4281, acc=98.6881|89.0901, fr=0.3666, cin|cout=0.007721|0.031087|4.0262, lr=0.0150, time=10.587972
-----------------------------

Epoch 14: loss=4.4753|0.4526, acc=98.8843|88.1184, fr=0.3660, cin|cout=0.007714|0.031062|4.0268, lr=0.0150, time=09.553319
-----------------------------

Epoch 15: loss=4.4564|0.4260, acc=99.3134|90.3269, fr=0.3613, cin|cout=0.007708|0.031066|4.0305, lr=0.0150, time=09.474236
-----------------------------

Epoch 16: loss=4.4511|0.4434, acc=99.3502|89.7968, fr=0.3578, cin|cout=0.007702|0.031090|4.0367, lr=0.0150, time=09.423805
-----------------------------

Epoch 17: loss=4.4361|0.4358, acc=99.7548|89.3993, fr=0.3561, cin|cout=0.007702|0.031057|4.0325, lr=0.0105, time=09.955892
-----------------------------

Epoch 18: loss=4.4230|0.4629, acc=99.7548|88.9576, fr=0.3536, cin|cout=0.007704|0.031062|4.0322, lr=0.0105, time=09.853456
-----------------------------

Epoch 19: loss=4.4160|0.4308, acc=99.8529|90.8127, fr=0.3527, cin|cout=0.007710|0.031078|4.0310, lr=0.0105, time=10.569489
-----------------------------

Epoch 20: loss=4.4110|0.4392, acc=99.8161|90.1943, fr=0.3504, cin|cout=0.007704|0.031074|4.0336, lr=0.0105, time=09.916489
-----------------------------

Epoch 21: loss=4.4057|0.4604, acc=99.8651|90.1060, fr=0.3496, cin|cout=0.007694|0.031039|4.0340, lr=0.0105, time=09.568383
-----------------------------

Epoch 22: loss=4.4018|0.4356, acc=99.9142|90.3269, fr=0.3504, cin|cout=0.007692|0.031024|4.0333, lr=0.0105, time=09.426531
-----------------------------

Epoch 23: loss=4.3971|0.4388, acc=99.9510|90.9452, fr=0.3474, cin|cout=0.007695|0.031030|4.0327, lr=0.0073, time=09.536875
-----------------------------

Epoch 24: loss=4.3944|0.4402, acc=99.9264|90.5035, fr=0.3461, cin|cout=0.007698|0.031037|4.0320, lr=0.0073, time=09.576483
-----------------------------

Epoch 25: loss=4.3917|0.4490, acc=99.9510|89.9293, fr=0.3437, cin|cout=0.007692|0.031032|4.0341, lr=0.0073, time=09.465318
-----------------------------

Epoch 26: loss=4.3895|0.4676, acc=99.9755|90.0177, fr=0.3420, cin|cout=0.007688|0.031018|4.0347, lr=0.0073, time=09.915300
-----------------------------

Epoch 27: loss=4.3866|0.4577, acc=99.9632|90.1943, fr=0.3402, cin|cout=0.007687|0.031008|4.0339, lr=0.0073, time=09.467557
-----------------------------

Epoch 28: loss=4.3845|0.4766, acc=99.9632|89.3551, fr=0.3387, cin|cout=0.007687|0.031004|4.0334, lr=0.0073, time=09.576877
-----------------------------

Epoch 29: loss=4.3832|0.4656, acc=99.9877|90.1502, fr=0.3382, cin|cout=0.007682|0.031000|4.0352, lr=0.0051, time=09.440624
-----------------------------

Epoch 30: loss=4.3816|0.4718, acc=99.9877|89.2668, fr=0.3381, cin|cout=0.007682|0.030997|4.0350, lr=0.0051, time=09.442186
-----------------------------

Epoch 31: loss=4.3797|0.4855, acc=100.0000|89.6643, fr=0.3374, cin|cout=0.007684|0.030999|4.0343, lr=0.0051, time=09.559707
-----------------------------

Epoch 32: loss=4.3778|0.4734, acc=100.0000|90.1943, fr=0.3356, cin|cout=0.007683|0.030999|4.0346, lr=0.0051, time=10.021963
-----------------------------

