===== Exp configuration =====
date:		08-19-18-09
save_dir:		./log/08-19-18-09
dataset_name:		shd
data_folder:		./data/raw/
input_dim:		700
output_dim:		20
nb_steps:		100
trials:		5
scheduler_patience:		1
scheduler_factor:		0.7
batch_size:		512
nb_epochs:		100
lr:		0.01
weight_decay:		1e-05
reg_factor:		2.0
reg_fmin:		0.01
reg_fmax:		0.1
seed:		1692439783
ckpt_freq:		10
threshold:		1.0
smoothing:		0.1
pdrop:		0.1
normalization:		batchnorm
train_input:		False
nb_hiddens:		1024
noise_test:		0.0
device:		cuda

Created new spiking model:
 RC(
  (W): Linear(in_features=700, out_features=1024, bias=True)
  (V): Linear(in_features=1024, out_features=1024, bias=False)
  (read): Linear(in_features=1024, out_features=20, bias=True)
  (norm): BatchNorm1d(1024, eps=1e-05, momentum=0.05, affine=True, track_running_stats=True)
  (norm_read): BatchNorm1d(20, eps=1e-05, momentum=0.05, affine=True, track_running_stats=True)
  (drop): Dropout(p=0.1, inplace=False)
)

Total number of trainable parameters is 1075280

**************  Trial 1  **************
Epoch 1: loss=15.2296|3.0305, acc=18.4404|7.9505, fr=0.3773, lr=0.0100, time=11.780659
-----------------------------

Epoch 2: loss=9.0178|2.6473, acc=12.6655|19.7880, fr=0.3745, lr=0.0100, time=10.072713
-----------------------------

Epoch 3: loss=8.2292|2.3796, acc=21.2482|24.6466, fr=0.3874, lr=0.0100, time=09.765044
-----------------------------

Epoch 4: loss=8.0778|2.0865, acc=27.0966|34.6290, fr=0.3630, lr=0.0100, time=09.755780
-----------------------------

Epoch 5: loss=7.7676|1.6941, acc=36.7460|45.5389, fr=0.3556, lr=0.0100, time=09.743467
-----------------------------

Epoch 6: loss=7.5886|1.5011, acc=42.5331|52.3410, fr=0.3665, lr=0.0100, time=09.757432
-----------------------------

Epoch 7: loss=7.4675|1.3876, acc=47.3884|55.7420, fr=0.3537, lr=0.0100, time=09.837001
-----------------------------

Epoch 8: loss=7.2888|1.1184, acc=54.1197|65.1943, fr=0.3564, lr=0.0100, time=09.899554
-----------------------------

Epoch 9: loss=7.1544|1.0395, acc=59.5267|65.2827, fr=0.3689, lr=0.0100, time=10.471356
-----------------------------

Epoch 10: loss=7.0900|0.9385, acc=62.8617|71.9523, fr=0.3733, lr=0.0100, time=10.141881
-----------------------------

Epoch 11: loss=6.9817|0.9140, acc=66.5890|70.5389, fr=0.3752, lr=0.0100, time=09.826153
-----------------------------

Epoch 12: loss=6.9873|0.9500, acc=65.2894|69.8763, fr=0.3645, lr=0.0100, time=09.853843
-----------------------------

Epoch 13: loss=6.8835|0.8198, acc=70.3409|75.3534, fr=0.3780, lr=0.0070, time=09.770622
-----------------------------

Epoch 14: loss=6.8316|0.7720, acc=73.1976|76.8551, fr=0.3842, lr=0.0070, time=09.864445
-----------------------------

Epoch 15: loss=6.7936|0.7335, acc=74.8161|77.6060, fr=0.3990, lr=0.0070, time=09.821402
-----------------------------

Epoch 16: loss=6.7739|0.6769, acc=76.6552|80.0795, fr=0.4120, lr=0.0070, time=09.913415
-----------------------------

Epoch 17: loss=6.7523|0.6958, acc=77.9181|78.8428, fr=0.4296, lr=0.0070, time=09.838986
-----------------------------

Epoch 18: loss=6.7309|0.6756, acc=78.7151|79.6378, fr=0.4318, lr=0.0070, time=09.826610
-----------------------------

Epoch 19: loss=6.6993|0.6700, acc=79.5120|79.0194, fr=0.4393, lr=0.0049, time=09.740104
-----------------------------

Epoch 20: loss=6.6673|0.6727, acc=80.4316|80.2120, fr=0.4484, lr=0.0049, time=10.350277
-----------------------------

Epoch 21: loss=6.6438|0.6390, acc=82.6508|81.8463, fr=0.4567, lr=0.0049, time=09.999969
-----------------------------

Epoch 22: loss=6.6069|0.6265, acc=83.1780|81.2279, fr=0.4447, lr=0.0049, time=09.669091
-----------------------------

Epoch 23: loss=6.5814|0.6082, acc=84.5880|82.2880, fr=0.4714, lr=0.0049, time=09.653532
-----------------------------

Epoch 24: loss=6.5666|0.5876, acc=85.4708|84.4965, fr=0.4728, lr=0.0049, time=10.017674
-----------------------------

Epoch 25: loss=6.5613|0.6117, acc=85.2746|82.3763, fr=0.4814, lr=0.0049, time=10.274533
-----------------------------

Epoch 26: loss=6.5612|0.6339, acc=85.3359|80.6095, fr=0.4817, lr=0.0049, time=11.757983
-----------------------------

Epoch 27: loss=6.5289|0.5932, acc=86.6111|82.7297, fr=0.4957, lr=0.0034, time=10.883162
-----------------------------

Epoch 28: loss=6.5207|0.5475, acc=86.7337|84.4081, fr=0.5064, lr=0.0034, time=09.982096
-----------------------------

Epoch 29: loss=6.4873|0.5990, acc=88.5238|81.6696, fr=0.5167, lr=0.0024, time=09.818957
-----------------------------

Epoch 30: loss=6.4886|0.6075, acc=88.6587|81.9788, fr=0.5253, lr=0.0024, time=09.877389
-----------------------------

Epoch 31: loss=6.4747|0.5708, acc=88.9284|83.3922, fr=0.5300, lr=0.0017, time=10.076142
-----------------------------

Epoch 32: loss=6.4722|0.5539, acc=88.9529|84.1431, fr=0.5399, lr=0.0017, time=09.794248
-----------------------------

Epoch 33: loss=6.4572|0.5426, acc=89.9583|84.3198, fr=0.5480, lr=0.0012, time=11.041390
-----------------------------

Epoch 34: loss=6.4525|0.5204, acc=89.7867|84.8940, fr=0.5519, lr=0.0012, time=10.173746
-----------------------------

Epoch 35: loss=6.4469|0.5728, acc=90.2403|83.5689, fr=0.5639, lr=0.0012, time=12.380504
-----------------------------

Epoch 36: loss=6.4457|0.5847, acc=90.3139|82.5530, fr=0.5661, lr=0.0012, time=12.088312
-----------------------------

Epoch 37: loss=6.4409|0.5556, acc=90.2281|83.8781, fr=0.5731, lr=0.0008, time=11.044353
-----------------------------

Epoch 38: loss=6.4453|0.5416, acc=90.1177|85.1148, fr=0.5801, lr=0.0008, time=10.167542

Best model saved with valid acc=85.1148409893993
-----------------------------

Epoch 39: loss=6.4334|0.5571, acc=90.4733|84.1873, fr=0.5872, lr=0.0008, time=09.738379
-----------------------------

Epoch 40: loss=6.4328|0.5311, acc=90.2281|84.9382, fr=0.5913, lr=0.0008, time=09.714682
-----------------------------

Epoch 41: loss=6.4283|0.5276, acc=90.9514|84.6731, fr=0.5963, lr=0.0006, time=09.728776
-----------------------------

Epoch 42: loss=6.4277|0.5275, acc=90.8411|84.3198, fr=0.5995, lr=0.0006, time=10.028291
-----------------------------

Epoch 43: loss=6.4294|0.5417, acc=90.9147|84.0548, fr=0.6066, lr=0.0004, time=10.050267
-----------------------------

Epoch 44: loss=6.4216|0.5370, acc=91.1354|85.4682, fr=0.6073, lr=0.0004, time=09.992876

Best model saved with valid acc=85.46819787985866
-----------------------------

Epoch 45: loss=6.4204|0.5327, acc=90.6449|84.8940, fr=0.6154, lr=0.0004, time=10.126218
-----------------------------

Epoch 46: loss=6.4227|0.5245, acc=91.0250|84.7173, fr=0.6206, lr=0.0004, time=10.222758
-----------------------------

Epoch 47: loss=6.4223|0.5467, acc=90.8288|84.3640, fr=0.6219, lr=0.0003, time=09.966577
-----------------------------

Epoch 48: loss=6.4200|0.5479, acc=90.8411|83.5689, fr=0.6221, lr=0.0003, time=09.892109
-----------------------------

Epoch 49: loss=6.4120|0.5251, acc=91.1967|85.1148, fr=0.6257, lr=0.0002, time=09.722878
-----------------------------

Epoch 50: loss=6.4095|0.5554, acc=91.8955|83.7456, fr=0.6310, lr=0.0002, time=09.776582
-----------------------------

Epoch 51: loss=6.4104|0.5418, acc=91.4909|83.9664, fr=0.6336, lr=0.0001, time=10.242784
-----------------------------

Epoch 52: loss=6.4136|0.5209, acc=91.3070|84.8940, fr=0.6323, lr=0.0001, time=09.846148
-----------------------------

Epoch 53: loss=6.4121|0.5396, acc=91.2457|84.5406, fr=0.6345, lr=0.0001, time=10.373804
-----------------------------

Epoch 54: loss=6.4110|0.5153, acc=91.5032|85.1148, fr=0.6362, lr=0.0001, time=10.850913
-----------------------------

Epoch 55: loss=6.4136|0.5359, acc=91.1231|85.0707, fr=0.6378, lr=0.0001, time=10.142423
-----------------------------

Epoch 56: loss=6.4097|0.5433, acc=91.7974|85.3357, fr=0.6390, lr=0.0001, time=09.840971
-----------------------------

Epoch 57: loss=6.4137|0.5415, acc=91.2702|85.2032, fr=0.6402, lr=0.0000, time=10.252018
-----------------------------

Epoch 58: loss=6.4131|0.5341, acc=91.5645|84.8057, fr=0.6409, lr=0.0000, time=09.568378
-----------------------------

Epoch 59: loss=6.4071|0.5414, acc=91.8220|84.1873, fr=0.6408, lr=0.0000, time=09.692833
-----------------------------

Epoch 60: loss=6.4115|0.5329, acc=91.3806|84.9382, fr=0.6422, lr=0.0000, time=09.670035
-----------------------------

Epoch 61: loss=6.4073|0.5436, acc=91.6381|84.2756, fr=0.6425, lr=0.0000, time=09.755060
-----------------------------

Epoch 62: loss=6.4106|0.5300, acc=91.5154|84.9823, fr=0.6433, lr=0.0000, time=09.637626
-----------------------------

Epoch 63: loss=6.4102|0.5167, acc=91.3438|85.1590, fr=0.6431, lr=0.0000, time=09.718855
-----------------------------

Epoch 64: loss=6.4104|0.5186, acc=91.3806|84.9382, fr=0.6424, lr=0.0000, time=09.658120
-----------------------------

Epoch 65: loss=6.4072|0.5291, acc=91.6135|84.5848, fr=0.6425, lr=0.0000, time=09.665773
-----------------------------

Epoch 66: loss=6.4096|0.5329, acc=91.4787|85.3357, fr=0.6425, lr=0.0000, time=09.670886
-----------------------------

Epoch 67: loss=6.4080|0.5331, acc=91.4174|85.3799, fr=0.6432, lr=0.0000, time=09.633847
-----------------------------

Epoch 68: loss=6.4055|0.5313, acc=91.9568|84.8498, fr=0.6429, lr=0.0000, time=09.627200
-----------------------------

Epoch 69: loss=6.4018|0.5388, acc=91.8955|85.0707, fr=0.6437, lr=0.0000, time=09.706233
-----------------------------

Epoch 70: loss=6.4100|0.5243, acc=91.5154|85.1148, fr=0.6435, lr=0.0000, time=09.633072
-----------------------------

Epoch 71: loss=6.4070|0.5295, acc=91.6013|85.2915, fr=0.6435, lr=0.0000, time=09.691703
-----------------------------

Epoch 72: loss=6.4049|0.5522, acc=92.1040|83.7456, fr=0.6437, lr=0.0000, time=09.655339
-----------------------------

Epoch 73: loss=6.4074|0.5089, acc=91.5768|86.2633, fr=0.6436, lr=0.0000, time=10.333836

Best model saved with valid acc=86.26325088339223
-----------------------------

Epoch 74: loss=6.4122|0.5294, acc=91.3438|84.8498, fr=0.6438, lr=0.0000, time=09.932077
-----------------------------

Epoch 75: loss=6.4070|0.5429, acc=91.8955|85.2473, fr=0.6439, lr=0.0000, time=09.783954
-----------------------------

Epoch 76: loss=6.4096|0.5320, acc=91.6994|84.0989, fr=0.6434, lr=0.0000, time=09.689218
-----------------------------

Epoch 77: loss=6.4072|0.5288, acc=91.7852|85.5565, fr=0.6439, lr=0.0000, time=09.672893
-----------------------------

Epoch 78: loss=6.4048|0.5240, acc=91.7607|84.6731, fr=0.6438, lr=0.0000, time=09.673094
-----------------------------

Epoch 79: loss=6.4078|0.5313, acc=91.7116|84.7173, fr=0.6439, lr=0.0000, time=09.613968
-----------------------------

Epoch 80: loss=6.4042|0.5433, acc=91.8220|84.8940, fr=0.6439, lr=0.0000, time=09.633534
-----------------------------

Epoch 81: loss=6.4030|0.5404, acc=92.0427|84.6731, fr=0.6438, lr=0.0000, time=09.769054
-----------------------------

Epoch 82: loss=6.4081|0.5351, acc=91.6381|84.7173, fr=0.6437, lr=0.0000, time=09.617769
-----------------------------

Epoch 83: loss=6.4081|0.5386, acc=91.6503|84.1873, fr=0.6438, lr=0.0000, time=09.697750
-----------------------------

Epoch 84: loss=6.4047|0.5377, acc=91.5645|84.5406, fr=0.6436, lr=0.0000, time=09.691992
-----------------------------

Epoch 85: loss=6.4102|0.5255, acc=91.7852|85.9982, fr=0.6436, lr=0.0000, time=09.623692
-----------------------------

Epoch 86: loss=6.4102|0.5453, acc=91.5400|84.7173, fr=0.6436, lr=0.0000, time=09.581100
-----------------------------

Epoch 87: loss=6.4095|0.5297, acc=91.3438|85.5124, fr=0.6439, lr=0.0000, time=09.671113
-----------------------------

Epoch 88: loss=6.4068|0.5293, acc=91.6503|85.2915, fr=0.6440, lr=0.0000, time=09.722913
-----------------------------

Epoch 89: loss=6.4055|0.5412, acc=91.7116|83.7014, fr=0.6438, lr=0.0000, time=09.599268
-----------------------------

Epoch 90: loss=6.4065|0.5520, acc=91.6258|84.8498, fr=0.6439, lr=0.0000, time=09.649939
-----------------------------

Epoch 91: loss=6.4036|0.5283, acc=91.7116|85.2915, fr=0.6442, lr=0.0000, time=09.723960
-----------------------------

Epoch 92: loss=6.4082|0.5312, acc=91.6013|85.5565, fr=0.6439, lr=0.0000, time=09.578725
-----------------------------

Epoch 93: loss=6.4073|0.5382, acc=91.8097|84.6290, fr=0.6440, lr=0.0000, time=09.594347
-----------------------------

Epoch 94: loss=6.4046|0.5378, acc=91.7484|84.8057, fr=0.6435, lr=0.0000, time=09.607087
-----------------------------

Epoch 95: loss=6.4051|0.5359, acc=91.6258|84.5848, fr=0.6440, lr=0.0000, time=09.650655
-----------------------------

Epoch 96: loss=6.4095|0.5423, acc=91.2089|85.3799, fr=0.6440, lr=0.0000, time=10.518644
-----------------------------

Epoch 97: loss=6.4046|0.5410, acc=91.8220|84.5848, fr=0.6439, lr=0.0000, time=10.527077
-----------------------------

Epoch 98: loss=6.4048|0.5541, acc=91.8342|84.1873, fr=0.6441, lr=0.0000, time=12.108798
-----------------------------

Epoch 99: loss=6.4101|0.5346, acc=91.7484|84.7615, fr=0.6437, lr=0.0000, time=10.914493
-----------------------------

Epoch 100: loss=6.4079|0.5410, acc=91.7484|85.1590, fr=0.6435, lr=0.0000, time=10.397849
-----------------------------


Best valid acc at epoch 73: 86.26325088339223

------ Training finished ------


**************  Trial 2  **************
Epoch 1: loss=15.5224|3.0652, acc=15.5591|5.6537, fr=0.3906, lr=0.0100, time=10.024582
-----------------------------

Epoch 2: loss=9.6689|2.7489, acc=11.2800|17.4912, fr=0.3682, lr=0.0100, time=10.105277
-----------------------------

Epoch 3: loss=9.2592|2.4661, acc=19.3232|23.3216, fr=0.3741, lr=0.0100, time=09.834333
-----------------------------

Epoch 4: loss=9.0798|2.2427, acc=23.8965|33.5689, fr=0.3611, lr=0.0100, time=09.923607
-----------------------------

Epoch 5: loss=8.9188|2.0326, acc=29.6714|34.8498, fr=0.3608, lr=0.0100, time=09.780250
-----------------------------

Epoch 6: loss=8.7512|1.7451, acc=33.3006|43.5071, fr=0.3422, lr=0.0100, time=09.909501
-----------------------------

Epoch 7: loss=8.6171|1.5288, acc=43.1094|51.0601, fr=0.3471, lr=0.0100, time=09.596761
-----------------------------

Epoch 8: loss=8.4322|1.2613, acc=47.5478|60.3799, fr=0.3411, lr=0.0100, time=09.621773
-----------------------------

Epoch 9: loss=8.2525|1.1117, acc=54.6101|65.6360, fr=0.3439, lr=0.0100, time=09.681163
-----------------------------

Epoch 10: loss=8.1617|1.0478, acc=58.2026|69.3905, fr=0.3497, lr=0.0100, time=09.633561
-----------------------------

Epoch 11: loss=8.0616|0.9085, acc=61.9299|71.5106, fr=0.3531, lr=0.0100, time=09.732288
-----------------------------

Epoch 12: loss=7.9737|0.8057, acc=66.5645|74.8675, fr=0.3581, lr=0.0100, time=09.686157
-----------------------------

Epoch 13: loss=7.9259|0.8214, acc=67.3369|75.5300, fr=0.3532, lr=0.0100, time=09.709496
-----------------------------

Epoch 14: loss=7.8394|0.7529, acc=71.1378|76.3693, fr=0.3607, lr=0.0100, time=10.577621
-----------------------------

Epoch 15: loss=7.7851|0.6612, acc=73.3203|80.2120, fr=0.3706, lr=0.0100, time=09.861567
-----------------------------

Epoch 16: loss=7.7081|0.6435, acc=76.8514|81.7138, fr=0.3739, lr=0.0100, time=09.756886
-----------------------------

Epoch 17: loss=7.6832|0.6445, acc=77.0598|81.4046, fr=0.3836, lr=0.0100, time=11.161524
-----------------------------

Epoch 18: loss=7.6239|0.6449, acc=80.2354|80.2120, fr=0.3945, lr=0.0100, time=10.128163
-----------------------------

Epoch 19: loss=7.6012|0.6473, acc=80.9220|79.7261, fr=0.3963, lr=0.0070, time=09.679392
-----------------------------

Epoch 20: loss=7.5625|0.6080, acc=81.9397|81.8021, fr=0.4164, lr=0.0070, time=09.674576
-----------------------------

Epoch 21: loss=7.5312|0.5998, acc=83.4600|82.3763, fr=0.4274, lr=0.0070, time=09.780145
-----------------------------

Epoch 22: loss=7.5274|0.5845, acc=83.4355|82.1996, fr=0.4209, lr=0.0070, time=09.767247
-----------------------------

Epoch 23: loss=7.5157|0.5967, acc=84.2570|82.5972, fr=0.4298, lr=0.0070, time=09.668892
-----------------------------

Epoch 24: loss=7.4786|0.5971, acc=86.1574|81.8463, fr=0.4331, lr=0.0070, time=09.659577
-----------------------------

Epoch 25: loss=7.4675|0.6074, acc=86.1942|81.1837, fr=0.4281, lr=0.0070, time=09.576190
-----------------------------

Epoch 26: loss=7.4358|0.5300, acc=87.8985|85.2473, fr=0.4445, lr=0.0049, time=09.605737

Best model saved with valid acc=85.24734982332156
-----------------------------

Epoch 27: loss=7.4234|0.5704, acc=88.0824|82.9947, fr=0.4615, lr=0.0049, time=09.814512
-----------------------------

Epoch 28: loss=7.4053|0.5712, acc=87.8985|83.1272, fr=0.4746, lr=0.0049, time=09.617419
-----------------------------

Epoch 29: loss=7.3778|0.5261, acc=89.1736|84.4965, fr=0.4816, lr=0.0034, time=09.687856
-----------------------------

Epoch 30: loss=7.4061|0.5552, acc=90.0932|85.2473, fr=0.4902, lr=0.0034, time=09.630824
-----------------------------

Epoch 31: loss=7.3626|0.5355, acc=89.7744|84.6731, fr=0.4916, lr=0.0024, time=09.706141
-----------------------------

Epoch 32: loss=7.3470|0.5233, acc=90.4365|85.7332, fr=0.5075, lr=0.0024, time=09.686121

Best model saved with valid acc=85.73321554770318
-----------------------------

Epoch 33: loss=7.3442|0.5380, acc=90.6817|84.4965, fr=0.5125, lr=0.0024, time=09.787400
-----------------------------

Epoch 34: loss=7.3429|0.5269, acc=90.6204|85.5124, fr=0.5159, lr=0.0024, time=09.675408
-----------------------------

Epoch 35: loss=7.3383|0.5392, acc=90.6694|84.6290, fr=0.5167, lr=0.0017, time=09.636622
-----------------------------

Epoch 36: loss=7.3235|0.5591, acc=91.6626|84.0989, fr=0.5246, lr=0.0017, time=09.677748
-----------------------------

Epoch 37: loss=7.3268|0.4936, acc=91.1231|85.8657, fr=0.5327, lr=0.0012, time=09.645385

Best model saved with valid acc=85.86572438162544
-----------------------------

Epoch 38: loss=7.3198|0.5405, acc=91.3806|84.6290, fr=0.5445, lr=0.0012, time=09.771901
-----------------------------

Epoch 39: loss=7.3164|0.4957, acc=91.8465|86.6608, fr=0.5498, lr=0.0012, time=10.155488

Best model saved with valid acc=86.66077738515901
-----------------------------

Epoch 40: loss=7.3191|0.5345, acc=91.2702|84.5848, fr=0.5487, lr=0.0012, time=10.391562
-----------------------------

Epoch 41: loss=7.3121|0.4874, acc=92.0427|86.9258, fr=0.5542, lr=0.0012, time=09.814230

Best model saved with valid acc=86.92579505300354
-----------------------------

Epoch 42: loss=7.3138|0.5476, acc=91.8342|84.8940, fr=0.5605, lr=0.0012, time=10.514587
-----------------------------

Epoch 43: loss=7.3065|0.5164, acc=91.7239|85.5565, fr=0.5680, lr=0.0012, time=10.235035
-----------------------------

Epoch 44: loss=7.2998|0.5102, acc=92.4228|85.3357, fr=0.5738, lr=0.0008, time=09.951023
-----------------------------

Epoch 45: loss=7.3044|0.5105, acc=92.1162|85.3799, fr=0.5760, lr=0.0008, time=10.286519
-----------------------------

Epoch 46: loss=7.2951|0.4995, acc=92.4350|86.7049, fr=0.5855, lr=0.0006, time=09.851986
-----------------------------

Epoch 47: loss=7.2921|0.5163, acc=92.4841|85.8657, fr=0.5882, lr=0.0006, time=09.801086
-----------------------------

Epoch 48: loss=7.2911|0.5065, acc=92.4473|85.6007, fr=0.5892, lr=0.0004, time=10.450189
-----------------------------

Epoch 49: loss=7.2881|0.5285, acc=92.6802|85.0707, fr=0.5913, lr=0.0004, time=10.293561
-----------------------------

Epoch 50: loss=7.2855|0.5017, acc=93.1094|86.5724, fr=0.5953, lr=0.0003, time=10.851708
-----------------------------

Epoch 51: loss=7.2883|0.5106, acc=92.9622|85.3799, fr=0.5991, lr=0.0003, time=10.283634
-----------------------------

Epoch 52: loss=7.2879|0.5082, acc=92.6435|85.6890, fr=0.6031, lr=0.0002, time=10.234819
-----------------------------

Epoch 53: loss=7.2875|0.4891, acc=92.5699|87.1908, fr=0.6025, lr=0.0002, time=10.193343

Best model saved with valid acc=87.19081272084806
-----------------------------

Epoch 54: loss=7.2878|0.4956, acc=92.2756|86.1749, fr=0.6048, lr=0.0002, time=10.493212
-----------------------------

Epoch 55: loss=7.2898|0.5077, acc=92.6680|85.4682, fr=0.6079, lr=0.0002, time=10.475503
-----------------------------

Epoch 56: loss=7.2835|0.4984, acc=92.9009|86.4399, fr=0.6105, lr=0.0001, time=10.336788
-----------------------------

Epoch 57: loss=7.2811|0.5118, acc=93.1216|85.8657, fr=0.6128, lr=0.0001, time=10.198647
-----------------------------

Epoch 58: loss=7.2849|0.5035, acc=92.8519|86.3516, fr=0.6134, lr=0.0001, time=10.599499
-----------------------------

Epoch 59: loss=7.2815|0.4975, acc=92.7048|86.3074, fr=0.6147, lr=0.0001, time=10.383798
-----------------------------

Epoch 60: loss=7.2815|0.5018, acc=93.0971|86.7933, fr=0.6161, lr=0.0001, time=10.624461
-----------------------------

Epoch 61: loss=7.2831|0.5121, acc=92.7293|85.7774, fr=0.6163, lr=0.0001, time=10.460568
-----------------------------

Epoch 62: loss=7.2797|0.5046, acc=92.9377|86.3516, fr=0.6166, lr=0.0000, time=10.665752
-----------------------------

Epoch 63: loss=7.2798|0.5124, acc=92.5944|85.9099, fr=0.6169, lr=0.0000, time=10.320560
-----------------------------

Epoch 64: loss=7.2816|0.5148, acc=93.0358|86.2633, fr=0.6175, lr=0.0000, time=10.389640
-----------------------------

Epoch 65: loss=7.2778|0.5108, acc=93.3301|85.9099, fr=0.6175, lr=0.0000, time=10.326674
-----------------------------

Epoch 66: loss=7.2809|0.5037, acc=92.3860|86.1749, fr=0.6176, lr=0.0000, time=10.136105
-----------------------------

Epoch 67: loss=7.2857|0.5073, acc=92.8519|86.6166, fr=0.6185, lr=0.0000, time=10.292548
-----------------------------

Epoch 68: loss=7.2824|0.4969, acc=92.8641|86.6608, fr=0.6188, lr=0.0000, time=10.285498
-----------------------------

Epoch 69: loss=7.2776|0.5016, acc=92.8519|86.3074, fr=0.6186, lr=0.0000, time=09.851088
-----------------------------

Epoch 70: loss=7.2791|0.5111, acc=92.9622|85.6890, fr=0.6189, lr=0.0000, time=10.196420
-----------------------------

Epoch 71: loss=7.2803|0.5098, acc=92.7538|86.0866, fr=0.6189, lr=0.0000, time=10.142791
-----------------------------

Epoch 72: loss=7.2762|0.5240, acc=93.0358|84.7615, fr=0.6190, lr=0.0000, time=09.808898
-----------------------------

Epoch 73: loss=7.2773|0.5017, acc=92.8887|86.1749, fr=0.6195, lr=0.0000, time=10.447169
-----------------------------

Epoch 74: loss=7.2766|0.5099, acc=93.2565|85.7774, fr=0.6198, lr=0.0000, time=09.744905
-----------------------------

Epoch 75: loss=7.2812|0.5022, acc=92.7661|85.9541, fr=0.6197, lr=0.0000, time=09.678128
-----------------------------

Epoch 76: loss=7.2853|0.5017, acc=93.1462|86.0424, fr=0.6196, lr=0.0000, time=09.691213
-----------------------------

Epoch 77: loss=7.2780|0.5040, acc=93.4282|85.9982, fr=0.6195, lr=0.0000, time=09.719582
-----------------------------

Epoch 78: loss=7.2797|0.5066, acc=92.7906|87.1025, fr=0.6198, lr=0.0000, time=09.658935
-----------------------------

Epoch 79: loss=7.2799|0.4980, acc=92.9377|86.9258, fr=0.6197, lr=0.0000, time=09.679540
-----------------------------

Epoch 80: loss=7.2808|0.4915, acc=92.9622|87.3675, fr=0.6197, lr=0.0000, time=10.040445

Best model saved with valid acc=87.36749116607774
-----------------------------

Epoch 81: loss=7.2787|0.5033, acc=92.8887|85.9099, fr=0.6194, lr=0.0000, time=09.988124
-----------------------------

Epoch 82: loss=7.2814|0.4963, acc=92.9009|87.0583, fr=0.6199, lr=0.0000, time=09.699179
-----------------------------

Epoch 83: loss=7.2825|0.5194, acc=92.7415|85.4682, fr=0.6197, lr=0.0000, time=09.653516
-----------------------------

Epoch 84: loss=7.2775|0.4995, acc=92.9868|86.5724, fr=0.6197, lr=0.0000, time=09.656473
-----------------------------

Epoch 85: loss=7.2752|0.5011, acc=93.1707|86.5283, fr=0.6200, lr=0.0000, time=09.679326
-----------------------------

Epoch 86: loss=7.2800|0.5039, acc=93.0726|86.4841, fr=0.6196, lr=0.0000, time=09.725137
-----------------------------

Epoch 87: loss=7.2790|0.5017, acc=93.0603|86.0866, fr=0.6200, lr=0.0000, time=09.652277
-----------------------------

Epoch 88: loss=7.2795|0.5000, acc=93.0726|86.1307, fr=0.6200, lr=0.0000, time=09.653094
-----------------------------

Epoch 89: loss=7.2808|0.5048, acc=92.8396|86.0866, fr=0.6202, lr=0.0000, time=09.703783
-----------------------------

Epoch 90: loss=7.2794|0.5002, acc=93.1707|86.0424, fr=0.6203, lr=0.0000, time=09.643295
-----------------------------

Epoch 91: loss=7.2811|0.5005, acc=92.6189|86.2633, fr=0.6203, lr=0.0000, time=09.706429
-----------------------------

Epoch 92: loss=7.2782|0.5025, acc=93.0603|86.0866, fr=0.6199, lr=0.0000, time=10.374676
-----------------------------

Epoch 93: loss=7.2760|0.4883, acc=93.0971|86.4399, fr=0.6198, lr=0.0000, time=10.788051
-----------------------------

Epoch 94: loss=7.2777|0.4967, acc=93.1707|86.6608, fr=0.6203, lr=0.0000, time=10.203192
-----------------------------

Epoch 95: loss=7.2800|0.5078, acc=93.0481|86.2633, fr=0.6200, lr=0.0000, time=09.943187
-----------------------------

Epoch 96: loss=7.2815|0.4966, acc=92.7293|86.3516, fr=0.6200, lr=0.0000, time=09.971750
-----------------------------

Epoch 97: loss=7.2818|0.5028, acc=92.7293|86.3074, fr=0.6203, lr=0.0000, time=11.071906
-----------------------------

Epoch 98: loss=7.2769|0.4966, acc=93.1216|86.2191, fr=0.6204, lr=0.0000, time=09.841372
-----------------------------

Epoch 99: loss=7.2793|0.5117, acc=92.7538|86.1749, fr=0.6204, lr=0.0000, time=10.129465
-----------------------------

Epoch 100: loss=7.2822|0.4982, acc=92.9868|86.3516, fr=0.6200, lr=0.0000, time=09.732943
-----------------------------


Best valid acc at epoch 80: 87.36749116607774

------ Training finished ------


**************  Trial 3  **************
Epoch 1: loss=15.7585|3.1007, acc=19.0044|6.0071, fr=0.3668, lr=0.0100, time=10.897355
-----------------------------

Epoch 2: loss=9.5258|2.7271, acc=10.3605|15.6802, fr=0.3520, lr=0.0100, time=09.642542
-----------------------------

Epoch 3: loss=8.9469|2.4179, acc=19.4703|26.6784, fr=0.3621, lr=0.0100, time=09.660463
-----------------------------

Epoch 4: loss=8.6966|2.1659, acc=25.9318|31.1396, fr=0.3667, lr=0.0100, time=09.662089
-----------------------------

Epoch 5: loss=8.5223|1.8548, acc=32.0991|41.4311, fr=0.3555, lr=0.0100, time=09.668665
-----------------------------

Epoch 6: loss=8.3502|1.5931, acc=37.7759|49.0283, fr=0.3473, lr=0.0100, time=09.643459
-----------------------------

Epoch 7: loss=8.2059|1.4553, acc=45.6351|53.7986, fr=0.3501, lr=0.0100, time=09.592390
-----------------------------

Epoch 8: loss=8.1312|1.3434, acc=49.3992|57.6413, fr=0.3458, lr=0.0100, time=09.673931
-----------------------------

Epoch 9: loss=7.9943|1.1271, acc=54.4385|63.6042, fr=0.3489, lr=0.0100, time=09.614429
-----------------------------

Epoch 10: loss=7.8770|1.0788, acc=58.2148|65.1060, fr=0.3614, lr=0.0100, time=09.570476
-----------------------------

Epoch 11: loss=7.9825|0.9965, acc=61.2800|69.6113, fr=0.3688, lr=0.0100, time=09.691244
-----------------------------

Epoch 12: loss=7.8301|0.9393, acc=63.1069|71.1572, fr=0.3585, lr=0.0100, time=09.645190
-----------------------------

Epoch 13: loss=7.7297|0.8806, acc=67.2879|72.1731, fr=0.3668, lr=0.0100, time=09.583215
-----------------------------

Epoch 14: loss=7.6313|0.7768, acc=71.3095|77.0318, fr=0.3901, lr=0.0100, time=09.529176
-----------------------------

Epoch 15: loss=7.5909|0.6822, acc=74.2030|81.3163, fr=0.3897, lr=0.0100, time=09.585366
-----------------------------

Epoch 16: loss=7.5528|0.7115, acc=74.9019|78.3569, fr=0.3777, lr=0.0100, time=09.612567
-----------------------------

Epoch 17: loss=7.5158|0.7494, acc=76.6062|75.4859, fr=0.3846, lr=0.0100, time=09.540310
-----------------------------

Epoch 18: loss=7.4796|0.7001, acc=78.1511|79.2845, fr=0.3937, lr=0.0070, time=09.562634
-----------------------------

Epoch 19: loss=7.4356|0.6609, acc=79.7695|78.9311, fr=0.4043, lr=0.0070, time=09.614100
-----------------------------

Epoch 20: loss=7.4006|0.6360, acc=81.4860|81.0512, fr=0.4111, lr=0.0049, time=09.550426
-----------------------------

Epoch 21: loss=7.3868|0.6460, acc=81.5841|79.4170, fr=0.4194, lr=0.0049, time=09.652041
-----------------------------

Epoch 22: loss=7.3536|0.7156, acc=83.8769|77.4735, fr=0.4319, lr=0.0034, time=09.555119
-----------------------------

Epoch 23: loss=7.3418|0.6047, acc=84.0976|81.8905, fr=0.4401, lr=0.0034, time=09.662734
-----------------------------

Epoch 24: loss=7.3260|0.5718, acc=84.2692|83.6572, fr=0.4467, lr=0.0034, time=09.581198
-----------------------------

Epoch 25: loss=7.3165|0.6008, acc=85.2501|81.8021, fr=0.4548, lr=0.0034, time=09.627236
-----------------------------

Epoch 26: loss=7.3083|0.5897, acc=85.6793|82.9947, fr=0.4588, lr=0.0034, time=09.667942
-----------------------------

Epoch 27: loss=7.2936|0.5819, acc=86.3904|82.1996, fr=0.4612, lr=0.0024, time=09.569597
-----------------------------

Epoch 28: loss=7.2841|0.5386, acc=86.3046|84.7615, fr=0.4717, lr=0.0024, time=09.551797
-----------------------------

Epoch 29: loss=7.2740|0.5737, acc=86.8440|82.8180, fr=0.4869, lr=0.0024, time=09.568430
-----------------------------

Epoch 30: loss=7.2713|0.5741, acc=86.8686|83.0389, fr=0.4901, lr=0.0024, time=09.596882
-----------------------------

Epoch 31: loss=7.2523|0.5535, acc=87.7023|84.2756, fr=0.5029, lr=0.0017, time=09.658677
-----------------------------

Epoch 32: loss=7.2490|0.5503, acc=87.8740|83.9664, fr=0.5062, lr=0.0017, time=09.577870
-----------------------------

Epoch 33: loss=7.2433|0.5602, acc=88.2540|83.0830, fr=0.5141, lr=0.0012, time=09.586377
-----------------------------

Epoch 34: loss=7.2380|0.5424, acc=88.3889|83.9664, fr=0.5213, lr=0.0012, time=09.690492
-----------------------------

Epoch 35: loss=7.2306|0.5589, acc=88.8916|84.1873, fr=0.5212, lr=0.0008, time=09.624363
-----------------------------

Epoch 36: loss=7.2247|0.5295, acc=89.0878|84.8940, fr=0.5249, lr=0.0008, time=09.559165
-----------------------------

Epoch 37: loss=7.2345|0.5576, acc=88.4993|84.1431, fr=0.5284, lr=0.0008, time=09.526697
-----------------------------

Epoch 38: loss=7.2219|0.5439, acc=89.0020|83.3922, fr=0.5303, lr=0.0008, time=09.579459
-----------------------------

Epoch 39: loss=7.2139|0.5354, acc=89.5292|84.7615, fr=0.5320, lr=0.0006, time=09.579431
-----------------------------

Epoch 40: loss=7.2170|0.5318, acc=89.3207|84.8940, fr=0.5393, lr=0.0006, time=09.586208
-----------------------------

Epoch 41: loss=7.2078|0.5316, acc=89.4434|85.3357, fr=0.5448, lr=0.0004, time=09.687086

Best model saved with valid acc=85.33568904593639
-----------------------------

Epoch 42: loss=7.2056|0.5422, acc=89.6641|84.6731, fr=0.5486, lr=0.0004, time=09.617504
-----------------------------

Epoch 43: loss=7.2058|0.5372, acc=89.8725|84.1431, fr=0.5526, lr=0.0004, time=09.623119
-----------------------------

Epoch 44: loss=7.2065|0.5194, acc=89.6886|85.5565, fr=0.5574, lr=0.0003, time=09.525698

Best model saved with valid acc=85.5565371024735
-----------------------------

Epoch 45: loss=7.2034|0.5433, acc=89.7376|84.4081, fr=0.5577, lr=0.0003, time=09.654950
-----------------------------

Epoch 46: loss=7.2062|0.5291, acc=89.5782|84.5406, fr=0.5600, lr=0.0003, time=09.588154
-----------------------------

Epoch 47: loss=7.2004|0.5254, acc=89.8234|85.2473, fr=0.5615, lr=0.0002, time=09.608364
-----------------------------

Epoch 48: loss=7.1948|0.5390, acc=90.0319|84.4081, fr=0.5654, lr=0.0002, time=09.574567
-----------------------------

Epoch 49: loss=7.1986|0.5506, acc=90.0932|83.9223, fr=0.5676, lr=0.0001, time=09.610606
-----------------------------

Epoch 50: loss=7.1984|0.5266, acc=89.8970|85.3799, fr=0.5676, lr=0.0001, time=09.573536
-----------------------------

Epoch 51: loss=7.2018|0.5324, acc=90.1790|84.7173, fr=0.5672, lr=0.0001, time=09.692251
-----------------------------

Epoch 52: loss=7.1984|0.5214, acc=89.7621|84.7173, fr=0.5676, lr=0.0001, time=09.653908
-----------------------------

Epoch 53: loss=7.1980|0.5348, acc=89.8234|84.4965, fr=0.5681, lr=0.0001, time=09.611848
-----------------------------

Epoch 54: loss=7.2007|0.5354, acc=89.8970|84.2756, fr=0.5693, lr=0.0001, time=09.594455
-----------------------------

Epoch 55: loss=7.1972|0.5228, acc=90.0564|85.3357, fr=0.5699, lr=0.0000, time=09.566128
-----------------------------

Epoch 56: loss=7.1948|0.5429, acc=90.1667|84.8940, fr=0.5703, lr=0.0000, time=09.610042
-----------------------------

Epoch 57: loss=7.1979|0.5195, acc=89.7621|86.0424, fr=0.5699, lr=0.0000, time=09.581184

Best model saved with valid acc=86.04240282685512
-----------------------------

Epoch 58: loss=7.1988|0.5359, acc=89.8234|84.4081, fr=0.5706, lr=0.0000, time=09.595955
-----------------------------

Epoch 59: loss=7.1965|0.5329, acc=89.9093|84.0989, fr=0.5713, lr=0.0000, time=09.544961
-----------------------------

Epoch 60: loss=7.1968|0.5247, acc=89.9706|85.3357, fr=0.5717, lr=0.0000, time=09.544260
-----------------------------

Epoch 61: loss=7.1965|0.5247, acc=90.0441|85.4682, fr=0.5720, lr=0.0000, time=09.590718
-----------------------------

Epoch 62: loss=7.1986|0.5140, acc=89.8725|85.3357, fr=0.5726, lr=0.0000, time=09.547471
-----------------------------

Epoch 63: loss=7.2002|0.5257, acc=89.7254|84.7173, fr=0.5726, lr=0.0000, time=09.565970
-----------------------------

Epoch 64: loss=7.1930|0.5221, acc=90.2281|85.3357, fr=0.5729, lr=0.0000, time=09.568501
-----------------------------

Epoch 65: loss=7.1911|0.5381, acc=90.3507|84.8940, fr=0.5730, lr=0.0000, time=09.552366
-----------------------------

Epoch 66: loss=7.1949|0.5431, acc=90.0074|84.3198, fr=0.5733, lr=0.0000, time=09.549270
-----------------------------

Epoch 67: loss=7.1993|0.5260, acc=89.9338|85.0265, fr=0.5731, lr=0.0000, time=09.582275
-----------------------------

Epoch 68: loss=7.1930|0.5306, acc=90.5346|84.7173, fr=0.5734, lr=0.0000, time=09.565673
-----------------------------

Epoch 69: loss=7.1948|0.5353, acc=90.3997|84.5406, fr=0.5733, lr=0.0000, time=09.537222
-----------------------------

Epoch 70: loss=7.1932|0.5315, acc=90.4978|84.5406, fr=0.5736, lr=0.0000, time=09.599695
-----------------------------

Epoch 71: loss=7.1945|0.5195, acc=89.9093|84.9382, fr=0.5739, lr=0.0000, time=09.619950
-----------------------------

Epoch 72: loss=7.1995|0.5271, acc=89.7867|84.9823, fr=0.5733, lr=0.0000, time=09.592053
-----------------------------

Epoch 73: loss=7.1964|0.5221, acc=90.0687|85.2473, fr=0.5736, lr=0.0000, time=09.537449
-----------------------------

Epoch 74: loss=7.1960|0.5288, acc=89.7744|84.7615, fr=0.5739, lr=0.0000, time=09.573665
-----------------------------

Epoch 75: loss=7.1899|0.5290, acc=90.1790|84.5406, fr=0.5739, lr=0.0000, time=09.575174
-----------------------------

Epoch 76: loss=7.1973|0.5171, acc=89.8602|84.5848, fr=0.5740, lr=0.0000, time=09.589743
-----------------------------

Epoch 77: loss=7.1932|0.5163, acc=90.1300|85.6449, fr=0.5737, lr=0.0000, time=09.484862
-----------------------------

Epoch 78: loss=7.1938|0.5250, acc=90.0564|85.3357, fr=0.5739, lr=0.0000, time=09.591218
-----------------------------

Epoch 79: loss=7.1943|0.5273, acc=90.4855|84.9823, fr=0.5744, lr=0.0000, time=09.623254
-----------------------------

Epoch 80: loss=7.1954|0.5295, acc=90.2894|84.8940, fr=0.5737, lr=0.0000, time=09.546146
-----------------------------

Epoch 81: loss=7.1909|0.5221, acc=90.3874|84.0989, fr=0.5737, lr=0.0000, time=09.800802
-----------------------------

Epoch 82: loss=7.2006|0.5167, acc=89.6518|85.5124, fr=0.5739, lr=0.0000, time=09.602330
-----------------------------

Epoch 83: loss=7.1963|0.5222, acc=90.0196|85.5124, fr=0.5742, lr=0.0000, time=09.501140
-----------------------------

Epoch 84: loss=7.1933|0.5289, acc=90.1054|84.6731, fr=0.5738, lr=0.0000, time=09.551081
-----------------------------

Epoch 85: loss=7.2002|0.5234, acc=89.7499|84.6731, fr=0.5737, lr=0.0000, time=09.635206
-----------------------------

Epoch 86: loss=7.1922|0.5349, acc=90.2403|84.3198, fr=0.5739, lr=0.0000, time=10.015663
-----------------------------

Epoch 87: loss=7.1924|0.5263, acc=90.1177|84.5406, fr=0.5737, lr=0.0000, time=10.174462
-----------------------------

Epoch 88: loss=7.1956|0.5259, acc=90.0196|84.7615, fr=0.5742, lr=0.0000, time=09.532602
-----------------------------

Epoch 89: loss=7.1926|0.5331, acc=90.2035|84.7615, fr=0.5740, lr=0.0000, time=09.527954
-----------------------------

Epoch 90: loss=7.1959|0.5284, acc=90.1177|84.8057, fr=0.5742, lr=0.0000, time=09.514289
-----------------------------

Epoch 91: loss=7.1969|0.5125, acc=89.8480|85.5124, fr=0.5743, lr=0.0000, time=09.569059
-----------------------------

Epoch 92: loss=7.2003|0.5254, acc=89.7131|84.5406, fr=0.5739, lr=0.0000, time=10.389996
-----------------------------

Epoch 93: loss=7.1943|0.5182, acc=90.0809|85.3799, fr=0.5739, lr=0.0000, time=09.640877
-----------------------------

Epoch 94: loss=7.1930|0.5252, acc=90.3507|84.2314, fr=0.5738, lr=0.0000, time=09.723770
-----------------------------

Epoch 95: loss=7.1894|0.5279, acc=90.2035|85.2473, fr=0.5737, lr=0.0000, time=10.347003
-----------------------------

Epoch 96: loss=7.1940|0.5280, acc=90.1790|85.3799, fr=0.5743, lr=0.0000, time=09.629636
-----------------------------

Epoch 97: loss=7.1961|0.5252, acc=90.0074|85.0265, fr=0.5739, lr=0.0000, time=10.592319
-----------------------------

Epoch 98: loss=7.1924|0.5250, acc=90.3139|85.3357, fr=0.5743, lr=0.0000, time=10.467667
-----------------------------

Epoch 99: loss=7.1947|0.5226, acc=90.2035|84.6290, fr=0.5741, lr=0.0000, time=10.043175
-----------------------------

Epoch 100: loss=7.1894|0.5296, acc=90.3507|85.3357, fr=0.5740, lr=0.0000, time=10.519912
-----------------------------


Best valid acc at epoch 57: 86.04240282685512

------ Training finished ------


**************  Trial 4  **************
Epoch 1: loss=14.8361|3.0392, acc=17.8396|7.0671, fr=0.3502, lr=0.0100, time=10.850401
-----------------------------

Epoch 2: loss=9.4228|2.8272, acc=10.0172|14.4876, fr=0.3609, lr=0.0100, time=10.003430
-----------------------------

Epoch 3: loss=8.8697|2.4964, acc=17.2634|20.8922, fr=0.3761, lr=0.0100, time=10.007364
-----------------------------

Epoch 4: loss=8.6618|2.2819, acc=22.4988|28.2686, fr=0.3701, lr=0.0100, time=09.971538
-----------------------------

Epoch 5: loss=8.4054|1.9990, acc=29.8676|37.1466, fr=0.3595, lr=0.0100, time=10.100371
-----------------------------

Epoch 6: loss=8.3047|1.7417, acc=34.9926|45.8039, fr=0.3529, lr=0.0100, time=11.419943
-----------------------------

Epoch 7: loss=8.1604|1.5646, acc=39.9461|51.0159, fr=0.3500, lr=0.0100, time=10.009491
-----------------------------

Epoch 8: loss=7.9750|1.4422, acc=46.9593|53.8428, fr=0.3441, lr=0.0100, time=10.498759
-----------------------------

Epoch 9: loss=7.8488|1.1957, acc=51.2751|62.2792, fr=0.3596, lr=0.0100, time=09.665970
-----------------------------

Epoch 10: loss=7.7083|1.1133, acc=56.5105|61.7049, fr=0.3556, lr=0.0100, time=10.043932
-----------------------------

Epoch 11: loss=7.5632|1.0057, acc=60.8509|67.8004, fr=0.3551, lr=0.0100, time=10.401032
-----------------------------

Epoch 12: loss=7.5514|1.0752, acc=62.0525|65.5919, fr=0.3631, lr=0.0100, time=10.573270
-----------------------------

Epoch 13: loss=7.4843|0.8601, acc=64.5660|73.8516, fr=0.3567, lr=0.0100, time=10.154574
-----------------------------

Epoch 14: loss=7.3956|0.7952, acc=69.1883|76.3251, fr=0.3549, lr=0.0100, time=10.025938
-----------------------------

Epoch 15: loss=7.3352|0.7868, acc=71.0520|76.2367, fr=0.3677, lr=0.0100, time=09.809585
-----------------------------

Epoch 16: loss=7.2993|0.7750, acc=73.3325|76.5459, fr=0.3685, lr=0.0100, time=09.759111
-----------------------------

Epoch 17: loss=7.2787|0.6516, acc=73.6390|79.8587, fr=0.3792, lr=0.0100, time=09.736250
-----------------------------

Epoch 18: loss=7.2234|0.8042, acc=76.8882|73.3657, fr=0.3908, lr=0.0100, time=09.789944
-----------------------------

Epoch 19: loss=7.2038|0.6614, acc=78.4698|79.5936, fr=0.4019, lr=0.0100, time=10.000818
-----------------------------

Epoch 20: loss=7.1501|0.6321, acc=81.0201|81.1837, fr=0.4154, lr=0.0070, time=09.745340
-----------------------------

Epoch 21: loss=7.1358|0.5817, acc=82.0378|82.8622, fr=0.4252, lr=0.0070, time=09.820670
-----------------------------

Epoch 22: loss=7.1182|0.6132, acc=82.6999|81.2279, fr=0.4235, lr=0.0070, time=10.161032
-----------------------------

Epoch 23: loss=7.0938|0.6027, acc=83.3129|82.7297, fr=0.4290, lr=0.0070, time=09.956233
-----------------------------

Epoch 24: loss=7.0681|0.5906, acc=84.5390|82.4205, fr=0.4333, lr=0.0049, time=09.885418
-----------------------------

Epoch 25: loss=7.0339|0.6018, acc=86.3904|82.4647, fr=0.4425, lr=0.0049, time=09.836357
-----------------------------

Epoch 26: loss=7.0207|0.5961, acc=86.7214|81.5813, fr=0.4503, lr=0.0034, time=09.831735
-----------------------------

Epoch 27: loss=7.0100|0.5352, acc=87.0647|84.2756, fr=0.4621, lr=0.0034, time=09.744415
-----------------------------

Epoch 28: loss=6.9966|0.5789, acc=87.7146|83.2597, fr=0.4640, lr=0.0034, time=10.100831
-----------------------------

Epoch 29: loss=6.9890|0.5878, acc=87.6900|82.5972, fr=0.4688, lr=0.0034, time=09.652944
-----------------------------

Epoch 30: loss=6.9792|0.5447, acc=88.4747|84.2756, fr=0.4841, lr=0.0024, time=09.492832
-----------------------------

Epoch 31: loss=6.9652|0.5037, acc=88.7935|85.9541, fr=0.4951, lr=0.0024, time=09.520303

Best model saved with valid acc=85.95406360424029
-----------------------------

Epoch 32: loss=6.9588|0.5017, acc=89.1736|85.3357, fr=0.5070, lr=0.0024, time=10.168693
-----------------------------

Epoch 33: loss=6.9607|0.5726, acc=88.8548|84.1873, fr=0.5123, lr=0.0024, time=09.938172
-----------------------------

Epoch 34: loss=6.9450|0.5276, acc=89.5292|84.7173, fr=0.5218, lr=0.0017, time=10.095891
-----------------------------

Epoch 35: loss=6.9364|0.5320, acc=89.9461|84.6290, fr=0.5281, lr=0.0017, time=10.348875
-----------------------------

Epoch 36: loss=6.9287|0.5134, acc=90.5101|85.0707, fr=0.5293, lr=0.0012, time=10.105482
-----------------------------

Epoch 37: loss=6.9326|0.5063, acc=90.0564|84.4965, fr=0.5387, lr=0.0012, time=09.537699
-----------------------------

Epoch 38: loss=6.9285|0.5260, acc=89.8970|84.8498, fr=0.5447, lr=0.0008, time=09.758178
-----------------------------

Epoch 39: loss=6.9229|0.5315, acc=90.5591|84.8498, fr=0.5485, lr=0.0008, time=09.830647
-----------------------------

Epoch 40: loss=6.9189|0.5200, acc=90.5836|84.7173, fr=0.5544, lr=0.0006, time=09.620224
-----------------------------

Epoch 41: loss=6.9183|0.5371, acc=90.7185|84.9382, fr=0.5562, lr=0.0006, time=09.598936
-----------------------------

Epoch 42: loss=6.9166|0.5130, acc=90.6204|84.8498, fr=0.5590, lr=0.0004, time=09.940021
-----------------------------

Epoch 43: loss=6.9124|0.4954, acc=90.9024|85.3799, fr=0.5622, lr=0.0004, time=09.755467
-----------------------------

Epoch 44: loss=6.9068|0.5104, acc=91.0005|84.9823, fr=0.5655, lr=0.0003, time=09.778893
-----------------------------

Epoch 45: loss=6.9040|0.5065, acc=91.3683|85.0265, fr=0.5668, lr=0.0003, time=09.762092
-----------------------------

Epoch 46: loss=6.9106|0.5216, acc=90.9024|85.6007, fr=0.5716, lr=0.0002, time=09.900093
-----------------------------

Epoch 47: loss=6.9027|0.4959, acc=91.0128|86.3074, fr=0.5737, lr=0.0002, time=09.611120

Best model saved with valid acc=86.30742049469964
-----------------------------

Epoch 48: loss=6.9083|0.4994, acc=90.8534|85.6449, fr=0.5772, lr=0.0002, time=09.628797
-----------------------------

Epoch 49: loss=6.9082|0.5118, acc=91.0128|85.8657, fr=0.5787, lr=0.0002, time=09.528843
-----------------------------

Epoch 50: loss=6.9055|0.5001, acc=90.8043|85.6890, fr=0.5813, lr=0.0001, time=09.884683
-----------------------------

Epoch 51: loss=6.9032|0.5018, acc=91.3193|86.3516, fr=0.5819, lr=0.0001, time=09.885937

Best model saved with valid acc=86.35159010600707
-----------------------------

Epoch 52: loss=6.9010|0.5001, acc=91.5032|85.7774, fr=0.5840, lr=0.0001, time=09.756119
-----------------------------

Epoch 53: loss=6.9032|0.5105, acc=91.1721|85.5565, fr=0.5850, lr=0.0001, time=09.723372
-----------------------------

Epoch 54: loss=6.9050|0.5052, acc=90.7921|85.3357, fr=0.5877, lr=0.0001, time=09.741800
-----------------------------

Epoch 55: loss=6.9054|0.5018, acc=91.2089|85.9541, fr=0.5865, lr=0.0001, time=09.711610
-----------------------------

Epoch 56: loss=6.9011|0.5008, acc=91.2948|85.7332, fr=0.5856, lr=0.0001, time=09.647467
-----------------------------

Epoch 57: loss=6.8983|0.5107, acc=91.3683|86.1749, fr=0.5878, lr=0.0001, time=09.517799
-----------------------------

Epoch 58: loss=6.9055|0.5066, acc=91.0741|85.2915, fr=0.5888, lr=0.0000, time=09.526962
-----------------------------

Epoch 59: loss=6.9041|0.5106, acc=91.2580|85.4682, fr=0.5881, lr=0.0000, time=09.462897
-----------------------------

Epoch 60: loss=6.8996|0.5031, acc=91.4051|85.2915, fr=0.5890, lr=0.0000, time=09.449804
-----------------------------

Epoch 61: loss=6.9041|0.4923, acc=91.0863|86.2191, fr=0.5894, lr=0.0000, time=09.454493
-----------------------------

Epoch 62: loss=6.8999|0.5023, acc=91.3806|86.2191, fr=0.5896, lr=0.0000, time=09.578798
-----------------------------

Epoch 63: loss=6.9059|0.5131, acc=90.7921|85.9099, fr=0.5901, lr=0.0000, time=09.460956
-----------------------------

Epoch 64: loss=6.9003|0.4990, acc=91.4664|86.0866, fr=0.5903, lr=0.0000, time=09.487766
-----------------------------

Epoch 65: loss=6.9004|0.5022, acc=91.1231|85.7774, fr=0.5904, lr=0.0000, time=09.523238
-----------------------------

Epoch 66: loss=6.8998|0.5050, acc=91.3193|85.1590, fr=0.5909, lr=0.0000, time=09.520468
-----------------------------

Epoch 67: loss=6.9006|0.4987, acc=91.2334|85.7774, fr=0.5908, lr=0.0000, time=09.526710
-----------------------------

Epoch 68: loss=6.9016|0.5061, acc=91.2089|85.8657, fr=0.5911, lr=0.0000, time=09.427989
-----------------------------

Epoch 69: loss=6.8996|0.4992, acc=91.1844|85.9541, fr=0.5913, lr=0.0000, time=09.548613
-----------------------------

Epoch 70: loss=6.9038|0.5044, acc=90.9637|85.2915, fr=0.5912, lr=0.0000, time=09.567770
-----------------------------

Epoch 71: loss=6.9037|0.5072, acc=91.2089|85.7332, fr=0.5915, lr=0.0000, time=09.528161
-----------------------------

Epoch 72: loss=6.8977|0.5041, acc=91.5277|85.9982, fr=0.5917, lr=0.0000, time=09.512889
-----------------------------

Epoch 73: loss=6.9018|0.4992, acc=91.0250|85.6449, fr=0.5914, lr=0.0000, time=09.487467
-----------------------------

Epoch 74: loss=6.9034|0.4962, acc=91.0128|85.3799, fr=0.5918, lr=0.0000, time=09.436594
-----------------------------

Epoch 75: loss=6.8928|0.5021, acc=91.5768|85.2473, fr=0.5913, lr=0.0000, time=09.545493
-----------------------------

Epoch 76: loss=6.8989|0.5216, acc=91.3070|85.3357, fr=0.5918, lr=0.0000, time=09.529286
-----------------------------

Epoch 77: loss=6.8999|0.5088, acc=91.2702|85.5124, fr=0.5919, lr=0.0000, time=09.669961
-----------------------------

Epoch 78: loss=6.8970|0.5080, acc=91.5522|86.0866, fr=0.5919, lr=0.0000, time=09.530970
-----------------------------

Epoch 79: loss=6.8971|0.5038, acc=91.1108|85.8657, fr=0.5923, lr=0.0000, time=09.531715
-----------------------------

Epoch 80: loss=6.9017|0.5043, acc=91.3561|85.9099, fr=0.5919, lr=0.0000, time=09.492181
-----------------------------

Epoch 81: loss=6.9053|0.5143, acc=91.1231|85.3799, fr=0.5921, lr=0.0000, time=09.465870
-----------------------------

Epoch 82: loss=6.8949|0.5073, acc=91.6748|85.6007, fr=0.5920, lr=0.0000, time=09.493448
-----------------------------

Epoch 83: loss=6.9030|0.5070, acc=91.4909|85.6007, fr=0.5918, lr=0.0000, time=09.534149
-----------------------------

Epoch 84: loss=6.9028|0.5115, acc=91.1967|85.1590, fr=0.5919, lr=0.0000, time=09.586621
-----------------------------

Epoch 85: loss=6.8980|0.5057, acc=91.3070|86.7933, fr=0.5919, lr=0.0000, time=09.494929

Best model saved with valid acc=86.79328621908127
-----------------------------

Epoch 86: loss=6.8992|0.5125, acc=91.2702|85.1148, fr=0.5919, lr=0.0000, time=09.521060
-----------------------------

Epoch 87: loss=6.8955|0.5115, acc=91.8342|84.8057, fr=0.5919, lr=0.0000, time=09.573771
-----------------------------

Epoch 88: loss=6.8958|0.5042, acc=91.5154|85.9099, fr=0.5923, lr=0.0000, time=10.541742
-----------------------------

Epoch 89: loss=6.8985|0.5002, acc=91.6748|85.7774, fr=0.5921, lr=0.0000, time=10.119079
-----------------------------

Epoch 90: loss=6.8981|0.4952, acc=91.4909|86.0424, fr=0.5922, lr=0.0000, time=10.306757
-----------------------------

Epoch 91: loss=6.8977|0.4987, acc=91.6381|86.5283, fr=0.5920, lr=0.0000, time=10.064695
-----------------------------

Epoch 92: loss=6.8966|0.4900, acc=91.6871|85.4682, fr=0.5925, lr=0.0000, time=09.948309
-----------------------------

Epoch 93: loss=6.9006|0.4906, acc=91.3561|87.0141, fr=0.5924, lr=0.0000, time=09.845910

Best model saved with valid acc=87.01413427561837
-----------------------------

Epoch 94: loss=6.9012|0.4994, acc=91.3928|86.2633, fr=0.5921, lr=0.0000, time=10.044157
-----------------------------

Epoch 95: loss=6.8946|0.5052, acc=91.4787|85.6007, fr=0.5923, lr=0.0000, time=09.899833
-----------------------------

Epoch 96: loss=6.8998|0.5138, acc=91.5154|85.4240, fr=0.5923, lr=0.0000, time=14.002279
-----------------------------

Epoch 97: loss=6.9022|0.5060, acc=91.0618|85.8216, fr=0.5921, lr=0.0000, time=29.989051
-----------------------------

Epoch 98: loss=6.9041|0.5008, acc=91.0373|85.9541, fr=0.5923, lr=0.0000, time=11.699080
-----------------------------

Epoch 99: loss=6.8993|0.5107, acc=91.4909|85.1590, fr=0.5921, lr=0.0000, time=10.317708
-----------------------------

Epoch 100: loss=6.8966|0.5045, acc=91.6135|85.5565, fr=0.5924, lr=0.0000, time=10.455221
-----------------------------


Best valid acc at epoch 93: 87.01413427561837

------ Training finished ------


**************  Trial 5  **************
Epoch 1: loss=17.1604|3.0898, acc=15.8656|5.8746, fr=0.4094, lr=0.0100, time=11.183300
-----------------------------

Epoch 2: loss=9.2129|2.8565, acc=10.2379|12.7208, fr=0.3772, lr=0.0100, time=10.239576
-----------------------------

Epoch 3: loss=8.7048|2.6395, acc=16.5522|18.6396, fr=0.4020, lr=0.0100, time=10.915297
-----------------------------

Epoch 4: loss=8.4967|2.5314, acc=21.7263|22.0848, fr=0.3888, lr=0.0100, time=10.228290
-----------------------------

Epoch 5: loss=8.4093|2.1249, acc=25.6253|34.8057, fr=0.3687, lr=0.0100, time=28.303233
-----------------------------

Epoch 6: loss=8.2441|1.9144, acc=32.7734|40.1502, fr=0.3689, lr=0.0100, time=10.690114
-----------------------------

Epoch 7: loss=8.2157|1.5263, acc=39.9706|52.6943, fr=0.3526, lr=0.0100, time=09.836785
-----------------------------

Epoch 8: loss=7.8822|1.3006, acc=46.6160|57.0230, fr=0.3577, lr=0.0100, time=09.583802
-----------------------------

Epoch 9: loss=7.7254|1.1896, acc=52.2070|59.1431, fr=0.3643, lr=0.0100, time=09.660252
-----------------------------

Epoch 10: loss=7.6347|1.1633, acc=56.4492|60.6449, fr=0.3606, lr=0.0100, time=10.069521
-----------------------------

Epoch 11: loss=7.6067|0.9832, acc=57.7121|67.5353, fr=0.3491, lr=0.0100, time=10.278635
-----------------------------

Epoch 12: loss=7.4613|1.1057, acc=63.0211|64.0018, fr=0.3569, lr=0.0100, time=10.109792
-----------------------------

Epoch 13: loss=7.4568|0.9304, acc=62.9475|70.5389, fr=0.3572, lr=0.0100, time=10.086778
-----------------------------

Epoch 14: loss=7.3433|0.8784, acc=67.6557|71.5989, fr=0.3583, lr=0.0100, time=10.020722
-----------------------------

Epoch 15: loss=7.3049|0.7874, acc=70.1815|75.0883, fr=0.3722, lr=0.0100, time=10.009347
-----------------------------

Epoch 16: loss=7.2118|0.7534, acc=74.4360|77.0318, fr=0.3848, lr=0.0100, time=11.011218
-----------------------------

Epoch 17: loss=7.1927|0.6788, acc=75.0245|80.8304, fr=0.3846, lr=0.0100, time=09.918874
-----------------------------

Epoch 18: loss=7.1835|0.7926, acc=74.5954|74.5583, fr=0.3905, lr=0.0100, time=10.127508
-----------------------------

Epoch 19: loss=7.1308|0.7118, acc=76.8146|77.9594, fr=0.3916, lr=0.0100, time=10.167979
-----------------------------

Epoch 20: loss=7.0864|0.7212, acc=79.1932|76.5018, fr=0.4013, lr=0.0070, time=10.076247
-----------------------------

Epoch 21: loss=7.0512|0.6217, acc=80.9956|80.6537, fr=0.4027, lr=0.0070, time=10.507883
-----------------------------

Epoch 22: loss=7.0201|0.6205, acc=83.1167|81.0512, fr=0.4217, lr=0.0049, time=10.027785
-----------------------------

Epoch 23: loss=7.0002|0.6006, acc=83.8156|81.2279, fr=0.4289, lr=0.0049, time=09.873223
-----------------------------

Epoch 24: loss=6.9815|0.6096, acc=85.2133|81.6254, fr=0.4355, lr=0.0049, time=10.125443
-----------------------------

Epoch 25: loss=6.9915|0.6462, acc=84.0240|79.5053, fr=0.4492, lr=0.0049, time=09.658882
-----------------------------

Epoch 26: loss=6.9745|0.6537, acc=85.0785|79.0194, fr=0.4561, lr=0.0049, time=09.579535
-----------------------------

Epoch 27: loss=6.9511|0.5823, acc=86.1206|82.2438, fr=0.4715, lr=0.0034, time=09.558994
-----------------------------

Epoch 28: loss=6.9301|0.6333, acc=86.2555|80.7420, fr=0.4829, lr=0.0034, time=09.556773
-----------------------------

Epoch 29: loss=6.9091|0.6753, acc=86.6601|79.3728, fr=0.4878, lr=0.0034, time=09.644226
-----------------------------

Epoch 30: loss=6.9107|0.6053, acc=86.9421|81.5813, fr=0.4989, lr=0.0024, time=09.667086
-----------------------------

Epoch 31: loss=6.8886|0.6271, acc=87.7881|80.3445, fr=0.5063, lr=0.0024, time=09.718130
-----------------------------

Epoch 32: loss=6.8776|0.5754, acc=88.6832|82.6413, fr=0.5179, lr=0.0017, time=09.606533
-----------------------------

Epoch 33: loss=6.8756|0.5923, acc=88.2540|80.9187, fr=0.5212, lr=0.0017, time=09.639270
-----------------------------

Epoch 34: loss=6.8654|0.6131, acc=88.7935|81.4046, fr=0.5307, lr=0.0017, time=09.564217
-----------------------------

Epoch 35: loss=6.8606|0.5801, acc=88.9897|82.0671, fr=0.5345, lr=0.0012, time=09.534768
-----------------------------

Epoch 36: loss=6.8579|0.5648, acc=88.8671|83.5247, fr=0.5367, lr=0.0012, time=09.659251
-----------------------------

Epoch 37: loss=6.8532|0.5836, acc=88.9652|82.4647, fr=0.5395, lr=0.0012, time=09.550598
-----------------------------

Epoch 38: loss=6.8496|0.5866, acc=89.4924|81.8021, fr=0.5446, lr=0.0012, time=09.556998
-----------------------------

Epoch 39: loss=6.8452|0.5943, acc=89.6027|80.4770, fr=0.5446, lr=0.0008, time=10.752893
-----------------------------

Epoch 40: loss=6.8444|0.5837, acc=89.7744|81.7138, fr=0.5535, lr=0.0008, time=09.677773
-----------------------------

Epoch 41: loss=6.8368|0.5707, acc=89.9828|83.4364, fr=0.5595, lr=0.0006, time=09.667274
-----------------------------

Epoch 42: loss=6.8344|0.5630, acc=89.8234|83.7014, fr=0.5644, lr=0.0006, time=09.543357
-----------------------------

Epoch 43: loss=6.8332|0.5562, acc=90.0932|82.3322, fr=0.5698, lr=0.0006, time=09.573046
-----------------------------

Epoch 44: loss=6.8364|0.5579, acc=89.8234|81.9346, fr=0.5665, lr=0.0006, time=09.578200
-----------------------------

Epoch 45: loss=6.8294|0.5622, acc=90.2403|83.0389, fr=0.5703, lr=0.0004, time=09.570642
-----------------------------

Epoch 46: loss=6.8332|0.5653, acc=89.6763|82.1996, fr=0.5746, lr=0.0004, time=09.514645
-----------------------------

Epoch 47: loss=6.8249|0.5658, acc=90.2403|82.2880, fr=0.5766, lr=0.0003, time=09.531933
-----------------------------

Epoch 48: loss=6.8255|0.5668, acc=90.0564|82.3763, fr=0.5815, lr=0.0003, time=09.621319
-----------------------------

Epoch 49: loss=6.8283|0.5841, acc=90.0932|82.1996, fr=0.5848, lr=0.0002, time=09.583733
-----------------------------

Epoch 50: loss=6.8244|0.5662, acc=90.2403|82.3322, fr=0.5861, lr=0.0002, time=09.540296
-----------------------------

Epoch 51: loss=6.8256|0.5770, acc=90.3752|82.5088, fr=0.5858, lr=0.0001, time=09.739771
-----------------------------

Epoch 52: loss=6.8208|0.5619, acc=90.0932|82.8180, fr=0.5886, lr=0.0001, time=09.558815
-----------------------------

Epoch 53: loss=6.8201|0.5699, acc=90.7185|82.4647, fr=0.5901, lr=0.0001, time=09.603733
-----------------------------

Epoch 54: loss=6.8180|0.5653, acc=90.6817|82.0671, fr=0.5913, lr=0.0001, time=09.523837
-----------------------------

Epoch 55: loss=6.8209|0.5795, acc=90.2526|81.6696, fr=0.5915, lr=0.0001, time=09.541815
-----------------------------

Epoch 56: loss=6.8235|0.5638, acc=90.1422|83.6131, fr=0.5927, lr=0.0001, time=09.544935
-----------------------------

Epoch 57: loss=6.8170|0.5728, acc=90.8166|83.2155, fr=0.5935, lr=0.0000, time=09.571180
-----------------------------

Epoch 58: loss=6.8192|0.5812, acc=90.3752|82.1996, fr=0.5940, lr=0.0000, time=09.563101
-----------------------------

Epoch 59: loss=6.8199|0.5639, acc=90.1913|82.3763, fr=0.5937, lr=0.0000, time=09.618951
-----------------------------

Epoch 60: loss=6.8186|0.5581, acc=90.5101|83.0830, fr=0.5933, lr=0.0000, time=09.521283
-----------------------------

Epoch 61: loss=6.8156|0.5704, acc=90.9637|82.5972, fr=0.5937, lr=0.0000, time=09.616155
-----------------------------

Epoch 62: loss=6.8222|0.5712, acc=90.0932|82.2880, fr=0.5940, lr=0.0000, time=09.577295
-----------------------------

Epoch 63: loss=6.8189|0.5687, acc=89.9706|82.8622, fr=0.5945, lr=0.0000, time=09.602190
-----------------------------

Epoch 64: loss=6.8189|0.5707, acc=90.2894|82.1555, fr=0.5944, lr=0.0000, time=09.597380
-----------------------------

Epoch 65: loss=6.8181|0.5601, acc=90.4365|83.0389, fr=0.5952, lr=0.0000, time=09.649781
-----------------------------

Epoch 66: loss=6.8229|0.5733, acc=90.4120|82.8622, fr=0.5954, lr=0.0000, time=09.579005
-----------------------------

Epoch 67: loss=6.8182|0.5682, acc=90.2158|82.6413, fr=0.5952, lr=0.0000, time=09.551743
-----------------------------

Epoch 68: loss=6.8211|0.5553, acc=90.6449|83.0389, fr=0.5955, lr=0.0000, time=09.599541
-----------------------------

Epoch 69: loss=6.8157|0.5793, acc=90.6081|82.4647, fr=0.5954, lr=0.0000, time=09.598343
-----------------------------

Epoch 70: loss=6.8177|0.5582, acc=90.3507|83.4364, fr=0.5957, lr=0.0000, time=09.516888
-----------------------------

Epoch 71: loss=6.8160|0.5743, acc=90.5591|81.7580, fr=0.5958, lr=0.0000, time=09.642522
-----------------------------

Epoch 72: loss=6.8169|0.5587, acc=90.6327|83.1272, fr=0.5954, lr=0.0000, time=09.521018
-----------------------------

Epoch 73: loss=6.8159|0.5741, acc=90.3507|83.4364, fr=0.5956, lr=0.0000, time=09.579381
-----------------------------

Epoch 74: loss=6.8197|0.5653, acc=90.4487|82.8180, fr=0.5955, lr=0.0000, time=09.591948
-----------------------------

Epoch 75: loss=6.8188|0.5820, acc=90.2526|83.1272, fr=0.5959, lr=0.0000, time=10.123911
-----------------------------

Epoch 76: loss=6.8155|0.5700, acc=90.8411|83.2597, fr=0.5955, lr=0.0000, time=10.119529
-----------------------------

Epoch 77: loss=6.8198|0.5544, acc=90.5591|83.3922, fr=0.5956, lr=0.0000, time=09.713228
-----------------------------

Epoch 78: loss=6.8216|0.5860, acc=90.6204|82.2438, fr=0.5956, lr=0.0000, time=09.700269
-----------------------------

Epoch 79: loss=6.8168|0.5697, acc=90.5959|82.5972, fr=0.5955, lr=0.0000, time=09.897110
-----------------------------

Epoch 80: loss=6.8182|0.5600, acc=90.6081|82.5972, fr=0.5962, lr=0.0000, time=10.363646
-----------------------------

Epoch 81: loss=6.8203|0.5627, acc=90.2771|82.9947, fr=0.5957, lr=0.0000, time=10.379508
-----------------------------

Epoch 82: loss=6.8176|0.5776, acc=90.8288|82.1113, fr=0.5958, lr=0.0000, time=10.094802
-----------------------------

Epoch 83: loss=6.8159|0.5768, acc=90.7308|82.1996, fr=0.5956, lr=0.0000, time=10.088108
-----------------------------

Epoch 84: loss=6.8180|0.5814, acc=90.5468|82.5088, fr=0.5961, lr=0.0000, time=09.766404
-----------------------------

Epoch 85: loss=6.8211|0.5573, acc=90.4120|82.8180, fr=0.5960, lr=0.0000, time=09.893712
-----------------------------

Epoch 86: loss=6.8150|0.5681, acc=90.6940|82.5088, fr=0.5955, lr=0.0000, time=09.665359
-----------------------------

Epoch 87: loss=6.8204|0.5675, acc=90.2894|82.7739, fr=0.5956, lr=0.0000, time=09.522057
-----------------------------

Epoch 88: loss=6.8187|0.5737, acc=90.6327|82.9505, fr=0.5960, lr=0.0000, time=09.896338
-----------------------------

Epoch 89: loss=6.8140|0.5619, acc=90.5591|82.5972, fr=0.5956, lr=0.0000, time=10.432974
-----------------------------

Epoch 90: loss=6.8197|0.5774, acc=90.5959|82.1555, fr=0.5958, lr=0.0000, time=09.898569
-----------------------------

Epoch 91: loss=6.8198|0.5734, acc=90.3016|81.7580, fr=0.5960, lr=0.0000, time=09.654433
-----------------------------

Epoch 92: loss=6.8176|0.5670, acc=91.0250|82.9505, fr=0.5959, lr=0.0000, time=09.526747
-----------------------------

Epoch 93: loss=6.8230|0.5670, acc=90.1913|83.2597, fr=0.5957, lr=0.0000, time=09.582764
-----------------------------

Epoch 94: loss=6.8181|0.5695, acc=90.5959|82.7297, fr=0.5957, lr=0.0000, time=09.508812
-----------------------------

Epoch 95: loss=6.8209|0.5780, acc=90.4978|82.7739, fr=0.5960, lr=0.0000, time=09.540069
-----------------------------

Epoch 96: loss=6.8184|0.5781, acc=90.7062|81.4488, fr=0.5960, lr=0.0000, time=09.666209
-----------------------------

Epoch 97: loss=6.8177|0.5719, acc=90.2771|82.1996, fr=0.5959, lr=0.0000, time=09.664073
-----------------------------

Epoch 98: loss=6.8171|0.5679, acc=90.2281|82.4647, fr=0.5957, lr=0.0000, time=09.584752
-----------------------------

Epoch 99: loss=6.8159|0.5612, acc=90.6817|83.2155, fr=0.5960, lr=0.0000, time=09.497261
-----------------------------

Epoch 100: loss=6.8157|0.5677, acc=91.0128|81.7580, fr=0.5958, lr=0.0000, time=09.495741
-----------------------------


Best valid acc at epoch 0: 85

------ Training finished ------

