===== Exp configuration =====
date:		08-20-02-47
save_dir:		./log/08-20-02-47
dataset_name:		shd
data_folder:		./data/raw/
input_dim:		700
output_dim:		20
nb_steps:		100
trials:		1
scheduler_patience:		5
scheduler_factor:		0.7
batch_size:		512
nb_epochs:		100
lr:		0.015
weight_decay:		1e-05
reg_factor:		5.0
reg_fmin:		0.01
reg_fmax:		0.1
fr_ent:		0.1
seed:		1692470827
ckpt_freq:		10
threshold:		1.0
smoothing:		0.1
pdrop:		0.1
normalization:		batchnorm
train_input:		True
nb_hiddens:		1024
noise_test:		0.0
device:		cuda:0

Created new spiking model:
 RC(
  (W): Linear(in_features=700, out_features=1024, bias=True)
  (V): Linear(in_features=1024, out_features=1024, bias=False)
  (read): Linear(in_features=1024, out_features=20, bias=True)
  (norm): BatchNorm1d(1024, eps=1e-05, momentum=0.05, affine=True, track_running_stats=True)
  (norm_read): BatchNorm1d(20, eps=1e-05, momentum=0.05, affine=True, track_running_stats=True)
  (drop): Dropout(p=0.1, inplace=False)
)

Total number of trainable parameters is 1793104

**************  Trial 1  **************
Epoch 0: cin|cout=0.001483|0.014959|10.0856
Epoch 1: loss=30.4269|5.8506, acc=25.7847|8.2155, fr=0.3682, cin|cout=0.007505|0.036734|4.8944, lr=0.0150, time=11.072273
-----------------------------

Epoch 2: loss=18.3417|2.0806, acc=28.6783|43.5512, fr=0.3747, cin|cout=0.010063|0.041903|4.1640, lr=0.0150, time=10.654666
-----------------------------

Epoch 3: loss=16.3920|1.4277, acc=51.0790|65.5035, fr=0.3691, cin|cout=0.010926|0.042979|3.9335, lr=0.0150, time=10.626965
-----------------------------

Epoch 4: loss=15.9438|1.1721, acc=65.6940|68.3746, fr=0.3992, cin|cout=0.011173|0.043498|3.8933, lr=0.0150, time=09.883880
-----------------------------

Epoch 5: loss=15.6514|0.7507, acc=72.9524|78.6219, fr=0.4103, cin|cout=0.011255|0.043957|3.9055, lr=0.0150, time=09.871721
-----------------------------

Epoch 6: loss=15.4043|0.5916, acc=80.5542|82.1555, fr=0.4083, cin|cout=0.011306|0.044148|3.9047, lr=0.0150, time=09.734924
-----------------------------

Epoch 7: loss=15.3302|0.4883, acc=85.5689|86.3516, fr=0.4038, cin|cout=0.011342|0.044138|3.8916, lr=0.0150, time=09.876637

Best model saved with valid acc=86.35159010600707
-----------------------------

Epoch 8: loss=15.3197|0.5588, acc=87.2609|83.1272, fr=0.3862, cin|cout=0.011369|0.044157|3.8841, lr=0.0150, time=09.734201
-----------------------------

Epoch 9: loss=15.2492|0.5030, acc=89.5047|85.9982, fr=0.3830, cin|cout=0.011397|0.043964|3.8576, lr=0.0150, time=09.725290
-----------------------------

Epoch 10: loss=15.1669|0.4899, acc=91.4787|86.5283, fr=0.3868, cin|cout=0.011457|0.043906|3.8321, lr=0.0150, time=10.248793

Best model saved with valid acc=86.52826855123675
-----------------------------

Epoch 11: loss=15.1692|0.4097, acc=92.7048|88.1625, fr=0.3853, cin|cout=0.011468|0.044079|3.8436, lr=0.0150, time=10.777719

Best model saved with valid acc=88.16254416961131
-----------------------------

Epoch 12: loss=15.1536|0.4305, acc=94.1393|89.3110, fr=0.3856, cin|cout=0.011518|0.044169|3.8349, lr=0.0150, time=09.884233

Best model saved with valid acc=89.31095406360424
-----------------------------

Epoch 13: loss=15.1160|0.4522, acc=95.7945|87.7208, fr=0.3855, cin|cout=0.011551|0.044261|3.8319, lr=0.0150, time=09.853665
-----------------------------

Epoch 14: loss=15.1366|0.4146, acc=95.7455|88.1625, fr=0.3700, cin|cout=0.011552|0.044500|3.8520, lr=0.0150, time=09.925290
-----------------------------

Epoch 15: loss=15.1185|0.3943, acc=96.6160|89.9735, fr=0.3720, cin|cout=0.011560|0.044701|3.8667, lr=0.0150, time=09.766265

Best model saved with valid acc=89.97349823321555
-----------------------------

Epoch 16: loss=15.0722|0.4563, acc=97.2658|87.5883, fr=0.3761, cin|cout=0.011605|0.044536|3.8377, lr=0.0150, time=09.836477
-----------------------------

Epoch 17: loss=15.0782|0.4263, acc=97.1923|89.7085, fr=0.3660, cin|cout=0.011631|0.044707|3.8438, lr=0.0150, time=10.076258
-----------------------------

Epoch 18: loss=15.1367|0.4728, acc=97.6949|87.8092, fr=0.3567, cin|cout=0.011664|0.044846|3.8448, lr=0.0150, time=09.724646
-----------------------------

Epoch 19: loss=15.2011|0.4441, acc=97.9156|88.8693, fr=0.3520, cin|cout=0.011706|0.044995|3.8439, lr=0.0150, time=09.951881
-----------------------------

Epoch 20: loss=15.2282|0.4031, acc=98.7494|91.4753, fr=0.3529, cin|cout=0.011782|0.045164|3.8331, lr=0.0150, time=09.837043

Best model saved with valid acc=91.47526501766785
-----------------------------

Epoch 21: loss=15.1886|0.4406, acc=98.8107|88.9576, fr=0.3657, cin|cout=0.011824|0.045502|3.8483, lr=0.0150, time=09.826712
-----------------------------

Epoch 22: loss=15.1142|0.4164, acc=98.8597|90.3269, fr=0.3572, cin|cout=0.011924|0.045771|3.8387, lr=0.0150, time=09.816784
-----------------------------

Epoch 23: loss=15.1486|0.4205, acc=98.9823|90.1060, fr=0.3653, cin|cout=0.012100|0.046005|3.8022, lr=0.0150, time=09.908855
-----------------------------

Epoch 24: loss=15.1309|0.4326, acc=99.2766|88.7809, fr=0.3606, cin|cout=0.012228|0.046112|3.7711, lr=0.0150, time=09.867737
-----------------------------

Epoch 25: loss=15.0965|0.4329, acc=99.1908|90.5919, fr=0.3659, cin|cout=0.012255|0.046478|3.7925, lr=0.0150, time=09.901649
-----------------------------

Epoch 26: loss=15.1521|0.4438, acc=99.6077|90.2385, fr=0.3665, cin|cout=0.012303|0.046342|3.7666, lr=0.0150, time=09.779823
-----------------------------

Epoch 27: loss=15.1916|0.4194, acc=99.7425|90.3710, fr=0.3573, cin|cout=0.012341|0.046342|3.7552, lr=0.0105, time=09.710731
-----------------------------

Epoch 28: loss=15.1511|0.4614, acc=99.7057|89.3551, fr=0.3641, cin|cout=0.012355|0.046426|3.7576, lr=0.0105, time=09.948685
-----------------------------

Epoch 29: loss=15.1097|0.4787, acc=99.8161|88.0742, fr=0.3782, cin|cout=0.012358|0.046502|3.7630, lr=0.0105, time=09.788435
-----------------------------

Epoch 30: loss=15.1040|0.4505, acc=99.8651|90.3710, fr=0.3860, cin|cout=0.012350|0.046588|3.7722, lr=0.0105, time=09.797170
-----------------------------

Epoch 31: loss=15.1017|0.4688, acc=99.9142|88.6484, fr=0.3825, cin|cout=0.012363|0.046509|3.7620, lr=0.0105, time=09.836746
-----------------------------

Epoch 32: loss=15.0965|0.4671, acc=99.9019|89.3551, fr=0.3820, cin|cout=0.012370|0.046467|3.7563, lr=0.0105, time=09.914901
-----------------------------

Epoch 33: loss=15.0889|0.4769, acc=99.9264|88.9576, fr=0.3861, cin|cout=0.012372|0.046465|3.7558, lr=0.0073, time=09.829837
-----------------------------

Epoch 34: loss=15.0864|0.4729, acc=99.9387|89.9735, fr=0.3912, cin|cout=0.012385|0.046359|3.7431, lr=0.0073, time=09.833822
-----------------------------

Epoch 35: loss=15.0811|0.4820, acc=99.9632|90.0177, fr=0.3924, cin|cout=0.012397|0.046267|3.7320, lr=0.0073, time=09.652463
-----------------------------

Epoch 36: loss=15.0824|0.4826, acc=99.9632|89.3110, fr=0.3935, cin|cout=0.012408|0.046201|3.7235, lr=0.0073, time=09.704901
-----------------------------

Epoch 37: loss=15.0799|0.4698, acc=99.9632|89.8852, fr=0.3961, cin|cout=0.012409|0.046216|3.7245, lr=0.0073, time=09.689946
-----------------------------

Epoch 38: loss=15.0814|0.4574, acc=99.9142|90.0618, fr=0.3962, cin|cout=0.012410|0.046221|3.7245, lr=0.0073, time=09.703234
-----------------------------

Epoch 39: loss=15.0792|0.4842, acc=99.9510|89.3993, fr=0.3973, cin|cout=0.012411|0.046219|3.7239, lr=0.0051, time=09.979829
-----------------------------

Epoch 40: loss=15.0764|0.4740, acc=99.9632|89.4435, fr=0.3972, cin|cout=0.012415|0.046214|3.7224, lr=0.0051, time=09.686101
-----------------------------

Epoch 41: loss=15.0754|0.4788, acc=99.9877|88.9576, fr=0.3995, cin|cout=0.012418|0.046216|3.7219, lr=0.0051, time=09.834027
-----------------------------

Epoch 42: loss=15.0734|0.4777, acc=99.9755|90.1502, fr=0.4016, cin|cout=0.012419|0.046215|3.7213, lr=0.0051, time=09.772049
-----------------------------

Epoch 43: loss=15.0726|0.4705, acc=99.9877|89.7968, fr=0.4040, cin|cout=0.012420|0.046223|3.7217, lr=0.0051, time=09.769843
-----------------------------

Epoch 44: loss=15.0705|0.4830, acc=99.9755|89.8852, fr=0.4054, cin|cout=0.012421|0.046219|3.7210, lr=0.0051, time=09.925865
-----------------------------

Epoch 45: loss=15.0683|0.4809, acc=99.9877|89.7527, fr=0.4066, cin|cout=0.012422|0.046218|3.7207, lr=0.0036, time=09.948939
-----------------------------

Epoch 46: loss=15.0683|0.4841, acc=99.9877|89.9293, fr=0.4079, cin|cout=0.012422|0.046218|3.7206, lr=0.0036, time=09.758891
-----------------------------

Epoch 47: loss=15.0680|0.4741, acc=99.9755|90.1943, fr=0.4091, cin|cout=0.012423|0.046213|3.7200, lr=0.0036, time=09.762407
-----------------------------

Epoch 48: loss=15.0669|0.4764, acc=99.9877|89.8410, fr=0.4100, cin|cout=0.012424|0.046209|3.7192, lr=0.0036, time=09.815782
-----------------------------

Epoch 49: loss=15.0659|0.4955, acc=99.9877|89.3110, fr=0.4107, cin|cout=0.012425|0.046209|3.7189, lr=0.0036, time=09.970651
-----------------------------

Epoch 50: loss=15.0659|0.4820, acc=99.9755|90.3269, fr=0.4123, cin|cout=0.012427|0.046202|3.7178, lr=0.0036, time=09.774911
-----------------------------

Epoch 51: loss=15.0646|0.4845, acc=99.9877|90.7244, fr=0.4134, cin|cout=0.012427|0.046207|3.7182, lr=0.0025, time=09.913184
-----------------------------

Epoch 52: loss=15.0651|0.4721, acc=100.0000|90.4594, fr=0.4125, cin|cout=0.012427|0.046213|3.7187, lr=0.0025, time=09.891549
-----------------------------

Epoch 53: loss=15.0663|0.4811, acc=99.9877|90.1060, fr=0.4144, cin|cout=0.012428|0.046208|3.7180, lr=0.0025, time=09.798423
-----------------------------

Epoch 54: loss=15.0642|0.4805, acc=99.9877|90.4152, fr=0.4149, cin|cout=0.012429|0.046209|3.7179, lr=0.0025, time=10.350190
-----------------------------

Epoch 55: loss=15.0636|0.4863, acc=100.0000|90.3269, fr=0.4155, cin|cout=0.012430|0.046211|3.7178, lr=0.0025, time=10.095751
-----------------------------

Epoch 56: loss=15.0634|0.4884, acc=99.9877|89.9293, fr=0.4167, cin|cout=0.012429|0.046220|3.7188, lr=0.0025, time=10.029556
-----------------------------

Epoch 57: loss=15.0619|0.4854, acc=100.0000|90.1060, fr=0.4166, cin|cout=0.012428|0.046223|3.7191, lr=0.0018, time=10.005426
-----------------------------

Epoch 58: loss=15.0613|0.4882, acc=100.0000|89.7085, fr=0.4174, cin|cout=0.012429|0.046222|3.7189, lr=0.0018, time=09.801428
-----------------------------

Epoch 59: loss=15.0621|0.4887, acc=100.0000|90.3269, fr=0.4187, cin|cout=0.012429|0.046222|3.7189, lr=0.0018, time=10.050665
-----------------------------

Epoch 60: loss=15.0613|0.4817, acc=100.0000|90.1060, fr=0.4190, cin|cout=0.012429|0.046222|3.7189, lr=0.0018, time=10.038899
-----------------------------

Epoch 61: loss=15.0606|0.4815, acc=99.9877|90.1060, fr=0.4198, cin|cout=0.012429|0.046224|3.7190, lr=0.0018, time=10.479617
-----------------------------

Epoch 62: loss=15.0608|0.4950, acc=99.9877|90.4594, fr=0.4203, cin|cout=0.012430|0.046225|3.7189, lr=0.0018, time=10.713962
-----------------------------

Epoch 63: loss=15.0600|0.4923, acc=99.9877|89.9293, fr=0.4205, cin|cout=0.012430|0.046222|3.7186, lr=0.0012, time=09.937056
-----------------------------

Epoch 64: loss=15.0597|0.4880, acc=100.0000|90.0618, fr=0.4209, cin|cout=0.012430|0.046227|3.7190, lr=0.0012, time=10.066423
-----------------------------

Epoch 65: loss=15.0603|0.4891, acc=99.9877|89.9293, fr=0.4217, cin|cout=0.012430|0.046229|3.7192, lr=0.0012, time=09.948364
-----------------------------

Epoch 66: loss=15.0596|0.4925, acc=99.9877|90.1502, fr=0.4220, cin|cout=0.012430|0.046228|3.7191, lr=0.0012, time=10.033170
-----------------------------

Epoch 67: loss=15.0594|0.4890, acc=99.9877|90.8127, fr=0.4226, cin|cout=0.012430|0.046229|3.7191, lr=0.0012, time=10.369338
-----------------------------

Epoch 68: loss=15.0592|0.5019, acc=100.0000|89.8852, fr=0.4229, cin|cout=0.012430|0.046231|3.7193, lr=0.0012, time=10.170669
-----------------------------

Epoch 69: loss=15.0591|0.5014, acc=100.0000|89.8852, fr=0.4232, cin|cout=0.012430|0.046229|3.7190, lr=0.0009, time=09.912464
-----------------------------

Epoch 70: loss=15.0589|0.4956, acc=100.0000|90.1060, fr=0.4236, cin|cout=0.012431|0.046230|3.7191, lr=0.0009, time=10.145304
-----------------------------

Epoch 71: loss=15.0584|0.4947, acc=99.9877|89.8410, fr=0.4240, cin|cout=0.012431|0.046230|3.7190, lr=0.0009, time=10.430330
-----------------------------

Epoch 72: loss=15.0585|0.4998, acc=100.0000|89.9293, fr=0.4243, cin|cout=0.012431|0.046232|3.7191, lr=0.0009, time=11.218865
-----------------------------

Epoch 73: loss=15.0584|0.4867, acc=99.9877|90.2827, fr=0.4244, cin|cout=0.012431|0.046233|3.7192, lr=0.0009, time=09.785019
-----------------------------

Epoch 74: loss=15.0584|0.5000, acc=100.0000|89.8852, fr=0.4249, cin|cout=0.012430|0.046238|3.7197, lr=0.0009, time=10.427604
-----------------------------

