===== Exp configuration =====
date:		08-26-02-53
save_dir:		./log/08-26-02-53
dataset_name:		shd
data_folder:		./data/raw/
input_dim:		700
output_dim:		20
nb_steps:		100
trials:		200
scheduler_patience:		5
scheduler_factor:		0.7
lens:		0.5
gamma:		0.5
gradient_type:		linear
scale:		6.0
hight:		0.15
best_acc:		92
cluster:		8
batch_size:		512
nb_epochs:		35
lr:		0.015
weight_decay:		1e-05
reg_factor:		0.5
reg_fmin:		0.01
reg_fmax:		0.1
fr_ent:		0.1
seed:		117
ckpt_freq:		-1
threshold:		1.0
smoothing:		0.1
pdrop:		0.1
normalization:		batchnorm
train_input:		True
nb_hiddens:		1024
noise_test:		0.0
device:		cuda:0

Created new spiking model:
 RC(
  (W): Linear(in_features=700, out_features=1024, bias=True)
  (V): Linear(in_features=1024, out_features=1024, bias=False)
  (read): Linear(in_features=1024, out_features=20, bias=True)
  (norm): BatchNorm1d(1024, eps=1e-05, momentum=0.05, affine=True, track_running_stats=True)
  (norm_read): BatchNorm1d(20, eps=1e-05, momentum=0.05, affine=True, track_running_stats=True)
  (drop): Dropout(p=0.1, inplace=False)
)

Total number of trainable parameters is 1791058

**************  Trial 1  **************
Epoch 0: cin|cout=0.001468|0.013434|9.1514
-----------------------------

Epoch 1: loss=3.2799|9.0443, acc=24.6322|5.9629, fr=0.4111, cin|cout=0.006318|0.030920|4.8938, lr=0.0150, time=09.766349
-----------------------------

Epoch 2: loss=3.9267|2.7589, acc=23.8843|38.6484, fr=0.3469, cin|cout=0.010751|0.040336|3.7520, lr=0.0150, time=08.446276
-----------------------------

Epoch 3: loss=2.7140|2.1863, acc=41.4051|53.6219, fr=0.3497, cin|cout=0.012089|0.042866|3.5459, lr=0.0150, time=07.864758
-----------------------------

Epoch 4: loss=2.2369|1.7245, acc=62.2609|68.0212, fr=0.3735, cin|cout=0.012423|0.043672|3.5155, lr=0.0150, time=08.003866
-----------------------------

Epoch 5: loss=1.8854|1.4419, acc=73.6268|72.7915, fr=0.3591, cin|cout=0.012528|0.043714|3.4894, lr=0.0150, time=07.892502
-----------------------------

Epoch 6: loss=1.6377|1.2637, acc=77.6361|78.0035, fr=0.3673, cin|cout=0.012554|0.043788|3.4879, lr=0.0150, time=07.907797
-----------------------------

Epoch 7: loss=1.4946|1.1780, acc=82.1113|76.2809, fr=0.3842, cin|cout=0.012580|0.043776|3.4799, lr=0.0150, time=07.908249
-----------------------------

Epoch 8: loss=1.3985|1.1086, acc=84.3551|78.2244, fr=0.3769, cin|cout=0.012600|0.043685|3.4671, lr=0.0150, time=07.874217
-----------------------------

Epoch 9: loss=1.2937|0.9854, acc=86.1329|79.5495, fr=0.3792, cin|cout=0.012615|0.043576|3.4543, lr=0.0150, time=07.874939
-----------------------------

Epoch 10: loss=1.1319|0.7920, acc=89.0020|82.9505, fr=0.3975, cin|cout=0.012629|0.043568|3.4499, lr=0.0150, time=07.972570
-----------------------------

Epoch 11: loss=1.0152|0.7053, acc=91.9323|83.2155, fr=0.4163, cin|cout=0.012684|0.043742|3.4486, lr=0.0150, time=07.850822
-----------------------------

Epoch 12: loss=0.8806|0.5007, acc=94.3968|88.3392, fr=0.4360, cin|cout=0.012691|0.043889|3.4583, lr=0.0150, time=07.913766
-----------------------------

Epoch 13: loss=0.7877|0.4516, acc=97.9156|89.3110, fr=0.4524, cin|cout=0.012715|0.043855|3.4490, lr=0.0150, time=07.848873
-----------------------------

Epoch 14: loss=0.7538|0.4444, acc=98.8107|90.8127, fr=0.4712, cin|cout=0.012717|0.043919|3.4536, lr=0.0150, time=08.012607
-----------------------------

Epoch 15: loss=0.7324|0.4463, acc=99.1540|91.6961, fr=0.4775, cin|cout=0.012710|0.043995|3.4614, lr=0.0150, time=07.866209
-----------------------------

Epoch 16: loss=0.7104|0.4566, acc=99.5586|90.2385, fr=0.4881, cin|cout=0.012708|0.044036|3.4653, lr=0.0150, time=07.886326
-----------------------------

Epoch 17: loss=0.7002|0.4517, acc=99.8406|91.5194, fr=0.4974, cin|cout=0.012712|0.044084|3.4679, lr=0.0150, time=07.840970
-----------------------------

Epoch 18: loss=0.6915|0.4567, acc=99.9019|91.1661, fr=0.4992, cin|cout=0.012708|0.044100|3.4703, lr=0.0150, time=07.835513
-----------------------------

Epoch 19: loss=0.6804|0.4914, acc=99.9510|89.4435, fr=0.5080, cin|cout=0.012718|0.044044|3.4630, lr=0.0150, time=08.084781
-----------------------------

Epoch 20: loss=0.6795|0.4952, acc=99.9632|89.3551, fr=0.5118, cin|cout=0.012721|0.044089|3.4658, lr=0.0150, time=07.960328
-----------------------------

Epoch 21: loss=0.6719|0.4837, acc=99.9755|89.9293, fr=0.5148, cin|cout=0.012730|0.044054|3.4606, lr=0.0150, time=07.894107
-----------------------------

Epoch 22: loss=0.6659|0.4828, acc=100.0000|91.1219, fr=0.5187, cin|cout=0.012739|0.044016|3.4552, lr=0.0105, time=07.913323
-----------------------------

Epoch 23: loss=0.6610|0.4820, acc=100.0000|91.0777, fr=0.5218, cin|cout=0.012740|0.044028|3.4559, lr=0.0105, time=07.841049
-----------------------------

Epoch 24: loss=0.6587|0.4550, acc=99.9877|92.2703, fr=0.5277, cin|cout=0.012741|0.043994|3.4529, lr=0.0105, time=07.838730

Best model saved with valid acc=92.27031802120142
-----------------------------

Epoch 25: loss=0.6568|0.4927, acc=100.0000|90.8569, fr=0.5293, cin|cout=0.012743|0.043979|3.4511, lr=0.0105, time=07.937444
-----------------------------

Epoch 26: loss=0.6549|0.4959, acc=100.0000|91.1661, fr=0.5302, cin|cout=0.012746|0.043999|3.4519, lr=0.0105, time=07.895108
-----------------------------

Epoch 27: loss=0.6522|0.4827, acc=100.0000|91.0777, fr=0.5346, cin|cout=0.012742|0.044062|3.4580, lr=0.0105, time=07.906628
-----------------------------

Epoch 28: loss=0.6508|0.4752, acc=100.0000|91.3869, fr=0.5397, cin|cout=0.012745|0.044047|3.4561, lr=0.0105, time=07.924016
-----------------------------

Epoch 29: loss=0.6495|0.4815, acc=100.0000|91.0777, fr=0.5424, cin|cout=0.012739|0.044075|3.4598, lr=0.0105, time=07.832111
-----------------------------

Epoch 30: loss=0.6486|0.4923, acc=100.0000|91.1661, fr=0.5440, cin|cout=0.012739|0.044096|3.4615, lr=0.0105, time=07.870683
-----------------------------

Epoch 31: loss=0.6469|0.4873, acc=100.0000|90.9011, fr=0.5465, cin|cout=0.012735|0.044107|3.4634, lr=0.0073, time=07.861104
-----------------------------

Epoch 32: loss=0.6456|0.4937, acc=100.0000|91.1219, fr=0.5490, cin|cout=0.012733|0.044148|3.4673, lr=0.0073, time=07.841873
-----------------------------

Epoch 33: loss=0.6449|0.5042, acc=100.0000|90.1502, fr=0.5520, cin|cout=0.012733|0.044163|3.4685, lr=0.0073, time=07.878076
-----------------------------

Epoch 34: loss=0.6445|0.4947, acc=100.0000|90.8127, fr=0.5516, cin|cout=0.012732|0.044140|3.4668, lr=0.0073, time=07.923105
-----------------------------

Epoch 35: loss=0.6433|0.4971, acc=100.0000|90.2827, fr=0.5537, cin|cout=0.012734|0.044162|3.4681, lr=0.0073, time=07.846930
-----------------------------


Best valid acc at epoch 24: 92.27031802120142

------ Training finished ------


**************  Trial 2  **************
Epoch 0: cin|cout=0.001546|0.014552|9.4153
-----------------------------

Epoch 1: loss=6.9624|26.0601, acc=24.9877|5.6095, fr=0.2635, cin|cout=0.007847|0.030975|3.9475, lr=0.0150, time=08.129566
-----------------------------

Epoch 2: loss=6.6421|3.2444, acc=14.2594|27.8269, fr=0.3111, cin|cout=0.011624|0.037456|3.2223, lr=0.0150, time=07.944744
-----------------------------

Epoch 3: loss=3.4882|2.5646, acc=30.3580|45.3180, fr=0.3752, cin|cout=0.012734|0.039071|3.0682, lr=0.0150, time=07.935014
-----------------------------

Epoch 4: loss=2.6963|2.0792, acc=45.6106|58.3922, fr=0.3982, cin|cout=0.012972|0.039390|3.0364, lr=0.0150, time=07.893168
-----------------------------

Epoch 5: loss=2.2887|1.7093, acc=59.5267|72.6590, fr=0.3680, cin|cout=0.013023|0.039406|3.0258, lr=0.0150, time=07.850805
-----------------------------

Epoch 6: loss=1.9944|1.3839, acc=66.6381|74.4700, fr=0.3564, cin|cout=0.013038|0.039422|3.0236, lr=0.0150, time=07.854960
-----------------------------

Epoch 7: loss=1.7562|1.2146, acc=73.3203|78.1360, fr=0.3829, cin|cout=0.013052|0.039436|3.0215, lr=0.0150, time=07.964459
-----------------------------

Epoch 8: loss=1.6137|1.1416, acc=78.3718|79.3286, fr=0.3880, cin|cout=0.013057|0.039464|3.0223, lr=0.0150, time=07.835293
-----------------------------

Epoch 9: loss=1.4947|1.0270, acc=81.0446|80.9187, fr=0.3826, cin|cout=0.013059|0.039523|3.0265, lr=0.0150, time=07.920760
-----------------------------

Epoch 10: loss=1.3226|0.8848, acc=84.4899|81.9346, fr=0.3766, cin|cout=0.013060|0.039511|3.0253, lr=0.0150, time=07.859303
-----------------------------

Epoch 11: loss=1.2341|0.8730, acc=87.6533|82.0671, fr=0.3959, cin|cout=0.013072|0.039503|3.0218, lr=0.0150, time=07.868279
-----------------------------

Epoch 12: loss=1.1837|0.8822, acc=89.0633|81.4488, fr=0.4006, cin|cout=0.013087|0.039593|3.0254, lr=0.0150, time=07.855701
-----------------------------

Epoch 13: loss=1.1419|0.8371, acc=90.5223|83.1272, fr=0.3973, cin|cout=0.013098|0.039626|3.0253, lr=0.0150, time=07.915966
-----------------------------

Epoch 14: loss=1.1010|0.8073, acc=92.0917|83.8781, fr=0.3962, cin|cout=0.013108|0.039614|3.0221, lr=0.0150, time=07.882791
-----------------------------

Epoch 15: loss=1.0671|0.7653, acc=92.9990|85.8657, fr=0.3948, cin|cout=0.013115|0.039601|3.0195, lr=0.0150, time=07.875042
-----------------------------

Epoch 16: loss=1.0364|0.7590, acc=93.3178|85.2473, fr=0.3974, cin|cout=0.013121|0.039588|3.0172, lr=0.0150, time=07.900194
-----------------------------

Epoch 17: loss=0.9899|0.7055, acc=93.9308|85.6890, fr=0.3910, cin|cout=0.013132|0.039533|3.0105, lr=0.0150, time=07.850705
-----------------------------

Epoch 18: loss=0.8848|0.5345, acc=95.2428|87.7208, fr=0.3889, cin|cout=0.013135|0.039520|3.0088, lr=0.0150, time=07.882298
-----------------------------

Epoch 19: loss=0.7716|0.4793, acc=98.7984|89.1343, fr=0.3973, cin|cout=0.013144|0.039463|3.0023, lr=0.0150, time=08.746043
-----------------------------

Epoch 20: loss=0.7497|0.4671, acc=99.2889|90.3710, fr=0.4063, cin|cout=0.013148|0.039512|3.0051, lr=0.0150, time=07.998182
-----------------------------

Epoch 21: loss=0.7358|0.4596, acc=99.5341|90.6360, fr=0.4105, cin|cout=0.013155|0.039510|3.0034, lr=0.0150, time=08.134979
-----------------------------

Epoch 22: loss=0.7224|0.4294, acc=99.7793|91.7845, fr=0.4133, cin|cout=0.013159|0.039521|3.0033, lr=0.0150, time=09.370248
-----------------------------

Epoch 23: loss=0.7150|0.4428, acc=99.8406|90.0177, fr=0.4157, cin|cout=0.013164|0.039522|3.0023, lr=0.0150, time=07.842887
-----------------------------

Epoch 24: loss=0.7061|0.4509, acc=99.8897|91.1219, fr=0.4178, cin|cout=0.013162|0.039578|3.0071, lr=0.0150, time=07.992374
-----------------------------

Epoch 25: loss=0.7005|0.4355, acc=99.9142|92.5795, fr=0.4175, cin|cout=0.013164|0.039587|3.0072, lr=0.0150, time=07.946059

Best model saved with valid acc=92.57950530035336
-----------------------------

Epoch 26: loss=0.6943|0.4589, acc=99.9387|90.6802, fr=0.4186, cin|cout=0.013169|0.039573|3.0050, lr=0.0150, time=07.946755
-----------------------------

Epoch 27: loss=0.6899|0.4533, acc=99.9877|90.7686, fr=0.4204, cin|cout=0.013176|0.039562|3.0026, lr=0.0150, time=07.951458
-----------------------------

Epoch 28: loss=0.6864|0.4415, acc=99.9632|91.7403, fr=0.4214, cin|cout=0.013178|0.039540|3.0004, lr=0.0150, time=07.877764
-----------------------------

Epoch 29: loss=0.6820|0.4417, acc=100.0000|91.9170, fr=0.4218, cin|cout=0.013182|0.039491|2.9959, lr=0.0150, time=07.924552
-----------------------------

Epoch 30: loss=0.6813|0.4611, acc=99.9877|90.8569, fr=0.4223, cin|cout=0.013185|0.039475|2.9940, lr=0.0150, time=07.969239
-----------------------------

Epoch 31: loss=0.6790|0.4548, acc=100.0000|91.8286, fr=0.4241, cin|cout=0.013187|0.039488|2.9944, lr=0.0150, time=07.890578
-----------------------------

Epoch 32: loss=0.6718|0.4631, acc=100.0000|92.1378, fr=0.4224, cin|cout=0.013188|0.039484|2.9939, lr=0.0105, time=07.931498
-----------------------------

Epoch 33: loss=0.6690|0.4596, acc=100.0000|92.0053, fr=0.4236, cin|cout=0.013190|0.039492|2.9941, lr=0.0105, time=07.909847
-----------------------------

Epoch 34: loss=0.6679|0.4729, acc=100.0000|91.4311, fr=0.4258, cin|cout=0.013194|0.039499|2.9937, lr=0.0105, time=07.878076
-----------------------------

Epoch 35: loss=0.6662|0.4537, acc=100.0000|92.3145, fr=0.4262, cin|cout=0.013193|0.039514|2.9951, lr=0.0105, time=07.975013
-----------------------------


Best valid acc at epoch 25: 92.57950530035336

------ Training finished ------


**************  Trial 3  **************
Epoch 0: cin|cout=0.001429|0.013180|9.2265
-----------------------------

Epoch 1: loss=21.1100|3.4295, acc=17.9132|9.9382, fr=1.2599, cin|cout=0.004237|0.020696|4.8852, lr=0.0150, time=08.070154
-----------------------------

Epoch 2: loss=3.8629|2.1683, acc=19.0412|32.5972, fr=0.4642, cin|cout=0.005388|0.023123|4.2913, lr=0.0150, time=07.895206
-----------------------------

Epoch 3: loss=2.9749|1.7106, acc=39.2349|43.9046, fr=0.4239, cin|cout=0.005959|0.024567|4.1227, lr=0.0150, time=07.908706
-----------------------------

Epoch 4: loss=2.5711|1.4227, acc=54.1687|56.1396, fr=0.4230, cin|cout=0.006297|0.025158|3.9950, lr=0.0150, time=08.495652
-----------------------------

Epoch 5: loss=2.2937|1.3560, acc=63.9407|58.9664, fr=0.4323, cin|cout=0.006485|0.025497|3.9315, lr=0.0150, time=08.058683
-----------------------------

Epoch 6: loss=2.1258|1.2816, acc=67.9990|61.8816, fr=0.4392, cin|cout=0.006675|0.026064|3.9044, lr=0.0150, time=08.701080
-----------------------------

Epoch 7: loss=2.0702|1.2632, acc=71.9961|61.2191, fr=0.4444, cin|cout=0.006755|0.026282|3.8905, lr=0.0150, time=08.525220
-----------------------------

Epoch 8: loss=2.0884|1.1880, acc=72.6704|63.1184, fr=0.4486, cin|cout=0.006924|0.027079|3.9108, lr=0.0150, time=07.973341
-----------------------------

Epoch 9: loss=1.9208|1.0911, acc=77.7955|67.0495, fr=0.4470, cin|cout=0.007062|0.027880|3.9481, lr=0.0150, time=07.917999
-----------------------------

Epoch 10: loss=1.8815|1.0672, acc=79.5856|70.4505, fr=0.4470, cin|cout=0.007214|0.028174|3.9056, lr=0.0150, time=07.904789
-----------------------------

Epoch 11: loss=1.9239|1.1775, acc=78.6538|63.2951, fr=0.4447, cin|cout=0.007292|0.028741|3.9415, lr=0.0150, time=07.899863
-----------------------------

Epoch 12: loss=1.9301|1.1594, acc=78.3104|63.8251, fr=0.4397, cin|cout=0.007340|0.028853|3.9312, lr=0.0150, time=07.866069
-----------------------------

Epoch 13: loss=2.0233|1.0646, acc=79.8553|69.5671, fr=0.4349, cin|cout=0.007412|0.029517|3.9825, lr=0.0150, time=07.912541
-----------------------------

Epoch 14: loss=1.8783|1.0039, acc=82.1113|68.5512, fr=0.4335, cin|cout=0.007500|0.029878|3.9838, lr=0.0150, time=07.921424
-----------------------------

Epoch 15: loss=1.8288|1.0292, acc=83.7175|69.2580, fr=0.4327, cin|cout=0.007647|0.030241|3.9547, lr=0.0150, time=07.936328
-----------------------------

Epoch 16: loss=1.7625|0.9241, acc=85.3114|71.6431, fr=0.4268, cin|cout=0.007725|0.030240|3.9146, lr=0.0150, time=07.863749
-----------------------------

Epoch 17: loss=1.7338|0.9730, acc=88.1682|72.1290, fr=0.4271, cin|cout=0.007771|0.030106|3.8743, lr=0.0150, time=07.924820
-----------------------------

Epoch 18: loss=1.8520|1.0308, acc=85.1275|70.8039, fr=0.4290, cin|cout=0.007844|0.030100|3.8375, lr=0.0150, time=07.894698
-----------------------------

Epoch 19: loss=2.0238|1.0876, acc=80.4929|69.1696, fr=0.4318, cin|cout=0.007995|0.030189|3.7761, lr=0.0150, time=07.976425
-----------------------------

Epoch 20: loss=1.8767|0.8948, acc=85.2133|72.9240, fr=0.4408, cin|cout=0.008054|0.030472|3.7835, lr=0.0150, time=07.906982
-----------------------------

Epoch 21: loss=1.8845|0.9794, acc=87.4693|71.7756, fr=0.4463, cin|cout=0.008052|0.030581|3.7978, lr=0.0150, time=07.911178
-----------------------------

Epoch 22: loss=1.8475|0.8942, acc=87.9966|73.1890, fr=0.4420, cin|cout=0.008097|0.030804|3.8044, lr=0.0150, time=07.913822
-----------------------------

Epoch 23: loss=1.7695|0.9018, acc=89.6273|72.4823, fr=0.4372, cin|cout=0.008145|0.030989|3.8044, lr=0.0150, time=07.926202
-----------------------------

Epoch 24: loss=1.7416|0.9373, acc=90.5836|74.5141, fr=0.4355, cin|cout=0.008187|0.031210|3.8119, lr=0.0150, time=07.829973
-----------------------------

Epoch 25: loss=1.7283|0.8907, acc=91.1108|75.6625, fr=0.4337, cin|cout=0.008188|0.031395|3.8344, lr=0.0150, time=07.872531
-----------------------------

Epoch 26: loss=1.7215|0.9050, acc=91.7607|75.7067, fr=0.4299, cin|cout=0.008194|0.031466|3.8400, lr=0.0150, time=07.963090
-----------------------------

Epoch 27: loss=1.6959|0.9037, acc=92.2634|79.1078, fr=0.4261, cin|cout=0.008212|0.031549|3.8418, lr=0.0150, time=07.912761
-----------------------------

Epoch 28: loss=1.7415|0.9750, acc=92.3369|74.7350, fr=0.4226, cin|cout=0.008245|0.031771|3.8536, lr=0.0150, time=07.873456
-----------------------------

Epoch 29: loss=1.7916|0.9884, acc=91.2334|74.0724, fr=0.4215, cin|cout=0.008285|0.031801|3.8385, lr=0.0150, time=07.877558
-----------------------------

Epoch 30: loss=1.7326|0.9413, acc=91.6258|73.8516, fr=0.4165, cin|cout=0.008340|0.031793|3.8123, lr=0.0150, time=07.891543
-----------------------------

Epoch 31: loss=1.6922|0.8197, acc=93.7224|77.6502, fr=0.4074, cin|cout=0.008392|0.031756|3.7840, lr=0.0150, time=07.875087
-----------------------------

Epoch 32: loss=1.6836|0.7539, acc=93.9186|80.6979, fr=0.4077, cin|cout=0.008423|0.031656|3.7582, lr=0.0150, time=07.982715
-----------------------------

Epoch 33: loss=1.8525|0.9676, acc=90.9637|72.0406, fr=0.3998, cin|cout=0.008456|0.031945|3.7779, lr=0.0150, time=07.952709
-----------------------------

Epoch 34: loss=1.9873|0.9387, acc=90.2894|73.7633, fr=0.3938, cin|cout=0.008495|0.032127|3.7817, lr=0.0150, time=07.868670
-----------------------------

Epoch 35: loss=1.8524|0.8037, acc=92.7048|77.2968, fr=0.3923, cin|cout=0.008503|0.032140|3.7797, lr=0.0150, time=07.881186
-----------------------------


Best valid acc at epoch 0: 92

------ Training finished ------


**************  Trial 4  **************
Epoch 0: cin|cout=0.001492|0.014155|9.4879
-----------------------------

Epoch 1: loss=2.7339|6.8951, acc=24.4360|8.4364, fr=0.3857, cin|cout=0.006294|0.034208|5.4349, lr=0.0150, time=07.981288
-----------------------------

Epoch 2: loss=4.1713|2.8384, acc=22.7317|24.5583, fr=0.3226, cin|cout=0.009689|0.041613|4.2949, lr=0.0150, time=07.917537
-----------------------------

Epoch 3: loss=2.7963|1.8766, acc=32.5282|42.7120, fr=0.3127, cin|cout=0.010852|0.044384|4.0902, lr=0.0150, time=07.875910
-----------------------------

Epoch 4: loss=2.1953|1.4136, acc=46.9470|51.1926, fr=0.3618, cin|cout=0.011164|0.045583|4.0831, lr=0.0150, time=07.919760
-----------------------------

Epoch 5: loss=2.3218|1.0926, acc=58.4846|65.9894, fr=0.3377, cin|cout=0.011213|0.045005|4.0137, lr=0.0150, time=07.854917
-----------------------------

Epoch 6: loss=2.1119|1.4381, acc=64.3698|61.0424, fr=0.3821, cin|cout=0.011475|0.045241|3.9426, lr=0.0150, time=07.912728
-----------------------------

Epoch 7: loss=1.9628|0.9932, acc=66.2334|66.9611, fr=0.3868, cin|cout=0.011636|0.045493|3.9098, lr=0.0150, time=07.901638
-----------------------------

Epoch 8: loss=1.6182|0.9403, acc=74.9632|71.1572, fr=0.4500, cin|cout=0.011736|0.045960|3.9160, lr=0.0150, time=07.872577
-----------------------------

Epoch 9: loss=1.5841|0.7874, acc=76.4958|76.1484, fr=0.4680, cin|cout=0.011795|0.046054|3.9044, lr=0.0150, time=07.901596
-----------------------------

Epoch 10: loss=1.5265|0.8079, acc=79.2178|75.0442, fr=0.4808, cin|cout=0.011885|0.046018|3.8718, lr=0.0150, time=07.933244
-----------------------------

Epoch 11: loss=1.5232|0.8354, acc=80.5297|72.6148, fr=0.4778, cin|cout=0.011900|0.046263|3.8877, lr=0.0150, time=08.646546
-----------------------------

Epoch 12: loss=1.5210|0.7942, acc=81.4492|74.6466, fr=0.4719, cin|cout=0.011876|0.046422|3.9090, lr=0.0150, time=08.854383
-----------------------------

Epoch 13: loss=1.4042|0.7492, acc=85.0539|80.6537, fr=0.4681, cin|cout=0.011880|0.046556|3.9189, lr=0.0150, time=08.394837
-----------------------------

Epoch 14: loss=1.4443|0.6686, acc=85.9122|80.0353, fr=0.4711, cin|cout=0.011883|0.046619|3.9231, lr=0.0150, time=08.098952
-----------------------------

Epoch 15: loss=1.4070|0.6908, acc=86.2187|78.4452, fr=0.4800, cin|cout=0.011878|0.046704|3.9320, lr=0.0150, time=07.975945
-----------------------------

Epoch 16: loss=1.3433|0.6178, acc=87.7881|81.5813, fr=0.4844, cin|cout=0.011910|0.046764|3.9266, lr=0.0150, time=07.925576
-----------------------------

Epoch 17: loss=1.3580|0.6616, acc=88.1560|79.6820, fr=0.4862, cin|cout=0.011925|0.046797|3.9241, lr=0.0150, time=07.847309
-----------------------------

Epoch 18: loss=1.3733|0.7079, acc=88.0211|77.6502, fr=0.4869, cin|cout=0.011954|0.046974|3.9295, lr=0.0150, time=07.991250
-----------------------------

Epoch 19: loss=1.6010|1.0238, acc=84.6493|66.6961, fr=0.5108, cin|cout=0.011924|0.046630|3.9105, lr=0.0150, time=07.937490
-----------------------------

Epoch 20: loss=1.7060|0.6736, acc=83.3619|81.1396, fr=0.4977, cin|cout=0.012057|0.046362|3.8451, lr=0.0150, time=07.888044
-----------------------------

Epoch 21: loss=1.4848|0.7020, acc=86.8931|78.1360, fr=0.4874, cin|cout=0.012137|0.046246|3.8104, lr=0.0150, time=07.886340
-----------------------------

Epoch 22: loss=2.2331|1.2102, acc=69.2742|62.9859, fr=0.4062, cin|cout=0.012200|0.046246|3.7906, lr=0.0150, time=07.899935
-----------------------------

Epoch 23: loss=2.0469|0.7480, acc=76.9985|76.3693, fr=0.3659, cin|cout=0.012248|0.046333|3.7828, lr=0.0105, time=07.991819
-----------------------------

Epoch 24: loss=1.7054|0.5917, acc=88.1437|82.1996, fr=0.3774, cin|cout=0.012262|0.046345|3.7795, lr=0.0105, time=07.869603
-----------------------------

Epoch 25: loss=1.5829|0.5783, acc=92.3860|83.2597, fr=0.3895, cin|cout=0.012269|0.046327|3.7758, lr=0.0105, time=07.899005
-----------------------------

Epoch 26: loss=1.5328|0.5363, acc=93.5998|84.9823, fr=0.3961, cin|cout=0.012273|0.046321|3.7743, lr=0.0105, time=07.897612
-----------------------------

Epoch 27: loss=1.4907|0.5670, acc=94.8014|84.3640, fr=0.4042, cin|cout=0.012276|0.046343|3.7752, lr=0.0105, time=07.945134
-----------------------------

Epoch 28: loss=1.4816|0.5819, acc=94.6542|82.4205, fr=0.4117, cin|cout=0.012277|0.046351|3.7754, lr=0.0105, time=07.895075
-----------------------------

Epoch 29: loss=1.4654|0.5507, acc=95.6964|85.6007, fr=0.4192, cin|cout=0.012280|0.046360|3.7754, lr=0.0105, time=08.013792
-----------------------------

Epoch 30: loss=1.4532|0.5602, acc=95.6229|83.6131, fr=0.4199, cin|cout=0.012278|0.046365|3.7761, lr=0.0105, time=07.901656
-----------------------------

Epoch 31: loss=1.4267|0.6079, acc=96.1991|81.8905, fr=0.4211, cin|cout=0.012278|0.046370|3.7768, lr=0.0105, time=07.887421
-----------------------------

Epoch 32: loss=1.4203|0.5591, acc=96.2727|85.3799, fr=0.4226, cin|cout=0.012277|0.046365|3.7766, lr=0.0105, time=07.862562
-----------------------------

Epoch 33: loss=1.4161|0.5617, acc=96.6282|84.0548, fr=0.4203, cin|cout=0.012277|0.046358|3.7760, lr=0.0105, time=07.892174
-----------------------------

Epoch 34: loss=1.4178|0.5570, acc=96.2972|85.4240, fr=0.4223, cin|cout=0.012277|0.046355|3.7759, lr=0.0105, time=07.898444
-----------------------------

Epoch 35: loss=1.4018|0.5488, acc=97.0451|85.6007, fr=0.4232, cin|cout=0.012276|0.046361|3.7766, lr=0.0105, time=07.979179
-----------------------------


Best valid acc at epoch 0: 92

------ Training finished ------


**************  Trial 5  **************
Epoch 0: cin|cout=0.001591|0.014190|8.9190
-----------------------------

Epoch 1: loss=8.5735|4.5076, acc=20.4512|8.9223, fr=0.8250, cin|cout=0.004142|0.026645|6.4329, lr=0.0150, time=07.971478
-----------------------------

Epoch 2: loss=4.0066|2.5953, acc=19.2128|26.3693, fr=0.5087, cin|cout=0.005851|0.031244|5.3397, lr=0.0150, time=07.955109
-----------------------------

Epoch 3: loss=2.9981|1.8681, acc=34.6739|41.2986, fr=0.4640, cin|cout=0.006558|0.033309|5.0794, lr=0.0150, time=07.928607
-----------------------------

Epoch 4: loss=2.5349|1.7664, acc=45.7455|48.1449, fr=0.4630, cin|cout=0.006748|0.033940|5.0295, lr=0.0150, time=07.859499
-----------------------------

Epoch 5: loss=2.5280|1.5034, acc=49.3870|53.9311, fr=0.4751, cin|cout=0.006855|0.034395|5.0176, lr=0.0150, time=07.981818
-----------------------------

Epoch 6: loss=2.4787|1.4805, acc=56.6086|51.6343, fr=0.4861, cin|cout=0.007088|0.035164|4.9611, lr=0.0150, time=07.849243
-----------------------------

Epoch 7: loss=2.7584|1.3811, acc=56.2285|56.6254, fr=0.4941, cin|cout=0.007352|0.035437|4.8201, lr=0.0150, time=07.870856
-----------------------------

Epoch 8: loss=2.6649|1.2743, acc=61.7705|59.2756, fr=0.5050, cin|cout=0.007536|0.035637|4.7286, lr=0.0150, time=07.922140
-----------------------------

Epoch 9: loss=2.6020|1.2566, acc=64.5292|58.5689, fr=0.5062, cin|cout=0.007679|0.035322|4.5998, lr=0.0150, time=07.950089
-----------------------------

Epoch 10: loss=2.4294|1.2517, acc=66.7116|59.3640, fr=0.5071, cin|cout=0.007874|0.035323|4.4859, lr=0.0150, time=07.953629
-----------------------------

Epoch 11: loss=2.4281|1.2127, acc=67.7906|61.7491, fr=0.5063, cin|cout=0.008029|0.035448|4.4150, lr=0.0150, time=07.903242
-----------------------------

Epoch 12: loss=2.3714|1.1124, acc=70.5248|65.9011, fr=0.4963, cin|cout=0.008141|0.035563|4.3685, lr=0.0150, time=07.864407
-----------------------------

Epoch 13: loss=2.4883|1.0930, acc=71.9716|68.4629, fr=0.4911, cin|cout=0.008228|0.035476|4.3115, lr=0.0150, time=07.935766
-----------------------------

Epoch 14: loss=2.3952|1.0176, acc=74.0682|66.5194, fr=0.4899, cin|cout=0.008272|0.035738|4.3205, lr=0.0150, time=07.937658
-----------------------------

Epoch 15: loss=2.3268|1.0645, acc=76.6062|65.9011, fr=0.4756, cin|cout=0.008320|0.035925|4.3180, lr=0.0150, time=07.898952
-----------------------------

Epoch 16: loss=2.3246|0.9961, acc=77.1211|69.1254, fr=0.4719, cin|cout=0.008312|0.036263|4.3629, lr=0.0150, time=07.933060
-----------------------------

Epoch 17: loss=2.3844|1.0133, acc=76.4836|68.6396, fr=0.4697, cin|cout=0.008344|0.036440|4.3670, lr=0.0150, time=07.933538
-----------------------------

Epoch 18: loss=2.4593|0.9567, acc=77.2070|71.1131, fr=0.4674, cin|cout=0.008346|0.036586|4.3835, lr=0.0150, time=07.866186
-----------------------------

Epoch 19: loss=2.3803|1.0670, acc=78.5924|67.8004, fr=0.4725, cin|cout=0.008337|0.036599|4.3898, lr=0.0150, time=07.952350
-----------------------------

Epoch 20: loss=2.4136|1.0271, acc=78.1633|72.9682, fr=0.4699, cin|cout=0.008330|0.036321|4.3600, lr=0.0150, time=07.867107
-----------------------------

Epoch 21: loss=2.3175|0.8899, acc=81.4125|71.8198, fr=0.4648, cin|cout=0.008351|0.036266|4.3426, lr=0.0150, time=07.914901
-----------------------------

Epoch 22: loss=2.2035|1.0076, acc=82.2339|70.5830, fr=0.4751, cin|cout=0.008364|0.036217|4.3299, lr=0.0150, time=07.896287
-----------------------------

Epoch 23: loss=2.3002|0.8997, acc=80.3580|73.3216, fr=0.4805, cin|cout=0.008374|0.036192|4.3219, lr=0.0150, time=07.840475
-----------------------------

Epoch 24: loss=2.3174|0.9935, acc=82.8470|71.1572, fr=0.4707, cin|cout=0.008386|0.036204|4.3171, lr=0.0150, time=07.908959
-----------------------------

Epoch 25: loss=2.2477|1.0140, acc=82.0500|71.9523, fr=0.4696, cin|cout=0.008393|0.036213|4.3144, lr=0.0150, time=07.919109
-----------------------------

Epoch 26: loss=2.1930|1.0295, acc=83.1658|70.9364, fr=0.4703, cin|cout=0.008401|0.036227|4.3124, lr=0.0150, time=07.929388
-----------------------------

Epoch 27: loss=2.2785|0.9063, acc=82.2707|73.0124, fr=0.4817, cin|cout=0.008412|0.036264|4.3111, lr=0.0150, time=07.894275
-----------------------------

Epoch 28: loss=2.2979|0.9466, acc=81.9765|73.2332, fr=0.4719, cin|cout=0.008423|0.036306|4.3104, lr=0.0150, time=07.904811
-----------------------------

Epoch 29: loss=2.3197|1.0572, acc=81.4738|68.6396, fr=0.4678, cin|cout=0.008427|0.036349|4.3132, lr=0.0150, time=08.012596
-----------------------------

Epoch 30: loss=2.4312|0.9079, acc=83.7175|73.1007, fr=0.4713, cin|cout=0.008429|0.036380|4.3162, lr=0.0105, time=07.859123
-----------------------------

Epoch 31: loss=2.2733|0.8574, acc=86.1329|76.8551, fr=0.4621, cin|cout=0.008426|0.036362|4.3153, lr=0.0105, time=07.872770
-----------------------------

Epoch 32: loss=2.0830|0.8710, acc=87.5674|75.8834, fr=0.4504, cin|cout=0.008425|0.036354|4.3150, lr=0.0105, time=07.937813
-----------------------------

Epoch 33: loss=2.0044|0.8183, acc=89.2227|76.3693, fr=0.4494, cin|cout=0.008425|0.036340|4.3133, lr=0.0105, time=07.872945
-----------------------------

Epoch 34: loss=1.9612|0.8111, acc=89.7376|76.8993, fr=0.4540, cin|cout=0.008426|0.036332|4.3121, lr=0.0105, time=08.019522
-----------------------------

Epoch 35: loss=1.9374|0.8202, acc=90.5468|79.1078, fr=0.4590, cin|cout=0.008427|0.036358|4.3145, lr=0.0105, time=09.082008
-----------------------------


Best valid acc at epoch 0: 92

------ Training finished ------


**************  Trial 6  **************
Epoch 0: cin|cout=0.001442|0.014755|10.2295
-----------------------------

Epoch 1: loss=3.0018|4.2442, acc=22.5846|15.5919, fr=0.5426, cin|cout=0.004018|0.023538|5.8584, lr=0.0150, time=08.420056
-----------------------------

Epoch 2: loss=4.5931|3.3068, acc=12.5061|19.6996, fr=0.3531, cin|cout=0.006567|0.030084|4.5812, lr=0.0150, time=08.284293
-----------------------------

Epoch 3: loss=3.0473|2.3547, acc=24.5218|42.6678, fr=0.3122, cin|cout=0.007060|0.030362|4.3008, lr=0.0150, time=08.172055
-----------------------------

Epoch 4: loss=2.3336|1.6273, acc=47.9769|61.0866, fr=0.4053, cin|cout=0.007278|0.030823|4.2353, lr=0.0150, time=08.171258
-----------------------------

Epoch 5: loss=1.7450|1.0886, acc=68.0235|75.2208, fr=0.4917, cin|cout=0.007386|0.031145|4.2168, lr=0.0150, time=08.048947
-----------------------------

Epoch 6: loss=1.3859|0.8579, acc=78.0530|78.8428, fr=0.5412, cin|cout=0.007416|0.030909|4.1678, lr=0.0150, time=08.064798
-----------------------------

Epoch 7: loss=1.0802|0.5756, acc=87.0647|85.2473, fr=0.5857, cin|cout=0.007403|0.030593|4.1325, lr=0.0150, time=08.106328
-----------------------------

Epoch 8: loss=0.9261|0.5629, acc=92.5331|86.6608, fr=0.6239, cin|cout=0.007361|0.030590|4.1555, lr=0.0150, time=08.108638
-----------------------------

Epoch 9: loss=0.8659|0.5288, acc=94.6297|87.6767, fr=0.6298, cin|cout=0.007372|0.030641|4.1563, lr=0.0150, time=08.091763
-----------------------------

Epoch 10: loss=0.7986|0.4821, acc=97.0942|89.3110, fr=0.6453, cin|cout=0.007345|0.030444|4.1449, lr=0.0150, time=08.100016
-----------------------------

Epoch 11: loss=0.7592|0.4562, acc=98.4429|89.3551, fr=0.6581, cin|cout=0.007332|0.030524|4.1629, lr=0.0150, time=07.983701
-----------------------------

Epoch 12: loss=0.7334|0.4794, acc=98.8352|89.5318, fr=0.6684, cin|cout=0.007303|0.030452|4.1700, lr=0.0150, time=07.923868
-----------------------------

Epoch 13: loss=0.7336|0.5194, acc=98.6758|87.1466, fr=0.6751, cin|cout=0.007279|0.030384|4.1741, lr=0.0150, time=07.934738
-----------------------------

Epoch 14: loss=0.7171|0.5172, acc=99.2521|88.8251, fr=0.6640, cin|cout=0.007284|0.030362|4.1685, lr=0.0150, time=08.000442
-----------------------------

Epoch 15: loss=0.6975|0.4660, acc=99.6199|90.8127, fr=0.6767, cin|cout=0.007261|0.030327|4.1768, lr=0.0150, time=07.940607
-----------------------------

Epoch 16: loss=0.6851|0.5210, acc=99.8161|88.8251, fr=0.6816, cin|cout=0.007231|0.030207|4.1772, lr=0.0150, time=07.921549
-----------------------------

Epoch 17: loss=0.6763|0.5187, acc=99.7793|89.7527, fr=0.6894, cin|cout=0.007224|0.030220|4.1835, lr=0.0150, time=07.913754
-----------------------------

Epoch 18: loss=0.6670|0.5231, acc=99.9142|89.5318, fr=0.7029, cin|cout=0.007218|0.030195|4.1832, lr=0.0150, time=07.873736
-----------------------------

Epoch 19: loss=0.6614|0.5239, acc=99.9387|89.5760, fr=0.7105, cin|cout=0.007181|0.030248|4.2122, lr=0.0150, time=07.982130
-----------------------------

Epoch 20: loss=0.6599|0.5140, acc=99.9510|89.7085, fr=0.7126, cin|cout=0.007200|0.030239|4.1996, lr=0.0150, time=07.981911
-----------------------------

Epoch 21: loss=0.6610|0.5577, acc=99.9264|88.7809, fr=0.7121, cin|cout=0.007194|0.030220|4.2008, lr=0.0150, time=07.935987
-----------------------------

Epoch 22: loss=0.6559|0.5419, acc=99.9755|89.6643, fr=0.7047, cin|cout=0.007191|0.030181|4.1972, lr=0.0105, time=07.972748
-----------------------------

Epoch 23: loss=0.6502|0.5591, acc=99.9755|88.3392, fr=0.7086, cin|cout=0.007178|0.030181|4.2047, lr=0.0105, time=08.090800
-----------------------------

Epoch 24: loss=0.6476|0.5592, acc=99.9877|89.0018, fr=0.7147, cin|cout=0.007157|0.030153|4.2132, lr=0.0105, time=08.042675
-----------------------------

Epoch 25: loss=0.6458|0.5473, acc=99.9877|88.6926, fr=0.7190, cin|cout=0.007154|0.030170|4.2170, lr=0.0105, time=08.080458
-----------------------------

Epoch 26: loss=0.6441|0.5515, acc=99.9877|88.6042, fr=0.7228, cin|cout=0.007153|0.030154|4.2156, lr=0.0105, time=08.089276
-----------------------------

Epoch 27: loss=0.6427|0.5507, acc=99.9877|89.1784, fr=0.7224, cin|cout=0.007145|0.030077|4.2096, lr=0.0105, time=08.148534
-----------------------------

Epoch 28: loss=0.6400|0.5429, acc=99.9877|89.3551, fr=0.7294, cin|cout=0.007143|0.030049|4.2066, lr=0.0073, time=08.329491
-----------------------------

Epoch 29: loss=0.6391|0.5657, acc=100.0000|88.6042, fr=0.7314, cin|cout=0.007135|0.030029|4.2088, lr=0.0073, time=08.447482
-----------------------------

Epoch 30: loss=0.6382|0.5673, acc=100.0000|88.6926, fr=0.7350, cin|cout=0.007128|0.029998|4.2087, lr=0.0073, time=08.269148
-----------------------------

Epoch 31: loss=0.6377|0.5606, acc=99.9877|89.2226, fr=0.7402, cin|cout=0.007128|0.030026|4.2122, lr=0.0073, time=08.515733
-----------------------------

Epoch 32: loss=0.6371|0.5469, acc=100.0000|89.2226, fr=0.7343, cin|cout=0.007122|0.029992|4.2110, lr=0.0073, time=08.029147
-----------------------------

Epoch 33: loss=0.6362|0.5567, acc=100.0000|89.1343, fr=0.7393, cin|cout=0.007123|0.029985|4.2098, lr=0.0073, time=07.924899
-----------------------------

Epoch 34: loss=0.6354|0.5517, acc=100.0000|89.5318, fr=0.7406, cin|cout=0.007113|0.029971|4.2135, lr=0.0051, time=07.915737
-----------------------------

Epoch 35: loss=0.6346|0.5667, acc=100.0000|88.8251, fr=0.7444, cin|cout=0.007114|0.029976|4.2135, lr=0.0051, time=07.843770
-----------------------------


Best valid acc at epoch 0: 92

------ Training finished ------


**************  Trial 7  **************
Epoch 0: cin|cout=0.001370|0.013381|9.7676
-----------------------------

Epoch 1: loss=6.7518|3.3844, acc=25.9809|6.8905, fr=0.3625, cin|cout=0.001456|0.013861|9.5189, lr=0.0150, time=08.132385
-----------------------------

Epoch 2: loss=5.1090|1.8621, acc=27.7587|42.7562, fr=0.1817, cin|cout=0.002226|0.017400|7.8167, lr=0.0150, time=07.883543
-----------------------------

Epoch 3: loss=4.1258|1.5618, acc=45.4144|51.0159, fr=0.2197, cin|cout=0.002994|0.020236|6.7590, lr=0.0150, time=07.895143
-----------------------------

Epoch 4: loss=3.3861|1.3737, acc=61.7582|57.1555, fr=0.2434, cin|cout=0.003506|0.021618|6.1668, lr=0.0150, time=07.850286
-----------------------------

Epoch 5: loss=2.9642|1.1536, acc=72.0819|62.6325, fr=0.2609, cin|cout=0.003767|0.022240|5.9036, lr=0.0150, time=07.826336
-----------------------------

Epoch 6: loss=2.7560|1.0590, acc=79.2423|66.8728, fr=0.2702, cin|cout=0.003919|0.022387|5.7128, lr=0.0150, time=07.999674
-----------------------------

Epoch 7: loss=2.6121|0.9705, acc=83.9137|71.4664, fr=0.2765, cin|cout=0.004062|0.022547|5.5505, lr=0.0150, time=07.858070
-----------------------------

Epoch 8: loss=2.5469|1.0276, acc=86.5007|71.5106, fr=0.2826, cin|cout=0.004164|0.022823|5.4811, lr=0.0150, time=07.886811
-----------------------------

Epoch 9: loss=2.5185|0.9248, acc=87.1628|74.1608, fr=0.2836, cin|cout=0.004211|0.023081|5.4810, lr=0.0150, time=07.847363
-----------------------------

Epoch 10: loss=2.5008|0.9112, acc=88.0456|73.0565, fr=0.2858, cin|cout=0.004275|0.023800|5.5677, lr=0.0150, time=07.906479
-----------------------------

Epoch 11: loss=2.4742|0.8537, acc=88.6587|73.5866, fr=0.2840, cin|cout=0.004290|0.023812|5.5501, lr=0.0150, time=07.875713
-----------------------------

Epoch 12: loss=2.4042|0.9048, acc=91.2457|73.7191, fr=0.2818, cin|cout=0.004365|0.023653|5.4195, lr=0.0150, time=08.006036
-----------------------------

Epoch 13: loss=2.3775|0.8890, acc=92.1653|74.8675, fr=0.2849, cin|cout=0.004418|0.023705|5.3657, lr=0.0150, time=07.902010
-----------------------------

Epoch 14: loss=2.3332|0.9074, acc=93.7469|73.8958, fr=0.2863, cin|cout=0.004455|0.023745|5.3300, lr=0.0150, time=07.934876
-----------------------------

Epoch 15: loss=2.3181|0.8928, acc=94.2251|77.2085, fr=0.2875, cin|cout=0.004493|0.023908|5.3216, lr=0.0150, time=07.940157
-----------------------------

Epoch 16: loss=2.2955|0.8933, acc=95.2428|76.4576, fr=0.2901, cin|cout=0.004534|0.023864|5.2630, lr=0.0150, time=07.849447
-----------------------------

Epoch 17: loss=2.3049|0.8392, acc=94.6420|75.8392, fr=0.2906, cin|cout=0.004569|0.023852|5.2199, lr=0.0150, time=07.885119
-----------------------------

Epoch 18: loss=2.2788|0.8275, acc=96.0152|76.2367, fr=0.2878, cin|cout=0.004601|0.024029|5.2228, lr=0.0150, time=07.937177
-----------------------------

Epoch 19: loss=2.2602|0.9323, acc=96.2849|74.1608, fr=0.2916, cin|cout=0.004665|0.024207|5.1895, lr=0.0150, time=07.823407
-----------------------------

Epoch 20: loss=2.2477|0.8721, acc=96.7876|75.7509, fr=0.2924, cin|cout=0.004709|0.024291|5.1585, lr=0.0150, time=07.912254
-----------------------------

Epoch 21: loss=2.2510|0.8585, acc=96.6773|77.0318, fr=0.2935, cin|cout=0.004719|0.024307|5.1504, lr=0.0150, time=07.888176
-----------------------------

Epoch 22: loss=2.2250|0.8012, acc=97.5601|77.5177, fr=0.2947, cin|cout=0.004737|0.024392|5.1495, lr=0.0105, time=07.895786
-----------------------------

Epoch 23: loss=2.2004|0.7900, acc=98.4061|78.4452, fr=0.2938, cin|cout=0.004775|0.024442|5.1182, lr=0.0105, time=07.928954
-----------------------------

Epoch 24: loss=2.1912|0.8317, acc=98.4674|77.9594, fr=0.2953, cin|cout=0.004787|0.024482|5.1140, lr=0.0105, time=07.849222
-----------------------------

Epoch 25: loss=2.1884|0.7928, acc=98.6023|77.7827, fr=0.2935, cin|cout=0.004792|0.024656|5.1455, lr=0.0105, time=07.874336
-----------------------------

Epoch 26: loss=2.1769|0.8239, acc=98.8597|78.5777, fr=0.2953, cin|cout=0.004820|0.024711|5.1262, lr=0.0105, time=07.854340
-----------------------------

Epoch 27: loss=2.1739|0.8158, acc=98.8965|78.0919, fr=0.2973, cin|cout=0.004848|0.024704|5.0958, lr=0.0105, time=07.894106
-----------------------------

Epoch 28: loss=2.1682|0.7770, acc=98.9578|79.5936, fr=0.2967, cin|cout=0.004872|0.024673|5.0646, lr=0.0105, time=07.841197
-----------------------------

Epoch 29: loss=2.1616|0.8502, acc=99.3747|77.2968, fr=0.2965, cin|cout=0.004889|0.024705|5.0530, lr=0.0105, time=07.928673
-----------------------------

Epoch 30: loss=2.1547|0.7952, acc=99.4850|78.7102, fr=0.2964, cin|cout=0.004910|0.024750|5.0410, lr=0.0105, time=07.993468
-----------------------------

Epoch 31: loss=2.1592|0.8540, acc=99.3134|77.2968, fr=0.2966, cin|cout=0.004925|0.024809|5.0379, lr=0.0105, time=07.943433
-----------------------------

Epoch 32: loss=2.1524|0.8337, acc=99.4237|78.5336, fr=0.2949, cin|cout=0.004946|0.024828|5.0197, lr=0.0105, time=07.879058
-----------------------------

Epoch 33: loss=2.1510|0.8274, acc=99.4360|78.9311, fr=0.2953, cin|cout=0.004957|0.024765|4.9959, lr=0.0105, time=07.891687
-----------------------------

Epoch 34: loss=2.1443|0.8478, acc=99.5586|78.0919, fr=0.2966, cin|cout=0.004968|0.024863|5.0043, lr=0.0105, time=07.911918
-----------------------------

Epoch 35: loss=2.1374|0.8328, acc=99.6199|78.0919, fr=0.2980, cin|cout=0.004982|0.024890|4.9955, lr=0.0073, time=07.938629
-----------------------------


Best valid acc at epoch 0: 92

------ Training finished ------


**************  Trial 8  **************
Epoch 0: cin|cout=0.001423|0.015151|10.6475
-----------------------------

Epoch 1: loss=3.0131|3.3905, acc=25.5027|14.2226, fr=0.3076, cin|cout=0.007029|0.031168|4.4345, lr=0.0150, time=07.978574
-----------------------------

Epoch 2: loss=3.4278|2.3314, acc=25.9318|31.9346, fr=0.4125, cin|cout=0.010036|0.038231|3.8096, lr=0.0150, time=07.902595
-----------------------------

Epoch 3: loss=2.5295|1.7283, acc=43.1339|51.7668, fr=0.4098, cin|cout=0.011461|0.041109|3.5870, lr=0.0150, time=07.929643
-----------------------------

Epoch 4: loss=2.1557|1.3065, acc=56.4125|59.8940, fr=0.4250, cin|cout=0.012278|0.042401|3.4534, lr=0.0150, time=07.913923
-----------------------------

Epoch 5: loss=1.9490|1.2738, acc=62.1506|58.4806, fr=0.4527, cin|cout=0.012748|0.043331|3.3990, lr=0.0150, time=07.888730
-----------------------------

Epoch 6: loss=2.2988|1.1544, acc=60.4218|65.6802, fr=0.4324, cin|cout=0.013323|0.044868|3.3677, lr=0.0150, time=07.909765
-----------------------------

Epoch 7: loss=1.9613|0.9139, acc=67.6312|71.5548, fr=0.4559, cin|cout=0.013630|0.045660|3.3500, lr=0.0150, time=07.819258
-----------------------------

Epoch 8: loss=1.9471|1.0537, acc=69.4949|67.8004, fr=0.4667, cin|cout=0.013873|0.045542|3.2827, lr=0.0150, time=07.878310
-----------------------------

Epoch 9: loss=2.0039|0.9059, acc=67.4350|69.5230, fr=0.4494, cin|cout=0.014047|0.045678|3.2519, lr=0.0150, time=07.912218
-----------------------------

Epoch 10: loss=1.9914|1.0496, acc=69.9240|66.6078, fr=0.4502, cin|cout=0.014194|0.046000|3.2408, lr=0.0150, time=07.890392
-----------------------------

Epoch 11: loss=2.0789|0.8909, acc=71.8367|71.7756, fr=0.4413, cin|cout=0.014295|0.046046|3.2211, lr=0.0150, time=07.865616
-----------------------------

Epoch 12: loss=1.9468|0.8385, acc=76.5817|74.1166, fr=0.4190, cin|cout=0.014363|0.046165|3.2141, lr=0.0150, time=07.827604
-----------------------------

Epoch 13: loss=1.6689|0.7397, acc=80.4193|74.5141, fr=0.4266, cin|cout=0.014379|0.046325|3.2218, lr=0.0150, time=07.913617
-----------------------------

Epoch 14: loss=1.6318|0.8341, acc=82.7244|73.0565, fr=0.4365, cin|cout=0.014392|0.046406|3.2245, lr=0.0150, time=07.842558
-----------------------------

Epoch 15: loss=1.7307|0.6532, acc=83.4600|80.7862, fr=0.4104, cin|cout=0.014409|0.046369|3.2180, lr=0.0150, time=07.844153
-----------------------------

Epoch 16: loss=1.5707|0.7335, acc=85.7528|77.4735, fr=0.4248, cin|cout=0.014437|0.046279|3.2057, lr=0.0150, time=07.859671
-----------------------------

Epoch 17: loss=1.6107|0.7458, acc=85.9245|78.6661, fr=0.4331, cin|cout=0.014451|0.046261|3.2012, lr=0.0150, time=07.870708
-----------------------------

Epoch 18: loss=1.8235|0.7633, acc=83.2516|79.1961, fr=0.4481, cin|cout=0.014484|0.045810|3.1629, lr=0.0150, time=07.907969
-----------------------------

Epoch 19: loss=2.0624|0.7825, acc=82.3688|76.0159, fr=0.3583, cin|cout=0.014597|0.045236|3.0990, lr=0.0150, time=07.953098
-----------------------------

Epoch 20: loss=1.8350|0.7350, acc=86.2800|76.6343, fr=0.3977, cin|cout=0.014616|0.045163|3.0900, lr=0.0150, time=07.912303
-----------------------------

Epoch 21: loss=1.9359|0.8733, acc=81.8048|75.1767, fr=0.3905, cin|cout=0.014662|0.045326|3.0914, lr=0.0150, time=07.884870
-----------------------------

Epoch 22: loss=1.9123|1.0718, acc=83.2516|67.3587, fr=0.3687, cin|cout=0.014673|0.045480|3.0995, lr=0.0105, time=07.905745
-----------------------------

Epoch 23: loss=2.3212|0.7539, acc=77.4644|77.3410, fr=0.3589, cin|cout=0.014659|0.045601|3.1107, lr=0.0105, time=07.851714
-----------------------------

Epoch 24: loss=1.8342|0.6952, acc=86.9299|79.1961, fr=0.3658, cin|cout=0.014663|0.045576|3.1082, lr=0.0105, time=07.850959
-----------------------------

Epoch 25: loss=1.6708|0.7253, acc=90.2526|78.8428, fr=0.3654, cin|cout=0.014663|0.045580|3.1086, lr=0.0105, time=07.877693
-----------------------------

Epoch 26: loss=1.5933|0.6400, acc=91.6135|80.9629, fr=0.3686, cin|cout=0.014669|0.045582|3.1073, lr=0.0105, time=07.841611
-----------------------------

Epoch 27: loss=1.8092|0.9000, acc=85.2624|75.0000, fr=0.3502, cin|cout=0.014684|0.045605|3.1058, lr=0.0105, time=07.865346
-----------------------------

Epoch 28: loss=1.8213|0.7999, acc=85.9980|74.6466, fr=0.3263, cin|cout=0.014704|0.045579|3.0998, lr=0.0105, time=07.900812
-----------------------------

Epoch 29: loss=1.6642|0.7963, acc=89.8357|74.6025, fr=0.3391, cin|cout=0.014718|0.045564|3.0957, lr=0.0105, time=07.859578
-----------------------------

Epoch 30: loss=1.5814|0.7235, acc=92.6435|78.1360, fr=0.3444, cin|cout=0.014723|0.045573|3.0954, lr=0.0105, time=07.901685
-----------------------------

Epoch 31: loss=1.5366|0.7484, acc=93.8941|78.1802, fr=0.3499, cin|cout=0.014723|0.045568|3.0951, lr=0.0105, time=07.894525
-----------------------------

Epoch 32: loss=1.5075|0.6809, acc=94.4458|78.8428, fr=0.3536, cin|cout=0.014722|0.045569|3.0953, lr=0.0105, time=07.867840
-----------------------------

Epoch 33: loss=1.4814|0.6391, acc=95.0221|80.9187, fr=0.3602, cin|cout=0.014722|0.045571|3.0955, lr=0.0073, time=07.891387
-----------------------------

Epoch 34: loss=1.4600|0.6293, acc=95.8068|81.7138, fr=0.3635, cin|cout=0.014720|0.045575|3.0960, lr=0.0073, time=07.880510
-----------------------------

Epoch 35: loss=1.4511|0.6367, acc=96.0397|82.0230, fr=0.3617, cin|cout=0.014721|0.045576|3.0960, lr=0.0073, time=07.929608
-----------------------------


Best valid acc at epoch 0: 92

------ Training finished ------


**************  Trial 9  **************
Epoch 0: cin|cout=0.001453|0.014970|10.3023
-----------------------------

Epoch 1: loss=2.8493|4.2495, acc=30.6891|20.8039, fr=0.3394, cin|cout=0.005118|0.029605|5.7843, lr=0.0150, time=08.052634
-----------------------------

Epoch 2: loss=4.1421|3.6145, acc=20.2550|23.5866, fr=0.3262, cin|cout=0.008756|0.037756|4.3119, lr=0.0150, time=08.110307
-----------------------------

Epoch 3: loss=3.6734|2.8595, acc=28.8990|49.3816, fr=0.3187, cin|cout=0.009570|0.038328|4.0050, lr=0.0150, time=08.053385
-----------------------------

Epoch 4: loss=2.8700|2.3341, acc=51.4468|64.3551, fr=0.3919, cin|cout=0.009865|0.038843|3.9373, lr=0.0150, time=07.978753
-----------------------------

Epoch 5: loss=2.4550|2.0536, acc=66.1599|67.7562, fr=0.3611, cin|cout=0.009912|0.039254|3.9605, lr=0.0150, time=08.799665
-----------------------------

Epoch 6: loss=2.1435|1.6819, acc=71.2604|70.5830, fr=0.3379, cin|cout=0.009883|0.039420|3.9887, lr=0.0150, time=07.918276
-----------------------------

Epoch 7: loss=1.6937|1.1851, acc=73.5532|72.7032, fr=0.3319, cin|cout=0.009835|0.039286|3.9943, lr=0.0150, time=07.926498
-----------------------------

Epoch 8: loss=1.3307|0.9662, acc=83.3619|78.4452, fr=0.3591, cin|cout=0.009824|0.039336|4.0041, lr=0.0150, time=07.879788
-----------------------------

Epoch 9: loss=1.1061|0.7005, acc=88.6341|82.8622, fr=0.3769, cin|cout=0.009839|0.039423|4.0070, lr=0.0150, time=08.646230
-----------------------------

Epoch 10: loss=0.9013|0.6273, acc=93.0848|84.6290, fr=0.4119, cin|cout=0.009817|0.039463|4.0197, lr=0.0150, time=07.834593
-----------------------------

Epoch 11: loss=0.8329|0.5522, acc=95.9662|86.7491, fr=0.4393, cin|cout=0.009812|0.039584|4.0342, lr=0.0150, time=07.911094
-----------------------------

Epoch 12: loss=0.7834|0.5534, acc=97.5601|87.4558, fr=0.4468, cin|cout=0.009803|0.039611|4.0406, lr=0.0150, time=08.065464
-----------------------------

Epoch 13: loss=0.7574|0.5323, acc=98.2099|88.5601, fr=0.4600, cin|cout=0.009783|0.039601|4.0479, lr=0.0150, time=07.964631
-----------------------------

Epoch 14: loss=0.7375|0.5219, acc=98.9823|89.0018, fr=0.4604, cin|cout=0.009773|0.039659|4.0579, lr=0.0150, time=07.905631
-----------------------------

Epoch 15: loss=0.7179|0.4998, acc=99.3134|88.4276, fr=0.4662, cin|cout=0.009777|0.039537|4.0437, lr=0.0150, time=07.880232
-----------------------------

Epoch 16: loss=0.7031|0.5104, acc=99.5831|88.6484, fr=0.4723, cin|cout=0.009762|0.039503|4.0465, lr=0.0150, time=07.855810
-----------------------------

Epoch 17: loss=0.6917|0.5209, acc=99.7303|87.9417, fr=0.4813, cin|cout=0.009752|0.039467|4.0470, lr=0.0150, time=07.893720
-----------------------------

Epoch 18: loss=0.6821|0.4871, acc=99.8406|89.0901, fr=0.4846, cin|cout=0.009740|0.039501|4.0555, lr=0.0150, time=07.932789
-----------------------------

Epoch 19: loss=0.6828|0.5195, acc=99.7548|89.2668, fr=0.4902, cin|cout=0.009738|0.039484|4.0547, lr=0.0150, time=07.940666
-----------------------------

Epoch 20: loss=0.6743|0.4952, acc=99.8774|89.3110, fr=0.4912, cin|cout=0.009708|0.039525|4.0713, lr=0.0150, time=07.933204
-----------------------------

Epoch 21: loss=0.6676|0.5003, acc=99.9264|89.3110, fr=0.4942, cin|cout=0.009694|0.039498|4.0746, lr=0.0150, time=08.008908
-----------------------------

Epoch 22: loss=0.6622|0.5251, acc=99.9632|88.6926, fr=0.4987, cin|cout=0.009709|0.039531|4.0717, lr=0.0150, time=08.028349
-----------------------------

Epoch 23: loss=0.6624|0.5118, acc=99.9755|88.8251, fr=0.4973, cin|cout=0.009702|0.039525|4.0739, lr=0.0150, time=07.875652
-----------------------------

Epoch 24: loss=0.6601|0.5249, acc=99.9877|89.4435, fr=0.5003, cin|cout=0.009686|0.039587|4.0870, lr=0.0150, time=07.922718
-----------------------------

Epoch 25: loss=0.6557|0.4989, acc=100.0000|89.6201, fr=0.4992, cin|cout=0.009701|0.039577|4.0797, lr=0.0150, time=07.858375
-----------------------------

Epoch 26: loss=0.6526|0.5520, acc=99.9877|88.2951, fr=0.5026, cin|cout=0.009704|0.039547|4.0754, lr=0.0150, time=07.886112
-----------------------------

Epoch 27: loss=0.6502|0.4846, acc=100.0000|91.2986, fr=0.5043, cin|cout=0.009701|0.039503|4.0722, lr=0.0150, time=07.894098
-----------------------------

Epoch 28: loss=0.6476|0.4996, acc=99.9877|90.4594, fr=0.5109, cin|cout=0.009692|0.039535|4.0790, lr=0.0150, time=07.889074
-----------------------------

Epoch 29: loss=0.6473|0.5032, acc=99.9632|90.0177, fr=0.5109, cin|cout=0.009692|0.039502|4.0757, lr=0.0150, time=07.958098
-----------------------------

