===== Exp configuration =====
neuron_type:		RadLIF
nb_inputs:		700
nb_outputs:		20
nb_layers:		3
nb_hiddens:		1024
nb_steps:		100
pdrop:		0.1
normalization:		batchnorm
use_bias:		False
bidirectional:		False
date:		07-31-19-01
use_pretrained_model:		False
only_do_testing:		False
load_exp_folder:		None
new_exp_folder:		./log/07-31-19-01
dataset_name:		shd
data_folder:		data/raw/
batch_size:		128
nb_epochs:		30
train_input_layer:		False
trial:		5
seed:		1690801283
dropout:		0.88
dropout_stop:		0.95
dropout_stepping:		0.0
ckpt_freq:		5
clustering:		False
clustering_factor:		[0.1, 0.25]
cin_minmax:		[0.001, 0.05]
cout_minmax:		[0.05, 0.2]
nb_cluster:		8
nb_per_cluster:		128
noise_test:		0.2
start_epoch:		0
lr:		0.01
scheduler_patience:		2
scheduler_factor:		0.7
use_regularizers:		False
reg_factor:		0.5
reg_fmin:		0.01
reg_fmax:		0.1
use_augm:		False
use_readout_layer:		True
threshold:		1.0
device:		cuda

Device is set to cuda
checkpoint_dir: ./log/07-31-19-01/checkpoints/

Number of examples in train set: 8156
SHD does not have a validation split. Using test split.
Number of examples in test set: 2264

Created new spiking model:
 SNN(
  (snn): ModuleList(
    (0): RadLIFLayer(
      (W): Linear(in_features=700, out_features=1024, bias=False)
      (V): Linear(in_features=1024, out_features=1024, bias=False)
      (norm): BatchNorm1d(1024, eps=1e-05, momentum=0.05, affine=True, track_running_stats=True)
      (drop): Dropout(p=0.1, inplace=False)
    )
    (1): RadLIFLayer(
      (W): Linear(in_features=1024, out_features=1024, bias=False)
      (V): Linear(in_features=1024, out_features=1024, bias=False)
      (norm): BatchNorm1d(1024, eps=1e-05, momentum=0.05, affine=True, track_running_stats=True)
      (drop): Dropout(p=0.1, inplace=False)
    )
    (2): ReadoutLayer(
      (W): Linear(in_features=1024, out_features=20, bias=False)
      (norm): BatchNorm1d(20, eps=1e-05, momentum=0.05, affine=True, track_running_stats=True)
      (drop): Dropout(p=0.1, inplace=False)
    )
  )
)

Total number of trainable parameters is 2129980

---------------Trial:1---------------


------ Begin training ------

Epoch 1: train loss=8.9768, acc=0.0553, fr=0.0606, lr=0.0100, time=0:00:31.146469, cin=0.000038, 0.000096, cout=0.004843, 0.004665
Epoch 1: valid loss=5.0006, acc=0.0481, fr=0.0611, mask=0.8800, time=0:00:05.891246

Best model saved with valid acc=0.04809816919191919

-----------------------------

Epoch 2: train loss=9.0134, acc=0.0518, fr=0.0607, lr=0.0100, time=0:00:29.370190, cin=0.000039, 0.000087, cout=0.005639, 0.004788
Epoch 2: valid loss=8.7752, acc=0.0445, fr=0.0638, mask=0.8810, time=0:00:05.739032

-----------------------------

Epoch 3: train loss=8.9816, acc=0.0499, fr=0.0606, lr=0.0100, time=0:00:29.223467, cin=0.000039, 0.000087, cout=0.005639, 0.004788
Epoch 3: valid loss=9.2933, acc=0.0438, fr=0.0641, mask=0.8810, time=0:00:05.757812

-----------------------------

Epoch 4: train loss=8.9903, acc=0.0511, fr=0.0606, lr=0.0100, time=0:00:29.555398, cin=0.000039, 0.000087, cout=0.005639, 0.004788
Epoch 4: valid loss=9.1220, acc=0.0440, fr=0.0641, mask=0.8810, time=0:00:05.787342

-----------------------------

Epoch 5: train loss=8.9596, acc=0.0481, fr=0.0608, lr=0.0070, time=0:00:29.408143, cin=0.000039, 0.000087, cout=0.005639, 0.004788
Epoch 5: valid loss=9.1895, acc=0.0494, fr=0.0640, mask=0.8810, time=0:00:05.837662

Best model saved with valid acc=0.04940025252525252

-----------------------------

Epoch 6: train loss=8.9342, acc=0.0500, fr=0.0606, lr=0.0070, time=0:00:29.446179, cin=0.000039, 0.000087, cout=0.005627, 0.004788
Epoch 6: valid loss=9.0888, acc=0.0462, fr=0.0642, mask=0.8810, time=0:00:06.077069

-----------------------------

Epoch 7: train loss=8.9554, acc=0.0524, fr=0.0607, lr=0.0070, time=0:00:29.853311, cin=0.000039, 0.000087, cout=0.005627, 0.004788
Epoch 7: valid loss=8.9129, acc=0.0550, fr=0.0640, mask=0.8810, time=0:00:06.062189

Best model saved with valid acc=0.05500315656565656

-----------------------------

Epoch 8: train loss=9.0003, acc=0.0476, fr=0.0606, lr=0.0070, time=0:00:29.651426, cin=0.000039, 0.000087, cout=0.005627, 0.004788
Epoch 8: valid loss=9.1168, acc=0.0418, fr=0.0641, mask=0.8810, time=0:00:05.840142

-----------------------------

Epoch 9: train loss=8.9300, acc=0.0519, fr=0.0607, lr=0.0070, time=0:00:29.453729, cin=0.000039, 0.000087, cout=0.005627, 0.004788
Epoch 9: valid loss=8.9496, acc=0.0509, fr=0.0639, mask=0.8810, time=0:00:05.836120

-----------------------------

Epoch 10: train loss=9.0014, acc=0.0512, fr=0.0607, lr=0.0070, time=0:00:29.497858, cin=0.000039, 0.000087, cout=0.005627, 0.004788
Epoch 10: valid loss=8.9953, acc=0.0576, fr=0.0640, mask=0.8810, time=0:00:05.866067

Best model saved with valid acc=0.05760732323232323

-----------------------------

Epoch 11: train loss=9.0075, acc=0.0473, fr=0.0607, lr=0.0070, time=0:00:29.431817, cin=0.000039, 0.000087, cout=0.005627, 0.004788
Epoch 11: valid loss=9.2750, acc=0.0578, fr=0.0640, mask=0.8810, time=0:00:05.773915

Best model saved with valid acc=0.05780460858585859

-----------------------------

Epoch 12: train loss=8.9625, acc=0.0489, fr=0.0607, lr=0.0070, time=0:00:29.351439, cin=0.000039, 0.000087, cout=0.005627, 0.004788
Epoch 12: valid loss=9.0916, acc=0.0529, fr=0.0641, mask=0.8810, time=0:00:05.929537

-----------------------------

Epoch 13: train loss=8.9283, acc=0.0478, fr=0.0607, lr=0.0070, time=0:00:29.427776, cin=0.000039, 0.000087, cout=0.005627, 0.004785
Epoch 13: valid loss=9.2576, acc=0.0403, fr=0.0641, mask=0.8810, time=0:00:05.844368

-----------------------------

Epoch 14: train loss=8.9261, acc=0.0526, fr=0.0606, lr=0.0070, time=0:00:29.426301, cin=0.000039, 0.000087, cout=0.005627, 0.004785
Epoch 14: valid loss=9.0486, acc=0.0511, fr=0.0641, mask=0.8810, time=0:00:05.900708

-----------------------------

Epoch 15: train loss=8.9438, acc=0.0512, fr=0.0607, lr=0.0049, time=0:00:29.497700, cin=0.000039, 0.000087, cout=0.005627, 0.004785
Epoch 15: valid loss=9.0996, acc=0.0474, fr=0.0640, mask=0.8810, time=0:00:05.927600

-----------------------------

Epoch 16: train loss=9.0080, acc=0.0474, fr=0.0606, lr=0.0049, time=0:00:29.614629, cin=0.000039, 0.000087, cout=0.005627, 0.004785
Epoch 16: valid loss=8.9661, acc=0.0525, fr=0.0641, mask=0.8810, time=0:00:05.959285

-----------------------------

Epoch 17: train loss=8.9935, acc=0.0501, fr=0.0607, lr=0.0049, time=0:00:29.655625, cin=0.000039, 0.000087, cout=0.005627, 0.004785
Epoch 17: valid loss=9.1952, acc=0.0464, fr=0.0641, mask=0.8810, time=0:00:06.149234

-----------------------------

Epoch 18: train loss=8.8640, acc=0.0516, fr=0.0606, lr=0.0034, time=0:00:29.777024, cin=0.000039, 0.000087, cout=0.005627, 0.004785
Epoch 18: valid loss=8.9558, acc=0.0437, fr=0.0640, mask=0.8810, time=0:00:05.856189

-----------------------------

Epoch 19: train loss=8.9684, acc=0.0475, fr=0.0606, lr=0.0034, time=0:00:29.845124, cin=0.000039, 0.000087, cout=0.005627, 0.004785
Epoch 19: valid loss=9.0652, acc=0.0520, fr=0.0641, mask=0.8810, time=0:00:05.922028

-----------------------------

Epoch 20: train loss=9.0390, acc=0.0467, fr=0.0606, lr=0.0034, time=0:00:29.987417, cin=0.000039, 0.000087, cout=0.005627, 0.004785
Epoch 20: valid loss=9.0996, acc=0.0499, fr=0.0641, mask=0.8810, time=0:00:05.866194

-----------------------------

Epoch 21: train loss=8.9940, acc=0.0474, fr=0.0606, lr=0.0024, time=0:00:29.541048, cin=0.000039, 0.000087, cout=0.005627, 0.004785
Epoch 21: valid loss=9.1364, acc=0.0483, fr=0.0641, mask=0.8810, time=0:00:06.008510

-----------------------------

Epoch 22: train loss=8.9824, acc=0.0533, fr=0.0607, lr=0.0024, time=0:00:29.694302, cin=0.000039, 0.000087, cout=0.005627, 0.004785
Epoch 22: valid loss=8.9226, acc=0.0565, fr=0.0640, mask=0.8810, time=0:00:05.892219

-----------------------------

Epoch 23: train loss=8.9543, acc=0.0454, fr=0.0606, lr=0.0024, time=0:00:29.943194, cin=0.000039, 0.000087, cout=0.005627, 0.004785
Epoch 23: valid loss=9.3104, acc=0.0408, fr=0.0642, mask=0.8810, time=0:00:05.918879

-----------------------------

Epoch 24: train loss=8.9057, acc=0.0482, fr=0.0606, lr=0.0017, time=0:00:29.853099, cin=0.000039, 0.000087, cout=0.005627, 0.004785
Epoch 24: valid loss=9.0624, acc=0.0526, fr=0.0641, mask=0.8810, time=0:00:05.951486

-----------------------------

Epoch 25: train loss=8.9840, acc=0.0518, fr=0.0607, lr=0.0017, time=0:00:30.433556, cin=0.000039, 0.000087, cout=0.005627, 0.004785
Epoch 25: valid loss=9.0430, acc=0.0444, fr=0.0640, mask=0.8810, time=0:00:06.008006

-----------------------------

Epoch 26: train loss=9.0095, acc=0.0456, fr=0.0607, lr=0.0017, time=0:00:29.885843, cin=0.000039, 0.000087, cout=0.005627, 0.004785
Epoch 26: valid loss=9.2204, acc=0.0494, fr=0.0641, mask=0.8810, time=0:00:05.911242

-----------------------------

Epoch 27: train loss=9.0548, acc=0.0458, fr=0.0606, lr=0.0012, time=0:00:29.919481, cin=0.000039, 0.000087, cout=0.005627, 0.004785
Epoch 27: valid loss=8.7433, acc=0.0616, fr=0.0640, mask=0.8810, time=0:00:06.026335

Best model saved with valid acc=0.061553030303030304

-----------------------------

Epoch 28: train loss=8.9870, acc=0.0512, fr=0.0606, lr=0.0012, time=0:00:30.018457, cin=0.000039, 0.000087, cout=0.005627, 0.004785
Epoch 28: valid loss=9.0922, acc=0.0529, fr=0.0641, mask=0.8810, time=0:00:05.986341

-----------------------------

Epoch 29: train loss=9.0082, acc=0.0497, fr=0.0607, lr=0.0012, time=0:00:29.725167, cin=0.000039, 0.000087, cout=0.005627, 0.004785
Epoch 29: valid loss=8.9812, acc=0.0546, fr=0.0639, mask=0.8810, time=0:00:06.036527

-----------------------------

Epoch 30: train loss=8.9369, acc=0.0522, fr=0.0606, lr=0.0012, time=0:00:29.954404, cin=0.000039, 0.000087, cout=0.005627, 0.004785
Epoch 30: valid loss=9.0978, acc=0.0528, fr=0.0641, mask=0.8810, time=0:00:06.032978

-----------------------------


Best valid acc at epoch 27: 0.061553030303030304


------ Training finished ------


---------------Trial:2---------------


------ Begin training ------

Epoch 1: train loss=9.1405, acc=0.0477, fr=0.0608, lr=0.0008, time=0:00:30.066343, cin=0.000072, 0.000052, cout=0.007472, 0.003515
Epoch 1: valid loss=4.9736, acc=0.0448, fr=0.0621, mask=0.8800, time=0:00:05.944407

Best model saved with valid acc=0.04482323232323232

-----------------------------

Epoch 2: train loss=9.0285, acc=0.0516, fr=0.0608, lr=0.0008, time=0:00:29.917107, cin=0.000088, 0.000049, cout=0.007555, 0.004109
Epoch 2: valid loss=8.7730, acc=0.0541, fr=0.0642, mask=0.8810, time=0:00:06.079093

Best model saved with valid acc=0.05413510101010101

-----------------------------

Epoch 3: train loss=8.9818, acc=0.0491, fr=0.0609, lr=0.0008, time=0:00:30.104838, cin=0.000088, 0.000049, cout=0.007555, 0.004109
Epoch 3: valid loss=9.1746, acc=0.0507, fr=0.0645, mask=0.8810, time=0:00:06.149282

-----------------------------

Epoch 4: train loss=9.0451, acc=0.0514, fr=0.0609, lr=0.0006, time=0:00:29.848157, cin=0.000088, 0.000049, cout=0.007555, 0.004109
Epoch 4: valid loss=9.4006, acc=0.0483, fr=0.0645, mask=0.8810, time=0:00:05.905439

-----------------------------

Epoch 5: train loss=9.0256, acc=0.0547, fr=0.0608, lr=0.0006, time=0:00:29.868811, cin=0.000088, 0.000049, cout=0.007555, 0.004109
Epoch 5: valid loss=9.2893, acc=0.0550, fr=0.0645, mask=0.8810, time=0:00:06.013272

Best model saved with valid acc=0.05504261363636363

-----------------------------

Epoch 6: train loss=8.9573, acc=0.0562, fr=0.0609, lr=0.0006, time=0:00:30.118116, cin=0.000088, 0.000049, cout=0.007555, 0.004109
Epoch 6: valid loss=9.1768, acc=0.0488, fr=0.0644, mask=0.8810, time=0:00:05.953456

-----------------------------

Epoch 7: train loss=9.0760, acc=0.0544, fr=0.0608, lr=0.0004, time=0:00:29.884912, cin=0.000088, 0.000049, cout=0.007555, 0.004109
Epoch 7: valid loss=9.3687, acc=0.0472, fr=0.0645, mask=0.8810, time=0:00:06.302337

-----------------------------

Epoch 8: train loss=9.0535, acc=0.0516, fr=0.0607, lr=0.0004, time=0:00:29.901044, cin=0.000088, 0.000049, cout=0.007555, 0.004109
Epoch 8: valid loss=9.2130, acc=0.0513, fr=0.0645, mask=0.8810, time=0:00:05.909907

-----------------------------

Epoch 9: train loss=9.1380, acc=0.0476, fr=0.0608, lr=0.0004, time=0:00:29.828129, cin=0.000087, 0.000049, cout=0.007543, 0.004109
Epoch 9: valid loss=9.5548, acc=0.0427, fr=0.0646, mask=0.8810, time=0:00:05.985389

-----------------------------

Epoch 10: train loss=9.0530, acc=0.0496, fr=0.0608, lr=0.0003, time=0:00:29.764437, cin=0.000087, 0.000049, cout=0.007543, 0.004109
Epoch 10: valid loss=9.2114, acc=0.0557, fr=0.0645, mask=0.8810, time=0:00:06.054740

Best model saved with valid acc=0.05571338383838384

-----------------------------

Epoch 11: train loss=9.1208, acc=0.0450, fr=0.0609, lr=0.0003, time=0:00:30.137140, cin=0.000087, 0.000049, cout=0.007543, 0.004109
Epoch 11: valid loss=9.2435, acc=0.0532, fr=0.0646, mask=0.8810, time=0:00:06.123851

-----------------------------

Epoch 12: train loss=9.0668, acc=0.0501, fr=0.0608, lr=0.0003, time=0:00:30.190651, cin=0.000087, 0.000049, cout=0.007543, 0.004109
Epoch 12: valid loss=9.0847, acc=0.0563, fr=0.0644, mask=0.8810, time=0:00:05.965877

Best model saved with valid acc=0.056305239898989896

-----------------------------

Epoch 13: train loss=9.0108, acc=0.0528, fr=0.0608, lr=0.0002, time=0:00:29.893165, cin=0.000087, 0.000049, cout=0.007543, 0.004109
Epoch 13: valid loss=8.9495, acc=0.0576, fr=0.0644, mask=0.8810, time=0:00:05.967551

Best model saved with valid acc=0.057646780303030304

-----------------------------

Epoch 14: train loss=9.0975, acc=0.0497, fr=0.0608, lr=0.0002, time=0:00:29.851802, cin=0.000087, 0.000049, cout=0.007543, 0.004109
Epoch 14: valid loss=9.4726, acc=0.0506, fr=0.0645, mask=0.8810, time=0:00:05.930630

-----------------------------

Epoch 15: train loss=9.0952, acc=0.0510, fr=0.0608, lr=0.0002, time=0:00:29.704014, cin=0.000087, 0.000049, cout=0.007543, 0.004109
Epoch 15: valid loss=9.3140, acc=0.0496, fr=0.0646, mask=0.8810, time=0:00:06.037509

-----------------------------

Epoch 16: train loss=9.1376, acc=0.0548, fr=0.0608, lr=0.0001, time=0:00:30.307031, cin=0.000087, 0.000049, cout=0.007543, 0.004109
Epoch 16: valid loss=9.2040, acc=0.0513, fr=0.0644, mask=0.8810, time=0:00:05.949338

-----------------------------

Epoch 17: train loss=9.0685, acc=0.0517, fr=0.0609, lr=0.0001, time=0:00:30.109207, cin=0.000087, 0.000049, cout=0.007543, 0.004109
Epoch 17: valid loss=8.9882, acc=0.0461, fr=0.0644, mask=0.8810, time=0:00:06.042029

-----------------------------

Epoch 18: train loss=9.0925, acc=0.0482, fr=0.0607, lr=0.0001, time=0:00:29.772430, cin=0.000087, 0.000049, cout=0.007543, 0.004109
Epoch 18: valid loss=9.5384, acc=0.0511, fr=0.0644, mask=0.8810, time=0:00:05.878556

-----------------------------

Epoch 19: train loss=9.0736, acc=0.0504, fr=0.0607, lr=0.0001, time=0:00:30.292322, cin=0.000087, 0.000049, cout=0.007543, 0.004109
Epoch 19: valid loss=8.9815, acc=0.0555, fr=0.0646, mask=0.8810, time=0:00:06.041162

-----------------------------

Epoch 20: train loss=9.0739, acc=0.0525, fr=0.0607, lr=0.0001, time=0:00:29.880716, cin=0.000087, 0.000049, cout=0.007543, 0.004109
Epoch 20: valid loss=9.0839, acc=0.0578, fr=0.0644, mask=0.8810, time=0:00:06.030213

Best model saved with valid acc=0.05784406565656566

-----------------------------

Epoch 21: train loss=9.0774, acc=0.0546, fr=0.0608, lr=0.0001, time=0:00:30.107723, cin=0.000087, 0.000049, cout=0.007543, 0.004109
Epoch 21: valid loss=9.0282, acc=0.0496, fr=0.0644, mask=0.8810, time=0:00:05.938626

-----------------------------

Epoch 22: train loss=9.1120, acc=0.0482, fr=0.0608, lr=0.0001, time=0:00:30.109330, cin=0.000087, 0.000049, cout=0.007543, 0.004109
Epoch 22: valid loss=9.3097, acc=0.0470, fr=0.0645, mask=0.8810, time=0:00:06.044966

-----------------------------

Epoch 23: train loss=9.1554, acc=0.0509, fr=0.0608, lr=0.0001, time=0:00:30.297965, cin=0.000087, 0.000049, cout=0.007543, 0.004109
Epoch 23: valid loss=9.1163, acc=0.0470, fr=0.0645, mask=0.8810, time=0:00:06.034806

-----------------------------

Epoch 24: train loss=9.0631, acc=0.0521, fr=0.0608, lr=0.0001, time=0:00:30.142955, cin=0.000087, 0.000049, cout=0.007543, 0.004109
Epoch 24: valid loss=9.1900, acc=0.0492, fr=0.0645, mask=0.8810, time=0:00:05.994424

-----------------------------

Epoch 25: train loss=9.0178, acc=0.0544, fr=0.0608, lr=0.0000, time=0:00:30.103376, cin=0.000087, 0.000049, cout=0.007543, 0.004109
Epoch 25: valid loss=8.9482, acc=0.0580, fr=0.0644, mask=0.8810, time=0:00:05.886687

Best model saved with valid acc=0.05804135101010101

-----------------------------

Epoch 26: train loss=9.0855, acc=0.0525, fr=0.0609, lr=0.0000, time=0:00:30.002512, cin=0.000087, 0.000049, cout=0.007543, 0.004109
Epoch 26: valid loss=9.5108, acc=0.0408, fr=0.0645, mask=0.8810, time=0:00:06.005240

-----------------------------

Epoch 27: train loss=9.0402, acc=0.0536, fr=0.0608, lr=0.0000, time=0:00:30.133032, cin=0.000087, 0.000049, cout=0.007543, 0.004109
Epoch 27: valid loss=9.1697, acc=0.0501, fr=0.0645, mask=0.8810, time=0:00:06.012787

-----------------------------

Epoch 28: train loss=9.1405, acc=0.0475, fr=0.0608, lr=0.0000, time=0:00:30.240492, cin=0.000087, 0.000049, cout=0.007543, 0.004109
Epoch 28: valid loss=9.0897, acc=0.0516, fr=0.0644, mask=0.8810, time=0:00:06.075102

-----------------------------

Epoch 29: train loss=9.1183, acc=0.0483, fr=0.0608, lr=0.0000, time=0:00:30.155287, cin=0.000087, 0.000049, cout=0.007543, 0.004109
Epoch 29: valid loss=9.3014, acc=0.0509, fr=0.0646, mask=0.8810, time=0:00:06.113746

-----------------------------

Epoch 30: train loss=9.0887, acc=0.0524, fr=0.0608, lr=0.0000, time=0:00:30.300127, cin=0.000087, 0.000049, cout=0.007543, 0.004109
Epoch 30: valid loss=9.1517, acc=0.0489, fr=0.0645, mask=0.8810, time=0:00:06.111429

-----------------------------


Best valid acc at epoch 25: 0.05804135101010101


------ Training finished ------


---------------Trial:3---------------


------ Begin training ------

Epoch 1: train loss=8.4576, acc=0.0477, fr=0.0607, lr=0.0000, time=0:00:30.230512, cin=0.000053, 0.000054, cout=0.009776, 0.007177
Epoch 1: valid loss=4.6835, acc=0.0519, fr=0.0624, mask=0.8800, time=0:00:06.086623

Best model saved with valid acc=0.051925505050505055

-----------------------------

Epoch 2: train loss=8.4524, acc=0.0493, fr=0.0608, lr=0.0000, time=0:00:30.120269, cin=0.000055, 0.000049, cout=0.009836, 0.007974
Epoch 2: valid loss=8.1032, acc=0.0526, fr=0.0641, mask=0.8810, time=0:00:05.893296

Best model saved with valid acc=0.052596275252525256

-----------------------------

Epoch 3: train loss=8.3948, acc=0.0491, fr=0.0608, lr=0.0000, time=0:00:30.051143, cin=0.000055, 0.000049, cout=0.009836, 0.007974
Epoch 3: valid loss=8.7833, acc=0.0466, fr=0.0645, mask=0.8810, time=0:00:06.176116

-----------------------------

Epoch 4: train loss=8.5709, acc=0.0477, fr=0.0608, lr=0.0000, time=0:00:30.259472, cin=0.000055, 0.000049, cout=0.009836, 0.007974
Epoch 4: valid loss=8.5306, acc=0.0566, fr=0.0645, mask=0.8810, time=0:00:05.925634

Best model saved with valid acc=0.0565814393939394

-----------------------------

Epoch 5: train loss=8.4596, acc=0.0495, fr=0.0608, lr=0.0000, time=0:00:30.024069, cin=0.000055, 0.000049, cout=0.009836, 0.007974
Epoch 5: valid loss=8.4339, acc=0.0589, fr=0.0643, mask=0.8810, time=0:00:06.031017

Best model saved with valid acc=0.05894886363636363

-----------------------------

Epoch 6: train loss=8.4276, acc=0.0524, fr=0.0607, lr=0.0000, time=0:00:31.549604, cin=0.000055, 0.000049, cout=0.009836, 0.007974
Epoch 6: valid loss=8.6170, acc=0.0559, fr=0.0645, mask=0.8810, time=0:00:06.149298

-----------------------------

Epoch 7: train loss=8.4143, acc=0.0522, fr=0.0608, lr=0.0000, time=0:00:30.689131, cin=0.000055, 0.000049, cout=0.009836, 0.007974
Epoch 7: valid loss=8.6357, acc=0.0522, fr=0.0644, mask=0.8810, time=0:00:06.029275

-----------------------------

Epoch 8: train loss=8.3593, acc=0.0504, fr=0.0608, lr=0.0000, time=0:00:30.163693, cin=0.000055, 0.000049, cout=0.009836, 0.007974
Epoch 8: valid loss=8.5316, acc=0.0530, fr=0.0643, mask=0.8810, time=0:00:06.057214

-----------------------------

Epoch 9: train loss=8.4730, acc=0.0474, fr=0.0608, lr=0.0000, time=0:00:30.603019, cin=0.000055, 0.000049, cout=0.009836, 0.007974
Epoch 9: valid loss=8.5562, acc=0.0521, fr=0.0644, mask=0.8810, time=0:00:06.048981

-----------------------------

Epoch 10: train loss=8.4257, acc=0.0519, fr=0.0607, lr=0.0000, time=0:00:30.720994, cin=0.000055, 0.000049, cout=0.009836, 0.007974
Epoch 10: valid loss=8.4831, acc=0.0560, fr=0.0644, mask=0.8810, time=0:00:06.018459

-----------------------------

Epoch 11: train loss=8.5124, acc=0.0481, fr=0.0609, lr=0.0000, time=0:00:30.416856, cin=0.000055, 0.000049, cout=0.009836, 0.007974
Epoch 11: valid loss=8.6633, acc=0.0477, fr=0.0643, mask=0.8810, time=0:00:06.074710

-----------------------------

Epoch 12: train loss=8.4648, acc=0.0476, fr=0.0608, lr=0.0000, time=0:00:30.232834, cin=0.000055, 0.000049, cout=0.009836, 0.007974
Epoch 12: valid loss=8.6647, acc=0.0574, fr=0.0644, mask=0.8810, time=0:00:06.001832

-----------------------------

Epoch 13: train loss=8.4876, acc=0.0527, fr=0.0608, lr=0.0000, time=0:00:30.323779, cin=0.000055, 0.000049, cout=0.009836, 0.007974
Epoch 13: valid loss=8.3960, acc=0.0598, fr=0.0643, mask=0.8810, time=0:00:05.991952

Best model saved with valid acc=0.05981691919191919

-----------------------------

Epoch 14: train loss=8.4564, acc=0.0481, fr=0.0608, lr=0.0000, time=0:00:30.160268, cin=0.000055, 0.000049, cout=0.009836, 0.007974
Epoch 14: valid loss=8.4040, acc=0.0458, fr=0.0644, mask=0.8810, time=0:00:05.834947

-----------------------------

Epoch 15: train loss=8.4169, acc=0.0523, fr=0.0608, lr=0.0000, time=0:00:30.340832, cin=0.000055, 0.000049, cout=0.009836, 0.007974
Epoch 15: valid loss=8.4593, acc=0.0560, fr=0.0644, mask=0.8810, time=0:00:06.174827

-----------------------------

Epoch 16: train loss=8.4243, acc=0.0504, fr=0.0608, lr=0.0000, time=0:00:30.152942, cin=0.000055, 0.000049, cout=0.009836, 0.007974
Epoch 16: valid loss=8.6395, acc=0.0468, fr=0.0644, mask=0.8810, time=0:00:06.118980

-----------------------------

Epoch 17: train loss=8.4293, acc=0.0510, fr=0.0607, lr=0.0000, time=0:00:30.331248, cin=0.000055, 0.000049, cout=0.009836, 0.007974
Epoch 17: valid loss=8.7530, acc=0.0459, fr=0.0644, mask=0.8810, time=0:00:06.032013

-----------------------------

Epoch 18: train loss=8.4552, acc=0.0475, fr=0.0608, lr=0.0000, time=0:00:30.546477, cin=0.000055, 0.000049, cout=0.009836, 0.007974
Epoch 18: valid loss=8.7192, acc=0.0540, fr=0.0644, mask=0.8810, time=0:00:06.541970

-----------------------------

Epoch 19: train loss=8.4560, acc=0.0494, fr=0.0607, lr=0.0000, time=0:00:33.059065, cin=0.000055, 0.000049, cout=0.009836, 0.007974
Epoch 19: valid loss=8.7927, acc=0.0440, fr=0.0644, mask=0.8810, time=0:00:06.557042

-----------------------------

Epoch 20: train loss=8.4616, acc=0.0498, fr=0.0608, lr=0.0000, time=0:00:30.256640, cin=0.000055, 0.000049, cout=0.009836, 0.007974
Epoch 20: valid loss=8.6239, acc=0.0451, fr=0.0643, mask=0.8810, time=0:00:06.026820

-----------------------------

Epoch 21: train loss=8.5520, acc=0.0474, fr=0.0607, lr=0.0000, time=0:00:30.282513, cin=0.000055, 0.000049, cout=0.009836, 0.007974
Epoch 21: valid loss=8.5607, acc=0.0606, fr=0.0644, mask=0.8810, time=0:00:05.968137

Best model saved with valid acc=0.06064551767676767

-----------------------------

Epoch 22: train loss=8.3800, acc=0.0505, fr=0.0608, lr=0.0000, time=0:00:30.410242, cin=0.000055, 0.000049, cout=0.009836, 0.007974
Epoch 22: valid loss=8.4278, acc=0.0511, fr=0.0644, mask=0.8810, time=0:00:05.908274

-----------------------------

Epoch 23: train loss=8.3908, acc=0.0508, fr=0.0608, lr=0.0000, time=0:00:30.428650, cin=0.000055, 0.000049, cout=0.009836, 0.007974
Epoch 23: valid loss=8.4892, acc=0.0501, fr=0.0644, mask=0.8810, time=0:00:06.111806

-----------------------------

Epoch 24: train loss=8.4566, acc=0.0492, fr=0.0608, lr=0.0000, time=0:00:30.035396, cin=0.000055, 0.000049, cout=0.009836, 0.007974
Epoch 24: valid loss=8.5662, acc=0.0496, fr=0.0644, mask=0.8810, time=0:00:06.066572

-----------------------------

Epoch 25: train loss=8.4910, acc=0.0492, fr=0.0607, lr=0.0000, time=0:00:30.080847, cin=0.000055, 0.000049, cout=0.009836, 0.007974
Epoch 25: valid loss=8.5497, acc=0.0511, fr=0.0644, mask=0.8810, time=0:00:06.034007

-----------------------------

Epoch 26: train loss=8.4628, acc=0.0485, fr=0.0608, lr=0.0000, time=0:00:30.111377, cin=0.000055, 0.000049, cout=0.009836, 0.007974
Epoch 26: valid loss=8.4158, acc=0.0504, fr=0.0645, mask=0.8810, time=0:00:06.052629

-----------------------------

Epoch 27: train loss=8.4155, acc=0.0498, fr=0.0608, lr=0.0000, time=0:00:30.474116, cin=0.000055, 0.000049, cout=0.009836, 0.007974
Epoch 27: valid loss=8.6550, acc=0.0490, fr=0.0643, mask=0.8810, time=0:00:05.881775

-----------------------------

Epoch 28: train loss=8.4765, acc=0.0476, fr=0.0607, lr=0.0000, time=0:00:30.169605, cin=0.000055, 0.000049, cout=0.009836, 0.007974
Epoch 28: valid loss=8.6213, acc=0.0455, fr=0.0644, mask=0.8810, time=0:00:06.074358

-----------------------------

Epoch 29: train loss=8.4503, acc=0.0504, fr=0.0608, lr=0.0000, time=0:00:30.342434, cin=0.000055, 0.000049, cout=0.009836, 0.007974
Epoch 29: valid loss=8.5947, acc=0.0505, fr=0.0643, mask=0.8810, time=0:00:06.006873

-----------------------------

Epoch 30: train loss=8.3287, acc=0.0495, fr=0.0607, lr=0.0000, time=0:00:30.532519, cin=0.000055, 0.000049, cout=0.009836, 0.007974
Epoch 30: valid loss=8.6805, acc=0.0459, fr=0.0644, mask=0.8810, time=0:00:06.106017

-----------------------------


Best valid acc at epoch 21: 0.06064551767676767


------ Training finished ------


---------------Trial:4---------------


------ Begin training ------

Epoch 1: train loss=9.1519, acc=0.0505, fr=0.0583, lr=0.0000, time=0:00:31.301255, cin=0.000039, 0.000101, cout=0.005562, 0.002078
Epoch 1: valid loss=4.9161, acc=0.0468, fr=0.0599, mask=0.8800, time=0:00:06.182369

Best model saved with valid acc=0.04683554292929293

-----------------------------

Epoch 2: train loss=9.1992, acc=0.0487, fr=0.0584, lr=0.0000, time=0:00:30.623524, cin=0.000038, 0.000100, cout=0.006160, 0.002534
Epoch 2: valid loss=8.8418, acc=0.0431, fr=0.0611, mask=0.8810, time=0:00:06.008003

-----------------------------

Epoch 3: train loss=9.1648, acc=0.0518, fr=0.0583, lr=0.0000, time=0:00:30.354773, cin=0.000038, 0.000100, cout=0.006160, 0.002534
Epoch 3: valid loss=9.1706, acc=0.0485, fr=0.0610, mask=0.8810, time=0:00:05.983589

Best model saved with valid acc=0.04853219696969697

-----------------------------

Epoch 4: train loss=9.1662, acc=0.0482, fr=0.0583, lr=0.0000, time=0:00:30.297286, cin=0.000038, 0.000100, cout=0.006160, 0.002534
Epoch 4: valid loss=9.1709, acc=0.0496, fr=0.0611, mask=0.8810, time=0:00:06.324947

Best model saved with valid acc=0.049636994949494945

-----------------------------

Epoch 5: train loss=9.1423, acc=0.0501, fr=0.0582, lr=0.0000, time=0:00:30.658051, cin=0.000038, 0.000100, cout=0.006160, 0.002534
Epoch 5: valid loss=9.1482, acc=0.0547, fr=0.0610, mask=0.8810, time=0:00:06.109162

Best model saved with valid acc=0.05472695707070707

-----------------------------

Epoch 6: train loss=9.1901, acc=0.0493, fr=0.0583, lr=0.0000, time=0:00:30.208491, cin=0.000038, 0.000100, cout=0.006160, 0.002534
Epoch 6: valid loss=9.4322, acc=0.0499, fr=0.0611, mask=0.8810, time=0:00:05.996815

-----------------------------

Epoch 7: train loss=9.1843, acc=0.0534, fr=0.0583, lr=0.0000, time=0:00:30.568018, cin=0.000038, 0.000100, cout=0.006160, 0.002534
Epoch 7: valid loss=9.0858, acc=0.0609, fr=0.0611, mask=0.8810, time=0:00:05.972387

Best model saved with valid acc=0.060921717171717175

-----------------------------

Epoch 8: train loss=9.1100, acc=0.0488, fr=0.0583, lr=0.0000, time=0:00:30.536106, cin=0.000038, 0.000100, cout=0.006160, 0.002534
Epoch 8: valid loss=9.3545, acc=0.0486, fr=0.0611, mask=0.8810, time=0:00:06.079472

-----------------------------

Epoch 9: train loss=9.0787, acc=0.0512, fr=0.0583, lr=0.0000, time=0:00:30.413446, cin=0.000038, 0.000100, cout=0.006160, 0.002534
Epoch 9: valid loss=9.1525, acc=0.0546, fr=0.0610, mask=0.8810, time=0:00:06.155519

-----------------------------

Epoch 10: train loss=9.1219, acc=0.0501, fr=0.0583, lr=0.0000, time=0:00:30.541011, cin=0.000038, 0.000100, cout=0.006160, 0.002534
Epoch 10: valid loss=9.2249, acc=0.0570, fr=0.0610, mask=0.8810, time=0:00:06.120835

-----------------------------

Epoch 11: train loss=9.0122, acc=0.0540, fr=0.0584, lr=0.0000, time=0:00:30.361868, cin=0.000038, 0.000100, cout=0.006160, 0.002534
Epoch 11: valid loss=9.2483, acc=0.0492, fr=0.0609, mask=0.8810, time=0:00:06.003883

-----------------------------

Epoch 12: train loss=9.0974, acc=0.0511, fr=0.0583, lr=0.0000, time=0:00:30.240303, cin=0.000038, 0.000100, cout=0.006160, 0.002534
Epoch 12: valid loss=9.1845, acc=0.0559, fr=0.0611, mask=0.8810, time=0:00:05.975137

-----------------------------

Epoch 13: train loss=9.0525, acc=0.0533, fr=0.0583, lr=0.0000, time=0:00:30.545504, cin=0.000038, 0.000100, cout=0.006160, 0.002534
Epoch 13: valid loss=9.2821, acc=0.0462, fr=0.0611, mask=0.8810, time=0:00:06.093887

-----------------------------

Epoch 14: train loss=9.1427, acc=0.0507, fr=0.0583, lr=0.0000, time=0:00:30.142816, cin=0.000038, 0.000100, cout=0.006160, 0.002534
Epoch 14: valid loss=9.2436, acc=0.0550, fr=0.0611, mask=0.8810, time=0:00:05.986947

-----------------------------

Epoch 15: train loss=9.1762, acc=0.0498, fr=0.0583, lr=0.0000, time=0:00:30.431099, cin=0.000038, 0.000100, cout=0.006160, 0.002534
Epoch 15: valid loss=9.1659, acc=0.0531, fr=0.0609, mask=0.8810, time=0:00:05.992705

-----------------------------

Epoch 16: train loss=9.2121, acc=0.0491, fr=0.0584, lr=0.0000, time=0:00:30.479890, cin=0.000038, 0.000100, cout=0.006160, 0.002534
Epoch 16: valid loss=9.0672, acc=0.0567, fr=0.0610, mask=0.8810, time=0:00:06.258347

-----------------------------

Epoch 17: train loss=9.1467, acc=0.0529, fr=0.0583, lr=0.0000, time=0:00:30.640469, cin=0.000038, 0.000100, cout=0.006160, 0.002534
Epoch 17: valid loss=9.1478, acc=0.0431, fr=0.0611, mask=0.8810, time=0:00:06.136474

-----------------------------

Epoch 18: train loss=9.1158, acc=0.0492, fr=0.0583, lr=0.0000, time=0:00:30.201417, cin=0.000038, 0.000100, cout=0.006160, 0.002534
Epoch 18: valid loss=9.3625, acc=0.0522, fr=0.0610, mask=0.8810, time=0:00:05.996212

-----------------------------

Epoch 19: train loss=9.2839, acc=0.0496, fr=0.0583, lr=0.0000, time=0:00:30.296547, cin=0.000038, 0.000100, cout=0.006160, 0.002534
Epoch 19: valid loss=9.2122, acc=0.0479, fr=0.0611, mask=0.8810, time=0:00:06.061245

-----------------------------

Epoch 20: train loss=9.2409, acc=0.0485, fr=0.0583, lr=0.0000, time=0:00:30.153756, cin=0.000038, 0.000100, cout=0.006160, 0.002534
Epoch 20: valid loss=9.1118, acc=0.0492, fr=0.0610, mask=0.8810, time=0:00:06.030335

-----------------------------

Epoch 21: train loss=9.1104, acc=0.0552, fr=0.0583, lr=0.0000, time=0:00:30.313585, cin=0.000038, 0.000100, cout=0.006160, 0.002534
Epoch 21: valid loss=9.2243, acc=0.0474, fr=0.0610, mask=0.8810, time=0:00:06.133974

-----------------------------

Epoch 22: train loss=9.1671, acc=0.0481, fr=0.0583, lr=0.0000, time=0:00:30.163415, cin=0.000038, 0.000100, cout=0.006160, 0.002534
Epoch 22: valid loss=9.2294, acc=0.0446, fr=0.0609, mask=0.8810, time=0:00:06.022244

-----------------------------

Epoch 23: train loss=9.2453, acc=0.0485, fr=0.0582, lr=0.0000, time=0:00:30.491648, cin=0.000038, 0.000100, cout=0.006160, 0.002534
Epoch 23: valid loss=9.2243, acc=0.0570, fr=0.0610, mask=0.8810, time=0:00:06.047225

-----------------------------

Epoch 24: train loss=9.1680, acc=0.0485, fr=0.0584, lr=0.0000, time=0:00:30.505768, cin=0.000038, 0.000100, cout=0.006160, 0.002534
Epoch 24: valid loss=9.1242, acc=0.0574, fr=0.0611, mask=0.8810, time=0:00:05.903579

-----------------------------

Epoch 25: train loss=9.1066, acc=0.0503, fr=0.0583, lr=0.0000, time=0:00:30.368448, cin=0.000038, 0.000100, cout=0.006160, 0.002534
Epoch 25: valid loss=9.1571, acc=0.0578, fr=0.0610, mask=0.8810, time=0:00:06.091224

-----------------------------

Epoch 26: train loss=9.1568, acc=0.0492, fr=0.0583, lr=0.0000, time=0:00:30.407023, cin=0.000038, 0.000100, cout=0.006160, 0.002534
Epoch 26: valid loss=9.3161, acc=0.0507, fr=0.0610, mask=0.8810, time=0:00:06.077638

-----------------------------

Epoch 27: train loss=9.1161, acc=0.0499, fr=0.0584, lr=0.0000, time=0:00:30.432739, cin=0.000038, 0.000100, cout=0.006160, 0.002534
Epoch 27: valid loss=9.1742, acc=0.0501, fr=0.0609, mask=0.8810, time=0:00:06.059443

-----------------------------

Epoch 28: train loss=9.0906, acc=0.0600, fr=0.0583, lr=0.0000, time=0:00:30.494463, cin=0.000038, 0.000100, cout=0.006160, 0.002534
Epoch 28: valid loss=9.0867, acc=0.0563, fr=0.0610, mask=0.8810, time=0:00:06.128826

-----------------------------

Epoch 29: train loss=9.1479, acc=0.0467, fr=0.0583, lr=0.0000, time=0:00:30.193245, cin=0.000038, 0.000100, cout=0.006160, 0.002534
Epoch 29: valid loss=9.1261, acc=0.0576, fr=0.0610, mask=0.8810, time=0:00:06.128882

-----------------------------

Epoch 30: train loss=9.1221, acc=0.0506, fr=0.0584, lr=0.0000, time=0:00:30.595441, cin=0.000038, 0.000100, cout=0.006160, 0.002534
Epoch 30: valid loss=9.2339, acc=0.0518, fr=0.0611, mask=0.8810, time=0:00:06.185521

-----------------------------


Best valid acc at epoch 7: 0.060921717171717175


------ Training finished ------


---------------Trial:5---------------


------ Begin training ------

Epoch 1: train loss=8.4111, acc=0.0493, fr=0.0592, lr=0.0000, time=0:00:30.826471, cin=0.000039, 0.000040, cout=0.008085, 0.016801
Epoch 1: valid loss=4.6486, acc=0.0501, fr=0.0605, mask=0.8799, time=0:00:05.970146

Best model saved with valid acc=0.05007102272727273

-----------------------------

Epoch 2: train loss=8.4655, acc=0.0486, fr=0.0593, lr=0.0000, time=0:00:30.295829, cin=0.000042, 0.000041, cout=0.008717, 0.017051
Epoch 2: valid loss=8.0078, acc=0.0514, fr=0.0616, mask=0.8809, time=0:00:06.164701

Best model saved with valid acc=0.05141256313131313

-----------------------------

Epoch 3: train loss=8.4277, acc=0.0461, fr=0.0593, lr=0.0000, time=0:00:30.471783, cin=0.000042, 0.000041, cout=0.008717, 0.017051
Epoch 3: valid loss=8.5179, acc=0.0533, fr=0.0617, mask=0.8809, time=0:00:06.203334

Best model saved with valid acc=0.05330650252525252

-----------------------------

Epoch 4: train loss=8.4604, acc=0.0473, fr=0.0592, lr=0.0000, time=0:00:30.439348, cin=0.000042, 0.000041, cout=0.008717, 0.017051
Epoch 4: valid loss=8.2685, acc=0.0587, fr=0.0617, mask=0.8809, time=0:00:06.052250

Best model saved with valid acc=0.058672664141414144

-----------------------------

Epoch 5: train loss=8.4700, acc=0.0456, fr=0.0592, lr=0.0000, time=0:00:30.041533, cin=0.000042, 0.000041, cout=0.008717, 0.017051
Epoch 5: valid loss=8.4576, acc=0.0514, fr=0.0618, mask=0.8809, time=0:00:06.091362

-----------------------------

Epoch 6: train loss=8.3565, acc=0.0501, fr=0.0593, lr=0.0000, time=0:00:30.356285, cin=0.000042, 0.000041, cout=0.008717, 0.017051
Epoch 6: valid loss=8.5663, acc=0.0463, fr=0.0617, mask=0.8809, time=0:00:05.963336

-----------------------------

Epoch 7: train loss=8.4642, acc=0.0458, fr=0.0593, lr=0.0000, time=0:00:30.586038, cin=0.000042, 0.000041, cout=0.008717, 0.017051
Epoch 7: valid loss=8.6531, acc=0.0518, fr=0.0616, mask=0.8809, time=0:00:06.225001

-----------------------------

Epoch 8: train loss=8.4220, acc=0.0492, fr=0.0592, lr=0.0000, time=0:00:30.213416, cin=0.000042, 0.000041, cout=0.008717, 0.017051
Epoch 8: valid loss=8.5022, acc=0.0505, fr=0.0617, mask=0.8809, time=0:00:06.175541

-----------------------------

Epoch 9: train loss=8.4390, acc=0.0492, fr=0.0592, lr=0.0000, time=0:00:30.295635, cin=0.000042, 0.000041, cout=0.008717, 0.017051
Epoch 9: valid loss=8.4345, acc=0.0548, fr=0.0616, mask=0.8809, time=0:00:06.061615

-----------------------------

Epoch 10: train loss=8.4721, acc=0.0478, fr=0.0593, lr=0.0000, time=0:00:30.746403, cin=0.000042, 0.000041, cout=0.008717, 0.017051
Epoch 10: valid loss=8.5527, acc=0.0528, fr=0.0618, mask=0.8809, time=0:00:06.058985

-----------------------------

Epoch 11: train loss=8.4777, acc=0.0479, fr=0.0593, lr=0.0000, time=0:00:30.537631, cin=0.000042, 0.000041, cout=0.008717, 0.017051
Epoch 11: valid loss=8.5213, acc=0.0472, fr=0.0618, mask=0.8809, time=0:00:06.088589

-----------------------------

Epoch 12: train loss=8.4086, acc=0.0505, fr=0.0593, lr=0.0000, time=0:00:30.879659, cin=0.000042, 0.000041, cout=0.008717, 0.017051
Epoch 12: valid loss=8.5403, acc=0.0462, fr=0.0618, mask=0.8809, time=0:00:06.193661

-----------------------------

Epoch 13: train loss=8.3957, acc=0.0486, fr=0.0591, lr=0.0000, time=0:00:30.270212, cin=0.000042, 0.000041, cout=0.008689, 0.017051
Epoch 13: valid loss=8.5772, acc=0.0583, fr=0.0618, mask=0.8809, time=0:00:06.068719

-----------------------------

Epoch 14: train loss=8.4282, acc=0.0501, fr=0.0592, lr=0.0000, time=0:00:30.230186, cin=0.000042, 0.000041, cout=0.008689, 0.017051
Epoch 14: valid loss=8.5707, acc=0.0507, fr=0.0617, mask=0.8809, time=0:00:06.053537

-----------------------------

Epoch 15: train loss=8.4315, acc=0.0480, fr=0.0592, lr=0.0000, time=0:00:30.355423, cin=0.000042, 0.000041, cout=0.008689, 0.017051
Epoch 15: valid loss=8.6602, acc=0.0451, fr=0.0617, mask=0.8809, time=0:00:06.012362

-----------------------------

Epoch 16: train loss=8.3434, acc=0.0500, fr=0.0592, lr=0.0000, time=0:00:30.434944, cin=0.000042, 0.000041, cout=0.008689, 0.017051
Epoch 16: valid loss=8.3467, acc=0.0528, fr=0.0617, mask=0.8809, time=0:00:06.026149

-----------------------------

Epoch 17: train loss=8.4146, acc=0.0520, fr=0.0592, lr=0.0000, time=0:00:30.103209, cin=0.000042, 0.000041, cout=0.008689, 0.017051
Epoch 17: valid loss=8.5387, acc=0.0566, fr=0.0617, mask=0.8809, time=0:00:06.074544

-----------------------------

Epoch 18: train loss=8.3801, acc=0.0509, fr=0.0593, lr=0.0000, time=0:00:30.348287, cin=0.000042, 0.000041, cout=0.008689, 0.017047
Epoch 18: valid loss=8.5027, acc=0.0461, fr=0.0617, mask=0.8809, time=0:00:06.072239

-----------------------------

Epoch 19: train loss=8.3825, acc=0.0500, fr=0.0592, lr=0.0000, time=0:00:30.546367, cin=0.000042, 0.000041, cout=0.008689, 0.017047
Epoch 19: valid loss=8.4646, acc=0.0494, fr=0.0616, mask=0.8809, time=0:00:06.095722

-----------------------------

Epoch 20: train loss=8.4070, acc=0.0504, fr=0.0593, lr=0.0000, time=0:00:30.401652, cin=0.000042, 0.000041, cout=0.008689, 0.017047
Epoch 20: valid loss=8.7054, acc=0.0489, fr=0.0617, mask=0.8809, time=0:00:06.037322

-----------------------------

Epoch 21: train loss=8.3893, acc=0.0514, fr=0.0592, lr=0.0000, time=0:00:30.170459, cin=0.000042, 0.000041, cout=0.008689, 0.017047
Epoch 21: valid loss=8.4522, acc=0.0483, fr=0.0616, mask=0.8809, time=0:00:05.885461

-----------------------------

Epoch 22: train loss=8.4021, acc=0.0478, fr=0.0593, lr=0.0000, time=0:00:30.283750, cin=0.000042, 0.000041, cout=0.008689, 0.017043
Epoch 22: valid loss=8.5939, acc=0.0425, fr=0.0617, mask=0.8809, time=0:00:06.034081

-----------------------------

Epoch 23: train loss=8.3673, acc=0.0522, fr=0.0591, lr=0.0000, time=0:00:30.295885, cin=0.000042, 0.000041, cout=0.008689, 0.017043
Epoch 23: valid loss=8.5351, acc=0.0511, fr=0.0617, mask=0.8809, time=0:00:06.055778

-----------------------------

Epoch 24: train loss=8.4074, acc=0.0490, fr=0.0592, lr=0.0000, time=0:00:30.356675, cin=0.000042, 0.000041, cout=0.008689, 0.017043
Epoch 24: valid loss=8.5762, acc=0.0433, fr=0.0617, mask=0.8809, time=0:00:06.054979

-----------------------------

Epoch 25: train loss=8.3361, acc=0.0533, fr=0.0593, lr=0.0000, time=0:00:30.378713, cin=0.000042, 0.000041, cout=0.008689, 0.017043
Epoch 25: valid loss=8.5158, acc=0.0499, fr=0.0617, mask=0.8809, time=0:00:06.091631

-----------------------------

Epoch 26: train loss=8.5007, acc=0.0492, fr=0.0592, lr=0.0000, time=0:00:30.496839, cin=0.000042, 0.000041, cout=0.008689, 0.017043
Epoch 26: valid loss=8.5388, acc=0.0446, fr=0.0617, mask=0.8809, time=0:00:06.021072

-----------------------------

Epoch 27: train loss=8.3344, acc=0.0501, fr=0.0592, lr=0.0000, time=0:00:30.185368, cin=0.000042, 0.000041, cout=0.008689, 0.017043
Epoch 27: valid loss=8.5375, acc=0.0487, fr=0.0617, mask=0.8809, time=0:00:06.167059

-----------------------------

Epoch 28: train loss=8.3959, acc=0.0490, fr=0.0592, lr=0.0000, time=0:00:30.386555, cin=0.000042, 0.000041, cout=0.008689, 0.017043
Epoch 28: valid loss=8.4387, acc=0.0501, fr=0.0617, mask=0.8809, time=0:00:06.033756

-----------------------------

Epoch 29: train loss=8.3462, acc=0.0476, fr=0.0593, lr=0.0000, time=0:00:30.425465, cin=0.000042, 0.000041, cout=0.008689, 0.017043
Epoch 29: valid loss=8.5784, acc=0.0507, fr=0.0616, mask=0.8809, time=0:00:06.076823

-----------------------------

Epoch 30: train loss=8.4420, acc=0.0510, fr=0.0593, lr=0.0000, time=0:00:30.237915, cin=0.000042, 0.000041, cout=0.008689, 0.017043
Epoch 30: valid loss=8.6853, acc=0.0448, fr=0.0617, mask=0.8809, time=0:00:06.064553

-----------------------------


Best valid acc at epoch 4: 0.058672664141414144


------ Training finished ------

