===== Exp configuration =====
date:		08-19-22-04
save_dir:		./log/08-19-22-04
dataset_name:		shd
data_folder:		./data/raw/
input_dim:		700
output_dim:		20
nb_steps:		100
trials:		1
scheduler_patience:		5
scheduler_factor:		0.7
batch_size:		512
nb_epochs:		100
lr:		0.015
weight_decay:		1e-05
reg_factor:		2.0
reg_fmin:		0.01
reg_fmax:		0.1
fr_ent:		1.5
seed:		1692453848
ckpt_freq:		10
threshold:		1.0
smoothing:		0.1
pdrop:		0.1
normalization:		batchnorm
train_input:		True
nb_hiddens:		1024
noise_test:		0.0
device:		cuda:0

Created new spiking model:
 RC(
  (W): Linear(in_features=700, out_features=1024, bias=True)
  (V): Linear(in_features=1024, out_features=1024, bias=False)
  (read): Linear(in_features=1024, out_features=20, bias=True)
  (norm): BatchNorm1d(1024, eps=1e-05, momentum=0.05, affine=True, track_running_stats=True)
  (norm_read): BatchNorm1d(20, eps=1e-05, momentum=0.05, affine=True, track_running_stats=True)
  (drop): Dropout(p=0.1, inplace=False)
)

Total number of trainable parameters is 1793104

**************  Trial 1  **************
Epoch 1: loss=15.5014|4.2002, acc=24.4728|15.5477, fr=0.3400, cin|cout=0.007137|0.042326, lr=0.0150, time=11.589828
-----------------------------

Epoch 2: loss=9.3068|1.7670, acc=34.5758|51.5018, fr=0.3970, cin|cout=0.010241|0.057385, lr=0.0150, time=09.894023
-----------------------------

Epoch 3: loss=8.3925|1.0391, acc=55.7872|65.4594, fr=0.3867, cin|cout=0.012580|0.072270, lr=0.0150, time=10.131263
-----------------------------

Epoch 4: loss=7.5619|0.7306, acc=70.6229|80.6979, fr=0.4007, cin|cout=0.015469|0.088998, lr=0.0150, time=09.916477
-----------------------------

Epoch 5: loss=7.2871|0.5722, acc=80.5419|84.9823, fr=0.4321, cin|cout=0.019062|0.107719, lr=0.0150, time=09.925946
-----------------------------

Epoch 6: loss=7.1698|0.5400, acc=84.1099|84.6731, fr=0.4309, cin|cout=0.023373|0.127689, lr=0.0150, time=09.549425
-----------------------------

Epoch 7: loss=7.0711|0.4952, acc=88.5115|87.7650, fr=0.4409, cin|cout=0.028187|0.148306, lr=0.0150, time=09.599262

Best model saved with valid acc=87.76501766784452
-----------------------------

Epoch 8: loss=7.0057|0.4967, acc=90.9147|87.2792, fr=0.4530, cin|cout=0.033379|0.169243, lr=0.0150, time=10.661911
-----------------------------

Epoch 9: loss=6.9294|0.4866, acc=92.3982|86.8375, fr=0.4658, cin|cout=0.038702|0.190210, lr=0.0150, time=09.843526
-----------------------------

Epoch 10: loss=6.8991|0.3890, acc=93.2442|89.5760, fr=0.4671, cin|cout=0.044112|0.211087, lr=0.0150, time=10.103685

Best model saved with valid acc=89.57597173144876
-----------------------------

Epoch 11: loss=6.8289|0.3895, acc=94.4458|90.1943, fr=0.4699, cin|cout=0.049437|0.232028, lr=0.0150, time=09.800444

Best model saved with valid acc=90.19434628975264
-----------------------------

Epoch 12: loss=6.9076|0.4278, acc=95.0343|88.9576, fr=0.4656, cin|cout=0.054958|0.252860, lr=0.0150, time=09.742016
-----------------------------

Epoch 13: loss=6.8415|0.4083, acc=95.6719|89.0018, fr=0.4619, cin|cout=0.060348|0.273444, lr=0.0150, time=09.590593
-----------------------------

Epoch 14: loss=6.7741|0.5019, acc=96.0520|87.4117, fr=0.4645, cin|cout=0.065600|0.294011, lr=0.0150, time=09.568305
-----------------------------

Epoch 15: loss=6.7662|0.4900, acc=96.5669|86.4399, fr=0.4613, cin|cout=0.070790|0.314442, lr=0.0150, time=09.502584
-----------------------------

Epoch 16: loss=6.7257|0.4039, acc=97.8053|90.6360, fr=0.4711, cin|cout=0.076120|0.334647, lr=0.0150, time=09.757936

Best model saved with valid acc=90.63604240282686
-----------------------------

Epoch 17: loss=6.6953|0.4128, acc=98.1976|89.7527, fr=0.4811, cin|cout=0.081510|0.354703, lr=0.0150, time=09.896671
-----------------------------

Epoch 18: loss=6.6788|0.4834, acc=98.3203|87.9417, fr=0.4872, cin|cout=0.086963|0.374560, lr=0.0150, time=09.623395
-----------------------------

Epoch 19: loss=6.6493|0.4400, acc=98.6513|88.8693, fr=0.4876, cin|cout=0.092325|0.394338, lr=0.0150, time=09.626918
-----------------------------

Epoch 20: loss=6.6437|0.4444, acc=98.5410|89.2226, fr=0.4991, cin|cout=0.097569|0.414035, lr=0.0150, time=10.192959
-----------------------------

Epoch 21: loss=6.6262|0.4481, acc=98.9578|89.3551, fr=0.5165, cin|cout=0.102886|0.433544, lr=0.0150, time=09.883687
-----------------------------

Epoch 22: loss=6.6311|0.4989, acc=98.8843|86.8816, fr=0.5079, cin|cout=0.108273|0.452888, lr=0.0150, time=09.554870
-----------------------------

Epoch 23: loss=6.5896|0.4276, acc=99.1663|90.5477, fr=0.5177, cin|cout=0.111949|0.466324, lr=0.0105, time=09.632518
-----------------------------

Epoch 24: loss=6.5580|0.4635, acc=99.5218|89.8410, fr=0.5283, cin|cout=0.115469|0.479758, lr=0.0105, time=09.646117
-----------------------------

Epoch 25: loss=6.5227|0.4943, acc=99.6812|87.4117, fr=0.5320, cin|cout=0.119022|0.493117, lr=0.0105, time=09.801455
-----------------------------

Epoch 26: loss=6.4903|0.4452, acc=99.6690|90.4152, fr=0.5376, cin|cout=0.122540|0.506474, lr=0.0105, time=10.109514
-----------------------------

Epoch 27: loss=6.4760|0.4859, acc=99.6690|88.2509, fr=0.5657, cin|cout=0.125995|0.519843, lr=0.0105, time=10.451612
-----------------------------

Epoch 28: loss=6.4797|0.4685, acc=99.6690|89.4435, fr=0.5744, cin|cout=0.129424|0.533188, lr=0.0105, time=09.981099
-----------------------------

Epoch 29: loss=6.4635|0.4516, acc=99.8038|89.7527, fr=0.5854, cin|cout=0.131811|0.542544, lr=0.0073, time=10.951408
-----------------------------

Epoch 30: loss=6.4474|0.4591, acc=99.8651|89.6643, fr=0.5897, cin|cout=0.134178|0.551909, lr=0.0073, time=10.715345
-----------------------------

Epoch 31: loss=6.4423|0.4447, acc=99.9019|90.3710, fr=0.5951, cin|cout=0.136566|0.561286, lr=0.0073, time=10.355232
-----------------------------

Epoch 32: loss=6.4341|0.4543, acc=99.8774|90.0177, fr=0.5952, cin|cout=0.138901|0.570706, lr=0.0073, time=10.768739
-----------------------------

Epoch 33: loss=6.4181|0.4459, acc=99.8774|90.2827, fr=0.5956, cin|cout=0.141306|0.580089, lr=0.0073, time=10.202882
-----------------------------

Epoch 34: loss=6.4239|0.4845, acc=99.9019|88.8693, fr=0.5951, cin|cout=0.143645|0.589531, lr=0.0073, time=10.053153
-----------------------------

Epoch 35: loss=6.4236|0.4870, acc=99.9019|89.8410, fr=0.5933, cin|cout=0.145221|0.596187, lr=0.0051, time=09.849832
-----------------------------

Epoch 36: loss=6.4153|0.4646, acc=99.8897|90.2385, fr=0.5959, cin|cout=0.146787|0.602862, lr=0.0051, time=10.145036
-----------------------------

Epoch 37: loss=6.4088|0.4893, acc=99.9264|89.2226, fr=0.5961, cin|cout=0.148337|0.609568, lr=0.0051, time=10.095589
-----------------------------

Epoch 38: loss=6.4043|0.4699, acc=99.9632|89.6201, fr=0.5950, cin|cout=0.149904|0.616309, lr=0.0051, time=09.807944
-----------------------------

Epoch 39: loss=6.4010|0.4530, acc=99.8774|89.7968, fr=0.5963, cin|cout=0.151429|0.623086, lr=0.0051, time=09.810877
-----------------------------

Epoch 40: loss=6.3918|0.4600, acc=99.9019|90.5919, fr=0.6012, cin|cout=0.152969|0.629898, lr=0.0051, time=09.627455
-----------------------------

Epoch 41: loss=6.3835|0.4857, acc=99.9387|89.4876, fr=0.6016, cin|cout=0.154036|0.634692, lr=0.0036, time=09.639205
-----------------------------

Epoch 42: loss=6.3835|0.4744, acc=99.9632|89.7968, fr=0.6002, cin|cout=0.155096|0.639514, lr=0.0036, time=09.869393
-----------------------------

Epoch 43: loss=6.3792|0.4666, acc=99.9632|90.2385, fr=0.6041, cin|cout=0.156162|0.644349, lr=0.0036, time=09.908824
-----------------------------

Epoch 44: loss=6.3683|0.4873, acc=99.9755|89.3551, fr=0.6006, cin|cout=0.157211|0.649219, lr=0.0036, time=09.647315
-----------------------------

Epoch 45: loss=6.3628|0.4991, acc=99.9755|89.1784, fr=0.6090, cin|cout=0.158252|0.654124, lr=0.0036, time=09.615052
-----------------------------

Epoch 46: loss=6.3565|0.4722, acc=99.9755|89.7527, fr=0.6109, cin|cout=0.159270|0.659065, lr=0.0036, time=09.812989
-----------------------------

Epoch 47: loss=6.3524|0.4774, acc=99.9755|89.2668, fr=0.6174, cin|cout=0.159992|0.662537, lr=0.0025, time=10.285699
-----------------------------

