===== Exp configuration =====
date:		08-26-01-07
save_dir:		./log/08-26-01-07
dataset_name:		shd
data_folder:		./data/raw/
input_dim:		700
output_dim:		20
nb_steps:		100
trials:		100
scheduler_patience:		5
scheduler_factor:		0.7
lens:		0.5
gamma:		0.5
gradient_type:		linear
scale:		6.0
hight:		0.15
best_acc:		88
cluster:		8
batch_size:		512
nb_epochs:		100
lr:		0.015
weight_decay:		1e-05
reg_factor:		0.5
reg_fmin:		0.01
reg_fmax:		0.1
fr_ent:		0.1
seed:		117
ckpt_freq:		-1
threshold:		1.0
smoothing:		0.1
pdrop:		0.1
normalization:		batchnorm
train_input:		False
nb_hiddens:		1024
noise_test:		0.0
device:		cuda:0

Created new spiking model:
 RC(
  (W): Linear(in_features=700, out_features=1024, bias=True)
  (V): Linear(in_features=1024, out_features=1024, bias=False)
  (read): Linear(in_features=1024, out_features=20, bias=True)
  (norm): BatchNorm1d(1024, eps=1e-05, momentum=0.05, affine=True, track_running_stats=True)
  (norm_read): BatchNorm1d(20, eps=1e-05, momentum=0.05, affine=True, track_running_stats=True)
  (drop): Dropout(p=0.1, inplace=False)
)

Total number of trainable parameters is 1075280

**************  Trial 1  **************
Epoch 0: cin|cout=0.001468|0.013434|9.1514
-----------------------------

Epoch 1: loss=7.8832|3.3957, acc=28.7641|12.3233, fr=0.5931, cin|cout=0.008913|0.036269|4.0693, lr=0.0150, time=09.503691
-----------------------------

Epoch 2: loss=5.1755|2.9450, acc=22.7685|23.0565, fr=0.3082, cin|cout=0.012149|0.044066|3.6273, lr=0.0150, time=07.981565
-----------------------------

Epoch 3: loss=3.4232|2.0317, acc=29.1810|38.4717, fr=0.3413, cin|cout=0.013602|0.046098|3.3892, lr=0.0150, time=08.740840
-----------------------------

Epoch 4: loss=2.6931|1.3832, acc=47.2536|56.4488, fr=0.3423, cin|cout=0.014113|0.047004|3.3305, lr=0.0150, time=07.816277
-----------------------------

Epoch 5: loss=2.3336|1.2978, acc=58.2271|57.0230, fr=0.3620, cin|cout=0.014298|0.047958|3.3541, lr=0.0150, time=07.855571
-----------------------------

Epoch 6: loss=2.2436|1.1619, acc=61.3413|62.8092, fr=0.3680, cin|cout=0.014478|0.048438|3.3457, lr=0.0150, time=07.798769
-----------------------------

Epoch 7: loss=2.1439|0.9717, acc=67.7783|70.4064, fr=0.3738, cin|cout=0.014611|0.049716|3.4026, lr=0.0150, time=07.886868
-----------------------------

Epoch 8: loss=1.9714|0.9964, acc=73.1976|65.7686, fr=0.3945, cin|cout=0.014730|0.049841|3.3836, lr=0.0150, time=07.780132
-----------------------------

Epoch 9: loss=1.9055|0.8662, acc=75.8705|71.0689, fr=0.3809, cin|cout=0.014769|0.050260|3.4030, lr=0.0150, time=07.821885
-----------------------------

Epoch 10: loss=1.8386|0.8157, acc=78.4698|72.9240, fr=0.3687, cin|cout=0.014858|0.050463|3.3963, lr=0.0150, time=07.870843
-----------------------------

Epoch 11: loss=1.7903|0.8036, acc=79.9166|74.5583, fr=0.3673, cin|cout=0.014909|0.050586|3.3929, lr=0.0150, time=07.824032
-----------------------------

Epoch 12: loss=1.7271|0.7658, acc=83.5091|76.0159, fr=0.3719, cin|cout=0.014967|0.050679|3.3861, lr=0.0150, time=07.773770
-----------------------------

Epoch 13: loss=1.7023|0.7630, acc=83.7298|75.2208, fr=0.3654, cin|cout=0.015030|0.050578|3.3652, lr=0.0150, time=07.794631
-----------------------------

Epoch 14: loss=1.6495|0.7090, acc=85.5321|78.0919, fr=0.3645, cin|cout=0.015081|0.050420|3.3432, lr=0.0150, time=07.858859
-----------------------------

Epoch 15: loss=1.6084|0.6601, acc=87.6533|78.6219, fr=0.3781, cin|cout=0.015122|0.050505|3.3398, lr=0.0150, time=07.809304
-----------------------------

Epoch 16: loss=1.5972|0.6636, acc=88.6954|79.0636, fr=0.3703, cin|cout=0.015150|0.050536|3.3357, lr=0.0150, time=07.819678
-----------------------------

Epoch 17: loss=1.5657|0.6828, acc=88.8671|80.1237, fr=0.3710, cin|cout=0.015175|0.050612|3.3353, lr=0.0150, time=07.810395
-----------------------------

Epoch 18: loss=1.5727|0.6875, acc=89.1981|78.7986, fr=0.3711, cin|cout=0.015204|0.050823|3.3428, lr=0.0150, time=07.816347
-----------------------------

Epoch 19: loss=1.6119|0.7556, acc=88.5974|78.8428, fr=0.3677, cin|cout=0.015281|0.050781|3.3232, lr=0.0150, time=07.822847
-----------------------------

Epoch 20: loss=1.5969|0.6649, acc=88.6954|79.2845, fr=0.3696, cin|cout=0.015374|0.050397|3.2781, lr=0.0150, time=07.906494
-----------------------------

Epoch 21: loss=1.5513|0.6113, acc=90.4242|82.1555, fr=0.3742, cin|cout=0.015434|0.050450|3.2688, lr=0.0150, time=07.751592
-----------------------------

Epoch 22: loss=1.4914|0.6035, acc=92.5821|83.2155, fr=0.3723, cin|cout=0.015455|0.050413|3.2619, lr=0.0150, time=07.803674
-----------------------------

Epoch 23: loss=1.4821|0.6476, acc=92.3492|80.8304, fr=0.3750, cin|cout=0.015468|0.050393|3.2579, lr=0.0150, time=07.810306
-----------------------------

Epoch 24: loss=1.4900|0.6663, acc=92.7415|81.4046, fr=0.3749, cin|cout=0.015468|0.050464|3.2625, lr=0.0150, time=07.888238
-----------------------------

Epoch 25: loss=1.4472|0.6215, acc=93.0848|83.0389, fr=0.3749, cin|cout=0.015460|0.050519|3.2678, lr=0.0150, time=07.790630
-----------------------------

Epoch 26: loss=1.4195|0.6108, acc=94.6420|82.7739, fr=0.3792, cin|cout=0.015457|0.050475|3.2654, lr=0.0150, time=07.759881
-----------------------------

Epoch 27: loss=1.4125|0.5945, acc=94.5316|83.8781, fr=0.3807, cin|cout=0.015465|0.050361|3.2564, lr=0.0150, time=07.805875
-----------------------------

Epoch 28: loss=1.4123|0.6201, acc=94.7278|83.4806, fr=0.3870, cin|cout=0.015453|0.050544|3.2708, lr=0.0150, time=07.885890
-----------------------------

Epoch 29: loss=1.4049|0.6801, acc=95.4144|80.6979, fr=0.3852, cin|cout=0.015450|0.050551|3.2720, lr=0.0150, time=07.850152
-----------------------------

Epoch 30: loss=1.3964|0.6256, acc=95.7209|82.7297, fr=0.3748, cin|cout=0.015455|0.050520|3.2688, lr=0.0150, time=07.777679
-----------------------------

Epoch 31: loss=1.4580|0.7829, acc=93.6979|78.6661, fr=0.3753, cin|cout=0.015469|0.050584|3.2700, lr=0.0150, time=07.830998
-----------------------------

Epoch 32: loss=1.5635|0.6976, acc=90.3507|79.6820, fr=0.3854, cin|cout=0.015596|0.051089|3.2759, lr=0.0150, time=07.828269
-----------------------------

Epoch 33: loss=1.5066|0.6677, acc=92.3001|80.4329, fr=0.3803, cin|cout=0.015654|0.051005|3.2582, lr=0.0150, time=07.768773
-----------------------------

Epoch 34: loss=1.4386|0.6142, acc=94.7523|83.3039, fr=0.3762, cin|cout=0.015658|0.051037|3.2594, lr=0.0105, time=07.836102
-----------------------------

Epoch 35: loss=1.4097|0.6110, acc=96.1256|82.8180, fr=0.3865, cin|cout=0.015697|0.050981|3.2479, lr=0.0105, time=07.879744
-----------------------------

Epoch 36: loss=1.3905|0.6174, acc=96.2236|83.6572, fr=0.3951, cin|cout=0.015713|0.051003|3.2459, lr=0.0105, time=07.834081
-----------------------------

Epoch 37: loss=1.3763|0.6066, acc=96.9961|84.0989, fr=0.3943, cin|cout=0.015720|0.050901|3.2380, lr=0.0105, time=07.846754
-----------------------------

Epoch 38: loss=1.3586|0.5963, acc=97.6704|84.4081, fr=0.3975, cin|cout=0.015719|0.050923|3.2396, lr=0.0105, time=07.891027
-----------------------------

Epoch 39: loss=1.3500|0.6053, acc=97.9769|84.2314, fr=0.3932, cin|cout=0.015716|0.051005|3.2454, lr=0.0105, time=07.834181
-----------------------------

Epoch 40: loss=1.3520|0.5813, acc=97.7563|84.0106, fr=0.3971, cin|cout=0.015708|0.051041|3.2493, lr=0.0105, time=07.855527
-----------------------------

Epoch 41: loss=1.3532|0.5498, acc=97.8543|85.1148, fr=0.3965, cin|cout=0.015710|0.051021|3.2477, lr=0.0105, time=07.835839
-----------------------------

Epoch 42: loss=1.3371|0.5863, acc=98.2467|84.7615, fr=0.3963, cin|cout=0.015706|0.051026|3.2488, lr=0.0105, time=07.825079
-----------------------------

Epoch 43: loss=1.3283|0.5931, acc=98.4796|84.6290, fr=0.4019, cin|cout=0.015708|0.051023|3.2482, lr=0.0105, time=07.772945
-----------------------------

Epoch 44: loss=1.3304|0.6118, acc=98.5164|84.5406, fr=0.4086, cin|cout=0.015706|0.051027|3.2490, lr=0.0105, time=07.838889
-----------------------------

Epoch 45: loss=1.3182|0.6098, acc=98.7616|83.9664, fr=0.4101, cin|cout=0.015712|0.051051|3.2492, lr=0.0105, time=07.832035
-----------------------------

Epoch 46: loss=1.3170|0.5722, acc=98.5900|84.6290, fr=0.4159, cin|cout=0.015716|0.050970|3.2432, lr=0.0105, time=07.864308
-----------------------------

Epoch 47: loss=1.3099|0.5923, acc=98.7126|84.6731, fr=0.4121, cin|cout=0.015714|0.051064|3.2496, lr=0.0105, time=07.783212
-----------------------------

Epoch 48: loss=1.3004|0.5984, acc=99.1417|85.3799, fr=0.4154, cin|cout=0.015709|0.051043|3.2493, lr=0.0073, time=07.811486
-----------------------------

Epoch 49: loss=1.2919|0.5830, acc=99.2398|85.4682, fr=0.4190, cin|cout=0.015709|0.051038|3.2490, lr=0.0073, time=07.827928
-----------------------------

Epoch 50: loss=1.2895|0.5911, acc=99.3256|85.7332, fr=0.4273, cin|cout=0.015705|0.051034|3.2494, lr=0.0073, time=07.792568
-----------------------------

Epoch 51: loss=1.2823|0.6080, acc=99.4483|84.9823, fr=0.4253, cin|cout=0.015700|0.051059|3.2522, lr=0.0073, time=07.773574
-----------------------------

Epoch 52: loss=1.2792|0.6000, acc=99.3992|84.7615, fr=0.4277, cin|cout=0.015699|0.051102|3.2551, lr=0.0073, time=07.810234
-----------------------------

Epoch 53: loss=1.2807|0.6070, acc=99.4728|85.3357, fr=0.4319, cin|cout=0.015701|0.051071|3.2526, lr=0.0073, time=07.810906
-----------------------------

Epoch 54: loss=1.2779|0.6045, acc=99.5096|85.3799, fr=0.4355, cin|cout=0.015703|0.051032|3.2497, lr=0.0073, time=07.823856
-----------------------------

Epoch 55: loss=1.2746|0.6058, acc=99.5586|85.2915, fr=0.4352, cin|cout=0.015701|0.051026|3.2500, lr=0.0073, time=07.823194
-----------------------------

Epoch 56: loss=1.2714|0.6375, acc=99.5954|83.3481, fr=0.4386, cin|cout=0.015704|0.050983|3.2465, lr=0.0073, time=07.849680
-----------------------------

Epoch 57: loss=1.2659|0.5854, acc=99.6444|86.0424, fr=0.4426, cin|cout=0.015704|0.050975|3.2459, lr=0.0051, time=07.818698
-----------------------------

Epoch 58: loss=1.2636|0.5873, acc=99.7057|85.3799, fr=0.4441, cin|cout=0.015708|0.050966|3.2446, lr=0.0051, time=07.769043
-----------------------------

Epoch 59: loss=1.2591|0.6134, acc=99.7793|85.4240, fr=0.4476, cin|cout=0.015709|0.050972|3.2447, lr=0.0051, time=07.795105
-----------------------------

Epoch 60: loss=1.2579|0.5990, acc=99.7425|85.2915, fr=0.4481, cin|cout=0.015708|0.050966|3.2446, lr=0.0051, time=07.791840
-----------------------------

Epoch 61: loss=1.2556|0.6079, acc=99.7057|85.0265, fr=0.4515, cin|cout=0.015706|0.050975|3.2456, lr=0.0051, time=07.861633
-----------------------------

Epoch 62: loss=1.2550|0.6184, acc=99.7916|84.4523, fr=0.4563, cin|cout=0.015707|0.050988|3.2463, lr=0.0051, time=07.767292
-----------------------------

Epoch 63: loss=1.2525|0.6270, acc=99.7670|84.9823, fr=0.4556, cin|cout=0.015707|0.050977|3.2455, lr=0.0051, time=07.828726
-----------------------------

Epoch 64: loss=1.2504|0.6119, acc=99.8161|85.3799, fr=0.4600, cin|cout=0.015708|0.050972|3.2450, lr=0.0036, time=07.762169
-----------------------------

Epoch 65: loss=1.2501|0.6239, acc=99.7303|85.1148, fr=0.4614, cin|cout=0.015708|0.050973|3.2451, lr=0.0036, time=07.735690
-----------------------------

Epoch 66: loss=1.2472|0.5803, acc=99.8529|85.9982, fr=0.4624, cin|cout=0.015708|0.050974|3.2451, lr=0.0036, time=07.863206
-----------------------------

Epoch 67: loss=1.2451|0.6187, acc=99.9264|85.3357, fr=0.4657, cin|cout=0.015709|0.050985|3.2457, lr=0.0036, time=07.799448
-----------------------------

Epoch 68: loss=1.2430|0.6106, acc=99.8651|85.0265, fr=0.4686, cin|cout=0.015708|0.050994|3.2464, lr=0.0036, time=07.845231
-----------------------------

Epoch 69: loss=1.2397|0.6244, acc=99.8651|84.7173, fr=0.4700, cin|cout=0.015709|0.050994|3.2461, lr=0.0036, time=07.797126
-----------------------------

Epoch 70: loss=1.2389|0.6075, acc=99.8529|85.4240, fr=0.4687, cin|cout=0.015708|0.051007|3.2471, lr=0.0025, time=07.824861
-----------------------------

Epoch 71: loss=1.2363|0.6112, acc=99.8774|85.2915, fr=0.4706, cin|cout=0.015707|0.051016|3.2479, lr=0.0025, time=07.810339
-----------------------------

Epoch 72: loss=1.2346|0.6119, acc=99.9142|85.4682, fr=0.4708, cin|cout=0.015708|0.051021|3.2482, lr=0.0025, time=07.751118
-----------------------------

Epoch 73: loss=1.2341|0.6183, acc=99.9387|85.1148, fr=0.4738, cin|cout=0.015707|0.051015|3.2479, lr=0.0025, time=07.851303
-----------------------------

Epoch 74: loss=1.2321|0.6176, acc=99.8774|85.2032, fr=0.4773, cin|cout=0.015709|0.051010|3.2472, lr=0.0025, time=07.840852
-----------------------------

Epoch 75: loss=1.2318|0.6171, acc=99.9019|84.4081, fr=0.4778, cin|cout=0.015711|0.050996|3.2459, lr=0.0025, time=07.833925
-----------------------------

Epoch 76: loss=1.2303|0.6185, acc=99.9755|85.1590, fr=0.4802, cin|cout=0.015713|0.050991|3.2452, lr=0.0018, time=07.807295
-----------------------------

Epoch 77: loss=1.2284|0.6070, acc=99.9387|85.7332, fr=0.4822, cin|cout=0.015713|0.050978|3.2442, lr=0.0018, time=07.823202
-----------------------------

Epoch 78: loss=1.2282|0.6228, acc=99.9510|85.2032, fr=0.4851, cin|cout=0.015714|0.050975|3.2438, lr=0.0018, time=07.815058
-----------------------------

Epoch 79: loss=1.2277|0.6158, acc=99.9142|85.6007, fr=0.4847, cin|cout=0.015715|0.050969|3.2434, lr=0.0018, time=07.858734
-----------------------------

Epoch 80: loss=1.2259|0.6161, acc=99.9387|85.5565, fr=0.4863, cin|cout=0.015716|0.050965|3.2428, lr=0.0018, time=07.802199
-----------------------------

Epoch 81: loss=1.2259|0.6161, acc=99.9510|85.2032, fr=0.4888, cin|cout=0.015717|0.050964|3.2427, lr=0.0018, time=07.811405
-----------------------------

Epoch 82: loss=1.2229|0.6183, acc=99.9510|84.8940, fr=0.4878, cin|cout=0.015717|0.050965|3.2426, lr=0.0012, time=07.821979
-----------------------------

Epoch 83: loss=1.2225|0.6100, acc=99.9632|85.2915, fr=0.4893, cin|cout=0.015719|0.050961|3.2420, lr=0.0012, time=07.820127
-----------------------------

Epoch 84: loss=1.2232|0.6183, acc=99.9142|85.0265, fr=0.4915, cin|cout=0.015719|0.050962|3.2421, lr=0.0012, time=07.855489
-----------------------------

Epoch 85: loss=1.2235|0.6216, acc=99.9264|85.2032, fr=0.4921, cin|cout=0.015719|0.050964|3.2421, lr=0.0012, time=07.920116
-----------------------------

Epoch 86: loss=1.2221|0.6200, acc=99.9755|85.3357, fr=0.4908, cin|cout=0.015720|0.050962|3.2419, lr=0.0012, time=07.826231
-----------------------------

Epoch 87: loss=1.2218|0.6163, acc=99.9755|85.5124, fr=0.4921, cin|cout=0.015720|0.050957|3.2416, lr=0.0012, time=07.851160
-----------------------------

Epoch 88: loss=1.2205|0.6061, acc=99.9142|85.4240, fr=0.4934, cin|cout=0.015719|0.050962|3.2420, lr=0.0009, time=07.826051
-----------------------------

Epoch 89: loss=1.2192|0.6278, acc=99.9632|85.1590, fr=0.4947, cin|cout=0.015719|0.050961|3.2419, lr=0.0009, time=07.761983
-----------------------------

Epoch 90: loss=1.2191|0.6062, acc=99.9510|86.0424, fr=0.4963, cin|cout=0.015720|0.050959|3.2418, lr=0.0009, time=07.799866
-----------------------------

Epoch 91: loss=1.2190|0.6098, acc=99.9632|85.6890, fr=0.4962, cin|cout=0.015720|0.050967|3.2422, lr=0.0009, time=07.877009
-----------------------------

Epoch 92: loss=1.2196|0.6190, acc=99.9510|84.9823, fr=0.4980, cin|cout=0.015720|0.050967|3.2422, lr=0.0009, time=07.795939
-----------------------------

Epoch 93: loss=1.2178|0.6351, acc=99.9387|85.0707, fr=0.4985, cin|cout=0.015720|0.050970|3.2423, lr=0.0009, time=07.858422
-----------------------------

Epoch 94: loss=1.2188|0.6176, acc=99.9142|85.9541, fr=0.5000, cin|cout=0.015720|0.050970|3.2423, lr=0.0006, time=07.790379
-----------------------------

Epoch 95: loss=1.2174|0.6213, acc=99.9387|85.6449, fr=0.4999, cin|cout=0.015721|0.050968|3.2421, lr=0.0006, time=07.826127
-----------------------------

Epoch 96: loss=1.2170|0.6131, acc=99.9755|85.5124, fr=0.5001, cin|cout=0.015721|0.050963|3.2416, lr=0.0006, time=07.807065
-----------------------------

Epoch 97: loss=1.2169|0.6258, acc=99.9632|85.1148, fr=0.5005, cin|cout=0.015722|0.050961|3.2414, lr=0.0006, time=07.811212
-----------------------------

Epoch 98: loss=1.2165|0.6132, acc=99.9387|85.7332, fr=0.5005, cin|cout=0.015723|0.050959|3.2411, lr=0.0006, time=07.816696
-----------------------------

Epoch 99: loss=1.2147|0.6187, acc=99.9632|85.6007, fr=0.5015, cin|cout=0.015723|0.050961|3.2413, lr=0.0006, time=07.763527
-----------------------------

Epoch 100: loss=1.2151|0.6133, acc=99.9510|86.0866, fr=0.5011, cin|cout=0.015722|0.050963|3.2415, lr=0.0004, time=07.850312
-----------------------------


Best valid acc at epoch 0: 88

------ Training finished ------


**************  Trial 2  **************
Epoch 0: cin|cout=0.001546|0.014552|9.4153
-----------------------------

Epoch 1: loss=7.6444|3.6421, acc=27.2683|11.0866, fr=0.5914, cin|cout=0.008246|0.034895|4.2317, lr=0.0150, time=07.827649
-----------------------------

Epoch 2: loss=5.7835|2.3791, acc=20.6106|32.7739, fr=0.3128, cin|cout=0.011424|0.040692|3.5619, lr=0.0150, time=07.831320
-----------------------------

Epoch 3: loss=3.6714|2.3790, acc=29.0461|34.3640, fr=0.3726, cin|cout=0.012514|0.042748|3.4160, lr=0.0150, time=07.827268
-----------------------------

Epoch 4: loss=3.0243|1.7630, acc=39.7989|46.3339, fr=0.3310, cin|cout=0.013042|0.043702|3.3508, lr=0.0150, time=07.841781
-----------------------------

Epoch 5: loss=2.6060|1.4354, acc=47.8176|52.8710, fr=0.3570, cin|cout=0.013337|0.044404|3.3293, lr=0.0150, time=07.848894
-----------------------------

Epoch 6: loss=2.4435|1.3437, acc=54.8063|57.9947, fr=0.3699, cin|cout=0.013585|0.045691|3.3634, lr=0.0150, time=07.895224
-----------------------------

Epoch 7: loss=2.2832|1.1756, acc=62.5429|62.0141, fr=0.3665, cin|cout=0.013722|0.045983|3.3510, lr=0.0150, time=07.767455
-----------------------------

Epoch 8: loss=2.1641|0.9961, acc=66.8220|68.1979, fr=0.3594, cin|cout=0.013811|0.046064|3.3353, lr=0.0150, time=07.791993
-----------------------------

Epoch 9: loss=2.0789|1.0007, acc=70.1202|69.0813, fr=0.3674, cin|cout=0.013864|0.046271|3.3375, lr=0.0150, time=07.870886
-----------------------------

Epoch 10: loss=2.0020|0.9097, acc=73.3203|73.1449, fr=0.3662, cin|cout=0.013900|0.046496|3.3450, lr=0.0150, time=07.808686
-----------------------------

Epoch 11: loss=2.0660|1.2761, acc=72.4865|58.1714, fr=0.3650, cin|cout=0.014189|0.047063|3.3170, lr=0.0150, time=07.801489
-----------------------------

Epoch 12: loss=2.3256|1.0421, acc=66.4296|67.1378, fr=0.3929, cin|cout=0.014796|0.048083|3.2498, lr=0.0150, time=07.894538
-----------------------------

Epoch 13: loss=2.1661|0.9385, acc=69.8995|69.6555, fr=0.3826, cin|cout=0.015030|0.048375|3.2186, lr=0.0150, time=07.837963
-----------------------------

Epoch 14: loss=1.9782|0.8342, acc=76.1403|73.1449, fr=0.3739, cin|cout=0.015129|0.048322|3.1941, lr=0.0150, time=07.779346
-----------------------------

Epoch 15: loss=1.9086|0.8119, acc=79.3771|75.8834, fr=0.3711, cin|cout=0.015155|0.048646|3.2099, lr=0.0150, time=07.728838
-----------------------------

Epoch 16: loss=1.8769|0.8241, acc=81.1059|75.5742, fr=0.3682, cin|cout=0.015187|0.048620|3.2013, lr=0.0150, time=07.773562
-----------------------------

Epoch 17: loss=1.9507|0.7763, acc=81.9765|76.3251, fr=0.3677, cin|cout=0.015195|0.048673|3.2033, lr=0.0150, time=07.879893
-----------------------------

Epoch 18: loss=1.8506|0.7960, acc=84.0118|74.7792, fr=0.3666, cin|cout=0.015187|0.048658|3.2039, lr=0.0150, time=07.821521
-----------------------------

Epoch 19: loss=1.8337|0.7063, acc=84.5022|77.7385, fr=0.3721, cin|cout=0.015210|0.048645|3.1983, lr=0.0150, time=07.808935
-----------------------------

Epoch 20: loss=1.7864|0.6792, acc=85.3114|79.3286, fr=0.3694, cin|cout=0.015231|0.048640|3.1935, lr=0.0150, time=07.867309
-----------------------------

Epoch 21: loss=1.7242|0.6436, acc=87.2977|80.7862, fr=0.3680, cin|cout=0.015228|0.048826|3.2063, lr=0.0150, time=07.864100
-----------------------------

Epoch 22: loss=1.6794|0.6328, acc=88.6587|81.7580, fr=0.3639, cin|cout=0.015239|0.048869|3.2069, lr=0.0150, time=07.827977
-----------------------------

Epoch 23: loss=1.6866|0.6391, acc=89.6027|80.9629, fr=0.3650, cin|cout=0.015230|0.048889|3.2100, lr=0.0150, time=07.750091
-----------------------------

Epoch 24: loss=1.7228|0.6802, acc=87.4203|80.2562, fr=0.3746, cin|cout=0.015233|0.048987|3.2159, lr=0.0150, time=07.893710
-----------------------------

Epoch 25: loss=1.6800|0.5945, acc=89.2717|82.9064, fr=0.3658, cin|cout=0.015263|0.048926|3.2054, lr=0.0150, time=07.817015
-----------------------------

Epoch 26: loss=1.6366|0.6362, acc=90.5346|82.4647, fr=0.3656, cin|cout=0.015273|0.048847|3.1983, lr=0.0150, time=07.811049
-----------------------------

Epoch 27: loss=1.6870|0.6603, acc=88.6341|79.2845, fr=0.3829, cin|cout=0.015324|0.048907|3.1914, lr=0.0150, time=07.824368
-----------------------------

Epoch 28: loss=1.6591|0.6090, acc=89.8357|82.9064, fr=0.3716, cin|cout=0.015409|0.048599|3.1539, lr=0.0150, time=07.807714
-----------------------------

Epoch 29: loss=1.6342|0.5870, acc=90.7553|83.8339, fr=0.3687, cin|cout=0.015406|0.048748|3.1642, lr=0.0150, time=07.827974
-----------------------------

Epoch 30: loss=1.6313|0.6112, acc=90.9269|82.7739, fr=0.3674, cin|cout=0.015403|0.048907|3.1752, lr=0.0150, time=07.742694
-----------------------------

Epoch 31: loss=1.6282|0.6487, acc=90.8043|81.7580, fr=0.3694, cin|cout=0.015403|0.049085|3.1867, lr=0.0150, time=07.762117
-----------------------------

Epoch 32: loss=1.6137|0.5820, acc=91.6258|84.2314, fr=0.3685, cin|cout=0.015426|0.049043|3.1792, lr=0.0150, time=07.784777
-----------------------------

Epoch 33: loss=1.6205|0.6293, acc=92.0672|81.9346, fr=0.3652, cin|cout=0.015419|0.049134|3.1867, lr=0.0150, time=07.912688
-----------------------------

Epoch 34: loss=1.5636|0.5804, acc=93.5262|83.9664, fr=0.3682, cin|cout=0.015405|0.049250|3.1971, lr=0.0150, time=07.792571
-----------------------------

Epoch 35: loss=1.5520|0.5775, acc=93.3423|85.1148, fr=0.3640, cin|cout=0.015401|0.049323|3.2027, lr=0.0150, time=07.888165
-----------------------------

Epoch 36: loss=1.5368|0.5693, acc=94.0044|83.3481, fr=0.3624, cin|cout=0.015407|0.049240|3.1959, lr=0.0150, time=07.823295
-----------------------------

Epoch 37: loss=1.5530|0.6548, acc=93.6734|81.5813, fr=0.3619, cin|cout=0.015448|0.049317|3.1924, lr=0.0150, time=07.844567
-----------------------------

Epoch 38: loss=1.5712|0.6189, acc=92.6189|82.8622, fr=0.3733, cin|cout=0.015537|0.049310|3.1737, lr=0.0150, time=07.865856
-----------------------------

Epoch 39: loss=1.5441|0.5722, acc=93.8573|84.0989, fr=0.3713, cin|cout=0.015543|0.049415|3.1793, lr=0.0150, time=07.833142
-----------------------------

Epoch 40: loss=1.5264|0.6192, acc=94.8995|82.9505, fr=0.3742, cin|cout=0.015536|0.049567|3.1905, lr=0.0150, time=07.835832
-----------------------------

Epoch 41: loss=1.5207|0.5877, acc=94.6297|85.1148, fr=0.3716, cin|cout=0.015536|0.049629|3.1944, lr=0.0150, time=07.801851
-----------------------------

Epoch 42: loss=1.4905|0.5606, acc=95.7087|84.5848, fr=0.3646, cin|cout=0.015540|0.049596|3.1915, lr=0.0105, time=07.826296
-----------------------------

Epoch 43: loss=1.4935|0.5805, acc=95.8068|84.3640, fr=0.3692, cin|cout=0.015524|0.049677|3.2001, lr=0.0105, time=07.798490
-----------------------------

Epoch 44: loss=1.4973|0.6149, acc=95.7822|84.0548, fr=0.3789, cin|cout=0.015537|0.049613|3.1932, lr=0.0105, time=07.800079
-----------------------------

Epoch 45: loss=1.4743|0.5923, acc=96.0275|84.8940, fr=0.3781, cin|cout=0.015540|0.049580|3.1905, lr=0.0105, time=07.820389
-----------------------------

Epoch 46: loss=1.4647|0.6204, acc=96.5792|83.4364, fr=0.3857, cin|cout=0.015538|0.049580|3.1909, lr=0.0105, time=07.838867
-----------------------------

Epoch 47: loss=1.4541|0.5842, acc=97.2168|85.1148, fr=0.3901, cin|cout=0.015545|0.049524|3.1858, lr=0.0105, time=07.805588
-----------------------------

Epoch 48: loss=1.4507|0.6081, acc=96.9716|84.4523, fr=0.3870, cin|cout=0.015546|0.049528|3.1860, lr=0.0073, time=07.867625
-----------------------------

Epoch 49: loss=1.4532|0.5614, acc=97.1923|85.7774, fr=0.3853, cin|cout=0.015551|0.049494|3.1827, lr=0.0073, time=07.803893
-----------------------------

Epoch 50: loss=1.4306|0.5806, acc=97.6336|85.5124, fr=0.3885, cin|cout=0.015554|0.049480|3.1813, lr=0.0073, time=07.814119
-----------------------------

Epoch 51: loss=1.4140|0.5705, acc=98.0383|85.4240, fr=0.3942, cin|cout=0.015557|0.049461|3.1794, lr=0.0073, time=07.876180
-----------------------------

Epoch 52: loss=1.4282|0.5579, acc=97.9647|85.9541, fr=0.4022, cin|cout=0.015563|0.049431|3.1762, lr=0.0073, time=07.752892
-----------------------------

Epoch 53: loss=1.4408|0.5684, acc=97.7685|85.5124, fr=0.4044, cin|cout=0.015556|0.049453|3.1791, lr=0.0073, time=07.824264
-----------------------------

Epoch 54: loss=1.4790|0.5819, acc=97.8053|84.3198, fr=0.4086, cin|cout=0.015554|0.049452|3.1794, lr=0.0073, time=07.788533
-----------------------------

Epoch 55: loss=1.4320|0.5827, acc=98.1976|85.2032, fr=0.4067, cin|cout=0.015551|0.049466|3.1809, lr=0.0073, time=07.784157
-----------------------------

Epoch 56: loss=1.4035|0.5712, acc=98.4796|85.6007, fr=0.4118, cin|cout=0.015552|0.049462|3.1804, lr=0.0073, time=07.841593
-----------------------------

Epoch 57: loss=1.3910|0.6267, acc=98.8230|84.0548, fr=0.4145, cin|cout=0.015551|0.049465|3.1807, lr=0.0073, time=07.779287
-----------------------------

Epoch 58: loss=1.4048|0.5790, acc=98.1363|84.9823, fr=0.4217, cin|cout=0.015552|0.049479|3.1816, lr=0.0073, time=07.877624
-----------------------------

Epoch 59: loss=1.4068|0.5866, acc=98.5287|85.1148, fr=0.4223, cin|cout=0.015549|0.049510|3.1842, lr=0.0051, time=07.743305
-----------------------------

Epoch 60: loss=1.3929|0.5914, acc=98.4919|85.8657, fr=0.4234, cin|cout=0.015546|0.049534|3.1862, lr=0.0051, time=07.788855
-----------------------------

Epoch 61: loss=1.3837|0.5531, acc=98.7739|85.9541, fr=0.4257, cin|cout=0.015546|0.049539|3.1866, lr=0.0051, time=07.768848
-----------------------------

Epoch 62: loss=1.3820|0.5857, acc=98.9088|85.2915, fr=0.4295, cin|cout=0.015546|0.049535|3.1863, lr=0.0051, time=07.800192
-----------------------------

Epoch 63: loss=1.3770|0.5924, acc=99.0436|85.5565, fr=0.4320, cin|cout=0.015547|0.049527|3.1857, lr=0.0051, time=07.781429
-----------------------------

Epoch 64: loss=1.3761|0.5851, acc=98.9333|85.7774, fr=0.4294, cin|cout=0.015546|0.049535|3.1863, lr=0.0051, time=07.832487
-----------------------------

Epoch 65: loss=1.3697|0.5637, acc=99.1908|86.3958, fr=0.4317, cin|cout=0.015544|0.049561|3.1885, lr=0.0036, time=07.765986
-----------------------------

Epoch 66: loss=1.3677|0.5760, acc=99.2276|86.0424, fr=0.4345, cin|cout=0.015545|0.049561|3.1883, lr=0.0036, time=07.832524
-----------------------------

Epoch 67: loss=1.3660|0.5643, acc=99.1785|86.1307, fr=0.4357, cin|cout=0.015546|0.049560|3.1881, lr=0.0036, time=07.875928
-----------------------------

Epoch 68: loss=1.3619|0.5895, acc=99.4237|86.0424, fr=0.4390, cin|cout=0.015546|0.049555|3.1877, lr=0.0036, time=07.887804
-----------------------------

Epoch 69: loss=1.3634|0.5683, acc=99.1908|85.8216, fr=0.4401, cin|cout=0.015544|0.049554|3.1879, lr=0.0036, time=07.793300
-----------------------------

Epoch 70: loss=1.3606|0.5839, acc=99.2766|86.2191, fr=0.4394, cin|cout=0.015543|0.049547|3.1877, lr=0.0036, time=07.766244
-----------------------------

Epoch 71: loss=1.3585|0.5746, acc=99.3870|85.8657, fr=0.4438, cin|cout=0.015541|0.049562|3.1891, lr=0.0036, time=07.787474
-----------------------------

Epoch 72: loss=1.3570|0.5941, acc=99.4115|85.9541, fr=0.4463, cin|cout=0.015542|0.049565|3.1892, lr=0.0025, time=07.799646
-----------------------------

Epoch 73: loss=1.3548|0.6058, acc=99.4850|85.3799, fr=0.4466, cin|cout=0.015542|0.049555|3.1884, lr=0.0025, time=07.851931
-----------------------------

Epoch 74: loss=1.3535|0.5899, acc=99.6199|85.2032, fr=0.4468, cin|cout=0.015543|0.049553|3.1881, lr=0.0025, time=07.864667
-----------------------------

Epoch 75: loss=1.3519|0.5906, acc=99.6077|85.4682, fr=0.4486, cin|cout=0.015543|0.049554|3.1883, lr=0.0025, time=07.840894
-----------------------------

Epoch 76: loss=1.3527|0.6082, acc=99.5709|84.6290, fr=0.4530, cin|cout=0.015542|0.049558|3.1887, lr=0.0025, time=07.818115
-----------------------------

Epoch 77: loss=1.3532|0.5833, acc=99.4483|85.5124, fr=0.4519, cin|cout=0.015542|0.049562|3.1890, lr=0.0025, time=07.777853
-----------------------------

Epoch 78: loss=1.3507|0.5785, acc=99.4483|85.8216, fr=0.4553, cin|cout=0.015541|0.049567|3.1895, lr=0.0018, time=07.788463
-----------------------------

Epoch 79: loss=1.3500|0.5962, acc=99.5586|85.4240, fr=0.4586, cin|cout=0.015540|0.049578|3.1904, lr=0.0018, time=07.769807
-----------------------------

Epoch 80: loss=1.3488|0.5941, acc=99.6199|85.7332, fr=0.4582, cin|cout=0.015540|0.049578|3.1904, lr=0.0018, time=07.954229
-----------------------------

Epoch 81: loss=1.3467|0.5866, acc=99.5831|85.6007, fr=0.4590, cin|cout=0.015540|0.049571|3.1899, lr=0.0018, time=07.804482
-----------------------------

Epoch 82: loss=1.3471|0.5934, acc=99.6567|85.7774, fr=0.4617, cin|cout=0.015539|0.049576|3.1903, lr=0.0018, time=07.788532
-----------------------------

Epoch 83: loss=1.3477|0.5828, acc=99.5463|85.9541, fr=0.4627, cin|cout=0.015538|0.049589|3.1913, lr=0.0018, time=07.846654
-----------------------------

Epoch 84: loss=1.3450|0.5882, acc=99.6322|85.6449, fr=0.4608, cin|cout=0.015539|0.049584|3.1909, lr=0.0012, time=07.828924
-----------------------------

Epoch 85: loss=1.3416|0.6119, acc=99.7793|84.9382, fr=0.4630, cin|cout=0.015540|0.049580|3.1905, lr=0.0012, time=07.890928
-----------------------------

Epoch 86: loss=1.3428|0.5851, acc=99.6199|86.1307, fr=0.4637, cin|cout=0.015540|0.049581|3.1906, lr=0.0012, time=07.774431
-----------------------------

Epoch 87: loss=1.3410|0.5930, acc=99.7548|85.9982, fr=0.4652, cin|cout=0.015540|0.049574|3.1901, lr=0.0012, time=07.853328
-----------------------------

Epoch 88: loss=1.3405|0.5839, acc=99.7303|85.6449, fr=0.4663, cin|cout=0.015540|0.049575|3.1902, lr=0.0012, time=07.823801
-----------------------------

Epoch 89: loss=1.3393|0.5892, acc=99.7180|86.3516, fr=0.4679, cin|cout=0.015540|0.049581|3.1905, lr=0.0012, time=07.823327
-----------------------------

Epoch 90: loss=1.3403|0.5978, acc=99.6812|85.4240, fr=0.4680, cin|cout=0.015540|0.049583|3.1907, lr=0.0009, time=07.893534
-----------------------------

Epoch 91: loss=1.3393|0.5982, acc=99.7180|85.6890, fr=0.4688, cin|cout=0.015540|0.049582|3.1906, lr=0.0009, time=07.823232
-----------------------------

Epoch 92: loss=1.3370|0.5935, acc=99.7916|85.9099, fr=0.4689, cin|cout=0.015540|0.049582|3.1906, lr=0.0009, time=07.752851
-----------------------------

Epoch 93: loss=1.3374|0.5962, acc=99.7057|85.7332, fr=0.4691, cin|cout=0.015540|0.049580|3.1905, lr=0.0009, time=07.788949
-----------------------------

Epoch 94: loss=1.3365|0.5843, acc=99.7916|86.3516, fr=0.4711, cin|cout=0.015540|0.049578|3.1903, lr=0.0009, time=07.850259
-----------------------------

Epoch 95: loss=1.3378|0.5926, acc=99.7303|85.6890, fr=0.4707, cin|cout=0.015540|0.049580|3.1904, lr=0.0009, time=07.821808
-----------------------------

Epoch 96: loss=1.3361|0.6015, acc=99.7425|86.0424, fr=0.4698, cin|cout=0.015540|0.049580|3.1905, lr=0.0006, time=07.745665
-----------------------------

Epoch 97: loss=1.3355|0.5890, acc=99.8038|86.2191, fr=0.4710, cin|cout=0.015540|0.049581|3.1906, lr=0.0006, time=07.846417
-----------------------------

Epoch 98: loss=1.3373|0.6036, acc=99.7793|85.6890, fr=0.4726, cin|cout=0.015540|0.049575|3.1902, lr=0.0006, time=07.805570
-----------------------------

Epoch 99: loss=1.3368|0.5949, acc=99.7670|85.7774, fr=0.4740, cin|cout=0.015540|0.049571|3.1899, lr=0.0006, time=07.892570
-----------------------------

Epoch 100: loss=1.3364|0.5955, acc=99.7916|85.5565, fr=0.4748, cin|cout=0.015540|0.049571|3.1898, lr=0.0006, time=07.777991
-----------------------------


Best valid acc at epoch 0: 88

------ Training finished ------


**************  Trial 3  **************
Epoch 0: cin|cout=0.001429|0.013180|9.2265
-----------------------------

Epoch 1: loss=7.7461|3.1284, acc=25.0981|15.7244, fr=0.5856, cin|cout=0.008165|0.035498|4.3475, lr=0.0150, time=07.876011
-----------------------------

Epoch 2: loss=5.1566|2.3244, acc=22.6336|25.9276, fr=0.2647, cin|cout=0.011229|0.042193|3.7575, lr=0.0150, time=07.841456
-----------------------------

Epoch 3: loss=3.1908|2.1588, acc=29.7695|36.0866, fr=0.3837, cin|cout=0.012432|0.044066|3.5447, lr=0.0150, time=07.757606
-----------------------------

Epoch 4: loss=2.7792|1.6455, acc=41.0741|49.2491, fr=0.3633, cin|cout=0.012893|0.046186|3.5823, lr=0.0150, time=07.875990
-----------------------------

Epoch 5: loss=2.4084|1.3921, acc=51.9004|53.2686, fr=0.3669, cin|cout=0.013186|0.047618|3.6113, lr=0.0150, time=07.803269
-----------------------------

Epoch 6: loss=2.2223|1.2787, acc=59.1712|56.6696, fr=0.3782, cin|cout=0.013429|0.047867|3.5645, lr=0.0150, time=07.818019
-----------------------------

Epoch 7: loss=2.1048|1.1168, acc=63.6341|63.5601, fr=0.3834, cin|cout=0.013623|0.047767|3.5064, lr=0.0150, time=07.887456
-----------------------------

Epoch 8: loss=2.0379|1.3831, acc=67.9255|55.3887, fr=0.3744, cin|cout=0.013776|0.047991|3.4837, lr=0.0150, time=07.754239
-----------------------------

Epoch 9: loss=2.1781|1.2145, acc=62.8249|60.6449, fr=0.3617, cin|cout=0.013993|0.048815|3.4884, lr=0.0150, time=07.763907
-----------------------------

Epoch 10: loss=2.1623|1.0406, acc=65.5714|66.8286, fr=0.3729, cin|cout=0.014200|0.049260|3.4690, lr=0.0150, time=07.754967
-----------------------------

Epoch 11: loss=2.0067|1.0459, acc=72.3884|65.9452, fr=0.3625, cin|cout=0.014308|0.049270|3.4435, lr=0.0150, time=07.864395
-----------------------------

Epoch 12: loss=1.9258|0.8689, acc=76.7410|73.9399, fr=0.3485, cin|cout=0.014348|0.049317|3.4372, lr=0.0150, time=07.835424
-----------------------------

Epoch 13: loss=1.7836|0.8266, acc=81.1059|74.2491, fr=0.3531, cin|cout=0.014373|0.049230|3.4251, lr=0.0150, time=07.797055
-----------------------------

Epoch 14: loss=1.7571|0.8095, acc=81.6699|75.8834, fr=0.3640, cin|cout=0.014379|0.049252|3.4254, lr=0.0150, time=07.871320
-----------------------------

Epoch 15: loss=1.7238|0.8446, acc=83.4478|75.0000, fr=0.3495, cin|cout=0.014388|0.049527|3.4423, lr=0.0150, time=07.815551
-----------------------------

Epoch 16: loss=1.6865|0.7363, acc=84.6126|77.2527, fr=0.3510, cin|cout=0.014424|0.049628|3.4408, lr=0.0150, time=07.843443
-----------------------------

Epoch 17: loss=1.6483|0.7662, acc=86.1820|76.8993, fr=0.3573, cin|cout=0.014466|0.049891|3.4489, lr=0.0150, time=07.828190
-----------------------------

Epoch 18: loss=1.6260|0.7322, acc=87.4203|76.1926, fr=0.3522, cin|cout=0.014510|0.049834|3.4346, lr=0.0150, time=07.806457
-----------------------------

Epoch 19: loss=1.5992|0.7555, acc=88.3031|76.3251, fr=0.3607, cin|cout=0.014535|0.049821|3.4277, lr=0.0150, time=07.800630
-----------------------------

Epoch 20: loss=1.6069|0.7990, acc=88.3889|74.5141, fr=0.3563, cin|cout=0.014555|0.049626|3.4095, lr=0.0150, time=08.779883
-----------------------------

Epoch 21: loss=1.6458|0.7212, acc=87.2487|78.1802, fr=0.3604, cin|cout=0.014530|0.049764|3.4250, lr=0.0150, time=08.405833
-----------------------------

Epoch 22: loss=1.5707|0.7103, acc=89.4066|78.4452, fr=0.3601, cin|cout=0.014529|0.049838|3.4302, lr=0.0150, time=08.105791
-----------------------------

Epoch 23: loss=1.5459|0.6888, acc=89.9583|79.1961, fr=0.3583, cin|cout=0.014552|0.049797|3.4220, lr=0.0150, time=07.825666
-----------------------------

Epoch 24: loss=1.5479|0.7102, acc=90.5101|78.9311, fr=0.3595, cin|cout=0.014572|0.049759|3.4147, lr=0.0150, time=08.379227
-----------------------------

Epoch 25: loss=1.5398|0.6677, acc=91.0005|79.8587, fr=0.3643, cin|cout=0.014567|0.049927|3.4274, lr=0.0150, time=08.344360
-----------------------------

Epoch 26: loss=1.5305|0.6694, acc=92.1162|79.8145, fr=0.3612, cin|cout=0.014557|0.050100|3.4416, lr=0.0150, time=07.938946
-----------------------------

Epoch 27: loss=1.5090|0.6482, acc=92.8396|80.5654, fr=0.3683, cin|cout=0.014571|0.050216|3.4464, lr=0.0150, time=08.169772
-----------------------------

Epoch 28: loss=1.5016|0.6502, acc=92.9255|80.6979, fr=0.3619, cin|cout=0.014605|0.050151|3.4337, lr=0.0150, time=08.117986
-----------------------------

Epoch 29: loss=1.4722|0.6164, acc=93.9554|82.3763, fr=0.3700, cin|cout=0.014614|0.050183|3.4339, lr=0.0150, time=07.917431
-----------------------------

Epoch 30: loss=1.4617|0.6480, acc=94.3109|80.9629, fr=0.3735, cin|cout=0.014619|0.050163|3.4313, lr=0.0150, time=07.911391
-----------------------------

Epoch 31: loss=1.4638|0.6589, acc=94.2742|80.5654, fr=0.3755, cin|cout=0.014625|0.050119|3.4269, lr=0.0150, time=07.976737
-----------------------------

Epoch 32: loss=1.4467|0.6547, acc=94.6788|81.5813, fr=0.3669, cin|cout=0.014647|0.050018|3.4148, lr=0.0150, time=07.993754
-----------------------------

Epoch 33: loss=1.4400|0.6599, acc=95.1569|81.5371, fr=0.3623, cin|cout=0.014650|0.049966|3.4106, lr=0.0150, time=08.313509
-----------------------------

Epoch 34: loss=1.4281|0.6582, acc=95.2060|81.8021, fr=0.3679, cin|cout=0.014637|0.050036|3.4184, lr=0.0150, time=07.985775
-----------------------------

Epoch 35: loss=1.4013|0.6495, acc=95.6842|81.3604, fr=0.3659, cin|cout=0.014656|0.049969|3.4093, lr=0.0150, time=08.041142
-----------------------------

Epoch 36: loss=1.4299|0.9228, acc=94.9608|74.0283, fr=0.3734, cin|cout=0.014715|0.050008|3.3985, lr=0.0105, time=08.109796
-----------------------------

Epoch 37: loss=1.5362|0.7232, acc=91.2702|78.0035, fr=0.3734, cin|cout=0.014827|0.049865|3.3632, lr=0.0105, time=07.933659
-----------------------------

Epoch 38: loss=1.4378|0.6298, acc=94.1393|81.7138, fr=0.3777, cin|cout=0.014870|0.049890|3.3550, lr=0.0105, time=07.984677
-----------------------------

Epoch 39: loss=1.5210|0.7143, acc=94.6542|80.1237, fr=0.3874, cin|cout=0.014908|0.049723|3.3353, lr=0.0105, time=07.877182
-----------------------------

Epoch 40: loss=1.4477|0.6314, acc=94.9975|80.6979, fr=0.3761, cin|cout=0.014918|0.049726|3.3333, lr=0.0105, time=07.838405
-----------------------------

Epoch 41: loss=1.4014|0.6071, acc=95.8436|82.8180, fr=0.3755, cin|cout=0.014914|0.049781|3.3379, lr=0.0105, time=08.135194
-----------------------------

Epoch 42: loss=1.3748|0.5887, acc=96.5669|83.6572, fr=0.3797, cin|cout=0.014925|0.049762|3.3341, lr=0.0105, time=08.077201
-----------------------------

Epoch 43: loss=1.3632|0.5844, acc=96.5056|83.5689, fr=0.3788, cin|cout=0.014925|0.049711|3.3308, lr=0.0105, time=08.665721
-----------------------------

Epoch 44: loss=1.3530|0.5976, acc=96.9593|82.9947, fr=0.3837, cin|cout=0.014930|0.049667|3.3266, lr=0.0105, time=08.463573
-----------------------------

Epoch 45: loss=1.3442|0.5779, acc=97.6704|83.5247, fr=0.3826, cin|cout=0.014920|0.049671|3.3291, lr=0.0105, time=08.363893
-----------------------------

Epoch 46: loss=1.3389|0.6046, acc=97.6214|83.5689, fr=0.3906, cin|cout=0.014931|0.049645|3.3249, lr=0.0105, time=08.715369
-----------------------------

Epoch 47: loss=1.3275|0.5996, acc=97.9402|83.3481, fr=0.3862, cin|cout=0.014932|0.049626|3.3235, lr=0.0105, time=08.068751
-----------------------------

Epoch 48: loss=1.3106|0.5903, acc=98.4306|83.7456, fr=0.3930, cin|cout=0.014934|0.049592|3.3207, lr=0.0105, time=08.245182
-----------------------------

Epoch 49: loss=1.3118|0.5917, acc=98.1118|83.9664, fr=0.3951, cin|cout=0.014944|0.049538|3.3150, lr=0.0105, time=08.724922
-----------------------------

Epoch 50: loss=1.3131|0.6181, acc=98.3325|83.8781, fr=0.4045, cin|cout=0.014944|0.049614|3.3200, lr=0.0105, time=08.248185
-----------------------------

