===== Exp configuration =====
date:		08-21-20-54
save_dir:		./log/08-21-20-54
dataset_name:		shd
data_folder:		./data/raw/
input_dim:		700
output_dim:		20
nb_steps:		100
trials:		5
scheduler_patience:		5
scheduler_factor:		0.7
batch_size:		512
nb_epochs:		100
lr:		0.015
weight_decay:		1e-05
reg_factor:		0.5
reg_fmin:		0.01
reg_fmax:		0.1
fr_ent:		0.1
seed:		100
ckpt_freq:		10
threshold:		1.0
smoothing:		0.1
pdrop:		0.1
normalization:		batchnorm
train_input:		True
nb_hiddens:		1024
noise_test:		0.0
device:		cuda:0

Created new spiking model:
 RC(
  (W): Linear(in_features=700, out_features=1024, bias=True)
  (V): Linear(in_features=1024, out_features=1024, bias=False)
  (read): Linear(in_features=1024, out_features=20, bias=True)
  (norm): BatchNorm1d(1024, eps=1e-05, momentum=0.05, affine=True, track_running_stats=True)
  (norm_read): BatchNorm1d(20, eps=1e-05, momentum=0.05, affine=True, track_running_stats=True)
  (drop): Dropout(p=0.1, inplace=False)
)

Total number of trainable parameters is 1793104

**************  Trial 1  **************
Epoch 0: cin|cout=0.001488|0.014372|9.6601
Epoch 1: loss=15.2576|3.0668, acc=5.0638|5.3004, fr=0.6230, cin|cout=0.011203|0.042128|3.7604, lr=0.0150, time=11.408514
-----------------------------

Epoch 2: loss=7.7594|3.0436, acc=4.8798|5.1237, fr=0.3934, cin|cout=0.017216|0.051448|2.9883, lr=0.0150, time=10.404351
-----------------------------

Epoch 3: loss=6.4764|3.0442, acc=5.4193|4.9028, fr=0.3446, cin|cout=0.018999|0.054065|2.8456, lr=0.0150, time=11.241529
-----------------------------

Epoch 4: loss=5.7255|3.0247, acc=4.9166|4.7261, fr=0.3160, cin|cout=0.019534|0.054879|2.8095, lr=0.0150, time=10.826681
-----------------------------

Epoch 5: loss=5.5190|3.0277, acc=4.7940|4.8587, fr=0.3119, cin|cout=0.019768|0.055358|2.8003, lr=0.0150, time=10.628001
-----------------------------

Epoch 6: loss=5.4432|3.0190, acc=5.0025|6.6254, fr=0.3105, cin|cout=0.019906|0.055673|2.7968, lr=0.0150, time=10.634467
-----------------------------

Epoch 7: loss=5.3847|3.0154, acc=5.3090|5.3887, fr=0.3112, cin|cout=0.020006|0.056048|2.8016, lr=0.0150, time=10.484097
-----------------------------

Epoch 8: loss=5.3491|3.0181, acc=5.2231|4.9470, fr=0.3146, cin|cout=0.020094|0.056094|2.7916, lr=0.0150, time=11.332316
-----------------------------

