===== Exp configuration =====
date:		08-23-12-12
save_dir:		./log/08-23-12-12
dataset_name:		shd
data_folder:		./data/raw/
input_dim:		700
output_dim:		20
nb_steps:		100
trials:		100
scheduler_patience:		5
scheduler_factor:		0.7
lens:		0.5
gamma:		0.5
gradient_type:		linear
scale:		6.0
hight:		0.15
best_acc:		88
cluster:		8
batch_size:		512
nb_epochs:		100
lr:		0.015
weight_decay:		1e-05
reg_factor:		0.5
reg_fmin:		0.01
reg_fmax:		0.1
fr_ent:		0.1
seed:		117
ckpt_freq:		-1
threshold:		1.0
smoothing:		0.1
pdrop:		0.1
normalization:		batchnorm
train_input:		False
nb_hiddens:		1024
noise_test:		0.0
device:		cuda:0

Created new spiking model:
 RC(
  (W): Linear(in_features=700, out_features=1024, bias=True)
  (V): Linear(in_features=1024, out_features=1024, bias=False)
  (read): Linear(in_features=1024, out_features=20, bias=True)
  (norm): BatchNorm1d(1024, eps=1e-05, momentum=0.05, affine=True, track_running_stats=True)
  (norm_read): BatchNorm1d(20, eps=1e-05, momentum=0.05, affine=True, track_running_stats=True)
  (drop): Dropout(p=0.1, inplace=False)
)

Total number of trainable parameters is 1074384

**************  Trial 1  **************
Epoch 0: cin|cout=0.001410|0.013630|9.6683
-----------------------------

