===== Exp configuration =====
date:		08-21-20-53
save_dir:		./log/08-21-20-53
dataset_name:		shd
data_folder:		./data/raw/
input_dim:		700
output_dim:		20
nb_steps:		100
trials:		5
scheduler_patience:		5
scheduler_factor:		0.7
batch_size:		512
nb_epochs:		100
lr:		0.015
weight_decay:		1e-05
reg_factor:		0.5
reg_fmin:		0.01
reg_fmax:		0.1
fr_ent:		0.1
seed:		1692622399
ckpt_freq:		10
threshold:		1.0
smoothing:		0.1
pdrop:		0.1
normalization:		batchnorm
train_input:		True
nb_hiddens:		1024
noise_test:		0.0
device:		cuda:0

Created new spiking model:
 RC(
  (W): Linear(in_features=700, out_features=1024, bias=True)
  (V): Linear(in_features=1024, out_features=1024, bias=False)
  (read): Linear(in_features=1024, out_features=20, bias=True)
  (norm): BatchNorm1d(1024, eps=1e-05, momentum=0.05, affine=True, track_running_stats=True)
  (norm_read): BatchNorm1d(20, eps=1e-05, momentum=0.05, affine=True, track_running_stats=True)
  (drop): Dropout(p=0.1, inplace=False)
)

Total number of trainable parameters is 1793104

**************  Trial 1  **************
Epoch 0: cin|cout=0.001460|0.012986|8.8946
Epoch 1: loss=16.0313|3.0889, acc=5.6400|4.4611, fr=0.6793, cin|cout=0.011101|0.038017|3.4246, lr=0.0150, time=12.457099
-----------------------------

Epoch 2: loss=7.6386|3.0552, acc=5.1864|5.3004, fr=0.4265, cin|cout=0.016516|0.047001|2.8459, lr=0.0150, time=11.214979
-----------------------------

Epoch 3: loss=6.2670|3.0409, acc=5.0760|4.7261, fr=0.3749, cin|cout=0.018079|0.049711|2.7497, lr=0.0150, time=12.077115
-----------------------------

Epoch 4: loss=5.8989|3.0270, acc=5.0883|5.1237, fr=0.3585, cin|cout=0.018520|0.050321|2.7172, lr=0.0150, time=12.699452
-----------------------------

Epoch 5: loss=5.7418|3.0258, acc=5.2231|4.9470, fr=0.3551, cin|cout=0.018680|0.050495|2.7032, lr=0.0150, time=10.430516
-----------------------------

Epoch 6: loss=5.6748|3.0249, acc=5.2109|5.0353, fr=0.3544, cin|cout=0.018734|0.051001|2.7224, lr=0.0150, time=10.958810
-----------------------------

Epoch 7: loss=5.6189|3.0257, acc=5.2722|5.0795, fr=0.3547, cin|cout=0.018857|0.051426|2.7272, lr=0.0150, time=12.465187
-----------------------------

