===== Exp configuration =====
date:		08-22-15-53
save_dir:		./log/08-22-15-53
dataset_name:		shd
data_folder:		./data/raw/
input_dim:		700
output_dim:		20
nb_steps:		100
trials:		100
scheduler_patience:		5
scheduler_factor:		0.7
lens:		0.5
gamma:		0.5
gradient_type:		linear
scale:		6.0
hight:		0.15
best_acc:		88
cluster:		8
batch_size:		512
nb_epochs:		100
lr:		0.015
weight_decay:		1e-05
reg_factor:		0.5
reg_fmin:		0.01
reg_fmax:		0.1
fr_ent:		0.1
seed:		117
ckpt_freq:		-1
threshold:		1.0
smoothing:		0.1
pdrop:		0.1
normalization:		batchnorm
train_input:		False
nb_hiddens:		1024
noise_test:		0.0
device:		cuda:0

Created new spiking model:
 RC(
  (W): Linear(in_features=700, out_features=1024, bias=True)
  (V): Linear(in_features=1024, out_features=1024, bias=False)
  (read): Linear(in_features=1024, out_features=20, bias=True)
  (norm): BatchNorm1d(1024, eps=1e-05, momentum=0.05, affine=True, track_running_stats=True)
  (norm_read): BatchNorm1d(20, eps=1e-05, momentum=0.05, affine=True, track_running_stats=True)
  (drop): Dropout(p=0.1, inplace=False)
)

Total number of trainable parameters is 1075280

**************  Trial 1  **************
Epoch 0: cin|cout=0.001468|0.013434|9.1514
-----------------------------

Epoch 1: loss=8.2587|3.0813, acc=25.4046|13.4717, fr=0.6098, cin|cout=0.008348|0.037554|4.4985, lr=0.0150, time=08.649083
-----------------------------

Epoch 2: loss=4.9896|2.5367, acc=20.3041|26.1042, fr=0.3241, cin|cout=0.011294|0.044543|3.9438, lr=0.0150, time=08.014394
-----------------------------

Epoch 3: loss=3.0287|1.9410, acc=32.0745|38.6042, fr=0.3457, cin|cout=0.012271|0.046613|3.7988, lr=0.0150, time=07.708909
-----------------------------

Epoch 4: loss=2.6974|1.5552, acc=43.6488|50.9717, fr=0.3618, cin|cout=0.012743|0.047210|3.7047, lr=0.0150, time=07.537477
-----------------------------

Epoch 5: loss=2.5585|1.7510, acc=50.0000|46.6431, fr=0.3580, cin|cout=0.012964|0.048107|3.7109, lr=0.0150, time=07.635654
-----------------------------

Epoch 6: loss=2.5249|1.3950, acc=50.4904|52.4735, fr=0.3575, cin|cout=0.013122|0.048577|3.7020, lr=0.0150, time=07.572412
-----------------------------

Epoch 7: loss=2.3758|1.2493, acc=56.6945|61.0866, fr=0.3462, cin|cout=0.013346|0.048585|3.6404, lr=0.0150, time=07.541804
-----------------------------

Epoch 8: loss=2.1815|1.1958, acc=63.7935|61.7491, fr=0.3520, cin|cout=0.013539|0.048669|3.5949, lr=0.0150, time=07.658958
-----------------------------

Epoch 9: loss=2.5182|1.2272, acc=61.5253|62.7208, fr=0.3758, cin|cout=0.014412|0.048766|3.3838, lr=0.0150, time=07.662816
-----------------------------

Epoch 10: loss=2.5123|1.4103, acc=56.9274|55.4770, fr=0.3831, cin|cout=0.014907|0.048417|3.2479, lr=0.0150, time=07.748031
-----------------------------

Epoch 11: loss=2.3475|1.1176, acc=62.6042|64.6643, fr=0.3506, cin|cout=0.015220|0.048255|3.1704, lr=0.0150, time=07.613892
-----------------------------

Epoch 12: loss=2.1516|0.9950, acc=69.5071|65.8127, fr=0.3415, cin|cout=0.015305|0.048457|3.1660, lr=0.0150, time=08.000194
-----------------------------

Epoch 13: loss=2.0216|0.8547, acc=73.6023|73.3657, fr=0.3430, cin|cout=0.015373|0.048574|3.1596, lr=0.0150, time=07.862833
-----------------------------

Epoch 14: loss=1.9128|0.8073, acc=78.2859|74.1166, fr=0.3454, cin|cout=0.015390|0.048622|3.1594, lr=0.0150, time=07.780847
-----------------------------

Epoch 15: loss=1.8763|0.8266, acc=79.6837|73.4099, fr=0.3480, cin|cout=0.015387|0.049046|3.1874, lr=0.0150, time=07.720678
-----------------------------

Epoch 16: loss=1.8617|0.7625, acc=81.6454|76.1926, fr=0.3412, cin|cout=0.015395|0.049066|3.1872, lr=0.0150, time=08.001750
-----------------------------

Epoch 17: loss=1.8213|0.6930, acc=83.5704|79.8587, fr=0.3460, cin|cout=0.015407|0.049025|3.1819, lr=0.0150, time=07.709643
-----------------------------

Epoch 18: loss=1.8535|0.7965, acc=82.7244|75.1767, fr=0.3404, cin|cout=0.015433|0.049053|3.1784, lr=0.0150, time=07.748208
-----------------------------

Epoch 19: loss=1.8621|0.7055, acc=81.8416|78.0919, fr=0.3339, cin|cout=0.015443|0.049072|3.1776, lr=0.0150, time=07.668420
-----------------------------

Epoch 20: loss=1.7966|0.7289, acc=84.3428|78.2686, fr=0.3309, cin|cout=0.015486|0.048971|3.1623, lr=0.0150, time=07.722070
-----------------------------

Epoch 21: loss=1.7479|0.7323, acc=86.4640|77.8269, fr=0.3345, cin|cout=0.015480|0.048987|3.1644, lr=0.0150, time=07.678296
-----------------------------

Epoch 22: loss=1.7118|0.6644, acc=87.7636|79.0636, fr=0.3365, cin|cout=0.015475|0.049069|3.1709, lr=0.0150, time=07.730595
-----------------------------

Epoch 23: loss=1.6754|0.6871, acc=88.9529|79.8145, fr=0.3392, cin|cout=0.015470|0.049113|3.1746, lr=0.0150, time=07.813068
-----------------------------

Epoch 24: loss=1.7164|0.6822, acc=87.7759|78.2244, fr=0.3383, cin|cout=0.015495|0.049184|3.1741, lr=0.0105, time=07.903091
-----------------------------

Epoch 25: loss=1.6771|0.6531, acc=89.2717|80.1237, fr=0.3473, cin|cout=0.015523|0.049137|3.1655, lr=0.0105, time=07.739385
-----------------------------

Epoch 26: loss=1.6187|0.6090, acc=91.3561|81.6254, fr=0.3545, cin|cout=0.015542|0.049165|3.1634, lr=0.0105, time=08.045643
-----------------------------

Epoch 27: loss=1.6032|0.6579, acc=92.0059|80.4329, fr=0.3561, cin|cout=0.015541|0.049187|3.1651, lr=0.0105, time=08.034188
-----------------------------

Epoch 28: loss=1.5856|0.6300, acc=92.7906|81.8021, fr=0.3555, cin|cout=0.015533|0.049241|3.1701, lr=0.0105, time=08.028584
-----------------------------

Epoch 29: loss=1.5659|0.6234, acc=93.3791|80.6537, fr=0.3636, cin|cout=0.015532|0.049246|3.1706, lr=0.0105, time=07.783611
-----------------------------

Epoch 30: loss=1.5932|0.6326, acc=92.2756|81.4046, fr=0.3622, cin|cout=0.015520|0.049360|3.1805, lr=0.0105, time=07.790663
-----------------------------

Epoch 31: loss=1.6389|0.7441, acc=90.4120|79.3286, fr=0.3581, cin|cout=0.015544|0.049545|3.1874, lr=0.0105, time=07.798439
-----------------------------

Epoch 32: loss=1.6451|0.7094, acc=88.9407|80.0795, fr=0.3652, cin|cout=0.015568|0.049669|3.1905, lr=0.0105, time=07.752264
-----------------------------

Epoch 33: loss=1.5963|0.7127, acc=91.4296|78.4011, fr=0.3687, cin|cout=0.015570|0.049624|3.1871, lr=0.0105, time=07.706449
-----------------------------

Epoch 34: loss=1.5700|0.6285, acc=92.1653|80.9187, fr=0.3720, cin|cout=0.015554|0.049537|3.1848, lr=0.0105, time=07.753692
-----------------------------

Epoch 35: loss=1.5419|0.6355, acc=93.5262|81.6254, fr=0.3796, cin|cout=0.015564|0.049616|3.1879, lr=0.0073, time=07.729893
-----------------------------

Epoch 36: loss=1.5091|0.6106, acc=94.4213|81.5371, fr=0.3652, cin|cout=0.015577|0.049649|3.1872, lr=0.0073, time=07.749480
-----------------------------

Epoch 37: loss=1.5506|0.6792, acc=92.6802|79.6378, fr=0.3581, cin|cout=0.015597|0.049760|3.1904, lr=0.0073, time=07.693319
-----------------------------

Epoch 38: loss=1.5718|0.6519, acc=92.5208|79.8145, fr=0.3797, cin|cout=0.015609|0.049850|3.1936, lr=0.0073, time=07.763201
-----------------------------

Epoch 39: loss=1.5147|0.6787, acc=93.7347|80.5212, fr=0.3713, cin|cout=0.015597|0.049802|3.1931, lr=0.0073, time=07.733389
-----------------------------

Epoch 40: loss=1.4997|0.6501, acc=94.2374|80.0795, fr=0.3730, cin|cout=0.015597|0.049818|3.1942, lr=0.0073, time=07.707308
-----------------------------

Epoch 41: loss=1.4835|0.6187, acc=94.9117|82.3763, fr=0.3703, cin|cout=0.015605|0.049709|3.1855, lr=0.0051, time=07.682914
-----------------------------

Epoch 42: loss=1.4729|0.6396, acc=95.6842|81.5813, fr=0.3733, cin|cout=0.015613|0.049685|3.1824, lr=0.0051, time=07.677122
-----------------------------

Epoch 43: loss=1.4656|0.6178, acc=95.8558|82.5530, fr=0.3776, cin|cout=0.015615|0.049700|3.1830, lr=0.0051, time=07.712116
-----------------------------

Epoch 44: loss=1.4695|0.6223, acc=95.9907|81.8021, fr=0.3711, cin|cout=0.015604|0.049772|3.1897, lr=0.0051, time=07.753772
-----------------------------

Epoch 45: loss=1.4725|0.6150, acc=95.6106|82.9064, fr=0.3911, cin|cout=0.015604|0.049729|3.1869, lr=0.0051, time=07.761002
-----------------------------

Epoch 46: loss=1.4577|0.6479, acc=96.0520|81.8463, fr=0.3844, cin|cout=0.015607|0.049737|3.1869, lr=0.0051, time=07.717427
-----------------------------

Epoch 47: loss=1.4411|0.6566, acc=96.7263|82.8180, fr=0.3871, cin|cout=0.015609|0.049728|3.1858, lr=0.0051, time=07.835314
-----------------------------

Epoch 48: loss=1.4397|0.6472, acc=96.5424|82.6413, fr=0.3846, cin|cout=0.015612|0.049750|3.1866, lr=0.0051, time=07.697098
-----------------------------

Epoch 49: loss=1.4570|0.6700, acc=96.1746|81.2279, fr=0.4009, cin|cout=0.015604|0.049793|3.1911, lr=0.0051, time=07.801023
-----------------------------

Epoch 50: loss=1.4611|0.6748, acc=96.3462|81.8021, fr=0.3853, cin|cout=0.015610|0.049816|3.1912, lr=0.0051, time=07.692954
-----------------------------

Epoch 51: loss=1.4447|0.6323, acc=96.6037|82.9505, fr=0.3819, cin|cout=0.015608|0.049813|3.1914, lr=0.0051, time=07.707834
-----------------------------

Epoch 52: loss=1.4286|0.6453, acc=97.2045|82.5972, fr=0.3891, cin|cout=0.015612|0.049801|3.1898, lr=0.0051, time=07.712517
-----------------------------

Epoch 53: loss=1.4149|0.6694, acc=97.6091|82.0671, fr=0.3941, cin|cout=0.015619|0.049798|3.1883, lr=0.0051, time=07.717979
-----------------------------

Epoch 54: loss=1.4133|0.6483, acc=97.7808|82.5530, fr=0.4024, cin|cout=0.015618|0.049822|3.1900, lr=0.0051, time=07.789913
-----------------------------

Epoch 55: loss=1.4059|0.6305, acc=97.8911|83.4364, fr=0.4024, cin|cout=0.015617|0.049856|3.1924, lr=0.0051, time=07.788072
-----------------------------

Epoch 56: loss=1.4032|0.6298, acc=97.8911|83.6131, fr=0.3995, cin|cout=0.015620|0.049885|3.1936, lr=0.0051, time=07.746742
-----------------------------

Epoch 57: loss=1.4006|0.6219, acc=98.0137|84.3640, fr=0.3986, cin|cout=0.015622|0.049879|3.1928, lr=0.0051, time=07.746837
-----------------------------

Epoch 58: loss=1.3933|0.6717, acc=98.2099|81.4046, fr=0.4024, cin|cout=0.015623|0.049915|3.1950, lr=0.0051, time=07.721053
-----------------------------

Epoch 59: loss=1.3903|0.6400, acc=98.2590|82.7739, fr=0.4088, cin|cout=0.015620|0.049931|3.1966, lr=0.0051, time=07.773670
-----------------------------

Epoch 60: loss=1.3829|0.6689, acc=98.5287|82.4647, fr=0.4077, cin|cout=0.015621|0.049921|3.1958, lr=0.0051, time=07.740697
-----------------------------

Epoch 61: loss=1.3817|0.6475, acc=98.3938|82.9064, fr=0.4109, cin|cout=0.015618|0.049909|3.1956, lr=0.0051, time=07.812310
-----------------------------

Epoch 62: loss=1.3891|0.6405, acc=98.3080|83.1714, fr=0.4207, cin|cout=0.015612|0.049889|3.1956, lr=0.0051, time=07.661790
-----------------------------

Epoch 63: loss=1.3905|0.6698, acc=98.2099|82.3322, fr=0.4202, cin|cout=0.015621|0.049868|3.1924, lr=0.0051, time=07.717710
-----------------------------

Epoch 64: loss=1.3745|0.6331, acc=98.4796|82.9064, fr=0.4171, cin|cout=0.015619|0.049867|3.1926, lr=0.0036, time=07.801808
-----------------------------

Epoch 65: loss=1.3683|0.6312, acc=98.7984|83.5689, fr=0.4177, cin|cout=0.015620|0.049849|3.1913, lr=0.0036, time=07.721098
-----------------------------

Epoch 66: loss=1.3651|0.6420, acc=98.8475|83.7898, fr=0.4201, cin|cout=0.015622|0.049856|3.1914, lr=0.0036, time=07.768620
-----------------------------

Epoch 67: loss=1.3628|0.6243, acc=98.9088|84.5406, fr=0.4280, cin|cout=0.015624|0.049823|3.1889, lr=0.0036, time=07.765337
-----------------------------

Epoch 68: loss=1.3620|0.6234, acc=99.0804|83.9664, fr=0.4249, cin|cout=0.015626|0.049826|3.1887, lr=0.0036, time=07.717295
-----------------------------

Epoch 69: loss=1.3730|0.6474, acc=98.7371|82.1113, fr=0.4151, cin|cout=0.015634|0.049900|3.1918, lr=0.0036, time=07.849586
-----------------------------

Epoch 70: loss=1.3747|0.6317, acc=98.5287|83.2597, fr=0.4210, cin|cout=0.015632|0.049895|3.1919, lr=0.0036, time=07.831801
-----------------------------

Epoch 71: loss=1.3642|0.6387, acc=98.7984|83.7014, fr=0.4193, cin|cout=0.015626|0.049907|3.1938, lr=0.0036, time=07.705848
-----------------------------

Epoch 72: loss=1.3585|0.6457, acc=99.0314|83.6572, fr=0.4228, cin|cout=0.015627|0.049898|3.1930, lr=0.0036, time=07.714928
-----------------------------

Epoch 73: loss=1.3721|0.6359, acc=98.6023|84.2314, fr=0.4368, cin|cout=0.015640|0.049933|3.1926, lr=0.0036, time=07.760553
-----------------------------

Epoch 74: loss=1.3736|0.6462, acc=98.7126|83.1714, fr=0.4361, cin|cout=0.015646|0.049965|3.1935, lr=0.0025, time=07.688576
-----------------------------

Epoch 75: loss=1.3622|0.6544, acc=98.9701|82.7297, fr=0.4325, cin|cout=0.015643|0.049991|3.1958, lr=0.0025, time=07.678283
-----------------------------

Epoch 76: loss=1.3538|0.6396, acc=99.2030|84.3640, fr=0.4298, cin|cout=0.015645|0.049981|3.1947, lr=0.0025, time=07.939080
-----------------------------

Epoch 77: loss=1.3517|0.6506, acc=99.1908|83.4364, fr=0.4329, cin|cout=0.015644|0.049979|3.1948, lr=0.0025, time=08.530073
-----------------------------

Epoch 78: loss=1.3510|0.6396, acc=99.1663|83.7898, fr=0.4361, cin|cout=0.015641|0.049973|3.1949, lr=0.0025, time=08.280807
-----------------------------

Epoch 79: loss=1.3468|0.6502, acc=99.3992|83.5247, fr=0.4389, cin|cout=0.015641|0.049960|3.1943, lr=0.0025, time=07.612268
-----------------------------

Epoch 80: loss=1.3451|0.6486, acc=99.2521|83.6131, fr=0.4398, cin|cout=0.015642|0.049947|3.1931, lr=0.0018, time=07.708127
-----------------------------

Epoch 81: loss=1.3428|0.6537, acc=99.3992|83.0830, fr=0.4394, cin|cout=0.015643|0.049949|3.1932, lr=0.0018, time=07.762394
-----------------------------

Epoch 82: loss=1.3426|0.6360, acc=99.3870|83.4364, fr=0.4413, cin|cout=0.015638|0.049944|3.1936, lr=0.0018, time=08.236812
-----------------------------

Epoch 83: loss=1.3495|0.6614, acc=99.2030|83.5689, fr=0.4445, cin|cout=0.015635|0.049947|3.1945, lr=0.0018, time=07.650045
-----------------------------

Epoch 84: loss=1.3460|0.6673, acc=99.2643|82.7739, fr=0.4408, cin|cout=0.015633|0.049939|3.1945, lr=0.0018, time=07.656959
-----------------------------

Epoch 85: loss=1.3411|0.6624, acc=99.3134|83.0830, fr=0.4426, cin|cout=0.015633|0.049925|3.1935, lr=0.0018, time=07.735626
-----------------------------

Epoch 86: loss=1.3379|0.6570, acc=99.4360|82.9064, fr=0.4435, cin|cout=0.015633|0.049928|3.1938, lr=0.0012, time=08.729921
-----------------------------

Epoch 87: loss=1.3350|0.6548, acc=99.5341|83.3039, fr=0.4444, cin|cout=0.015632|0.049931|3.1941, lr=0.0012, time=08.168186
-----------------------------

Epoch 88: loss=1.3352|0.6624, acc=99.6077|83.3481, fr=0.4474, cin|cout=0.015632|0.049928|3.1940, lr=0.0012, time=07.833263
-----------------------------

Epoch 89: loss=1.3332|0.6776, acc=99.6690|82.3322, fr=0.4490, cin|cout=0.015632|0.049918|3.1933, lr=0.0012, time=08.175375
-----------------------------

Epoch 90: loss=1.3328|0.6654, acc=99.5954|83.5247, fr=0.4503, cin|cout=0.015632|0.049913|3.1929, lr=0.0012, time=07.714805
-----------------------------

Epoch 91: loss=1.3334|0.6798, acc=99.5586|82.2880, fr=0.4585, cin|cout=0.015633|0.049918|3.1931, lr=0.0012, time=07.751252
-----------------------------

Epoch 92: loss=1.3316|0.6622, acc=99.6199|83.1272, fr=0.4541, cin|cout=0.015633|0.049919|3.1932, lr=0.0009, time=08.240961
-----------------------------

Epoch 93: loss=1.3310|0.6565, acc=99.6690|82.8622, fr=0.4549, cin|cout=0.015634|0.049912|3.1926, lr=0.0009, time=08.318486
-----------------------------

Epoch 94: loss=1.3317|0.6646, acc=99.5831|83.8339, fr=0.4569, cin|cout=0.015633|0.049898|3.1918, lr=0.0009, time=08.365402
-----------------------------

Epoch 95: loss=1.3335|0.6683, acc=99.5218|83.0830, fr=0.4614, cin|cout=0.015633|0.049895|3.1916, lr=0.0009, time=07.921063
-----------------------------

Epoch 96: loss=1.3302|0.6676, acc=99.5954|83.4364, fr=0.4601, cin|cout=0.015634|0.049896|3.1915, lr=0.0009, time=07.783375
-----------------------------

Epoch 97: loss=1.3298|0.6624, acc=99.6567|83.6572, fr=0.4587, cin|cout=0.015633|0.049897|3.1917, lr=0.0009, time=08.110081
-----------------------------

Epoch 98: loss=1.3289|0.6682, acc=99.5954|83.3481, fr=0.4618, cin|cout=0.015634|0.049897|3.1916, lr=0.0006, time=07.984419
-----------------------------

Epoch 99: loss=1.3262|0.6623, acc=99.6935|82.9505, fr=0.4606, cin|cout=0.015633|0.049896|3.1917, lr=0.0006, time=08.561175
-----------------------------

Epoch 100: loss=1.3279|0.6721, acc=99.6812|82.6413, fr=0.4598, cin|cout=0.015634|0.049891|3.1912, lr=0.0006, time=07.643163
-----------------------------


Best valid acc at epoch 0: 88

------ Training finished ------


**************  Trial 2  **************
Epoch 0: cin|cout=0.001546|0.014552|9.4153
-----------------------------

Epoch 1: loss=7.7363|3.7122, acc=26.5939|10.7332, fr=0.5966, cin|cout=0.008723|0.035404|4.0585, lr=0.0150, time=07.760668
-----------------------------

Epoch 2: loss=5.5220|2.5607, acc=21.9961|27.5618, fr=0.2632, cin|cout=0.011704|0.042006|3.5891, lr=0.0150, time=07.950400
-----------------------------

Epoch 3: loss=3.3582|2.0314, acc=30.0638|36.9700, fr=0.3509, cin|cout=0.012873|0.042809|3.3255, lr=0.0150, time=07.651164
-----------------------------

Epoch 4: loss=2.7336|1.5451, acc=41.8220|49.6908, fr=0.3661, cin|cout=0.013341|0.043306|3.2461, lr=0.0150, time=07.720030
-----------------------------

Epoch 5: loss=2.4104|1.3169, acc=54.0951|56.8905, fr=0.3745, cin|cout=0.013593|0.044497|3.2735, lr=0.0150, time=07.632963
-----------------------------

Epoch 6: loss=2.3046|1.1647, acc=58.6439|63.2509, fr=0.3709, cin|cout=0.013819|0.045762|3.3117, lr=0.0150, time=07.760372
-----------------------------

Epoch 7: loss=2.1985|1.0778, acc=64.1000|67.1378, fr=0.3713, cin|cout=0.014030|0.046933|3.3452, lr=0.0150, time=08.175397
-----------------------------

Epoch 8: loss=2.2123|1.0953, acc=65.4610|63.3392, fr=0.3606, cin|cout=0.014331|0.047253|3.2972, lr=0.0150, time=07.863158
-----------------------------

Epoch 9: loss=2.2041|1.1486, acc=66.1967|63.9134, fr=0.3670, cin|cout=0.014561|0.048019|3.2977, lr=0.0150, time=08.561117
-----------------------------

Epoch 10: loss=2.0657|0.9845, acc=71.2236|68.5954, fr=0.3666, cin|cout=0.014673|0.048541|3.3081, lr=0.0150, time=08.073872
-----------------------------

Epoch 11: loss=2.0238|0.9486, acc=73.7494|67.9329, fr=0.3504, cin|cout=0.014715|0.048591|3.3021, lr=0.0150, time=08.306253
-----------------------------

Epoch 12: loss=1.9229|0.8472, acc=78.2491|73.2774, fr=0.3430, cin|cout=0.014738|0.048724|3.3060, lr=0.0150, time=07.926405
-----------------------------

Epoch 13: loss=1.8314|0.8065, acc=81.9887|72.8799, fr=0.3496, cin|cout=0.014734|0.049007|3.3260, lr=0.0150, time=08.146920
-----------------------------

Epoch 14: loss=1.7746|0.8187, acc=83.7788|74.2491, fr=0.3534, cin|cout=0.014760|0.049027|3.3215, lr=0.0150, time=07.873084
-----------------------------

Epoch 15: loss=1.7392|0.8094, acc=84.8455|74.6466, fr=0.3493, cin|cout=0.014797|0.048676|3.2895, lr=0.0150, time=07.799111
-----------------------------

Epoch 16: loss=1.7452|0.7062, acc=84.9559|78.1360, fr=0.3583, cin|cout=0.014784|0.048824|3.3024, lr=0.0150, time=07.752514
-----------------------------

Epoch 17: loss=1.7266|0.7360, acc=85.6670|76.2809, fr=0.3536, cin|cout=0.014754|0.049155|3.3317, lr=0.0150, time=07.871942
-----------------------------

Epoch 18: loss=1.6922|0.6807, acc=87.5184|79.6378, fr=0.3504, cin|cout=0.014790|0.048957|3.3102, lr=0.0150, time=08.250309
-----------------------------

Epoch 19: loss=1.6459|0.6557, acc=89.3207|79.6820, fr=0.3510, cin|cout=0.014799|0.049128|3.3198, lr=0.0150, time=08.645354
-----------------------------

Epoch 20: loss=1.6436|0.6909, acc=89.4434|79.8587, fr=0.3615, cin|cout=0.014824|0.049199|3.3188, lr=0.0150, time=07.605643
-----------------------------

Epoch 21: loss=1.6687|0.7374, acc=88.6954|78.3569, fr=0.3596, cin|cout=0.014819|0.049157|3.3171, lr=0.0150, time=07.693175
-----------------------------

Epoch 22: loss=1.6827|0.6981, acc=88.4134|78.8869, fr=0.3515, cin|cout=0.014934|0.049157|3.2917, lr=0.0150, time=07.679824
-----------------------------

Epoch 23: loss=1.6966|0.7367, acc=88.2786|78.6661, fr=0.3649, cin|cout=0.014947|0.049420|3.3064, lr=0.0150, time=07.592351
-----------------------------

Epoch 24: loss=1.6908|0.6596, acc=88.8794|79.8587, fr=0.3611, cin|cout=0.014999|0.049518|3.3013, lr=0.0150, time=07.648141
-----------------------------

Epoch 25: loss=1.6460|0.6207, acc=90.5468|81.3163, fr=0.3563, cin|cout=0.015055|0.049707|3.3017, lr=0.0150, time=08.115046
-----------------------------

Epoch 26: loss=1.6251|0.6903, acc=91.5032|80.3004, fr=0.3548, cin|cout=0.015096|0.049674|3.2906, lr=0.0150, time=07.877508
-----------------------------

Epoch 27: loss=1.6316|0.6718, acc=91.1721|80.1678, fr=0.3509, cin|cout=0.015117|0.049775|3.2925, lr=0.0150, time=08.040909
-----------------------------

Epoch 28: loss=1.6129|0.6654, acc=91.9078|80.3887, fr=0.3508, cin|cout=0.015115|0.049805|3.2951, lr=0.0150, time=08.120333
-----------------------------

Epoch 29: loss=1.5879|0.6055, acc=92.6557|83.1272, fr=0.3501, cin|cout=0.015114|0.049813|3.2959, lr=0.0150, time=07.900223
-----------------------------

Epoch 30: loss=1.5680|0.6546, acc=93.5385|80.4770, fr=0.3547, cin|cout=0.015145|0.049795|3.2879, lr=0.0150, time=08.401252
-----------------------------

Epoch 31: loss=1.5663|0.5760, acc=93.4772|83.4806, fr=0.3545, cin|cout=0.015163|0.049818|3.2854, lr=0.0150, time=07.843620
-----------------------------

Epoch 32: loss=1.5529|0.5786, acc=94.0780|84.1873, fr=0.3564, cin|cout=0.015173|0.049837|3.2845, lr=0.0150, time=08.187429
-----------------------------

Epoch 33: loss=1.5373|0.5685, acc=94.8995|84.6290, fr=0.3550, cin|cout=0.015170|0.049814|3.2838, lr=0.0150, time=07.842697
-----------------------------

Epoch 34: loss=1.5240|0.6334, acc=94.8382|80.9629, fr=0.3554, cin|cout=0.015153|0.049832|3.2885, lr=0.0150, time=07.811949
-----------------------------

Epoch 35: loss=1.5083|0.5857, acc=95.3286|84.0106, fr=0.3522, cin|cout=0.015156|0.049870|3.2904, lr=0.0150, time=08.018090
-----------------------------

Epoch 36: loss=1.5384|0.6422, acc=94.8136|82.6855, fr=0.3656, cin|cout=0.015179|0.049710|3.2749, lr=0.0150, time=07.989990
-----------------------------

Epoch 37: loss=1.5481|0.6379, acc=94.8749|81.4488, fr=0.3656, cin|cout=0.015186|0.049608|3.2667, lr=0.0150, time=08.054154
-----------------------------

Epoch 38: loss=1.5078|0.6290, acc=95.0466|82.3763, fr=0.3650, cin|cout=0.015180|0.049610|3.2681, lr=0.0150, time=08.133259
-----------------------------

Epoch 39: loss=1.4775|0.6115, acc=96.1256|82.9505, fr=0.3700, cin|cout=0.015193|0.049556|3.2618, lr=0.0150, time=08.312284
-----------------------------

Epoch 40: loss=1.4527|0.5781, acc=97.2903|84.4523, fr=0.3687, cin|cout=0.015193|0.049527|3.2599, lr=0.0105, time=08.003463
-----------------------------

Epoch 41: loss=1.4396|0.5957, acc=97.4620|83.2597, fr=0.3695, cin|cout=0.015198|0.049495|3.2566, lr=0.0105, time=08.374111
-----------------------------

Epoch 42: loss=1.4339|0.6177, acc=97.6214|83.4806, fr=0.3759, cin|cout=0.015183|0.049543|3.2631, lr=0.0105, time=08.181865
-----------------------------

Epoch 43: loss=1.4315|0.5843, acc=97.5356|84.2756, fr=0.3711, cin|cout=0.015184|0.049520|3.2615, lr=0.0105, time=08.676957
-----------------------------

Epoch 44: loss=1.4358|0.6343, acc=97.5478|83.9664, fr=0.3793, cin|cout=0.015171|0.049659|3.2733, lr=0.0105, time=08.127701
-----------------------------

Epoch 45: loss=1.4272|0.5968, acc=98.0137|83.7456, fr=0.3717, cin|cout=0.015171|0.049690|3.2753, lr=0.0105, time=08.400641
-----------------------------

Epoch 46: loss=1.4107|0.6283, acc=98.2590|82.0230, fr=0.3757, cin|cout=0.015165|0.049710|3.2780, lr=0.0073, time=07.879201
-----------------------------

Epoch 47: loss=1.3981|0.6005, acc=98.5287|83.3039, fr=0.3803, cin|cout=0.015161|0.049687|3.2773, lr=0.0073, time=08.493968
-----------------------------

Epoch 48: loss=1.3887|0.5843, acc=98.8720|84.4523, fr=0.3857, cin|cout=0.015164|0.049686|3.2766, lr=0.0073, time=08.352282
-----------------------------

Epoch 49: loss=1.3837|0.6008, acc=98.9333|84.5848, fr=0.3885, cin|cout=0.015165|0.049715|3.2784, lr=0.0073, time=08.156960
-----------------------------

Epoch 50: loss=1.3777|0.5971, acc=99.0682|84.8498, fr=0.3915, cin|cout=0.015164|0.049704|3.2778, lr=0.0073, time=07.840677
-----------------------------

Epoch 51: loss=1.3777|0.5889, acc=99.1663|84.7615, fr=0.3986, cin|cout=0.015163|0.049689|3.2770, lr=0.0073, time=07.819252
-----------------------------

Epoch 52: loss=1.3812|0.6151, acc=99.0069|83.7014, fr=0.4087, cin|cout=0.015161|0.049653|3.2750, lr=0.0073, time=07.884784
-----------------------------

Epoch 53: loss=1.3850|0.6159, acc=98.7003|84.6290, fr=0.4105, cin|cout=0.015158|0.049722|3.2803, lr=0.0073, time=07.798676
-----------------------------

Epoch 54: loss=1.3721|0.6299, acc=99.1172|84.1431, fr=0.4053, cin|cout=0.015158|0.049781|3.2840, lr=0.0073, time=07.745617
-----------------------------

Epoch 55: loss=1.3782|0.5960, acc=98.9701|85.2473, fr=0.4068, cin|cout=0.015167|0.049766|3.2811, lr=0.0073, time=07.757980
-----------------------------

Epoch 56: loss=1.3797|0.6093, acc=98.8965|84.6290, fr=0.4077, cin|cout=0.015170|0.049743|3.2790, lr=0.0073, time=08.174209
-----------------------------

Epoch 57: loss=1.3711|0.6000, acc=99.0927|84.1431, fr=0.4055, cin|cout=0.015170|0.049719|3.2774, lr=0.0073, time=08.629893
-----------------------------

Epoch 58: loss=1.3650|0.5923, acc=99.3256|84.2756, fr=0.4076, cin|cout=0.015166|0.049706|3.2774, lr=0.0073, time=08.894774
-----------------------------

Epoch 59: loss=1.3601|0.6136, acc=99.3256|84.8940, fr=0.4113, cin|cout=0.015166|0.049699|3.2770, lr=0.0073, time=08.399167
-----------------------------

Epoch 60: loss=1.3586|0.6100, acc=99.1908|84.3640, fr=0.4161, cin|cout=0.015167|0.049715|3.2779, lr=0.0073, time=08.039191
-----------------------------

Epoch 61: loss=1.3539|0.6177, acc=99.4115|83.8781, fr=0.4183, cin|cout=0.015170|0.049719|3.2774, lr=0.0073, time=08.189860
-----------------------------

Epoch 62: loss=1.3533|0.6172, acc=99.4605|84.3640, fr=0.4181, cin|cout=0.015164|0.049712|3.2783, lr=0.0051, time=07.776356
-----------------------------

Epoch 63: loss=1.3523|0.5950, acc=99.4360|85.5124, fr=0.4171, cin|cout=0.015163|0.049715|3.2787, lr=0.0051, time=07.888545
-----------------------------

Epoch 64: loss=1.3478|0.5809, acc=99.4973|85.6007, fr=0.4174, cin|cout=0.015161|0.049726|3.2799, lr=0.0051, time=08.107314
-----------------------------

Epoch 65: loss=1.3430|0.6121, acc=99.6077|84.8498, fr=0.4209, cin|cout=0.015161|0.049770|3.2828, lr=0.0051, time=08.100428
-----------------------------

Epoch 66: loss=1.3466|0.6016, acc=99.5463|84.6731, fr=0.4234, cin|cout=0.015161|0.049787|3.2839, lr=0.0051, time=08.028780
-----------------------------

Epoch 67: loss=1.3442|0.6034, acc=99.4973|84.8940, fr=0.4280, cin|cout=0.015160|0.049787|3.2840, lr=0.0051, time=09.121002
-----------------------------

Epoch 68: loss=1.3399|0.6153, acc=99.5954|84.9382, fr=0.4333, cin|cout=0.015163|0.049781|3.2830, lr=0.0051, time=08.920604
-----------------------------

Epoch 69: loss=1.3363|0.6174, acc=99.5954|84.6290, fr=0.4337, cin|cout=0.015168|0.049771|3.2814, lr=0.0051, time=08.330479
-----------------------------

Epoch 70: loss=1.3301|0.6293, acc=99.8038|84.6290, fr=0.4350, cin|cout=0.015167|0.049757|3.2807, lr=0.0051, time=08.182437
-----------------------------

Epoch 71: loss=1.3293|0.6208, acc=99.7670|84.8940, fr=0.4370, cin|cout=0.015164|0.049749|3.2807, lr=0.0036, time=08.341197
-----------------------------

Epoch 72: loss=1.3269|0.6044, acc=99.7303|85.2473, fr=0.4373, cin|cout=0.015166|0.049747|3.2802, lr=0.0036, time=07.849404
-----------------------------

Epoch 73: loss=1.3238|0.6283, acc=99.7793|84.6731, fr=0.4383, cin|cout=0.015164|0.049749|3.2807, lr=0.0036, time=08.192981
-----------------------------

Epoch 74: loss=1.3229|0.6194, acc=99.7916|85.0707, fr=0.4425, cin|cout=0.015164|0.049756|3.2811, lr=0.0036, time=07.942261
-----------------------------

Epoch 75: loss=1.3214|0.6296, acc=99.7548|84.6731, fr=0.4483, cin|cout=0.015163|0.049787|3.2834, lr=0.0036, time=07.869605
-----------------------------

Epoch 76: loss=1.3236|0.6130, acc=99.7303|85.5124, fr=0.4435, cin|cout=0.015166|0.049815|3.2847, lr=0.0036, time=08.633022
-----------------------------

Epoch 77: loss=1.3181|0.6060, acc=99.8161|85.5565, fr=0.4446, cin|cout=0.015163|0.049815|3.2853, lr=0.0025, time=08.465527
-----------------------------

Epoch 78: loss=1.3150|0.5995, acc=99.8038|85.4682, fr=0.4466, cin|cout=0.015160|0.049813|3.2858, lr=0.0025, time=09.322627
-----------------------------

Epoch 79: loss=1.3134|0.6208, acc=99.8161|84.5406, fr=0.4486, cin|cout=0.015159|0.049800|3.2852, lr=0.0025, time=08.713522
-----------------------------

Epoch 80: loss=1.3114|0.6128, acc=99.8406|84.7615, fr=0.4527, cin|cout=0.015157|0.049800|3.2857, lr=0.0025, time=09.084185
-----------------------------

Epoch 81: loss=1.3111|0.6012, acc=99.8529|86.0866, fr=0.4495, cin|cout=0.015156|0.049801|3.2859, lr=0.0025, time=07.944489
-----------------------------

Epoch 82: loss=1.3091|0.6020, acc=99.8774|86.0866, fr=0.4544, cin|cout=0.015156|0.049801|3.2859, lr=0.0025, time=08.393205
-----------------------------

Epoch 83: loss=1.3088|0.6079, acc=99.9142|85.2473, fr=0.4542, cin|cout=0.015156|0.049798|3.2856, lr=0.0025, time=08.324155
-----------------------------

Epoch 84: loss=1.3063|0.6038, acc=99.9387|85.5124, fr=0.4583, cin|cout=0.015156|0.049796|3.2855, lr=0.0025, time=08.510995
-----------------------------

Epoch 85: loss=1.3062|0.6160, acc=99.8283|85.4240, fr=0.4606, cin|cout=0.015156|0.049795|3.2855, lr=0.0025, time=08.716630
-----------------------------

Epoch 86: loss=1.3065|0.6237, acc=99.9264|85.6007, fr=0.4596, cin|cout=0.015155|0.049784|3.2849, lr=0.0025, time=09.902912
-----------------------------

Epoch 87: loss=1.3058|0.6055, acc=99.9264|85.5124, fr=0.4609, cin|cout=0.015156|0.049775|3.2842, lr=0.0025, time=08.229732
-----------------------------

Epoch 88: loss=1.3044|0.6063, acc=99.9264|85.9099, fr=0.4617, cin|cout=0.015156|0.049778|3.2844, lr=0.0018, time=08.600284
-----------------------------

Epoch 89: loss=1.3030|0.6282, acc=99.9510|85.1148, fr=0.4627, cin|cout=0.015155|0.049785|3.2850, lr=0.0018, time=08.700087
-----------------------------

Epoch 90: loss=1.3021|0.6117, acc=99.9264|85.8657, fr=0.4635, cin|cout=0.015156|0.049787|3.2850, lr=0.0018, time=08.722195
-----------------------------

Epoch 91: loss=1.3033|0.6251, acc=99.9142|85.0265, fr=0.4655, cin|cout=0.015155|0.049794|3.2856, lr=0.0018, time=08.079448
-----------------------------

Epoch 92: loss=1.3014|0.6217, acc=99.9142|85.5565, fr=0.4686, cin|cout=0.015157|0.049800|3.2857, lr=0.0018, time=07.914318
-----------------------------

Epoch 93: loss=1.3005|0.6142, acc=100.0000|86.0866, fr=0.4678, cin|cout=0.015156|0.049800|3.2857, lr=0.0018, time=08.030162
-----------------------------

Epoch 94: loss=1.3000|0.6218, acc=99.9387|85.2915, fr=0.4685, cin|cout=0.015157|0.049799|3.2857, lr=0.0012, time=08.242383
-----------------------------

Epoch 95: loss=1.2991|0.6172, acc=99.9632|85.6890, fr=0.4698, cin|cout=0.015157|0.049802|3.2858, lr=0.0012, time=08.129941
-----------------------------

Epoch 96: loss=1.2989|0.6207, acc=99.9510|85.5124, fr=0.4698, cin|cout=0.015157|0.049800|3.2857, lr=0.0012, time=08.322148
-----------------------------

Epoch 97: loss=1.2996|0.6257, acc=99.9510|84.9382, fr=0.4730, cin|cout=0.015157|0.049799|3.2856, lr=0.0012, time=08.104724
-----------------------------

Epoch 98: loss=1.2998|0.6124, acc=99.9632|85.4240, fr=0.4762, cin|cout=0.015155|0.049802|3.2863, lr=0.0012, time=08.117996
-----------------------------

Epoch 99: loss=1.2993|0.6155, acc=99.9632|85.9541, fr=0.4764, cin|cout=0.015155|0.049801|3.2861, lr=0.0012, time=08.255402
-----------------------------

Epoch 100: loss=1.2990|0.6000, acc=99.9632|86.1307, fr=0.4760, cin|cout=0.015156|0.049805|3.2862, lr=0.0009, time=08.244842
-----------------------------


Best valid acc at epoch 0: 88

------ Training finished ------


**************  Trial 3  **************
Epoch 0: cin|cout=0.001429|0.013180|9.2265
-----------------------------

Epoch 1: loss=7.4871|3.0051, acc=26.0299|17.2261, fr=0.5897, cin|cout=0.007804|0.033722|4.3214, lr=0.0150, time=08.631736
-----------------------------

Epoch 2: loss=5.3652|2.5510, acc=23.3080|28.8869, fr=0.2775, cin|cout=0.010672|0.038843|3.6396, lr=0.0150, time=08.033143
-----------------------------

Epoch 3: loss=3.4397|2.1252, acc=26.8146|29.8587, fr=0.3580, cin|cout=0.011795|0.041039|3.4793, lr=0.0150, time=08.093630
-----------------------------

Epoch 4: loss=2.9228|1.8812, acc=34.5022|40.2827, fr=0.3850, cin|cout=0.012459|0.041723|3.3488, lr=0.0150, time=08.113117
-----------------------------

Epoch 5: loss=2.8100|1.8842, acc=38.7322|41.1661, fr=0.3931, cin|cout=0.012867|0.042565|3.3080, lr=0.0150, time=07.883288
-----------------------------

Epoch 6: loss=2.6612|1.7062, acc=46.3217|45.4064, fr=0.3562, cin|cout=0.013103|0.043394|3.3117, lr=0.0150, time=08.396609
-----------------------------

Epoch 7: loss=2.3854|1.3623, acc=53.9603|56.4046, fr=0.3753, cin|cout=0.013176|0.043588|3.3081, lr=0.0150, time=08.441892
-----------------------------

Epoch 8: loss=2.1781|1.2701, acc=61.7214|58.8781, fr=0.3866, cin|cout=0.013340|0.043070|3.2286, lr=0.0150, time=08.428340
-----------------------------

Epoch 9: loss=2.0805|1.1931, acc=66.8588|60.9541, fr=0.4077, cin|cout=0.013420|0.043358|3.2309, lr=0.0150, time=07.781545
-----------------------------

Epoch 10: loss=2.0477|1.1240, acc=69.2864|65.5477, fr=0.3817, cin|cout=0.013514|0.043113|3.1903, lr=0.0150, time=08.147780
-----------------------------

Epoch 11: loss=1.9464|1.0425, acc=73.2222|66.4311, fr=0.3835, cin|cout=0.013604|0.042757|3.1430, lr=0.0150, time=08.403638
-----------------------------

Epoch 12: loss=1.9118|0.8928, acc=74.7548|72.5265, fr=0.3777, cin|cout=0.013662|0.042804|3.1330, lr=0.0150, time=08.806274
-----------------------------

Epoch 13: loss=1.8174|0.8954, acc=78.7028|71.5548, fr=0.3756, cin|cout=0.013714|0.042674|3.1117, lr=0.0150, time=08.210383
-----------------------------

Epoch 14: loss=1.7606|0.8143, acc=81.2040|73.4099, fr=0.3639, cin|cout=0.013686|0.042963|3.1392, lr=0.0150, time=07.899220
-----------------------------

Epoch 15: loss=1.7559|0.8610, acc=80.9588|73.9399, fr=0.3522, cin|cout=0.013685|0.043373|3.1694, lr=0.0150, time=07.914240
-----------------------------

Epoch 16: loss=1.7349|0.8599, acc=82.2094|73.2332, fr=0.3644, cin|cout=0.013731|0.043238|3.1489, lr=0.0150, time=08.044128
-----------------------------

Epoch 17: loss=1.6587|0.7662, acc=85.2501|76.5901, fr=0.3606, cin|cout=0.013781|0.043283|3.1407, lr=0.0150, time=08.169467
-----------------------------

Epoch 18: loss=1.6139|0.7299, acc=87.5429|78.5777, fr=0.3604, cin|cout=0.013811|0.043318|3.1364, lr=0.0150, time=08.331978
-----------------------------

Epoch 19: loss=1.5988|0.7475, acc=87.6655|78.2244, fr=0.3661, cin|cout=0.013827|0.043406|3.1391, lr=0.0150, time=08.220956
-----------------------------

Epoch 20: loss=1.5845|0.7165, acc=88.4870|78.8869, fr=0.3718, cin|cout=0.013843|0.043486|3.1413, lr=0.0150, time=07.967875
-----------------------------

Epoch 21: loss=1.5381|0.6814, acc=89.9706|80.7420, fr=0.3733, cin|cout=0.013870|0.043780|3.1565, lr=0.0150, time=07.907113
-----------------------------

Epoch 22: loss=1.5372|0.8023, acc=90.0932|76.0601, fr=0.3686, cin|cout=0.013904|0.043855|3.1541, lr=0.0150, time=07.786287
-----------------------------

Epoch 23: loss=1.5409|0.7612, acc=89.4679|77.7827, fr=0.3645, cin|cout=0.013958|0.043808|3.1385, lr=0.0150, time=07.732878
-----------------------------

Epoch 24: loss=1.6017|0.6917, acc=87.5184|80.4770, fr=0.3817, cin|cout=0.013982|0.043839|3.1354, lr=0.0150, time=08.007738
-----------------------------

Epoch 25: loss=1.5460|0.6824, acc=88.8548|79.3286, fr=0.3766, cin|cout=0.013987|0.043748|3.1278, lr=0.0150, time=07.916422
-----------------------------

Epoch 26: loss=1.5068|0.7107, acc=90.9147|79.1078, fr=0.3702, cin|cout=0.013993|0.043668|3.1207, lr=0.0150, time=08.202407
-----------------------------

Epoch 27: loss=1.4860|0.6277, acc=91.7852|81.2279, fr=0.3679, cin|cout=0.014009|0.043608|3.1129, lr=0.0150, time=08.672678
-----------------------------

Epoch 28: loss=1.4651|0.6356, acc=92.8887|82.1996, fr=0.3773, cin|cout=0.014011|0.043573|3.1099, lr=0.0150, time=08.256401
-----------------------------

Epoch 29: loss=1.4449|0.6936, acc=93.1952|78.9311, fr=0.3804, cin|cout=0.014022|0.043710|3.1173, lr=0.0150, time=07.787889
-----------------------------

Epoch 30: loss=1.4469|0.7027, acc=93.1584|80.8304, fr=0.3741, cin|cout=0.014061|0.043622|3.1024, lr=0.0150, time=07.842204
-----------------------------

Epoch 31: loss=1.4311|0.6155, acc=94.0412|82.1996, fr=0.3699, cin|cout=0.014065|0.043570|3.0977, lr=0.0150, time=07.940351
-----------------------------

Epoch 32: loss=1.4101|0.6154, acc=94.7523|84.0548, fr=0.3757, cin|cout=0.014072|0.043576|3.0967, lr=0.0150, time=07.855971
-----------------------------

Epoch 33: loss=1.3882|0.5971, acc=95.3899|82.9947, fr=0.3702, cin|cout=0.014084|0.043494|3.0882, lr=0.0150, time=07.967417
-----------------------------

Epoch 34: loss=1.3791|0.5887, acc=95.2918|84.1431, fr=0.3731, cin|cout=0.014089|0.043691|3.1011, lr=0.0150, time=08.264889
-----------------------------

Epoch 35: loss=1.3703|0.6310, acc=95.4022|82.9947, fr=0.3759, cin|cout=0.014102|0.043833|3.1083, lr=0.0150, time=08.614247
-----------------------------

Epoch 36: loss=1.3684|0.6060, acc=95.9171|82.5972, fr=0.3779, cin|cout=0.014107|0.043888|3.1111, lr=0.0150, time=08.830830
-----------------------------

Epoch 37: loss=1.3720|0.6224, acc=95.9784|83.5689, fr=0.3860, cin|cout=0.014110|0.043892|3.1108, lr=0.0150, time=08.466902
-----------------------------

Epoch 38: loss=1.3703|0.5957, acc=96.0520|84.2314, fr=0.3805, cin|cout=0.014100|0.043977|3.1189, lr=0.0150, time=08.363707
-----------------------------

Epoch 39: loss=1.3638|0.5959, acc=96.0642|83.4364, fr=0.3777, cin|cout=0.014096|0.043983|3.1203, lr=0.0150, time=08.145386
-----------------------------

Epoch 40: loss=1.3445|0.5649, acc=96.4566|84.5848, fr=0.3831, cin|cout=0.014101|0.043925|3.1151, lr=0.0150, time=07.906458
-----------------------------

Epoch 41: loss=1.3325|0.5619, acc=96.5424|84.4523, fr=0.3868, cin|cout=0.014098|0.043919|3.1154, lr=0.0150, time=07.946070
-----------------------------

Epoch 42: loss=1.3215|0.5791, acc=97.0942|85.1148, fr=0.3818, cin|cout=0.014116|0.043789|3.1021, lr=0.0150, time=07.783531
-----------------------------

Epoch 43: loss=1.3194|0.6175, acc=97.0206|84.8498, fr=0.3826, cin|cout=0.014111|0.043977|3.1166, lr=0.0150, time=07.679717
-----------------------------

Epoch 44: loss=1.3128|0.6485, acc=97.4620|83.4806, fr=0.3874, cin|cout=0.014094|0.044041|3.1248, lr=0.0150, time=07.811573
-----------------------------

Epoch 45: loss=1.3141|0.5845, acc=97.2413|85.2473, fr=0.3866, cin|cout=0.014088|0.044086|3.1294, lr=0.0150, time=07.826807
-----------------------------

Epoch 46: loss=1.3026|0.5804, acc=97.7930|85.6890, fr=0.3904, cin|cout=0.014095|0.044005|3.1220, lr=0.0150, time=07.922559
-----------------------------

Epoch 47: loss=1.3331|0.6368, acc=97.6459|83.2597, fr=0.3904, cin|cout=0.014105|0.043916|3.1136, lr=0.0150, time=07.769632
-----------------------------

Epoch 48: loss=1.3007|0.6294, acc=97.8053|84.4523, fr=0.3882, cin|cout=0.014110|0.043833|3.1065, lr=0.0150, time=07.777495
-----------------------------

Epoch 49: loss=1.2937|0.5731, acc=98.1976|84.7615, fr=0.3910, cin|cout=0.014130|0.043689|3.0920, lr=0.0150, time=07.830520
-----------------------------

Epoch 50: loss=1.2927|0.6221, acc=97.8543|83.5689, fr=0.3908, cin|cout=0.014134|0.043595|3.0843, lr=0.0150, time=08.027427
-----------------------------

Epoch 51: loss=1.2890|0.5904, acc=98.0750|84.9823, fr=0.3936, cin|cout=0.014132|0.043609|3.0858, lr=0.0150, time=08.539099
-----------------------------

Epoch 52: loss=1.2730|0.6143, acc=98.7249|86.0866, fr=0.3929, cin|cout=0.014117|0.043754|3.0994, lr=0.0150, time=08.446346
-----------------------------

Epoch 53: loss=1.2786|0.5747, acc=98.5164|85.9982, fr=0.3980, cin|cout=0.014115|0.043774|3.1013, lr=0.0150, time=08.007071
-----------------------------

Epoch 54: loss=1.2688|0.5952, acc=98.8475|85.0707, fr=0.3984, cin|cout=0.014104|0.043805|3.1058, lr=0.0150, time=08.332351
-----------------------------

Epoch 55: loss=1.2849|0.6043, acc=98.2590|83.9223, fr=0.4036, cin|cout=0.014112|0.043815|3.1047, lr=0.0150, time=07.935165
-----------------------------

Epoch 56: loss=1.2795|0.5941, acc=98.3570|84.5406, fr=0.3983, cin|cout=0.014116|0.043835|3.1054, lr=0.0150, time=08.235009
-----------------------------

Epoch 57: loss=1.2636|0.5807, acc=98.7739|84.6731, fr=0.3938, cin|cout=0.014120|0.043723|3.0966, lr=0.0150, time=08.292254
-----------------------------

Epoch 58: loss=1.2612|0.5593, acc=98.9946|86.4841, fr=0.3934, cin|cout=0.014123|0.043742|3.0973, lr=0.0150, time=08.274913
-----------------------------

Epoch 59: loss=1.2713|0.5670, acc=98.6758|85.9099, fr=0.3971, cin|cout=0.014123|0.043791|3.1008, lr=0.0150, time=08.810739
-----------------------------

Epoch 60: loss=1.2658|0.6128, acc=98.8597|85.5124, fr=0.3974, cin|cout=0.014131|0.043748|3.0960, lr=0.0150, time=08.182787
-----------------------------

Epoch 61: loss=1.2567|0.5710, acc=98.8843|85.4682, fr=0.3954, cin|cout=0.014152|0.043617|3.0821, lr=0.0150, time=09.160326
-----------------------------

Epoch 62: loss=1.2448|0.5768, acc=99.1908|86.7933, fr=0.3973, cin|cout=0.014149|0.043605|3.0817, lr=0.0150, time=08.558944
-----------------------------

Epoch 63: loss=1.2408|0.5761, acc=99.3502|87.1908, fr=0.4001, cin|cout=0.014153|0.043575|3.0788, lr=0.0150, time=07.921602
-----------------------------

Epoch 64: loss=1.2392|0.5909, acc=99.4605|86.1307, fr=0.4010, cin|cout=0.014151|0.043582|3.0799, lr=0.0150, time=08.310496
-----------------------------

Epoch 65: loss=1.2304|0.5627, acc=99.6935|86.9700, fr=0.4031, cin|cout=0.014149|0.043569|3.0792, lr=0.0150, time=08.699087
-----------------------------

Epoch 66: loss=1.2295|0.5800, acc=99.6444|85.3357, fr=0.4001, cin|cout=0.014147|0.043591|3.0814, lr=0.0150, time=08.575944
-----------------------------

Epoch 67: loss=1.2355|0.5695, acc=99.5096|86.6608, fr=0.4052, cin|cout=0.014145|0.043600|3.0824, lr=0.0150, time=08.117307
-----------------------------

Epoch 68: loss=1.2322|0.5761, acc=99.5586|85.7332, fr=0.4055, cin|cout=0.014144|0.043641|3.0854, lr=0.0150, time=08.274808
-----------------------------

Epoch 69: loss=1.2266|0.6179, acc=99.4973|85.1590, fr=0.4033, cin|cout=0.014136|0.043698|3.0913, lr=0.0150, time=08.667490
-----------------------------

Epoch 70: loss=1.2189|0.5782, acc=99.6690|86.6608, fr=0.4041, cin|cout=0.014133|0.043714|3.0930, lr=0.0105, time=08.005273
-----------------------------

Epoch 71: loss=1.2118|0.5775, acc=99.7057|86.3074, fr=0.4091, cin|cout=0.014136|0.043728|3.0935, lr=0.0105, time=08.015163
-----------------------------

Epoch 72: loss=1.2101|0.5655, acc=99.7916|87.2792, fr=0.4169, cin|cout=0.014142|0.043639|3.0858, lr=0.0105, time=08.016346
-----------------------------

Epoch 73: loss=1.2061|0.5610, acc=99.7425|87.4558, fr=0.4147, cin|cout=0.014142|0.043635|3.0855, lr=0.0105, time=07.842135
-----------------------------

Epoch 74: loss=1.2003|0.5546, acc=99.8897|87.5442, fr=0.4151, cin|cout=0.014138|0.043661|3.0881, lr=0.0105, time=07.875888
-----------------------------

Epoch 75: loss=1.2046|0.5817, acc=99.6077|86.5724, fr=0.4189, cin|cout=0.014142|0.043625|3.0849, lr=0.0105, time=07.719072
-----------------------------

Epoch 76: loss=1.2128|0.5823, acc=99.7548|85.6890, fr=0.4239, cin|cout=0.014149|0.043628|3.0833, lr=0.0105, time=07.804246
-----------------------------

Epoch 77: loss=1.2055|0.5962, acc=99.7548|86.4841, fr=0.4252, cin|cout=0.014143|0.043649|3.0862, lr=0.0105, time=07.851089
-----------------------------

Epoch 78: loss=1.2005|0.5548, acc=99.9142|87.8092, fr=0.4258, cin|cout=0.014144|0.043632|3.0849, lr=0.0105, time=07.998226
-----------------------------

Epoch 79: loss=1.1979|0.5931, acc=99.8897|87.1025, fr=0.4318, cin|cout=0.014148|0.043593|3.0811, lr=0.0105, time=07.866928
-----------------------------

Epoch 80: loss=1.1952|0.5836, acc=99.9264|87.5883, fr=0.4310, cin|cout=0.014151|0.043573|3.0792, lr=0.0105, time=07.880805
-----------------------------

Epoch 81: loss=1.1920|0.5798, acc=99.7793|87.6767, fr=0.4309, cin|cout=0.014151|0.043657|3.0850, lr=0.0105, time=08.177008
-----------------------------

Epoch 82: loss=1.1933|0.5918, acc=99.8283|86.8375, fr=0.4321, cin|cout=0.014154|0.043659|3.0845, lr=0.0105, time=08.418848
-----------------------------

Epoch 83: loss=1.1918|0.6053, acc=99.8897|86.1749, fr=0.4368, cin|cout=0.014158|0.043606|3.0801, lr=0.0105, time=08.096144
-----------------------------

Epoch 84: loss=1.1873|0.5865, acc=99.9510|86.3516, fr=0.4381, cin|cout=0.014158|0.043610|3.0802, lr=0.0105, time=08.057963
-----------------------------

Epoch 85: loss=1.1854|0.5653, acc=99.9387|88.1184, fr=0.4385, cin|cout=0.014159|0.043575|3.0776, lr=0.0073, time=08.631880

Best model saved with valid acc=88.11837455830388
-----------------------------

Epoch 86: loss=1.1828|0.5889, acc=99.9387|87.3233, fr=0.4426, cin|cout=0.014159|0.043579|3.0778, lr=0.0073, time=08.601132
-----------------------------

Epoch 87: loss=1.1809|0.5781, acc=99.9510|86.8375, fr=0.4437, cin|cout=0.014158|0.043601|3.0796, lr=0.0073, time=08.213609
-----------------------------

Epoch 88: loss=1.1791|0.5716, acc=99.9755|87.1908, fr=0.4464, cin|cout=0.014157|0.043618|3.0810, lr=0.0073, time=08.877443
-----------------------------

Epoch 89: loss=1.1782|0.5906, acc=100.0000|85.8657, fr=0.4491, cin|cout=0.014161|0.043582|3.0775, lr=0.0073, time=08.074062
-----------------------------

Epoch 90: loss=1.1834|0.5979, acc=99.9264|86.2191, fr=0.4553, cin|cout=0.014160|0.043612|3.0799, lr=0.0073, time=08.366845
-----------------------------

Epoch 91: loss=1.1805|0.5880, acc=99.9264|86.9258, fr=0.4520, cin|cout=0.014153|0.043655|3.0845, lr=0.0073, time=08.360797
-----------------------------

Epoch 92: loss=1.1769|0.5883, acc=99.9510|87.0583, fr=0.4546, cin|cout=0.014149|0.043686|3.0876, lr=0.0051, time=08.354237
-----------------------------

Epoch 93: loss=1.1756|0.5682, acc=99.9877|87.3675, fr=0.4582, cin|cout=0.014147|0.043710|3.0898, lr=0.0051, time=08.529183
-----------------------------

Epoch 94: loss=1.1746|0.5810, acc=99.9755|87.4117, fr=0.4588, cin|cout=0.014147|0.043704|3.0892, lr=0.0051, time=08.751422
-----------------------------

Epoch 95: loss=1.1749|0.5815, acc=99.9632|86.8816, fr=0.4612, cin|cout=0.014146|0.043703|3.0894, lr=0.0051, time=08.259276
-----------------------------

Epoch 96: loss=1.1732|0.5993, acc=99.9877|86.4841, fr=0.4635, cin|cout=0.014149|0.043678|3.0870, lr=0.0051, time=09.168918
-----------------------------

Epoch 97: loss=1.1734|0.5851, acc=99.9755|87.0141, fr=0.4639, cin|cout=0.014148|0.043678|3.0872, lr=0.0051, time=08.521809
-----------------------------

Epoch 98: loss=1.1731|0.5723, acc=99.9755|87.6325, fr=0.4659, cin|cout=0.014147|0.043687|3.0880, lr=0.0036, time=08.377404
-----------------------------

Epoch 99: loss=1.1727|0.5757, acc=100.0000|87.3675, fr=0.4686, cin|cout=0.014147|0.043671|3.0869, lr=0.0036, time=08.253876
-----------------------------

Epoch 100: loss=1.1711|0.5689, acc=100.0000|87.7650, fr=0.4708, cin|cout=0.014148|0.043674|3.0868, lr=0.0036, time=08.003099
-----------------------------


Best valid acc at epoch 85: 88.11837455830388

------ Training finished ------


**************  Trial 4  **************
Epoch 0: cin|cout=0.001492|0.014155|9.4879
-----------------------------

Epoch 1: loss=7.9190|3.5438, acc=20.4880|7.8622, fr=0.5883, cin|cout=0.008369|0.030162|3.6038, lr=0.0150, time=07.814101
-----------------------------

Epoch 2: loss=5.3912|2.4875, acc=19.7278|23.2332, fr=0.3059, cin|cout=0.011362|0.035335|3.1098, lr=0.0150, time=07.786117
-----------------------------

Epoch 3: loss=3.2193|1.8771, acc=31.7067|37.4117, fr=0.3686, cin|cout=0.012234|0.037292|3.0483, lr=0.0150, time=08.513271
-----------------------------

Epoch 4: loss=2.7652|1.5876, acc=43.5385|47.3057, fr=0.3742, cin|cout=0.012600|0.037401|2.9683, lr=0.0150, time=07.796196
-----------------------------

Epoch 5: loss=2.6701|1.4289, acc=48.7739|54.0194, fr=0.3763, cin|cout=0.012816|0.037441|2.9214, lr=0.0150, time=07.752506
-----------------------------

Epoch 6: loss=2.3848|1.3290, acc=58.2393|58.0830, fr=0.3759, cin|cout=0.012931|0.038114|2.9475, lr=0.0150, time=07.735281
-----------------------------

Epoch 7: loss=2.3874|1.2289, acc=60.7773|61.4399, fr=0.3892, cin|cout=0.013075|0.038878|2.9735, lr=0.0150, time=07.709945
-----------------------------

Epoch 8: loss=2.2285|1.0565, acc=65.3874|64.3993, fr=0.3834, cin|cout=0.013165|0.038703|2.9399, lr=0.0150, time=07.685055
-----------------------------

Epoch 9: loss=2.1047|0.9967, acc=69.3477|69.7880, fr=0.3723, cin|cout=0.013256|0.038742|2.9226, lr=0.0150, time=07.799251
-----------------------------

Epoch 10: loss=2.0471|0.9355, acc=72.4865|70.1855, fr=0.3613, cin|cout=0.013312|0.038970|2.9275, lr=0.0150, time=07.736557
-----------------------------

Epoch 11: loss=1.9748|1.0870, acc=74.7793|65.9894, fr=0.3710, cin|cout=0.013308|0.039054|2.9346, lr=0.0150, time=07.748508
-----------------------------

Epoch 12: loss=2.0401|0.9173, acc=72.2536|71.5989, fr=0.3548, cin|cout=0.013376|0.039361|2.9427, lr=0.0150, time=07.728748
-----------------------------

Epoch 13: loss=1.9115|0.8548, acc=77.4399|73.1007, fr=0.3620, cin|cout=0.013528|0.039718|2.9361, lr=0.0150, time=07.741271
-----------------------------

Epoch 14: loss=1.8348|0.8310, acc=80.4316|75.0883, fr=0.3595, cin|cout=0.013614|0.039509|2.9020, lr=0.0150, time=07.698041
-----------------------------

Epoch 15: loss=1.7939|0.8068, acc=82.4546|75.5300, fr=0.3595, cin|cout=0.013761|0.039432|2.8655, lr=0.0150, time=07.823478
-----------------------------

Epoch 16: loss=1.7728|0.7938, acc=82.7489|74.2049, fr=0.3567, cin|cout=0.013844|0.039542|2.8562, lr=0.0150, time=07.739792
-----------------------------

Epoch 17: loss=1.7905|0.8439, acc=81.2776|73.8958, fr=0.3477, cin|cout=0.013885|0.039692|2.8586, lr=0.0150, time=07.712270
-----------------------------

Epoch 18: loss=1.7448|0.7337, acc=83.7175|77.1201, fr=0.3540, cin|cout=0.013962|0.039792|2.8501, lr=0.0150, time=07.771447
-----------------------------

Epoch 19: loss=1.6931|0.6836, acc=86.1206|78.1802, fr=0.3554, cin|cout=0.013994|0.039832|2.8463, lr=0.0150, time=07.723063
-----------------------------

Epoch 20: loss=1.6647|0.7299, acc=86.8318|78.6219, fr=0.3600, cin|cout=0.014018|0.039728|2.8341, lr=0.0150, time=07.725882
-----------------------------

Epoch 21: loss=1.6388|0.6643, acc=87.4571|78.3127, fr=0.3571, cin|cout=0.014035|0.039635|2.8240, lr=0.0150, time=08.208486
-----------------------------

Epoch 22: loss=1.6078|0.6810, acc=88.5606|79.1078, fr=0.3604, cin|cout=0.014047|0.039484|2.8108, lr=0.0150, time=08.157242
-----------------------------

Epoch 23: loss=1.5722|0.6732, acc=89.7744|79.4611, fr=0.3571, cin|cout=0.014054|0.039263|2.7937, lr=0.0150, time=07.921901
-----------------------------

Epoch 24: loss=1.5449|0.6281, acc=91.0373|81.6696, fr=0.3586, cin|cout=0.014038|0.039363|2.8041, lr=0.0150, time=07.971855
-----------------------------

Epoch 25: loss=1.5306|0.6162, acc=92.2879|82.0671, fr=0.3512, cin|cout=0.014047|0.039429|2.8069, lr=0.0150, time=07.737132
-----------------------------

Epoch 26: loss=1.5234|0.6016, acc=92.2266|81.8905, fr=0.3568, cin|cout=0.014063|0.039331|2.7968, lr=0.0150, time=07.607370
-----------------------------

Epoch 27: loss=1.5269|0.6438, acc=92.5086|80.1678, fr=0.3563, cin|cout=0.014048|0.039323|2.7991, lr=0.0150, time=07.578884
-----------------------------

Epoch 28: loss=1.5220|0.6068, acc=91.8710|82.4205, fr=0.3624, cin|cout=0.014051|0.039413|2.8050, lr=0.0150, time=07.598038
-----------------------------

Epoch 29: loss=1.4864|0.6840, acc=92.7661|80.2562, fr=0.3585, cin|cout=0.014067|0.039298|2.7935, lr=0.0150, time=07.643791
-----------------------------

Epoch 30: loss=1.4724|0.6738, acc=93.5140|81.6254, fr=0.3594, cin|cout=0.014057|0.039383|2.8017, lr=0.0150, time=07.651654
-----------------------------

Epoch 31: loss=1.4440|0.6008, acc=94.6542|83.0830, fr=0.3625, cin|cout=0.014073|0.039236|2.7881, lr=0.0150, time=07.544680
-----------------------------

Epoch 32: loss=1.4416|0.5639, acc=94.7891|84.1431, fr=0.3697, cin|cout=0.014075|0.039180|2.7836, lr=0.0150, time=07.670642
-----------------------------

Epoch 33: loss=1.4472|0.7359, acc=94.4213|79.1078, fr=0.3759, cin|cout=0.014102|0.038978|2.7640, lr=0.0150, time=07.565000
-----------------------------

Epoch 34: loss=1.4793|0.6410, acc=93.2320|83.1272, fr=0.3614, cin|cout=0.014113|0.039287|2.7837, lr=0.0150, time=07.557359
-----------------------------

Epoch 35: loss=1.4717|0.6411, acc=93.5630|82.1996, fr=0.3636, cin|cout=0.014120|0.039481|2.7960, lr=0.0150, time=07.582411
-----------------------------

Epoch 36: loss=1.4883|0.6078, acc=93.2442|82.1113, fr=0.3624, cin|cout=0.014116|0.039701|2.8124, lr=0.0150, time=07.589935
-----------------------------

Epoch 37: loss=1.4605|0.6433, acc=93.9676|81.1837, fr=0.3640, cin|cout=0.014136|0.039539|2.7969, lr=0.0150, time=07.578916
-----------------------------

Epoch 38: loss=1.4357|0.6272, acc=95.3531|82.5088, fr=0.3615, cin|cout=0.014147|0.039438|2.7878, lr=0.0150, time=07.597601
-----------------------------

Epoch 39: loss=1.4084|0.6761, acc=96.1133|81.2721, fr=0.3647, cin|cout=0.014147|0.039416|2.7862, lr=0.0105, time=07.578962
-----------------------------

Epoch 40: loss=1.3930|0.6022, acc=96.5915|83.7898, fr=0.3673, cin|cout=0.014145|0.039442|2.7883, lr=0.0105, time=07.931449
-----------------------------

Epoch 41: loss=1.3792|0.5957, acc=96.7386|83.4806, fr=0.3726, cin|cout=0.014158|0.039403|2.7830, lr=0.0105, time=08.420969
-----------------------------

Epoch 42: loss=1.3748|0.5925, acc=97.0942|83.0389, fr=0.3752, cin|cout=0.014184|0.039219|2.7650, lr=0.0105, time=07.830321
-----------------------------

Epoch 43: loss=1.3636|0.6257, acc=97.2903|82.9505, fr=0.3811, cin|cout=0.014164|0.039261|2.7719, lr=0.0105, time=08.393370
-----------------------------

Epoch 44: loss=1.3514|0.6357, acc=97.5723|82.6413, fr=0.3812, cin|cout=0.014149|0.039354|2.7815, lr=0.0105, time=08.352144
-----------------------------

Epoch 45: loss=1.3342|0.5866, acc=98.3325|84.0106, fr=0.3801, cin|cout=0.014150|0.039384|2.7833, lr=0.0073, time=07.886077
-----------------------------

Epoch 46: loss=1.3515|0.6807, acc=97.8666|81.9346, fr=0.3896, cin|cout=0.014156|0.039352|2.7798, lr=0.0073, time=07.756995
-----------------------------

Epoch 47: loss=1.5288|0.6165, acc=95.6719|83.4364, fr=0.4064, cin|cout=0.014181|0.039198|2.7641, lr=0.0073, time=07.818617
-----------------------------

Epoch 48: loss=1.4007|0.5868, acc=96.6282|83.5247, fr=0.3953, cin|cout=0.014211|0.039111|2.7522, lr=0.0073, time=08.174846
-----------------------------

Epoch 49: loss=1.3687|0.5790, acc=97.0329|84.2314, fr=0.3933, cin|cout=0.014209|0.039152|2.7555, lr=0.0073, time=08.076550
-----------------------------

Epoch 50: loss=1.3502|0.6104, acc=97.8176|83.8339, fr=0.3930, cin|cout=0.014208|0.039120|2.7534, lr=0.0073, time=08.090875
-----------------------------

Epoch 51: loss=1.3467|0.5733, acc=97.8543|84.2314, fr=0.3980, cin|cout=0.014210|0.039080|2.7503, lr=0.0073, time=08.500257
-----------------------------

Epoch 52: loss=1.4694|0.7389, acc=94.5439|80.2562, fr=0.4120, cin|cout=0.014277|0.039130|2.7409, lr=0.0073, time=08.366510
-----------------------------

Epoch 53: loss=1.5586|0.6561, acc=93.5875|82.5972, fr=0.4194, cin|cout=0.014343|0.039136|2.7286, lr=0.0073, time=07.773682
-----------------------------

Epoch 54: loss=1.4967|0.6576, acc=95.4512|82.3763, fr=0.4093, cin|cout=0.014354|0.039010|2.7178, lr=0.0073, time=08.216842
-----------------------------

Epoch 55: loss=1.4338|0.5887, acc=96.2727|84.7615, fr=0.4079, cin|cout=0.014359|0.039036|2.7186, lr=0.0073, time=08.061730
-----------------------------

Epoch 56: loss=1.4003|0.6078, acc=97.0083|83.9664, fr=0.4060, cin|cout=0.014353|0.039023|2.7189, lr=0.0073, time=08.269991
-----------------------------

Epoch 57: loss=1.3840|0.5936, acc=97.5969|84.8498, fr=0.4152, cin|cout=0.014389|0.038915|2.7045, lr=0.0073, time=08.378747
-----------------------------

Epoch 58: loss=1.3830|0.5860, acc=97.3149|84.8057, fr=0.4217, cin|cout=0.014394|0.039082|2.7151, lr=0.0073, time=08.266312
-----------------------------

Epoch 59: loss=1.3676|0.5962, acc=97.9647|83.9664, fr=0.4184, cin|cout=0.014381|0.039107|2.7194, lr=0.0073, time=08.070384
-----------------------------

Epoch 60: loss=1.3588|0.6065, acc=98.3448|84.2314, fr=0.4207, cin|cout=0.014374|0.039034|2.7156, lr=0.0073, time=07.876225
-----------------------------

Epoch 61: loss=1.3568|0.5626, acc=98.2835|85.1148, fr=0.4255, cin|cout=0.014390|0.038975|2.7084, lr=0.0073, time=08.634879
-----------------------------

Epoch 62: loss=1.3423|0.5736, acc=98.5287|84.8057, fr=0.4246, cin|cout=0.014385|0.038974|2.7092, lr=0.0073, time=08.520094
-----------------------------

Epoch 63: loss=1.3214|0.5808, acc=98.9210|85.4682, fr=0.4256, cin|cout=0.014386|0.038954|2.7079, lr=0.0073, time=08.236747
-----------------------------

Epoch 64: loss=1.3208|0.5915, acc=98.8720|85.3357, fr=0.4289, cin|cout=0.014387|0.038969|2.7085, lr=0.0073, time=08.358961
-----------------------------

Epoch 65: loss=1.3111|0.5809, acc=99.0436|84.7173, fr=0.4305, cin|cout=0.014388|0.038961|2.7080, lr=0.0073, time=08.098590
-----------------------------

Epoch 66: loss=1.3110|0.6088, acc=99.0069|83.6131, fr=0.4437, cin|cout=0.014376|0.038944|2.7090, lr=0.0073, time=08.140965
-----------------------------

Epoch 67: loss=1.3095|0.6080, acc=99.1540|84.3640, fr=0.4425, cin|cout=0.014386|0.038961|2.7083, lr=0.0073, time=08.031903
-----------------------------

Epoch 68: loss=1.3016|0.6023, acc=99.2521|84.2314, fr=0.4421, cin|cout=0.014388|0.038933|2.7059, lr=0.0073, time=08.140243
-----------------------------

Epoch 69: loss=1.3095|0.5700, acc=98.7739|86.1307, fr=0.4515, cin|cout=0.014367|0.038911|2.7084, lr=0.0073, time=08.847363
-----------------------------

Epoch 70: loss=1.3457|0.6203, acc=97.9156|83.4364, fr=0.4401, cin|cout=0.014372|0.039007|2.7141, lr=0.0073, time=07.819346
-----------------------------

Epoch 71: loss=1.3230|0.5977, acc=98.6758|84.2314, fr=0.4407, cin|cout=0.014377|0.039101|2.7197, lr=0.0073, time=07.726774
-----------------------------

Epoch 72: loss=1.3142|0.6047, acc=98.8843|84.1873, fr=0.4413, cin|cout=0.014378|0.039120|2.7208, lr=0.0073, time=08.129185
-----------------------------

Epoch 73: loss=1.3030|0.6037, acc=99.0069|84.8498, fr=0.4404, cin|cout=0.014379|0.039077|2.7175, lr=0.0073, time=08.227994
-----------------------------

Epoch 74: loss=1.2971|0.6147, acc=99.1417|84.3198, fr=0.4425, cin|cout=0.014379|0.039069|2.7171, lr=0.0073, time=08.169534
-----------------------------

Epoch 75: loss=1.2928|0.6179, acc=99.1540|84.7615, fr=0.4442, cin|cout=0.014383|0.039046|2.7147, lr=0.0073, time=08.224404
-----------------------------

Epoch 76: loss=1.2828|0.6295, acc=99.2766|83.9223, fr=0.4472, cin|cout=0.014388|0.039016|2.7116, lr=0.0051, time=07.999012
-----------------------------

Epoch 77: loss=1.2768|0.5982, acc=99.4973|84.6731, fr=0.4506, cin|cout=0.014392|0.039002|2.7101, lr=0.0051, time=08.962861
-----------------------------

Epoch 78: loss=1.2802|0.6084, acc=99.4728|84.2756, fr=0.4585, cin|cout=0.014380|0.039068|2.7167, lr=0.0051, time=07.907960
-----------------------------

Epoch 79: loss=1.2745|0.6522, acc=99.5218|83.6131, fr=0.4591, cin|cout=0.014378|0.039065|2.7170, lr=0.0051, time=08.334687
-----------------------------

Epoch 80: loss=1.2746|0.6518, acc=99.3992|83.5689, fr=0.4634, cin|cout=0.014375|0.039087|2.7191, lr=0.0051, time=08.290801
-----------------------------

Epoch 81: loss=1.2891|0.6482, acc=99.0314|84.0548, fr=0.4744, cin|cout=0.014375|0.039147|2.7232, lr=0.0051, time=08.116782
-----------------------------

Epoch 82: loss=1.2812|0.6188, acc=99.3379|85.2915, fr=0.4682, cin|cout=0.014375|0.039116|2.7210, lr=0.0036, time=08.273574
-----------------------------

Epoch 83: loss=1.2730|0.6174, acc=99.5463|84.3198, fr=0.4686, cin|cout=0.014380|0.039045|2.7151, lr=0.0036, time=08.436532
-----------------------------

Epoch 84: loss=1.2651|0.6217, acc=99.5954|85.1148, fr=0.4652, cin|cout=0.014381|0.039027|2.7138, lr=0.0036, time=07.946859
-----------------------------

Epoch 85: loss=1.2630|0.6221, acc=99.6690|84.9382, fr=0.4681, cin|cout=0.014385|0.039004|2.7115, lr=0.0036, time=09.478003
-----------------------------

Epoch 86: loss=1.2598|0.6055, acc=99.7670|85.0707, fr=0.4672, cin|cout=0.014384|0.039002|2.7114, lr=0.0036, time=09.372669
-----------------------------

Epoch 87: loss=1.2586|0.6333, acc=99.7916|84.4523, fr=0.4672, cin|cout=0.014385|0.038998|2.7110, lr=0.0036, time=08.529207
-----------------------------

Epoch 88: loss=1.2559|0.6451, acc=99.7670|84.1431, fr=0.4715, cin|cout=0.014384|0.038972|2.7094, lr=0.0025, time=08.273753
-----------------------------

Epoch 89: loss=1.2535|0.6241, acc=99.8774|84.5848, fr=0.4732, cin|cout=0.014384|0.038973|2.7095, lr=0.0025, time=07.789158
-----------------------------

Epoch 90: loss=1.2561|0.6100, acc=99.7916|84.9823, fr=0.4696, cin|cout=0.014391|0.038958|2.7071, lr=0.0025, time=07.766993
-----------------------------

Epoch 91: loss=1.2578|0.5994, acc=99.7916|85.6890, fr=0.4685, cin|cout=0.014392|0.038956|2.7068, lr=0.0025, time=08.269640
-----------------------------

Epoch 92: loss=1.2538|0.5997, acc=99.8529|84.4523, fr=0.4710, cin|cout=0.014394|0.038933|2.7048, lr=0.0025, time=08.118576
-----------------------------

Epoch 93: loss=1.2560|0.5983, acc=99.8283|84.9382, fr=0.4747, cin|cout=0.014395|0.038933|2.7046, lr=0.0025, time=08.464044
-----------------------------

Epoch 94: loss=1.2540|0.6095, acc=99.8774|85.4240, fr=0.4733, cin|cout=0.014404|0.038860|2.6979, lr=0.0018, time=08.025986
-----------------------------

Epoch 95: loss=1.2561|0.5920, acc=99.7425|86.0866, fr=0.4767, cin|cout=0.014405|0.038852|2.6972, lr=0.0018, time=07.881047
-----------------------------

Epoch 96: loss=1.2553|0.6104, acc=99.8161|85.1590, fr=0.4802, cin|cout=0.014406|0.038861|2.6975, lr=0.0018, time=07.848149
-----------------------------

Epoch 97: loss=1.2538|0.6096, acc=99.8529|85.0707, fr=0.4768, cin|cout=0.014404|0.038857|2.6977, lr=0.0018, time=07.781675
-----------------------------

Epoch 98: loss=1.2498|0.5862, acc=99.8283|85.7774, fr=0.4781, cin|cout=0.014402|0.038863|2.6985, lr=0.0018, time=07.972600
-----------------------------

Epoch 99: loss=1.2555|0.6046, acc=99.8038|85.2032, fr=0.4774, cin|cout=0.014409|0.038899|2.6997, lr=0.0018, time=08.381244
-----------------------------

Epoch 100: loss=1.2578|0.6031, acc=99.8406|85.3357, fr=0.4800, cin|cout=0.014408|0.038888|2.6990, lr=0.0012, time=08.995796
-----------------------------


Best valid acc at epoch 0: 88

------ Training finished ------


**************  Trial 5  **************
Epoch 0: cin|cout=0.001591|0.014190|8.9190
-----------------------------

Epoch 1: loss=7.6920|3.3763, acc=22.7930|12.1908, fr=0.5930, cin|cout=0.008540|0.034956|4.0931, lr=0.0150, time=08.220983
-----------------------------

Epoch 2: loss=5.4608|2.5641, acc=18.2810|24.2933, fr=0.3598, cin|cout=0.011360|0.040096|3.5295, lr=0.0150, time=08.211997
-----------------------------

Epoch 3: loss=3.1331|2.1287, acc=27.3173|36.0866, fr=0.3955, cin|cout=0.012206|0.041904|3.4330, lr=0.0150, time=08.199814
-----------------------------

Epoch 4: loss=2.8688|1.8406, acc=35.5689|45.0088, fr=0.3750, cin|cout=0.012444|0.042729|3.4338, lr=0.0150, time=08.363166
-----------------------------

Epoch 5: loss=2.6453|1.5965, acc=42.4350|48.4099, fr=0.3687, cin|cout=0.012607|0.043458|3.4471, lr=0.0150, time=08.094633
-----------------------------

Epoch 6: loss=2.6661|1.5222, acc=47.4497|51.5459, fr=0.3646, cin|cout=0.012784|0.043872|3.4317, lr=0.0150, time=07.864056
-----------------------------

Epoch 7: loss=2.4128|1.3921, acc=54.4875|56.7580, fr=0.3511, cin|cout=0.012936|0.044097|3.4089, lr=0.0150, time=08.549222
-----------------------------

Epoch 8: loss=2.3265|1.7065, acc=54.2913|47.1290, fr=0.3444, cin|cout=0.013165|0.043956|3.3388, lr=0.0150, time=08.139634
-----------------------------

Epoch 9: loss=2.6246|1.5820, acc=50.9809|48.5866, fr=0.3833, cin|cout=0.013715|0.044397|3.2371, lr=0.0150, time=08.112850
-----------------------------

Epoch 10: loss=2.4501|1.2191, acc=55.9098|60.8216, fr=0.3777, cin|cout=0.013925|0.044951|3.2282, lr=0.0150, time=07.567216
-----------------------------

Epoch 11: loss=3.0648|1.7612, acc=42.7170|43.9046, fr=0.3712, cin|cout=0.014424|0.046926|3.2533, lr=0.0150, time=07.621059
-----------------------------

Epoch 12: loss=2.7098|2.0746, acc=51.1035|35.2473, fr=0.3529, cin|cout=0.014826|0.047447|3.2002, lr=0.0150, time=07.545567
-----------------------------

Epoch 13: loss=3.6868|1.7106, acc=36.5498|46.2898, fr=0.3439, cin|cout=0.015694|0.048280|3.0763, lr=0.0150, time=07.574260
-----------------------------

Epoch 14: loss=2.5218|1.0993, acc=56.4492|65.6360, fr=0.3217, cin|cout=0.015928|0.048770|3.0619, lr=0.0150, time=07.633322
-----------------------------

Epoch 15: loss=2.2147|0.9564, acc=66.8833|70.0088, fr=0.3363, cin|cout=0.015985|0.048923|3.0605, lr=0.0150, time=07.551879
-----------------------------

Epoch 16: loss=2.0701|0.7899, acc=72.3026|75.9717, fr=0.3339, cin|cout=0.015997|0.048923|3.0583, lr=0.0150, time=07.599969
-----------------------------

Epoch 17: loss=1.9558|0.7653, acc=77.0476|75.8834, fr=0.3376, cin|cout=0.016000|0.049045|3.0654, lr=0.0150, time=07.633429
-----------------------------

Epoch 18: loss=1.9260|0.7532, acc=79.0338|77.3410, fr=0.3466, cin|cout=0.016140|0.049152|3.0454, lr=0.0150, time=07.658424
-----------------------------

Epoch 19: loss=1.8893|0.7456, acc=81.3144|74.8233, fr=0.3490, cin|cout=0.016162|0.049228|3.0459, lr=0.0150, time=07.557074
-----------------------------

Epoch 20: loss=1.7753|0.6990, acc=83.4968|79.0194, fr=0.3446, cin|cout=0.016175|0.049202|3.0418, lr=0.0150, time=07.512766
-----------------------------

Epoch 21: loss=1.7404|0.6784, acc=83.8769|79.1961, fr=0.3576, cin|cout=0.016164|0.049322|3.0513, lr=0.0150, time=07.590454
-----------------------------

Epoch 22: loss=1.7342|0.6413, acc=83.8279|80.1678, fr=0.3648, cin|cout=0.016164|0.049502|3.0624, lr=0.0150, time=07.623134
-----------------------------

Epoch 23: loss=1.7079|0.6887, acc=84.9191|79.6820, fr=0.3673, cin|cout=0.016168|0.049482|3.0605, lr=0.0150, time=07.545984
-----------------------------

Epoch 24: loss=1.6700|0.6472, acc=86.2800|80.4770, fr=0.3574, cin|cout=0.016172|0.049512|3.0616, lr=0.0150, time=07.607988
-----------------------------

Epoch 25: loss=1.6442|0.6261, acc=86.9421|81.8021, fr=0.3627, cin|cout=0.016173|0.049608|3.0674, lr=0.0150, time=07.561340
-----------------------------

Epoch 26: loss=1.6196|0.6330, acc=87.8617|81.1396, fr=0.3657, cin|cout=0.016182|0.049585|3.0641, lr=0.0150, time=07.589814
-----------------------------

Epoch 27: loss=1.6208|0.6377, acc=87.9843|79.5936, fr=0.3591, cin|cout=0.016189|0.049481|3.0565, lr=0.0150, time=07.565357
-----------------------------

Epoch 28: loss=1.6095|0.6651, acc=88.1069|79.6820, fr=0.3722, cin|cout=0.016188|0.049399|3.0517, lr=0.0150, time=07.586371
-----------------------------

Epoch 29: loss=1.6009|0.6379, acc=88.9284|80.6537, fr=0.3657, cin|cout=0.016187|0.049380|3.0507, lr=0.0150, time=07.638629
-----------------------------

Epoch 30: loss=1.5834|0.6610, acc=89.5905|79.9912, fr=0.3563, cin|cout=0.016188|0.049424|3.0531, lr=0.0150, time=07.607343
-----------------------------

Epoch 31: loss=1.5505|0.5834, acc=90.6572|82.6855, fr=0.3657, cin|cout=0.016189|0.049363|3.0491, lr=0.0150, time=07.621414
-----------------------------

Epoch 32: loss=1.5328|0.5754, acc=91.8955|82.9505, fr=0.3677, cin|cout=0.016193|0.049324|3.0459, lr=0.0150, time=07.563698
-----------------------------

Epoch 33: loss=1.5287|0.5591, acc=91.9936|84.5848, fr=0.3634, cin|cout=0.016193|0.049354|3.0478, lr=0.0150, time=07.599944
-----------------------------

Epoch 34: loss=1.5575|0.6591, acc=91.5890|81.0512, fr=0.3648, cin|cout=0.016189|0.049480|3.0563, lr=0.0150, time=07.524407
-----------------------------

Epoch 35: loss=1.5691|0.5574, acc=90.5591|84.4081, fr=0.3601, cin|cout=0.016189|0.049523|3.0591, lr=0.0150, time=07.530812
-----------------------------

Epoch 36: loss=1.5199|0.5545, acc=92.1040|83.3481, fr=0.3532, cin|cout=0.016186|0.049453|3.0552, lr=0.0150, time=07.631547
-----------------------------

Epoch 37: loss=1.5084|0.6835, acc=92.7783|80.2120, fr=0.3611, cin|cout=0.016188|0.049431|3.0535, lr=0.0150, time=07.654835
-----------------------------

Epoch 38: loss=1.5233|0.5992, acc=92.2143|83.8339, fr=0.3643, cin|cout=0.016201|0.049366|3.0472, lr=0.0150, time=07.584478
-----------------------------

Epoch 39: loss=1.4824|0.5438, acc=94.0657|84.4965, fr=0.3642, cin|cout=0.016189|0.049392|3.0511, lr=0.0150, time=07.617099
-----------------------------

Epoch 40: loss=1.4698|0.5926, acc=94.3355|83.7456, fr=0.3834, cin|cout=0.016191|0.049373|3.0493, lr=0.0105, time=07.692738
-----------------------------

Epoch 41: loss=1.4778|0.5993, acc=94.4213|83.4806, fr=0.3821, cin|cout=0.016204|0.049347|3.0453, lr=0.0105, time=07.603320
-----------------------------

Epoch 42: loss=1.5122|0.6159, acc=93.1952|82.2880, fr=0.3862, cin|cout=0.016212|0.049324|3.0425, lr=0.0105, time=07.623090
-----------------------------

Epoch 43: loss=1.4617|0.5415, acc=95.0343|85.2915, fr=0.3805, cin|cout=0.016212|0.049285|3.0400, lr=0.0105, time=07.503114
-----------------------------

Epoch 44: loss=1.4484|0.5327, acc=95.4144|85.7332, fr=0.3923, cin|cout=0.016211|0.049324|3.0426, lr=0.0105, time=07.646828
-----------------------------

Epoch 45: loss=1.4309|0.5467, acc=95.9294|85.4240, fr=0.3894, cin|cout=0.016210|0.049363|3.0453, lr=0.0105, time=07.516587
-----------------------------

Epoch 46: loss=1.4327|0.5743, acc=95.7700|84.7615, fr=0.4000, cin|cout=0.016209|0.049327|3.0432, lr=0.0105, time=07.583515
-----------------------------

Epoch 47: loss=1.5031|0.6334, acc=94.0167|82.3322, fr=0.3624, cin|cout=0.016223|0.049296|3.0387, lr=0.0105, time=07.535976
-----------------------------

Epoch 48: loss=1.5174|0.5765, acc=93.0358|84.5848, fr=0.3666, cin|cout=0.016235|0.049273|3.0349, lr=0.0105, time=07.583045
-----------------------------

Epoch 49: loss=1.4656|0.6141, acc=94.5071|82.9505, fr=0.3803, cin|cout=0.016241|0.049236|3.0315, lr=0.0105, time=07.610616
-----------------------------

Epoch 50: loss=1.4370|0.6425, acc=95.5370|82.9064, fr=0.3809, cin|cout=0.016237|0.049250|3.0332, lr=0.0105, time=07.566913
-----------------------------

Epoch 51: loss=1.7083|0.6687, acc=88.1805|80.5212, fr=0.3660, cin|cout=0.016314|0.049234|3.0178, lr=0.0073, time=07.544429
-----------------------------

Epoch 52: loss=1.6035|0.6099, acc=91.8220|82.7739, fr=0.3747, cin|cout=0.016317|0.049294|3.0210, lr=0.0073, time=07.567390
-----------------------------

Epoch 53: loss=1.5176|0.6084, acc=94.3968|84.4081, fr=0.3784, cin|cout=0.016315|0.049296|3.0215, lr=0.0073, time=07.576770
-----------------------------

Epoch 54: loss=1.4816|0.6010, acc=94.5684|83.8339, fr=0.3900, cin|cout=0.016313|0.049298|3.0220, lr=0.0073, time=07.554616
-----------------------------

Epoch 55: loss=1.4537|0.5875, acc=95.7945|83.4806, fr=0.3928, cin|cout=0.016313|0.049301|3.0221, lr=0.0073, time=07.534495
-----------------------------

Epoch 56: loss=1.4311|0.5903, acc=96.3340|84.5406, fr=0.4000, cin|cout=0.016317|0.049289|3.0207, lr=0.0073, time=07.562834
-----------------------------

Epoch 57: loss=1.4137|0.5881, acc=96.7509|84.2314, fr=0.4041, cin|cout=0.016315|0.049283|3.0208, lr=0.0051, time=07.656039
-----------------------------

Epoch 58: loss=1.4034|0.5748, acc=96.8367|84.7615, fr=0.4101, cin|cout=0.016314|0.049298|3.0219, lr=0.0051, time=07.629514
-----------------------------

Epoch 59: loss=1.4083|0.5443, acc=96.9470|85.4682, fr=0.4192, cin|cout=0.016313|0.049284|3.0211, lr=0.0051, time=07.607677
-----------------------------

Epoch 60: loss=1.3929|0.5554, acc=96.7754|85.5565, fr=0.4183, cin|cout=0.016315|0.049274|3.0201, lr=0.0051, time=07.549513
-----------------------------

Epoch 61: loss=1.3945|0.5801, acc=96.9348|83.9223, fr=0.4198, cin|cout=0.016315|0.049287|3.0210, lr=0.0051, time=07.625689
-----------------------------

Epoch 62: loss=1.3867|0.5406, acc=97.2658|85.7774, fr=0.4247, cin|cout=0.016316|0.049271|3.0199, lr=0.0051, time=07.627910
-----------------------------

Epoch 63: loss=1.3807|0.5644, acc=97.3394|85.2032, fr=0.4276, cin|cout=0.016314|0.049269|3.0200, lr=0.0051, time=07.598000
-----------------------------

Epoch 64: loss=1.3729|0.5576, acc=97.6459|85.8657, fr=0.4302, cin|cout=0.016315|0.049256|3.0191, lr=0.0051, time=07.609618
-----------------------------

Epoch 65: loss=1.3710|0.5753, acc=97.6582|84.9823, fr=0.4293, cin|cout=0.016315|0.049250|3.0187, lr=0.0051, time=07.675245
-----------------------------

Epoch 66: loss=1.3626|0.5813, acc=97.9279|84.4081, fr=0.4306, cin|cout=0.016315|0.049244|3.0184, lr=0.0051, time=07.614182
-----------------------------

Epoch 67: loss=1.3611|0.5785, acc=97.8421|84.8057, fr=0.4309, cin|cout=0.016314|0.049232|3.0177, lr=0.0051, time=07.639901
-----------------------------

Epoch 68: loss=1.3522|0.5677, acc=98.2467|85.8216, fr=0.4428, cin|cout=0.016314|0.049238|3.0181, lr=0.0051, time=07.584783
-----------------------------

Epoch 69: loss=1.3542|0.5514, acc=98.1854|85.2473, fr=0.4538, cin|cout=0.016314|0.049233|3.0179, lr=0.0051, time=07.532180
-----------------------------

Epoch 70: loss=1.3523|0.5326, acc=98.2590|85.8216, fr=0.4523, cin|cout=0.016313|0.049230|3.0178, lr=0.0051, time=07.645450
-----------------------------

Epoch 71: loss=1.3474|0.5539, acc=98.1731|86.2191, fr=0.4525, cin|cout=0.016313|0.049236|3.0182, lr=0.0036, time=07.561063
-----------------------------

Epoch 72: loss=1.3388|0.5692, acc=98.4429|84.9823, fr=0.4567, cin|cout=0.016313|0.049236|3.0182, lr=0.0036, time=07.604202
-----------------------------

Epoch 73: loss=1.3366|0.5628, acc=98.5532|85.9099, fr=0.4575, cin|cout=0.016312|0.049227|3.0178, lr=0.0036, time=07.725905
-----------------------------

Epoch 74: loss=1.3401|0.5644, acc=98.5164|85.9982, fr=0.4596, cin|cout=0.016312|0.049222|3.0175, lr=0.0036, time=07.696403
-----------------------------

Epoch 75: loss=1.3432|0.5739, acc=98.3938|85.7774, fr=0.4546, cin|cout=0.016316|0.049187|3.0147, lr=0.0036, time=07.553067
-----------------------------

Epoch 76: loss=1.3360|0.5744, acc=98.6023|85.6449, fr=0.4563, cin|cout=0.016317|0.049193|3.0148, lr=0.0036, time=07.595699
-----------------------------

Epoch 77: loss=1.3334|0.5490, acc=98.8720|85.7332, fr=0.4587, cin|cout=0.016317|0.049202|3.0154, lr=0.0036, time=07.557416
-----------------------------

Epoch 78: loss=1.3392|0.5622, acc=98.5655|86.1307, fr=0.4540, cin|cout=0.016313|0.049244|3.0187, lr=0.0025, time=07.554205
-----------------------------

Epoch 79: loss=1.3295|0.5671, acc=98.7126|85.2473, fr=0.4610, cin|cout=0.016313|0.049251|3.0192, lr=0.0025, time=07.585662
-----------------------------

Epoch 80: loss=1.3257|0.5651, acc=98.7494|86.0424, fr=0.4630, cin|cout=0.016313|0.049248|3.0189, lr=0.0025, time=07.695868
-----------------------------

Epoch 81: loss=1.3197|0.5576, acc=99.1295|85.5565, fr=0.4656, cin|cout=0.016312|0.049248|3.0191, lr=0.0025, time=07.567404
-----------------------------

Epoch 82: loss=1.3202|0.5583, acc=99.1172|85.5565, fr=0.4689, cin|cout=0.016312|0.049246|3.0190, lr=0.0025, time=07.585584
-----------------------------

Epoch 83: loss=1.3182|0.5684, acc=99.0436|85.9099, fr=0.4730, cin|cout=0.016312|0.049243|3.0188, lr=0.0025, time=07.555842
-----------------------------

Epoch 84: loss=1.3173|0.5781, acc=98.9210|85.4240, fr=0.4749, cin|cout=0.016313|0.049241|3.0186, lr=0.0018, time=07.523391
-----------------------------

Epoch 85: loss=1.3152|0.5599, acc=99.0927|85.7774, fr=0.4813, cin|cout=0.016313|0.049242|3.0185, lr=0.0018, time=07.667619
-----------------------------

Epoch 86: loss=1.3160|0.5921, acc=99.0069|85.4240, fr=0.4796, cin|cout=0.016314|0.049242|3.0184, lr=0.0018, time=08.366541
-----------------------------

Epoch 87: loss=1.3155|0.5780, acc=98.8475|85.4682, fr=0.4816, cin|cout=0.016314|0.049236|3.0180, lr=0.0018, time=07.836847
-----------------------------

Epoch 88: loss=1.3132|0.5541, acc=99.1663|85.5565, fr=0.4829, cin|cout=0.016316|0.049226|3.0170, lr=0.0018, time=08.312288
-----------------------------

Epoch 89: loss=1.3101|0.5554, acc=99.1908|85.9982, fr=0.4784, cin|cout=0.016317|0.049222|3.0166, lr=0.0018, time=08.447680
-----------------------------

Epoch 90: loss=1.3101|0.5868, acc=99.1785|85.5565, fr=0.4812, cin|cout=0.016317|0.049220|3.0165, lr=0.0012, time=08.192014
-----------------------------

Epoch 91: loss=1.3096|0.5803, acc=99.2398|85.4240, fr=0.4813, cin|cout=0.016316|0.049221|3.0168, lr=0.0012, time=08.482746
-----------------------------

Epoch 92: loss=1.3078|0.5565, acc=99.2153|86.1307, fr=0.4815, cin|cout=0.016316|0.049217|3.0166, lr=0.0012, time=08.280157
-----------------------------

Epoch 93: loss=1.3091|0.5646, acc=99.2030|85.7774, fr=0.4825, cin|cout=0.016316|0.049215|3.0164, lr=0.0012, time=08.037036
-----------------------------

Epoch 94: loss=1.3061|0.5616, acc=99.2398|86.6608, fr=0.4863, cin|cout=0.016315|0.049216|3.0165, lr=0.0012, time=08.034731
-----------------------------

Epoch 95: loss=1.3075|0.5798, acc=99.2766|85.9541, fr=0.4883, cin|cout=0.016316|0.049216|3.0165, lr=0.0012, time=08.146960
-----------------------------

Epoch 96: loss=1.3070|0.5609, acc=99.3134|86.0424, fr=0.4863, cin|cout=0.016315|0.049214|3.0164, lr=0.0012, time=08.181013
-----------------------------

Epoch 97: loss=1.3040|0.5815, acc=99.4483|85.5124, fr=0.4912, cin|cout=0.016315|0.049210|3.0162, lr=0.0012, time=08.219202
-----------------------------

Epoch 98: loss=1.3056|0.5860, acc=99.2276|85.5565, fr=0.4929, cin|cout=0.016315|0.049210|3.0162, lr=0.0012, time=07.768800
-----------------------------

Epoch 99: loss=1.3033|0.6251, acc=99.4483|84.0989, fr=0.4929, cin|cout=0.016316|0.049206|3.0158, lr=0.0012, time=07.735941
-----------------------------

Epoch 100: loss=1.3198|0.5711, acc=98.7494|85.3357, fr=0.4953, cin|cout=0.016319|0.049196|3.0146, lr=0.0012, time=08.077677
-----------------------------


Best valid acc at epoch 0: 88

------ Training finished ------


**************  Trial 6  **************
Epoch 0: cin|cout=0.001442|0.014755|10.2295
-----------------------------

Epoch 1: loss=7.1726|3.0941, acc=22.2781|10.2473, fr=0.5992, cin|cout=0.008774|0.036046|4.1084, lr=0.0150, time=08.284347
-----------------------------

Epoch 2: loss=5.2348|3.0098, acc=20.8313|20.8039, fr=0.3020, cin|cout=0.011931|0.041974|3.5180, lr=0.0150, time=08.066608
-----------------------------

Epoch 3: loss=3.2767|2.0670, acc=25.6866|35.8216, fr=0.3375, cin|cout=0.012984|0.044470|3.4250, lr=0.0150, time=07.759158
-----------------------------

Epoch 4: loss=2.7011|1.7698, acc=37.3467|45.1413, fr=0.3938, cin|cout=0.013385|0.045339|3.3872, lr=0.0150, time=07.750586
-----------------------------

Epoch 5: loss=2.4512|1.4184, acc=48.2835|55.1678, fr=0.4112, cin|cout=0.013506|0.046182|3.4193, lr=0.0150, time=07.819166
-----------------------------

Epoch 6: loss=2.5089|1.7759, acc=48.7616|43.9488, fr=0.3812, cin|cout=0.013700|0.046747|3.4122, lr=0.0150, time=08.089927
-----------------------------

Epoch 7: loss=2.5005|1.4524, acc=52.8445|50.6625, fr=0.3649, cin|cout=0.013733|0.047124|3.4315, lr=0.0150, time=08.022531
-----------------------------

Epoch 8: loss=2.4033|1.1686, acc=62.2609|62.0141, fr=0.3722, cin|cout=0.013888|0.046860|3.3741, lr=0.0150, time=07.860955
-----------------------------

Epoch 9: loss=2.1172|1.0419, acc=68.9554|67.4912, fr=0.3777, cin|cout=0.013980|0.047458|3.3947, lr=0.0150, time=07.936212
-----------------------------

Epoch 10: loss=1.9631|0.9517, acc=72.2658|70.6272, fr=0.3767, cin|cout=0.014075|0.047902|3.4033, lr=0.0150, time=08.076480
-----------------------------

Epoch 11: loss=1.8503|0.9552, acc=76.9372|69.3905, fr=0.3726, cin|cout=0.014142|0.047905|3.3875, lr=0.0150, time=07.937040
-----------------------------

Epoch 12: loss=1.8136|0.7747, acc=78.8744|75.9717, fr=0.3752, cin|cout=0.014155|0.048083|3.3970, lr=0.0150, time=08.254047
-----------------------------

Epoch 13: loss=1.7412|0.8333, acc=82.5282|74.4700, fr=0.3747, cin|cout=0.014186|0.048057|3.3877, lr=0.0150, time=07.949071
-----------------------------

Epoch 14: loss=1.7184|0.8682, acc=82.5527|72.3057, fr=0.3710, cin|cout=0.014181|0.048048|3.3882, lr=0.0150, time=08.352701
-----------------------------

Epoch 15: loss=1.6998|0.7763, acc=83.1045|75.3975, fr=0.3607, cin|cout=0.014197|0.048013|3.3820, lr=0.0150, time=08.597112
-----------------------------

Epoch 16: loss=1.6574|0.7976, acc=84.8578|75.3534, fr=0.3626, cin|cout=0.014221|0.048226|3.3911, lr=0.0150, time=08.199644
-----------------------------

Epoch 17: loss=1.7103|0.7743, acc=85.6425|75.9717, fr=0.3613, cin|cout=0.014260|0.048445|3.3973, lr=0.0150, time=08.142720
-----------------------------

Epoch 18: loss=1.6424|0.7481, acc=86.2187|76.8993, fr=0.3646, cin|cout=0.014276|0.048507|3.3977, lr=0.0150, time=08.426982
-----------------------------

Epoch 19: loss=1.6104|0.7971, acc=87.6287|75.5742, fr=0.3617, cin|cout=0.014316|0.048411|3.3817, lr=0.0150, time=08.446869
-----------------------------

Epoch 20: loss=1.5758|0.6949, acc=88.6219|78.4452, fr=0.3586, cin|cout=0.014364|0.048403|3.3697, lr=0.0150, time=08.233275
-----------------------------

Epoch 21: loss=1.5363|0.6568, acc=90.1667|80.5654, fr=0.3660, cin|cout=0.014358|0.048246|3.3602, lr=0.0150, time=08.305265
-----------------------------

Epoch 22: loss=1.5050|0.6791, acc=91.0741|79.1519, fr=0.3542, cin|cout=0.014354|0.048351|3.3686, lr=0.0150, time=08.142865
-----------------------------

Epoch 23: loss=1.4956|0.6510, acc=91.4541|80.7420, fr=0.3669, cin|cout=0.014342|0.048543|3.3846, lr=0.0150, time=08.151912
-----------------------------

Epoch 24: loss=1.4754|0.6640, acc=92.3860|80.6537, fr=0.3647, cin|cout=0.014352|0.048551|3.3828, lr=0.0150, time=08.114024
-----------------------------

Epoch 25: loss=1.4657|0.6362, acc=92.5699|81.6696, fr=0.3606, cin|cout=0.014358|0.048368|3.3689, lr=0.0150, time=08.465311
-----------------------------

Epoch 26: loss=1.4352|0.6610, acc=93.5140|81.0512, fr=0.3656, cin|cout=0.014357|0.048500|3.3781, lr=0.0150, time=08.095361
-----------------------------

Epoch 27: loss=1.4269|0.6146, acc=93.6979|81.9788, fr=0.3656, cin|cout=0.014326|0.048778|3.4048, lr=0.0150, time=08.335968
-----------------------------

Epoch 28: loss=1.4262|0.6468, acc=93.6979|82.1555, fr=0.3687, cin|cout=0.014312|0.048911|3.4174, lr=0.0150, time=08.425689
-----------------------------

Epoch 29: loss=1.4331|0.6264, acc=93.5508|81.4046, fr=0.3781, cin|cout=0.014350|0.049039|3.4174, lr=0.0150, time=08.438607
-----------------------------

Epoch 30: loss=1.3921|0.6509, acc=94.9975|80.8746, fr=0.3688, cin|cout=0.014382|0.048961|3.4043, lr=0.0150, time=08.672434
-----------------------------

