===== Exp configuration =====
date:		08-21-20-16
save_dir:		./log/08-21-20-16
dataset_name:		shd
data_folder:		./data/raw/
input_dim:		700
output_dim:		20
nb_steps:		100
trials:		5
scheduler_patience:		20
scheduler_factor:		0.7
batch_size:		512
nb_epochs:		100
lr:		0.015
weight_decay:		1e-05
reg_factor:		0.5
reg_fmin:		0.01
reg_fmax:		0.1
fr_ent:		0.1
seed:		1692620183
ckpt_freq:		10
threshold:		1.0
smoothing:		0.1
pdrop:		0.1
normalization:		batchnorm
train_input:		True
nb_hiddens:		1024
noise_test:		0.0
device:		cuda:0

Created new spiking model:
 RC(
  (W): Linear(in_features=700, out_features=1024, bias=True)
  (V): Linear(in_features=1024, out_features=1024, bias=False)
  (read): Linear(in_features=1024, out_features=20, bias=True)
  (norm): BatchNorm1d(1024, eps=1e-05, momentum=0.05, affine=True, track_running_stats=True)
  (norm_read): BatchNorm1d(20, eps=1e-05, momentum=0.05, affine=True, track_running_stats=True)
  (drop): Dropout(p=0.1, inplace=False)
)

Total number of trainable parameters is 1793104

**************  Trial 1  **************
Epoch 0: cin|cout=0.001497|0.013969|9.3290
Epoch 1: loss=14.5849|3.0840, acc=5.5419|5.5654, fr=0.6174, cin|cout=0.011513|0.041424|3.5980, lr=0.0150, time=09.115350
-----------------------------

Epoch 2: loss=7.2994|3.0596, acc=5.0883|5.1678, fr=0.3833, cin|cout=0.016965|0.051219|3.0191, lr=0.0150, time=07.918278
-----------------------------

Epoch 3: loss=6.2258|3.0429, acc=5.1618|5.4329, fr=0.3375, cin|cout=0.018554|0.053758|2.8974, lr=0.0150, time=09.050856
-----------------------------

