===== Exp configuration =====
neuron_type:		RadLIF
nb_inputs:		700
nb_outputs:		20
nb_layers:		3
nb_hiddens:		1024
nb_steps:		100
pdrop:		0.1
normalization:		batchnorm
use_bias:		False
bidirectional:		False
date:		07-27-18-10
use_pretrained_model:		False
only_do_testing:		False
load_exp_folder:		None
new_exp_folder:		./log/07-27-18-10/
dataset_name:		shd
data_folder:		data/raw/
save_best:		True
batch_size:		128
nb_epochs:		50
dropout:		0.75
dropout_stop:		0.95
dropout_stepping:		0.02
start_epoch:		0
lr:		0.01
scheduler_patience:		2
scheduler_factor:		0.7
use_regularizers:		False
reg_factor:		0.5
reg_fmin:		0.01
reg_fmax:		0.1
use_augm:		False
use_readout_layer:		True
threshold:		1.0
device:		cuda

Device is set to cuda

Number of examples in train set: 8156
SHD does not have a validation split. Using test split.
Number of examples in test set: 2264

Created new spiking model:
 SNN(
  (snn): ModuleList(
    (0): RadLIFLayer(
      (W): Linear(in_features=700, out_features=1024, bias=False)
      (V): Linear(in_features=1024, out_features=1024, bias=False)
      (norm): BatchNorm1d(1024, eps=1e-05, momentum=0.05, affine=True, track_running_stats=True)
      (drop): Dropout(p=0.1, inplace=False)
    )
    (1): RadLIFLayer(
      (W): Linear(in_features=1024, out_features=1024, bias=False)
      (V): Linear(in_features=1024, out_features=1024, bias=False)
      (norm): BatchNorm1d(1024, eps=1e-05, momentum=0.05, affine=True, track_running_stats=True)
      (drop): Dropout(p=0.1, inplace=False)
    )
    (2): ReadoutLayer(
      (W): Linear(in_features=1024, out_features=20, bias=False)
      (norm): BatchNorm1d(20, eps=1e-05, momentum=0.05, affine=True, track_running_stats=True)
      (drop): Dropout(p=0.1, inplace=False)
    )
  )
)

Total number of trainable parameters is 3895356

------ Begin training ------

Epoch 1: train loss=2.0102377999573946, acc=0.39964228091032605, fr=0.07126756757497787, lr=0.01, time=0:00:34.441085
Epoch 1: valid loss=0.9699078235361311, acc=0.6864346590909091, fr=0.07852093130350113, mask=0.875, time=0:00:04.399139

Best model saved with valid acc=0.6864346590909091

-----------------------------

Epoch 2: train loss=0.5538371223956347, acc=0.8213527513586957, fr=0.07976488769054413, lr=0.01, time=0:00:31.337357
Epoch 2: valid loss=0.6131545686059527, acc=0.8134075126262625, fr=0.08312882483005524, mask=0.8784322738647461, time=0:00:04.376959

Best model saved with valid acc=0.8134075126262625

-----------------------------

Epoch 3: train loss=0.31243211403489113, acc=0.9001517917798914, fr=0.07710465043783188, lr=0.01, time=0:00:31.292546
