===== Exp configuration =====
neuron_type:		RadLIF
nb_inputs:		700
nb_outputs:		20
nb_layers:		2
nb_hiddens:		128
nb_steps:		100
pdrop:		0.1
normalization:		batchnorm
use_bias:		False
bidirectional:		False
date:		07-27-02-41
use_pretrained_model:		False
only_do_testing:		False
load_exp_folder:		None
new_exp_folder:		./log/07-27-02-41/
dataset_name:		shd
data_folder:		data/raw/
save_best:		True
batch_size:		128
nb_epochs:		50
start_epoch:		0
lr:		0.01
scheduler_patience:		2
scheduler_factor:		0.7
use_regularizers:		False
reg_factor:		0.5
reg_fmin:		0.01
reg_fmax:		0.1
use_augm:		False
use_readout_layer:		True
threshold:		1.0
device:		cuda

Device is set to cuda

Number of examples in train set: 8156
SHD does not have a validation split. Using test split.
Number of examples in test set: 2264

Created new spiking model:
 SNN(
  (snn): ModuleList(
    (0): RadLIFLayer(
      (W): Linear(in_features=700, out_features=128, bias=False)
      (V): Linear(in_features=128, out_features=128, bias=False)
      (norm): BatchNorm1d(128, eps=1e-05, momentum=0.05, affine=True, track_running_stats=True)
      (drop): Dropout(p=0.1, inplace=False)
    )
    (1): ReadoutLayer(
      (W): Linear(in_features=128, out_features=20, bias=False)
      (norm): BatchNorm1d(20, eps=1e-05, momentum=0.05, affine=True, track_running_stats=True)
      (drop): Dropout(p=0.1, inplace=False)
    )
  )
)

Total number of trainable parameters is 109372

------ Begin training ------

