===== Exp configuration =====
date:		08-26-02-07
save_dir:		./log/08-26-02-07
dataset_name:		shd
data_folder:		./data/raw/
input_dim:		700
output_dim:		20
nb_steps:		100
trials:		100
scheduler_patience:		5
scheduler_factor:		0.7
lens:		0.5
gamma:		0.5
gradient_type:		linear
scale:		6.0
hight:		0.15
best_acc:		88
cluster:		8
batch_size:		512
nb_epochs:		100
lr:		0.015
weight_decay:		1e-05
reg_factor:		0.5
reg_fmin:		0.01
reg_fmax:		0.1
fr_ent:		0.1
seed:		117
ckpt_freq:		-1
threshold:		1.0
smoothing:		0.1
pdrop:		0.1
normalization:		batchnorm
train_input:		True
nb_hiddens:		1024
noise_test:		0.0
device:		cuda:0

Created new spiking model:
 RC(
  (W): Linear(in_features=700, out_features=1024, bias=True)
  (V): Linear(in_features=1024, out_features=1024, bias=False)
  (read): Linear(in_features=1024, out_features=20, bias=True)
  (norm): BatchNorm1d(1024, eps=1e-05, momentum=0.05, affine=True, track_running_stats=True)
  (norm_read): BatchNorm1d(20, eps=1e-05, momentum=0.05, affine=True, track_running_stats=True)
  (drop): Dropout(p=0.1, inplace=False)
)

Total number of trainable parameters is 1791058

**************  Trial 1  **************
Epoch 0: cin|cout=0.001468|0.013434|9.1514
-----------------------------

Epoch 1: loss=3.2799|9.0443, acc=24.6322|5.9629, fr=0.4111, cin|cout=0.006318|0.030920|4.8938, lr=0.0150, time=09.629648
-----------------------------

Epoch 2: loss=3.9267|2.7589, acc=23.8843|38.6484, fr=0.3469, cin|cout=0.010751|0.040336|3.7520, lr=0.0150, time=07.947786
-----------------------------

Epoch 3: loss=2.7140|2.1863, acc=41.4051|53.6219, fr=0.3497, cin|cout=0.012089|0.042866|3.5459, lr=0.0150, time=07.896872
-----------------------------

Epoch 4: loss=2.2369|1.7245, acc=62.2609|68.0212, fr=0.3735, cin|cout=0.012423|0.043672|3.5155, lr=0.0150, time=07.882470
-----------------------------

Epoch 5: loss=1.8854|1.4419, acc=73.6268|72.7915, fr=0.3591, cin|cout=0.012528|0.043714|3.4894, lr=0.0150, time=07.903987
-----------------------------

Epoch 6: loss=1.6377|1.2637, acc=77.6361|78.0035, fr=0.3673, cin|cout=0.012554|0.043788|3.4879, lr=0.0150, time=07.866325
-----------------------------

Epoch 7: loss=1.4946|1.1780, acc=82.1113|76.2809, fr=0.3842, cin|cout=0.012580|0.043776|3.4799, lr=0.0150, time=07.908927
-----------------------------

Epoch 8: loss=1.3985|1.1086, acc=84.3551|78.2244, fr=0.3769, cin|cout=0.012600|0.043685|3.4671, lr=0.0150, time=07.838087
-----------------------------

Epoch 9: loss=1.2937|0.9854, acc=86.1329|79.5495, fr=0.3792, cin|cout=0.012615|0.043576|3.4543, lr=0.0150, time=07.926280
-----------------------------

Epoch 10: loss=1.1319|0.7920, acc=89.0020|82.9505, fr=0.3975, cin|cout=0.012629|0.043568|3.4499, lr=0.0150, time=07.909372
-----------------------------

Epoch 11: loss=1.0152|0.7053, acc=91.9323|83.2155, fr=0.4163, cin|cout=0.012684|0.043742|3.4486, lr=0.0150, time=07.872283
-----------------------------

Epoch 12: loss=0.8806|0.5007, acc=94.3968|88.3392, fr=0.4360, cin|cout=0.012691|0.043889|3.4583, lr=0.0150, time=08.518507

Best model saved with valid acc=88.33922261484099
-----------------------------

Epoch 13: loss=0.7877|0.4516, acc=97.9156|89.3110, fr=0.4524, cin|cout=0.012715|0.043855|3.4490, lr=0.0150, time=08.037428

Best model saved with valid acc=89.31095406360424
-----------------------------

Epoch 14: loss=0.7538|0.4444, acc=98.8107|90.8127, fr=0.4712, cin|cout=0.012717|0.043919|3.4536, lr=0.0150, time=08.151885

Best model saved with valid acc=90.81272084805654
-----------------------------

Epoch 15: loss=0.7324|0.4463, acc=99.1540|91.6961, fr=0.4775, cin|cout=0.012710|0.043995|3.4614, lr=0.0150, time=08.789362

Best model saved with valid acc=91.69611307420494
-----------------------------

Epoch 16: loss=0.7104|0.4566, acc=99.5586|90.2385, fr=0.4881, cin|cout=0.012708|0.044036|3.4653, lr=0.0150, time=08.193506
-----------------------------

Epoch 17: loss=0.7002|0.4517, acc=99.8406|91.5194, fr=0.4974, cin|cout=0.012712|0.044084|3.4679, lr=0.0150, time=08.388222
-----------------------------

Epoch 18: loss=0.6915|0.4567, acc=99.9019|91.1661, fr=0.4992, cin|cout=0.012708|0.044100|3.4703, lr=0.0150, time=07.802601
-----------------------------

Epoch 19: loss=0.6804|0.4914, acc=99.9510|89.4435, fr=0.5080, cin|cout=0.012718|0.044044|3.4630, lr=0.0150, time=07.939578
-----------------------------

Epoch 20: loss=0.6795|0.4952, acc=99.9632|89.3551, fr=0.5118, cin|cout=0.012721|0.044089|3.4658, lr=0.0150, time=08.196613
-----------------------------

Epoch 21: loss=0.6719|0.4837, acc=99.9755|89.9293, fr=0.5148, cin|cout=0.012730|0.044054|3.4606, lr=0.0150, time=07.732303
-----------------------------

Epoch 22: loss=0.6659|0.4828, acc=100.0000|91.1219, fr=0.5187, cin|cout=0.012739|0.044016|3.4552, lr=0.0105, time=08.098691
-----------------------------

Epoch 23: loss=0.6610|0.4820, acc=100.0000|91.0777, fr=0.5218, cin|cout=0.012740|0.044028|3.4559, lr=0.0105, time=08.183468
-----------------------------

Epoch 24: loss=0.6587|0.4550, acc=99.9877|92.2703, fr=0.5277, cin|cout=0.012741|0.043994|3.4529, lr=0.0105, time=07.845415

Best model saved with valid acc=92.27031802120142
-----------------------------

Epoch 25: loss=0.6568|0.4927, acc=100.0000|90.8569, fr=0.5293, cin|cout=0.012743|0.043979|3.4511, lr=0.0105, time=08.344000
-----------------------------

Epoch 26: loss=0.6549|0.4959, acc=100.0000|91.1661, fr=0.5302, cin|cout=0.012746|0.043999|3.4519, lr=0.0105, time=07.855519
-----------------------------

Epoch 27: loss=0.6522|0.4827, acc=100.0000|91.0777, fr=0.5346, cin|cout=0.012742|0.044062|3.4580, lr=0.0105, time=07.876714
-----------------------------

Epoch 28: loss=0.6508|0.4752, acc=100.0000|91.3869, fr=0.5397, cin|cout=0.012745|0.044047|3.4561, lr=0.0105, time=07.980023
-----------------------------

Epoch 29: loss=0.6495|0.4815, acc=100.0000|91.0777, fr=0.5424, cin|cout=0.012739|0.044075|3.4598, lr=0.0105, time=07.847921
-----------------------------

Epoch 30: loss=0.6486|0.4923, acc=100.0000|91.1661, fr=0.5440, cin|cout=0.012739|0.044096|3.4615, lr=0.0105, time=07.870530
-----------------------------

Epoch 31: loss=0.6469|0.4873, acc=100.0000|90.9011, fr=0.5465, cin|cout=0.012735|0.044107|3.4634, lr=0.0073, time=07.898884
-----------------------------

Epoch 32: loss=0.6456|0.4937, acc=100.0000|91.1219, fr=0.5490, cin|cout=0.012733|0.044148|3.4673, lr=0.0073, time=07.869041
-----------------------------

Epoch 33: loss=0.6449|0.5042, acc=100.0000|90.1502, fr=0.5520, cin|cout=0.012733|0.044163|3.4685, lr=0.0073, time=07.804617
-----------------------------

Epoch 34: loss=0.6445|0.4947, acc=100.0000|90.8127, fr=0.5516, cin|cout=0.012732|0.044140|3.4668, lr=0.0073, time=07.898250
-----------------------------

Epoch 35: loss=0.6433|0.4971, acc=100.0000|90.2827, fr=0.5537, cin|cout=0.012734|0.044162|3.4681, lr=0.0073, time=07.852840
-----------------------------

Epoch 36: loss=0.6428|0.5015, acc=100.0000|90.9011, fr=0.5557, cin|cout=0.012732|0.044177|3.4697, lr=0.0073, time=08.001867
-----------------------------

Epoch 37: loss=0.6420|0.5033, acc=100.0000|90.7244, fr=0.5572, cin|cout=0.012734|0.044167|3.4684, lr=0.0051, time=07.897787
-----------------------------

Epoch 38: loss=0.6415|0.5022, acc=100.0000|90.3710, fr=0.5596, cin|cout=0.012734|0.044158|3.4676, lr=0.0051, time=07.862339
-----------------------------

Epoch 39: loss=0.6408|0.5063, acc=100.0000|90.7686, fr=0.5620, cin|cout=0.012732|0.044182|3.4701, lr=0.0051, time=07.869946
-----------------------------

Epoch 40: loss=0.6401|0.5104, acc=100.0000|90.4594, fr=0.5610, cin|cout=0.012729|0.044192|3.4717, lr=0.0051, time=07.863832
-----------------------------

Epoch 41: loss=0.6408|0.5123, acc=100.0000|90.6360, fr=0.5653, cin|cout=0.012728|0.044206|3.4732, lr=0.0051, time=07.843012
-----------------------------

Epoch 42: loss=0.6397|0.5113, acc=100.0000|90.6360, fr=0.5662, cin|cout=0.012728|0.044210|3.4734, lr=0.0051, time=07.894440
-----------------------------

Epoch 43: loss=0.6391|0.5028, acc=100.0000|90.4152, fr=0.5672, cin|cout=0.012729|0.044207|3.4729, lr=0.0036, time=07.883730
-----------------------------

Epoch 44: loss=0.6390|0.5034, acc=100.0000|90.3269, fr=0.5692, cin|cout=0.012728|0.044212|3.4736, lr=0.0036, time=07.908270
-----------------------------

Epoch 45: loss=0.6385|0.5171, acc=100.0000|90.1943, fr=0.5705, cin|cout=0.012728|0.044211|3.4735, lr=0.0036, time=07.863244
-----------------------------

Epoch 46: loss=0.6384|0.5087, acc=100.0000|90.5477, fr=0.5717, cin|cout=0.012728|0.044203|3.4729, lr=0.0036, time=07.943195
-----------------------------

Epoch 47: loss=0.6380|0.5108, acc=100.0000|90.3269, fr=0.5736, cin|cout=0.012727|0.044205|3.4734, lr=0.0036, time=07.877010
-----------------------------

Epoch 48: loss=0.6379|0.5108, acc=100.0000|90.8569, fr=0.5744, cin|cout=0.012727|0.044202|3.4732, lr=0.0036, time=07.867865
-----------------------------

Epoch 49: loss=0.6375|0.5097, acc=100.0000|90.2385, fr=0.5746, cin|cout=0.012726|0.044209|3.4738, lr=0.0025, time=07.864649
-----------------------------

Epoch 50: loss=0.6373|0.5246, acc=100.0000|90.1060, fr=0.5766, cin|cout=0.012726|0.044204|3.4734, lr=0.0025, time=07.890505
-----------------------------

Epoch 51: loss=0.6373|0.5158, acc=100.0000|90.4152, fr=0.5774, cin|cout=0.012727|0.044215|3.4743, lr=0.0025, time=07.919804
-----------------------------

Epoch 52: loss=0.6370|0.5148, acc=100.0000|89.8852, fr=0.5773, cin|cout=0.012726|0.044222|3.4750, lr=0.0025, time=07.824000
-----------------------------

Epoch 53: loss=0.6369|0.5160, acc=100.0000|90.4594, fr=0.5787, cin|cout=0.012726|0.044206|3.4737, lr=0.0025, time=07.862220
-----------------------------

Epoch 54: loss=0.6368|0.5236, acc=100.0000|90.1502, fr=0.5801, cin|cout=0.012726|0.044203|3.4735, lr=0.0025, time=07.849522
-----------------------------

Epoch 55: loss=0.6364|0.5224, acc=100.0000|90.2827, fr=0.5806, cin|cout=0.012726|0.044199|3.4731, lr=0.0018, time=07.927182
-----------------------------

Epoch 56: loss=0.6363|0.5160, acc=100.0000|90.1060, fr=0.5822, cin|cout=0.012726|0.044204|3.4735, lr=0.0018, time=07.944113
-----------------------------

Epoch 57: loss=0.6360|0.5154, acc=100.0000|90.4152, fr=0.5828, cin|cout=0.012726|0.044212|3.4741, lr=0.0018, time=07.883983
-----------------------------

Epoch 58: loss=0.6362|0.5183, acc=100.0000|90.1502, fr=0.5835, cin|cout=0.012725|0.044218|3.4748, lr=0.0018, time=07.927116
-----------------------------

Epoch 59: loss=0.6361|0.5248, acc=100.0000|90.0177, fr=0.5844, cin|cout=0.012725|0.044220|3.4750, lr=0.0018, time=07.836380
-----------------------------

Epoch 60: loss=0.6360|0.5164, acc=100.0000|90.1502, fr=0.5850, cin|cout=0.012725|0.044226|3.4756, lr=0.0018, time=07.888142
-----------------------------

Epoch 61: loss=0.6359|0.5241, acc=100.0000|90.0618, fr=0.5854, cin|cout=0.012725|0.044226|3.4755, lr=0.0012, time=07.893673
-----------------------------

Epoch 62: loss=0.6357|0.5249, acc=100.0000|90.4152, fr=0.5858, cin|cout=0.012725|0.044223|3.4754, lr=0.0012, time=07.887300
-----------------------------

Epoch 63: loss=0.6354|0.5248, acc=100.0000|90.1060, fr=0.5871, cin|cout=0.012725|0.044225|3.4756, lr=0.0012, time=07.868444
-----------------------------

Epoch 64: loss=0.6357|0.5198, acc=100.0000|90.2827, fr=0.5866, cin|cout=0.012724|0.044234|3.4763, lr=0.0012, time=07.893721
-----------------------------

Epoch 65: loss=0.6358|0.5232, acc=100.0000|90.4152, fr=0.5867, cin|cout=0.012725|0.044236|3.4762, lr=0.0012, time=07.903691
-----------------------------

Epoch 66: loss=0.6354|0.5274, acc=100.0000|90.3269, fr=0.5862, cin|cout=0.012725|0.044230|3.4758, lr=0.0012, time=07.846978
-----------------------------

Epoch 67: loss=0.6352|0.5269, acc=100.0000|89.7527, fr=0.5862, cin|cout=0.012725|0.044224|3.4753, lr=0.0009, time=07.901568
-----------------------------

Epoch 68: loss=0.6352|0.5265, acc=100.0000|90.3269, fr=0.5869, cin|cout=0.012725|0.044219|3.4749, lr=0.0009, time=07.905709
-----------------------------

Epoch 69: loss=0.6352|0.5274, acc=100.0000|90.1502, fr=0.5861, cin|cout=0.012725|0.044220|3.4750, lr=0.0009, time=07.834828
-----------------------------

Epoch 70: loss=0.6350|0.5256, acc=100.0000|90.2385, fr=0.5866, cin|cout=0.012725|0.044216|3.4746, lr=0.0009, time=07.894033
-----------------------------

Epoch 71: loss=0.6351|0.5279, acc=100.0000|90.7686, fr=0.5881, cin|cout=0.012726|0.044218|3.4746, lr=0.0009, time=07.780870
-----------------------------

Epoch 72: loss=0.6349|0.5272, acc=100.0000|90.4152, fr=0.5886, cin|cout=0.012725|0.044224|3.4753, lr=0.0009, time=08.650295
-----------------------------

Epoch 73: loss=0.6349|0.5268, acc=100.0000|89.9293, fr=0.5890, cin|cout=0.012725|0.044225|3.4755, lr=0.0006, time=08.273890
-----------------------------

Epoch 74: loss=0.6348|0.5260, acc=100.0000|90.2385, fr=0.5894, cin|cout=0.012724|0.044225|3.4756, lr=0.0006, time=08.069980
-----------------------------

