===== Exp configuration =====
neuron_type:		RadLIF
nb_inputs:		700
nb_outputs:		20
nb_layers:		3
nb_hiddens:		1024
nb_steps:		100
pdrop:		0.1
normalization:		batchnorm
use_bias:		False
bidirectional:		False
date:		07-31-05-32
use_pretrained_model:		False
only_do_testing:		False
load_exp_folder:		None
new_exp_folder:		./log/07-31-05-32/
dataset_name:		shd
data_folder:		data/raw/
batch_size:		128
nb_epochs:		50
trial:		5
seed:		26
dropout:		0.75
dropout_stop:		0.95
dropout_stepping:		0.0
ckpt_freq:		5
clustering:		False
clustering_factor:		[0.1, 0.25]
cin_minmax:		[0.001, 0.05]
cout_minmax:		[0.05, 0.2]
nb_cluster:		8
nb_per_cluster:		128
noise_test:		0.2
start_epoch:		0
lr:		0.01
scheduler_patience:		2
scheduler_factor:		0.7
use_regularizers:		False
reg_factor:		0.5
reg_fmin:		0.01
reg_fmax:		0.1
use_augm:		False
use_readout_layer:		True
threshold:		1.0
device:		cuda

Device is set to cuda
checkpoint_dir: ./log/07-31-05-32//checkpoints/

Number of examples in train set: 8156
SHD does not have a validation split. Using test split.
Number of examples in test set: 2264

Created new spiking model:
 SNN(
  (snn): ModuleList(
    (0): RadLIFLayer(
      (W): Linear(in_features=700, out_features=1024, bias=False)
      (V): Linear(in_features=1024, out_features=1024, bias=False)
      (norm): BatchNorm1d(1024, eps=1e-05, momentum=0.05, affine=True, track_running_stats=True)
      (drop): Dropout(p=0.1, inplace=False)
    )
    (1): RadLIFLayer(
      (W): Linear(in_features=1024, out_features=1024, bias=False)
      (V): Linear(in_features=1024, out_features=1024, bias=False)
      (norm): BatchNorm1d(1024, eps=1e-05, momentum=0.05, affine=True, track_running_stats=True)
      (drop): Dropout(p=0.1, inplace=False)
    )
    (2): ReadoutLayer(
      (W): Linear(in_features=1024, out_features=20, bias=False)
      (norm): BatchNorm1d(20, eps=1e-05, momentum=0.05, affine=True, track_running_stats=True)
      (drop): Dropout(p=0.1, inplace=False)
    )
  )
)

Total number of trainable parameters is 2129980

------ Begin training ------

Epoch 1: train loss=3.4428, acc=0.0865, fr=0.0630, lr=0.0100, time=0:00:31.391845, cin=0.014757, 0.017572, cout=0.348707, 0.481421
Epoch 1: valid loss=3.0081, acc=0.0817, fr=0.0687, mask=0.8750, time=0:00:05.797525

Best model saved with valid acc=0.08171559343434344

-----------------------------

Epoch 2: train loss=2.6318, acc=0.1522, fr=0.0694, lr=0.0100, time=0:00:31.175759, cin=0.020671, 0.019441, cout=0.275433, 0.194951
Epoch 2: valid loss=3.0587, acc=0.1572, fr=0.0776, mask=0.8760, time=0:00:07.450285

Best model saved with valid acc=0.15715751262626262

-----------------------------

Epoch 3: train loss=2.3945, acc=0.2161, fr=0.0800, lr=0.0100, time=0:00:38.047652, cin=0.006831, 0.006012, cout=0.160781, 0.077813
Epoch 3: valid loss=2.6908, acc=0.2198, fr=0.0858, mask=0.8760, time=0:00:05.989828

Best model saved with valid acc=0.2198153409090909

-----------------------------

Epoch 4: train loss=1.9923, acc=0.3375, fr=0.0793, lr=0.0100, time=0:00:36.256145, cin=0.017613, 0.013642, cout=0.193755, 0.195733
Epoch 4: valid loss=1.7925, acc=0.4169, fr=0.0828, mask=0.8760, time=0:00:05.693040

Best model saved with valid acc=0.41686395202020204

-----------------------------

Epoch 5: train loss=1.5539, acc=0.4788, fr=0.0827, lr=0.0100, time=0:00:29.868712, cin=0.011264, 0.007680, cout=0.175442, 0.168804
Epoch 5: valid loss=1.3246, acc=0.5546, fr=0.0902, mask=0.8760, time=0:00:05.769119

Best model saved with valid acc=0.5546085858585859

-----------------------------

Epoch 6: train loss=1.2153, acc=0.5899, fr=0.0901, lr=0.0100, time=0:00:29.899689, cin=0.009379, 0.004080, cout=0.173636, 0.267193
Epoch 6: valid loss=1.3548, acc=0.5517, fr=0.0944, mask=0.8760, time=0:00:05.657057

-----------------------------

Epoch 7: train loss=0.9303, acc=0.6840, fr=0.0905, lr=0.0100, time=0:00:29.508062, cin=0.016605, 0.004174, cout=0.130831, 0.196721
Epoch 7: valid loss=0.8462, acc=0.7153, fr=0.0957, mask=0.8760, time=0:00:05.773373

Best model saved with valid acc=0.7153172348484849

-----------------------------

Epoch 8: train loss=0.8050, acc=0.7275, fr=0.0911, lr=0.0100, time=0:00:29.734146, cin=0.016958, 0.005893, cout=0.113419, 0.227960
Epoch 8: valid loss=0.8984, acc=0.7016, fr=0.0945, mask=0.8760, time=0:00:05.801022

-----------------------------

Epoch 9: train loss=0.6986, acc=0.7678, fr=0.0948, lr=0.0100, time=0:00:29.537352, cin=0.010665, 0.007291, cout=0.071237, 0.187742
Epoch 9: valid loss=0.6650, acc=0.7869, fr=0.0991, mask=0.8760, time=0:00:05.874888

Best model saved with valid acc=0.7869318181818181

-----------------------------

Epoch 10: train loss=0.6065, acc=0.7943, fr=0.0961, lr=0.0100, time=0:00:30.010037, cin=0.009561, 0.004113, cout=0.072352, 0.168274
Epoch 10: valid loss=0.8560, acc=0.7427, fr=0.0986, mask=0.8760, time=0:00:05.781577

-----------------------------

Epoch 11: train loss=0.5659, acc=0.8091, fr=0.0996, lr=0.0100, time=0:00:30.133131, cin=0.013093, 0.005900, cout=0.030189, 0.144267
Epoch 11: valid loss=0.7517, acc=0.7566, fr=0.1071, mask=0.8760, time=0:00:05.815488

-----------------------------

Epoch 12: train loss=0.5224, acc=0.8257, fr=0.1058, lr=0.0100, time=0:00:29.769900, cin=0.014157, 0.003175, cout=0.030603, 0.117879
Epoch 12: valid loss=0.6882, acc=0.7867, fr=0.1098, mask=0.8760, time=0:00:05.987693

-----------------------------

Epoch 13: train loss=0.4359, acc=0.8548, fr=0.1074, lr=0.0070, time=0:00:30.073051, cin=0.013918, 0.003617, cout=0.053816, 0.118077
Epoch 13: valid loss=0.6692, acc=0.7955, fr=0.1103, mask=0.8760, time=0:00:05.905299

Best model saved with valid acc=0.7955334595959597

-----------------------------

Epoch 14: train loss=0.4156, acc=0.8604, fr=0.1081, lr=0.0070, time=0:00:29.747979, cin=0.011620, 0.003955, cout=0.059269, 0.098478
Epoch 14: valid loss=0.6283, acc=0.8009, fr=0.1116, mask=0.8760, time=0:00:05.930837

Best model saved with valid acc=0.8008996212121212

-----------------------------

Epoch 15: train loss=0.3732, acc=0.8743, fr=0.1092, lr=0.0070, time=0:00:30.167829, cin=0.011589, 0.003646, cout=0.036506, 0.075792
Epoch 15: valid loss=0.4854, acc=0.8471, fr=0.1133, mask=0.8760, time=0:00:05.829647

Best model saved with valid acc=0.8471433080808081

-----------------------------

Epoch 16: train loss=0.3425, acc=0.8855, fr=0.1106, lr=0.0070, time=0:00:29.697090, cin=0.009728, 0.004245, cout=0.025192, 0.078318
Epoch 16: valid loss=0.6524, acc=0.7882, fr=0.1151, mask=0.8760, time=0:00:05.748485

-----------------------------

Epoch 17: train loss=0.3326, acc=0.8909, fr=0.1114, lr=0.0070, time=0:00:30.157291, cin=0.008810, 0.004282, cout=0.037682, 0.078232
Epoch 17: valid loss=0.6416, acc=0.8007, fr=0.1132, mask=0.8760, time=0:00:05.881438

-----------------------------

Epoch 18: train loss=0.3161, acc=0.8966, fr=0.1099, lr=0.0070, time=0:00:29.844754, cin=0.008656, 0.003764, cout=0.032891, 0.087258
Epoch 18: valid loss=0.6543, acc=0.8061, fr=0.1144, mask=0.8760, time=0:00:05.883882

-----------------------------

Epoch 19: train loss=0.2826, acc=0.9059, fr=0.1109, lr=0.0049, time=0:00:29.698569, cin=0.009349, 0.003616, cout=0.029790, 0.088338
Epoch 19: valid loss=0.5960, acc=0.8243, fr=0.1139, mask=0.8760, time=0:00:05.828017

-----------------------------

Epoch 20: train loss=0.2719, acc=0.9061, fr=0.1103, lr=0.0049, time=0:00:29.907677, cin=0.009010, 0.003200, cout=0.032679, 0.085746
Epoch 20: valid loss=0.4795, acc=0.8518, fr=0.1138, mask=0.8760, time=0:00:05.852274

Best model saved with valid acc=0.8518386994949495

-----------------------------

Epoch 21: train loss=0.2476, acc=0.9189, fr=0.1106, lr=0.0049, time=0:00:30.144719, cin=0.008543, 0.003354, cout=0.036183, 0.085382
Epoch 21: valid loss=0.5904, acc=0.8283, fr=0.1140, mask=0.8760, time=0:00:05.857571

-----------------------------

Epoch 22: train loss=0.2473, acc=0.9161, fr=0.1116, lr=0.0049, time=0:00:29.909173, cin=0.008277, 0.003766, cout=0.038703, 0.066915
Epoch 22: valid loss=0.6215, acc=0.8183, fr=0.1170, mask=0.8760, time=0:00:05.819232

-----------------------------

Epoch 23: train loss=0.2372, acc=0.9176, fr=0.1115, lr=0.0049, time=0:00:29.756956, cin=0.009422, 0.004161, cout=0.049053, 0.068105
Epoch 23: valid loss=0.5860, acc=0.8278, fr=0.1147, mask=0.8760, time=0:00:05.937718

-----------------------------

Epoch 24: train loss=0.2413, acc=0.9185, fr=0.1109, lr=0.0034, time=0:00:30.171782, cin=0.009610, 0.003821, cout=0.043831, 0.053228
Epoch 24: valid loss=0.5177, acc=0.8392, fr=0.1150, mask=0.8760, time=0:00:05.932091

-----------------------------

Epoch 25: train loss=0.2201, acc=0.9252, fr=0.1113, lr=0.0034, time=0:00:30.426198, cin=0.009809, 0.003465, cout=0.039691, 0.054475
Epoch 25: valid loss=0.5191, acc=0.8441, fr=0.1147, mask=0.8760, time=0:00:05.966259

-----------------------------

Epoch 26: train loss=0.2094, acc=0.9288, fr=0.1112, lr=0.0034, time=0:00:30.400475, cin=0.009901, 0.003111, cout=0.039005, 0.057780
Epoch 26: valid loss=0.4672, acc=0.8548, fr=0.1143, mask=0.8760, time=0:00:05.870218

Best model saved with valid acc=0.8548374368686869

-----------------------------

Epoch 27: train loss=0.2025, acc=0.9334, fr=0.1113, lr=0.0034, time=0:00:30.148350, cin=0.010118, 0.003113, cout=0.033831, 0.049971
Epoch 27: valid loss=0.4949, acc=0.8534, fr=0.1161, mask=0.8760, time=0:00:05.944295

-----------------------------

Epoch 28: train loss=0.2014, acc=0.9321, fr=0.1116, lr=0.0034, time=0:00:30.132885, cin=0.011801, 0.002948, cout=0.025708, 0.048933
Epoch 28: valid loss=0.6675, acc=0.8144, fr=0.1152, mask=0.8760, time=0:00:05.833508

-----------------------------

Epoch 29: train loss=0.1999, acc=0.9332, fr=0.1110, lr=0.0034, time=0:00:30.058428, cin=0.011458, 0.002745, cout=0.023452, 0.038210
Epoch 29: valid loss=0.5219, acc=0.8531, fr=0.1150, mask=0.8760, time=0:00:05.894235

-----------------------------

Epoch 30: train loss=0.1846, acc=0.9372, fr=0.1114, lr=0.0024, time=0:00:29.877035, cin=0.011148, 0.002776, cout=0.023231, 0.035808
Epoch 30: valid loss=0.5152, acc=0.8510, fr=0.1153, mask=0.8760, time=0:00:05.853003

-----------------------------

Epoch 31: train loss=0.1798, acc=0.9405, fr=0.1113, lr=0.0024, time=0:00:30.454247, cin=0.011181, 0.002391, cout=0.022127, 0.035833
Epoch 31: valid loss=0.4919, acc=0.8555, fr=0.1153, mask=0.8760, time=0:00:05.873127

Best model saved with valid acc=0.8555476641414141

-----------------------------

Epoch 32: train loss=0.1668, acc=0.9456, fr=0.1114, lr=0.0024, time=0:00:30.191641, cin=0.011277, 0.002509, cout=0.021117, 0.030985
Epoch 32: valid loss=0.4740, acc=0.8629, fr=0.1156, mask=0.8760, time=0:00:05.911552

Best model saved with valid acc=0.8628866792929293

-----------------------------

Epoch 33: train loss=0.1637, acc=0.9449, fr=0.1118, lr=0.0024, time=0:00:30.247584, cin=0.011270, 0.002549, cout=0.022104, 0.027720
Epoch 33: valid loss=0.4999, acc=0.8588, fr=0.1158, mask=0.8760, time=0:00:05.984864

-----------------------------

Epoch 34: train loss=0.1542, acc=0.9476, fr=0.1117, lr=0.0024, time=0:00:30.140253, cin=0.011067, 0.002385, cout=0.021897, 0.028212
Epoch 34: valid loss=0.5521, acc=0.8421, fr=0.1155, mask=0.8760, time=0:00:05.866522

-----------------------------

Epoch 35: train loss=0.1545, acc=0.9502, fr=0.1115, lr=0.0024, time=0:00:30.196734, cin=0.011015, 0.002357, cout=0.020622, 0.031312
Epoch 35: valid loss=0.5987, acc=0.8417, fr=0.1153, mask=0.8760, time=0:00:05.948167

-----------------------------

Epoch 36: train loss=0.1519, acc=0.9504, fr=0.1119, lr=0.0017, time=0:00:30.339490, cin=0.010957, 0.002308, cout=0.020728, 0.032693
Epoch 36: valid loss=0.4629, acc=0.8617, fr=0.1155, mask=0.8760, time=0:00:06.036147

-----------------------------

Epoch 37: train loss=0.1386, acc=0.9542, fr=0.1119, lr=0.0017, time=0:00:30.091283, cin=0.011321, 0.002338, cout=0.020171, 0.029709
Epoch 37: valid loss=0.5376, acc=0.8583, fr=0.1162, mask=0.8760, time=0:00:05.848562

-----------------------------

Epoch 38: train loss=0.1410, acc=0.9523, fr=0.1130, lr=0.0017, time=0:00:30.305076, cin=0.010900, 0.002094, cout=0.019024, 0.028721
Epoch 38: valid loss=0.4431, acc=0.8733, fr=0.1174, mask=0.8760, time=0:00:06.174529

Best model saved with valid acc=0.8733033459595959

-----------------------------

Epoch 39: train loss=0.1437, acc=0.9522, fr=0.1129, lr=0.0017, time=0:00:30.569039, cin=0.010680, 0.002233, cout=0.018216, 0.029135
Epoch 39: valid loss=0.4704, acc=0.8696, fr=0.1164, mask=0.8760, time=0:00:05.887655

-----------------------------

Epoch 40: train loss=0.1408, acc=0.9530, fr=0.1129, lr=0.0017, time=0:00:30.250959, cin=0.010704, 0.002332, cout=0.018302, 0.029313
Epoch 40: valid loss=0.4701, acc=0.8677, fr=0.1172, mask=0.8760, time=0:00:05.941179

-----------------------------

Epoch 41: train loss=0.1422, acc=0.9529, fr=0.1132, lr=0.0017, time=0:00:30.073163, cin=0.010878, 0.002307, cout=0.018556, 0.029638
Epoch 41: valid loss=0.5435, acc=0.8499, fr=0.1167, mask=0.8760, time=0:00:05.866863

-----------------------------

Epoch 42: train loss=0.1334, acc=0.9560, fr=0.1129, lr=0.0012, time=0:00:30.010898, cin=0.010576, 0.002404, cout=0.018936, 0.032278
Epoch 42: valid loss=0.5461, acc=0.8506, fr=0.1170, mask=0.8760, time=0:00:05.961061

-----------------------------

Epoch 43: train loss=0.1301, acc=0.9580, fr=0.1136, lr=0.0012, time=0:00:30.070730, cin=0.010385, 0.002569, cout=0.019306, 0.032532
Epoch 43: valid loss=0.5876, acc=0.8497, fr=0.1176, mask=0.8760, time=0:00:06.001916

-----------------------------

Epoch 44: train loss=0.1316, acc=0.9559, fr=0.1135, lr=0.0012, time=0:00:30.204818, cin=0.010429, 0.002529, cout=0.019345, 0.031709
Epoch 44: valid loss=0.4754, acc=0.8670, fr=0.1172, mask=0.8760, time=0:00:06.006886

-----------------------------

Epoch 45: train loss=0.1314, acc=0.9552, fr=0.1136, lr=0.0008, time=0:00:29.930319, cin=0.010346, 0.002617, cout=0.019370, 0.029999
Epoch 45: valid loss=0.4910, acc=0.8668, fr=0.1175, mask=0.8760, time=0:00:05.814623

-----------------------------

Epoch 46: train loss=0.1281, acc=0.9574, fr=0.1140, lr=0.0008, time=0:00:30.477689, cin=0.010371, 0.002567, cout=0.019539, 0.029927
Epoch 46: valid loss=0.4948, acc=0.8640, fr=0.1178, mask=0.8760, time=0:00:05.901223

-----------------------------

Epoch 47: train loss=0.1224, acc=0.9604, fr=0.1140, lr=0.0008, time=0:00:30.216739, cin=0.010412, 0.002641, cout=0.019237, 0.029905
Epoch 47: valid loss=0.5188, acc=0.8621, fr=0.1180, mask=0.8760, time=0:00:05.986189

-----------------------------

Epoch 48: train loss=0.1227, acc=0.9598, fr=0.1142, lr=0.0006, time=0:00:30.136699, cin=0.010390, 0.002638, cout=0.019192, 0.029470
Epoch 48: valid loss=0.5178, acc=0.8612, fr=0.1181, mask=0.8760, time=0:00:05.991269

-----------------------------

Epoch 49: train loss=0.1143, acc=0.9629, fr=0.1143, lr=0.0006, time=0:00:30.221252, cin=0.010389, 0.002571, cout=0.018917, 0.026544
Epoch 49: valid loss=0.4912, acc=0.8650, fr=0.1183, mask=0.8760, time=0:00:05.947287

-----------------------------

Epoch 50: train loss=0.1205, acc=0.9615, fr=0.1144, lr=0.0006, time=0:00:29.967870, cin=0.010406, 0.002625, cout=0.018875, 0.026369
Epoch 50: valid loss=0.5172, acc=0.8603, fr=0.1183, mask=0.8760, time=0:00:05.884208

-----------------------------


Best valid acc at epoch 38: 0.8733033459595959


------ Training finished ------

Loading best model, epoch=38, valid acc=0.8733033459595959

------ Begin training ------

Epoch 1: train loss=0.1350, acc=0.9551, fr=0.1134, lr=0.0004, time=0:00:30.557859, cin=0.010895, 0.002102, cout=0.019017, 0.028703
Epoch 1: valid loss=0.4753, acc=0.8668, fr=0.1174, mask=0.8750, time=0:00:05.890496

Best model saved with valid acc=0.8667929292929293

-----------------------------

Epoch 2: train loss=0.1373, acc=0.9534, fr=0.1134, lr=0.0004, time=0:00:30.230729, cin=0.010895, 0.002102, cout=0.019017, 0.028703
Epoch 2: valid loss=0.4760, acc=0.8669, fr=0.1175, mask=0.8760, time=0:00:05.913632

Best model saved with valid acc=0.8668718434343434

-----------------------------

Epoch 3: train loss=0.1389, acc=0.9530, fr=0.1134, lr=0.0004, time=0:00:30.343112, cin=0.010895, 0.002102, cout=0.019017, 0.028703
Epoch 3: valid loss=0.4740, acc=0.8610, fr=0.1174, mask=0.8760, time=0:00:05.923418

-----------------------------

Epoch 4: train loss=0.1423, acc=0.9536, fr=0.1134, lr=0.0003, time=0:00:30.470223, cin=0.010895, 0.002102, cout=0.019017, 0.028703
Epoch 4: valid loss=0.4730, acc=0.8627, fr=0.1174, mask=0.8760, time=0:00:05.952703

-----------------------------

Epoch 5: train loss=0.1381, acc=0.9546, fr=0.1134, lr=0.0003, time=0:00:30.399353, cin=0.010895, 0.002102, cout=0.019017, 0.028703
Epoch 5: valid loss=0.4815, acc=0.8664, fr=0.1174, mask=0.8760, time=0:00:06.008693

-----------------------------

Epoch 6: train loss=0.1418, acc=0.9524, fr=0.1134, lr=0.0003, time=0:00:30.320829, cin=0.010895, 0.002102, cout=0.019017, 0.028703
Epoch 6: valid loss=0.4614, acc=0.8664, fr=0.1175, mask=0.8760, time=0:00:05.941926

-----------------------------

Epoch 7: train loss=0.1347, acc=0.9561, fr=0.1134, lr=0.0002, time=0:00:30.458656, cin=0.010895, 0.002102, cout=0.019017, 0.028703
Epoch 7: valid loss=0.4663, acc=0.8637, fr=0.1174, mask=0.8760, time=0:00:06.001241

-----------------------------

Epoch 8: train loss=0.1344, acc=0.9561, fr=0.1134, lr=0.0002, time=0:00:30.350167, cin=0.010895, 0.002102, cout=0.019017, 0.028703
Epoch 8: valid loss=0.4637, acc=0.8659, fr=0.1175, mask=0.8760, time=0:00:05.985030

-----------------------------

Epoch 9: train loss=0.1420, acc=0.9535, fr=0.1134, lr=0.0002, time=0:00:30.467858, cin=0.010895, 0.002102, cout=0.019017, 0.028703
Epoch 9: valid loss=0.4746, acc=0.8618, fr=0.1174, mask=0.8760, time=0:00:05.910722

-----------------------------

Epoch 10: train loss=0.1356, acc=0.9569, fr=0.1134, lr=0.0001, time=0:00:30.670626, cin=0.010895, 0.002102, cout=0.019017, 0.028703
Epoch 10: valid loss=0.4679, acc=0.8694, fr=0.1175, mask=0.8760, time=0:00:05.890000

Best model saved with valid acc=0.8694365530303031

-----------------------------

Epoch 11: train loss=0.1422, acc=0.9540, fr=0.1134, lr=0.0001, time=0:00:30.437740, cin=0.010895, 0.002102, cout=0.019017, 0.028703
Epoch 11: valid loss=0.4752, acc=0.8684, fr=0.1175, mask=0.8760, time=0:00:05.958989

-----------------------------

Epoch 12: train loss=0.1423, acc=0.9510, fr=0.1134, lr=0.0001, time=0:00:30.405595, cin=0.010895, 0.002102, cout=0.019017, 0.028703
Epoch 12: valid loss=0.4796, acc=0.8690, fr=0.1175, mask=0.8760, time=0:00:05.923339

-----------------------------

Epoch 13: train loss=0.1415, acc=0.9490, fr=0.1134, lr=0.0001, time=0:00:30.364640, cin=0.010895, 0.002102, cout=0.019017, 0.028703
Epoch 13: valid loss=0.4697, acc=0.8640, fr=0.1174, mask=0.8760, time=0:00:05.895636

-----------------------------

Epoch 14: train loss=0.1386, acc=0.9560, fr=0.1134, lr=0.0001, time=0:00:30.434397, cin=0.010895, 0.002102, cout=0.019017, 0.028703
Epoch 14: valid loss=0.4756, acc=0.8626, fr=0.1175, mask=0.8760, time=0:00:05.961828

-----------------------------

Epoch 15: train loss=0.1379, acc=0.9563, fr=0.1134, lr=0.0001, time=0:00:30.387167, cin=0.010895, 0.002102, cout=0.019017, 0.028703
Epoch 15: valid loss=0.4518, acc=0.8692, fr=0.1174, mask=0.8760, time=0:00:05.970729

-----------------------------

Epoch 16: train loss=0.1409, acc=0.9538, fr=0.1134, lr=0.0001, time=0:00:30.156125, cin=0.010895, 0.002102, cout=0.019017, 0.028703
Epoch 16: valid loss=0.4521, acc=0.8668, fr=0.1175, mask=0.8760, time=0:00:06.100732

-----------------------------

Epoch 17: train loss=0.1326, acc=0.9574, fr=0.1134, lr=0.0001, time=0:00:30.380870, cin=0.010895, 0.002102, cout=0.019017, 0.028703
Epoch 17: valid loss=0.4952, acc=0.8623, fr=0.1175, mask=0.8760, time=0:00:05.978337

-----------------------------

Epoch 18: train loss=0.1342, acc=0.9563, fr=0.1134, lr=0.0001, time=0:00:30.140654, cin=0.010895, 0.002102, cout=0.019017, 0.028703
Epoch 18: valid loss=0.4817, acc=0.8627, fr=0.1175, mask=0.8760, time=0:00:05.869995

-----------------------------

Epoch 19: train loss=0.1428, acc=0.9503, fr=0.1134, lr=0.0000, time=0:00:30.209880, cin=0.010895, 0.002102, cout=0.019017, 0.028703
Epoch 19: valid loss=0.4734, acc=0.8670, fr=0.1174, mask=0.8760, time=0:00:05.982066

-----------------------------

Epoch 20: train loss=0.1370, acc=0.9529, fr=0.1134, lr=0.0000, time=0:00:30.192822, cin=0.010895, 0.002102, cout=0.019017, 0.028703
Epoch 20: valid loss=0.4802, acc=0.8651, fr=0.1175, mask=0.8760, time=0:00:05.965910

-----------------------------

Epoch 21: train loss=0.1318, acc=0.9568, fr=0.1134, lr=0.0000, time=0:00:30.651461, cin=0.010895, 0.002102, cout=0.019017, 0.028703
Epoch 21: valid loss=0.4672, acc=0.8698, fr=0.1175, mask=0.8760, time=0:00:05.965708

Best model saved with valid acc=0.8698311237373737

-----------------------------

Epoch 22: train loss=0.1450, acc=0.9526, fr=0.1134, lr=0.0000, time=0:00:30.385616, cin=0.010895, 0.002102, cout=0.019017, 0.028703
Epoch 22: valid loss=0.4831, acc=0.8570, fr=0.1174, mask=0.8760, time=0:00:05.987334

-----------------------------

Epoch 23: train loss=0.1383, acc=0.9524, fr=0.1134, lr=0.0000, time=0:00:30.336632, cin=0.010895, 0.002102, cout=0.019017, 0.028703
Epoch 23: valid loss=0.4750, acc=0.8647, fr=0.1174, mask=0.8760, time=0:00:06.042279

-----------------------------

Epoch 24: train loss=0.1413, acc=0.9525, fr=0.1134, lr=0.0000, time=0:00:30.308280, cin=0.010895, 0.002102, cout=0.019017, 0.028703
Epoch 24: valid loss=0.4873, acc=0.8677, fr=0.1175, mask=0.8760, time=0:00:06.188349

-----------------------------

Epoch 25: train loss=0.1344, acc=0.9557, fr=0.1134, lr=0.0000, time=0:00:30.583831, cin=0.010895, 0.002102, cout=0.019017, 0.028703
Epoch 25: valid loss=0.5080, acc=0.8588, fr=0.1174, mask=0.8760, time=0:00:05.888907

-----------------------------

Epoch 26: train loss=0.1323, acc=0.9554, fr=0.1134, lr=0.0000, time=0:00:30.819748, cin=0.010895, 0.002102, cout=0.019017, 0.028703
Epoch 26: valid loss=0.4839, acc=0.8656, fr=0.1174, mask=0.8760, time=0:00:05.938152

-----------------------------

Epoch 27: train loss=0.1361, acc=0.9545, fr=0.1134, lr=0.0000, time=0:00:30.249298, cin=0.010895, 0.002102, cout=0.019017, 0.028703
Epoch 27: valid loss=0.4802, acc=0.8651, fr=0.1175, mask=0.8760, time=0:00:05.985847

-----------------------------

Epoch 28: train loss=0.1400, acc=0.9537, fr=0.1134, lr=0.0000, time=0:00:29.972450, cin=0.010895, 0.002102, cout=0.019017, 0.028703
Epoch 28: valid loss=0.4727, acc=0.8633, fr=0.1174, mask=0.8760, time=0:00:06.029110

-----------------------------

Epoch 29: train loss=0.1403, acc=0.9537, fr=0.1134, lr=0.0000, time=0:00:30.887063, cin=0.010895, 0.002102, cout=0.019017, 0.028703
Epoch 29: valid loss=0.4586, acc=0.8705, fr=0.1175, mask=0.8760, time=0:00:05.801480

Best model saved with valid acc=0.8704624368686869

-----------------------------

Epoch 30: train loss=0.1352, acc=0.9556, fr=0.1134, lr=0.0000, time=0:00:30.521171, cin=0.010895, 0.002102, cout=0.019017, 0.028703
Epoch 30: valid loss=0.4845, acc=0.8636, fr=0.1174, mask=0.8760, time=0:00:05.898267

-----------------------------

Epoch 31: train loss=0.1430, acc=0.9506, fr=0.1134, lr=0.0000, time=0:00:30.368662, cin=0.010895, 0.002102, cout=0.019017, 0.028703
Epoch 31: valid loss=0.4794, acc=0.8647, fr=0.1174, mask=0.8760, time=0:00:05.922897

-----------------------------

Epoch 32: train loss=0.1414, acc=0.9538, fr=0.1134, lr=0.0000, time=0:00:30.405884, cin=0.010895, 0.002102, cout=0.019017, 0.028703
Epoch 32: valid loss=0.4551, acc=0.8698, fr=0.1175, mask=0.8760, time=0:00:06.089858

-----------------------------

Epoch 33: train loss=0.1382, acc=0.9555, fr=0.1134, lr=0.0000, time=0:00:30.325088, cin=0.010895, 0.002102, cout=0.019017, 0.028703
Epoch 33: valid loss=0.4852, acc=0.8655, fr=0.1175, mask=0.8760, time=0:00:05.950164

-----------------------------

Epoch 34: train loss=0.1399, acc=0.9510, fr=0.1134, lr=0.0000, time=0:00:30.385964, cin=0.010895, 0.002102, cout=0.019017, 0.028703
Epoch 34: valid loss=0.4594, acc=0.8709, fr=0.1174, mask=0.8760, time=0:00:06.031576

Best model saved with valid acc=0.8709359217171717

-----------------------------

Epoch 35: train loss=0.1350, acc=0.9580, fr=0.1134, lr=0.0000, time=0:00:30.526602, cin=0.010895, 0.002102, cout=0.019017, 0.028703
Epoch 35: valid loss=0.4827, acc=0.8716, fr=0.1174, mask=0.8760, time=0:00:05.959012

Best model saved with valid acc=0.8715672348484849

-----------------------------

Epoch 36: train loss=0.1370, acc=0.9567, fr=0.1134, lr=0.0000, time=0:00:30.139641, cin=0.010895, 0.002102, cout=0.019017, 0.028703
Epoch 36: valid loss=0.4753, acc=0.8675, fr=0.1174, mask=0.8760, time=0:00:06.005703

-----------------------------

Epoch 37: train loss=0.1392, acc=0.9528, fr=0.1134, lr=0.0000, time=0:00:30.506378, cin=0.010895, 0.002102, cout=0.019017, 0.028703
Epoch 37: valid loss=0.4775, acc=0.8662, fr=0.1174, mask=0.8760, time=0:00:05.948983

-----------------------------

Epoch 38: train loss=0.1323, acc=0.9570, fr=0.1134, lr=0.0000, time=0:00:30.404095, cin=0.010895, 0.002102, cout=0.019017, 0.028703
Epoch 38: valid loss=0.4768, acc=0.8621, fr=0.1175, mask=0.8760, time=0:00:05.884343

-----------------------------

Epoch 39: train loss=0.1342, acc=0.9560, fr=0.1134, lr=0.0000, time=0:00:30.409065, cin=0.010895, 0.002102, cout=0.019017, 0.028703
Epoch 39: valid loss=0.4833, acc=0.8670, fr=0.1175, mask=0.8760, time=0:00:06.014582

-----------------------------

Epoch 40: train loss=0.1388, acc=0.9567, fr=0.1134, lr=0.0000, time=0:00:30.520294, cin=0.010895, 0.002102, cout=0.019017, 0.028703
Epoch 40: valid loss=0.4722, acc=0.8633, fr=0.1175, mask=0.8760, time=0:00:05.901181

-----------------------------

Epoch 41: train loss=0.1407, acc=0.9519, fr=0.1134, lr=0.0000, time=0:00:30.297898, cin=0.010895, 0.002102, cout=0.019017, 0.028703
Epoch 41: valid loss=0.4628, acc=0.8625, fr=0.1174, mask=0.8760, time=0:00:05.864854

-----------------------------

Epoch 42: train loss=0.1426, acc=0.9534, fr=0.1134, lr=0.0000, time=0:00:30.401692, cin=0.010895, 0.002102, cout=0.019017, 0.028703
Epoch 42: valid loss=0.4932, acc=0.8620, fr=0.1174, mask=0.8760, time=0:00:06.024857

-----------------------------

Epoch 43: train loss=0.1358, acc=0.9554, fr=0.1134, lr=0.0000, time=0:00:30.447819, cin=0.010895, 0.002102, cout=0.019017, 0.028703
Epoch 43: valid loss=0.4695, acc=0.8638, fr=0.1175, mask=0.8760, time=0:00:06.028720

-----------------------------

Epoch 44: train loss=0.1412, acc=0.9549, fr=0.1134, lr=0.0000, time=0:00:30.515107, cin=0.010895, 0.002102, cout=0.019017, 0.028703
Epoch 44: valid loss=0.4476, acc=0.8716, fr=0.1175, mask=0.8760, time=0:00:05.969933

Best model saved with valid acc=0.8716066919191919

-----------------------------

Epoch 45: train loss=0.1341, acc=0.9585, fr=0.1134, lr=0.0000, time=0:00:30.559515, cin=0.010895, 0.002102, cout=0.019017, 0.028703
Epoch 45: valid loss=0.4838, acc=0.8651, fr=0.1175, mask=0.8760, time=0:00:05.941436

-----------------------------

Epoch 46: train loss=0.1416, acc=0.9523, fr=0.1134, lr=0.0000, time=0:00:30.431515, cin=0.010895, 0.002102, cout=0.019017, 0.028703
Epoch 46: valid loss=0.4705, acc=0.8662, fr=0.1174, mask=0.8760, time=0:00:06.088411

-----------------------------

Epoch 47: train loss=0.1421, acc=0.9504, fr=0.1134, lr=0.0000, time=0:00:30.567959, cin=0.010895, 0.002102, cout=0.019017, 0.028703
Epoch 47: valid loss=0.4892, acc=0.8694, fr=0.1175, mask=0.8760, time=0:00:05.926745

-----------------------------

Epoch 48: train loss=0.1309, acc=0.9576, fr=0.1134, lr=0.0000, time=0:00:30.429806, cin=0.010895, 0.002102, cout=0.019017, 0.028703
Epoch 48: valid loss=0.4571, acc=0.8677, fr=0.1175, mask=0.8760, time=0:00:05.929911

-----------------------------

Epoch 49: train loss=0.1409, acc=0.9521, fr=0.1134, lr=0.0000, time=0:00:30.722480, cin=0.010895, 0.002102, cout=0.019017, 0.028703
Epoch 49: valid loss=0.4839, acc=0.8621, fr=0.1175, mask=0.8760, time=0:00:06.029231

-----------------------------

Epoch 50: train loss=0.1380, acc=0.9541, fr=0.1134, lr=0.0000, time=0:00:30.637830, cin=0.010895, 0.002102, cout=0.019017, 0.028703
Epoch 50: valid loss=0.4630, acc=0.8631, fr=0.1175, mask=0.8760, time=0:00:05.916725

-----------------------------


Best valid acc at epoch 44: 0.8716066919191919


------ Training finished ------

Loading best model, epoch=44, valid acc=0.8716066919191919

------ Begin training ------

Epoch 1: train loss=0.1388, acc=0.9523, fr=0.1134, lr=0.0000, time=0:00:30.372697, cin=0.010895, 0.002102, cout=0.019017, 0.028703
Epoch 1: valid loss=0.4655, acc=0.8657, fr=0.1174, mask=0.8750, time=0:00:06.035859

Best model saved with valid acc=0.8657275883838385

-----------------------------

Epoch 2: train loss=0.1352, acc=0.9558, fr=0.1134, lr=0.0000, time=0:00:30.309574, cin=0.010895, 0.002102, cout=0.019017, 0.028703
Epoch 2: valid loss=0.4682, acc=0.8653, fr=0.1175, mask=0.8760, time=0:00:06.237446

-----------------------------

Epoch 3: train loss=0.1411, acc=0.9542, fr=0.1134, lr=0.0000, time=0:00:30.558078, cin=0.010895, 0.002102, cout=0.019017, 0.028703
Epoch 3: valid loss=0.4684, acc=0.8702, fr=0.1175, mask=0.8760, time=0:00:05.949752

Best model saved with valid acc=0.8702256944444444

-----------------------------

Epoch 4: train loss=0.1359, acc=0.9534, fr=0.1134, lr=0.0000, time=0:00:30.257765, cin=0.010895, 0.002102, cout=0.019017, 0.028704
Epoch 4: valid loss=0.4780, acc=0.8631, fr=0.1175, mask=0.8760, time=0:00:05.981567

-----------------------------

Epoch 5: train loss=0.1381, acc=0.9555, fr=0.1134, lr=0.0000, time=0:00:30.373253, cin=0.010895, 0.002102, cout=0.019017, 0.028704
Epoch 5: valid loss=0.4722, acc=0.8681, fr=0.1174, mask=0.8760, time=0:00:07.531341

-----------------------------

Epoch 6: train loss=0.1385, acc=0.9523, fr=0.1134, lr=0.0000, time=0:00:30.601856, cin=0.010895, 0.002102, cout=0.019017, 0.028704
Epoch 6: valid loss=0.4570, acc=0.8637, fr=0.1174, mask=0.8760, time=0:00:06.085803

-----------------------------

Epoch 7: train loss=0.1434, acc=0.9505, fr=0.1134, lr=0.0000, time=0:00:31.176483, cin=0.010895, 0.002102, cout=0.019017, 0.028704
Epoch 7: valid loss=0.4752, acc=0.8599, fr=0.1174, mask=0.8760, time=0:00:06.014252

-----------------------------

Epoch 8: train loss=0.1355, acc=0.9544, fr=0.1134, lr=0.0000, time=0:00:30.647218, cin=0.010895, 0.002102, cout=0.019017, 0.028704
Epoch 8: valid loss=0.4713, acc=0.8653, fr=0.1174, mask=0.8760, time=0:00:05.944929

-----------------------------

Epoch 9: train loss=0.1405, acc=0.9506, fr=0.1134, lr=0.0000, time=0:00:30.305304, cin=0.010895, 0.002102, cout=0.019017, 0.028704
Epoch 9: valid loss=0.4708, acc=0.8683, fr=0.1174, mask=0.8760, time=0:00:06.020957

-----------------------------

Epoch 10: train loss=0.1419, acc=0.9540, fr=0.1134, lr=0.0000, time=0:00:30.712738, cin=0.010895, 0.002102, cout=0.019017, 0.028704
Epoch 10: valid loss=0.4782, acc=0.8663, fr=0.1174, mask=0.8760, time=0:00:05.896696

-----------------------------

Epoch 11: train loss=0.1423, acc=0.9511, fr=0.1134, lr=0.0000, time=0:00:30.431963, cin=0.010895, 0.002102, cout=0.019017, 0.028704
Epoch 11: valid loss=0.4974, acc=0.8545, fr=0.1175, mask=0.8760, time=0:00:06.160781

-----------------------------

Epoch 12: train loss=0.1397, acc=0.9541, fr=0.1134, lr=0.0000, time=0:00:30.229619, cin=0.010895, 0.002102, cout=0.019017, 0.028704
Epoch 12: valid loss=0.4694, acc=0.8696, fr=0.1175, mask=0.8760, time=0:00:05.851987

-----------------------------

Epoch 13: train loss=0.1356, acc=0.9556, fr=0.1134, lr=0.0000, time=0:00:31.070086, cin=0.010895, 0.002102, cout=0.019017, 0.028704
Epoch 13: valid loss=0.4848, acc=0.8601, fr=0.1174, mask=0.8760, time=0:00:05.938025

-----------------------------

Epoch 14: train loss=0.1417, acc=0.9540, fr=0.1134, lr=0.0000, time=0:00:30.404922, cin=0.010895, 0.002102, cout=0.019017, 0.028704
Epoch 14: valid loss=0.4599, acc=0.8634, fr=0.1174, mask=0.8760, time=0:00:06.026479

-----------------------------

Epoch 15: train loss=0.1440, acc=0.9515, fr=0.1134, lr=0.0000, time=0:00:30.604002, cin=0.010895, 0.002102, cout=0.019017, 0.028704
Epoch 15: valid loss=0.4494, acc=0.8668, fr=0.1175, mask=0.8760, time=0:00:05.967924

-----------------------------

Epoch 16: train loss=0.1380, acc=0.9553, fr=0.1134, lr=0.0000, time=0:00:30.472621, cin=0.010895, 0.002102, cout=0.019017, 0.028704
Epoch 16: valid loss=0.4996, acc=0.8573, fr=0.1174, mask=0.8760, time=0:00:05.984190

-----------------------------

Epoch 17: train loss=0.1472, acc=0.9507, fr=0.1134, lr=0.0000, time=0:00:30.266717, cin=0.010895, 0.002102, cout=0.019017, 0.028704
Epoch 17: valid loss=0.4845, acc=0.8683, fr=0.1174, mask=0.8760, time=0:00:05.925663

-----------------------------

Epoch 18: train loss=0.1399, acc=0.9538, fr=0.1134, lr=0.0000, time=0:00:30.422632, cin=0.010895, 0.002102, cout=0.019017, 0.028704
Epoch 18: valid loss=0.4664, acc=0.8659, fr=0.1174, mask=0.8760, time=0:00:05.908128

-----------------------------

Epoch 19: train loss=0.1388, acc=0.9527, fr=0.1134, lr=0.0000, time=0:00:30.321599, cin=0.010895, 0.002102, cout=0.019017, 0.028704
Epoch 19: valid loss=0.4812, acc=0.8642, fr=0.1175, mask=0.8760, time=0:00:05.909755

-----------------------------

Epoch 20: train loss=0.1385, acc=0.9545, fr=0.1134, lr=0.0000, time=0:00:30.445522, cin=0.010895, 0.002102, cout=0.019017, 0.028704
Epoch 20: valid loss=0.4798, acc=0.8608, fr=0.1174, mask=0.8760, time=0:00:06.007524

-----------------------------

Epoch 21: train loss=0.1398, acc=0.9525, fr=0.1134, lr=0.0000, time=0:00:30.621176, cin=0.010895, 0.002102, cout=0.019017, 0.028704
Epoch 21: valid loss=0.4772, acc=0.8644, fr=0.1175, mask=0.8760, time=0:00:05.988173

-----------------------------

Epoch 22: train loss=0.1384, acc=0.9529, fr=0.1134, lr=0.0000, time=0:00:30.224474, cin=0.010895, 0.002102, cout=0.019017, 0.028704
Epoch 22: valid loss=0.4626, acc=0.8627, fr=0.1174, mask=0.8760, time=0:00:05.895942

-----------------------------

Epoch 23: train loss=0.1368, acc=0.9532, fr=0.1134, lr=0.0000, time=0:00:30.423026, cin=0.010895, 0.002102, cout=0.019017, 0.028704
Epoch 23: valid loss=0.4734, acc=0.8686, fr=0.1174, mask=0.8760, time=0:00:06.328652

-----------------------------

Epoch 24: train loss=0.1355, acc=0.9549, fr=0.1134, lr=0.0000, time=0:00:30.817719, cin=0.010895, 0.002102, cout=0.019017, 0.028704
Epoch 24: valid loss=0.4841, acc=0.8627, fr=0.1174, mask=0.8760, time=0:00:06.043705

-----------------------------

Epoch 25: train loss=0.1377, acc=0.9555, fr=0.1134, lr=0.0000, time=0:00:30.959429, cin=0.010895, 0.002102, cout=0.019017, 0.028704
Epoch 25: valid loss=0.4912, acc=0.8584, fr=0.1174, mask=0.8760, time=0:00:06.301306

-----------------------------

Epoch 26: train loss=0.1420, acc=0.9525, fr=0.1134, lr=0.0000, time=0:00:31.130258, cin=0.010895, 0.002102, cout=0.019017, 0.028704
Epoch 26: valid loss=0.4871, acc=0.8586, fr=0.1175, mask=0.8760, time=0:00:05.991560

-----------------------------

Epoch 27: train loss=0.1332, acc=0.9583, fr=0.1134, lr=0.0000, time=0:00:30.479483, cin=0.010895, 0.002102, cout=0.019017, 0.028704
Epoch 27: valid loss=0.4714, acc=0.8705, fr=0.1174, mask=0.8760, time=0:00:05.978852

Best model saved with valid acc=0.870501893939394

-----------------------------

Epoch 28: train loss=0.1255, acc=0.9583, fr=0.1134, lr=0.0000, time=0:00:30.793449, cin=0.010895, 0.002102, cout=0.019017, 0.028704
Epoch 28: valid loss=0.4815, acc=0.8653, fr=0.1175, mask=0.8760, time=0:00:06.031018

-----------------------------

Epoch 29: train loss=0.1331, acc=0.9551, fr=0.1134, lr=0.0000, time=0:00:30.666365, cin=0.010895, 0.002102, cout=0.019017, 0.028704
Epoch 29: valid loss=0.4810, acc=0.8564, fr=0.1175, mask=0.8760, time=0:00:05.989382

-----------------------------

Epoch 30: train loss=0.1381, acc=0.9545, fr=0.1134, lr=0.0000, time=0:00:30.166060, cin=0.010895, 0.002102, cout=0.019017, 0.028704
Epoch 30: valid loss=0.4750, acc=0.8643, fr=0.1175, mask=0.8760, time=0:00:05.919842

-----------------------------

Epoch 31: train loss=0.1388, acc=0.9525, fr=0.1134, lr=0.0000, time=0:00:30.540263, cin=0.010895, 0.002102, cout=0.019017, 0.028704
Epoch 31: valid loss=0.4565, acc=0.8696, fr=0.1174, mask=0.8760, time=0:00:05.968578

-----------------------------

Epoch 32: train loss=0.1379, acc=0.9555, fr=0.1134, lr=0.0000, time=0:00:30.656128, cin=0.010895, 0.002102, cout=0.019017, 0.028704
Epoch 32: valid loss=0.4767, acc=0.8649, fr=0.1174, mask=0.8760, time=0:00:06.051616

-----------------------------

Epoch 33: train loss=0.1348, acc=0.9578, fr=0.1134, lr=0.0000, time=0:00:30.697509, cin=0.010895, 0.002102, cout=0.019017, 0.028704
Epoch 33: valid loss=0.4817, acc=0.8608, fr=0.1174, mask=0.8760, time=0:00:05.944600

-----------------------------

Epoch 34: train loss=0.1387, acc=0.9574, fr=0.1134, lr=0.0000, time=0:00:30.606657, cin=0.010895, 0.002102, cout=0.019017, 0.028704
Epoch 34: valid loss=0.4828, acc=0.8638, fr=0.1175, mask=0.8760, time=0:00:05.971220

-----------------------------

Epoch 35: train loss=0.1386, acc=0.9539, fr=0.1134, lr=0.0000, time=0:00:30.392036, cin=0.010895, 0.002102, cout=0.019017, 0.028704
Epoch 35: valid loss=0.4784, acc=0.8622, fr=0.1174, mask=0.8760, time=0:00:05.991531

-----------------------------

Epoch 36: train loss=0.1275, acc=0.9586, fr=0.1134, lr=0.0000, time=0:00:30.539240, cin=0.010895, 0.002102, cout=0.019017, 0.028704
Epoch 36: valid loss=0.4782, acc=0.8596, fr=0.1175, mask=0.8760, time=0:00:05.858514

-----------------------------

Epoch 37: train loss=0.1433, acc=0.9543, fr=0.1134, lr=0.0000, time=0:00:30.863152, cin=0.010895, 0.002102, cout=0.019017, 0.028704
Epoch 37: valid loss=0.4761, acc=0.8640, fr=0.1174, mask=0.8760, time=0:00:06.056800

-----------------------------

Epoch 38: train loss=0.1412, acc=0.9548, fr=0.1134, lr=0.0000, time=0:00:30.470994, cin=0.010895, 0.002102, cout=0.019017, 0.028704
Epoch 38: valid loss=0.4986, acc=0.8590, fr=0.1174, mask=0.8760, time=0:00:06.069620

-----------------------------

Epoch 39: train loss=0.1399, acc=0.9524, fr=0.1134, lr=0.0000, time=0:00:30.662877, cin=0.010895, 0.002102, cout=0.019017, 0.028704
Epoch 39: valid loss=0.4693, acc=0.8642, fr=0.1174, mask=0.8760, time=0:00:06.037606

-----------------------------

Epoch 40: train loss=0.1394, acc=0.9542, fr=0.1134, lr=0.0000, time=0:00:30.463197, cin=0.010895, 0.002102, cout=0.019017, 0.028704
Epoch 40: valid loss=0.4803, acc=0.8616, fr=0.1174, mask=0.8760, time=0:00:06.038671

-----------------------------

Epoch 41: train loss=0.1317, acc=0.9562, fr=0.1134, lr=0.0000, time=0:00:30.462347, cin=0.010895, 0.002102, cout=0.019017, 0.028704
Epoch 41: valid loss=0.4511, acc=0.8688, fr=0.1174, mask=0.8760, time=0:00:05.936300

-----------------------------

Epoch 42: train loss=0.1415, acc=0.9522, fr=0.1134, lr=0.0000, time=0:00:30.523878, cin=0.010895, 0.002102, cout=0.019017, 0.028704
Epoch 42: valid loss=0.4637, acc=0.8690, fr=0.1174, mask=0.8760, time=0:00:06.058300

-----------------------------

Epoch 43: train loss=0.1369, acc=0.9539, fr=0.1134, lr=0.0000, time=0:00:30.467936, cin=0.010895, 0.002102, cout=0.019017, 0.028704
Epoch 43: valid loss=0.4761, acc=0.8662, fr=0.1174, mask=0.8760, time=0:00:05.956235

-----------------------------

Epoch 44: train loss=0.1376, acc=0.9539, fr=0.1134, lr=0.0000, time=0:00:30.685968, cin=0.010895, 0.002102, cout=0.019017, 0.028704
Epoch 44: valid loss=0.4802, acc=0.8595, fr=0.1175, mask=0.8760, time=0:00:06.057545

-----------------------------

Epoch 45: train loss=0.1421, acc=0.9531, fr=0.1134, lr=0.0000, time=0:00:30.396883, cin=0.010895, 0.002102, cout=0.019017, 0.028704
Epoch 45: valid loss=0.5067, acc=0.8590, fr=0.1174, mask=0.8760, time=0:00:06.103847

-----------------------------

Epoch 46: train loss=0.1358, acc=0.9559, fr=0.1134, lr=0.0000, time=0:00:30.701165, cin=0.010895, 0.002102, cout=0.019017, 0.028704
Epoch 46: valid loss=0.4783, acc=0.8616, fr=0.1174, mask=0.8760, time=0:00:05.980686

-----------------------------

Epoch 47: train loss=0.1418, acc=0.9526, fr=0.1134, lr=0.0000, time=0:00:30.449117, cin=0.010895, 0.002102, cout=0.019017, 0.028704
Epoch 47: valid loss=0.4779, acc=0.8696, fr=0.1174, mask=0.8760, time=0:00:06.080786

-----------------------------

Epoch 48: train loss=0.1439, acc=0.9504, fr=0.1134, lr=0.0000, time=0:00:30.798649, cin=0.010895, 0.002102, cout=0.019017, 0.028704
Epoch 48: valid loss=0.4769, acc=0.8616, fr=0.1175, mask=0.8760, time=0:00:06.031827

-----------------------------

Epoch 49: train loss=0.1363, acc=0.9543, fr=0.1134, lr=0.0000, time=0:00:30.450054, cin=0.010895, 0.002102, cout=0.019017, 0.028704
Epoch 49: valid loss=0.4565, acc=0.8659, fr=0.1174, mask=0.8760, time=0:00:06.065041

-----------------------------

Epoch 50: train loss=0.1427, acc=0.9541, fr=0.1134, lr=0.0000, time=0:00:30.466748, cin=0.010895, 0.002102, cout=0.019017, 0.028704
Epoch 50: valid loss=0.4702, acc=0.8675, fr=0.1175, mask=0.8760, time=0:00:05.953320

-----------------------------


Best valid acc at epoch 27: 0.870501893939394


------ Training finished ------

Loading best model, epoch=27, valid acc=0.870501893939394

------ Begin training ------

Epoch 1: train loss=0.1401, acc=0.9521, fr=0.1134, lr=0.0000, time=0:00:30.287768, cin=0.010895, 0.002102, cout=0.019017, 0.028704
Epoch 1: valid loss=0.4761, acc=0.8620, fr=0.1175, mask=0.8750, time=0:00:05.865031

Best model saved with valid acc=0.8620186237373737

-----------------------------

Epoch 2: train loss=0.1421, acc=0.9517, fr=0.1134, lr=0.0000, time=0:00:30.565894, cin=0.010895, 0.002102, cout=0.019017, 0.028704
Epoch 2: valid loss=0.4652, acc=0.8617, fr=0.1174, mask=0.8760, time=0:00:05.951918

-----------------------------

Epoch 3: train loss=0.1377, acc=0.9554, fr=0.1134, lr=0.0000, time=0:00:30.355323, cin=0.010895, 0.002102, cout=0.019017, 0.028704
Epoch 3: valid loss=0.4682, acc=0.8592, fr=0.1175, mask=0.8760, time=0:00:05.985690

-----------------------------

Epoch 4: train loss=0.1383, acc=0.9545, fr=0.1134, lr=0.0000, time=0:00:30.454647, cin=0.010895, 0.002102, cout=0.019017, 0.028704
Epoch 4: valid loss=0.4626, acc=0.8655, fr=0.1175, mask=0.8760, time=0:00:06.032923

Best model saved with valid acc=0.8654908459595959

-----------------------------

Epoch 5: train loss=0.1336, acc=0.9542, fr=0.1134, lr=0.0000, time=0:00:30.632451, cin=0.010895, 0.002102, cout=0.019017, 0.028704
Epoch 5: valid loss=0.4532, acc=0.8692, fr=0.1175, mask=0.8760, time=0:00:05.866053

Best model saved with valid acc=0.8691603535353535

-----------------------------

Epoch 6: train loss=0.1448, acc=0.9510, fr=0.1134, lr=0.0000, time=0:00:30.386341, cin=0.010895, 0.002102, cout=0.019017, 0.028704
Epoch 6: valid loss=0.4577, acc=0.8666, fr=0.1174, mask=0.8760, time=0:00:05.830792

-----------------------------

Epoch 7: train loss=0.1437, acc=0.9528, fr=0.1134, lr=0.0000, time=0:00:30.558927, cin=0.010895, 0.002102, cout=0.019017, 0.028704
Epoch 7: valid loss=0.4524, acc=0.8670, fr=0.1174, mask=0.8760, time=0:00:06.048749

-----------------------------

Epoch 8: train loss=0.1391, acc=0.9540, fr=0.1134, lr=0.0000, time=0:00:30.465410, cin=0.010895, 0.002102, cout=0.019017, 0.028704
Epoch 8: valid loss=0.4821, acc=0.8651, fr=0.1175, mask=0.8760, time=0:00:05.925454

-----------------------------

Epoch 9: train loss=0.1381, acc=0.9513, fr=0.1134, lr=0.0000, time=0:00:30.552226, cin=0.010895, 0.002102, cout=0.019017, 0.028704
Epoch 9: valid loss=0.4665, acc=0.8675, fr=0.1174, mask=0.8760, time=0:00:05.974374

-----------------------------

Epoch 10: train loss=0.1361, acc=0.9534, fr=0.1134, lr=0.0000, time=0:00:30.678357, cin=0.010895, 0.002102, cout=0.019017, 0.028704
Epoch 10: valid loss=0.4683, acc=0.8677, fr=0.1175, mask=0.8760, time=0:00:06.152525

-----------------------------

Epoch 11: train loss=0.1433, acc=0.9530, fr=0.1134, lr=0.0000, time=0:00:30.600643, cin=0.010895, 0.002102, cout=0.019017, 0.028704
Epoch 11: valid loss=0.4652, acc=0.8666, fr=0.1174, mask=0.8760, time=0:00:05.972762

-----------------------------

Epoch 12: train loss=0.1454, acc=0.9516, fr=0.1134, lr=0.0000, time=0:00:30.580723, cin=0.010895, 0.002102, cout=0.019017, 0.028704
Epoch 12: valid loss=0.4563, acc=0.8683, fr=0.1175, mask=0.8760, time=0:00:05.846344

-----------------------------

Epoch 13: train loss=0.1363, acc=0.9523, fr=0.1134, lr=0.0000, time=0:00:30.369745, cin=0.010895, 0.002102, cout=0.019017, 0.028704
Epoch 13: valid loss=0.4916, acc=0.8622, fr=0.1175, mask=0.8760, time=0:00:06.041109

-----------------------------

Epoch 14: train loss=0.1422, acc=0.9520, fr=0.1134, lr=0.0000, time=0:00:30.296837, cin=0.010895, 0.002102, cout=0.019017, 0.028704
Epoch 14: valid loss=0.4773, acc=0.8705, fr=0.1174, mask=0.8760, time=0:00:05.856005

Best model saved with valid acc=0.870501893939394

-----------------------------

Epoch 15: train loss=0.1391, acc=0.9540, fr=0.1134, lr=0.0000, time=0:00:30.594593, cin=0.010895, 0.002102, cout=0.019017, 0.028704
Epoch 15: valid loss=0.4665, acc=0.8618, fr=0.1175, mask=0.8760, time=0:00:06.142329

-----------------------------

Epoch 16: train loss=0.1503, acc=0.9485, fr=0.1134, lr=0.0000, time=0:00:30.672251, cin=0.010895, 0.002102, cout=0.019017, 0.028704
Epoch 16: valid loss=0.4964, acc=0.8567, fr=0.1175, mask=0.8760, time=0:00:06.078255

-----------------------------

Epoch 17: train loss=0.1416, acc=0.9542, fr=0.1134, lr=0.0000, time=0:00:30.437061, cin=0.010895, 0.002102, cout=0.019017, 0.028704
Epoch 17: valid loss=0.4861, acc=0.8674, fr=0.1174, mask=0.8760, time=0:00:05.929739

-----------------------------

Epoch 18: train loss=0.1378, acc=0.9576, fr=0.1134, lr=0.0000, time=0:00:30.414885, cin=0.010895, 0.002102, cout=0.019017, 0.028704
Epoch 18: valid loss=0.4719, acc=0.8592, fr=0.1174, mask=0.8760, time=0:00:06.172429

-----------------------------

Epoch 19: train loss=0.1427, acc=0.9533, fr=0.1134, lr=0.0000, time=0:00:30.576308, cin=0.010895, 0.002102, cout=0.019017, 0.028704
Epoch 19: valid loss=0.4607, acc=0.8675, fr=0.1175, mask=0.8760, time=0:00:05.944732

-----------------------------

Epoch 20: train loss=0.1355, acc=0.9544, fr=0.1134, lr=0.0000, time=0:00:30.306218, cin=0.010895, 0.002102, cout=0.019017, 0.028704
Epoch 20: valid loss=0.4755, acc=0.8601, fr=0.1174, mask=0.8760, time=0:00:06.004676

-----------------------------

Epoch 21: train loss=0.1423, acc=0.9543, fr=0.1134, lr=0.0000, time=0:00:30.430723, cin=0.010895, 0.002102, cout=0.019017, 0.028704
Epoch 21: valid loss=0.4786, acc=0.8662, fr=0.1174, mask=0.8760, time=0:00:05.939481

-----------------------------

Epoch 22: train loss=0.1429, acc=0.9518, fr=0.1134, lr=0.0000, time=0:00:30.548678, cin=0.010895, 0.002102, cout=0.019017, 0.028704
Epoch 22: valid loss=0.4822, acc=0.8587, fr=0.1174, mask=0.8760, time=0:00:06.251998

-----------------------------

Epoch 23: train loss=0.1334, acc=0.9559, fr=0.1134, lr=0.0000, time=0:00:30.498131, cin=0.010895, 0.002102, cout=0.019017, 0.028704
Epoch 23: valid loss=0.4577, acc=0.8707, fr=0.1175, mask=0.8760, time=0:00:06.109890

Best model saved with valid acc=0.8706597222222222

-----------------------------

Epoch 24: train loss=0.1394, acc=0.9515, fr=0.1134, lr=0.0000, time=0:00:30.525108, cin=0.010895, 0.002102, cout=0.019017, 0.028704
Epoch 24: valid loss=0.4735, acc=0.8588, fr=0.1174, mask=0.8760, time=0:00:06.268826

-----------------------------

Epoch 25: train loss=0.1336, acc=0.9566, fr=0.1134, lr=0.0000, time=0:00:30.766573, cin=0.010895, 0.002102, cout=0.019017, 0.028704
Epoch 25: valid loss=0.4655, acc=0.8627, fr=0.1175, mask=0.8760, time=0:00:06.026202

-----------------------------

Epoch 26: train loss=0.1397, acc=0.9557, fr=0.1134, lr=0.0000, time=0:00:30.529748, cin=0.010895, 0.002102, cout=0.019017, 0.028704
Epoch 26: valid loss=0.4713, acc=0.8685, fr=0.1175, mask=0.8760, time=0:00:06.059286

-----------------------------

Epoch 27: train loss=0.1388, acc=0.9537, fr=0.1134, lr=0.0000, time=0:00:30.739801, cin=0.010895, 0.002102, cout=0.019017, 0.028704
Epoch 27: valid loss=0.4714, acc=0.8571, fr=0.1175, mask=0.8760, time=0:00:05.954605

-----------------------------

Epoch 28: train loss=0.1426, acc=0.9514, fr=0.1134, lr=0.0000, time=0:00:30.657794, cin=0.010895, 0.002102, cout=0.019017, 0.028704
Epoch 28: valid loss=0.4745, acc=0.8616, fr=0.1175, mask=0.8760, time=0:00:06.162326

-----------------------------

Epoch 29: train loss=0.1356, acc=0.9549, fr=0.1134, lr=0.0000, time=0:00:30.837478, cin=0.010895, 0.002102, cout=0.019017, 0.028704
Epoch 29: valid loss=0.4772, acc=0.8653, fr=0.1175, mask=0.8760, time=0:00:06.061320

-----------------------------

Epoch 30: train loss=0.1359, acc=0.9555, fr=0.1134, lr=0.0000, time=0:00:30.671398, cin=0.010895, 0.002102, cout=0.019017, 0.028704
Epoch 30: valid loss=0.4811, acc=0.8646, fr=0.1174, mask=0.8760, time=0:00:05.938709

-----------------------------

Epoch 31: train loss=0.1319, acc=0.9566, fr=0.1134, lr=0.0000, time=0:00:30.421523, cin=0.010895, 0.002102, cout=0.019017, 0.028704
Epoch 31: valid loss=0.4783, acc=0.8698, fr=0.1174, mask=0.8760, time=0:00:05.957287

-----------------------------

Epoch 32: train loss=0.1365, acc=0.9563, fr=0.1134, lr=0.0000, time=0:00:31.503609, cin=0.010895, 0.002102, cout=0.019017, 0.028704
Epoch 32: valid loss=0.4712, acc=0.8662, fr=0.1175, mask=0.8760, time=0:00:06.333847

-----------------------------

Epoch 33: train loss=0.1394, acc=0.9537, fr=0.1134, lr=0.0000, time=0:00:32.823401, cin=0.010895, 0.002102, cout=0.019017, 0.028704
Epoch 33: valid loss=0.4977, acc=0.8605, fr=0.1174, mask=0.8760, time=0:00:06.216243

-----------------------------

Epoch 34: train loss=0.1437, acc=0.9531, fr=0.1134, lr=0.0000, time=0:00:30.572487, cin=0.010895, 0.002102, cout=0.019017, 0.028704
Epoch 34: valid loss=0.4729, acc=0.8618, fr=0.1174, mask=0.8760, time=0:00:05.945916

-----------------------------

Epoch 35: train loss=0.1397, acc=0.9531, fr=0.1134, lr=0.0000, time=0:00:30.677640, cin=0.010895, 0.002102, cout=0.019017, 0.028704
Epoch 35: valid loss=0.4899, acc=0.8591, fr=0.1174, mask=0.8760, time=0:00:06.171303

-----------------------------

Epoch 36: train loss=0.1376, acc=0.9542, fr=0.1134, lr=0.0000, time=0:00:30.693274, cin=0.010895, 0.002102, cout=0.019017, 0.028704
Epoch 36: valid loss=0.4796, acc=0.8607, fr=0.1175, mask=0.8760, time=0:00:05.954011

-----------------------------

Epoch 37: train loss=0.1378, acc=0.9559, fr=0.1134, lr=0.0000, time=0:00:30.485620, cin=0.010895, 0.002102, cout=0.019017, 0.028704
Epoch 37: valid loss=0.4757, acc=0.8612, fr=0.1174, mask=0.8760, time=0:00:05.897208

-----------------------------

Epoch 38: train loss=0.1393, acc=0.9533, fr=0.1134, lr=0.0000, time=0:00:30.497133, cin=0.010895, 0.002102, cout=0.019017, 0.028704
Epoch 38: valid loss=0.4857, acc=0.8603, fr=0.1175, mask=0.8760, time=0:00:05.984054

-----------------------------

Epoch 39: train loss=0.1326, acc=0.9559, fr=0.1134, lr=0.0000, time=0:00:30.560369, cin=0.010895, 0.002102, cout=0.019017, 0.028704
Epoch 39: valid loss=0.4634, acc=0.8644, fr=0.1175, mask=0.8760, time=0:00:05.948303

-----------------------------

Epoch 40: train loss=0.1403, acc=0.9532, fr=0.1134, lr=0.0000, time=0:00:30.540237, cin=0.010895, 0.002102, cout=0.019017, 0.028704
Epoch 40: valid loss=0.4820, acc=0.8642, fr=0.1174, mask=0.8760, time=0:00:06.033381

-----------------------------

Epoch 41: train loss=0.1385, acc=0.9511, fr=0.1134, lr=0.0000, time=0:00:30.621932, cin=0.010895, 0.002102, cout=0.019017, 0.028704
Epoch 41: valid loss=0.4919, acc=0.8603, fr=0.1175, mask=0.8760, time=0:00:06.046236

-----------------------------

Epoch 42: train loss=0.1328, acc=0.9551, fr=0.1134, lr=0.0000, time=0:00:30.567519, cin=0.010895, 0.002102, cout=0.019017, 0.028704
Epoch 42: valid loss=0.4925, acc=0.8657, fr=0.1175, mask=0.8760, time=0:00:05.986832

-----------------------------

Epoch 43: train loss=0.1395, acc=0.9535, fr=0.1134, lr=0.0000, time=0:00:30.515036, cin=0.010895, 0.002102, cout=0.019017, 0.028704
Epoch 43: valid loss=0.4777, acc=0.8664, fr=0.1174, mask=0.8760, time=0:00:05.957328

-----------------------------

Epoch 44: train loss=0.1349, acc=0.9561, fr=0.1134, lr=0.0000, time=0:00:30.523958, cin=0.010895, 0.002102, cout=0.019017, 0.028704
Epoch 44: valid loss=0.4721, acc=0.8642, fr=0.1175, mask=0.8760, time=0:00:05.938308

-----------------------------

Epoch 45: train loss=0.1405, acc=0.9533, fr=0.1134, lr=0.0000, time=0:00:30.595033, cin=0.010895, 0.002102, cout=0.019017, 0.028704
Epoch 45: valid loss=0.4794, acc=0.8662, fr=0.1174, mask=0.8760, time=0:00:05.962724

-----------------------------

Epoch 46: train loss=0.1419, acc=0.9522, fr=0.1134, lr=0.0000, time=0:00:30.143262, cin=0.010895, 0.002102, cout=0.019017, 0.028704
Epoch 46: valid loss=0.4846, acc=0.8617, fr=0.1175, mask=0.8760, time=0:00:05.936116

-----------------------------

Epoch 47: train loss=0.1400, acc=0.9534, fr=0.1134, lr=0.0000, time=0:00:31.092220, cin=0.010895, 0.002102, cout=0.019017, 0.028704
Epoch 47: valid loss=0.4808, acc=0.8616, fr=0.1175, mask=0.8760, time=0:00:06.088807

-----------------------------

Epoch 48: train loss=0.1388, acc=0.9534, fr=0.1134, lr=0.0000, time=0:00:30.609717, cin=0.010895, 0.002102, cout=0.019017, 0.028704
Epoch 48: valid loss=0.4403, acc=0.8692, fr=0.1175, mask=0.8760, time=0:00:06.018599

-----------------------------

Epoch 49: train loss=0.1302, acc=0.9576, fr=0.1134, lr=0.0000, time=0:00:30.412818, cin=0.010895, 0.002102, cout=0.019017, 0.028704
Epoch 49: valid loss=0.4733, acc=0.8631, fr=0.1175, mask=0.8760, time=0:00:05.991566

-----------------------------

Epoch 50: train loss=0.1289, acc=0.9581, fr=0.1134, lr=0.0000, time=0:00:30.359887, cin=0.010895, 0.002102, cout=0.019017, 0.028704
Epoch 50: valid loss=0.4696, acc=0.8662, fr=0.1174, mask=0.8760, time=0:00:05.927309

-----------------------------


Best valid acc at epoch 23: 0.8706597222222222


------ Training finished ------

Loading best model, epoch=23, valid acc=0.8706597222222222

------ Begin training ------

Epoch 1: train loss=0.1448, acc=0.9511, fr=0.1134, lr=0.0000, time=0:00:30.616526, cin=0.010895, 0.002102, cout=0.019017, 0.028704
Epoch 1: valid loss=0.4747, acc=0.8647, fr=0.1175, mask=0.8750, time=0:00:06.009584

Best model saved with valid acc=0.8646622474747475

-----------------------------

Epoch 2: train loss=0.1476, acc=0.9524, fr=0.1134, lr=0.0000, time=0:00:30.479639, cin=0.010895, 0.002102, cout=0.019017, 0.028704
Epoch 2: valid loss=0.4754, acc=0.8629, fr=0.1174, mask=0.8760, time=0:00:05.951728

-----------------------------

Epoch 3: train loss=0.1430, acc=0.9535, fr=0.1134, lr=0.0000, time=0:00:30.721184, cin=0.010895, 0.002102, cout=0.019017, 0.028704
Epoch 3: valid loss=0.4797, acc=0.8666, fr=0.1174, mask=0.8760, time=0:00:05.961445

Best model saved with valid acc=0.866635101010101

-----------------------------

Epoch 4: train loss=0.1329, acc=0.9575, fr=0.1134, lr=0.0000, time=0:00:30.641092, cin=0.010895, 0.002102, cout=0.019017, 0.028704
Epoch 4: valid loss=0.4645, acc=0.8618, fr=0.1175, mask=0.8760, time=0:00:05.995523

-----------------------------

Epoch 5: train loss=0.1343, acc=0.9562, fr=0.1134, lr=0.0000, time=0:00:30.725125, cin=0.010895, 0.002102, cout=0.019017, 0.028704
Epoch 5: valid loss=0.4455, acc=0.8679, fr=0.1175, mask=0.8760, time=0:00:05.951871

Best model saved with valid acc=0.8678582702020202

-----------------------------

Epoch 6: train loss=0.1360, acc=0.9552, fr=0.1134, lr=0.0000, time=0:00:30.490769, cin=0.010895, 0.002102, cout=0.019017, 0.028704
Epoch 6: valid loss=0.4886, acc=0.8620, fr=0.1174, mask=0.8760, time=0:00:05.976584

-----------------------------

Epoch 7: train loss=0.1421, acc=0.9520, fr=0.1134, lr=0.0000, time=0:00:30.661376, cin=0.010895, 0.002102, cout=0.019017, 0.028704
Epoch 7: valid loss=0.4738, acc=0.8597, fr=0.1175, mask=0.8760, time=0:00:06.075728

-----------------------------

Epoch 8: train loss=0.1390, acc=0.9528, fr=0.1134, lr=0.0000, time=0:00:30.510639, cin=0.010895, 0.002102, cout=0.019017, 0.028704
Epoch 8: valid loss=0.4762, acc=0.8718, fr=0.1174, mask=0.8760, time=0:00:05.978727

Best model saved with valid acc=0.8717645202020202

-----------------------------

Epoch 9: train loss=0.1421, acc=0.9522, fr=0.1134, lr=0.0000, time=0:00:30.686889, cin=0.010895, 0.002102, cout=0.019017, 0.028704
Epoch 9: valid loss=0.4656, acc=0.8660, fr=0.1175, mask=0.8760, time=0:00:06.026218

-----------------------------

Epoch 10: train loss=0.1393, acc=0.9518, fr=0.1134, lr=0.0000, time=0:00:31.341575, cin=0.010895, 0.002102, cout=0.019017, 0.028704
Epoch 10: valid loss=0.5071, acc=0.8559, fr=0.1175, mask=0.8760, time=0:00:06.205629

-----------------------------

Epoch 11: train loss=0.1364, acc=0.9559, fr=0.1134, lr=0.0000, time=0:00:30.668573, cin=0.010895, 0.002102, cout=0.019017, 0.028704
Epoch 11: valid loss=0.4445, acc=0.8746, fr=0.1174, mask=0.8760, time=0:00:05.929069

Best model saved with valid acc=0.8746054292929293

-----------------------------

Epoch 12: train loss=0.1434, acc=0.9532, fr=0.1134, lr=0.0000, time=0:00:31.012993, cin=0.010895, 0.002102, cout=0.019017, 0.028704
Epoch 12: valid loss=0.4867, acc=0.8681, fr=0.1175, mask=0.8760, time=0:00:05.979963

-----------------------------

Epoch 13: train loss=0.1358, acc=0.9545, fr=0.1134, lr=0.0000, time=0:00:30.312550, cin=0.010895, 0.002102, cout=0.019017, 0.028704
Epoch 13: valid loss=0.4780, acc=0.8616, fr=0.1175, mask=0.8760, time=0:00:06.049941

-----------------------------

Epoch 14: train loss=0.1459, acc=0.9508, fr=0.1134, lr=0.0000, time=0:00:30.406975, cin=0.010895, 0.002102, cout=0.019017, 0.028704
Epoch 14: valid loss=0.4743, acc=0.8627, fr=0.1174, mask=0.8760, time=0:00:05.907303

-----------------------------

Epoch 15: train loss=0.1446, acc=0.9523, fr=0.1134, lr=0.0000, time=0:00:30.560352, cin=0.010895, 0.002102, cout=0.019017, 0.028704
Epoch 15: valid loss=0.4790, acc=0.8705, fr=0.1174, mask=0.8760, time=0:00:05.970645

-----------------------------

Epoch 16: train loss=0.1334, acc=0.9584, fr=0.1134, lr=0.0000, time=0:00:30.424716, cin=0.010895, 0.002102, cout=0.019017, 0.028704
Epoch 16: valid loss=0.4694, acc=0.8672, fr=0.1174, mask=0.8760, time=0:00:05.911456

-----------------------------

Epoch 17: train loss=0.1360, acc=0.9541, fr=0.1134, lr=0.0000, time=0:00:30.502780, cin=0.010895, 0.002102, cout=0.019017, 0.028704
Epoch 17: valid loss=0.4742, acc=0.8653, fr=0.1174, mask=0.8760, time=0:00:06.134773

-----------------------------

Epoch 18: train loss=0.1456, acc=0.9519, fr=0.1134, lr=0.0000, time=0:00:30.438964, cin=0.010895, 0.002102, cout=0.019017, 0.028704
Epoch 18: valid loss=0.4755, acc=0.8668, fr=0.1175, mask=0.8760, time=0:00:05.971895

-----------------------------

Epoch 19: train loss=0.1382, acc=0.9531, fr=0.1134, lr=0.0000, time=0:00:30.930858, cin=0.010895, 0.002102, cout=0.019017, 0.028704
Epoch 19: valid loss=0.4604, acc=0.8675, fr=0.1174, mask=0.8760, time=0:00:06.006855

-----------------------------

Epoch 20: train loss=0.1371, acc=0.9576, fr=0.1134, lr=0.0000, time=0:00:30.437572, cin=0.010895, 0.002102, cout=0.019017, 0.028704
Epoch 20: valid loss=0.4755, acc=0.8685, fr=0.1174, mask=0.8760, time=0:00:05.994580

-----------------------------

Epoch 21: train loss=0.1419, acc=0.9541, fr=0.1134, lr=0.0000, time=0:00:30.780945, cin=0.010895, 0.002102, cout=0.019017, 0.028704
Epoch 21: valid loss=0.4854, acc=0.8642, fr=0.1174, mask=0.8760, time=0:00:05.989467

-----------------------------

Epoch 22: train loss=0.1318, acc=0.9558, fr=0.1134, lr=0.0000, time=0:00:30.696307, cin=0.010895, 0.002102, cout=0.019017, 0.028704
Epoch 22: valid loss=0.4597, acc=0.8696, fr=0.1174, mask=0.8760, time=0:00:05.978239

-----------------------------

Epoch 23: train loss=0.1436, acc=0.9498, fr=0.1134, lr=0.0000, time=0:00:30.740937, cin=0.010895, 0.002102, cout=0.019017, 0.028704
Epoch 23: valid loss=0.4673, acc=0.8696, fr=0.1175, mask=0.8760, time=0:00:06.191861

-----------------------------

Epoch 24: train loss=0.1345, acc=0.9557, fr=0.1134, lr=0.0000, time=0:00:30.693841, cin=0.010895, 0.002102, cout=0.019017, 0.028704
Epoch 24: valid loss=0.4666, acc=0.8737, fr=0.1174, mask=0.8760, time=0:00:06.008910

-----------------------------

Epoch 25: train loss=0.1360, acc=0.9528, fr=0.1134, lr=0.0000, time=0:00:30.404818, cin=0.010895, 0.002102, cout=0.019017, 0.028704
Epoch 25: valid loss=0.4774, acc=0.8603, fr=0.1174, mask=0.8760, time=0:00:05.992918

-----------------------------

Epoch 26: train loss=0.1319, acc=0.9569, fr=0.1134, lr=0.0000, time=0:00:30.670447, cin=0.010895, 0.002102, cout=0.019017, 0.028704
Epoch 26: valid loss=0.4709, acc=0.8668, fr=0.1174, mask=0.8760, time=0:00:05.993530

-----------------------------

Epoch 27: train loss=0.1372, acc=0.9537, fr=0.1134, lr=0.0000, time=0:00:30.564184, cin=0.010895, 0.002102, cout=0.019017, 0.028704
Epoch 27: valid loss=0.4955, acc=0.8501, fr=0.1175, mask=0.8760, time=0:00:05.969475

-----------------------------

Epoch 28: train loss=0.1370, acc=0.9535, fr=0.1134, lr=0.0000, time=0:00:30.348790, cin=0.010895, 0.002102, cout=0.019017, 0.028704
Epoch 28: valid loss=0.4714, acc=0.8666, fr=0.1175, mask=0.8760, time=0:00:05.929490

-----------------------------

Epoch 29: train loss=0.1366, acc=0.9550, fr=0.1134, lr=0.0000, time=0:00:31.110885, cin=0.010895, 0.002102, cout=0.019017, 0.028704
Epoch 29: valid loss=0.4742, acc=0.8655, fr=0.1174, mask=0.8760, time=0:00:06.028175

-----------------------------

Epoch 30: train loss=0.1418, acc=0.9547, fr=0.1134, lr=0.0000, time=0:00:30.819311, cin=0.010895, 0.002102, cout=0.019017, 0.028704
Epoch 30: valid loss=0.4710, acc=0.8629, fr=0.1175, mask=0.8760, time=0:00:06.054373

-----------------------------

Epoch 31: train loss=0.1345, acc=0.9572, fr=0.1134, lr=0.0000, time=0:00:30.584583, cin=0.010895, 0.002102, cout=0.019017, 0.028704
Epoch 31: valid loss=0.4778, acc=0.8601, fr=0.1174, mask=0.8760, time=0:00:05.973457

-----------------------------

Epoch 32: train loss=0.1355, acc=0.9560, fr=0.1134, lr=0.0000, time=0:00:30.652758, cin=0.010895, 0.002102, cout=0.019017, 0.028704
Epoch 32: valid loss=0.4799, acc=0.8664, fr=0.1175, mask=0.8760, time=0:00:06.033418

-----------------------------

Epoch 33: train loss=0.1404, acc=0.9535, fr=0.1134, lr=0.0000, time=0:00:30.584625, cin=0.010895, 0.002102, cout=0.019017, 0.028704
Epoch 33: valid loss=0.4686, acc=0.8619, fr=0.1174, mask=0.8760, time=0:00:06.030203

-----------------------------

Epoch 34: train loss=0.1430, acc=0.9505, fr=0.1134, lr=0.0000, time=0:00:30.552907, cin=0.010895, 0.002102, cout=0.019017, 0.028704
Epoch 34: valid loss=0.4626, acc=0.8610, fr=0.1174, mask=0.8760, time=0:00:06.198383

-----------------------------

Epoch 35: train loss=0.1411, acc=0.9528, fr=0.1134, lr=0.0000, time=0:00:30.898204, cin=0.010895, 0.002102, cout=0.019017, 0.028704
Epoch 35: valid loss=0.4743, acc=0.8625, fr=0.1174, mask=0.8760, time=0:00:05.936337

-----------------------------

Epoch 36: train loss=0.1401, acc=0.9517, fr=0.1134, lr=0.0000, time=0:00:30.384247, cin=0.010895, 0.002102, cout=0.019017, 0.028704
Epoch 36: valid loss=0.5008, acc=0.8629, fr=0.1174, mask=0.8760, time=0:00:06.028163

-----------------------------

Epoch 37: train loss=0.1335, acc=0.9561, fr=0.1134, lr=0.0000, time=0:00:30.449645, cin=0.010895, 0.002102, cout=0.019017, 0.028704
Epoch 37: valid loss=0.4822, acc=0.8631, fr=0.1174, mask=0.8760, time=0:00:06.009911

-----------------------------

Epoch 38: train loss=0.1415, acc=0.9538, fr=0.1134, lr=0.0000, time=0:00:30.418576, cin=0.010895, 0.002102, cout=0.019017, 0.028704
Epoch 38: valid loss=0.4897, acc=0.8620, fr=0.1174, mask=0.8760, time=0:00:05.982795

-----------------------------

Epoch 39: train loss=0.1327, acc=0.9572, fr=0.1134, lr=0.0000, time=0:00:30.520437, cin=0.010895, 0.002102, cout=0.019017, 0.028704
Epoch 39: valid loss=0.4838, acc=0.8603, fr=0.1174, mask=0.8760, time=0:00:06.072868

-----------------------------

Epoch 40: train loss=0.1426, acc=0.9503, fr=0.1134, lr=0.0000, time=0:00:30.320980, cin=0.010895, 0.002102, cout=0.019017, 0.028704
Epoch 40: valid loss=0.4818, acc=0.8648, fr=0.1174, mask=0.8760, time=0:00:05.973087

-----------------------------

Epoch 41: train loss=0.1337, acc=0.9573, fr=0.1134, lr=0.0000, time=0:00:30.598826, cin=0.010895, 0.002102, cout=0.019017, 0.028704
Epoch 41: valid loss=0.4553, acc=0.8683, fr=0.1175, mask=0.8760, time=0:00:05.973594

-----------------------------

Epoch 42: train loss=0.1421, acc=0.9538, fr=0.1134, lr=0.0000, time=0:00:30.749488, cin=0.010895, 0.002102, cout=0.019017, 0.028704
Epoch 42: valid loss=0.4706, acc=0.8668, fr=0.1175, mask=0.8760, time=0:00:05.994608

-----------------------------

Epoch 43: train loss=0.1373, acc=0.9558, fr=0.1134, lr=0.0000, time=0:00:30.416183, cin=0.010895, 0.002102, cout=0.019017, 0.028704
Epoch 43: valid loss=0.4745, acc=0.8739, fr=0.1174, mask=0.8760, time=0:00:06.178901

-----------------------------

Epoch 44: train loss=0.1327, acc=0.9554, fr=0.1134, lr=0.0000, time=0:00:30.716588, cin=0.010895, 0.002102, cout=0.019017, 0.028704
Epoch 44: valid loss=0.4743, acc=0.8629, fr=0.1174, mask=0.8760, time=0:00:06.054438

-----------------------------

Epoch 45: train loss=0.1393, acc=0.9527, fr=0.1134, lr=0.0000, time=0:00:30.665589, cin=0.010895, 0.002102, cout=0.019017, 0.028704
Epoch 45: valid loss=0.5022, acc=0.8616, fr=0.1174, mask=0.8760, time=0:00:06.517378

-----------------------------

Epoch 46: train loss=0.1481, acc=0.9506, fr=0.1134, lr=0.0000, time=0:00:30.760377, cin=0.010895, 0.002102, cout=0.019017, 0.028704
Epoch 46: valid loss=0.4749, acc=0.8634, fr=0.1175, mask=0.8760, time=0:00:06.008554

-----------------------------

Epoch 47: train loss=0.1369, acc=0.9558, fr=0.1134, lr=0.0000, time=0:00:30.620944, cin=0.010895, 0.002102, cout=0.019017, 0.028704
Epoch 47: valid loss=0.4829, acc=0.8671, fr=0.1174, mask=0.8760, time=0:00:06.090802

-----------------------------

Epoch 48: train loss=0.1384, acc=0.9559, fr=0.1134, lr=0.0000, time=0:00:30.332454, cin=0.010895, 0.002102, cout=0.019017, 0.028704
Epoch 48: valid loss=0.4696, acc=0.8694, fr=0.1175, mask=0.8760, time=0:00:05.976411

-----------------------------

Epoch 49: train loss=0.1430, acc=0.9524, fr=0.1134, lr=0.0000, time=0:00:30.530890, cin=0.010895, 0.002102, cout=0.019017, 0.028704
Epoch 49: valid loss=0.4856, acc=0.8568, fr=0.1175, mask=0.8760, time=0:00:06.163598

-----------------------------

Epoch 50: train loss=0.1415, acc=0.9530, fr=0.1134, lr=0.0000, time=0:00:30.797909, cin=0.010895, 0.002102, cout=0.019017, 0.028704
Epoch 50: valid loss=0.4978, acc=0.8668, fr=0.1175, mask=0.8760, time=0:00:06.079800

-----------------------------


Best valid acc at epoch 11: 0.8746054292929293


------ Training finished ------

Loading best model, epoch=11, valid acc=0.8746054292929293
