===== Exp configuration =====
date:		08-19-17-37
save_dir:		./log/08-19-17-37
dataset_name:		shd
data_folder:		./data/raw/
input_dim:		700
output_dim:		20
nb_steps:		100
trials:		5
scheduler_patience:		1
scheduler_factor:		0.7
batch_size:		512
nb_epochs:		30
lr:		0.01
weight_decay:		1e-05
reg_factor:		1.0
reg_fmin:		0.01
reg_fmax:		0.1
seed:		1692437832
ckpt_freq:		10
threshold:		1.0
smoothing:		0.1
pdrop:		0.1
normalization:		batchnorm
train_input:		True
nb_hiddens:		1024
noise_test:		0.0
device:		cuda

Created new spiking model:
 RC(
  (W): Linear(in_features=700, out_features=1024, bias=True)
  (V): Linear(in_features=1024, out_features=1024, bias=False)
  (read): Linear(in_features=1024, out_features=20, bias=True)
  (norm): BatchNorm1d(1024, eps=1e-05, momentum=0.05, affine=True, track_running_stats=True)
  (norm_read): BatchNorm1d(20, eps=1e-05, momentum=0.05, affine=True, track_running_stats=True)
  (drop): Dropout(p=0.1, inplace=False)
)

Total number of trainable parameters is 1793104
**************  Trial 0  **************
Epoch 1: loss=9.0659|2.9838, acc=27.7097|25.6184, fr=0.3470, lr=0.0100, time=11.194417

-----------------------------

Epoch 2: loss=5.0055|1.2710, acc=40.0687|64.6201, fr=0.3391, lr=0.0100, time=10.402475

-----------------------------

Epoch 3: loss=4.0642|0.7207, acc=66.9691|78.4011, fr=0.3972, lr=0.0100, time=10.348521

-----------------------------

Epoch 4: loss=3.6804|0.5414, acc=78.8009|84.7615, fr=0.4682, lr=0.0100, time=10.094527

-----------------------------

Epoch 5: loss=3.5416|0.4691, acc=85.9735|85.7332, fr=0.4650, lr=0.0100, time=10.197493

Best model saved with valid acc=85.73321554770318

-----------------------------

Epoch 6: loss=3.4542|0.5284, acc=88.5483|83.4806, fr=0.4575, lr=0.0100, time=11.179123

-----------------------------

Epoch 7: loss=3.3768|0.4346, acc=92.3737|87.1908, fr=0.4543, lr=0.0100, time=09.769824

Best model saved with valid acc=87.19081272084806

-----------------------------

Epoch 8: loss=3.3214|0.4233, acc=95.1079|88.6484, fr=0.4645, lr=0.0100, time=10.107639

Best model saved with valid acc=88.64840989399293

-----------------------------

Epoch 9: loss=3.2832|0.4467, acc=95.5125|88.5159, fr=0.4818, lr=0.0100, time=10.429383

-----------------------------

Epoch 10: loss=3.2450|0.4513, acc=96.6160|88.3834, fr=0.4846, lr=0.0100, time=09.846955

-----------------------------

Epoch 11: loss=3.2203|0.4015, acc=97.7685|90.2827, fr=0.4901, lr=0.0070, time=09.547024

Best model saved with valid acc=90.2826855123675

-----------------------------

Epoch 12: loss=3.1998|0.4276, acc=98.2712|89.1784, fr=0.5009, lr=0.0070, time=09.608437

-----------------------------

Epoch 13: loss=3.1875|0.4067, acc=98.3816|90.1943, fr=0.5133, lr=0.0070, time=09.493218

-----------------------------

Epoch 14: loss=3.1626|0.4086, acc=98.8843|91.0777, fr=0.5267, lr=0.0049, time=09.435341

Best model saved with valid acc=91.07773851590106

-----------------------------

Epoch 15: loss=3.1415|0.4194, acc=99.0927|91.1661, fr=0.5417, lr=0.0049, time=09.550817

Best model saved with valid acc=91.1660777385159

-----------------------------

Epoch 16: loss=3.1316|0.4117, acc=99.0927|90.9894, fr=0.5509, lr=0.0049, time=10.002722

-----------------------------

Epoch 17: loss=3.1217|0.4468, acc=99.3502|89.7968, fr=0.5503, lr=0.0049, time=10.486174

-----------------------------

Epoch 18: loss=3.2383|0.4081, acc=99.3624|90.6802, fr=0.5364, lr=0.0034, time=09.664255

-----------------------------

Epoch 19: loss=3.1453|0.4376, acc=99.4115|90.0177, fr=0.5483, lr=0.0034, time=09.658729

-----------------------------

Epoch 20: loss=3.1006|0.4186, acc=99.6444|90.6802, fr=0.5555, lr=0.0024, time=10.427187

-----------------------------

Epoch 21: loss=3.0973|0.4310, acc=99.5709|90.4594, fr=0.5619, lr=0.0024, time=09.633196

-----------------------------

Epoch 22: loss=3.0917|0.4351, acc=99.6812|90.1060, fr=0.5728, lr=0.0017, time=10.028366

-----------------------------

Epoch 23: loss=3.0889|0.4231, acc=99.6812|90.7686, fr=0.5798, lr=0.0017, time=10.852283

-----------------------------

Epoch 24: loss=3.0864|0.4338, acc=99.7057|90.6802, fr=0.5881, lr=0.0012, time=09.807856

-----------------------------

Epoch 25: loss=3.0837|0.4302, acc=99.7057|90.3710, fr=0.5960, lr=0.0012, time=10.733540

-----------------------------

Epoch 26: loss=3.0812|0.4110, acc=99.7425|91.5636, fr=0.6033, lr=0.0008, time=10.179665

Best model saved with valid acc=91.56360424028269

-----------------------------

Epoch 27: loss=3.0798|0.4209, acc=99.7548|91.3428, fr=0.6069, lr=0.0008, time=10.328808

-----------------------------

Epoch 28: loss=3.0779|0.4303, acc=99.8038|90.9894, fr=0.6085, lr=0.0008, time=09.749459

-----------------------------

Epoch 29: loss=3.0765|0.4142, acc=99.7548|91.4753, fr=0.6118, lr=0.0006, time=10.088500

-----------------------------

Epoch 30: loss=3.0755|0.4273, acc=99.8038|91.0777, fr=0.6157, lr=0.0006, time=09.662060

-----------------------------


Best valid acc at epoch 26: 91.56360424028269

------ Training finished ------

**************  Trial 1  **************
Epoch 1: loss=8.9493|4.4684, acc=25.8583|10.5565, fr=0.3748, lr=0.0100, time=10.937495

-----------------------------

Epoch 2: loss=4.9773|1.6076, acc=40.1300|57.9505, fr=0.3686, lr=0.0100, time=09.532499

-----------------------------

Epoch 3: loss=3.9746|1.0849, acc=62.3222|73.5424, fr=0.4102, lr=0.0100, time=09.537498

-----------------------------

Epoch 4: loss=3.5855|0.7128, acc=73.2957|77.9594, fr=0.4275, lr=0.0100, time=09.534314

-----------------------------

Epoch 5: loss=3.2185|0.4607, acc=84.6984|87.8975, fr=0.4327, lr=0.0100, time=09.651817

Best model saved with valid acc=87.89752650176679

-----------------------------

Epoch 6: loss=3.1002|0.4325, acc=89.4188|88.1184, fr=0.4463, lr=0.0100, time=10.700642

Best model saved with valid acc=88.11837455830388

-----------------------------

Epoch 7: loss=3.0007|0.4750, acc=92.5331|86.1749, fr=0.4621, lr=0.0100, time=10.417701

-----------------------------

Epoch 8: loss=2.9334|0.4477, acc=94.5439|88.1184, fr=0.4739, lr=0.0100, time=09.903160

-----------------------------

Epoch 9: loss=2.8914|0.4184, acc=95.5861|88.9576, fr=0.4918, lr=0.0070, time=09.560168

Best model saved with valid acc=88.95759717314488

-----------------------------

Epoch 10: loss=2.8613|0.4625, acc=96.5792|87.8975, fr=0.5069, lr=0.0070, time=09.638963

-----------------------------

Epoch 11: loss=2.8308|0.3816, acc=97.4497|91.2102, fr=0.5166, lr=0.0070, time=09.567330

Best model saved with valid acc=91.21024734982332

-----------------------------

Epoch 12: loss=2.8018|0.4024, acc=98.0750|90.1943, fr=0.5354, lr=0.0070, time=10.097395

-----------------------------

Epoch 13: loss=2.7761|0.3805, acc=98.5777|91.1661, fr=0.5578, lr=0.0070, time=10.394121

-----------------------------

Epoch 14: loss=2.7612|0.4211, acc=98.7494|89.6643, fr=0.5742, lr=0.0049, time=10.502391

-----------------------------

Epoch 15: loss=2.7450|0.4019, acc=99.0314|90.2385, fr=0.5855, lr=0.0049, time=10.886338

-----------------------------

Epoch 16: loss=2.7333|0.4275, acc=99.4850|89.7085, fr=0.5978, lr=0.0034, time=10.926867

-----------------------------

Epoch 17: loss=2.7202|0.4005, acc=99.5218|91.2102, fr=0.6099, lr=0.0034, time=11.359946

-----------------------------

Epoch 18: loss=2.7115|0.4057, acc=99.4728|90.8569, fr=0.6183, lr=0.0024, time=10.600884

-----------------------------

Epoch 19: loss=2.7070|0.4288, acc=99.6077|90.5477, fr=0.6308, lr=0.0024, time=10.232875

-----------------------------

Epoch 20: loss=2.7014|0.3961, acc=99.6077|91.6078, fr=0.6368, lr=0.0017, time=09.751255

Best model saved with valid acc=91.60777385159011

-----------------------------

Epoch 21: loss=2.6978|0.4104, acc=99.7425|90.8569, fr=0.6435, lr=0.0017, time=10.546460

-----------------------------

Epoch 22: loss=2.6928|0.4095, acc=99.7793|91.2102, fr=0.6532, lr=0.0017, time=09.765786

-----------------------------

Epoch 23: loss=2.6900|0.4153, acc=99.7670|91.2102, fr=0.6599, lr=0.0012, time=09.711661

-----------------------------

Epoch 24: loss=2.6888|0.4046, acc=99.6935|91.1661, fr=0.6690, lr=0.0012, time=09.959768

-----------------------------

Epoch 25: loss=2.6845|0.4114, acc=99.8038|90.9452, fr=0.6792, lr=0.0008, time=10.059126

-----------------------------

Epoch 26: loss=2.6842|0.4201, acc=99.8529|90.9011, fr=0.6860, lr=0.0008, time=10.430072

-----------------------------

Epoch 27: loss=2.6818|0.4108, acc=99.8161|91.3428, fr=0.6878, lr=0.0006, time=10.308303

-----------------------------

Epoch 28: loss=2.6807|0.4200, acc=99.8774|90.9894, fr=0.6920, lr=0.0006, time=10.364480

-----------------------------

Epoch 29: loss=2.6784|0.4194, acc=99.8529|91.0336, fr=0.6977, lr=0.0004, time=10.328576

-----------------------------

Epoch 30: loss=2.6785|0.4195, acc=99.7916|90.9011, fr=0.7033, lr=0.0004, time=10.313801

-----------------------------


Best valid acc at epoch 20: 91.60777385159011

------ Training finished ------

**************  Trial 2  **************
Epoch 1: loss=8.7550|5.5818, acc=20.8926|6.9346, fr=0.3806, lr=0.0100, time=10.579167

-----------------------------

Epoch 2: loss=5.6074|2.0503, acc=26.5571|45.0088, fr=0.3283, lr=0.0100, time=10.323986

-----------------------------

Epoch 3: loss=4.3737|1.3512, acc=51.9004|59.8940, fr=0.3669, lr=0.0100, time=10.318700

-----------------------------

Epoch 4: loss=3.7985|0.7400, acc=67.6557|78.9753, fr=0.4221, lr=0.0100, time=10.393427

-----------------------------

Epoch 5: loss=3.4749|0.5563, acc=77.2805|83.9664, fr=0.4476, lr=0.0100, time=10.088805

-----------------------------

Epoch 6: loss=3.2934|0.5292, acc=85.8509|84.8057, fr=0.4513, lr=0.0100, time=09.622270

-----------------------------

Epoch 7: loss=3.1887|0.5602, acc=88.3276|83.8781, fr=0.4517, lr=0.0100, time=09.688354

-----------------------------

Epoch 8: loss=3.1085|0.4547, acc=91.4664|87.8975, fr=0.4708, lr=0.0100, time=09.634656

Best model saved with valid acc=87.89752650176679

-----------------------------

Epoch 9: loss=3.0414|0.4259, acc=94.1515|89.2668, fr=0.4917, lr=0.0100, time=09.759394

Best model saved with valid acc=89.26678445229682

-----------------------------

Epoch 10: loss=2.9993|0.4171, acc=95.5738|88.5601, fr=0.5167, lr=0.0100, time=09.680799

-----------------------------

Epoch 11: loss=2.9814|0.3808, acc=96.5547|90.5477, fr=0.5294, lr=0.0100, time=09.694660

Best model saved with valid acc=90.54770318021201

-----------------------------

Epoch 12: loss=2.9783|0.3658, acc=97.0451|90.9011, fr=0.5387, lr=0.0100, time=09.783322

Best model saved with valid acc=90.90106007067138

-----------------------------

Epoch 13: loss=2.9616|0.3883, acc=98.0260|91.2544, fr=0.5376, lr=0.0100, time=09.687842

Best model saved with valid acc=91.25441696113074

-----------------------------

Epoch 14: loss=2.9516|0.4456, acc=98.2957|89.6201, fr=0.5530, lr=0.0100, time=09.719052

-----------------------------

Epoch 15: loss=2.9488|0.3772, acc=98.2957|91.6519, fr=0.5711, lr=0.0100, time=09.593319

Best model saved with valid acc=91.65194346289752

-----------------------------

Epoch 16: loss=2.9370|0.4775, acc=98.3816|87.9417, fr=0.5754, lr=0.0100, time=09.822771

-----------------------------

Epoch 17: loss=2.9106|0.4450, acc=98.7616|90.5919, fr=0.5872, lr=0.0100, time=10.109157

-----------------------------

Epoch 18: loss=2.8922|0.4280, acc=99.4115|90.6360, fr=0.6067, lr=0.0070, time=10.198220

-----------------------------

Epoch 19: loss=2.8853|0.4433, acc=99.4973|91.2102, fr=0.6115, lr=0.0070, time=09.746415

-----------------------------

Epoch 20: loss=2.8843|0.4419, acc=99.7180|90.9011, fr=0.6162, lr=0.0049, time=09.688040

-----------------------------

Epoch 21: loss=2.8775|0.4294, acc=99.7425|91.3869, fr=0.6246, lr=0.0049, time=09.700517

-----------------------------

Epoch 22: loss=2.8709|0.4344, acc=99.8651|91.4753, fr=0.6342, lr=0.0034, time=09.649527

-----------------------------

Epoch 23: loss=2.8598|0.4517, acc=99.8406|90.7686, fr=0.6513, lr=0.0034, time=09.641440

-----------------------------

Epoch 24: loss=2.8554|0.4482, acc=99.7548|91.0777, fr=0.6521, lr=0.0024, time=09.821880

-----------------------------

Epoch 25: loss=2.8508|0.4415, acc=99.8897|91.6961, fr=0.6629, lr=0.0024, time=09.598979

Best model saved with valid acc=91.69611307420494

-----------------------------

Epoch 26: loss=2.8477|0.4397, acc=99.8774|91.3428, fr=0.6735, lr=0.0024, time=09.685490

-----------------------------

Epoch 27: loss=2.8449|0.4377, acc=99.9387|91.4311, fr=0.6880, lr=0.0024, time=09.722196

-----------------------------

Epoch 28: loss=2.8424|0.4428, acc=99.9142|91.7403, fr=0.7008, lr=0.0017, time=09.768863

Best model saved with valid acc=91.74028268551237

-----------------------------

Epoch 29: loss=2.8406|0.4425, acc=99.9142|91.6961, fr=0.7038, lr=0.0017, time=09.769166

-----------------------------

Epoch 30: loss=2.8393|0.4575, acc=99.9387|90.5035, fr=0.7082, lr=0.0017, time=09.668792

-----------------------------


Best valid acc at epoch 28: 91.74028268551237

------ Training finished ------

**************  Trial 3  **************
Epoch 1: loss=9.0893|5.2718, acc=25.0123|8.9664, fr=0.3821, lr=0.0100, time=09.799553

-----------------------------

Epoch 2: loss=5.4607|1.8631, acc=31.8784|49.6025, fr=0.3680, lr=0.0100, time=09.633204

-----------------------------

Epoch 3: loss=4.3163|1.2406, acc=57.5895|69.0371, fr=0.3713, lr=0.0100, time=09.665250

-----------------------------

Epoch 4: loss=3.9871|0.8863, acc=70.5248|74.5583, fr=0.4004, lr=0.0100, time=09.631177

-----------------------------

Epoch 5: loss=3.7166|0.8278, acc=77.7097|80.9629, fr=0.4085, lr=0.0100, time=09.603235

-----------------------------

Epoch 6: loss=3.4437|0.5819, acc=83.2761|83.9223, fr=0.4254, lr=0.0100, time=09.667857

-----------------------------

Epoch 7: loss=3.2490|0.4231, acc=89.4679|89.4876, fr=0.4653, lr=0.0100, time=09.692095

Best model saved with valid acc=89.48763250883393

-----------------------------

Epoch 8: loss=3.1779|0.4673, acc=92.8764|86.7491, fr=0.4824, lr=0.0100, time=10.320350

-----------------------------

Epoch 9: loss=3.1188|0.4404, acc=94.6052|89.0018, fr=0.4960, lr=0.0100, time=09.702645

-----------------------------

Epoch 10: loss=3.0961|0.4270, acc=96.0397|89.3110, fr=0.5092, lr=0.0070, time=09.581366

-----------------------------

Epoch 11: loss=3.0744|0.4419, acc=96.0152|89.0901, fr=0.5145, lr=0.0070, time=09.687732

-----------------------------

Epoch 12: loss=3.0388|0.3989, acc=97.4375|90.1502, fr=0.5248, lr=0.0049, time=09.485635

Best model saved with valid acc=90.15017667844523

-----------------------------

Epoch 13: loss=3.0319|0.4362, acc=97.9279|89.4876, fr=0.5390, lr=0.0049, time=09.859567

-----------------------------

Epoch 14: loss=2.9932|0.4095, acc=98.3816|90.3269, fr=0.5496, lr=0.0049, time=10.653190

Best model saved with valid acc=90.32685512367492

-----------------------------

Epoch 15: loss=2.9920|0.4318, acc=98.4183|89.8410, fr=0.5555, lr=0.0049, time=10.743411

-----------------------------

Epoch 16: loss=2.9782|0.4234, acc=98.8352|90.1502, fr=0.5688, lr=0.0049, time=10.710205

-----------------------------

Epoch 17: loss=2.9672|0.4217, acc=99.0436|90.9011, fr=0.5771, lr=0.0034, time=10.263536

Best model saved with valid acc=90.90106007067138

-----------------------------

Epoch 18: loss=2.9540|0.4521, acc=99.1050|89.9735, fr=0.5869, lr=0.0034, time=10.379366

-----------------------------

Epoch 19: loss=2.9369|0.4347, acc=99.2398|90.2827, fr=0.6015, lr=0.0034, time=10.321811

-----------------------------

Epoch 20: loss=2.9279|0.4492, acc=99.2766|90.3269, fr=0.6141, lr=0.0024, time=10.042199

-----------------------------

Epoch 21: loss=2.9214|0.4354, acc=99.3992|90.9011, fr=0.6238, lr=0.0024, time=09.901378

-----------------------------

Epoch 22: loss=2.9155|0.4409, acc=99.3992|90.5477, fr=0.6279, lr=0.0017, time=09.784775

-----------------------------

Epoch 23: loss=2.9110|0.4234, acc=99.4973|91.5194, fr=0.6374, lr=0.0017, time=09.927433

Best model saved with valid acc=91.51943462897526

-----------------------------

Epoch 24: loss=2.9092|0.4531, acc=99.5218|89.7968, fr=0.6460, lr=0.0017, time=11.184222

-----------------------------

Epoch 25: loss=2.9065|0.4401, acc=99.5586|90.2827, fr=0.6530, lr=0.0017, time=10.709060

-----------------------------

Epoch 26: loss=2.9013|0.4512, acc=99.7057|91.2102, fr=0.6629, lr=0.0012, time=09.893336

-----------------------------

Epoch 27: loss=2.9002|0.4349, acc=99.6935|90.9452, fr=0.6704, lr=0.0012, time=09.924230

-----------------------------

Epoch 28: loss=2.8974|0.4409, acc=99.6935|90.8569, fr=0.6749, lr=0.0008, time=10.275288

-----------------------------

Epoch 29: loss=2.8940|0.4352, acc=99.7180|90.6802, fr=0.6783, lr=0.0008, time=09.912723

-----------------------------

Epoch 30: loss=2.8845|0.4422, acc=99.7425|91.6078, fr=0.6829, lr=0.0006, time=10.085172

Best model saved with valid acc=91.60777385159011

-----------------------------


Best valid acc at epoch 30: 91.60777385159011

------ Training finished ------

**************  Trial 4  **************
Epoch 1: loss=10.2688|3.6982, acc=19.8504|18.5954, fr=0.3861, lr=0.0100, time=10.180305

-----------------------------

Epoch 2: loss=5.3153|1.5680, acc=34.8823|60.2915, fr=0.3587, lr=0.0100, time=10.363968

-----------------------------

Epoch 3: loss=4.2011|0.9183, acc=61.3781|72.5707, fr=0.3771, lr=0.0100, time=10.341633

-----------------------------

Epoch 4: loss=3.7427|0.6306, acc=75.3801|81.8905, fr=0.4122, lr=0.0100, time=10.203978

-----------------------------

Epoch 5: loss=3.4697|0.5292, acc=83.3742|84.9823, fr=0.4253, lr=0.0100, time=10.040468

-----------------------------

Epoch 6: loss=3.3278|0.4648, acc=88.6341|86.9700, fr=0.4448, lr=0.0100, time=10.328300

Best model saved with valid acc=86.96996466431095

-----------------------------

Epoch 7: loss=3.2385|0.4625, acc=91.5645|86.1749, fr=0.4492, lr=0.0100, time=10.593951

-----------------------------

Epoch 8: loss=3.2097|0.4232, acc=93.2197|88.9576, fr=0.4601, lr=0.0100, time=09.719483

Best model saved with valid acc=88.95759717314488

-----------------------------

Epoch 9: loss=3.1185|0.5105, acc=94.8749|85.9541, fr=0.4668, lr=0.0100, time=10.294563

-----------------------------

Epoch 10: loss=3.0843|0.4113, acc=95.2305|89.0901, fr=0.4757, lr=0.0100, time=10.662287

Best model saved with valid acc=89.09010600706713

-----------------------------

Epoch 11: loss=3.0367|0.4646, acc=95.9294|87.8092, fr=0.4944, lr=0.0100, time=10.106239

-----------------------------

Epoch 12: loss=3.0129|0.4030, acc=96.6896|90.6802, fr=0.5078, lr=0.0100, time=09.672270

Best model saved with valid acc=90.68021201413427

-----------------------------

Epoch 13: loss=2.9825|0.3945, acc=98.1118|91.2102, fr=0.5172, lr=0.0100, time=09.730982

Best model saved with valid acc=91.21024734982332

-----------------------------

Epoch 14: loss=2.9535|0.3950, acc=98.6881|90.8569, fr=0.5314, lr=0.0100, time=09.768151

-----------------------------

Epoch 15: loss=2.9408|0.4015, acc=98.9701|90.3269, fr=0.5451, lr=0.0100, time=09.672383

-----------------------------

Epoch 16: loss=2.9357|0.4053, acc=99.0927|90.1943, fr=0.5518, lr=0.0070, time=09.594028

-----------------------------

Epoch 17: loss=2.9210|0.4189, acc=99.3624|90.0618, fr=0.5663, lr=0.0070, time=09.659984

-----------------------------

Epoch 18: loss=2.9097|0.3868, acc=99.4483|91.7845, fr=0.5825, lr=0.0049, time=09.650710

Best model saved with valid acc=91.7844522968198

-----------------------------

Epoch 19: loss=2.8998|0.4162, acc=99.6444|91.1219, fr=0.5964, lr=0.0049, time=09.728901

-----------------------------

Epoch 20: loss=2.8986|0.4006, acc=99.7057|90.9894, fr=0.5918, lr=0.0049, time=09.591844

-----------------------------

Epoch 21: loss=2.8879|0.4017, acc=99.7548|91.4753, fr=0.6057, lr=0.0034, time=09.825014

-----------------------------

Epoch 22: loss=2.8825|0.4121, acc=99.8651|90.8569, fr=0.6177, lr=0.0034, time=09.727273

-----------------------------

Epoch 23: loss=2.8764|0.4117, acc=99.9019|91.3869, fr=0.6292, lr=0.0024, time=09.621124

-----------------------------

Epoch 24: loss=2.8720|0.4233, acc=99.8651|90.9011, fr=0.6415, lr=0.0024, time=09.808906

-----------------------------

Epoch 25: loss=2.8693|0.4061, acc=99.8897|91.0777, fr=0.6480, lr=0.0017, time=09.612817

-----------------------------

Epoch 26: loss=2.8668|0.4136, acc=99.8651|91.2544, fr=0.6536, lr=0.0017, time=09.601222

-----------------------------

Epoch 27: loss=2.8629|0.4185, acc=99.8897|91.1219, fr=0.6653, lr=0.0012, time=10.072653

-----------------------------

Epoch 28: loss=2.8622|0.4150, acc=99.9019|91.2544, fr=0.6755, lr=0.0012, time=10.700915

-----------------------------

Epoch 29: loss=2.8609|0.4139, acc=99.9264|91.3869, fr=0.6785, lr=0.0008, time=10.088439

-----------------------------

Epoch 30: loss=2.8565|0.4130, acc=99.9264|91.0336, fr=0.6829, lr=0.0008, time=09.720140

-----------------------------


Best valid acc at epoch 18: 91.7844522968198

------ Training finished ------

