===== Exp configuration =====
date:		08-26-01-40
save_dir:		./log/08-26-01-40
dataset_name:		shd
data_folder:		./data/raw/
input_dim:		700
output_dim:		20
nb_steps:		100
trials:		100
scheduler_patience:		5
scheduler_factor:		0.7
lens:		0.5
gamma:		0.5
gradient_type:		linear
scale:		6.0
hight:		0.15
best_acc:		88
cluster:		8
batch_size:		512
nb_epochs:		100
lr:		0.015
weight_decay:		1e-05
reg_factor:		0.5
reg_fmin:		0.01
reg_fmax:		0.1
fr_ent:		0.1
seed:		117
ckpt_freq:		-1
threshold:		1.0
smoothing:		0.1
pdrop:		0.1
normalization:		batchnorm
train_input:		True
nb_hiddens:		1024
noise_test:		0.0
device:		cuda:0

Created new spiking model:
 RC(
  (W): Linear(in_features=700, out_features=1024, bias=True)
  (V): Linear(in_features=1024, out_features=1024, bias=False)
  (read): Linear(in_features=1024, out_features=20, bias=True)
  (norm): BatchNorm1d(1024, eps=1e-05, momentum=0.05, affine=True, track_running_stats=True)
  (norm_read): BatchNorm1d(20, eps=1e-05, momentum=0.05, affine=True, track_running_stats=True)
  (drop): Dropout(p=0.1, inplace=False)
)

Total number of trainable parameters is 1793104

**************  Trial 1  **************
Epoch 0: cin|cout=0.001468|0.013434|9.1514
-----------------------------

Epoch 1: loss=7.7897|5.3145, acc=25.0490|14.6643, fr=0.6642, cin|cout=0.007334|0.033334|4.5450, lr=0.0150, time=08.816233
-----------------------------

Epoch 2: loss=4.3734|2.2504, acc=32.8347|51.0601, fr=0.4437, cin|cout=0.010500|0.041024|3.9071, lr=0.0150, time=07.954860
-----------------------------

Epoch 3: loss=2.6694|1.4359, acc=56.1795|64.8410, fr=0.3831, cin|cout=0.011663|0.043520|3.7314, lr=0.0150, time=07.911550
-----------------------------

Epoch 4: loss=2.1311|0.8414, acc=68.4036|77.5177, fr=0.4292, cin|cout=0.012129|0.044358|3.6571, lr=0.0150, time=07.894746
-----------------------------

Epoch 5: loss=1.7543|0.6305, acc=79.5120|82.3322, fr=0.4701, cin|cout=0.012451|0.044564|3.5791, lr=0.0150, time=07.957545
-----------------------------

Epoch 6: loss=1.5773|0.5318, acc=87.1260|85.4682, fr=0.5010, cin|cout=0.012625|0.044579|3.5311, lr=0.0150, time=08.012865
-----------------------------

Epoch 7: loss=1.4844|0.5168, acc=90.2894|85.6449, fr=0.4924, cin|cout=0.012707|0.044676|3.5158, lr=0.0150, time=08.040432
-----------------------------

Epoch 8: loss=1.5368|0.7867, acc=91.6871|81.6696, fr=0.4873, cin|cout=0.012998|0.045519|3.5019, lr=0.0150, time=08.782442
-----------------------------

Epoch 9: loss=2.3247|0.4334, acc=85.4463|87.6325, fr=0.5287, cin|cout=0.014032|0.047081|3.3552, lr=0.0150, time=08.280458
-----------------------------

Epoch 10: loss=1.9693|0.4428, acc=89.9583|88.1625, fr=0.5578, cin|cout=0.014414|0.048444|3.3608, lr=0.0150, time=08.694677

Best model saved with valid acc=88.16254416961131
-----------------------------

Epoch 11: loss=1.7351|0.4358, acc=94.5316|88.6484, fr=0.5429, cin|cout=0.014545|0.048886|3.3611, lr=0.0150, time=08.429299

Best model saved with valid acc=88.64840989399293
-----------------------------

Epoch 12: loss=1.5665|0.3805, acc=96.1256|90.9894, fr=0.5278, cin|cout=0.014572|0.049030|3.3647, lr=0.0150, time=07.975761

Best model saved with valid acc=90.98939929328623
-----------------------------

Epoch 13: loss=1.4685|0.3990, acc=96.8612|91.4311, fr=0.5281, cin|cout=0.014609|0.049004|3.3543, lr=0.0150, time=07.926564

Best model saved with valid acc=91.43109540636043
-----------------------------

Epoch 14: loss=1.4134|0.4021, acc=97.7563|90.6802, fr=0.5222, cin|cout=0.014618|0.049018|3.3533, lr=0.0150, time=07.951971
-----------------------------

Epoch 15: loss=1.3948|0.4077, acc=98.1609|91.7403, fr=0.5185, cin|cout=0.014622|0.049060|3.3553, lr=0.0150, time=07.832613

Best model saved with valid acc=91.74028268551237
-----------------------------

Epoch 16: loss=1.3713|0.4236, acc=98.9578|91.1219, fr=0.5194, cin|cout=0.014629|0.049074|3.3545, lr=0.0150, time=08.008930
-----------------------------

Epoch 17: loss=1.4287|0.4399, acc=99.1050|90.6360, fr=0.5270, cin|cout=0.014637|0.049101|3.3545, lr=0.0150, time=07.868942
-----------------------------

Epoch 18: loss=1.3479|0.4235, acc=99.2521|90.6802, fr=0.5258, cin|cout=0.014643|0.049068|3.3509, lr=0.0150, time=07.931302
-----------------------------

Epoch 19: loss=1.3352|0.4554, acc=99.4605|90.1060, fr=0.5300, cin|cout=0.014646|0.049073|3.3506, lr=0.0150, time=07.859389
-----------------------------

Epoch 20: loss=1.3334|0.4343, acc=99.4728|91.1661, fr=0.5254, cin|cout=0.014651|0.049059|3.3484, lr=0.0150, time=07.991507
-----------------------------

Epoch 21: loss=1.3259|0.4341, acc=99.7670|91.4311, fr=0.5218, cin|cout=0.014657|0.049068|3.3478, lr=0.0150, time=07.955825
-----------------------------

Epoch 22: loss=1.3299|0.4318, acc=99.7425|91.8286, fr=0.5277, cin|cout=0.014661|0.049094|3.3486, lr=0.0105, time=07.873522

Best model saved with valid acc=91.8286219081272
-----------------------------

Epoch 23: loss=1.3104|0.4512, acc=99.9264|91.4753, fr=0.5318, cin|cout=0.014665|0.049119|3.3495, lr=0.0105, time=08.532936
-----------------------------

Epoch 24: loss=1.3025|0.4466, acc=99.9387|91.3428, fr=0.5316, cin|cout=0.014664|0.049148|3.3515, lr=0.0105, time=07.958878
-----------------------------

Epoch 25: loss=1.2987|0.4537, acc=99.9142|91.5194, fr=0.5364, cin|cout=0.014666|0.049154|3.3516, lr=0.0105, time=07.980909
-----------------------------

Epoch 26: loss=1.2996|0.4472, acc=99.9264|91.2986, fr=0.5379, cin|cout=0.014670|0.049147|3.3502, lr=0.0105, time=07.814214
-----------------------------

Epoch 27: loss=1.2981|0.4464, acc=99.9387|91.4311, fr=0.5406, cin|cout=0.014674|0.049127|3.3480, lr=0.0105, time=07.927465
-----------------------------

Epoch 28: loss=1.2938|0.4602, acc=99.9632|91.4311, fr=0.5426, cin|cout=0.014676|0.049116|3.3467, lr=0.0105, time=07.967205
-----------------------------

Epoch 29: loss=1.2911|0.4632, acc=99.9755|91.4311, fr=0.5455, cin|cout=0.014681|0.049101|3.3446, lr=0.0073, time=07.900672
-----------------------------

Epoch 30: loss=1.2888|0.4595, acc=99.9755|91.3428, fr=0.5511, cin|cout=0.014688|0.049047|3.3392, lr=0.0073, time=07.870286
-----------------------------

Epoch 31: loss=1.2886|0.4670, acc=99.9755|91.6961, fr=0.5514, cin|cout=0.014689|0.049036|3.3383, lr=0.0073, time=07.930078
-----------------------------

Epoch 32: loss=1.2903|0.4821, acc=99.9755|90.9011, fr=0.5539, cin|cout=0.014692|0.049029|3.3372, lr=0.0073, time=07.916441
-----------------------------

Epoch 33: loss=1.2894|0.4704, acc=100.0000|91.2986, fr=0.5583, cin|cout=0.014694|0.049018|3.3358, lr=0.0073, time=07.866682
-----------------------------

Epoch 34: loss=1.2878|0.4605, acc=99.9877|91.5636, fr=0.5594, cin|cout=0.014693|0.049013|3.3359, lr=0.0073, time=07.993039
-----------------------------

Epoch 35: loss=1.2870|0.4709, acc=100.0000|91.3428, fr=0.5611, cin|cout=0.014694|0.049014|3.3356, lr=0.0051, time=07.959604
-----------------------------

Epoch 36: loss=1.2859|0.4804, acc=99.9755|91.1219, fr=0.5613, cin|cout=0.014695|0.048984|3.3333, lr=0.0051, time=07.879304
-----------------------------

Epoch 37: loss=1.2854|0.4849, acc=99.9877|91.2986, fr=0.5621, cin|cout=0.014699|0.048950|3.3301, lr=0.0051, time=07.979774
-----------------------------

Epoch 38: loss=1.2815|0.4668, acc=100.0000|91.4753, fr=0.5638, cin|cout=0.014701|0.048941|3.3291, lr=0.0051, time=07.834693
-----------------------------

Epoch 39: loss=1.2804|0.4769, acc=100.0000|91.5194, fr=0.5649, cin|cout=0.014702|0.048936|3.3284, lr=0.0051, time=07.904288
-----------------------------

Epoch 40: loss=1.2796|0.4639, acc=100.0000|92.5795, fr=0.5674, cin|cout=0.014706|0.048921|3.3266, lr=0.0051, time=07.887892

Best model saved with valid acc=92.57950530035336
-----------------------------

Epoch 41: loss=1.2778|0.4759, acc=100.0000|91.5194, fr=0.5677, cin|cout=0.014707|0.048932|3.3270, lr=0.0051, time=07.968448
-----------------------------

Epoch 42: loss=1.2743|0.4825, acc=99.9877|91.6519, fr=0.5695, cin|cout=0.014704|0.048966|3.3301, lr=0.0051, time=08.374394
-----------------------------

Epoch 43: loss=1.2738|0.4695, acc=100.0000|91.6519, fr=0.5705, cin|cout=0.014703|0.048959|3.3299, lr=0.0051, time=07.935726
-----------------------------

Epoch 44: loss=1.2741|0.4806, acc=100.0000|91.9611, fr=0.5731, cin|cout=0.014705|0.048944|3.3283, lr=0.0051, time=07.916008
-----------------------------

Epoch 45: loss=1.2714|0.4768, acc=100.0000|91.9170, fr=0.5755, cin|cout=0.014707|0.048943|3.3279, lr=0.0051, time=07.898920
-----------------------------

Epoch 46: loss=1.2704|0.4702, acc=100.0000|92.1820, fr=0.5771, cin|cout=0.014710|0.048944|3.3273, lr=0.0051, time=07.968935
-----------------------------

Epoch 47: loss=1.2697|0.4677, acc=100.0000|92.3145, fr=0.5767, cin|cout=0.014709|0.048948|3.3278, lr=0.0036, time=07.918946
-----------------------------

Epoch 48: loss=1.2716|0.4835, acc=100.0000|91.7845, fr=0.5746, cin|cout=0.014708|0.048948|3.3280, lr=0.0036, time=07.849966
-----------------------------

Epoch 49: loss=1.2722|0.4783, acc=100.0000|91.1661, fr=0.5750, cin|cout=0.014710|0.048932|3.3264, lr=0.0036, time=07.921597
-----------------------------

Epoch 50: loss=1.2683|0.4908, acc=100.0000|92.0053, fr=0.5747, cin|cout=0.014711|0.048921|3.3254, lr=0.0036, time=07.945079
-----------------------------

Epoch 51: loss=1.2673|0.4940, acc=100.0000|91.6961, fr=0.5790, cin|cout=0.014713|0.048916|3.3247, lr=0.0036, time=07.911294
-----------------------------

Epoch 52: loss=1.2648|0.4806, acc=100.0000|92.0053, fr=0.5814, cin|cout=0.014714|0.048917|3.3245, lr=0.0036, time=07.871444
-----------------------------

Epoch 53: loss=1.2666|0.4791, acc=100.0000|91.6961, fr=0.5810, cin|cout=0.014713|0.048911|3.3242, lr=0.0025, time=07.877964
-----------------------------

Epoch 54: loss=1.2667|0.4894, acc=100.0000|91.9611, fr=0.5779, cin|cout=0.014715|0.048904|3.3235, lr=0.0025, time=07.869582
-----------------------------

