===== Exp configuration =====
date:		08-21-21-32
save_dir:		./log/08-21-21-32
dataset_name:		shd
data_folder:		./data/raw/
input_dim:		700
output_dim:		20
nb_steps:		100
trials:		5
scheduler_patience:		5
scheduler_factor:		0.7
lens:		0.5
gamma:		0.5
gradient_type:		linear
scale:		6.0
hight:		0.15
batch_size:		512
nb_epochs:		100
lr:		0.015
weight_decay:		1e-05
reg_factor:		0.5
reg_fmin:		0.01
reg_fmax:		0.1
fr_ent:		0.1
seed:		1692624765
ckpt_freq:		10
threshold:		1.0
smoothing:		0.1
pdrop:		0.1
normalization:		batchnorm
train_input:		True
nb_hiddens:		1024
noise_test:		0.0
device:		cuda:0

Created new spiking model:
 RC(
  (W): Linear(in_features=700, out_features=1024, bias=True)
  (V): Linear(in_features=1024, out_features=1024, bias=False)
  (read): Linear(in_features=1024, out_features=20, bias=True)
  (norm): BatchNorm1d(1024, eps=1e-05, momentum=0.05, affine=True, track_running_stats=True)
  (norm_read): BatchNorm1d(20, eps=1e-05, momentum=0.05, affine=True, track_running_stats=True)
  (drop): Dropout(p=0.1, inplace=False)
)

Total number of trainable parameters is 1793104

**************  Trial 1  **************
Epoch 0: cin|cout=0.001474|0.015576|10.5651
-----------------------------

Epoch 1: loss=7.9993|5.3623, acc=29.7450|12.9417, fr=0.3935, cin|cout=0.007307|0.033060|4.5243, lr=0.0150, time=13.125656
-----------------------------

Epoch 2: loss=4.6290|1.7691, acc=35.7406|49.0724, fr=0.3175, cin|cout=0.010345|0.038335|3.7056, lr=0.0150, time=11.846140
-----------------------------

Epoch 3: loss=3.5495|1.1149, acc=63.4870|73.5424, fr=0.3146, cin|cout=0.011339|0.040178|3.5435, lr=0.0150, time=11.886884
-----------------------------

Epoch 4: loss=3.0765|0.8036, acc=78.2982|80.3887, fr=0.3208, cin|cout=0.011619|0.040726|3.5050, lr=0.0150, time=10.821166
-----------------------------

Epoch 5: loss=2.7386|0.5856, acc=86.2678|83.4364, fr=0.3356, cin|cout=0.011738|0.041159|3.5066, lr=0.0150, time=10.698621
-----------------------------

Epoch 6: loss=2.5778|0.5242, acc=91.9323|84.8057, fr=0.3541, cin|cout=0.011813|0.041181|3.4861, lr=0.0150, time=10.741262
-----------------------------

Epoch 7: loss=2.5130|0.4703, acc=93.6856|87.1908, fr=0.3625, cin|cout=0.011859|0.041045|3.4610, lr=0.0150, time=10.695045

Best model saved with valid acc=87.19081272084806
-----------------------------

Epoch 8: loss=2.4637|0.4625, acc=96.0765|88.4276, fr=0.3722, cin|cout=0.011875|0.041121|3.4628, lr=0.0150, time=11.069463

Best model saved with valid acc=88.42756183745583
-----------------------------

Epoch 9: loss=2.4391|0.5114, acc=96.8980|85.8657, fr=0.3741, cin|cout=0.011887|0.041107|3.4582, lr=0.0150, time=12.265324
-----------------------------

Epoch 10: loss=2.4130|0.4514, acc=97.8666|89.3993, fr=0.3743, cin|cout=0.011891|0.041137|3.4596, lr=0.0150, time=11.312351

Best model saved with valid acc=89.39929328621908
-----------------------------

Epoch 11: loss=2.3926|0.4718, acc=98.2590|88.0742, fr=0.3732, cin|cout=0.011902|0.041173|3.4593, lr=0.0150, time=10.654203
-----------------------------

Epoch 12: loss=2.3795|0.4330, acc=98.8107|91.1219, fr=0.3691, cin|cout=0.011914|0.041112|3.4507, lr=0.0150, time=10.847077

Best model saved with valid acc=91.12190812720848
-----------------------------

Epoch 13: loss=2.3633|0.4772, acc=99.3011|89.9735, fr=0.3749, cin|cout=0.011935|0.041126|3.4459, lr=0.0150, time=10.856356
-----------------------------

Epoch 14: loss=2.3612|0.5270, acc=99.1908|87.8975, fr=0.3779, cin|cout=0.011975|0.041312|3.4498, lr=0.0150, time=10.349246
-----------------------------

Epoch 15: loss=2.3468|0.4635, acc=99.5586|90.4152, fr=0.3797, cin|cout=0.011985|0.041381|3.4529, lr=0.0150, time=10.609757
-----------------------------

Epoch 16: loss=2.3355|0.4572, acc=99.5954|90.9894, fr=0.3877, cin|cout=0.011994|0.041410|3.4525, lr=0.0150, time=10.663307
-----------------------------

Epoch 17: loss=2.3302|0.4919, acc=99.7548|90.7244, fr=0.3896, cin|cout=0.011999|0.041483|3.4572, lr=0.0150, time=11.262643
-----------------------------

Epoch 18: loss=2.3239|0.4736, acc=99.7793|90.8127, fr=0.3935, cin|cout=0.012005|0.041514|3.4580, lr=0.0150, time=11.820681
-----------------------------

Epoch 19: loss=2.3154|0.4872, acc=99.9264|90.0177, fr=0.3959, cin|cout=0.012006|0.041509|3.4572, lr=0.0105, time=10.959150
-----------------------------

Epoch 20: loss=2.3137|0.4825, acc=99.9142|90.4594, fr=0.3965, cin|cout=0.012007|0.041509|3.4570, lr=0.0105, time=11.174060
-----------------------------

Epoch 21: loss=2.3083|0.5182, acc=99.8897|89.6643, fr=0.3991, cin|cout=0.012004|0.041504|3.4573, lr=0.0105, time=11.179124
-----------------------------

Epoch 22: loss=2.3080|0.5009, acc=99.9755|90.5477, fr=0.4042, cin|cout=0.012000|0.041509|3.4591, lr=0.0105, time=10.840268
-----------------------------

Epoch 23: loss=2.3003|0.4770, acc=99.9877|90.6802, fr=0.4069, cin|cout=0.011998|0.041545|3.4625, lr=0.0105, time=10.609081
-----------------------------

Epoch 24: loss=2.2984|0.5018, acc=99.9877|90.3710, fr=0.4058, cin|cout=0.011999|0.041537|3.4618, lr=0.0105, time=10.628950
-----------------------------

Epoch 25: loss=2.2946|0.4848, acc=99.9755|90.6802, fr=0.4059, cin|cout=0.011999|0.041537|3.4616, lr=0.0073, time=10.813927
-----------------------------

Epoch 26: loss=2.2920|0.5165, acc=100.0000|89.9735, fr=0.4108, cin|cout=0.012001|0.041542|3.4616, lr=0.0073, time=11.067868
-----------------------------

Epoch 27: loss=2.2900|0.5051, acc=100.0000|90.7244, fr=0.4154, cin|cout=0.012001|0.041530|3.4605, lr=0.0073, time=10.865236
-----------------------------

Epoch 28: loss=2.2885|0.5160, acc=100.0000|90.5035, fr=0.4194, cin|cout=0.012001|0.041526|3.4601, lr=0.0073, time=10.946167
-----------------------------

Epoch 29: loss=2.2861|0.5223, acc=100.0000|90.0177, fr=0.4228, cin|cout=0.012009|0.041495|3.4552, lr=0.0073, time=11.188134
-----------------------------

Epoch 30: loss=2.2846|0.5372, acc=100.0000|89.6201, fr=0.4239, cin|cout=0.012022|0.041454|3.4482, lr=0.0073, time=10.634122
-----------------------------

Epoch 31: loss=2.2845|0.5235, acc=100.0000|90.0618, fr=0.4253, cin|cout=0.012022|0.041451|3.4479, lr=0.0051, time=11.397208
-----------------------------

Epoch 32: loss=2.2836|0.5057, acc=100.0000|90.7244, fr=0.4276, cin|cout=0.012021|0.041456|3.4485, lr=0.0051, time=11.047493
-----------------------------

Epoch 33: loss=2.2819|0.5097, acc=100.0000|90.6360, fr=0.4302, cin|cout=0.012021|0.041444|3.4476, lr=0.0051, time=10.426549
-----------------------------

Epoch 34: loss=2.2814|0.5091, acc=100.0000|90.1943, fr=0.4320, cin|cout=0.012022|0.041441|3.4471, lr=0.0051, time=11.960163
-----------------------------

Epoch 35: loss=2.2810|0.5087, acc=100.0000|90.9011, fr=0.4357, cin|cout=0.012021|0.041448|3.4480, lr=0.0051, time=10.583996
-----------------------------

Epoch 36: loss=2.2804|0.5131, acc=100.0000|90.2827, fr=0.4369, cin|cout=0.012022|0.041444|3.4472, lr=0.0051, time=09.564035
-----------------------------

Epoch 37: loss=2.2794|0.5216, acc=100.0000|90.5919, fr=0.4384, cin|cout=0.012024|0.041428|3.4455, lr=0.0036, time=07.930204
-----------------------------

Epoch 38: loss=2.2786|0.5288, acc=100.0000|89.7968, fr=0.4382, cin|cout=0.012025|0.041419|3.4445, lr=0.0036, time=08.028517
-----------------------------

Epoch 39: loss=2.2780|0.5260, acc=100.0000|90.1502, fr=0.4401, cin|cout=0.012024|0.041417|3.4445, lr=0.0036, time=07.978649
-----------------------------

Epoch 40: loss=2.2776|0.5247, acc=100.0000|90.5919, fr=0.4427, cin|cout=0.012026|0.041402|3.4428, lr=0.0036, time=07.923940
-----------------------------

Epoch 41: loss=2.2772|0.5226, acc=100.0000|90.2827, fr=0.4433, cin|cout=0.012026|0.041392|3.4420, lr=0.0036, time=07.955970
-----------------------------

Epoch 42: loss=2.2768|0.5310, acc=100.0000|89.9735, fr=0.4456, cin|cout=0.012026|0.041390|3.4418, lr=0.0036, time=07.897087
-----------------------------

Epoch 43: loss=2.2763|0.5244, acc=100.0000|89.9735, fr=0.4474, cin|cout=0.012025|0.041385|3.4415, lr=0.0025, time=07.934593
-----------------------------

Epoch 44: loss=2.2758|0.5308, acc=100.0000|89.7527, fr=0.4494, cin|cout=0.012026|0.041380|3.4409, lr=0.0025, time=07.906641
-----------------------------

Epoch 45: loss=2.2754|0.5205, acc=100.0000|90.6360, fr=0.4510, cin|cout=0.012025|0.041379|3.4411, lr=0.0025, time=07.984456
-----------------------------

Epoch 46: loss=2.2756|0.5272, acc=100.0000|90.0177, fr=0.4519, cin|cout=0.012025|0.041382|3.4415, lr=0.0025, time=07.960334
-----------------------------

Epoch 47: loss=2.2748|0.5322, acc=100.0000|89.7968, fr=0.4523, cin|cout=0.012025|0.041380|3.4412, lr=0.0025, time=07.917196
-----------------------------

Epoch 48: loss=2.2753|0.5300, acc=100.0000|89.8852, fr=0.4536, cin|cout=0.012024|0.041396|3.4427, lr=0.0025, time=07.899282
-----------------------------

Epoch 49: loss=2.2743|0.5162, acc=100.0000|90.5919, fr=0.4527, cin|cout=0.012025|0.041392|3.4423, lr=0.0018, time=07.901861
-----------------------------

Epoch 50: loss=2.2741|0.5317, acc=100.0000|90.1502, fr=0.4540, cin|cout=0.012025|0.041393|3.4424, lr=0.0018, time=07.928974
-----------------------------

Epoch 51: loss=2.2743|0.5268, acc=100.0000|90.6802, fr=0.4554, cin|cout=0.012025|0.041386|3.4417, lr=0.0018, time=07.940824
-----------------------------

Epoch 52: loss=2.2734|0.5321, acc=100.0000|90.4152, fr=0.4561, cin|cout=0.012025|0.041384|3.4415, lr=0.0018, time=07.974381
-----------------------------

Epoch 53: loss=2.2730|0.5244, acc=100.0000|90.5035, fr=0.4575, cin|cout=0.012025|0.041384|3.4414, lr=0.0018, time=07.913658
-----------------------------

Epoch 54: loss=2.2734|0.5442, acc=100.0000|90.1060, fr=0.4593, cin|cout=0.012025|0.041379|3.4412, lr=0.0018, time=08.008322
-----------------------------

Epoch 55: loss=2.2732|0.5276, acc=100.0000|90.1943, fr=0.4608, cin|cout=0.012025|0.041381|3.4413, lr=0.0012, time=07.976094
-----------------------------

Epoch 56: loss=2.2727|0.5243, acc=100.0000|90.4152, fr=0.4610, cin|cout=0.012025|0.041387|3.4419, lr=0.0012, time=07.954664
-----------------------------

Epoch 57: loss=2.2725|0.5285, acc=100.0000|90.0177, fr=0.4615, cin|cout=0.012024|0.041386|3.4418, lr=0.0012, time=07.901006
-----------------------------

Epoch 58: loss=2.2723|0.5352, acc=100.0000|89.5318, fr=0.4623, cin|cout=0.012024|0.041385|3.4418, lr=0.0012, time=07.946898
-----------------------------

Epoch 59: loss=2.2722|0.5237, acc=100.0000|90.5919, fr=0.4633, cin|cout=0.012025|0.041382|3.4415, lr=0.0012, time=08.068332
-----------------------------

Epoch 60: loss=2.2721|0.5395, acc=100.0000|89.7527, fr=0.4646, cin|cout=0.012025|0.041382|3.4415, lr=0.0012, time=08.606449
-----------------------------

Epoch 61: loss=2.2720|0.5315, acc=100.0000|90.2827, fr=0.4653, cin|cout=0.012024|0.041379|3.4413, lr=0.0009, time=08.667509
-----------------------------

