===== Exp configuration =====
date:		08-26-01-48
save_dir:		./log/08-26-01-48
dataset_name:		shd
data_folder:		./data/raw/
input_dim:		700
output_dim:		20
nb_steps:		100
trials:		100
scheduler_patience:		5
scheduler_factor:		0.7
lens:		0.5
gamma:		0.5
gradient_type:		linear
scale:		6.0
hight:		0.15
best_acc:		88
cluster:		8
batch_size:		512
nb_epochs:		100
lr:		0.015
weight_decay:		1e-05
reg_factor:		0.5
reg_fmin:		0.01
reg_fmax:		0.1
fr_ent:		0.1
seed:		117
ckpt_freq:		-1
threshold:		1.0
smoothing:		0.1
pdrop:		0.1
normalization:		batchnorm
train_input:		True
nb_hiddens:		1024
noise_test:		0.0
device:		cuda:0

Created new spiking model:
 RC(
  (W): Linear(in_features=700, out_features=1024, bias=True)
  (V): Linear(in_features=1024, out_features=1024, bias=False)
  (read): Linear(in_features=1024, out_features=20, bias=True)
  (norm): BatchNorm1d(1024, eps=1e-05, momentum=0.05, affine=True, track_running_stats=True)
  (norm_read): BatchNorm1d(20, eps=1e-05, momentum=0.05, affine=True, track_running_stats=True)
  (drop): Dropout(p=0.1, inplace=False)
)

Total number of trainable parameters is 1793104

**************  Trial 1  **************
Epoch 0: cin|cout=0.001468|0.013434|9.1514
-----------------------------

Epoch 1: loss=7.3934|17.6550, acc=23.8843|5.3887, fr=0.2740, cin|cout=0.007514|0.030829|4.1027, lr=0.0150, time=09.538088
-----------------------------

Epoch 2: loss=6.0924|3.0783, acc=17.9868|29.9470, fr=0.3097, cin|cout=0.011366|0.037736|3.3200, lr=0.0150, time=08.810421
-----------------------------

Epoch 3: loss=3.5369|5.0954, acc=28.9725|19.4346, fr=0.3770, cin|cout=0.012521|0.039146|3.1264, lr=0.0150, time=09.135123
-----------------------------

Epoch 4: loss=6.5422|4.8275, acc=17.7661|26.5018, fr=0.3047, cin|cout=0.013106|0.039462|3.0110, lr=0.0150, time=08.760495
-----------------------------

Epoch 5: loss=6.4981|4.0958, acc=21.0765|28.0477, fr=0.2316, cin|cout=0.013502|0.039869|2.9529, lr=0.0150, time=08.209075
-----------------------------

Epoch 6: loss=4.8294|3.3609, acc=33.4232|42.0053, fr=0.2505, cin|cout=0.013801|0.040431|2.9296, lr=0.0150, time=07.656562
-----------------------------

Epoch 7: loss=3.3924|2.9409, acc=45.4635|46.0247, fr=0.3404, cin|cout=0.013865|0.040596|2.9278, lr=0.0150, time=07.775763
-----------------------------

Epoch 8: loss=2.8915|2.5722, acc=50.3556|53.1360, fr=0.2976, cin|cout=0.013890|0.040595|2.9225, lr=0.0150, time=07.691670
-----------------------------

Epoch 9: loss=2.6528|2.3457, acc=56.3021|55.8304, fr=0.2859, cin|cout=0.013910|0.040548|2.9151, lr=0.0150, time=07.653970
-----------------------------

Epoch 10: loss=2.4699|2.1726, acc=59.5758|59.7173, fr=0.2676, cin|cout=0.013924|0.040555|2.9125, lr=0.0150, time=07.754255
-----------------------------

Epoch 11: loss=2.2991|2.0432, acc=62.2854|61.3958, fr=0.2636, cin|cout=0.013944|0.040519|2.9057, lr=0.0150, time=07.668195
-----------------------------

Epoch 12: loss=2.1607|1.8762, acc=65.6694|62.8534, fr=0.2654, cin|cout=0.013961|0.040516|2.9021, lr=0.0150, time=07.660479
-----------------------------

Epoch 13: loss=2.0089|1.6861, acc=67.7415|64.6201, fr=0.2666, cin|cout=0.013974|0.040545|2.9016, lr=0.0150, time=07.659047
-----------------------------

Epoch 14: loss=1.8416|1.5309, acc=72.9524|70.7597, fr=0.2730, cin|cout=0.013984|0.040596|2.9030, lr=0.0150, time=07.708402
-----------------------------

Epoch 15: loss=1.7153|1.3968, acc=75.8950|71.9081, fr=0.2857, cin|cout=0.013992|0.040662|2.9061, lr=0.0150, time=07.683969
-----------------------------

Epoch 16: loss=1.5794|1.2413, acc=77.9549|72.3498, fr=0.2909, cin|cout=0.013997|0.040704|2.9080, lr=0.0150, time=07.714950
-----------------------------

Epoch 17: loss=1.3782|1.0321, acc=80.4561|75.6184, fr=0.2934, cin|cout=0.014008|0.040713|2.9065, lr=0.0150, time=07.705428
-----------------------------

Epoch 18: loss=1.1974|0.8453, acc=85.0172|78.8428, fr=0.3088, cin|cout=0.014017|0.040697|2.9035, lr=0.0150, time=07.710894
-----------------------------

Epoch 19: loss=1.0946|0.7377, acc=87.7146|82.4647, fr=0.3195, cin|cout=0.014020|0.040728|2.9050, lr=0.0150, time=07.694774
-----------------------------

Epoch 20: loss=0.9856|0.6122, acc=90.8779|85.6890, fr=0.3280, cin|cout=0.014025|0.040747|2.9052, lr=0.0150, time=07.692557
-----------------------------

Epoch 21: loss=0.8817|0.5236, acc=95.6106|86.6166, fr=0.3423, cin|cout=0.014033|0.040756|2.9043, lr=0.0150, time=07.689434
-----------------------------

Epoch 22: loss=0.8378|0.5060, acc=96.9593|88.2509, fr=0.3541, cin|cout=0.014037|0.040779|2.9052, lr=0.0150, time=07.670510

Best model saved with valid acc=88.25088339222614
-----------------------------

Epoch 23: loss=0.8087|0.4748, acc=97.9402|88.6926, fr=0.3623, cin|cout=0.014041|0.040809|2.9065, lr=0.0150, time=07.825074

Best model saved with valid acc=88.69257950530036
-----------------------------

Epoch 24: loss=0.7888|0.4855, acc=98.2712|88.7367, fr=0.3706, cin|cout=0.014044|0.040838|2.9079, lr=0.0150, time=07.780885

Best model saved with valid acc=88.73674911660777
-----------------------------

Epoch 25: loss=0.7760|0.4570, acc=98.8107|89.8852, fr=0.3765, cin|cout=0.014044|0.040873|2.9103, lr=0.0150, time=07.777556

Best model saved with valid acc=89.8851590106007
-----------------------------

Epoch 26: loss=0.7588|0.4867, acc=99.0927|88.7809, fr=0.3791, cin|cout=0.014047|0.040893|2.9111, lr=0.0150, time=08.407243
-----------------------------

Epoch 27: loss=0.7476|0.4669, acc=99.2889|89.9735, fr=0.3825, cin|cout=0.014051|0.040892|2.9102, lr=0.0150, time=08.153314

Best model saved with valid acc=89.97349823321555
-----------------------------

Epoch 28: loss=0.7369|0.4660, acc=99.5096|89.3110, fr=0.3860, cin|cout=0.014056|0.040909|2.9104, lr=0.0150, time=07.794102
-----------------------------

Epoch 29: loss=0.7295|0.4882, acc=99.5341|89.3110, fr=0.3886, cin|cout=0.014057|0.040932|2.9119, lr=0.0150, time=08.420599
-----------------------------

Epoch 30: loss=0.7224|0.4531, acc=99.5463|90.2827, fr=0.3927, cin|cout=0.014057|0.040938|2.9122, lr=0.0150, time=08.212662

Best model saved with valid acc=90.2826855123675
-----------------------------

Epoch 31: loss=0.7158|0.4577, acc=99.6812|90.9011, fr=0.3945, cin|cout=0.014060|0.040960|2.9132, lr=0.0150, time=08.492927

Best model saved with valid acc=90.90106007067138
-----------------------------

Epoch 32: loss=0.7083|0.4806, acc=99.7916|90.1502, fr=0.3963, cin|cout=0.014065|0.040963|2.9124, lr=0.0150, time=07.751275
-----------------------------

Epoch 33: loss=0.7035|0.4841, acc=99.8161|90.1943, fr=0.3997, cin|cout=0.014071|0.040966|2.9114, lr=0.0150, time=07.758722
-----------------------------

Epoch 34: loss=0.6999|0.4895, acc=99.8651|90.2827, fr=0.4015, cin|cout=0.014072|0.040975|2.9117, lr=0.0150, time=07.673221
-----------------------------

Epoch 35: loss=0.6960|0.4846, acc=99.8897|90.4152, fr=0.4018, cin|cout=0.014076|0.040978|2.9112, lr=0.0150, time=07.615524
-----------------------------

Epoch 36: loss=0.6903|0.4913, acc=99.9264|89.9735, fr=0.4054, cin|cout=0.014077|0.040979|2.9110, lr=0.0150, time=07.685466
-----------------------------

Epoch 37: loss=0.6882|0.4898, acc=99.9387|90.3269, fr=0.4067, cin|cout=0.014079|0.040979|2.9106, lr=0.0150, time=07.761072
-----------------------------

Epoch 38: loss=0.6833|0.4894, acc=99.9387|90.4594, fr=0.4080, cin|cout=0.014080|0.040984|2.9108, lr=0.0105, time=07.670567
-----------------------------

Epoch 39: loss=0.6809|0.4974, acc=99.9632|89.7527, fr=0.4081, cin|cout=0.014081|0.040978|2.9101, lr=0.0105, time=07.690728
-----------------------------

Epoch 40: loss=0.6778|0.4959, acc=99.9632|90.0177, fr=0.4096, cin|cout=0.014082|0.040975|2.9098, lr=0.0105, time=07.689181
-----------------------------

Epoch 41: loss=0.6766|0.4790, acc=99.9755|90.9452, fr=0.4116, cin|cout=0.014082|0.040962|2.9087, lr=0.0105, time=07.656913

Best model saved with valid acc=90.9452296819788
-----------------------------

Epoch 42: loss=0.6751|0.5053, acc=99.9632|89.4435, fr=0.4123, cin|cout=0.014085|0.040956|2.9079, lr=0.0105, time=07.684468
-----------------------------

Epoch 43: loss=0.6729|0.4996, acc=99.9755|90.1060, fr=0.4141, cin|cout=0.014086|0.040956|2.9075, lr=0.0105, time=07.611078
-----------------------------

Epoch 44: loss=0.6717|0.5023, acc=99.9877|90.0618, fr=0.4157, cin|cout=0.014088|0.040953|2.9069, lr=0.0105, time=07.691493
-----------------------------

Epoch 45: loss=0.6695|0.5080, acc=99.9755|89.7527, fr=0.4167, cin|cout=0.014089|0.040954|2.9068, lr=0.0105, time=07.705582
-----------------------------

Epoch 46: loss=0.6681|0.5145, acc=99.9877|89.6201, fr=0.4178, cin|cout=0.014090|0.040939|2.9055, lr=0.0105, time=07.725988
-----------------------------

Epoch 47: loss=0.6671|0.4956, acc=99.9877|89.8852, fr=0.4174, cin|cout=0.014091|0.040937|2.9051, lr=0.0105, time=07.707628
-----------------------------

Epoch 48: loss=0.6647|0.5151, acc=99.9877|89.5318, fr=0.4181, cin|cout=0.014093|0.040934|2.9046, lr=0.0073, time=07.662149
-----------------------------

Epoch 49: loss=0.6642|0.5052, acc=99.9877|90.3269, fr=0.4197, cin|cout=0.014092|0.040939|2.9051, lr=0.0073, time=07.737344
-----------------------------

Epoch 50: loss=0.6632|0.5042, acc=99.9877|90.2385, fr=0.4201, cin|cout=0.014093|0.040942|2.9052, lr=0.0073, time=07.702222
-----------------------------

Epoch 51: loss=0.6619|0.5165, acc=100.0000|89.7527, fr=0.4209, cin|cout=0.014094|0.040935|2.9045, lr=0.0073, time=07.692277
-----------------------------

Epoch 52: loss=0.6609|0.5162, acc=99.9877|89.5318, fr=0.4221, cin|cout=0.014094|0.040929|2.9040, lr=0.0073, time=07.653895
-----------------------------

Epoch 53: loss=0.6601|0.5157, acc=100.0000|89.2226, fr=0.4227, cin|cout=0.014093|0.040937|2.9047, lr=0.0073, time=07.648697
-----------------------------

Epoch 54: loss=0.6596|0.5160, acc=100.0000|89.5760, fr=0.4230, cin|cout=0.014093|0.040934|2.9045, lr=0.0051, time=07.704543
-----------------------------

Epoch 55: loss=0.6587|0.5156, acc=100.0000|90.0618, fr=0.4234, cin|cout=0.014095|0.040923|2.9034, lr=0.0051, time=07.704273
-----------------------------

Epoch 56: loss=0.6580|0.5273, acc=100.0000|89.1784, fr=0.4236, cin|cout=0.014096|0.040920|2.9030, lr=0.0051, time=07.687055
-----------------------------

Epoch 57: loss=0.6571|0.5179, acc=100.0000|89.8410, fr=0.4245, cin|cout=0.014098|0.040912|2.9020, lr=0.0051, time=08.606984
-----------------------------

Epoch 58: loss=0.6571|0.5178, acc=100.0000|89.8852, fr=0.4252, cin|cout=0.014099|0.040904|2.9012, lr=0.0051, time=08.161606
-----------------------------

Epoch 59: loss=0.6568|0.5119, acc=100.0000|89.9735, fr=0.4250, cin|cout=0.014100|0.040897|2.9005, lr=0.0051, time=07.931018
-----------------------------

Epoch 60: loss=0.6557|0.5278, acc=100.0000|89.6643, fr=0.4253, cin|cout=0.014101|0.040897|2.9004, lr=0.0036, time=07.757246
-----------------------------

Epoch 61: loss=0.6554|0.5189, acc=100.0000|89.7527, fr=0.4251, cin|cout=0.014101|0.040896|2.9002, lr=0.0036, time=07.706624
-----------------------------

Epoch 62: loss=0.6551|0.5244, acc=100.0000|89.8852, fr=0.4259, cin|cout=0.014101|0.040898|2.9004, lr=0.0036, time=07.695935
-----------------------------

Epoch 63: loss=0.6546|0.5169, acc=100.0000|89.4435, fr=0.4265, cin|cout=0.014101|0.040893|2.8999, lr=0.0036, time=07.739447
-----------------------------

Epoch 64: loss=0.6547|0.5300, acc=100.0000|89.3993, fr=0.4267, cin|cout=0.014102|0.040892|2.8998, lr=0.0036, time=07.752021
-----------------------------

Epoch 65: loss=0.6541|0.5216, acc=100.0000|89.8852, fr=0.4276, cin|cout=0.014102|0.040898|2.9002, lr=0.0036, time=07.687919
-----------------------------

Epoch 66: loss=0.6538|0.5275, acc=100.0000|89.2668, fr=0.4278, cin|cout=0.014102|0.040892|2.8997, lr=0.0025, time=07.728181
-----------------------------

Epoch 67: loss=0.6534|0.5223, acc=100.0000|89.5760, fr=0.4281, cin|cout=0.014102|0.040895|2.9000, lr=0.0025, time=07.727605
-----------------------------

Epoch 68: loss=0.6533|0.5233, acc=100.0000|89.5760, fr=0.4285, cin|cout=0.014102|0.040895|2.9000, lr=0.0025, time=07.762441
-----------------------------

Epoch 69: loss=0.6528|0.5248, acc=100.0000|89.4876, fr=0.4293, cin|cout=0.014102|0.040898|2.9002, lr=0.0025, time=07.731428
-----------------------------

Epoch 70: loss=0.6529|0.5280, acc=100.0000|89.9293, fr=0.4295, cin|cout=0.014102|0.040900|2.9003, lr=0.0025, time=07.717275
-----------------------------

Epoch 71: loss=0.6527|0.5259, acc=100.0000|90.0177, fr=0.4296, cin|cout=0.014102|0.040899|2.9001, lr=0.0025, time=07.716204
-----------------------------

Epoch 72: loss=0.6524|0.5318, acc=100.0000|89.2668, fr=0.4299, cin|cout=0.014103|0.040897|2.9000, lr=0.0018, time=07.703187
-----------------------------

Epoch 73: loss=0.6516|0.5295, acc=100.0000|89.3993, fr=0.4299, cin|cout=0.014103|0.040896|2.8998, lr=0.0018, time=07.837491
-----------------------------

Epoch 74: loss=0.6519|0.5303, acc=100.0000|89.5760, fr=0.4299, cin|cout=0.014103|0.040896|2.8998, lr=0.0018, time=07.719850
-----------------------------

Epoch 75: loss=0.6517|0.5278, acc=100.0000|89.9293, fr=0.4303, cin|cout=0.014103|0.040893|2.8996, lr=0.0018, time=07.700521
-----------------------------

Epoch 76: loss=0.6514|0.5275, acc=100.0000|89.8410, fr=0.4305, cin|cout=0.014103|0.040894|2.8996, lr=0.0018, time=07.736056
-----------------------------

Epoch 77: loss=0.6515|0.5304, acc=100.0000|89.9293, fr=0.4307, cin|cout=0.014103|0.040894|2.8996, lr=0.0018, time=08.192786
-----------------------------

Epoch 78: loss=0.6512|0.5311, acc=100.0000|89.6643, fr=0.4309, cin|cout=0.014103|0.040894|2.8997, lr=0.0012, time=07.730276
-----------------------------

Epoch 79: loss=0.6512|0.5308, acc=100.0000|89.7085, fr=0.4311, cin|cout=0.014103|0.040896|2.8998, lr=0.0012, time=07.644503
-----------------------------

Epoch 80: loss=0.6510|0.5289, acc=100.0000|90.0177, fr=0.4310, cin|cout=0.014103|0.040903|2.9004, lr=0.0012, time=07.677423
-----------------------------

Epoch 81: loss=0.6508|0.5243, acc=100.0000|89.5318, fr=0.4312, cin|cout=0.014102|0.040906|2.9006, lr=0.0012, time=07.711074
-----------------------------

Epoch 82: loss=0.6507|0.5300, acc=100.0000|89.7968, fr=0.4316, cin|cout=0.014102|0.040907|2.9007, lr=0.0012, time=07.720191
-----------------------------

Epoch 83: loss=0.6508|0.5295, acc=100.0000|90.1943, fr=0.4317, cin|cout=0.014102|0.040906|2.9006, lr=0.0012, time=07.644241
-----------------------------

Epoch 84: loss=0.6504|0.5335, acc=100.0000|89.5318, fr=0.4318, cin|cout=0.014102|0.040905|2.9006, lr=0.0009, time=07.711914
-----------------------------

Epoch 85: loss=0.6505|0.5269, acc=100.0000|89.7527, fr=0.4317, cin|cout=0.014102|0.040905|2.9006, lr=0.0009, time=07.678285
-----------------------------

Epoch 86: loss=0.6502|0.5294, acc=100.0000|89.6643, fr=0.4319, cin|cout=0.014102|0.040906|2.9006, lr=0.0009, time=07.715676
-----------------------------

Epoch 87: loss=0.6503|0.5320, acc=100.0000|89.5760, fr=0.4320, cin|cout=0.014103|0.040905|2.9005, lr=0.0009, time=07.648328
-----------------------------

Epoch 88: loss=0.6501|0.5356, acc=100.0000|89.6643, fr=0.4322, cin|cout=0.014103|0.040905|2.9005, lr=0.0009, time=07.652741
-----------------------------

Epoch 89: loss=0.6500|0.5285, acc=100.0000|90.1060, fr=0.4322, cin|cout=0.014103|0.040904|2.9004, lr=0.0009, time=07.662928
-----------------------------

Epoch 90: loss=0.6499|0.5351, acc=100.0000|89.6201, fr=0.4324, cin|cout=0.014103|0.040903|2.9003, lr=0.0006, time=07.629376
-----------------------------

Epoch 91: loss=0.6498|0.5277, acc=100.0000|89.9293, fr=0.4324, cin|cout=0.014103|0.040905|2.9004, lr=0.0006, time=07.745225
-----------------------------

Epoch 92: loss=0.6497|0.5331, acc=100.0000|89.7527, fr=0.4326, cin|cout=0.014103|0.040905|2.9004, lr=0.0006, time=07.709198
-----------------------------

Epoch 93: loss=0.6499|0.5333, acc=100.0000|89.8410, fr=0.4327, cin|cout=0.014103|0.040906|2.9005, lr=0.0006, time=07.689037
-----------------------------

Epoch 94: loss=0.6496|0.5334, acc=100.0000|89.7527, fr=0.4326, cin|cout=0.014103|0.040905|2.9004, lr=0.0006, time=07.653787
-----------------------------

Epoch 95: loss=0.6498|0.5323, acc=100.0000|89.8410, fr=0.4327, cin|cout=0.014103|0.040905|2.9004, lr=0.0006, time=07.648499
-----------------------------

Epoch 96: loss=0.6497|0.5348, acc=100.0000|89.7085, fr=0.4329, cin|cout=0.014103|0.040905|2.9005, lr=0.0004, time=07.671095
-----------------------------

Epoch 97: loss=0.6494|0.5346, acc=100.0000|89.4876, fr=0.4329, cin|cout=0.014103|0.040905|2.9004, lr=0.0004, time=07.678902
-----------------------------

Epoch 98: loss=0.6495|0.5328, acc=100.0000|89.8852, fr=0.4329, cin|cout=0.014103|0.040904|2.9004, lr=0.0004, time=07.832187
-----------------------------

Epoch 99: loss=0.6495|0.5296, acc=100.0000|89.9293, fr=0.4329, cin|cout=0.014103|0.040904|2.9003, lr=0.0004, time=07.660156
-----------------------------

Epoch 100: loss=0.6493|0.5332, acc=100.0000|89.6643, fr=0.4330, cin|cout=0.014103|0.040904|2.9003, lr=0.0004, time=07.713446
-----------------------------


Best valid acc at epoch 41: 90.9452296819788

------ Training finished ------


**************  Trial 2  **************
Epoch 0: cin|cout=0.001546|0.014552|9.4153
-----------------------------

Epoch 1: loss=5.8883|9.8334, acc=17.4963|4.8145, fr=0.3352, cin|cout=0.007628|0.035157|4.6091, lr=0.0150, time=07.786715
-----------------------------

Epoch 2: loss=4.4903|2.9476, acc=17.7661|24.8233, fr=0.3320, cin|cout=0.011051|0.041670|3.7706, lr=0.0150, time=07.738054
-----------------------------

Epoch 3: loss=2.6897|2.1521, acc=35.3359|45.8039, fr=0.4211, cin|cout=0.011923|0.043307|3.6322, lr=0.0150, time=07.660730
-----------------------------

Epoch 4: loss=2.1424|1.5098, acc=50.7479|61.3516, fr=0.4362, cin|cout=0.012129|0.043795|3.6107, lr=0.0150, time=07.660992
-----------------------------

Epoch 5: loss=1.7406|1.1546, acc=63.9039|73.4982, fr=0.4296, cin|cout=0.012171|0.043864|3.6039, lr=0.0150, time=07.682765
-----------------------------

Epoch 6: loss=1.5002|1.0633, acc=74.5218|75.9276, fr=0.4617, cin|cout=0.012186|0.043907|3.6030, lr=0.0150, time=07.703565
-----------------------------

Epoch 7: loss=1.3619|0.8808, acc=81.4002|81.0954, fr=0.4779, cin|cout=0.012193|0.043952|3.6048, lr=0.0150, time=08.659813
-----------------------------

Epoch 8: loss=1.2517|0.8267, acc=85.4708|83.3922, fr=0.4899, cin|cout=0.012201|0.043913|3.5991, lr=0.0150, time=07.763331
-----------------------------

Epoch 9: loss=1.1854|0.8160, acc=88.0088|82.9064, fr=0.4953, cin|cout=0.012208|0.043928|3.5984, lr=0.0150, time=07.711142
-----------------------------

Epoch 10: loss=1.1415|0.8000, acc=89.0020|81.4046, fr=0.4926, cin|cout=0.012214|0.043962|3.5992, lr=0.0150, time=07.651145
-----------------------------

Epoch 11: loss=1.0879|0.8187, acc=90.2771|79.5053, fr=0.4808, cin|cout=0.012215|0.043962|3.5991, lr=0.0150, time=07.707772
-----------------------------

Epoch 12: loss=1.0248|0.7488, acc=92.1285|80.7862, fr=0.4779, cin|cout=0.012225|0.043998|3.5991, lr=0.0150, time=07.808781
-----------------------------

Epoch 13: loss=0.9416|0.5606, acc=92.8151|85.6890, fr=0.4756, cin|cout=0.012227|0.044029|3.6009, lr=0.0150, time=07.884515
-----------------------------

Epoch 14: loss=0.8206|0.4890, acc=96.9348|87.2350, fr=0.4828, cin|cout=0.012226|0.044002|3.5990, lr=0.0150, time=07.943648
-----------------------------

Epoch 15: loss=0.7896|0.4733, acc=98.1363|89.0459, fr=0.4896, cin|cout=0.012229|0.044042|3.6016, lr=0.0150, time=07.749906

Best model saved with valid acc=89.04593639575971
-----------------------------

Epoch 16: loss=0.7625|0.4649, acc=98.8475|89.4435, fr=0.4915, cin|cout=0.012230|0.044026|3.5997, lr=0.0150, time=07.801771

Best model saved with valid acc=89.4434628975265
-----------------------------

Epoch 17: loss=0.7423|0.4510, acc=99.3992|90.3269, fr=0.4954, cin|cout=0.012236|0.044006|3.5966, lr=0.0150, time=07.821574

Best model saved with valid acc=90.32685512367492
-----------------------------

Epoch 18: loss=0.7297|0.4617, acc=99.4360|90.1502, fr=0.5006, cin|cout=0.012240|0.044011|3.5958, lr=0.0150, time=07.740629
-----------------------------

Epoch 19: loss=0.7205|0.4954, acc=99.5341|89.4435, fr=0.5025, cin|cout=0.012247|0.044021|3.5942, lr=0.0150, time=07.714513
-----------------------------

Epoch 20: loss=0.7094|0.4754, acc=99.7793|90.1943, fr=0.5025, cin|cout=0.012249|0.043982|3.5906, lr=0.0150, time=08.446289
-----------------------------

Epoch 21: loss=0.7007|0.4644, acc=99.8651|90.6802, fr=0.5083, cin|cout=0.012249|0.043977|3.5902, lr=0.0150, time=07.765047

Best model saved with valid acc=90.68021201413427
-----------------------------

Epoch 22: loss=0.6929|0.4782, acc=99.9142|89.8410, fr=0.5156, cin|cout=0.012250|0.043989|3.5910, lr=0.0150, time=08.611902
-----------------------------

Epoch 23: loss=0.6882|0.4771, acc=99.9510|90.1943, fr=0.5173, cin|cout=0.012256|0.044010|3.5910, lr=0.0150, time=07.731533
-----------------------------

Epoch 24: loss=0.6814|0.4742, acc=99.9755|90.5919, fr=0.5180, cin|cout=0.012259|0.043998|3.5891, lr=0.0150, time=08.074882
-----------------------------

Epoch 25: loss=0.6771|0.4808, acc=99.9877|90.5035, fr=0.5205, cin|cout=0.012255|0.043999|3.5904, lr=0.0150, time=07.725369
-----------------------------

Epoch 26: loss=0.6748|0.4931, acc=99.9877|90.3269, fr=0.5234, cin|cout=0.012253|0.044043|3.5945, lr=0.0150, time=07.764926
-----------------------------

Epoch 27: loss=0.6714|0.4840, acc=100.0000|90.6802, fr=0.5232, cin|cout=0.012256|0.044040|3.5935, lr=0.0150, time=07.704354
-----------------------------

Epoch 28: loss=0.6687|0.4837, acc=100.0000|91.2102, fr=0.5235, cin|cout=0.012260|0.044007|3.5895, lr=0.0105, time=07.730177

Best model saved with valid acc=91.21024734982332
-----------------------------

Epoch 29: loss=0.6653|0.4872, acc=100.0000|90.8127, fr=0.5247, cin|cout=0.012262|0.043965|3.5854, lr=0.0105, time=07.897581
-----------------------------

Epoch 30: loss=0.6628|0.5018, acc=100.0000|90.1502, fr=0.5268, cin|cout=0.012259|0.043992|3.5886, lr=0.0105, time=08.303088
-----------------------------

Epoch 31: loss=0.6613|0.4984, acc=100.0000|90.7244, fr=0.5284, cin|cout=0.012255|0.044011|3.5911, lr=0.0105, time=07.808011
-----------------------------

Epoch 32: loss=0.6596|0.4903, acc=100.0000|91.4753, fr=0.5294, cin|cout=0.012256|0.044013|3.5912, lr=0.0105, time=08.162842

Best model saved with valid acc=91.47526501766785
-----------------------------

Epoch 33: loss=0.6584|0.4978, acc=100.0000|90.8127, fr=0.5314, cin|cout=0.012255|0.044010|3.5913, lr=0.0105, time=07.937988
-----------------------------

Epoch 34: loss=0.6575|0.5199, acc=100.0000|89.9735, fr=0.5314, cin|cout=0.012254|0.044020|3.5922, lr=0.0105, time=07.956142
-----------------------------

Epoch 35: loss=0.6558|0.5089, acc=100.0000|90.3710, fr=0.5321, cin|cout=0.012256|0.044016|3.5915, lr=0.0105, time=09.997189
-----------------------------

Epoch 36: loss=0.6554|0.5042, acc=100.0000|90.7686, fr=0.5339, cin|cout=0.012255|0.044043|3.5938, lr=0.0105, time=09.973123
-----------------------------

