===== Exp configuration =====
date:		08-23-12-01
save_dir:		./log/08-23-12-01
dataset_name:		shd
data_folder:		./data/raw/
input_dim:		700
output_dim:		20
nb_steps:		100
trials:		100
scheduler_patience:		5
scheduler_factor:		0.7
lens:		0.5
gamma:		0.5
gradient_type:		linear
scale:		6.0
hight:		0.15
best_acc:		88
cluster:		8
batch_size:		512
nb_epochs:		100
lr:		0.015
weight_decay:		1e-05
reg_factor:		0.5
reg_fmin:		0.01
reg_fmax:		0.1
fr_ent:		0.1
seed:		117
ckpt_freq:		-1
threshold:		1.0
smoothing:		0.1
pdrop:		0.1
normalization:		batchnorm
train_input:		False
nb_hiddens:		1024
noise_test:		0.0
device:		cuda:0

Created new spiking model:
 RC(
  (W): Linear(in_features=700, out_features=1024, bias=True)
  (V): Linear(in_features=1024, out_features=1024, bias=False)
  (read): Linear(in_features=1024, out_features=20, bias=True)
  (norm): BatchNorm1d(1024, eps=1e-05, momentum=0.05, affine=True, track_running_stats=True)
  (norm_read): BatchNorm1d(20, eps=1e-05, momentum=0.05, affine=True, track_running_stats=True)
  (drop): Dropout(p=0.1, inplace=False)
)

Total number of trainable parameters is 1075408

**************  Trial 1  **************
Epoch 0: cin|cout=0.001410|0.013630|9.6683
-----------------------------

Epoch 1: loss=8.4506|4.2138, acc=24.4483|7.8622, fr=0.6450, cin|cout=0.001424|0.013804|9.6949, lr=0.0150, time=09.571594
-----------------------------

Epoch 2: loss=5.2109|2.4738, acc=22.5110|28.6661, fr=0.3016, cin|cout=0.001420|0.013696|9.6426, lr=0.0150, time=08.079447
-----------------------------

Epoch 3: loss=3.0876|1.8585, acc=31.2531|40.1502, fr=0.3409, cin|cout=0.001418|0.013516|9.5289, lr=0.0150, time=08.069733
-----------------------------

Epoch 4: loss=2.7924|1.7744, acc=38.5483|43.6837, fr=0.4008, cin|cout=0.001425|0.013663|9.5887, lr=0.0150, time=08.072019
-----------------------------

Epoch 5: loss=2.5873|1.5149, acc=48.2467|50.6184, fr=0.3715, cin|cout=0.001394|0.013609|9.7601, lr=0.0150, time=08.227065
-----------------------------

Epoch 6: loss=2.4923|1.2828, acc=55.0270|60.1148, fr=0.3570, cin|cout=0.001405|0.013514|9.6159, lr=0.0150, time=08.201003
-----------------------------

Epoch 7: loss=2.2194|1.1067, acc=62.6165|64.1343, fr=0.3610, cin|cout=0.001418|0.013770|9.7127, lr=0.0150, time=08.550706
-----------------------------

Epoch 8: loss=2.0461|1.0474, acc=68.7347|68.9046, fr=0.3498, cin|cout=0.001408|0.013558|9.6278, lr=0.0150, time=08.213530
-----------------------------

Epoch 9: loss=2.0435|0.9051, acc=71.1623|72.2615, fr=0.3471, cin|cout=0.001415|0.013631|9.6336, lr=0.0150, time=08.135648
-----------------------------

Epoch 10: loss=1.9215|0.9002, acc=74.6690|70.6272, fr=0.3444, cin|cout=0.001399|0.013619|9.7317, lr=0.0150, time=08.209272
-----------------------------

Epoch 11: loss=1.9019|0.9863, acc=76.8759|69.5230, fr=0.3470, cin|cout=0.001404|0.013624|9.7052, lr=0.0150, time=08.103594
-----------------------------

Epoch 12: loss=1.8923|0.9369, acc=76.3977|71.3781, fr=0.3596, cin|cout=0.001415|0.013652|9.6486, lr=0.0150, time=08.672179
-----------------------------

Epoch 13: loss=1.8308|0.7702, acc=79.8308|76.0159, fr=0.3634, cin|cout=0.001396|0.013573|9.7215, lr=0.0150, time=08.754854
-----------------------------

Epoch 14: loss=1.7830|0.8155, acc=81.8048|72.7032, fr=0.3547, cin|cout=0.001409|0.013792|9.7896, lr=0.0150, time=08.154233
-----------------------------

Epoch 15: loss=1.7517|0.7467, acc=82.4792|76.5901, fr=0.3435, cin|cout=0.001399|0.013546|9.6807, lr=0.0150, time=08.410898
-----------------------------

Epoch 16: loss=1.7367|0.9239, acc=82.7244|72.6590, fr=0.3355, cin|cout=0.001461|0.013852|9.4791, lr=0.0150, time=08.363165
-----------------------------

Epoch 17: loss=1.9966|0.7998, acc=76.4713|73.9841, fr=0.3536, cin|cout=0.001413|0.013558|9.5946, lr=0.0150, time=08.125576
-----------------------------

Epoch 18: loss=1.8761|0.7652, acc=81.5841|76.8110, fr=0.3529, cin|cout=0.001406|0.013557|9.6430, lr=0.0150, time=08.217057
-----------------------------

Epoch 19: loss=1.8377|0.7142, acc=83.1290|78.5777, fr=0.3420, cin|cout=0.001404|0.013579|9.6741, lr=0.0150, time=08.212170
-----------------------------

Epoch 20: loss=1.8066|0.7648, acc=84.0853|77.3852, fr=0.3382, cin|cout=0.001396|0.013665|9.7861, lr=0.0150, time=08.192786
-----------------------------

Epoch 21: loss=1.8186|0.7582, acc=84.6493|77.7385, fr=0.3464, cin|cout=0.001416|0.013673|9.6583, lr=0.0150, time=08.123157
-----------------------------

Epoch 22: loss=1.7683|0.6533, acc=85.4953|81.0512, fr=0.3329, cin|cout=0.001408|0.013539|9.6140, lr=0.0150, time=08.386232
-----------------------------

Epoch 23: loss=1.7452|0.6316, acc=87.2487|81.0954, fr=0.3353, cin|cout=0.001402|0.013612|9.7058, lr=0.0150, time=08.126564
-----------------------------

Epoch 24: loss=1.6706|0.5857, acc=89.7499|82.7739, fr=0.3511, cin|cout=0.001401|0.013596|9.7041, lr=0.0150, time=08.633591
-----------------------------

Epoch 25: loss=1.6276|0.6166, acc=91.0495|81.2279, fr=0.3581, cin|cout=0.001415|0.013758|9.7205, lr=0.0150, time=09.082484
-----------------------------

Epoch 26: loss=1.6678|0.7043, acc=89.1000|80.1678, fr=0.3539, cin|cout=0.001415|0.013713|9.6889, lr=0.0150, time=08.787934
-----------------------------

Epoch 27: loss=1.6415|0.6743, acc=89.7621|80.3445, fr=0.3463, cin|cout=0.001406|0.013614|9.6827, lr=0.0150, time=08.561261
-----------------------------

Epoch 28: loss=1.6184|0.6607, acc=90.9637|82.0671, fr=0.3484, cin|cout=0.001407|0.013545|9.6234, lr=0.0150, time=08.625520
-----------------------------

Epoch 29: loss=1.6232|0.6266, acc=90.9514|83.2155, fr=0.3549, cin|cout=0.001404|0.013529|9.6391, lr=0.0150, time=08.192734
-----------------------------

Epoch 30: loss=1.6235|0.6496, acc=91.7607|81.0071, fr=0.3456, cin|cout=0.001404|0.013596|9.6862, lr=0.0150, time=08.148770
-----------------------------

Epoch 31: loss=1.7434|0.6236, acc=89.2227|81.7580, fr=0.3534, cin|cout=0.001409|0.013542|9.6143, lr=0.0150, time=09.350905
-----------------------------

Epoch 32: loss=1.6403|0.5954, acc=91.4051|82.5530, fr=0.3464, cin|cout=0.001416|0.013721|9.6892, lr=0.0150, time=08.889740
-----------------------------

Epoch 33: loss=1.5970|0.5572, acc=92.4473|84.8057, fr=0.3502, cin|cout=0.001409|0.013687|9.7173, lr=0.0150, time=08.891855
-----------------------------

Epoch 34: loss=1.5667|0.5831, acc=93.4649|84.6290, fr=0.3484, cin|cout=0.001413|0.013676|9.6791, lr=0.0150, time=08.453125
-----------------------------

Epoch 35: loss=1.5430|0.5996, acc=94.2374|83.9664, fr=0.3527, cin|cout=0.001409|0.013623|9.6683, lr=0.0150, time=08.837956
-----------------------------

Epoch 36: loss=1.5172|0.5309, acc=94.7033|86.4399, fr=0.3517, cin|cout=0.001408|0.013687|9.7204, lr=0.0150, time=08.347019
-----------------------------

Epoch 37: loss=1.5052|0.5490, acc=95.4880|84.8940, fr=0.3543, cin|cout=0.001402|0.013600|9.6971, lr=0.0150, time=08.685044
-----------------------------

Epoch 38: loss=1.4992|0.5818, acc=95.3163|83.4806, fr=0.3564, cin|cout=0.001404|0.013645|9.7169, lr=0.0150, time=08.628682
-----------------------------

Epoch 39: loss=1.4854|0.5957, acc=95.6229|84.9382, fr=0.3518, cin|cout=0.001398|0.013582|9.7167, lr=0.0150, time=08.802202
-----------------------------

Epoch 40: loss=1.4696|0.5214, acc=95.7700|85.9099, fr=0.3541, cin|cout=0.001403|0.013564|9.6685, lr=0.0150, time=08.650451
-----------------------------

Epoch 41: loss=1.6698|0.7249, acc=92.3369|79.1078, fr=0.3621, cin|cout=0.001430|0.013931|9.7420, lr=0.0150, time=08.486828
-----------------------------

Epoch 42: loss=2.0030|0.7736, acc=80.3212|77.1643, fr=0.3623, cin|cout=0.001430|0.013716|9.5901, lr=0.0150, time=08.405257
-----------------------------

Epoch 43: loss=1.7242|0.6339, acc=87.6900|81.7138, fr=0.3497, cin|cout=0.001414|0.013625|9.6346, lr=0.0105, time=08.216767
-----------------------------

Epoch 44: loss=1.6284|0.6183, acc=91.9078|83.9223, fr=0.3412, cin|cout=0.001404|0.013637|9.7118, lr=0.0105, time=08.264255
-----------------------------

Epoch 45: loss=1.5882|0.6212, acc=93.3423|82.5088, fr=0.3549, cin|cout=0.001406|0.013578|9.6563, lr=0.0105, time=09.478330
-----------------------------

Epoch 46: loss=1.5672|0.6411, acc=94.2128|82.5972, fr=0.3536, cin|cout=0.001421|0.013703|9.6412, lr=0.0105, time=09.324587
-----------------------------

Epoch 47: loss=1.5875|0.6119, acc=93.3668|82.9947, fr=0.3462, cin|cout=0.001413|0.013613|9.6373, lr=0.0105, time=08.947593
-----------------------------

