===== Exp configuration =====
date:		08-20-03-11
save_dir:		./log/08-20-03-11
dataset_name:		shd
data_folder:		./data/raw/
input_dim:		700
output_dim:		20
nb_steps:		100
trials:		1
scheduler_patience:		2
scheduler_factor:		0.7
batch_size:		512
nb_epochs:		100
lr:		0.015
weight_decay:		1e-05
reg_factor:		0.5
reg_fmin:		0.01
reg_fmax:		0.1
fr_ent:		0.1
seed:		1692472278
ckpt_freq:		10
threshold:		1.0
smoothing:		0.1
pdrop:		0.1
normalization:		batchnorm
train_input:		True
nb_hiddens:		1024
noise_test:		0.0
device:		cuda:0

Created new spiking model:
 RC(
  (W): Linear(in_features=700, out_features=1024, bias=True)
  (V): Linear(in_features=1024, out_features=1024, bias=False)
  (read): Linear(in_features=1024, out_features=20, bias=True)
  (norm): BatchNorm1d(1024, eps=1e-05, momentum=0.05, affine=True, track_running_stats=True)
  (norm_read): BatchNorm1d(20, eps=1e-05, momentum=0.05, affine=True, track_running_stats=True)
  (drop): Dropout(p=0.1, inplace=False)
)

Total number of trainable parameters is 1793104

**************  Trial 1  **************
Epoch 0: cin|cout=0.001464|0.014663|10.0121
Epoch 1: loss=11.4036|8.2284, acc=27.2560|6.8021, fr=0.4676, cin|cout=0.006743|0.030609|4.5391, lr=0.0150, time=09.071119
-----------------------------

Epoch 2: loss=7.8503|2.3398, acc=29.5733|47.3940, fr=0.3688, cin|cout=0.009055|0.036366|4.0163, lr=0.0150, time=08.286190
-----------------------------

Epoch 3: loss=5.8249|1.6459, acc=52.3418|66.4753, fr=0.3570, cin|cout=0.009933|0.037807|3.8062, lr=0.0150, time=08.765028
-----------------------------

Epoch 4: loss=5.3192|1.4114, acc=67.3982|71.2014, fr=0.3662, cin|cout=0.010164|0.038821|3.8194, lr=0.0150, time=08.772555
-----------------------------

Epoch 5: loss=5.0444|1.2523, acc=73.8965|73.9841, fr=0.3513, cin|cout=0.010268|0.039346|3.8320, lr=0.0150, time=08.741374
-----------------------------

Epoch 6: loss=4.8095|0.8112, acc=79.5488|80.3004, fr=0.3349, cin|cout=0.010405|0.039319|3.7789, lr=0.0150, time=08.589413
-----------------------------

Epoch 7: loss=4.3959|0.5807, acc=86.4517|83.9223, fr=0.3598, cin|cout=0.010533|0.039237|3.7251, lr=0.0150, time=08.642887
-----------------------------

Epoch 8: loss=4.2092|0.4260, acc=93.5017|89.9293, fr=0.3708, cin|cout=0.010593|0.039258|3.7059, lr=0.0150, time=08.191994

Best model saved with valid acc=89.92932862190813
-----------------------------

Epoch 9: loss=4.1589|0.4202, acc=95.2550|90.0618, fr=0.3659, cin|cout=0.010640|0.039357|3.6990, lr=0.0150, time=08.731401

Best model saved with valid acc=90.06183745583039
-----------------------------

Epoch 10: loss=4.1099|0.4369, acc=96.5669|89.5318, fr=0.3692, cin|cout=0.010678|0.039396|3.6896, lr=0.0150, time=08.976305
-----------------------------

Epoch 11: loss=4.0698|0.3860, acc=97.4988|92.2261, fr=0.3680, cin|cout=0.010689|0.039460|3.6917, lr=0.0150, time=08.728199

Best model saved with valid acc=92.226148409894
-----------------------------

Epoch 12: loss=4.0341|0.4034, acc=98.1731|91.7845, fr=0.3668, cin|cout=0.010711|0.039528|3.6905, lr=0.0150, time=08.608525
-----------------------------

Epoch 13: loss=4.0064|0.3875, acc=98.4919|92.4912, fr=0.3660, cin|cout=0.010737|0.039441|3.6733, lr=0.0150, time=08.074766

Best model saved with valid acc=92.49116607773851
-----------------------------

Epoch 14: loss=3.9728|0.4054, acc=99.0804|91.6519, fr=0.3647, cin|cout=0.010763|0.039428|3.6632, lr=0.0150, time=08.583128
-----------------------------

Epoch 15: loss=3.9479|0.3847, acc=99.3011|92.8004, fr=0.3695, cin|cout=0.010788|0.039507|3.6621, lr=0.0150, time=08.781941

Best model saved with valid acc=92.80035335689045
-----------------------------

Epoch 16: loss=3.9357|0.4423, acc=99.4850|90.4152, fr=0.3795, cin|cout=0.010813|0.039536|3.6562, lr=0.0150, time=08.410359
-----------------------------

Epoch 17: loss=3.9265|0.4115, acc=99.5463|92.6678, fr=0.3858, cin|cout=0.010836|0.039462|3.6417, lr=0.0150, time=08.211244
-----------------------------

Epoch 18: loss=3.9235|0.3997, acc=99.7793|92.0936, fr=0.3899, cin|cout=0.010853|0.039488|3.6384, lr=0.0150, time=08.428279
-----------------------------

Epoch 19: loss=3.9115|0.4352, acc=99.8038|92.1820, fr=0.3902, cin|cout=0.010855|0.039522|3.6409, lr=0.0105, time=08.404818
-----------------------------

Epoch 20: loss=3.9047|0.4380, acc=99.9019|91.5636, fr=0.3897, cin|cout=0.010869|0.039489|3.6332, lr=0.0105, time=08.995281
-----------------------------

Epoch 21: loss=3.9016|0.4639, acc=99.9019|90.7244, fr=0.3932, cin|cout=0.010880|0.039453|3.6262, lr=0.0105, time=08.760295
-----------------------------

Epoch 22: loss=3.8969|0.4529, acc=99.9019|91.2986, fr=0.3977, cin|cout=0.010891|0.039440|3.6213, lr=0.0073, time=08.394850
-----------------------------

Epoch 23: loss=3.8930|0.4748, acc=99.9387|91.1219, fr=0.3967, cin|cout=0.010898|0.039399|3.6153, lr=0.0073, time=08.382909
-----------------------------

Epoch 24: loss=3.8911|0.4474, acc=99.9510|92.4470, fr=0.3998, cin|cout=0.010906|0.039411|3.6138, lr=0.0073, time=09.056229
-----------------------------

Epoch 25: loss=3.8872|0.4507, acc=99.9755|91.8286, fr=0.4011, cin|cout=0.010910|0.039430|3.6141, lr=0.0051, time=08.370671
-----------------------------

Epoch 26: loss=3.8858|0.4628, acc=99.9510|91.3428, fr=0.4023, cin|cout=0.010915|0.039441|3.6136, lr=0.0051, time=08.819509
-----------------------------

Epoch 27: loss=3.8903|0.4412, acc=99.9755|92.2703, fr=0.4053, cin|cout=0.010917|0.039454|3.6141, lr=0.0051, time=08.579847
-----------------------------

Epoch 28: loss=3.8844|0.4391, acc=99.9877|92.4912, fr=0.4056, cin|cout=0.010917|0.039470|3.6156, lr=0.0036, time=08.479473
-----------------------------

Epoch 29: loss=3.8803|0.4614, acc=99.9755|91.0777, fr=0.4063, cin|cout=0.010919|0.039486|3.6163, lr=0.0036, time=08.751248
-----------------------------

Epoch 30: loss=3.8804|0.4525, acc=99.9755|91.6078, fr=0.4077, cin|cout=0.010921|0.039504|3.6172, lr=0.0036, time=08.251876
-----------------------------

Epoch 31: loss=3.8784|0.4546, acc=99.9632|92.0936, fr=0.4090, cin|cout=0.010923|0.039510|3.6170, lr=0.0025, time=08.367284
-----------------------------

Epoch 32: loss=3.8784|0.4582, acc=100.0000|91.6519, fr=0.4105, cin|cout=0.010925|0.039518|3.6172, lr=0.0025, time=08.099950
-----------------------------

Epoch 33: loss=3.8783|0.4546, acc=99.9877|91.8286, fr=0.4100, cin|cout=0.010927|0.039519|3.6166, lr=0.0025, time=08.180409
-----------------------------

Epoch 34: loss=3.8775|0.4470, acc=99.9877|91.8728, fr=0.4106, cin|cout=0.010929|0.039527|3.6169, lr=0.0018, time=08.074333
-----------------------------

Epoch 35: loss=3.8770|0.4520, acc=100.0000|92.0936, fr=0.4112, cin|cout=0.010930|0.039526|3.6163, lr=0.0018, time=08.136577
-----------------------------

Epoch 36: loss=3.8757|0.4679, acc=99.9877|91.4311, fr=0.4116, cin|cout=0.010932|0.039530|3.6161, lr=0.0018, time=08.077796
-----------------------------

Epoch 37: loss=3.8761|0.4523, acc=99.9632|91.7403, fr=0.4121, cin|cout=0.010933|0.039527|3.6154, lr=0.0012, time=08.055550
-----------------------------

Epoch 38: loss=3.8750|0.4591, acc=99.9877|91.8286, fr=0.4126, cin|cout=0.010934|0.039525|3.6150, lr=0.0012, time=08.106182
-----------------------------

Epoch 39: loss=3.8747|0.4525, acc=99.9755|92.0936, fr=0.4130, cin|cout=0.010935|0.039526|3.6148, lr=0.0012, time=08.181625
-----------------------------

Epoch 40: loss=3.8748|0.4614, acc=100.0000|91.7403, fr=0.4131, cin|cout=0.010936|0.039522|3.6140, lr=0.0009, time=08.126743
-----------------------------

Epoch 41: loss=3.8739|0.4509, acc=100.0000|92.0495, fr=0.4131, cin|cout=0.010937|0.039522|3.6137, lr=0.0009, time=08.274954
-----------------------------

Epoch 42: loss=3.8738|0.4554, acc=100.0000|91.8728, fr=0.4132, cin|cout=0.010938|0.039520|3.6130, lr=0.0009, time=08.109269
-----------------------------

Epoch 43: loss=3.8744|0.4582, acc=99.9755|91.9170, fr=0.4134, cin|cout=0.010939|0.039520|3.6128, lr=0.0006, time=08.070179
-----------------------------

Epoch 44: loss=3.8739|0.4601, acc=99.9877|91.8286, fr=0.4140, cin|cout=0.010939|0.039522|3.6129, lr=0.0006, time=08.120106
-----------------------------

Epoch 45: loss=3.8736|0.4677, acc=99.9877|91.6078, fr=0.4141, cin|cout=0.010940|0.039522|3.6126, lr=0.0006, time=08.103098
-----------------------------

Epoch 46: loss=3.8732|0.4547, acc=100.0000|92.0053, fr=0.4142, cin|cout=0.010940|0.039523|3.6126, lr=0.0004, time=08.127133
-----------------------------

Epoch 47: loss=3.8733|0.4601, acc=100.0000|91.6078, fr=0.4144, cin|cout=0.010941|0.039523|3.6125, lr=0.0004, time=08.076517
-----------------------------

Epoch 48: loss=3.8729|0.4581, acc=100.0000|91.5194, fr=0.4146, cin|cout=0.010941|0.039523|3.6124, lr=0.0004, time=08.084979
-----------------------------

Epoch 49: loss=3.8729|0.4638, acc=100.0000|91.7403, fr=0.4150, cin|cout=0.010941|0.039522|3.6121, lr=0.0003, time=08.102358
-----------------------------

Epoch 50: loss=3.8722|0.4534, acc=100.0000|92.0936, fr=0.4151, cin|cout=0.010942|0.039522|3.6121, lr=0.0003, time=08.090181
-----------------------------

Epoch 51: loss=3.8729|0.4643, acc=99.9877|91.6961, fr=0.4155, cin|cout=0.010942|0.039523|3.6121, lr=0.0003, time=08.282943
-----------------------------

Epoch 52: loss=3.8728|0.4586, acc=100.0000|91.7845, fr=0.4156, cin|cout=0.010942|0.039525|3.6122, lr=0.0002, time=08.116649
-----------------------------

Epoch 53: loss=3.8728|0.4611, acc=100.0000|91.2102, fr=0.4156, cin|cout=0.010942|0.039526|3.6122, lr=0.0002, time=08.185215
-----------------------------

Epoch 54: loss=3.8723|0.4646, acc=100.0000|91.2544, fr=0.4156, cin|cout=0.010943|0.039526|3.6121, lr=0.0002, time=08.186844
-----------------------------

Epoch 55: loss=3.8725|0.4578, acc=100.0000|91.8286, fr=0.4158, cin|cout=0.010943|0.039526|3.6121, lr=0.0001, time=08.076554
-----------------------------

Epoch 56: loss=3.8722|0.4652, acc=100.0000|92.0936, fr=0.4158, cin|cout=0.010943|0.039526|3.6120, lr=0.0001, time=08.080028
-----------------------------

Epoch 57: loss=3.8721|0.4641, acc=99.9877|91.4311, fr=0.4159, cin|cout=0.010943|0.039526|3.6119, lr=0.0001, time=08.108127
-----------------------------

Epoch 58: loss=3.8724|0.4596, acc=100.0000|91.8286, fr=0.4160, cin|cout=0.010943|0.039526|3.6119, lr=0.0001, time=08.137405
-----------------------------

Epoch 59: loss=3.8725|0.4575, acc=100.0000|91.4753, fr=0.4161, cin|cout=0.010943|0.039526|3.6119, lr=0.0001, time=08.137326
-----------------------------

Epoch 60: loss=3.8721|0.4639, acc=100.0000|92.0936, fr=0.4162, cin|cout=0.010944|0.039525|3.6117, lr=0.0001, time=08.176289
-----------------------------

Epoch 61: loss=3.8721|0.4617, acc=100.0000|92.1378, fr=0.4159, cin|cout=0.010944|0.039525|3.6117, lr=0.0001, time=08.285647
-----------------------------

Epoch 62: loss=3.8718|0.4645, acc=100.0000|91.6078, fr=0.4162, cin|cout=0.010944|0.039526|3.6117, lr=0.0001, time=08.123810
-----------------------------

Epoch 63: loss=3.8724|0.4633, acc=100.0000|91.9170, fr=0.4161, cin|cout=0.010944|0.039525|3.6116, lr=0.0001, time=08.087292
-----------------------------

Epoch 64: loss=3.8725|0.4618, acc=100.0000|91.8728, fr=0.4161, cin|cout=0.010944|0.039525|3.6116, lr=0.0000, time=08.115721
-----------------------------

Epoch 65: loss=3.8727|0.4627, acc=99.9877|91.6961, fr=0.4162, cin|cout=0.010944|0.039525|3.6116, lr=0.0000, time=08.129673
-----------------------------

Epoch 66: loss=3.8722|0.4639, acc=100.0000|91.5194, fr=0.4161, cin|cout=0.010944|0.039525|3.6116, lr=0.0000, time=08.077874
-----------------------------

Epoch 67: loss=3.8724|0.4610, acc=99.9877|91.6078, fr=0.4163, cin|cout=0.010944|0.039525|3.6115, lr=0.0000, time=08.103135
-----------------------------

Epoch 68: loss=3.8719|0.4644, acc=100.0000|91.8728, fr=0.4162, cin|cout=0.010944|0.039525|3.6115, lr=0.0000, time=08.092296
-----------------------------

Epoch 69: loss=3.8724|0.4572, acc=99.9877|91.8286, fr=0.4163, cin|cout=0.010944|0.039525|3.6115, lr=0.0000, time=08.207719
-----------------------------

Epoch 70: loss=3.8723|0.4657, acc=99.9877|91.6961, fr=0.4163, cin|cout=0.010944|0.039525|3.6115, lr=0.0000, time=08.107906
-----------------------------

Epoch 71: loss=3.8721|0.4599, acc=100.0000|92.1378, fr=0.4163, cin|cout=0.010944|0.039525|3.6115, lr=0.0000, time=08.188122
-----------------------------

Epoch 72: loss=3.8723|0.4624, acc=100.0000|91.6078, fr=0.4163, cin|cout=0.010944|0.039525|3.6115, lr=0.0000, time=08.273284
-----------------------------

Epoch 73: loss=3.8720|0.4641, acc=100.0000|91.6519, fr=0.4163, cin|cout=0.010944|0.039525|3.6115, lr=0.0000, time=08.538015
-----------------------------

Epoch 74: loss=3.8723|0.4617, acc=99.9877|92.0053, fr=0.4164, cin|cout=0.010944|0.039525|3.6115, lr=0.0000, time=08.309757
-----------------------------

Epoch 75: loss=3.8728|0.4581, acc=99.9877|91.8286, fr=0.4163, cin|cout=0.010944|0.039525|3.6115, lr=0.0000, time=08.217171
-----------------------------

Epoch 76: loss=3.8720|0.4608, acc=100.0000|91.6519, fr=0.4163, cin|cout=0.010944|0.039525|3.6115, lr=0.0000, time=08.180300
-----------------------------

Epoch 77: loss=3.8723|0.4639, acc=100.0000|91.8286, fr=0.4164, cin|cout=0.010944|0.039525|3.6115, lr=0.0000, time=08.277062
-----------------------------

Epoch 78: loss=3.8720|0.4614, acc=100.0000|91.8728, fr=0.4163, cin|cout=0.010944|0.039525|3.6115, lr=0.0000, time=08.667140
-----------------------------

