===== Exp configuration =====
date:		08-21-20-17
save_dir:		./log/08-21-20-17
dataset_name:		shd
data_folder:		./data/raw/
input_dim:		700
output_dim:		20
nb_steps:		100
trials:		5
scheduler_patience:		5
scheduler_factor:		0.7
batch_size:		512
nb_epochs:		100
lr:		0.015
weight_decay:		1e-05
reg_factor:		0.5
reg_fmin:		0.01
reg_fmax:		0.1
fr_ent:		0.1
seed:		1692620229
ckpt_freq:		10
threshold:		1.0
smoothing:		0.1
pdrop:		0.1
normalization:		batchnorm
train_input:		True
nb_hiddens:		1024
noise_test:		0.0
device:		cuda:0

Created new spiking model:
 RC(
  (W): Linear(in_features=700, out_features=1024, bias=True)
  (V): Linear(in_features=1024, out_features=1024, bias=False)
  (read): Linear(in_features=1024, out_features=20, bias=True)
  (norm): BatchNorm1d(1024, eps=1e-05, momentum=0.05, affine=True, track_running_stats=True)
  (norm_read): BatchNorm1d(20, eps=1e-05, momentum=0.05, affine=True, track_running_stats=True)
  (drop): Dropout(p=0.1, inplace=False)
)

Total number of trainable parameters is 1793104

**************  Trial 1  **************
Epoch 0: cin|cout=0.005577|0.027425|4.9177
Epoch 1: loss=8.7320|5.3099, acc=21.6528|16.3428, fr=0.3894, cin|cout=0.005940|0.027764|4.6737, lr=0.0150, time=10.780622
-----------------------------

Epoch 2: loss=5.9926|2.0825, acc=27.4767|48.5866, fr=0.3116, cin|cout=0.006476|0.028703|4.4325, lr=0.0150, time=10.446687
-----------------------------

Epoch 3: loss=4.6427|1.1231, acc=59.3551|73.9399, fr=0.2966, cin|cout=0.006629|0.028995|4.3741, lr=0.0150, time=09.840840
-----------------------------

Epoch 4: loss=4.2892|1.0410, acc=72.3026|80.7420, fr=0.3383, cin|cout=0.006810|0.029258|4.2963, lr=0.0150, time=10.013018
-----------------------------

Epoch 5: loss=4.1076|0.9145, acc=80.6278|81.4488, fr=0.3591, cin|cout=0.006826|0.029319|4.2952, lr=0.0150, time=09.621081
-----------------------------

Epoch 6: loss=3.9513|0.8517, acc=85.9980|82.9947, fr=0.3522, cin|cout=0.006848|0.029376|4.2897, lr=0.0150, time=09.648061
-----------------------------

Epoch 7: loss=3.8481|0.8646, acc=89.2227|79.5495, fr=0.3341, cin|cout=0.006859|0.029406|4.2875, lr=0.0150, time=09.623723
-----------------------------

Epoch 8: loss=3.7779|0.7911, acc=90.4610|81.9788, fr=0.3210, cin|cout=0.006858|0.029404|4.2873, lr=0.0150, time=09.583086
-----------------------------

Epoch 9: loss=3.6987|0.7337, acc=92.1530|81.8905, fr=0.3128, cin|cout=0.006842|0.029389|4.2954, lr=0.0150, time=09.619762
-----------------------------

Epoch 10: loss=3.5286|0.4401, acc=94.7278|87.5883, fr=0.3084, cin|cout=0.006840|0.029400|4.2983, lr=0.0150, time=09.685769

Best model saved with valid acc=87.58833922261483
-----------------------------

Epoch 11: loss=3.4205|0.4070, acc=98.0015|91.0336, fr=0.3049, cin|cout=0.006836|0.029368|4.2961, lr=0.0150, time=09.978820

Best model saved with valid acc=91.03356890459364
-----------------------------

Epoch 12: loss=3.4086|0.4255, acc=98.7126|90.6360, fr=0.3027, cin|cout=0.006828|0.029358|4.2998, lr=0.0150, time=09.727600
-----------------------------

Epoch 13: loss=3.3887|0.4289, acc=99.1540|90.0177, fr=0.3076, cin|cout=0.006819|0.029316|4.2991, lr=0.0150, time=09.742069
-----------------------------

Epoch 14: loss=3.3681|0.4257, acc=99.4483|90.5919, fr=0.3045, cin|cout=0.006802|0.029328|4.3115, lr=0.0150, time=09.573511
-----------------------------

Epoch 15: loss=3.3535|0.4972, acc=99.5586|88.7367, fr=0.3008, cin|cout=0.006799|0.029350|4.3169, lr=0.0150, time=09.643646
-----------------------------

Epoch 16: loss=3.3444|0.4517, acc=99.7548|89.7968, fr=0.3009, cin|cout=0.006792|0.029376|4.3252, lr=0.0150, time=09.669271
-----------------------------

Epoch 17: loss=3.3326|0.4627, acc=99.8161|90.0177, fr=0.2979, cin|cout=0.006775|0.029295|4.3243, lr=0.0150, time=10.247622
-----------------------------

Epoch 18: loss=3.3225|0.4613, acc=99.8774|89.8410, fr=0.2948, cin|cout=0.006773|0.029277|4.3229, lr=0.0105, time=10.447788
-----------------------------

Epoch 19: loss=3.3188|0.4363, acc=99.9142|90.9894, fr=0.2919, cin|cout=0.006771|0.029292|4.3263, lr=0.0105, time=10.600979
-----------------------------

Epoch 20: loss=3.3137|0.4735, acc=99.9510|89.4435, fr=0.2894, cin|cout=0.006769|0.029308|4.3296, lr=0.0105, time=10.545906
-----------------------------

Epoch 21: loss=3.3049|0.4681, acc=99.9387|89.8410, fr=0.2886, cin|cout=0.006767|0.029310|4.3312, lr=0.0105, time=10.834438
-----------------------------

Epoch 22: loss=3.2993|0.4465, acc=99.9877|90.6360, fr=0.2899, cin|cout=0.006754|0.029296|4.3376, lr=0.0105, time=10.206083
-----------------------------

Epoch 23: loss=3.3019|0.4714, acc=99.9755|89.1784, fr=0.2867, cin|cout=0.006753|0.029323|4.3425, lr=0.0105, time=10.067778
-----------------------------

Epoch 24: loss=3.2934|0.4471, acc=99.9877|90.4594, fr=0.2793, cin|cout=0.006753|0.029318|4.3414, lr=0.0073, time=10.059685
-----------------------------

Epoch 25: loss=3.2894|0.4709, acc=99.9877|90.1502, fr=0.2779, cin|cout=0.006753|0.029317|4.3411, lr=0.0073, time=09.997190
-----------------------------

Epoch 26: loss=3.2819|0.4578, acc=100.0000|90.4152, fr=0.2782, cin|cout=0.006748|0.029297|4.3417, lr=0.0073, time=09.955127
-----------------------------

Epoch 27: loss=3.2802|0.4790, acc=100.0000|90.2827, fr=0.2768, cin|cout=0.006739|0.029287|4.3456, lr=0.0073, time=09.942042
-----------------------------

Epoch 28: loss=3.2787|0.5000, acc=99.9877|88.7809, fr=0.2749, cin|cout=0.006738|0.029280|4.3456, lr=0.0073, time=10.017215
-----------------------------

Epoch 29: loss=3.2771|0.4935, acc=100.0000|89.3993, fr=0.2740, cin|cout=0.006737|0.029271|4.3449, lr=0.0073, time=10.377039
-----------------------------

Epoch 30: loss=3.2739|0.4776, acc=99.9877|90.1502, fr=0.2737, cin|cout=0.006736|0.029262|4.3439, lr=0.0051, time=10.316469
-----------------------------

Epoch 31: loss=3.2728|0.4719, acc=100.0000|90.5477, fr=0.2743, cin|cout=0.006734|0.029256|4.3446, lr=0.0051, time=10.367655
-----------------------------

Epoch 32: loss=3.2717|0.4818, acc=100.0000|90.0177, fr=0.2729, cin|cout=0.006732|0.029254|4.3456, lr=0.0051, time=10.368939
-----------------------------

Epoch 33: loss=3.2712|0.4790, acc=100.0000|89.7968, fr=0.2724, cin|cout=0.006730|0.029241|4.3451, lr=0.0051, time=10.282493
-----------------------------

Epoch 34: loss=3.2706|0.4839, acc=100.0000|89.8410, fr=0.2717, cin|cout=0.006729|0.029236|4.3445, lr=0.0051, time=10.356904
-----------------------------

Epoch 35: loss=3.2698|0.4825, acc=100.0000|90.1502, fr=0.2713, cin|cout=0.006725|0.029226|4.3460, lr=0.0051, time=10.329553
-----------------------------

Epoch 36: loss=3.2684|0.4916, acc=100.0000|90.5477, fr=0.2706, cin|cout=0.006725|0.029223|4.3456, lr=0.0036, time=10.333627
-----------------------------

Epoch 37: loss=3.2661|0.4997, acc=100.0000|90.0177, fr=0.2700, cin|cout=0.006724|0.029226|4.3463, lr=0.0036, time=10.360492
-----------------------------

