===== Exp configuration =====
date:		08-21-19-37
save_dir:		./log/08-21-19-37
dataset_name:		shd
data_folder:		./data/raw/
input_dim:		700
output_dim:		20
nb_steps:		100
trials:		5
scheduler_patience:		20
scheduler_factor:		0.7
batch_size:		512
nb_epochs:		100
lr:		0.015
weight_decay:		1e-05
reg_factor:		0.5
reg_fmin:		0.01
reg_fmax:		0.1
fr_ent:		0.1
seed:		1692617840
ckpt_freq:		10
threshold:		1.0
smoothing:		0.1
pdrop:		0.1
normalization:		batchnorm
train_input:		True
nb_hiddens:		1024
noise_test:		0.0
device:		cuda:0

Created new spiking model:
 RC(
  (W): Linear(in_features=700, out_features=1024, bias=True)
  (V): Linear(in_features=1024, out_features=1024, bias=False)
  (read): Linear(in_features=1024, out_features=20, bias=True)
  (norm): BatchNorm1d(1024, eps=1e-05, momentum=0.05, affine=True, track_running_stats=True)
  (norm_read): BatchNorm1d(20, eps=1e-05, momentum=0.05, affine=True, track_running_stats=True)
  (drop): Dropout(p=0.1, inplace=False)
)

Total number of trainable parameters is 1793104

**************  Trial 1  **************
Epoch 0: cin|cout=0.000288|0.006225|21.6074
Epoch 1: loss=17.5363|3.1021, acc=5.1618|4.9028, fr=0.6899, cin|cout=0.024582|0.057223|2.3278, lr=0.0150, time=09.818488
-----------------------------

Epoch 2: loss=8.6644|3.0700, acc=5.0760|5.0353, fr=0.4402, cin|cout=0.035833|0.068603|1.9145, lr=0.0150, time=08.968368
-----------------------------

Epoch 3: loss=7.3819|3.0598, acc=5.5910|5.4329, fr=0.3831, cin|cout=0.038807|0.071825|1.8508, lr=0.0150, time=09.093192
-----------------------------

Epoch 4: loss=6.7853|3.0435, acc=5.1864|5.0353, fr=0.3584, cin|cout=0.039567|0.072770|1.8391, lr=0.0150, time=09.114466
-----------------------------

Epoch 5: loss=6.3830|3.0444, acc=5.0883|4.9028, fr=0.3360, cin|cout=0.039794|0.073069|1.8362, lr=0.0150, time=09.557479
-----------------------------

Epoch 6: loss=6.1787|3.0386, acc=5.1618|4.8587, fr=0.3275, cin|cout=0.039905|0.073066|1.8310, lr=0.0150, time=08.538830
-----------------------------

Epoch 7: loss=5.9462|3.0367, acc=5.0147|5.4329, fr=0.3187, cin|cout=0.039974|0.073119|1.8291, lr=0.0150, time=08.569237
-----------------------------

Epoch 8: loss=5.8376|3.0326, acc=5.4806|4.6378, fr=0.3157, cin|cout=0.040046|0.073149|1.8266, lr=0.0150, time=08.364835
-----------------------------

Epoch 9: loss=5.7358|3.0357, acc=5.2354|5.2562, fr=0.3160, cin|cout=0.040127|0.073171|1.8235, lr=0.0150, time=08.340961
-----------------------------

Epoch 10: loss=5.6522|3.0346, acc=5.1128|4.4611, fr=0.3118, cin|cout=0.040180|0.073138|1.8203, lr=0.0150, time=08.304751
-----------------------------

Epoch 11: loss=5.6303|3.0218, acc=5.1864|5.8746, fr=0.3094, cin|cout=0.040214|0.073053|1.8166, lr=0.0150, time=08.355361
-----------------------------

Epoch 12: loss=5.6071|3.0173, acc=4.8185|5.6979, fr=0.3108, cin|cout=0.040237|0.072998|1.8142, lr=0.0150, time=08.285501
-----------------------------

Epoch 13: loss=5.5567|3.0178, acc=5.1741|5.1678, fr=0.3135, cin|cout=0.040394|0.073080|1.8092, lr=0.0150, time=08.811564
-----------------------------

Epoch 14: loss=5.5467|3.0133, acc=4.9902|6.0512, fr=0.3163, cin|cout=0.040569|0.073177|1.8038, lr=0.0150, time=08.249675
-----------------------------

Epoch 15: loss=5.5037|3.0197, acc=4.7205|4.9912, fr=0.3160, cin|cout=0.040639|0.073140|1.7998, lr=0.0150, time=08.580567
-----------------------------

Epoch 16: loss=5.4229|3.0274, acc=5.2722|4.6820, fr=0.3166, cin|cout=0.040674|0.073046|1.7959, lr=0.0150, time=08.920604
-----------------------------

Epoch 17: loss=5.4032|3.0162, acc=5.0883|5.0795, fr=0.3160, cin|cout=0.040688|0.073003|1.7942, lr=0.0150, time=08.082627
-----------------------------

Epoch 18: loss=5.3783|3.0320, acc=5.3703|5.3004, fr=0.3153, cin|cout=0.040707|0.072956|1.7922, lr=0.0150, time=07.991432
-----------------------------

Epoch 19: loss=5.3336|3.0131, acc=5.3703|5.3445, fr=0.3215, cin|cout=0.040721|0.072931|1.7910, lr=0.0150, time=07.939242
-----------------------------

Epoch 20: loss=5.3021|3.0239, acc=5.2231|5.3004, fr=0.3217, cin|cout=0.040723|0.072927|1.7908, lr=0.0150, time=08.004126
-----------------------------

Epoch 21: loss=5.2360|3.0157, acc=4.9411|5.9629, fr=0.3213, cin|cout=0.040723|0.072925|1.7908, lr=0.0150, time=08.004277
-----------------------------

Epoch 22: loss=5.1775|3.0286, acc=5.1251|5.5212, fr=0.3220, cin|cout=0.040723|0.072925|1.7908, lr=0.0150, time=08.003755
-----------------------------

Epoch 23: loss=5.1196|3.0088, acc=5.8607|6.1837, fr=0.3265, cin|cout=0.040722|0.072924|1.7908, lr=0.0150, time=08.001569
-----------------------------

Epoch 24: loss=5.0848|3.0251, acc=5.1618|5.4329, fr=0.3324, cin|cout=0.040722|0.072924|1.7908, lr=0.0150, time=08.021051
-----------------------------

Epoch 25: loss=5.0476|3.0090, acc=5.0760|6.2721, fr=0.3345, cin|cout=0.040721|0.072924|1.7908, lr=0.0150, time=07.915133
-----------------------------

Epoch 26: loss=5.0217|3.0231, acc=5.0760|5.9187, fr=0.3347, cin|cout=0.040721|0.072923|1.7908, lr=0.0150, time=07.989995
-----------------------------

Epoch 27: loss=4.9960|3.0159, acc=5.5665|5.1237, fr=0.3394, cin|cout=0.040720|0.072923|1.7908, lr=0.0150, time=07.966480
-----------------------------

Epoch 28: loss=4.9577|3.0183, acc=5.3335|5.3887, fr=0.3390, cin|cout=0.040720|0.072922|1.7908, lr=0.0150, time=08.026392
-----------------------------

Epoch 29: loss=4.9264|3.0100, acc=5.3458|6.4929, fr=0.3455, cin|cout=0.040719|0.072922|1.7908, lr=0.0150, time=08.003821
-----------------------------

Epoch 30: loss=4.9085|3.0170, acc=5.7258|5.3445, fr=0.3443, cin|cout=0.040719|0.072922|1.7909, lr=0.0150, time=07.944353
-----------------------------

Epoch 31: loss=4.8719|3.0128, acc=5.3948|5.3887, fr=0.3516, cin|cout=0.040718|0.072921|1.7909, lr=0.0150, time=07.989988
-----------------------------

Epoch 32: loss=4.8466|3.0174, acc=5.6155|5.4329, fr=0.3507, cin|cout=0.040718|0.072921|1.7909, lr=0.0150, time=08.077860
-----------------------------

Epoch 33: loss=4.8227|3.0205, acc=4.8553|5.6095, fr=0.3481, cin|cout=0.040717|0.072920|1.7909, lr=0.0150, time=07.982408
-----------------------------

Epoch 34: loss=4.7936|3.0230, acc=5.1741|5.1237, fr=0.3534, cin|cout=0.040717|0.072920|1.7909, lr=0.0150, time=07.949096
-----------------------------

Epoch 35: loss=4.7660|3.0061, acc=5.0883|5.5212, fr=0.3542, cin|cout=0.040717|0.072919|1.7909, lr=0.0150, time=08.026000
-----------------------------

Epoch 36: loss=4.7368|3.0062, acc=5.0515|5.6979, fr=0.3584, cin|cout=0.040716|0.072919|1.7909, lr=0.0150, time=07.971417
-----------------------------

Epoch 37: loss=4.7111|3.0129, acc=5.3825|6.0512, fr=0.3708, cin|cout=0.040716|0.072919|1.7909, lr=0.0150, time=07.919244
-----------------------------

Epoch 38: loss=4.6521|3.0244, acc=5.3703|5.3887, fr=0.3706, cin|cout=0.040715|0.072918|1.7909, lr=0.0150, time=07.930628
-----------------------------

Epoch 39: loss=4.6178|3.0084, acc=5.5910|6.1837, fr=0.3664, cin|cout=0.040715|0.072918|1.7909, lr=0.0150, time=07.952615
-----------------------------

Epoch 40: loss=4.5777|3.0261, acc=5.3212|5.3004, fr=0.3675, cin|cout=0.040714|0.072917|1.7910, lr=0.0150, time=08.046557
-----------------------------

Epoch 41: loss=4.5298|3.0099, acc=5.7504|5.8746, fr=0.3759, cin|cout=0.040714|0.072917|1.7910, lr=0.0150, time=07.983702
-----------------------------

Epoch 42: loss=4.5026|3.0187, acc=5.4071|5.7862, fr=0.3746, cin|cout=0.040713|0.072917|1.7910, lr=0.0150, time=07.952663
-----------------------------

Epoch 43: loss=4.4907|3.0158, acc=5.4316|5.1678, fr=0.3734, cin|cout=0.040713|0.072916|1.7910, lr=0.0150, time=07.967707
-----------------------------

Epoch 44: loss=4.4850|3.0069, acc=5.1005|6.0071, fr=0.3771, cin|cout=0.040712|0.072916|1.7910, lr=0.0150, time=08.016333
-----------------------------

Epoch 45: loss=4.4452|3.0098, acc=5.5419|5.8746, fr=0.3823, cin|cout=0.040712|0.072915|1.7910, lr=0.0150, time=07.987027
-----------------------------

Epoch 46: loss=4.4138|3.0177, acc=5.5665|5.3445, fr=0.3837, cin|cout=0.040711|0.072915|1.7910, lr=0.0150, time=08.583884
-----------------------------

Epoch 47: loss=4.3954|3.0254, acc=5.5787|5.0353, fr=0.3853, cin|cout=0.040711|0.072915|1.7910, lr=0.0150, time=08.423085
-----------------------------

