===== Exp configuration =====
date:		08-21-19-44
save_dir:		./log/08-21-19-44
dataset_name:		shd
data_folder:		./data/raw/
input_dim:		700
output_dim:		20
nb_steps:		100
trials:		5
scheduler_patience:		20
scheduler_factor:		0.7
batch_size:		512
nb_epochs:		100
lr:		0.015
weight_decay:		1e-05
reg_factor:		0.5
reg_fmin:		0.01
reg_fmax:		0.1
fr_ent:		0.1
seed:		1692618272
ckpt_freq:		10
threshold:		1.0
smoothing:		0.1
pdrop:		0.1
normalization:		batchnorm
train_input:		True
nb_hiddens:		1024
noise_test:		0.0
device:		cuda:0

Created new spiking model:
 RC(
  (W): Linear(in_features=700, out_features=1024, bias=True)
  (V): Linear(in_features=1024, out_features=1024, bias=False)
  (read): Linear(in_features=1024, out_features=20, bias=True)
  (norm): BatchNorm1d(1024, eps=1e-05, momentum=0.05, affine=True, track_running_stats=True)
  (norm_read): BatchNorm1d(20, eps=1e-05, momentum=0.05, affine=True, track_running_stats=True)
  (drop): Dropout(p=0.1, inplace=False)
)

Total number of trainable parameters is 1793104

**************  Trial 1  **************
Epoch 0: cin|cout=0.002079|0.015918|7.6547
Epoch 1: loss=21.0039|3.1269, acc=4.8063|5.2562, fr=0.7834, cin|cout=0.002368|0.016611|7.0149, lr=0.0150, time=09.564754
-----------------------------

Epoch 2: loss=10.4673|3.0760, acc=4.8063|6.0071, fr=0.4937, cin|cout=0.002474|0.016873|6.8192, lr=0.0150, time=07.901390
-----------------------------

Epoch 3: loss=7.8786|3.0718, acc=5.2845|4.6378, fr=0.3825, cin|cout=0.002501|0.016938|6.7732, lr=0.0150, time=08.023453
-----------------------------

Epoch 4: loss=6.7203|3.0573, acc=5.2231|4.8587, fr=0.3267, cin|cout=0.002507|0.016952|6.7631, lr=0.0150, time=08.399619
-----------------------------

Epoch 5: loss=6.2994|3.0519, acc=4.9411|5.6537, fr=0.2982, cin|cout=0.002508|0.016955|6.7610, lr=0.0150, time=07.960383
-----------------------------

Epoch 6: loss=6.1456|3.0414, acc=5.1128|4.8587, fr=0.2944, cin|cout=0.002508|0.016955|6.7606, lr=0.0150, time=07.986925
-----------------------------

Epoch 7: loss=6.0374|3.0396, acc=5.2845|5.7862, fr=0.2865, cin|cout=0.002508|0.016956|6.7605, lr=0.0150, time=07.934479
-----------------------------

Epoch 8: loss=5.8821|3.0243, acc=5.2722|5.5212, fr=0.2825, cin|cout=0.002508|0.016955|6.7606, lr=0.0150, time=07.963915
-----------------------------

Epoch 9: loss=5.7979|3.0313, acc=4.7450|4.5936, fr=0.2802, cin|cout=0.002508|0.016955|6.7606, lr=0.0150, time=08.449532
-----------------------------

Epoch 10: loss=5.7552|3.0331, acc=4.9779|5.2120, fr=0.2812, cin|cout=0.002508|0.016955|6.7606, lr=0.0150, time=08.007037
-----------------------------

Epoch 11: loss=5.7236|3.0270, acc=5.4684|5.1237, fr=0.2781, cin|cout=0.002508|0.016955|6.7607, lr=0.0150, time=09.155256
-----------------------------

Epoch 12: loss=5.6768|3.0375, acc=5.0638|5.3445, fr=0.2768, cin|cout=0.002508|0.016955|6.7607, lr=0.0150, time=08.623365
-----------------------------

Epoch 13: loss=5.6276|3.0370, acc=5.3825|5.2562, fr=0.2846, cin|cout=0.002508|0.016955|6.7607, lr=0.0150, time=08.803621
-----------------------------

Epoch 14: loss=5.5168|3.0270, acc=5.6768|5.5212, fr=0.2874, cin|cout=0.002508|0.016955|6.7608, lr=0.0150, time=08.529612
-----------------------------

Epoch 15: loss=5.4723|3.0293, acc=5.5297|4.8587, fr=0.2886, cin|cout=0.002508|0.016955|6.7608, lr=0.0150, time=09.723717
-----------------------------

Epoch 16: loss=5.4422|3.0312, acc=5.9220|5.5212, fr=0.2933, cin|cout=0.002508|0.016955|6.7609, lr=0.0150, time=09.383220
-----------------------------

Epoch 17: loss=5.4267|3.0301, acc=5.1864|5.9187, fr=0.2890, cin|cout=0.002508|0.016955|6.7609, lr=0.0150, time=09.086029
-----------------------------

Epoch 18: loss=5.4122|3.0238, acc=5.3580|4.8145, fr=0.2883, cin|cout=0.002508|0.016955|6.7609, lr=0.0150, time=08.938308
-----------------------------

Epoch 19: loss=5.3901|3.0248, acc=5.4806|5.4770, fr=0.2934, cin|cout=0.002508|0.016955|6.7610, lr=0.0150, time=09.012584
-----------------------------

