===== Exp configuration =====
date:		08-21-20-24
save_dir:		./log/08-21-20-24
dataset_name:		shd
data_folder:		./data/raw/
input_dim:		700
output_dim:		20
nb_steps:		100
trials:		5
scheduler_patience:		5
scheduler_factor:		0.7
batch_size:		512
nb_epochs:		100
lr:		0.015
weight_decay:		1e-05
reg_factor:		0.5
reg_fmin:		0.01
reg_fmax:		0.1
fr_ent:		0.1
seed:		1692620679
ckpt_freq:		10
threshold:		1.0
smoothing:		0.1
pdrop:		0.1
normalization:		batchnorm
train_input:		True
nb_hiddens:		1024
noise_test:		0.0
device:		cuda:0

Created new spiking model:
 RC(
  (W): Linear(in_features=700, out_features=1024, bias=True)
  (V): Linear(in_features=1024, out_features=1024, bias=False)
  (read): Linear(in_features=1024, out_features=20, bias=True)
  (norm): BatchNorm1d(1024, eps=1e-05, momentum=0.05, affine=True, track_running_stats=True)
  (norm_read): BatchNorm1d(20, eps=1e-05, momentum=0.05, affine=True, track_running_stats=True)
  (drop): Dropout(p=0.1, inplace=False)
)

Total number of trainable parameters is 1793104

**************  Trial 1  **************
Epoch 0: cin|cout=0.001426|0.015150|10.6209
Epoch 1: loss=10.0427|5.7051, acc=25.7111|9.3640, fr=0.4255, cin|cout=0.006846|0.028288|4.1322, lr=0.0150, time=10.860577
-----------------------------

Epoch 2: loss=6.9585|2.4731, acc=28.5311|45.0972, fr=0.3212, cin|cout=0.009317|0.034179|3.6683, lr=0.0150, time=10.399360
-----------------------------

Epoch 3: loss=5.6383|1.7376, acc=52.9304|67.2703, fr=0.2940, cin|cout=0.010210|0.036094|3.5351, lr=0.0150, time=10.611991
-----------------------------

Epoch 4: loss=4.8568|0.9652, acc=67.2388|75.4417, fr=0.2731, cin|cout=0.010495|0.036800|3.5064, lr=0.0150, time=10.668945
-----------------------------

Epoch 5: loss=4.2720|0.5516, acc=77.2928|86.3074, fr=0.2854, cin|cout=0.010658|0.037150|3.4857, lr=0.0150, time=10.467071

Best model saved with valid acc=86.30742049469964
-----------------------------

Epoch 6: loss=4.0239|0.4615, acc=86.9789|87.7208, fr=0.2967, cin|cout=0.010762|0.037397|3.4749, lr=0.0150, time=10.511333

Best model saved with valid acc=87.72084805653711
-----------------------------

Epoch 7: loss=3.9165|0.3929, acc=91.1967|90.5477, fr=0.2895, cin|cout=0.010852|0.037796|3.4830, lr=0.0150, time=10.479677

Best model saved with valid acc=90.54770318021201
-----------------------------

Epoch 8: loss=3.8684|0.4002, acc=94.1883|90.1060, fr=0.2862, cin|cout=0.010905|0.038012|3.4858, lr=0.0150, time=10.035767
-----------------------------

Epoch 9: loss=3.8083|0.4170, acc=95.6719|88.4276, fr=0.2850, cin|cout=0.010942|0.037971|3.4703, lr=0.0150, time=09.557563
-----------------------------

Epoch 10: loss=3.7764|0.4051, acc=96.3708|89.4435, fr=0.2800, cin|cout=0.010969|0.038068|3.4707, lr=0.0150, time=09.495950
-----------------------------

Epoch 11: loss=3.7462|0.4136, acc=97.4252|90.9452, fr=0.2762, cin|cout=0.010976|0.038067|3.4683, lr=0.0150, time=09.410342

Best model saved with valid acc=90.9452296819788
-----------------------------

Epoch 12: loss=3.7256|0.4093, acc=97.6949|91.1219, fr=0.2741, cin|cout=0.011006|0.038073|3.4594, lr=0.0150, time=09.921180

Best model saved with valid acc=91.12190812720848
-----------------------------

Epoch 13: loss=3.7068|0.4577, acc=98.1976|89.2226, fr=0.2733, cin|cout=0.011034|0.038033|3.4470, lr=0.0150, time=10.333001
-----------------------------

Epoch 14: loss=3.6862|0.4381, acc=98.8352|90.2827, fr=0.2733, cin|cout=0.011048|0.037973|3.4372, lr=0.0150, time=10.473860
-----------------------------

Epoch 15: loss=3.6649|0.4235, acc=99.2153|90.9894, fr=0.2749, cin|cout=0.011077|0.037969|3.4276, lr=0.0150, time=10.445041
-----------------------------

Epoch 16: loss=3.6582|0.4083, acc=99.3502|92.1378, fr=0.2765, cin|cout=0.011108|0.038002|3.4211, lr=0.0150, time=10.410542

Best model saved with valid acc=92.13780918727915
-----------------------------

Epoch 17: loss=3.6524|0.4773, acc=99.3624|90.1060, fr=0.2751, cin|cout=0.011118|0.038060|3.4232, lr=0.0150, time=10.500760
-----------------------------

Epoch 18: loss=3.6368|0.4478, acc=99.5831|89.8852, fr=0.2702, cin|cout=0.011137|0.037967|3.4091, lr=0.0150, time=10.378536
-----------------------------

Epoch 19: loss=3.6360|0.4387, acc=99.5463|90.9011, fr=0.2705, cin|cout=0.011146|0.038088|3.4171, lr=0.0150, time=10.532146
-----------------------------

Epoch 20: loss=3.6266|0.4356, acc=99.7793|91.5636, fr=0.2699, cin|cout=0.011209|0.038174|3.4058, lr=0.0150, time=10.488038
-----------------------------

Epoch 21: loss=3.6178|0.4592, acc=99.8651|91.1219, fr=0.2684, cin|cout=0.011258|0.038134|3.3873, lr=0.0150, time=10.371093
-----------------------------

Epoch 22: loss=3.6147|0.4662, acc=99.8283|89.9293, fr=0.2690, cin|cout=0.011304|0.038024|3.3639, lr=0.0150, time=10.365445
-----------------------------

Epoch 23: loss=3.6003|0.4552, acc=99.8283|91.1219, fr=0.2692, cin|cout=0.011303|0.038088|3.3698, lr=0.0105, time=10.357833
-----------------------------

