===== Exp configuration =====
date:		08-20-03-40
save_dir:		./log/08-20-03-40
dataset_name:		shd
data_folder:		./data/raw/
input_dim:		700
output_dim:		20
nb_steps:		100
trials:		1
scheduler_patience:		2
scheduler_factor:		0.7
batch_size:		512
nb_epochs:		50
lr:		0.015
weight_decay:		1e-05
reg_factor:		0.5
reg_fmin:		0.01
reg_fmax:		0.1
fr_ent:		0.1
seed:		1692474057
ckpt_freq:		10
threshold:		1.0
smoothing:		0.1
pdrop:		0.1
normalization:		batchnorm
train_input:		True
nb_hiddens:		1024
noise_test:		0.0
device:		cuda:0

Created new spiking model:
 RC(
  (W): Linear(in_features=700, out_features=1024, bias=True)
  (V): Linear(in_features=1024, out_features=1024, bias=False)
  (read): Linear(in_features=1024, out_features=20, bias=True)
  (norm): BatchNorm1d(1024, eps=1e-05, momentum=0.05, affine=True, track_running_stats=True)
  (norm_read): BatchNorm1d(20, eps=1e-05, momentum=0.05, affine=True, track_running_stats=True)
  (drop): Dropout(p=0.1, inplace=False)
)

Total number of trainable parameters is 1793104

**************  Trial 1  **************
Epoch 0: cin|cout=0.001523|0.014176|9.3084
Epoch 1: loss=8.3639|6.2465, acc=26.2138|8.2155, fr=0.3931, cin|cout=0.007155|0.029383|4.1068, lr=0.0150, time=11.285335
-----------------------------

Epoch 2: loss=5.4911|1.6441, acc=32.8347|56.2721, fr=0.3010, cin|cout=0.009708|0.034090|3.5115, lr=0.0150, time=10.386503
-----------------------------

Epoch 3: loss=4.0672|1.1152, acc=63.2908|75.9276, fr=0.3304, cin|cout=0.010692|0.035738|3.3424, lr=0.0150, time=10.409973
-----------------------------

Epoch 4: loss=3.6302|0.8446, acc=76.8269|80.8746, fr=0.3265, cin|cout=0.011012|0.036676|3.3306, lr=0.0150, time=10.567441
-----------------------------

Epoch 5: loss=3.3012|0.5398, acc=84.2202|84.8498, fr=0.3159, cin|cout=0.011129|0.037250|3.3472, lr=0.0150, time=09.643398
-----------------------------

Epoch 6: loss=3.0693|0.4441, acc=90.8411|87.6767, fr=0.3108, cin|cout=0.011170|0.037698|3.3749, lr=0.0150, time=09.639853

Best model saved with valid acc=87.67667844522968
-----------------------------

Epoch 7: loss=2.9907|0.4945, acc=92.7661|85.8216, fr=0.2996, cin|cout=0.011217|0.037777|3.3679, lr=0.0150, time=10.097988
-----------------------------

Epoch 8: loss=2.9156|0.4240, acc=94.9117|89.1343, fr=0.2947, cin|cout=0.011280|0.037694|3.3418, lr=0.0150, time=10.037123

Best model saved with valid acc=89.13427561837456
-----------------------------

Epoch 9: loss=2.8647|0.4439, acc=96.8735|89.2668, fr=0.2866, cin|cout=0.011303|0.038008|3.3625, lr=0.0150, time=10.446141

Best model saved with valid acc=89.26678445229682
-----------------------------

Epoch 10: loss=2.8449|0.4287, acc=97.5601|89.7527, fr=0.2798, cin|cout=0.011331|0.038070|3.3597, lr=0.0150, time=10.304040

Best model saved with valid acc=89.75265017667844
-----------------------------

Epoch 11: loss=2.8226|0.4535, acc=97.9034|87.8975, fr=0.2754, cin|cout=0.011385|0.038000|3.3377, lr=0.0150, time=10.119224
-----------------------------

Epoch 12: loss=2.8190|0.4392, acc=98.4429|88.7809, fr=0.2716, cin|cout=0.011411|0.038056|3.3351, lr=0.0150, time=09.765778
-----------------------------

Epoch 13: loss=2.7894|0.4285, acc=98.9088|89.7968, fr=0.2614, cin|cout=0.011438|0.038127|3.3332, lr=0.0150, time=09.640712

Best model saved with valid acc=89.79681978798587
-----------------------------

Epoch 14: loss=2.7719|0.4462, acc=99.1417|89.1784, fr=0.2616, cin|cout=0.011465|0.038206|3.3323, lr=0.0150, time=09.692417
-----------------------------

Epoch 15: loss=2.7605|0.4833, acc=99.4850|88.1184, fr=0.2593, cin|cout=0.011477|0.038400|3.3458, lr=0.0150, time=09.604544
-----------------------------

Epoch 16: loss=2.7508|0.4305, acc=99.5218|89.9293, fr=0.2596, cin|cout=0.011515|0.038274|3.3237, lr=0.0150, time=09.661373

Best model saved with valid acc=89.92932862190813
-----------------------------

Epoch 17: loss=2.7382|0.4287, acc=99.7548|91.2986, fr=0.2593, cin|cout=0.011556|0.038050|3.2925, lr=0.0150, time=09.690864

Best model saved with valid acc=91.29858657243817
-----------------------------

Epoch 18: loss=2.7286|0.4407, acc=99.8161|90.6360, fr=0.2588, cin|cout=0.011583|0.038042|3.2843, lr=0.0150, time=09.628718
-----------------------------

Epoch 19: loss=2.7233|0.4574, acc=99.9019|89.3110, fr=0.2577, cin|cout=0.011605|0.038228|3.2942, lr=0.0150, time=10.252837
-----------------------------

Epoch 20: loss=2.7267|0.4809, acc=99.8774|89.1343, fr=0.2594, cin|cout=0.011616|0.038335|3.3002, lr=0.0150, time=09.716267
-----------------------------

Epoch 21: loss=2.7167|0.4556, acc=99.9264|90.2385, fr=0.2529, cin|cout=0.011635|0.038314|3.2931, lr=0.0105, time=10.351743
-----------------------------

Epoch 22: loss=2.7104|0.4760, acc=99.9510|89.7968, fr=0.2477, cin|cout=0.011650|0.038436|3.2993, lr=0.0105, time=09.630236
-----------------------------

Epoch 23: loss=2.7069|0.4805, acc=99.9755|90.3710, fr=0.2459, cin|cout=0.011662|0.038452|3.2973, lr=0.0105, time=10.224494
-----------------------------

Epoch 24: loss=2.7021|0.4819, acc=99.9755|89.4435, fr=0.2442, cin|cout=0.011678|0.038391|3.2874, lr=0.0073, time=10.484483
-----------------------------

Epoch 25: loss=2.7000|0.4814, acc=99.9755|89.7968, fr=0.2398, cin|cout=0.011686|0.038425|3.2881, lr=0.0073, time=09.995712
-----------------------------

Epoch 26: loss=2.6967|0.4643, acc=99.9877|90.4594, fr=0.2383, cin|cout=0.011691|0.038411|3.2854, lr=0.0073, time=10.366374
-----------------------------

Epoch 27: loss=2.6898|0.4890, acc=99.9755|89.7527, fr=0.2364, cin|cout=0.011695|0.038440|3.2868, lr=0.0051, time=09.814589
-----------------------------

