===== Exp configuration =====
date:		08-21-19-30
save_dir:		./log/08-21-19-30
dataset_name:		shd
data_folder:		./data/raw/
input_dim:		700
output_dim:		20
nb_steps:		100
trials:		5
scheduler_patience:		20
scheduler_factor:		0.7
batch_size:		512
nb_epochs:		100
lr:		0.015
weight_decay:		1e-05
reg_factor:		0.5
reg_fmin:		0.01
reg_fmax:		0.1
fr_ent:		0.1
seed:		1692617417
ckpt_freq:		10
threshold:		1.0
smoothing:		0.1
pdrop:		0.1
normalization:		batchnorm
train_input:		True
nb_hiddens:		1024
noise_test:		0.0
device:		cuda:0

Created new spiking model:
 RC(
  (W): Linear(in_features=700, out_features=1024, bias=True)
  (V): Linear(in_features=1024, out_features=1024, bias=False)
  (read): Linear(in_features=1024, out_features=20, bias=True)
  (norm): BatchNorm1d(1024, eps=1e-05, momentum=0.05, affine=True, track_running_stats=True)
  (norm_read): BatchNorm1d(20, eps=1e-05, momentum=0.05, affine=True, track_running_stats=True)
  (drop): Dropout(p=0.1, inplace=False)
)

Total number of trainable parameters is 1793104

**************  Trial 1  **************
Epoch 0: cin|cout=0.000304|0.006741|22.1929
Epoch 1: loss=139.0568|4.2748, acc=4.0338|4.1961, fr=5.5088, cin|cout=0.002537|0.018779|7.4023, lr=0.0075, time=09.117053
-----------------------------

Epoch 2: loss=116.7835|4.0859, acc=4.9289|5.3887, fr=5.0084, cin|cout=0.005055|0.026141|5.1710, lr=0.0075, time=07.898307
-----------------------------

Epoch 3: loss=102.3238|3.8746, acc=5.1741|4.8145, fr=4.5286, cin|cout=0.007139|0.030974|4.3389, lr=0.0075, time=07.917463
-----------------------------

Epoch 4: loss=90.9006|3.8195, acc=4.9044|4.8145, fr=4.1387, cin|cout=0.008453|0.033326|3.9424, lr=0.0075, time=08.860463
-----------------------------

Epoch 5: loss=81.6724|3.7281, acc=5.5542|5.3445, fr=3.8147, cin|cout=0.009264|0.034856|3.7625, lr=0.0075, time=08.861290
-----------------------------

Epoch 6: loss=74.4194|3.6991, acc=4.9534|5.0353, fr=3.5534, cin|cout=0.009719|0.036389|3.7441, lr=0.0075, time=08.845910
-----------------------------

Epoch 7: loss=68.7291|3.6540, acc=5.0025|5.2120, fr=3.3514, cin|cout=0.009979|0.037442|3.7522, lr=0.0075, time=08.186262
-----------------------------

Epoch 8: loss=63.5839|3.6358, acc=4.9657|4.7261, fr=3.1689, cin|cout=0.010161|0.038192|3.7586, lr=0.0075, time=08.066579
-----------------------------

Epoch 9: loss=58.8353|3.6056, acc=5.2967|5.3887, fr=3.0017, cin|cout=0.010342|0.038592|3.7317, lr=0.0075, time=07.963187
-----------------------------

Epoch 10: loss=54.5458|3.5915, acc=4.7940|4.8145, fr=2.8489, cin|cout=0.010485|0.039252|3.7438, lr=0.0075, time=08.001014
-----------------------------

Epoch 11: loss=50.6299|3.5293, acc=5.0270|4.9028, fr=2.7083, cin|cout=0.010591|0.039641|3.7429, lr=0.0075, time=08.030823
-----------------------------

Epoch 12: loss=46.8121|3.4817, acc=4.6469|5.2562, fr=2.5747, cin|cout=0.010690|0.039957|3.7379, lr=0.0075, time=08.031860
-----------------------------

Epoch 13: loss=43.4756|3.4765, acc=4.9902|4.5936, fr=2.4484, cin|cout=0.010762|0.040062|3.7227, lr=0.0075, time=08.422747
-----------------------------

Epoch 14: loss=40.7472|3.4118, acc=5.0760|5.8746, fr=2.3473, cin|cout=0.010811|0.040095|3.7088, lr=0.0075, time=08.198388
-----------------------------

Epoch 15: loss=38.3558|3.4307, acc=5.0270|4.6820, fr=2.2603, cin|cout=0.010853|0.040045|3.6899, lr=0.0075, time=08.369383
-----------------------------

Epoch 16: loss=36.1298|3.4361, acc=5.1251|4.5495, fr=2.1804, cin|cout=0.010882|0.039985|3.6746, lr=0.0075, time=07.920560
-----------------------------

Epoch 17: loss=34.0962|3.3629, acc=5.1496|5.4770, fr=2.1042, cin|cout=0.010897|0.039958|3.6671, lr=0.0075, time=07.982306
-----------------------------

Epoch 18: loss=32.4453|3.3796, acc=4.8431|5.1678, fr=2.0426, cin|cout=0.010905|0.039923|3.6608, lr=0.0075, time=08.012590
-----------------------------

Epoch 19: loss=30.7170|3.3423, acc=4.9044|4.9912, fr=1.9821, cin|cout=0.010924|0.039908|3.6533, lr=0.0075, time=07.958849
-----------------------------

Epoch 20: loss=28.6743|3.3618, acc=4.9166|4.9912, fr=1.9068, cin|cout=0.010974|0.040220|3.6650, lr=0.0075, time=07.925673
-----------------------------

Epoch 21: loss=26.9771|3.3383, acc=4.8553|4.9028, fr=1.8431, cin|cout=0.011020|0.040397|3.6657, lr=0.0075, time=08.097374
-----------------------------

Epoch 22: loss=25.1773|3.3440, acc=5.2845|5.1678, fr=1.7770, cin|cout=0.011059|0.040390|3.6523, lr=0.0075, time=08.512251
-----------------------------

Epoch 23: loss=23.6575|3.3181, acc=5.2109|5.0795, fr=1.7187, cin|cout=0.011087|0.040422|3.6459, lr=0.0075, time=08.093494
-----------------------------

