===== Exp configuration =====
date:		07-26-22-51
save_dir:		./log/07-26-22-51
seed:		20
input:		700
hid:		128
output:		20
nb_steps:		250
scheduler_patience:		2
scheduler_factor:		0.7
thr:		0.5
b_j0:		0.01
dt:		1
R_m:		1
decay:		0.5
rst:		0.05
lens:		0.5
gamma:		0.5
gradient_type:		MG
scale:		6.0
hight:		0.15
input_learn:		True
epoch:		50
trials:		5
batch:		256
lr:		0.01
l1:		0.0
l1_targ:		2000
fr_norm:		0.005
fr_min:		0.01
fr_max:		0.1
dropout:		0.75
dropout_stepping:		0.04
dropout_stop:		0.95
weight_decay:		0.0001
smoothing:		0.1
noise_test:		0.0
norm:		False
shortcut:		False
small_init:		False
ckpt_freq:		10
device:		cuda

Created new spiking model:
 RC(
  (inpt_hid1): Linear(in_features=700, out_features=128, bias=True)
  (hid1_hid1): Linear(in_features=128, out_features=128, bias=True)
  (hid1_hid2): Linear(in_features=128, out_features=128, bias=True)
  (hid2_hid2): Linear(in_features=128, out_features=128, bias=True)
  (hid2_out): Linear(in_features=128, out_features=20, bias=True)
)

Total number of trainable parameters is 142396

------ Trial 0 begin ------

Epoch:1, Tr Loss:2.9040336906909943, Acc:11.794997547817557, Time:0:00:44.853147,	A Norm:735.7509765625,	Fr:0.03806217014789581,                      lr:0.01, Mask:0.75, Cin:0, Cout:0
Epoch 1: valid loss=2.3176450729370117, acc=28.224381625441698, mean act rate=0.05675022304058075

Best model saved with valid acc=28.224381625441698

-----------------------------

Epoch:2, Tr Loss:2.101696603000164, Acc:41.40510053948014, Time:0:00:46.772930,	A Norm:1077.0728759765625,	Fr:0.06359979510307312,                      lr:0.01, Mask:0.76690673828125, Cin:0, Cout:0
Epoch 2: valid loss=1.3677549892001681, acc=52.561837455830386, mean act rate=0.0816039890050888

Best model saved with valid acc=52.561837455830386

-----------------------------

Epoch:3, Tr Loss:1.5439963601529598, Acc:64.5904855321236, Time:0:00:44.441903,	A Norm:1238.185302734375,	Fr:0.07683958858251572,                      lr:0.01, Mask:0.77545166015625, Cin:0, Cout:0
Epoch 3: valid loss=1.0629892547925313, acc=64.8851590106007, mean act rate=0.08660516142845154

Best model saved with valid acc=64.8851590106007

-----------------------------

Epoch:4, Tr Loss:1.28249816223979, Acc:79.00931829328103, Time:0:00:43.325146,	A Norm:1319.1251220703125,	Fr:0.0807034894824028,                      lr:0.01, Mask:0.78497314453125, Cin:0, Cout:0
Epoch 4: valid loss=0.7588645882076688, acc=75.48586572438163, mean act rate=0.08953062444925308

Best model saved with valid acc=75.48586572438163

-----------------------------

Epoch:5, Tr Loss:1.128847323358059, Acc:85.5321235899951, Time:0:00:43.140226,	A Norm:1357.986328125,	Fr:0.08226543664932251,                      lr:0.01, Mask:0.7935791015625, Cin:0, Cout:0
Epoch 5: valid loss=0.6963310175471835, acc=77.82685512367492, mean act rate=0.09145832061767578

Best model saved with valid acc=77.82685512367492

-----------------------------

Epoch:6, Tr Loss:1.0473172795027494, Acc:88.95291809710642, Time:0:00:43.577373,	A Norm:1387.244140625,	Fr:0.08213208615779877,                      lr:0.01, Mask:0.80126953125, Cin:0, Cout:0
Epoch 6: valid loss=0.6793706946902804, acc=79.68197879858657, mean act rate=0.08985547721385956

Best model saved with valid acc=79.68197879858657

-----------------------------

Epoch:7, Tr Loss:0.9955103155225515, Acc:91.06179499754782, Time:0:00:43.100743,	A Norm:1399.6556396484375,	Fr:0.08108693361282349,                      lr:0.01, Mask:0.80938720703125, Cin:0, Cout:0
Epoch 7: valid loss=0.70151862833235, acc=79.15194346289752, mean act rate=0.08868080377578735

-----------------------------

Epoch:8, Tr Loss:0.9589872322976589, Acc:92.34919077979401, Time:0:00:43.111077,	A Norm:1410.3585205078125,	Fr:0.07992955297231674,                      lr:0.01, Mask:0.8175048828125, Cin:0, Cout:0
Epoch 8: valid loss=0.6159865591261122, acc=82.1113074204947, mean act rate=0.08867362886667252

Best model saved with valid acc=82.1113074204947

-----------------------------

Epoch:9, Tr Loss:0.9047879781574011, Acc:94.56841589014223, Time:0:00:43.218835,	A Norm:1415.537109375,	Fr:0.08000630885362625,                      lr:0.01, Mask:0.8243408203125, Cin:0, Cout:0
Epoch 9: valid loss=0.6942509611447653, acc=79.63780918727915, mean act rate=0.08846879005432129

-----------------------------

Epoch:10, Tr Loss:0.8789100404828787, Acc:95.4757233938205, Time:0:00:42.920128,	A Norm:1408.9825439453125,	Fr:0.07967019826173782,                      lr:0.01, Mask:0.83258056640625, Cin:0, Cout:0
Epoch 10: valid loss=0.5939404964447021, acc=83.96643109540636, mean act rate=0.0876043438911438

Best model saved with valid acc=83.96643109540636

-----------------------------

Epoch:11, Tr Loss:0.8563294857740402, Acc:96.55468366846493, Time:0:00:42.906946,	A Norm:1400.829833984375,	Fr:0.07946185767650604,                      lr:0.01, Mask:0.83917236328125, Cin:0, Cout:0
Epoch 11: valid loss=0.5839771827061971, acc=83.92226148409894, mean act rate=0.08799224346876144

-----------------------------

Epoch:12, Tr Loss:0.8458754867315292, Acc:96.38303089749877, Time:0:00:43.821062,	A Norm:1404.730224609375,	Fr:0.0789380669593811,                      lr:0.01, Mask:0.84405517578125, Cin:0, Cout:0
Epoch 12: valid loss=0.5566300915347205, acc=85.20318021201413, mean act rate=0.08701004087924957

Best model saved with valid acc=85.20318021201413

-----------------------------

Epoch:13, Tr Loss:0.8213438801467419, Acc:97.29033840117705, Time:0:00:42.893174,	A Norm:1400.2255859375,	Fr:0.07923708856105804,                      lr:0.01, Mask:0.8492431640625, Cin:0, Cout:0
Epoch 13: valid loss=0.5809848970837064, acc=83.70141342756183, mean act rate=0.0874742716550827

-----------------------------

Epoch:14, Tr Loss:0.8075481951236725, Acc:97.54781755762629, Time:0:00:42.987030,	A Norm:1377.301513671875,	Fr:0.07929578423500061,                      lr:0.01, Mask:0.85565185546875, Cin:0, Cout:0
Epoch 14: valid loss=0.6206005016962687, acc=82.46466431095406, mean act rate=0.08733779191970825

-----------------------------

Epoch:15, Tr Loss:0.803401380777359, Acc:97.68268759195684, Time:0:00:42.673153,	A Norm:1361.287353515625,	Fr:0.07867851853370667,                      lr:0.01, Mask:0.86102294921875, Cin:0, Cout:0
Epoch 15: valid loss=0.5310893191231622, acc=86.21908127208481, mean act rate=0.08631919324398041

Best model saved with valid acc=86.21908127208481

-----------------------------

Epoch:16, Tr Loss:0.7995011880993843, Acc:97.76851397743992, Time:0:00:42.837536,	A Norm:1350.30908203125,	Fr:0.07789763808250427,                      lr:0.01, Mask:0.8662109375, Cin:0, Cout:0
Epoch 16: valid loss=0.5542902217970954, acc=85.7773851590106, mean act rate=0.08524474501609802

-----------------------------

Epoch:17, Tr Loss:0.7828556429594755, Acc:98.32025502697401, Time:0:00:42.971134,	A Norm:1325.840087890625,	Fr:0.0767294317483902,                      lr:0.01, Mask:0.87200927734375, Cin:0, Cout:0
Epoch 17: valid loss=0.5733869208229913, acc=85.24734982332156, mean act rate=0.08490224182605743

-----------------------------

Epoch:18, Tr Loss:0.7692879419773817, Acc:98.70034330554194, Time:0:00:42.733434,	A Norm:1308.77783203125,	Fr:0.07688169181346893,                      lr:0.01, Mask:0.87689208984375, Cin:0, Cout:0
Epoch 18: valid loss=0.5983678367402818, acc=84.67314487632508, mean act rate=0.08455758541822433

-----------------------------

Epoch:19, Tr Loss:0.7616234067827463, Acc:98.74938695438941, Time:0:00:42.854346,	A Norm:1266.16064453125,	Fr:0.07623990625143051,                      lr:0.006999999999999999, Mask:0.8818359375, Cin:0, Cout:0
Epoch 19: valid loss=0.5934898257255554, acc=83.92226148409894, mean act rate=0.0840274840593338

-----------------------------

Epoch:20, Tr Loss:0.7498388905078173, Acc:99.22756253065228, Time:0:00:42.975943,	A Norm:1241.2159423828125,	Fr:0.07599060982465744,                      lr:0.006999999999999999, Mask:0.88641357421875, Cin:0, Cout:0
Epoch 20: valid loss=0.5749781396653917, acc=84.49646643109541, mean act rate=0.08412476629018784

-----------------------------

Epoch:21, Tr Loss:0.7505789063870907, Acc:99.10495340853359, Time:0:00:42.803824,	A Norm:1216.7252197265625,	Fr:0.0757446140050888,                      lr:0.006999999999999999, Mask:0.891357421875, Cin:0, Cout:0
Epoch 21: valid loss=0.5855246716075473, acc=84.67314487632508, mean act rate=0.0832396000623703

-----------------------------

Epoch:22, Tr Loss:0.7363992743194103, Acc:99.48504168710151, Time:0:00:42.864587,	A Norm:1178.4306640625,	Fr:0.07509734481573105,                      lr:0.004899999999999999, Mask:0.89605712890625, Cin:0, Cout:0
Epoch 22: valid loss=0.5957145889600118, acc=85.51236749116607, mean act rate=0.0830983817577362

-----------------------------

Epoch:23, Tr Loss:0.733135150745511, Acc:99.41147621383031, Time:0:00:42.779438,	A Norm:1140.177734375,	Fr:0.0751681849360466,                      lr:0.004899999999999999, Mask:0.90069580078125, Cin:0, Cout:0
Epoch 23: valid loss=0.5891918871137831, acc=84.80565371024736, mean act rate=0.08287961781024933

-----------------------------

Epoch:24, Tr Loss:0.7289885003119707, Acc:99.61991172143208, Time:0:00:42.804461,	A Norm:1110.55517578125,	Fr:0.07524507492780685,                      lr:0.004899999999999999, Mask:0.9044189453125, Cin:0, Cout:0
Epoch 24: valid loss=0.597009989950392, acc=84.45229681978799, mean act rate=0.08275091648101807

-----------------------------

Epoch:25, Tr Loss:0.7249832712113857, Acc:99.66895537027955, Time:0:00:43.073206,	A Norm:1075.1474609375,	Fr:0.07495080679655075,                      lr:0.003429999999999999, Mask:0.90802001953125, Cin:0, Cout:0
Epoch 25: valid loss=0.5909262167082893, acc=85.15901060070671, mean act rate=0.08269548416137695

-----------------------------

Epoch:26, Tr Loss:0.7244058363139629, Acc:99.64443354585582, Time:0:00:42.743443,	A Norm:1035.16259765625,	Fr:0.07497791945934296,                      lr:0.003429999999999999, Mask:0.91168212890625, Cin:0, Cout:0
Epoch 26: valid loss=0.6261354817284478, acc=83.613074204947, mean act rate=0.0826139748096466

-----------------------------

Epoch:27, Tr Loss:0.7239301856607199, Acc:99.64443354585582, Time:0:00:42.837294,	A Norm:1007.2166137695312,	Fr:0.07472974061965942,                      lr:0.003429999999999999, Mask:0.91497802734375, Cin:0, Cout:0
Epoch 27: valid loss=0.5973922345373366, acc=85.24734982332156, mean act rate=0.08231176435947418

-----------------------------

Epoch:28, Tr Loss:0.7209999710321426, Acc:99.69347719470329, Time:0:00:42.750573,	A Norm:982.8688354492188,	Fr:0.0745144709944725,                      lr:0.002400999999999999, Mask:0.91802978515625, Cin:0, Cout:0
Epoch 28: valid loss=0.6072927249802483, acc=84.58480565371025, mean act rate=0.08213888853788376

-----------------------------

Epoch:29, Tr Loss:0.7216144669800997, Acc:99.63217263364395, Time:0:00:42.838545,	A Norm:944.1002807617188,	Fr:0.07423453778028488,                      lr:0.002400999999999999, Mask:0.92169189453125, Cin:0, Cout:0
Epoch 29: valid loss=0.5966679718759325, acc=85.29151943462898, mean act rate=0.08192958682775497

-----------------------------

Epoch:30, Tr Loss:0.7224724665284157, Acc:99.68121628249142, Time:0:00:42.797609,	A Norm:908.3580932617188,	Fr:0.07371740788221359,                      lr:0.002400999999999999, Mask:0.9251708984375, Cin:0, Cout:0
Epoch 30: valid loss=0.5980130566491021, acc=84.80565371024736, mean act rate=0.08148986846208572

-----------------------------

Epoch:31, Tr Loss:0.7198506630957127, Acc:99.69347719470329, Time:0:00:42.756669,	A Norm:871.9913330078125,	Fr:0.07364655286073685,                      lr:0.0016806999999999992, Mask:0.92852783203125, Cin:0, Cout:0
Epoch 31: valid loss=0.6029675669140286, acc=84.18727915194346, mean act rate=0.08116663247346878

-----------------------------

Epoch:32, Tr Loss:0.7191044110804796, Acc:99.7670426679745, Time:0:00:43.015509,	A Norm:839.0654296875,	Fr:0.07356653362512589,                      lr:0.0016806999999999992, Mask:0.93133544921875, Cin:0, Cout:0
Epoch 32: valid loss=0.5925414032406278, acc=85.90989399293287, mean act rate=0.0810621976852417

-----------------------------

Epoch:33, Tr Loss:0.7180525287985802, Acc:99.7670426679745, Time:0:00:44.366038,	A Norm:812.6357421875,	Fr:0.07356370240449905,                      lr:0.0016806999999999992, Mask:0.9334716796875, Cin:0, Cout:0
Epoch 33: valid loss=0.611327502462599, acc=85.24734982332156, mean act rate=0.0810217633843422

-----------------------------

Epoch:34, Tr Loss:0.7171357646584511, Acc:99.75478175576262, Time:0:00:42.855847,	A Norm:777.5755615234375,	Fr:0.0730903372168541,                      lr:0.0011764899999999994, Mask:0.93682861328125, Cin:0, Cout:0
Epoch 34: valid loss=0.6034622258610196, acc=84.98233215547704, mean act rate=0.08046568930149078

-----------------------------

Epoch:35, Tr Loss:0.716652400791645, Acc:99.77930358018637, Time:0:00:43.992386,	A Norm:759.885498046875,	Fr:0.07288134098052979,                      lr:0.0011764899999999994, Mask:0.93896484375, Cin:0, Cout:0
Epoch 35: valid loss=0.6139858497513665, acc=84.67314487632508, mean act rate=0.08028234541416168

-----------------------------

Epoch:36, Tr Loss:0.7162973899394274, Acc:99.80382540461011, Time:0:00:43.010350,	A Norm:732.3562622070312,	Fr:0.07294760644435883,                      lr:0.0011764899999999994, Mask:0.94122314453125, Cin:0, Cout:0
Epoch 36: valid loss=0.5986719263924493, acc=86.04240282685512, mean act rate=0.08049594610929489

-----------------------------

Epoch:37, Tr Loss:0.7167025469243526, Acc:99.82834722903384, Time:0:00:43.037319,	A Norm:697.6893310546875,	Fr:0.07287892699241638,                      lr:0.0008235429999999996, Mask:0.94384765625, Cin:0, Cout:0
Epoch 37: valid loss=0.5933140582508512, acc=85.24734982332156, mean act rate=0.08037801086902618

-----------------------------

Epoch:38, Tr Loss:0.7166916746646166, Acc:99.79156449239824, Time:0:00:43.012611,	A Norm:667.6361083984375,	Fr:0.07279609143733978,                      lr:0.0008235429999999996, Mask:0.94586181640625, Cin:0, Cout:0
Epoch 38: valid loss=0.6106712089644538, acc=84.89399293286219, mean act rate=0.08028234541416168

-----------------------------

Epoch:39, Tr Loss:0.7175188064575195, Acc:99.81608631682197, Time:0:00:42.897329,	A Norm:638.919189453125,	Fr:0.07269348204135895,                      lr:0.0008235429999999996, Mask:0.9488525390625, Cin:0, Cout:0
Epoch 39: valid loss=0.5903599262237549, acc=85.51236749116607, mean act rate=0.0802336186170578

-----------------------------

Epoch:40, Tr Loss:0.7166645303368568, Acc:99.81608631682197, Time:0:00:43.453982,	A Norm:620.478271484375,	Fr:0.07266977429389954,                      lr:0.0005764800999999997, Mask:0.95037841796875, Cin:0, Cout:0
Epoch 40: valid loss=0.5916210810343424, acc=85.60070671378092, mean act rate=0.0800430029630661

-----------------------------

Epoch:41, Tr Loss:0.7150160539895296, Acc:99.80382540461011, Time:0:00:48.365949,	A Norm:622.212158203125,	Fr:0.07263079285621643,                      lr:0.0005764800999999997, Mask:0.95037841796875, Cin:0, Cout:0
Epoch 41: valid loss=0.6007749901877509, acc=85.68904593639576, mean act rate=0.08004720509052277

-----------------------------

Epoch:42, Tr Loss:0.7145077642053366, Acc:99.84060814124571, Time:0:00:42.841583,	A Norm:623.8759155273438,	Fr:0.07264096289873123,                      lr:0.0005764800999999997, Mask:0.95037841796875, Cin:0, Cout:0
Epoch 42: valid loss=0.599722060892317, acc=84.80565371024736, mean act rate=0.08009721338748932

-----------------------------

Epoch:43, Tr Loss:0.7138757072389126, Acc:99.84060814124571, Time:0:00:47.070899,	A Norm:624.9554443359375,	Fr:0.07270587980747223,                      lr:0.00040353606999999974, Mask:0.95037841796875, Cin:0, Cout:0
Epoch 43: valid loss=0.5997917983267043, acc=85.46819787985866, mean act rate=0.08011788874864578

-----------------------------

Epoch:44, Tr Loss:0.7133986074477434, Acc:99.84060814124571, Time:0:00:49.019514,	A Norm:625.9659423828125,	Fr:0.07272833585739136,                      lr:0.00040353606999999974, Mask:0.95037841796875, Cin:0, Cout:0
Epoch 44: valid loss=0.6099384360843234, acc=84.89399293286219, mean act rate=0.08009879291057587

-----------------------------

Epoch:45, Tr Loss:0.7123833708465099, Acc:99.79156449239824, Time:0:00:44.855061,	A Norm:627.0377197265625,	Fr:0.07272571325302124,                      lr:0.00040353606999999974, Mask:0.95037841796875, Cin:0, Cout:0
Epoch 45: valid loss=0.6014313764042325, acc=85.1148409893993, mean act rate=0.08018214255571365

-----------------------------

Epoch:46, Tr Loss:0.7115408293902874, Acc:99.87739087788131, Time:0:00:47.552691,	A Norm:627.70556640625,	Fr:0.07278800010681152,                      lr:0.0002824752489999998, Mask:0.95037841796875, Cin:0, Cout:0
Epoch 46: valid loss=0.6043646997875638, acc=85.37985865724382, mean act rate=0.08014588057994843

-----------------------------

Epoch:47, Tr Loss:0.7125172521919012, Acc:99.82834722903384, Time:0:00:47.620338,	A Norm:628.426025390625,	Fr:0.07277920842170715,                      lr:0.0002824752489999998, Mask:0.95037841796875, Cin:0, Cout:0
Epoch 47: valid loss=0.6123217211829292, acc=84.49646643109541, mean act rate=0.0801730826497078

-----------------------------

Epoch:48, Tr Loss:0.7112343888729811, Acc:99.85286905345758, Time:0:00:44.949971,	A Norm:629.11376953125,	Fr:0.07278448343276978,                      lr:0.0002824752489999998, Mask:0.95037841796875, Cin:0, Cout:0
Epoch 48: valid loss=0.6019002265400357, acc=85.1148409893993, mean act rate=0.08020570874214172

-----------------------------

Epoch:49, Tr Loss:0.7109191492199898, Acc:99.87739087788131, Time:0:00:42.978652,	A Norm:629.5980224609375,	Fr:0.07282843440771103,                      lr:0.00019773267429999984, Mask:0.95037841796875, Cin:0, Cout:0
Epoch 49: valid loss=0.6011916531456841, acc=85.29151943462898, mean act rate=0.08023235201835632

-----------------------------

Epoch:50, Tr Loss:0.7109234984964132, Acc:99.88965179009318, Time:0:00:43.322908,	A Norm:630.0948486328125,	Fr:0.072844497859478,                      lr:0.00019773267429999984, Mask:0.95037841796875, Cin:0, Cout:0
Epoch 50: valid loss=0.6008120311631097, acc=85.5565371024735, mean act rate=0.08019384741783142

-----------------------------


Best valid acc at epoch 15: 86.21908127208481


------ Trial 0 finished ------


------ Trial 1 begin ------

Epoch:1, Tr Loss:0.709870358929038, Acc:99.84060814124571, Time:0:00:43.176142,	A Norm:634.1099853515625,	Fr:0.07283370941877365,                      lr:0.00019773267429999984, Mask:0.75, Cin:0, Cout:0
Epoch 1: valid loss=0.6099617017640008, acc=85.07067137809187, mean act rate=0.08022501319646835

Best model saved with valid acc=85.07067137809187

-----------------------------

Epoch:2, Tr Loss:0.7109772693365812, Acc:99.87739087788131, Time:0:00:42.873825,	A Norm:610.2987670898438,	Fr:0.07277233153581619,                      lr:0.00013841287200999988, Mask:0.7689208984375, Cin:0, Cout:0
Epoch 2: valid loss=0.6013448966874017, acc=84.84982332155477, mean act rate=0.08023931831121445

-----------------------------

Epoch:3, Tr Loss:0.7117534391582012, Acc:99.91417361451693, Time:0:00:43.248685,	A Norm:593.152587890625,	Fr:0.07266966253519058,                      lr:0.00013841287200999988, Mask:0.77801513671875, Cin:0, Cout:0
Epoch 3: valid loss=0.60790839460161, acc=85.29151943462898, mean act rate=0.08009161055088043

Best model saved with valid acc=85.29151943462898

-----------------------------

Epoch:4, Tr Loss:0.7113614249974489, Acc:99.86512996566944, Time:0:00:43.092184,	A Norm:570.0174560546875,	Fr:0.07259750366210938,                      lr:0.00013841287200999988, Mask:0.78692626953125, Cin:0, Cout:0
Epoch 4: valid loss=0.5978963043954637, acc=85.02650176678445, mean act rate=0.08003076910972595

-----------------------------

Epoch:5, Tr Loss:0.7126663159579039, Acc:99.80382540461011, Time:0:00:43.090474,	A Norm:554.8226928710938,	Fr:0.07253749668598175,                      lr:9.688901040699991e-05, Mask:0.79351806640625, Cin:0, Cout:0
Epoch 5: valid loss=0.5987467765808105, acc=85.82155477031802, mean act rate=0.07991157472133636

Best model saved with valid acc=85.82155477031802

-----------------------------

Epoch:6, Tr Loss:0.7121431063860655, Acc:99.80382540461011, Time:0:00:42.983033,	A Norm:536.7359619140625,	Fr:0.07239985466003418,                      lr:9.688901040699991e-05, Mask:0.8035888671875, Cin:0, Cout:0
Epoch 6: valid loss=0.6074466440412734, acc=84.93816254416961, mean act rate=0.07980179041624069

-----------------------------

Epoch:7, Tr Loss:0.7133502829819918, Acc:99.84060814124571, Time:0:00:42.766889,	A Norm:517.3272094726562,	Fr:0.07226970791816711,                      lr:9.688901040699991e-05, Mask:0.81170654296875, Cin:0, Cout:0
Epoch 7: valid loss=0.6094888978534274, acc=85.29151943462898, mean act rate=0.07966724783182144

-----------------------------

Epoch:8, Tr Loss:0.7131168711930513, Acc:99.91417361451693, Time:0:00:43.344884,	A Norm:498.9247131347656,	Fr:0.07231385260820389,                      lr:6.782230728489993e-05, Mask:0.81903076171875, Cin:0, Cout:0
Epoch 8: valid loss=0.6029662158754137, acc=85.90989399293287, mean act rate=0.07972446084022522

Best model saved with valid acc=85.90989399293287

-----------------------------

Epoch:9, Tr Loss:0.7154835965484381, Acc:99.85286905345758, Time:0:00:42.834134,	A Norm:478.5306091308594,	Fr:0.07203228771686554,                      lr:6.782230728489993e-05, Mask:0.82659912109375, Cin:0, Cout:0
Epoch 9: valid loss=0.6189524398909675, acc=84.62897526501767, mean act rate=0.0794445350766182

-----------------------------

Epoch:10, Tr Loss:0.7171621285378933, Acc:99.81608631682197, Time:0:00:43.964577,	A Norm:458.5428161621094,	Fr:0.07202751189470291,                      lr:6.782230728489993e-05, Mask:0.8330078125, Cin:0, Cout:0
Epoch 10: valid loss=0.6157366699642606, acc=84.89399293286219, mean act rate=0.0794084370136261

-----------------------------

Epoch:11, Tr Loss:0.7175772003829479, Acc:99.81608631682197, Time:0:00:42.869432,	A Norm:442.2048034667969,	Fr:0.0719253346323967,                      lr:4.747561509942995e-05, Mask:0.83990478515625, Cin:0, Cout:0
Epoch 11: valid loss=0.6139187614123026, acc=85.15901060070671, mean act rate=0.07927621901035309

-----------------------------

Epoch:12, Tr Loss:0.7200180757790804, Acc:99.79156449239824, Time:0:00:43.287646,	A Norm:425.0989685058594,	Fr:0.07179705798625946,                      lr:4.747561509942995e-05, Mask:0.8465576171875, Cin:0, Cout:0
Epoch 12: valid loss=0.6230658226543002, acc=85.33568904593639, mean act rate=0.07917353510856628

-----------------------------

Epoch:13, Tr Loss:0.7192200627177954, Acc:99.82834722903384, Time:0:00:43.226072,	A Norm:412.3417053222656,	Fr:0.0719846710562706,                      lr:4.747561509942995e-05, Mask:0.85272216796875, Cin:0, Cout:0
Epoch 13: valid loss=0.6118922763400607, acc=85.07067137809187, mean act rate=0.07933547347784042

-----------------------------

Epoch:14, Tr Loss:0.7205133382230997, Acc:99.82834722903384, Time:0:00:43.190681,	A Norm:394.66387939453125,	Fr:0.07175757735967636,                      lr:3.323293056960096e-05, Mask:0.859619140625, Cin:0, Cout:0
Epoch 14: valid loss=0.621791144212087, acc=84.7173144876325, mean act rate=0.07912024855613708

-----------------------------

Epoch:15, Tr Loss:0.7227981667965651, Acc:99.86512996566944, Time:0:00:43.329181,	A Norm:381.4851989746094,	Fr:0.07194412499666214,                      lr:3.323293056960096e-05, Mask:0.8656005859375, Cin:0, Cout:0
Epoch 15: valid loss=0.6221380299992032, acc=84.80565371024736, mean act rate=0.07931210100650787

-----------------------------

Epoch:16, Tr Loss:0.7236966472119093, Acc:99.82834722903384, Time:0:00:42.855844,	A Norm:365.2533264160156,	Fr:0.07187606394290924,                      lr:3.323293056960096e-05, Mask:0.8712158203125, Cin:0, Cout:0
Epoch 16: valid loss=0.6254507568147447, acc=84.58480565371025, mean act rate=0.07927202433347702

-----------------------------

Epoch:17, Tr Loss:0.7242054045200348, Acc:99.74252084355076, Time:0:00:43.151359,	A Norm:352.39398193359375,	Fr:0.0716567188501358,                      lr:2.3263051398720672e-05, Mask:0.876220703125, Cin:0, Cout:0
Epoch 17: valid loss=0.6312983168496026, acc=84.76148409893993, mean act rate=0.07899940758943558

-----------------------------

Epoch:18, Tr Loss:0.7267174478620291, Acc:99.73025993133889, Time:0:00:42.781159,	A Norm:338.70416259765625,	Fr:0.07144610583782196,                      lr:2.3263051398720672e-05, Mask:0.88140869140625, Cin:0, Cout:0
Epoch 18: valid loss=0.6268907454278734, acc=84.84982332155477, mean act rate=0.07876324653625488

-----------------------------

Epoch:19, Tr Loss:0.7280713878571987, Acc:99.7670426679745, Time:0:00:43.072122,	A Norm:326.26519775390625,	Fr:0.07136145234107971,                      lr:2.3263051398720672e-05, Mask:0.88671875, Cin:0, Cout:0
Epoch 19: valid loss=0.6328600446383158, acc=84.36395759717314, mean act rate=0.07870268821716309

-----------------------------

Epoch:20, Tr Loss:0.7314841728657484, Acc:99.73025993133889, Time:0:00:42.833645,	A Norm:313.6093444824219,	Fr:0.07134248316287994,                      lr:1.628413597910447e-05, Mask:0.89129638671875, Cin:0, Cout:0
Epoch 20: valid loss=0.6424051192071702, acc=84.7173144876325, mean act rate=0.07866965979337692

-----------------------------

Epoch:21, Tr Loss:0.7320585418492556, Acc:99.68121628249142, Time:0:00:42.768141,	A Norm:303.40252685546875,	Fr:0.07127517461776733,                      lr:1.628413597910447e-05, Mask:0.895751953125, Cin:0, Cout:0
Epoch 21: valid loss=0.6485834783977933, acc=84.31978798586573, mean act rate=0.07860083132982254

-----------------------------

Epoch:22, Tr Loss:0.7332020420581102, Acc:99.68121628249142, Time:0:00:43.185968,	A Norm:291.82281494140625,	Fr:0.0712607279419899,                      lr:1.628413597910447e-05, Mask:0.9000244140625, Cin:0, Cout:0
Epoch 22: valid loss=0.6486868196063571, acc=84.31978798586573, mean act rate=0.07860241085290909

-----------------------------

Epoch:23, Tr Loss:0.7342399340122938, Acc:99.7670426679745, Time:0:00:43.207763,	A Norm:280.995361328125,	Fr:0.07131043821573257,                      lr:1.1398895185373128e-05, Mask:0.90350341796875, Cin:0, Cout:0
Epoch 23: valid loss=0.6403207381566366, acc=84.80565371024736, mean act rate=0.07862488180398941

-----------------------------

Epoch:24, Tr Loss:0.7355480939149857, Acc:99.73025993133889, Time:0:00:42.967153,	A Norm:273.323486328125,	Fr:0.07128862291574478,                      lr:1.1398895185373128e-05, Mask:0.9072265625, Cin:0, Cout:0
Epoch 24: valid loss=0.6453334358003404, acc=84.7173144876325, mean act rate=0.0786132737994194

-----------------------------

Epoch:25, Tr Loss:0.7368398513644934, Acc:99.66895537027955, Time:0:00:42.788255,	A Norm:262.6730041503906,	Fr:0.07106952369213104,                      lr:1.1398895185373128e-05, Mask:0.9107666015625, Cin:0, Cout:0
Epoch 25: valid loss=0.648702085018158, acc=84.62897526501767, mean act rate=0.07838545739650726

-----------------------------

Epoch:26, Tr Loss:0.7352442778646946, Acc:99.68121628249142, Time:0:00:42.742179,	A Norm:256.05828857421875,	Fr:0.07100315392017365,                      lr:7.97922662976119e-06, Mask:0.914794921875, Cin:0, Cout:0
Epoch 26: valid loss=0.6496522691514757, acc=84.62897526501767, mean act rate=0.07831248641014099

-----------------------------

Epoch:27, Tr Loss:0.7384394034743309, Acc:99.70573810691515, Time:0:00:43.115309,	A Norm:243.32803344726562,	Fr:0.07076172530651093,                      lr:7.97922662976119e-06, Mask:0.9185791015625, Cin:0, Cout:0
Epoch 27: valid loss=0.6631594234042697, acc=83.8339222614841, mean act rate=0.07806818187236786

-----------------------------

Epoch:28, Tr Loss:0.7383620534092188, Acc:99.65669445806768, Time:0:00:42.988576,	A Norm:234.54196166992188,	Fr:0.07079197466373444,                      lr:7.97922662976119e-06, Mask:0.9222412109375, Cin:0, Cout:0
Epoch 28: valid loss=0.6655018528302511, acc=83.78975265017668, mean act rate=0.0780823603272438

-----------------------------

Epoch:29, Tr Loss:0.7397551834583282, Acc:99.5708680725846, Time:0:00:43.562916,	A Norm:225.6785430908203,	Fr:0.07079054415225983,                      lr:5.5854586408328325e-06, Mask:0.92584228515625, Cin:0, Cout:0
Epoch 29: valid loss=0.661634710099962, acc=83.8339222614841, mean act rate=0.0780896246433258

-----------------------------

Epoch:30, Tr Loss:0.7435197755694389, Acc:99.59538989700833, Time:0:00:42.887756,	A Norm:216.11953735351562,	Fr:0.07075140625238419,                      lr:5.5854586408328325e-06, Mask:0.92889404296875, Cin:0, Cout:0
Epoch 30: valid loss=0.6831541061401367, acc=82.90636042402826, mean act rate=0.07808086276054382

-----------------------------

Epoch:31, Tr Loss:0.7446674481034279, Acc:99.5708680725846, Time:0:00:42.957033,	A Norm:208.52098083496094,	Fr:0.07071643322706223,                      lr:5.5854586408328325e-06, Mask:0.93206787109375, Cin:0, Cout:0
Epoch 31: valid loss=0.6718848745028178, acc=83.56890459363957, mean act rate=0.07805069535970688

-----------------------------

Epoch:32, Tr Loss:0.7445465996861458, Acc:99.55860716037273, Time:0:00:42.792920,	A Norm:201.2271728515625,	Fr:0.07063154131174088,                      lr:3.909821048582983e-06, Mask:0.93426513671875, Cin:0, Cout:0
Epoch 32: valid loss=0.6761541366577148, acc=83.78975265017668, mean act rate=0.07795912027359009

-----------------------------

Epoch:33, Tr Loss:0.7449004147201777, Acc:99.61991172143208, Time:0:00:42.970923,	A Norm:191.89918518066406,	Fr:0.07064937800168991,                      lr:3.909821048582983e-06, Mask:0.93743896484375, Cin:0, Cout:0
Epoch 33: valid loss=0.670634561114841, acc=83.56890459363957, mean act rate=0.07796400785446167

-----------------------------

Epoch:34, Tr Loss:0.7449632957577705, Acc:99.63217263364395, Time:0:00:43.200720,	A Norm:185.5642547607422,	Fr:0.07071546465158463,                      lr:3.909821048582983e-06, Mask:0.94024658203125, Cin:0, Cout:0
Epoch 34: valid loss=0.671105318599277, acc=83.92226148409894, mean act rate=0.07803186774253845

-----------------------------

Epoch:35, Tr Loss:0.7468346934765577, Acc:99.5708680725846, Time:0:00:42.977529,	A Norm:176.20208740234375,	Fr:0.07066982984542847,                      lr:2.7368747340080875e-06, Mask:0.94281005859375, Cin:0, Cout:0
Epoch 35: valid loss=0.6715237498283386, acc=83.70141342756183, mean act rate=0.07800743728876114

-----------------------------

Epoch:36, Tr Loss:0.7483276091516018, Acc:99.52182442373713, Time:0:00:42.889456,	A Norm:168.60655212402344,	Fr:0.07051926851272583,                      lr:2.7368747340080875e-06, Mask:0.9453125, Cin:0, Cout:0
Epoch 36: valid loss=0.6797941790686713, acc=83.87809187279152, mean act rate=0.0778607428073883

-----------------------------

Epoch:37, Tr Loss:0.7502790465950966, Acc:99.55860716037273, Time:0:00:42.827950,	A Norm:161.2584228515625,	Fr:0.0705801397562027,                      lr:2.7368747340080875e-06, Mask:0.947509765625, Cin:0, Cout:0
Epoch 37: valid loss=0.686642050743103, acc=83.43639575971731, mean act rate=0.0779082179069519

-----------------------------

Epoch:38, Tr Loss:0.7505031917244196, Acc:99.59538989700833, Time:0:00:42.783095,	A Norm:156.3779296875,	Fr:0.07059921324253082,                      lr:1.9158123138056613e-06, Mask:0.94989013671875, Cin:0, Cout:0
Epoch 38: valid loss=0.686382359928555, acc=83.34805653710248, mean act rate=0.07792465388774872

-----------------------------

Epoch:39, Tr Loss:0.7518031317740679, Acc:99.50956351152526, Time:0:00:42.777927,	A Norm:149.25018310546875,	Fr:0.07049467414617538,                      lr:1.9158123138056613e-06, Mask:0.952392578125, Cin:0, Cout:0
Epoch 39: valid loss=0.6868112683296204, acc=83.8339222614841, mean act rate=0.07783602923154831

-----------------------------

Epoch:40, Tr Loss:0.7535180747509003, Acc:99.47278077488966, Time:0:00:43.201175,	A Norm:145.5231170654297,	Fr:0.07052481174468994,                      lr:1.9158123138056613e-06, Mask:0.9544677734375, Cin:0, Cout:0
Epoch 40: valid loss=0.6869475377930535, acc=83.48056537102474, mean act rate=0.07785986363887787

-----------------------------

Epoch:41, Tr Loss:0.7531955502927303, Acc:99.59538989700833, Time:0:00:43.125425,	A Norm:140.93600463867188,	Fr:0.07043267786502838,                      lr:1.3410686196639628e-06, Mask:0.9560546875, Cin:0, Cout:0
Epoch 41: valid loss=0.6830570896466573, acc=83.43639575971731, mean act rate=0.07777874171733856

-----------------------------

Epoch:42, Tr Loss:0.7526309937238693, Acc:99.48504168710151, Time:0:00:42.898252,	A Norm:140.9617462158203,	Fr:0.0704365074634552,                      lr:1.3410686196639628e-06, Mask:0.9560546875, Cin:0, Cout:0
Epoch 42: valid loss=0.6864880190955268, acc=83.78975265017668, mean act rate=0.07777262479066849

-----------------------------

Epoch:43, Tr Loss:0.7532226704061031, Acc:99.48504168710151, Time:0:00:42.899783,	A Norm:140.98733520507812,	Fr:0.0704229548573494,                      lr:1.3410686196639628e-06, Mask:0.9560546875, Cin:0, Cout:0
Epoch 43: valid loss=0.683009597990248, acc=83.74558303886926, mean act rate=0.07777449488639832

-----------------------------

Epoch:44, Tr Loss:0.7534833494573832, Acc:99.55860716037273, Time:0:00:43.208063,	A Norm:141.00694274902344,	Fr:0.07042711973190308,                      lr:1e-06, Mask:0.9560546875, Cin:0, Cout:0
Epoch 44: valid loss=0.6861254771550497, acc=83.43639575971731, mean act rate=0.07777099311351776

-----------------------------

Epoch:45, Tr Loss:0.7524418383836746, Acc:99.52182442373713, Time:0:00:43.021310,	A Norm:141.02590942382812,	Fr:0.07042574882507324,                      lr:1e-06, Mask:0.9560546875, Cin:0, Cout:0
Epoch 45: valid loss=0.6841071711646186, acc=83.78975265017668, mean act rate=0.07777675241231918

-----------------------------

Epoch:46, Tr Loss:0.751853808760643, Acc:99.534085335949, Time:0:00:42.878410,	A Norm:141.04452514648438,	Fr:0.07042890042066574,                      lr:1e-06, Mask:0.9560546875, Cin:0, Cout:0
Epoch 46: valid loss=0.6870835224787394, acc=83.43639575971731, mean act rate=0.07777634263038635

-----------------------------

Epoch:47, Tr Loss:0.7527573686093092, Acc:99.48504168710151, Time:0:00:42.977859,	A Norm:141.06300354003906,	Fr:0.07042641937732697,                      lr:1e-06, Mask:0.9560546875, Cin:0, Cout:0
Epoch 47: valid loss=0.6847314569685194, acc=83.613074204947, mean act rate=0.07776709645986557

-----------------------------

Epoch:48, Tr Loss:0.7520745135843754, Acc:99.54634624816086, Time:0:00:43.005877,	A Norm:141.08172607421875,	Fr:0.07042542099952698,                      lr:1e-06, Mask:0.9560546875, Cin:0, Cout:0
Epoch 48: valid loss=0.6841920481787788, acc=83.78975265017668, mean act rate=0.0777774304151535

-----------------------------

Epoch:49, Tr Loss:0.7511371280997992, Acc:99.54634624816086, Time:0:00:43.148594,	A Norm:141.10018920898438,	Fr:0.07041656970977783,                      lr:1e-06, Mask:0.9560546875, Cin:0, Cout:0
Epoch 49: valid loss=0.6828760968314277, acc=83.74558303886926, mean act rate=0.07776501774787903

-----------------------------

Epoch:50, Tr Loss:0.7522896658629179, Acc:99.5708680725846, Time:0:00:42.856577,	A Norm:141.11805725097656,	Fr:0.07042673975229263,                      lr:1e-06, Mask:0.9560546875, Cin:0, Cout:0
Epoch 50: valid loss=0.6873616377512614, acc=82.95053003533569, mean act rate=0.07776530086994171

-----------------------------


Best valid acc at epoch 8: 85.90989399293287


------ Trial 1 finished ------


------ Trial 2 begin ------

Epoch:1, Tr Loss:0.7520232871174812, Acc:99.52182442373713, Time:0:00:42.797794,	A Norm:141.23936462402344,	Fr:0.07042381912469864,                      lr:1e-06, Mask:0.75, Cin:0, Cout:0
Epoch 1: valid loss=0.6821659339798821, acc=83.74558303886926, mean act rate=0.07777087390422821

Best model saved with valid acc=83.74558303886926

-----------------------------

Epoch:2, Tr Loss:0.7525108363479376, Acc:99.58312898479647, Time:0:00:42.864722,	A Norm:136.38539123535156,	Fr:0.07048993557691574,                      lr:1e-06, Mask:0.7686767578125, Cin:0, Cout:0
Epoch 2: valid loss=0.68628105852339, acc=83.1713780918728, mean act rate=0.07784323394298553

-----------------------------

Epoch:3, Tr Loss:0.7591701354831457, Acc:99.46051986267778, Time:0:00:42.890775,	A Norm:128.423095703125,	Fr:0.07037729024887085,                      lr:1e-06, Mask:0.7779541015625, Cin:0, Cout:0
Epoch 3: valid loss=0.6849243773354424, acc=83.25971731448763, mean act rate=0.07772375643253326

-----------------------------

Epoch:4, Tr Loss:0.7585436664521694, Acc:99.43599803825404, Time:0:00:43.041725,	A Norm:127.29368591308594,	Fr:0.07036546617746353,                      lr:1e-06, Mask:0.78656005859375, Cin:0, Cout:0
Epoch 4: valid loss=0.6845542788505554, acc=83.613074204947, mean act rate=0.07770584523677826

-----------------------------

Epoch:5, Tr Loss:0.7611446939408779, Acc:99.39921530161844, Time:0:00:43.028356,	A Norm:122.993896484375,	Fr:0.0704178512096405,                      lr:1e-06, Mask:0.794921875, Cin:0, Cout:0
Epoch 5: valid loss=0.6869519816504585, acc=83.8339222614841, mean act rate=0.0777648389339447

Best model saved with valid acc=83.8339222614841

-----------------------------

Epoch:6, Tr Loss:0.7612900380045176, Acc:99.48504168710151, Time:0:00:42.999743,	A Norm:117.71467590332031,	Fr:0.07038145512342453,                      lr:1e-06, Mask:0.80279541015625, Cin:0, Cout:0
Epoch 6: valid loss=0.695245087146759, acc=83.613074204947, mean act rate=0.07772932201623917

-----------------------------

Epoch:7, Tr Loss:0.7636680398136377, Acc:99.38695438940657, Time:0:00:42.887105,	A Norm:110.25104522705078,	Fr:0.07005026191473007,                      lr:1e-06, Mask:0.812255859375, Cin:0, Cout:0
Epoch 7: valid loss=0.6981851591004266, acc=83.78975265017668, mean act rate=0.0773877203464508

-----------------------------

Epoch:8, Tr Loss:0.7651617676019669, Acc:99.31338891613537, Time:0:00:42.961530,	A Norm:106.07931518554688,	Fr:0.07002303004264832,                      lr:1e-06, Mask:0.81915283203125, Cin:0, Cout:0
Epoch 8: valid loss=0.692329830593533, acc=83.613074204947, mean act rate=0.07735775411128998

-----------------------------

Epoch:9, Tr Loss:0.7648483458906412, Acc:99.48504168710151, Time:0:00:43.039882,	A Norm:104.17399597167969,	Fr:0.07004127651453018,                      lr:1e-06, Mask:0.82598876953125, Cin:0, Cout:0
Epoch 9: valid loss=0.6907810436354743, acc=83.74558303886926, mean act rate=0.0773758813738823

-----------------------------

Epoch:10, Tr Loss:0.7648648750036955, Acc:99.46051986267778, Time:0:00:43.122629,	A Norm:100.11121368408203,	Fr:0.06998377293348312,                      lr:1e-06, Mask:0.831787109375, Cin:0, Cout:0
Epoch 10: valid loss=0.6928370661205716, acc=84.0547703180212, mean act rate=0.07731495052576065

Best model saved with valid acc=84.0547703180212

-----------------------------

Epoch:11, Tr Loss:0.7650407329201698, Acc:99.39921530161844, Time:0:00:43.144064,	A Norm:97.82368469238281,	Fr:0.06999219208955765,                      lr:1e-06, Mask:0.837646484375, Cin:0, Cout:0
Epoch 11: valid loss=0.6997126672003005, acc=83.56890459363957, mean act rate=0.0773191973567009

-----------------------------

Epoch:12, Tr Loss:0.7653783392161131, Acc:99.48504168710151, Time:0:00:42.831684,	A Norm:95.65380096435547,	Fr:0.06999436020851135,                      lr:1e-06, Mask:0.84515380859375, Cin:0, Cout:0
Epoch 12: valid loss=0.6953015724817911, acc=83.39222614840989, mean act rate=0.07731825113296509

-----------------------------

Epoch:13, Tr Loss:0.7701305393129587, Acc:99.36243256498284, Time:0:00:42.944379,	A Norm:89.60496520996094,	Fr:0.06991899013519287,                      lr:1e-06, Mask:0.85296630859375, Cin:0, Cout:0
Epoch 13: valid loss=0.7032102743784586, acc=82.95053003533569, mean act rate=0.07723820209503174

-----------------------------

Epoch:14, Tr Loss:0.7707210686057806, Acc:99.42373712604218, Time:0:00:43.347034,	A Norm:85.82626342773438,	Fr:0.06997288018465042,                      lr:1e-06, Mask:0.85882568359375, Cin:0, Cout:0
Epoch 14: valid loss=0.7037582794825236, acc=82.99469964664311, mean act rate=0.07731685787439346

-----------------------------

Epoch:15, Tr Loss:0.7720822300761938, Acc:99.3379107405591, Time:0:00:43.178530,	A Norm:82.68986511230469,	Fr:0.06992757320404053,                      lr:1e-06, Mask:0.86407470703125, Cin:0, Cout:0
Epoch 15: valid loss=0.7085901896158854, acc=83.1713780918728, mean act rate=0.07726425677537918

-----------------------------

Epoch:16, Tr Loss:0.771664023399353, Acc:99.26434526728788, Time:0:00:43.035723,	A Norm:79.02429962158203,	Fr:0.06995976716279984,                      lr:1e-06, Mask:0.86865234375, Cin:0, Cout:0
Epoch 16: valid loss=0.7057370278570387, acc=83.1713780918728, mean act rate=0.07730700075626373

-----------------------------

Epoch:17, Tr Loss:0.7713340669870377, Acc:99.32564982834722, Time:0:00:42.782560,	A Norm:77.77507019042969,	Fr:0.06997070461511612,                      lr:1e-06, Mask:0.87335205078125, Cin:0, Cout:0
Epoch 17: valid loss=0.7095940444204543, acc=82.86219081272085, mean act rate=0.07731657475233078

-----------------------------

Epoch:18, Tr Loss:0.7720655724406242, Acc:99.48504168710151, Time:0:00:42.789943,	A Norm:75.6412353515625,	Fr:0.06997926533222198,                      lr:1e-06, Mask:0.8780517578125, Cin:0, Cout:0
Epoch 18: valid loss=0.7075491150220236, acc=82.86219081272085, mean act rate=0.0773237869143486

-----------------------------

Epoch:19, Tr Loss:0.7721165679395199, Acc:99.25208435507602, Time:0:00:42.834355,	A Norm:72.3244857788086,	Fr:0.0699683427810669,                      lr:1e-06, Mask:0.88232421875, Cin:0, Cout:0
Epoch 19: valid loss=0.7047142320209079, acc=83.12720848056537, mean act rate=0.0773007869720459

-----------------------------

Epoch:20, Tr Loss:0.7740133106708527, Acc:99.26434526728788, Time:0:00:42.857153,	A Norm:68.83606719970703,	Fr:0.06985067576169968,                      lr:1e-06, Mask:0.886474609375, Cin:0, Cout:0
Epoch 20: valid loss=0.7088111241658529, acc=82.95053003533569, mean act rate=0.07718578726053238

-----------------------------

Epoch:21, Tr Loss:0.7743486538529396, Acc:99.35017165277097, Time:0:00:42.795516,	A Norm:65.57209014892578,	Fr:0.06982794404029846,                      lr:1e-06, Mask:0.89019775390625, Cin:0, Cout:0
Epoch 21: valid loss=0.712434622976515, acc=82.81802120141343, mean act rate=0.07716788351535797

-----------------------------

Epoch:22, Tr Loss:0.7756179850548506, Acc:99.3746934771947, Time:0:00:42.837472,	A Norm:60.44080352783203,	Fr:0.06980376690626144,                      lr:1e-06, Mask:0.89404296875, Cin:0, Cout:0
Epoch 22: valid loss=0.7065360016292996, acc=82.99469964664311, mean act rate=0.07711992412805557

-----------------------------

Epoch:23, Tr Loss:0.775210365653038, Acc:99.3746934771947, Time:0:00:42.931764,	A Norm:58.37580871582031,	Fr:0.06975101679563522,                      lr:1e-06, Mask:0.8978271484375, Cin:0, Cout:0
Epoch 23: valid loss=0.7058780392011007, acc=83.2155477031802, mean act rate=0.07706635445356369

-----------------------------

Epoch:24, Tr Loss:0.7758716568350792, Acc:99.22756253065228, Time:0:00:44.992602,	A Norm:55.752349853515625,	Fr:0.06976769119501114,                      lr:1e-06, Mask:0.90142822265625, Cin:0, Cout:0
Epoch 24: valid loss=0.7079217500156827, acc=83.12720848056537, mean act rate=0.07707922160625458

-----------------------------

Epoch:25, Tr Loss:0.7740400340408087, Acc:99.31338891613537, Time:0:00:43.094371,	A Norm:54.7305908203125,	Fr:0.0697738528251648,                      lr:1e-06, Mask:0.9051513671875, Cin:0, Cout:0
Epoch 25: valid loss=0.7066900995042589, acc=83.96643109540636, mean act rate=0.07709484547376633

-----------------------------

Epoch:26, Tr Loss:0.7741305008530617, Acc:99.3011280039235, Time:0:00:43.237975,	A Norm:52.8572998046875,	Fr:0.06972746551036835,                      lr:1e-06, Mask:0.90814208984375, Cin:0, Cout:0
Epoch 26: valid loss=0.705740127298567, acc=82.81802120141343, mean act rate=0.0770447850227356

-----------------------------

Epoch:27, Tr Loss:0.7744137700647116, Acc:99.28886709171162, Time:0:00:42.858758,	A Norm:51.33187484741211,	Fr:0.06974013894796371,                      lr:1e-06, Mask:0.9111328125, Cin:0, Cout:0
Epoch 27: valid loss=0.7005903323491415, acc=83.56890459363957, mean act rate=0.0770515501499176

-----------------------------

Epoch:28, Tr Loss:0.7756897062063217, Acc:99.23982344286415, Time:0:00:43.104257,	A Norm:49.48956298828125,	Fr:0.06972767412662506,                      lr:1e-06, Mask:0.91461181640625, Cin:0, Cout:0
Epoch 28: valid loss=0.6959381103515625, acc=83.8339222614841, mean act rate=0.07704442739486694

-----------------------------

Epoch:29, Tr Loss:0.775549566373229, Acc:99.36243256498284, Time:0:00:43.136147,	A Norm:46.96309280395508,	Fr:0.06973447650671005,                      lr:1e-06, Mask:0.9178466796875, Cin:0, Cout:0
Epoch 29: valid loss=0.698389920923445, acc=83.56890459363957, mean act rate=0.07705230265855789

-----------------------------

Epoch:30, Tr Loss:0.7764262147247791, Acc:99.32564982834722, Time:0:00:43.200342,	A Norm:43.922142028808594,	Fr:0.06973443925380707,                      lr:1e-06, Mask:0.92071533203125, Cin:0, Cout:0
Epoch 30: valid loss=0.7029686172803243, acc=83.39222614840989, mean act rate=0.07705533504486084

-----------------------------

Epoch:31, Tr Loss:0.7757995557039976, Acc:99.22756253065228, Time:0:00:42.840080,	A Norm:41.26905059814453,	Fr:0.06971631944179535,                      lr:1e-06, Mask:0.92425537109375, Cin:0, Cout:0
Epoch 31: valid loss=0.703521298037635, acc=83.8339222614841, mean act rate=0.07704101502895355

-----------------------------

Epoch:32, Tr Loss:0.7790809907019138, Acc:99.27660617949975, Time:0:00:43.341156,	A Norm:38.09739685058594,	Fr:0.069732666015625,                      lr:1e-06, Mask:0.9268798828125, Cin:0, Cout:0
Epoch 32: valid loss=0.7001118196381463, acc=83.39222614840989, mean act rate=0.07705186307430267

-----------------------------

Epoch:33, Tr Loss:0.778686011210084, Acc:99.27660617949975, Time:0:00:43.162741,	A Norm:36.50640869140625,	Fr:0.0697445422410965,                      lr:1e-06, Mask:0.93017578125, Cin:0, Cout:0
Epoch 33: valid loss=0.7012488709555732, acc=84.01060070671377, mean act rate=0.07706750929355621

-----------------------------

Epoch:34, Tr Loss:0.778801292181015, Acc:99.22756253065228, Time:0:00:43.238150,	A Norm:33.09169387817383,	Fr:0.06971649825572968,                      lr:1e-06, Mask:0.93280029296875, Cin:0, Cout:0
Epoch 34: valid loss=0.7028561764293246, acc=83.25971731448763, mean act rate=0.07702124863862991

-----------------------------

Epoch:35, Tr Loss:0.7793348971754313, Acc:99.3379107405591, Time:0:00:43.156695,	A Norm:31.638620376586914,	Fr:0.06969752907752991,                      lr:1e-06, Mask:0.934814453125, Cin:0, Cout:0
Epoch 35: valid loss=0.7037326229943169, acc=83.08303886925795, mean act rate=0.07700109481811523

-----------------------------

Epoch:36, Tr Loss:0.7808274924755096, Acc:99.2153016184404, Time:0:00:43.192748,	A Norm:29.250871658325195,	Fr:0.06966692954301834,                      lr:1e-06, Mask:0.93756103515625, Cin:0, Cout:0
Epoch 36: valid loss=0.7019143568144904, acc=83.613074204947, mean act rate=0.07698386907577515

-----------------------------

Epoch:37, Tr Loss:0.7795286122709513, Acc:99.2153016184404, Time:0:00:42.961875,	A Norm:28.49254035949707,	Fr:0.06967176496982574,                      lr:1e-06, Mask:0.93975830078125, Cin:0, Cout:0
Epoch 37: valid loss=0.7002000080214607, acc=83.92226148409894, mean act rate=0.07698750495910645

-----------------------------

Epoch:38, Tr Loss:0.7808679528534412, Acc:99.3011280039235, Time:0:00:43.240905,	A Norm:26.414758682250977,	Fr:0.06967310607433319,                      lr:1e-06, Mask:0.94256591796875, Cin:0, Cout:0
Epoch 38: valid loss=0.7040857407781813, acc=83.1713780918728, mean act rate=0.07699066400527954

-----------------------------

Epoch:39, Tr Loss:0.7789416313171387, Acc:99.25208435507602, Time:0:00:42.796023,	A Norm:25.204675674438477,	Fr:0.06966136395931244,                      lr:1e-06, Mask:0.9447021484375, Cin:0, Cout:0
Epoch 39: valid loss=0.7031951016849942, acc=83.34805653710248, mean act rate=0.07697415351867676

-----------------------------

Epoch:40, Tr Loss:0.7791886925697327, Acc:99.26434526728788, Time:0:00:43.041219,	A Norm:25.10854721069336,	Fr:0.06965754926204681,                      lr:1e-06, Mask:0.94683837890625, Cin:0, Cout:0
Epoch 40: valid loss=0.7025197876824273, acc=83.96643109540636, mean act rate=0.07696986198425293

-----------------------------

Epoch:41, Tr Loss:0.7798367366194725, Acc:99.27660617949975, Time:0:00:42.783677,	A Norm:23.43092918395996,	Fr:0.06965748220682144,                      lr:1e-06, Mask:0.94927978515625, Cin:0, Cout:0
Epoch 41: valid loss=0.7066311902470059, acc=83.30388692579506, mean act rate=0.0769699290394783

-----------------------------

Epoch:42, Tr Loss:0.7785341516137123, Acc:99.15399705738106, Time:0:00:43.168592,	A Norm:22.6494140625,	Fr:0.06967900693416595,                      lr:1e-06, Mask:0.952392578125, Cin:0, Cout:0
Epoch 42: valid loss=0.7063377367125617, acc=83.34805653710248, mean act rate=0.07697764039039612

-----------------------------

Epoch:43, Tr Loss:0.7794144432991743, Acc:99.27660617949975, Time:0:00:43.135335,	A Norm:22.674461364746094,	Fr:0.0696825385093689,                      lr:1e-06, Mask:0.952392578125, Cin:0, Cout:0
Epoch 43: valid loss=0.7082214289241366, acc=82.86219081272085, mean act rate=0.07699558138847351

-----------------------------

Epoch:44, Tr Loss:0.7805946338921785, Acc:99.20304070622855, Time:0:00:42.947366,	A Norm:22.699661254882812,	Fr:0.06968817114830017,                      lr:1e-06, Mask:0.952392578125, Cin:0, Cout:0
Epoch 44: valid loss=0.705997453795539, acc=83.2155477031802, mean act rate=0.07699324935674667

-----------------------------

Epoch:45, Tr Loss:0.7793628722429276, Acc:99.23982344286415, Time:0:00:42.812117,	A Norm:22.724071502685547,	Fr:0.06968647241592407,                      lr:1e-06, Mask:0.952392578125, Cin:0, Cout:0
Epoch 45: valid loss=0.7042964431974623, acc=83.2155477031802, mean act rate=0.07698826491832733

-----------------------------

Epoch:46, Tr Loss:0.7783171832561493, Acc:99.31338891613537, Time:0:00:43.060749,	A Norm:22.74901008605957,	Fr:0.0696839988231659,                      lr:1e-06, Mask:0.952392578125, Cin:0, Cout:0
Epoch 46: valid loss=0.7084643377198113, acc=83.03886925795052, mean act rate=0.07699906826019287

-----------------------------

Epoch:47, Tr Loss:0.7793718334287405, Acc:99.2153016184404, Time:0:00:42.986069,	A Norm:22.772930145263672,	Fr:0.06968674808740616,                      lr:1e-06, Mask:0.952392578125, Cin:0, Cout:0
Epoch 47: valid loss=0.7037321461571587, acc=83.39222614840989, mean act rate=0.07700742781162262

-----------------------------

Epoch:48, Tr Loss:0.7797812055796385, Acc:99.19077979401668, Time:0:00:43.117724,	A Norm:22.797405242919922,	Fr:0.06968626379966736,                      lr:1e-06, Mask:0.952392578125, Cin:0, Cout:0
Epoch 48: valid loss=0.7077380749914381, acc=82.90636042402826, mean act rate=0.07699652761220932

-----------------------------

Epoch:49, Tr Loss:0.777389507740736, Acc:99.3011280039235, Time:0:00:43.137110,	A Norm:22.821205139160156,	Fr:0.06968598067760468,                      lr:1e-06, Mask:0.952392578125, Cin:0, Cout:0
Epoch 49: valid loss=0.7039729224310981, acc=83.25971731448763, mean act rate=0.07699789851903915

-----------------------------

Epoch:50, Tr Loss:0.7791051939129829, Acc:99.25208435507602, Time:0:00:42.746542,	A Norm:22.845195770263672,	Fr:0.06969201564788818,                      lr:1e-06, Mask:0.952392578125, Cin:0, Cout:0
Epoch 50: valid loss=0.7049480544196235, acc=83.30388692579506, mean act rate=0.0769997239112854

-----------------------------


Best valid acc at epoch 10: 84.0547703180212


------ Trial 2 finished ------


------ Trial 3 begin ------

Epoch:1, Tr Loss:0.777563376352191, Acc:99.19077979401668, Time:0:00:42.961769,	A Norm:22.977197647094727,	Fr:0.06969641894102097,                      lr:1e-06, Mask:0.75, Cin:0, Cout:0
Epoch 1: valid loss=0.7052721712324355, acc=83.1713780918728, mean act rate=0.07699669152498245

Best model saved with valid acc=83.1713780918728

-----------------------------

Epoch:2, Tr Loss:0.7782525569200516, Acc:99.27660617949975, Time:0:00:42.932656,	A Norm:22.002166748046875,	Fr:0.06970202177762985,                      lr:1e-06, Mask:0.767578125, Cin:0, Cout:0
Epoch 2: valid loss=0.711169527636634, acc=82.68551236749117, mean act rate=0.07700543105602264

-----------------------------

Epoch:3, Tr Loss:0.7794947046786547, Acc:99.2153016184404, Time:0:00:42.950218,	A Norm:21.5382022857666,	Fr:0.06971781700849533,                      lr:1e-06, Mask:0.77593994140625, Cin:0, Cout:0
Epoch 3: valid loss=0.7063818772633871, acc=83.39222614840989, mean act rate=0.07703590393066406

Best model saved with valid acc=83.39222614840989

-----------------------------

Epoch:4, Tr Loss:0.7793360538780689, Acc:99.28886709171162, Time:0:00:43.310751,	A Norm:20.233491897583008,	Fr:0.06972205638885498,                      lr:1e-06, Mask:0.784912109375, Cin:0, Cout:0
Epoch 4: valid loss=0.7085618575414022, acc=82.773851590106, mean act rate=0.07703003287315369

-----------------------------

Epoch:5, Tr Loss:0.7802959270775318, Acc:99.15399705738106, Time:0:00:42.938740,	A Norm:19.688920974731445,	Fr:0.06972645968198776,                      lr:1e-06, Mask:0.79351806640625, Cin:0, Cout:0
Epoch 5: valid loss=0.7044750716951158, acc=83.39222614840989, mean act rate=0.07704124599695206

-----------------------------

Epoch:6, Tr Loss:0.7794288024306297, Acc:99.35017165277097, Time:0:00:42.944521,	A Norm:18.979713439941406,	Fr:0.06972973793745041,                      lr:1e-06, Mask:0.80047607421875, Cin:0, Cout:0
Epoch 6: valid loss=0.7090465757581923, acc=83.43639575971731, mean act rate=0.07704643905162811

Best model saved with valid acc=83.43639575971731

-----------------------------

Epoch:7, Tr Loss:0.7781847883015871, Acc:99.2153016184404, Time:0:00:42.874124,	A Norm:17.91602325439453,	Fr:0.06972222030162811,                      lr:1e-06, Mask:0.80877685546875, Cin:0, Cout:0
Epoch 7: valid loss=0.7047559022903442, acc=82.95053003533569, mean act rate=0.07703729718923569

-----------------------------

Epoch:8, Tr Loss:0.7780943922698498, Acc:99.25208435507602, Time:0:00:42.963730,	A Norm:16.204120635986328,	Fr:0.06969552487134933,                      lr:1e-06, Mask:0.81683349609375, Cin:0, Cout:0
Epoch 8: valid loss=0.7086183759901259, acc=82.95053003533569, mean act rate=0.07699901610612869

-----------------------------

Epoch:9, Tr Loss:0.7783550079911947, Acc:99.28886709171162, Time:0:00:43.197423,	A Norm:15.252521514892578,	Fr:0.06970412284135818,                      lr:1e-06, Mask:0.8236083984375, Cin:0, Cout:0
Epoch 9: valid loss=0.7055396967464023, acc=83.08303886925795, mean act rate=0.07701228559017181

-----------------------------

Epoch:10, Tr Loss:0.7791628129780293, Acc:99.27660617949975, Time:0:00:43.040102,	A Norm:14.62586498260498,	Fr:0.0697031170129776,                      lr:1e-06, Mask:0.83001708984375, Cin:0, Cout:0
Epoch 10: valid loss=0.7095161212815179, acc=82.773851590106, mean act rate=0.0770173966884613

-----------------------------

Epoch:11, Tr Loss:0.7790164090692997, Acc:99.23982344286415, Time:0:00:43.347365,	A Norm:14.404739379882812,	Fr:0.06970430165529251,                      lr:1e-06, Mask:0.8365478515625, Cin:0, Cout:0
Epoch 11: valid loss=0.708346254295773, acc=83.12720848056537, mean act rate=0.07701404392719269

-----------------------------

Epoch:12, Tr Loss:0.7786296103149652, Acc:99.31338891613537, Time:0:00:42.759100,	A Norm:14.374893188476562,	Fr:0.06970436871051788,                      lr:1e-06, Mask:0.84234619140625, Cin:0, Cout:0
Epoch 12: valid loss=0.7066338459650675, acc=83.03886925795052, mean act rate=0.07701509445905685

-----------------------------

Epoch:13, Tr Loss:0.7794078998267651, Acc:99.19077979401668, Time:0:00:42.799603,	A Norm:13.930688858032227,	Fr:0.0696960836648941,                      lr:1e-06, Mask:0.84832763671875, Cin:0, Cout:0
Epoch 13: valid loss=0.7048204474978976, acc=82.81802120141343, mean act rate=0.07701266556978226

-----------------------------

Epoch:14, Tr Loss:0.7785005439072847, Acc:99.31338891613537, Time:0:00:42.883250,	A Norm:13.931597709655762,	Fr:0.06970234215259552,                      lr:1e-06, Mask:0.85479736328125, Cin:0, Cout:0
Epoch 14: valid loss=0.7101792825592889, acc=83.25971731448763, mean act rate=0.07700783759355545

-----------------------------

Epoch:15, Tr Loss:0.7783537562936544, Acc:99.28886709171162, Time:0:00:42.908317,	A Norm:13.94052505493164,	Fr:0.06970488280057907,                      lr:1e-06, Mask:0.85980224609375, Cin:0, Cout:0
Epoch 15: valid loss=0.7077599631415473, acc=82.72968197879858, mean act rate=0.07701852917671204

-----------------------------

Epoch:16, Tr Loss:0.779763163998723, Acc:99.10495340853359, Time:0:00:42.909491,	A Norm:12.222138404846191,	Fr:0.06970084458589554,                      lr:1e-06, Mask:0.86474609375, Cin:0, Cout:0
Epoch 16: valid loss=0.7102441324128045, acc=83.03886925795052, mean act rate=0.07702139019966125

-----------------------------

Epoch:17, Tr Loss:0.7791533786803484, Acc:99.2153016184404, Time:0:00:42.776855,	A Norm:12.028742790222168,	Fr:0.06970546394586563,                      lr:1e-06, Mask:0.86956787109375, Cin:0, Cout:0
Epoch 17: valid loss=0.7110745973057218, acc=83.08303886925795, mean act rate=0.07700517773628235

-----------------------------

Epoch:18, Tr Loss:0.7800517063587904, Acc:99.23982344286415, Time:0:00:43.914227,	A Norm:11.442458152770996,	Fr:0.0697162076830864,                      lr:1e-06, Mask:0.87506103515625, Cin:0, Cout:0
Epoch 18: valid loss=0.7130555046929253, acc=83.03886925795052, mean act rate=0.07701966166496277

-----------------------------

Epoch:19, Tr Loss:0.7789709493517876, Acc:99.23982344286415, Time:0:00:43.030386,	A Norm:11.154385566711426,	Fr:0.06971918046474457,                      lr:1e-06, Mask:0.879150390625, Cin:0, Cout:0
Epoch 19: valid loss=0.7093629108534919, acc=83.34805653710248, mean act rate=0.07702522724866867

-----------------------------

Epoch:20, Tr Loss:0.779732208698988, Acc:99.10495340853359, Time:0:00:43.319053,	A Norm:11.050848960876465,	Fr:0.0697176456451416,                      lr:1e-06, Mask:0.8839111328125, Cin:0, Cout:0
Epoch 20: valid loss=0.7136346499125162, acc=82.64134275618375, mean act rate=0.07702088356018066

-----------------------------

Epoch:21, Tr Loss:0.7793221697211266, Acc:99.1785188818048, Time:0:00:43.085932,	A Norm:11.027786254882812,	Fr:0.06972462683916092,                      lr:1e-06, Mask:0.8875732421875, Cin:0, Cout:0
Epoch 21: valid loss=0.7089633146921793, acc=82.81802120141343, mean act rate=0.07702217996120453

-----------------------------

Epoch:22, Tr Loss:0.7788205482065678, Acc:99.26434526728788, Time:0:00:43.104443,	A Norm:10.984735488891602,	Fr:0.06972235441207886,                      lr:1e-06, Mask:0.89263916015625, Cin:0, Cout:0
Epoch 22: valid loss=0.710763136545817, acc=83.34805653710248, mean act rate=0.07702943682670593

-----------------------------

Epoch:23, Tr Loss:0.7788907270878553, Acc:99.19077979401668, Time:0:00:42.867765,	A Norm:10.94556713104248,	Fr:0.06972673535346985,                      lr:1e-06, Mask:0.896728515625, Cin:0, Cout:0
Epoch 23: valid loss=0.7056044141451517, acc=83.03886925795052, mean act rate=0.07702863216400146

-----------------------------

Epoch:24, Tr Loss:0.7791155930608511, Acc:99.22756253065228, Time:0:00:42.773867,	A Norm:10.377006530761719,	Fr:0.06971340626478195,                      lr:1e-06, Mask:0.90087890625, Cin:0, Cout:0
Epoch 24: valid loss=0.7140290604697334, acc=82.5530035335689, mean act rate=0.07701043784618378

-----------------------------

Epoch:25, Tr Loss:0.7788899131119251, Acc:99.27660617949975, Time:0:00:42.889171,	A Norm:9.54833984375,	Fr:0.06972234696149826,                      lr:1e-06, Mask:0.90435791015625, Cin:0, Cout:0
Epoch 25: valid loss=0.7122053305308024, acc=82.773851590106, mean act rate=0.07704468071460724

-----------------------------

Epoch:26, Tr Loss:0.7788404747843742, Acc:99.1785188818048, Time:0:00:42.838968,	A Norm:9.509685516357422,	Fr:0.0697193369269371,                      lr:1e-06, Mask:0.90869140625, Cin:0, Cout:0
Epoch 26: valid loss=0.7114138801892599, acc=82.90636042402826, mean act rate=0.07703866064548492

-----------------------------

Epoch:27, Tr Loss:0.7787099312990904, Acc:99.22756253065228, Time:0:00:42.847450,	A Norm:9.423171997070312,	Fr:0.06972947716712952,                      lr:1e-06, Mask:0.91156005859375, Cin:0, Cout:0
Epoch 27: valid loss=0.7086836894353231, acc=83.03886925795052, mean act rate=0.07702714204788208

-----------------------------

Epoch:28, Tr Loss:0.7795034553855658, Acc:99.2153016184404, Time:0:00:43.056881,	A Norm:8.756898880004883,	Fr:0.06972828507423401,                      lr:1e-06, Mask:0.91400146484375, Cin:0, Cout:0
Epoch 28: valid loss=0.7119717399279276, acc=82.90636042402826, mean act rate=0.07704097032546997

-----------------------------

Epoch:29, Tr Loss:0.7783884704113007, Acc:99.20304070622855, Time:0:00:42.756348,	A Norm:8.61590576171875,	Fr:0.06972489506006241,                      lr:1e-06, Mask:0.9171142578125, Cin:0, Cout:0
Epoch 29: valid loss=0.710230271021525, acc=82.64134275618375, mean act rate=0.07702939212322235

-----------------------------

Epoch:30, Tr Loss:0.7772677596658468, Acc:99.31338891613537, Time:0:00:42.908912,	A Norm:8.59510326385498,	Fr:0.06972817331552505,                      lr:1e-06, Mask:0.91943359375, Cin:0, Cout:0
Epoch 30: valid loss=0.7098676562309265, acc=82.68551236749117, mean act rate=0.07702859491109848

-----------------------------

Epoch:31, Tr Loss:0.779696075245738, Acc:99.1417361451692, Time:0:00:43.106538,	A Norm:8.489017486572266,	Fr:0.0697316899895668,                      lr:1e-06, Mask:0.92327880859375, Cin:0, Cout:0
Epoch 31: valid loss=0.7090635365910001, acc=82.95053003533569, mean act rate=0.07703042775392532

-----------------------------

Epoch:32, Tr Loss:0.7788959238678217, Acc:99.27660617949975, Time:0:00:42.971540,	A Norm:8.441183090209961,	Fr:0.0697355791926384,                      lr:1e-06, Mask:0.9259033203125, Cin:0, Cout:0
Epoch 32: valid loss=0.7127249704466926, acc=82.59717314487632, mean act rate=0.07703500241041183

-----------------------------

Epoch:33, Tr Loss:0.7799071036279202, Acc:99.25208435507602, Time:0:00:42.941383,	A Norm:8.386486053466797,	Fr:0.06972652673721313,                      lr:1e-06, Mask:0.92889404296875, Cin:0, Cout:0
Epoch 33: valid loss=0.7083785666359795, acc=82.68551236749117, mean act rate=0.07702863961458206

-----------------------------

Epoch:34, Tr Loss:0.7772471234202385, Acc:99.1417361451692, Time:0:00:42.868395,	A Norm:8.358901977539062,	Fr:0.06973698735237122,                      lr:1e-06, Mask:0.93170166015625, Cin:0, Cout:0
Epoch 34: valid loss=0.7060937086741129, acc=82.90636042402826, mean act rate=0.0770326554775238

-----------------------------

Epoch:35, Tr Loss:0.7781901471316814, Acc:99.22756253065228, Time:0:00:42.727129,	A Norm:8.279869079589844,	Fr:0.06973282992839813,                      lr:1e-06, Mask:0.9351806640625, Cin:0, Cout:0
Epoch 35: valid loss=0.7092374033398099, acc=83.08303886925795, mean act rate=0.07703487575054169

-----------------------------

Epoch:36, Tr Loss:0.777836199849844, Acc:99.1785188818048, Time:0:00:42.841141,	A Norm:7.999055862426758,	Fr:0.06973347812891006,                      lr:1e-06, Mask:0.93768310546875, Cin:0, Cout:0
Epoch 36: valid loss=0.7060532238748338, acc=82.95053003533569, mean act rate=0.077041395008564

-----------------------------

Epoch:37, Tr Loss:0.7785405851900578, Acc:99.3011280039235, Time:0:00:43.352787,	A Norm:7.822880744934082,	Fr:0.06974299997091293,                      lr:1e-06, Mask:0.93994140625, Cin:0, Cout:0
Epoch 37: valid loss=0.704685217804379, acc=82.90636042402826, mean act rate=0.07704430818557739

-----------------------------

Epoch:38, Tr Loss:0.7776679210364819, Acc:99.26434526728788, Time:0:00:42.911506,	A Norm:7.6479949951171875,	Fr:0.06973906606435776,                      lr:1e-06, Mask:0.94232177734375, Cin:0, Cout:0
Epoch 38: valid loss=0.7108568416701423, acc=82.59717314487632, mean act rate=0.07704292237758636

-----------------------------

Epoch:39, Tr Loss:0.7779653444886208, Acc:99.3011280039235, Time:0:00:42.932251,	A Norm:7.610543251037598,	Fr:0.06973634660243988,                      lr:1e-06, Mask:0.94476318359375, Cin:0, Cout:0
Epoch 39: valid loss=0.7072694566514757, acc=82.90636042402826, mean act rate=0.07705242931842804

-----------------------------

Epoch:40, Tr Loss:0.7775826342403889, Acc:99.20304070622855, Time:0:00:45.677869,	A Norm:7.5311479568481445,	Fr:0.06974460184574127,                      lr:1e-06, Mask:0.94720458984375, Cin:0, Cout:0
Epoch 40: valid loss=0.7094505230585734, acc=82.86219081272085, mean act rate=0.07705012708902359

-----------------------------

Epoch:41, Tr Loss:0.7761925775557756, Acc:99.39921530161844, Time:0:00:49.181859,	A Norm:7.503424644470215,	Fr:0.0697479173541069,                      lr:1e-06, Mask:0.9493408203125, Cin:0, Cout:0
Epoch 41: valid loss=0.7102745771408081, acc=82.42049469964664, mean act rate=0.07704871892929077

-----------------------------

Epoch:42, Tr Loss:0.7769594509154558, Acc:99.1785188818048, Time:0:00:46.811544,	A Norm:7.024845123291016,	Fr:0.06974231451749802,                      lr:1e-06, Mask:0.95166015625, Cin:0, Cout:0
Epoch 42: valid loss=0.7011266946792603, acc=82.90636042402826, mean act rate=0.07704881578683853

-----------------------------

Epoch:43, Tr Loss:0.77688043192029, Acc:99.3746934771947, Time:0:00:43.500903,	A Norm:7.047832489013672,	Fr:0.06975074857473373,                      lr:1e-06, Mask:0.95166015625, Cin:0, Cout:0
Epoch 43: valid loss=0.7041124237908257, acc=82.59717314487632, mean act rate=0.07705411314964294

-----------------------------

Epoch:44, Tr Loss:0.7760873343795538, Acc:99.25208435507602, Time:0:00:43.620589,	A Norm:7.07084846496582,	Fr:0.06974335759878159,                      lr:1e-06, Mask:0.95166015625, Cin:0, Cout:0
Epoch 44: valid loss=0.7081848382949829, acc=82.90636042402826, mean act rate=0.07704358547925949

-----------------------------

Epoch:45, Tr Loss:0.7774892803281546, Acc:99.2153016184404, Time:0:00:43.384990,	A Norm:7.09373664855957,	Fr:0.06974856555461884,                      lr:1e-06, Mask:0.95166015625, Cin:0, Cout:0
Epoch 45: valid loss=0.7058405809932284, acc=82.99469964664311, mean act rate=0.07705210894346237

-----------------------------

Epoch:46, Tr Loss:0.7767432201653719, Acc:99.31338891613537, Time:0:00:43.810220,	A Norm:7.116751194000244,	Fr:0.06975404918193817,                      lr:1e-06, Mask:0.95166015625, Cin:0, Cout:0
Epoch 46: valid loss=0.7061198751131693, acc=82.42049469964664, mean act rate=0.07705118507146835

-----------------------------

Epoch:47, Tr Loss:0.7772680427879095, Acc:99.28886709171162, Time:0:00:44.377616,	A Norm:7.139503479003906,	Fr:0.06975006312131882,                      lr:1e-06, Mask:0.95166015625, Cin:0, Cout:0
Epoch 47: valid loss=0.708355274465349, acc=83.25971731448763, mean act rate=0.07704976946115494

-----------------------------

Epoch:48, Tr Loss:0.7769840322434902, Acc:99.25208435507602, Time:0:00:43.843766,	A Norm:7.1624016761779785,	Fr:0.0697513222694397,                      lr:1e-06, Mask:0.95166015625, Cin:0, Cout:0
Epoch 48: valid loss=0.7022332416640388, acc=83.48056537102474, mean act rate=0.07704996317625046

Best model saved with valid acc=83.48056537102474

-----------------------------

Epoch:49, Tr Loss:0.7774328757077456, Acc:99.23982344286415, Time:0:00:43.885207,	A Norm:7.185216903686523,	Fr:0.06974832713603973,                      lr:1e-06, Mask:0.95166015625, Cin:0, Cout:0
Epoch 49: valid loss=0.7038687268892924, acc=83.08303886925795, mean act rate=0.0770614966750145

-----------------------------

Epoch:50, Tr Loss:0.7770685479044914, Acc:99.20304070622855, Time:0:00:43.632253,	A Norm:7.208597183227539,	Fr:0.06975377351045609,                      lr:1e-06, Mask:0.95166015625, Cin:0, Cout:0
Epoch 50: valid loss=0.704253786140018, acc=83.08303886925795, mean act rate=0.0770626962184906

-----------------------------


Best valid acc at epoch 48: 83.48056537102474


------ Trial 3 finished ------


------ Trial 4 begin ------

Epoch:1, Tr Loss:0.7760663349181414, Acc:99.2153016184404, Time:0:00:43.463458,	A Norm:7.331679821014404,	Fr:0.06975886970758438,                      lr:1e-06, Mask:0.75, Cin:0, Cout:0
Epoch 1: valid loss=0.7025560339291891, acc=83.03886925795052, mean act rate=0.07705572247505188

Best model saved with valid acc=83.03886925795052

-----------------------------

Epoch:2, Tr Loss:0.7771365791559219, Acc:99.23982344286415, Time:0:00:43.629947,	A Norm:7.373561859130859,	Fr:0.06975473463535309,                      lr:1e-06, Mask:0.76690673828125, Cin:0, Cout:0
Epoch 2: valid loss=0.70799277888404, acc=82.59717314487632, mean act rate=0.07706557959318161

-----------------------------

Epoch:3, Tr Loss:0.7766809687018394, Acc:99.19077979401668, Time:0:00:43.687311,	A Norm:7.352212429046631,	Fr:0.06975197792053223,                      lr:1e-06, Mask:0.77655029296875, Cin:0, Cout:0
Epoch 3: valid loss=0.7036725812488132, acc=82.95053003533569, mean act rate=0.07706169784069061

-----------------------------

Epoch:4, Tr Loss:0.7766997311264277, Acc:99.26434526728788, Time:0:00:44.440411,	A Norm:7.412324905395508,	Fr:0.06976213306188583,                      lr:1e-06, Mask:0.7835693359375, Cin:0, Cout:0
Epoch 4: valid loss=0.7046162088712057, acc=82.68551236749117, mean act rate=0.07706709206104279

-----------------------------

Epoch:5, Tr Loss:0.7754383087158203, Acc:99.32564982834722, Time:0:00:43.410240,	A Norm:7.315107345581055,	Fr:0.06975919753313065,                      lr:1e-06, Mask:0.79241943359375, Cin:0, Cout:0
Epoch 5: valid loss=0.7034039298693339, acc=82.773851590106, mean act rate=0.07705351710319519

-----------------------------

Epoch:6, Tr Loss:0.775710953399539, Acc:99.27660617949975, Time:0:00:43.361412,	A Norm:7.334510803222656,	Fr:0.06975601613521576,                      lr:1e-06, Mask:0.80120849609375, Cin:0, Cout:0
Epoch 6: valid loss=0.7008170088132223, acc=83.2155477031802, mean act rate=0.0770529955625534

Best model saved with valid acc=83.2155477031802

-----------------------------

Epoch:7, Tr Loss:0.7749087307602167, Acc:99.35017165277097, Time:0:00:43.317804,	A Norm:7.312912940979004,	Fr:0.06975864619016647,                      lr:1e-06, Mask:0.8104248046875, Cin:0, Cout:0
Epoch 7: valid loss=0.6983765496148003, acc=83.65724381625442, mean act rate=0.07705697417259216

Best model saved with valid acc=83.65724381625442

-----------------------------

Epoch:8, Tr Loss:0.7750010099261999, Acc:99.26434526728788, Time:0:00:43.944280,	A Norm:6.5901103019714355,	Fr:0.06969922035932541,                      lr:1e-06, Mask:0.8184814453125, Cin:0, Cout:0
Epoch 8: valid loss=0.6997478273179796, acc=83.8339222614841, mean act rate=0.07698185741901398

Best model saved with valid acc=83.8339222614841

-----------------------------

Epoch:9, Tr Loss:0.7745281029492617, Acc:99.26434526728788, Time:0:00:44.846475,	A Norm:6.5985589027404785,	Fr:0.06969133764505386,                      lr:1e-06, Mask:0.826416015625, Cin:0, Cout:0
Epoch 9: valid loss=0.7031715578503079, acc=82.59717314487632, mean act rate=0.07699404656887054

-----------------------------

Epoch:10, Tr Loss:0.7758581135421991, Acc:99.12947523295733, Time:0:00:45.183209,	A Norm:6.195908069610596,	Fr:0.06970073282718658,                      lr:1e-06, Mask:0.8330078125, Cin:0, Cout:0
Epoch 10: valid loss=0.7055651479297214, acc=82.59717314487632, mean act rate=0.07699552923440933

-----------------------------

