===== Exp configuration =====
date:		08-23-12-15
save_dir:		./log/08-23-12-15
dataset_name:		shd
data_folder:		./data/raw/
input_dim:		700
output_dim:		20
nb_steps:		100
trials:		100
scheduler_patience:		5
scheduler_factor:		0.7
lens:		0.5
gamma:		0.5
gradient_type:		linear
scale:		6.0
hight:		0.15
best_acc:		88
cluster:		8
batch_size:		512
nb_epochs:		100
lr:		0.015
weight_decay:		1e-05
reg_factor:		0.5
reg_fmin:		0.01
reg_fmax:		0.1
fr_ent:		0.1
seed:		117
ckpt_freq:		-1
threshold:		1.0
smoothing:		0.1
pdrop:		0.1
normalization:		batchnorm
train_input:		False
nb_hiddens:		1024
noise_test:		0.0
device:		cuda:0

Created new spiking model:
 RC(
  (W): Linear(in_features=700, out_features=1024, bias=True)
  (V): Linear(in_features=1024, out_features=1024, bias=False)
  (read): Linear(in_features=1024, out_features=20, bias=True)
  (norm): BatchNorm1d(1024, eps=1e-05, momentum=0.05, affine=True, track_running_stats=True)
  (norm_read): BatchNorm1d(20, eps=1e-05, momentum=0.05, affine=True, track_running_stats=True)
  (drop): Dropout(p=0.1, inplace=False)
)

Total number of trainable parameters is 1074384

**************  Trial 1  **************
Epoch 0: cin|cout=0.001410|0.013630|9.6683
-----------------------------

Epoch 1: loss=8.3964|4.0145, acc=25.6376|8.9223, fr=0.6357, cin|cout=0.007750|0.038647|4.9870, lr=0.0150, time=09.613970
-----------------------------

Epoch 2: loss=4.8648|2.5403, acc=19.3477|24.9558, fr=0.3289, cin|cout=0.011295|0.043584|3.8589, lr=0.0150, time=08.000968
-----------------------------

Epoch 3: loss=2.9926|1.9218, acc=29.7327|36.4399, fr=0.3596, cin|cout=0.012282|0.043199|3.5173, lr=0.0150, time=08.052088
-----------------------------

Epoch 4: loss=2.4739|1.6766, acc=43.9799|46.0689, fr=0.3966, cin|cout=0.012526|0.043005|3.4332, lr=0.0150, time=08.198782
-----------------------------

Epoch 5: loss=2.2397|1.4997, acc=52.5380|50.0883, fr=0.4091, cin|cout=0.012466|0.043722|3.5075, lr=0.0150, time=08.164800
-----------------------------

Epoch 6: loss=2.0480|1.3695, acc=60.3973|54.6378, fr=0.3969, cin|cout=0.012478|0.044410|3.5592, lr=0.0150, time=08.402009
-----------------------------

Epoch 7: loss=1.9535|1.2062, acc=64.4066|60.4682, fr=0.3895, cin|cout=0.012752|0.042438|3.3278, lr=0.0150, time=08.132314
-----------------------------

Epoch 8: loss=1.8593|1.1741, acc=68.5875|62.4558, fr=0.4011, cin|cout=0.012937|0.041728|3.2254, lr=0.0150, time=07.972939
-----------------------------

Epoch 9: loss=1.8065|1.0635, acc=71.3340|65.6802, fr=0.3862, cin|cout=0.012984|0.041695|3.2111, lr=0.0150, time=08.030551
-----------------------------

Epoch 10: loss=1.7347|1.0266, acc=75.4291|67.4470, fr=0.3841, cin|cout=0.012920|0.041683|3.2262, lr=0.0150, time=08.188151
-----------------------------

Epoch 11: loss=1.6533|0.9412, acc=79.0216|69.5230, fr=0.3854, cin|cout=0.012791|0.042575|3.3284, lr=0.0150, time=08.512245
-----------------------------

Epoch 12: loss=1.5709|0.8709, acc=82.5772|71.0689, fr=0.3878, cin|cout=0.012877|0.042876|3.3297, lr=0.0150, time=07.989884
-----------------------------

Epoch 13: loss=1.5453|0.8408, acc=83.5459|72.7915, fr=0.3791, cin|cout=0.012867|0.043188|3.3564, lr=0.0150, time=07.947457
-----------------------------

Epoch 14: loss=1.4884|0.7966, acc=86.0471|74.3816, fr=0.3902, cin|cout=0.012844|0.042813|3.3333, lr=0.0150, time=08.602144
-----------------------------

Epoch 15: loss=1.4416|0.8235, acc=87.9598|75.1325, fr=0.3832, cin|cout=0.012861|0.042244|3.2846, lr=0.0150, time=07.988899
-----------------------------

Epoch 16: loss=1.4076|0.7678, acc=89.1981|76.8551, fr=0.3839, cin|cout=0.012852|0.041972|3.2658, lr=0.0150, time=08.627541
-----------------------------

Epoch 17: loss=1.4090|0.7864, acc=88.8303|75.2650, fr=0.3930, cin|cout=0.013350|0.040794|3.0556, lr=0.0150, time=08.182452
-----------------------------

Epoch 18: loss=1.4167|0.7298, acc=88.5115|76.8993, fr=0.3962, cin|cout=0.013706|0.040397|2.9474, lr=0.0150, time=08.178567
-----------------------------

Epoch 19: loss=1.3969|0.7197, acc=90.2035|78.0477, fr=0.3899, cin|cout=0.013792|0.040051|2.9040, lr=0.0150, time=08.166480
-----------------------------

Epoch 20: loss=1.3523|0.7096, acc=91.3928|77.1201, fr=0.3854, cin|cout=0.013819|0.040008|2.8951, lr=0.0150, time=08.337019
-----------------------------

Epoch 21: loss=1.3411|0.7262, acc=91.7484|78.0919, fr=0.3874, cin|cout=0.013836|0.040062|2.8954, lr=0.0150, time=08.041750
-----------------------------

Epoch 22: loss=1.3131|0.7043, acc=93.1584|78.3127, fr=0.3836, cin|cout=0.013819|0.040237|2.9118, lr=0.0150, time=08.206003
-----------------------------

Epoch 23: loss=1.2912|0.7088, acc=93.4036|78.8428, fr=0.3865, cin|cout=0.013816|0.040179|2.9081, lr=0.0150, time=08.069047
-----------------------------

Epoch 24: loss=1.2747|0.7104, acc=94.0044|77.6060, fr=0.3840, cin|cout=0.013821|0.040168|2.9062, lr=0.0150, time=07.993196
-----------------------------

Epoch 25: loss=1.2534|0.6891, acc=94.7891|79.4170, fr=0.3841, cin|cout=0.013839|0.040395|2.9188, lr=0.0150, time=08.172531
-----------------------------

