===== Exp configuration =====
date:		08-20-03-46
save_dir:		./log/08-20-03-46
dataset_name:		shd
data_folder:		./data/raw/
input_dim:		700
output_dim:		20
nb_steps:		100
trials:		5
scheduler_patience:		2
scheduler_factor:		0.7
batch_size:		512
nb_epochs:		100
lr:		0.015
weight_decay:		1e-05
reg_factor:		0.5
reg_fmin:		0.01
reg_fmax:		0.1
fr_ent:		0.1
seed:		1692474401
ckpt_freq:		10
threshold:		1.0
smoothing:		0.1
pdrop:		0.1
normalization:		batchnorm
train_input:		False
nb_hiddens:		1024
noise_test:		0.0
device:		cuda:0

Created new spiking model:
 RC(
  (W): Linear(in_features=700, out_features=1024, bias=True)
  (V): Linear(in_features=1024, out_features=1024, bias=False)
  (read): Linear(in_features=1024, out_features=20, bias=True)
  (norm): BatchNorm1d(1024, eps=1e-05, momentum=0.05, affine=True, track_running_stats=True)
  (norm_read): BatchNorm1d(20, eps=1e-05, momentum=0.05, affine=True, track_running_stats=True)
  (drop): Dropout(p=0.1, inplace=False)
)

Total number of trainable parameters is 1075280

**************  Trial 1  **************
Epoch 0: cin|cout=0.001522|0.012383|8.1338
Epoch 1: loss=7.5055|2.9193, acc=22.9769|10.6449, fr=0.3508, cin|cout=0.008307|0.030678|3.6932, lr=0.0150, time=11.003618
-----------------------------

Epoch 2: loss=4.7206|2.4349, acc=17.4473|27.4735, fr=0.2872, cin|cout=0.011355|0.036453|3.2103, lr=0.0150, time=10.042885
-----------------------------

Epoch 3: loss=4.3481|1.9884, acc=27.0353|40.1060, fr=0.2305, cin|cout=0.012370|0.038975|3.1508, lr=0.0150, time=10.086468
-----------------------------

Epoch 4: loss=3.9584|1.5602, acc=40.9269|48.5866, fr=0.2371, cin|cout=0.012815|0.039843|3.1090, lr=0.0150, time=10.056805
-----------------------------

Epoch 5: loss=3.6556|1.2105, acc=49.6199|57.3763, fr=0.2460, cin|cout=0.013023|0.040025|3.0735, lr=0.0150, time=10.364973
-----------------------------

Epoch 6: loss=3.4683|0.9734, acc=57.1236|70.6714, fr=0.2455, cin|cout=0.013109|0.040157|3.0633, lr=0.0150, time=09.554017
-----------------------------

Epoch 7: loss=3.2961|0.7831, acc=65.3384|77.2085, fr=0.2367, cin|cout=0.013147|0.040135|3.0528, lr=0.0150, time=09.583767
-----------------------------

Epoch 8: loss=3.2259|0.8801, acc=68.1462|73.2774, fr=0.2340, cin|cout=0.013182|0.040109|3.0426, lr=0.0150, time=09.543953
-----------------------------

Epoch 9: loss=3.1585|0.7538, acc=70.9539|76.3693, fr=0.2218, cin|cout=0.013200|0.040124|3.0396, lr=0.0150, time=10.674516
-----------------------------

Epoch 10: loss=3.0462|0.7124, acc=76.8024|77.9152, fr=0.2227, cin|cout=0.013213|0.040262|3.0472, lr=0.0150, time=10.365870
-----------------------------

Epoch 11: loss=3.0071|0.6358, acc=77.7710|79.8145, fr=0.2188, cin|cout=0.013233|0.040191|3.0372, lr=0.0150, time=09.739448
-----------------------------

Epoch 12: loss=2.9598|0.7288, acc=80.7994|76.2809, fr=0.2167, cin|cout=0.013245|0.040167|3.0327, lr=0.0150, time=09.660794
-----------------------------

Epoch 13: loss=2.9316|0.6452, acc=81.5718|81.2279, fr=0.2125, cin|cout=0.013259|0.040094|3.0239, lr=0.0150, time=09.967213
-----------------------------

Epoch 14: loss=2.8809|0.6108, acc=83.8401|83.0389, fr=0.2112, cin|cout=0.013276|0.040022|3.0146, lr=0.0150, time=10.250623
-----------------------------

Epoch 15: loss=2.8564|0.6440, acc=85.0417|82.0230, fr=0.2172, cin|cout=0.013286|0.040013|3.0118, lr=0.0150, time=10.021096
-----------------------------

Epoch 16: loss=2.8310|0.5447, acc=85.8632|83.8781, fr=0.2139, cin|cout=0.013306|0.040002|3.0062, lr=0.0150, time=10.359260
-----------------------------

Epoch 17: loss=2.8066|0.5792, acc=87.9720|82.6413, fr=0.2121, cin|cout=0.013333|0.040053|3.0040, lr=0.0150, time=10.330107
-----------------------------

Epoch 18: loss=2.7923|0.5797, acc=87.4693|82.9064, fr=0.2096, cin|cout=0.013359|0.040048|2.9978, lr=0.0150, time=10.123328
-----------------------------

Epoch 19: loss=2.7532|0.5684, acc=89.4679|83.5689, fr=0.2079, cin|cout=0.013354|0.040194|3.0099, lr=0.0150, time=09.952560
-----------------------------

Epoch 20: loss=2.7251|0.5616, acc=90.8534|83.3039, fr=0.2103, cin|cout=0.013359|0.040197|3.0091, lr=0.0105, time=10.361950
-----------------------------

Epoch 21: loss=2.7205|0.5983, acc=90.7185|82.0230, fr=0.2043, cin|cout=0.013370|0.040133|3.0019, lr=0.0105, time=09.870418
-----------------------------

Epoch 22: loss=2.7036|0.5419, acc=91.7484|84.4965, fr=0.2040, cin|cout=0.013369|0.040217|3.0082, lr=0.0105, time=10.336749
-----------------------------

Epoch 23: loss=2.6921|0.5261, acc=92.4228|85.6007, fr=0.2056, cin|cout=0.013377|0.040221|3.0068, lr=0.0105, time=09.637384

Best model saved with valid acc=85.60070671378092
-----------------------------

Epoch 24: loss=2.6860|0.5586, acc=92.4473|85.3799, fr=0.2042, cin|cout=0.013383|0.040241|3.0067, lr=0.0105, time=10.141922
-----------------------------

Epoch 25: loss=2.6890|0.5842, acc=92.5576|82.5530, fr=0.1991, cin|cout=0.013395|0.040338|3.0115, lr=0.0105, time=09.994934
-----------------------------

Epoch 26: loss=2.6616|0.5541, acc=92.8887|83.9223, fr=0.2023, cin|cout=0.013412|0.040295|3.0044, lr=0.0105, time=09.549219
-----------------------------

Epoch 27: loss=2.6491|0.5592, acc=93.5753|85.4682, fr=0.2036, cin|cout=0.013415|0.040293|3.0036, lr=0.0073, time=09.530313
-----------------------------

Epoch 28: loss=2.6344|0.5867, acc=94.4949|83.4806, fr=0.2041, cin|cout=0.013423|0.040264|2.9997, lr=0.0073, time=09.543872
-----------------------------

Epoch 29: loss=2.6265|0.5094, acc=95.0711|87.0141, fr=0.2032, cin|cout=0.013426|0.040268|2.9992, lr=0.0073, time=09.506443

Best model saved with valid acc=87.01413427561837
-----------------------------

Epoch 30: loss=2.6165|0.5531, acc=95.3163|85.5124, fr=0.2027, cin|cout=0.013427|0.040274|2.9994, lr=0.0073, time=09.731224
-----------------------------

Epoch 31: loss=2.6236|0.5336, acc=94.8014|85.5124, fr=0.2068, cin|cout=0.013427|0.040309|3.0021, lr=0.0073, time=09.665131
-----------------------------

Epoch 32: loss=2.6117|0.4988, acc=95.6351|86.9700, fr=0.2067, cin|cout=0.013425|0.040320|3.0033, lr=0.0073, time=09.573728
-----------------------------

Epoch 33: loss=2.6089|0.5288, acc=95.5248|85.7774, fr=0.2049, cin|cout=0.013425|0.040321|3.0034, lr=0.0051, time=09.564463
-----------------------------

Epoch 34: loss=2.5940|0.5477, acc=96.1623|84.1873, fr=0.2054, cin|cout=0.013424|0.040356|3.0063, lr=0.0051, time=09.495198
-----------------------------

Epoch 35: loss=2.5913|0.5653, acc=96.2236|83.7898, fr=0.2075, cin|cout=0.013429|0.040358|3.0053, lr=0.0051, time=09.457407
-----------------------------

Epoch 36: loss=2.5896|0.5331, acc=96.3708|85.9541, fr=0.2065, cin|cout=0.013428|0.040372|3.0066, lr=0.0036, time=09.532014
-----------------------------

Epoch 37: loss=2.5839|0.5421, acc=96.5302|85.6007, fr=0.2061, cin|cout=0.013426|0.040400|3.0092, lr=0.0036, time=09.555160
-----------------------------

Epoch 38: loss=2.5806|0.5570, acc=96.5669|84.9382, fr=0.2070, cin|cout=0.013427|0.040397|3.0088, lr=0.0036, time=09.582267
-----------------------------

Epoch 39: loss=2.5769|0.5500, acc=96.9225|85.3799, fr=0.2073, cin|cout=0.013424|0.040428|3.0115, lr=0.0025, time=09.668211
-----------------------------

Epoch 40: loss=2.5729|0.5398, acc=96.9961|85.1590, fr=0.2097, cin|cout=0.013425|0.040449|3.0130, lr=0.0025, time=09.543878
-----------------------------

Epoch 41: loss=2.5692|0.5282, acc=97.1187|85.9541, fr=0.2097, cin|cout=0.013424|0.040472|3.0149, lr=0.0025, time=09.675980
-----------------------------

Epoch 42: loss=2.5659|0.5448, acc=97.3149|85.7774, fr=0.2103, cin|cout=0.013424|0.040488|3.0160, lr=0.0018, time=09.471139
-----------------------------

Epoch 43: loss=2.5686|0.5336, acc=97.3394|85.8657, fr=0.2099, cin|cout=0.013424|0.040500|3.0169, lr=0.0018, time=09.620319
-----------------------------

Epoch 44: loss=2.5646|0.5249, acc=97.1923|85.8216, fr=0.2096, cin|cout=0.013423|0.040531|3.0195, lr=0.0018, time=09.566751
-----------------------------

Epoch 45: loss=2.5652|0.5346, acc=97.4129|86.3074, fr=0.2108, cin|cout=0.013423|0.040531|3.0194, lr=0.0012, time=09.601562
-----------------------------

Epoch 46: loss=2.5654|0.5452, acc=97.2536|85.9099, fr=0.2102, cin|cout=0.013424|0.040544|3.0203, lr=0.0012, time=09.604778
-----------------------------

Epoch 47: loss=2.5622|0.5138, acc=97.1677|86.3516, fr=0.2105, cin|cout=0.013423|0.040558|3.0215, lr=0.0012, time=09.578494
-----------------------------

Epoch 48: loss=2.5584|0.5542, acc=97.4865|84.3640, fr=0.2118, cin|cout=0.013424|0.040557|3.0212, lr=0.0009, time=09.558426
-----------------------------

Epoch 49: loss=2.5597|0.5280, acc=97.3884|86.1749, fr=0.2111, cin|cout=0.013424|0.040557|3.0211, lr=0.0009, time=09.533072
-----------------------------

Epoch 50: loss=2.5575|0.5270, acc=97.6336|85.6890, fr=0.2123, cin|cout=0.013424|0.040564|3.0217, lr=0.0009, time=09.475338
-----------------------------

Epoch 51: loss=2.5563|0.5322, acc=97.5846|85.9099, fr=0.2127, cin|cout=0.013425|0.040561|3.0214, lr=0.0006, time=09.600700
-----------------------------

Epoch 52: loss=2.5595|0.5647, acc=97.4007|85.3357, fr=0.2121, cin|cout=0.013425|0.040562|3.0214, lr=0.0006, time=09.507357
-----------------------------

Epoch 53: loss=2.5559|0.5333, acc=97.7685|85.8657, fr=0.2127, cin|cout=0.013425|0.040563|3.0214, lr=0.0006, time=09.549210
-----------------------------

Epoch 54: loss=2.5559|0.5401, acc=97.4743|85.9099, fr=0.2133, cin|cout=0.013425|0.040564|3.0214, lr=0.0004, time=09.678300
-----------------------------

Epoch 55: loss=2.5584|0.5407, acc=97.4497|86.0866, fr=0.2131, cin|cout=0.013425|0.040570|3.0220, lr=0.0004, time=09.563907
-----------------------------

Epoch 56: loss=2.5550|0.5325, acc=97.8053|86.0866, fr=0.2134, cin|cout=0.013426|0.040569|3.0217, lr=0.0004, time=09.573272
-----------------------------

Epoch 57: loss=2.5520|0.5441, acc=97.8666|85.9099, fr=0.2142, cin|cout=0.013426|0.040569|3.0217, lr=0.0003, time=09.664768
-----------------------------

Epoch 58: loss=2.5561|0.5516, acc=97.3762|85.0265, fr=0.2139, cin|cout=0.013426|0.040569|3.0217, lr=0.0003, time=09.596130
-----------------------------

Epoch 59: loss=2.5534|0.5399, acc=97.5356|85.8216, fr=0.2135, cin|cout=0.013426|0.040572|3.0220, lr=0.0003, time=09.534862
-----------------------------

Epoch 60: loss=2.5530|0.5226, acc=97.6091|85.9982, fr=0.2131, cin|cout=0.013425|0.040574|3.0222, lr=0.0002, time=09.554771
-----------------------------

Epoch 61: loss=2.5534|0.5403, acc=97.7317|85.4682, fr=0.2136, cin|cout=0.013426|0.040573|3.0221, lr=0.0002, time=09.629415
-----------------------------

Epoch 62: loss=2.5546|0.5541, acc=97.5478|85.5124, fr=0.2138, cin|cout=0.013426|0.040574|3.0222, lr=0.0002, time=09.577173
-----------------------------

Epoch 63: loss=2.5539|0.5550, acc=97.8666|85.4240, fr=0.2142, cin|cout=0.013425|0.040576|3.0223, lr=0.0001, time=09.532191
-----------------------------

Epoch 64: loss=2.5531|0.5305, acc=97.7930|86.3516, fr=0.2142, cin|cout=0.013426|0.040576|3.0223, lr=0.0001, time=09.517118
-----------------------------

Epoch 65: loss=2.5544|0.5448, acc=97.7685|85.7332, fr=0.2141, cin|cout=0.013426|0.040573|3.0220, lr=0.0001, time=09.580734
-----------------------------

Epoch 66: loss=2.5514|0.5563, acc=97.7563|85.7332, fr=0.2144, cin|cout=0.013426|0.040574|3.0221, lr=0.0001, time=09.503081
-----------------------------

Epoch 67: loss=2.5527|0.5421, acc=97.5356|85.3799, fr=0.2140, cin|cout=0.013426|0.040575|3.0222, lr=0.0001, time=09.525166
-----------------------------

Epoch 68: loss=2.5521|0.5401, acc=97.9034|86.1749, fr=0.2140, cin|cout=0.013426|0.040575|3.0221, lr=0.0001, time=09.532352
-----------------------------

Epoch 69: loss=2.5513|0.5335, acc=97.9892|86.2633, fr=0.2140, cin|cout=0.013426|0.040576|3.0222, lr=0.0001, time=09.612015
-----------------------------

Epoch 70: loss=2.5494|0.5469, acc=97.8176|85.2915, fr=0.2142, cin|cout=0.013426|0.040576|3.0222, lr=0.0001, time=09.590658
-----------------------------

Epoch 71: loss=2.5520|0.5299, acc=97.7930|85.4682, fr=0.2142, cin|cout=0.013426|0.040577|3.0222, lr=0.0001, time=09.597021
-----------------------------

Epoch 72: loss=2.5517|0.5276, acc=97.8543|86.1307, fr=0.2140, cin|cout=0.013426|0.040577|3.0222, lr=0.0000, time=09.544557
-----------------------------

Epoch 73: loss=2.5513|0.5589, acc=97.8543|84.6290, fr=0.2141, cin|cout=0.013426|0.040578|3.0223, lr=0.0000, time=09.491494
-----------------------------

Epoch 74: loss=2.5515|0.5397, acc=97.7072|85.6449, fr=0.2142, cin|cout=0.013426|0.040577|3.0223, lr=0.0000, time=09.536130
-----------------------------

Epoch 75: loss=2.5506|0.5371, acc=97.9402|85.6449, fr=0.2143, cin|cout=0.013426|0.040578|3.0223, lr=0.0000, time=09.515454
-----------------------------

Epoch 76: loss=2.5530|0.5336, acc=97.8421|86.2191, fr=0.2143, cin|cout=0.013426|0.040578|3.0224, lr=0.0000, time=09.546253
-----------------------------

Epoch 77: loss=2.5529|0.5269, acc=97.8789|86.0866, fr=0.2143, cin|cout=0.013426|0.040578|3.0224, lr=0.0000, time=09.505347
-----------------------------

Epoch 78: loss=2.5517|0.5307, acc=97.8053|85.6449, fr=0.2143, cin|cout=0.013426|0.040579|3.0224, lr=0.0000, time=09.505745
-----------------------------

Epoch 79: loss=2.5526|0.5343, acc=97.7685|85.9982, fr=0.2143, cin|cout=0.013426|0.040579|3.0224, lr=0.0000, time=09.494532
-----------------------------

Epoch 80: loss=2.5499|0.5315, acc=97.8543|85.7332, fr=0.2143, cin|cout=0.013426|0.040579|3.0224, lr=0.0000, time=09.574881
-----------------------------

Epoch 81: loss=2.5523|0.5456, acc=97.6704|85.2915, fr=0.2146, cin|cout=0.013426|0.040579|3.0224, lr=0.0000, time=09.602495
-----------------------------

Epoch 82: loss=2.5528|0.5440, acc=97.7808|85.1148, fr=0.2142, cin|cout=0.013426|0.040579|3.0224, lr=0.0000, time=09.558037
-----------------------------

Epoch 83: loss=2.5505|0.5302, acc=97.8911|86.5283, fr=0.2142, cin|cout=0.013426|0.040579|3.0224, lr=0.0000, time=09.508450
-----------------------------

Epoch 84: loss=2.5523|0.5428, acc=97.7440|86.2191, fr=0.2142, cin|cout=0.013426|0.040579|3.0224, lr=0.0000, time=09.583396
-----------------------------

Epoch 85: loss=2.5534|0.5421, acc=97.8053|86.2633, fr=0.2144, cin|cout=0.013426|0.040579|3.0224, lr=0.0000, time=09.587023
-----------------------------

Epoch 86: loss=2.5522|0.5362, acc=97.8298|85.6449, fr=0.2142, cin|cout=0.013426|0.040579|3.0224, lr=0.0000, time=09.498077
-----------------------------

Epoch 87: loss=2.5506|0.5455, acc=97.8911|86.2633, fr=0.2143, cin|cout=0.013426|0.040579|3.0224, lr=0.0000, time=09.534786
-----------------------------

Epoch 88: loss=2.5504|0.5408, acc=97.8298|85.8657, fr=0.2143, cin|cout=0.013426|0.040579|3.0224, lr=0.0000, time=09.574659
-----------------------------

Epoch 89: loss=2.5507|0.5400, acc=98.0137|85.9541, fr=0.2143, cin|cout=0.013426|0.040580|3.0225, lr=0.0000, time=09.515125
-----------------------------

Epoch 90: loss=2.5560|0.5462, acc=97.6336|85.6007, fr=0.2143, cin|cout=0.013426|0.040580|3.0225, lr=0.0000, time=09.555327
-----------------------------

Epoch 91: loss=2.5490|0.5379, acc=97.7685|85.6449, fr=0.2143, cin|cout=0.013426|0.040580|3.0225, lr=0.0000, time=09.687535
-----------------------------

Epoch 92: loss=2.5509|0.5439, acc=97.7440|85.7774, fr=0.2143, cin|cout=0.013426|0.040580|3.0225, lr=0.0000, time=09.594306
-----------------------------

Epoch 93: loss=2.5530|0.5412, acc=97.7440|85.6449, fr=0.2143, cin|cout=0.013426|0.040580|3.0225, lr=0.0000, time=09.566208
-----------------------------

Epoch 94: loss=2.5529|0.5355, acc=97.6214|86.4399, fr=0.2143, cin|cout=0.013426|0.040580|3.0225, lr=0.0000, time=09.550897
-----------------------------

Epoch 95: loss=2.5506|0.5425, acc=97.9156|84.9823, fr=0.2145, cin|cout=0.013426|0.040580|3.0225, lr=0.0000, time=09.540744
-----------------------------

Epoch 96: loss=2.5547|0.5328, acc=97.5233|86.1749, fr=0.2145, cin|cout=0.013426|0.040580|3.0225, lr=0.0000, time=09.503229
-----------------------------

Epoch 97: loss=2.5495|0.5446, acc=97.9892|85.7332, fr=0.2144, cin|cout=0.013426|0.040580|3.0225, lr=0.0000, time=09.507783
-----------------------------

Epoch 98: loss=2.5508|0.5336, acc=97.9647|85.6449, fr=0.2144, cin|cout=0.013426|0.040580|3.0225, lr=0.0000, time=09.492137
-----------------------------

Epoch 99: loss=2.5523|0.5336, acc=97.6949|85.9982, fr=0.2144, cin|cout=0.013426|0.040580|3.0225, lr=0.0000, time=09.575660
-----------------------------

Epoch 100: loss=2.5526|0.5309, acc=97.7685|86.4399, fr=0.2143, cin|cout=0.013426|0.040580|3.0225, lr=0.0000, time=09.553432
-----------------------------


Best valid acc at epoch 29: 87.01413427561837

------ Training finished ------


**************  Trial 2  **************
Epoch 0: cin|cout=0.001445|0.013447|9.3045
Epoch 1: loss=7.4289|3.0981, acc=22.6336|7.8622, fr=0.3655, cin|cout=0.008030|0.031689|3.9462, lr=0.0150, time=09.625850
-----------------------------

Epoch 2: loss=4.7181|2.5008, acc=14.9338|21.9965, fr=0.2846, cin|cout=0.010817|0.036102|3.3375, lr=0.0150, time=09.540619
-----------------------------

Epoch 3: loss=4.3800|2.2338, acc=21.7509|34.4965, fr=0.2445, cin|cout=0.011752|0.037619|3.2011, lr=0.0150, time=09.549899
-----------------------------

Epoch 4: loss=4.1029|2.2450, acc=29.9534|31.2279, fr=0.3037, cin|cout=0.012301|0.038444|3.1252, lr=0.0150, time=09.513992
-----------------------------

Epoch 5: loss=3.8226|1.4597, acc=39.9338|54.2403, fr=0.2745, cin|cout=0.012599|0.038167|3.0295, lr=0.0150, time=09.501600
-----------------------------

Epoch 6: loss=3.4916|1.2402, acc=50.4414|60.6449, fr=0.2741, cin|cout=0.012700|0.038299|3.0157, lr=0.0150, time=09.514891
-----------------------------

Epoch 7: loss=3.3533|1.0250, acc=57.3688|67.4470, fr=0.2539, cin|cout=0.012753|0.038206|2.9957, lr=0.0150, time=09.564250
-----------------------------

Epoch 8: loss=3.1860|0.9162, acc=64.8112|70.7155, fr=0.2527, cin|cout=0.012790|0.038200|2.9867, lr=0.0150, time=09.533355
-----------------------------

Epoch 9: loss=3.0887|0.8619, acc=69.7033|72.9682, fr=0.2539, cin|cout=0.012839|0.038070|2.9653, lr=0.0150, time=09.552998
-----------------------------

Epoch 10: loss=3.0405|0.8009, acc=71.3095|75.7067, fr=0.2421, cin|cout=0.012852|0.038242|2.9756, lr=0.0150, time=09.490424
-----------------------------

Epoch 11: loss=2.9276|0.6802, acc=76.3487|80.0353, fr=0.2421, cin|cout=0.012870|0.038373|2.9817, lr=0.0150, time=09.601911
-----------------------------

Epoch 12: loss=2.8442|0.7289, acc=80.3090|77.5618, fr=0.2472, cin|cout=0.012894|0.038260|2.9672, lr=0.0150, time=09.553739
-----------------------------

Epoch 13: loss=2.8241|0.7894, acc=81.1672|75.5300, fr=0.2418, cin|cout=0.012906|0.038259|2.9645, lr=0.0150, time=09.518737
-----------------------------

Epoch 14: loss=2.8066|0.7272, acc=81.8171|78.6661, fr=0.2415, cin|cout=0.012918|0.038232|2.9595, lr=0.0150, time=09.614504
-----------------------------

Epoch 15: loss=2.7370|0.6536, acc=84.8333|80.8304, fr=0.2354, cin|cout=0.012923|0.038231|2.9584, lr=0.0105, time=09.540635
-----------------------------

Epoch 16: loss=2.6863|0.7197, acc=86.7337|78.4011, fr=0.2334, cin|cout=0.012940|0.038107|2.9448, lr=0.0105, time=09.613695
-----------------------------

Epoch 17: loss=2.6695|0.6376, acc=87.1383|80.2120, fr=0.2337, cin|cout=0.012949|0.038084|2.9411, lr=0.0105, time=09.519078
-----------------------------

Epoch 18: loss=2.6387|0.6214, acc=88.3276|81.8021, fr=0.2341, cin|cout=0.012954|0.038206|2.9494, lr=0.0105, time=09.522176
-----------------------------

Epoch 19: loss=2.6406|0.6339, acc=87.9107|80.9187, fr=0.2325, cin|cout=0.012963|0.038151|2.9430, lr=0.0105, time=09.594695
-----------------------------

Epoch 20: loss=2.6151|0.6677, acc=89.6150|79.8145, fr=0.2311, cin|cout=0.012978|0.038076|2.9339, lr=0.0105, time=09.457196
-----------------------------

Epoch 21: loss=2.6020|0.6344, acc=90.0319|81.4046, fr=0.2290, cin|cout=0.012974|0.038091|2.9360, lr=0.0105, time=09.648107
-----------------------------

Epoch 22: loss=2.5703|0.5798, acc=91.0741|83.0389, fr=0.2333, cin|cout=0.012980|0.038107|2.9359, lr=0.0073, time=09.551904
-----------------------------

Epoch 23: loss=2.5568|0.6063, acc=91.7607|82.0230, fr=0.2319, cin|cout=0.012979|0.038160|2.9401, lr=0.0073, time=09.535872
-----------------------------

Epoch 24: loss=2.5468|0.6173, acc=92.2634|82.0671, fr=0.2332, cin|cout=0.012983|0.038132|2.9371, lr=0.0073, time=09.525446
-----------------------------

Epoch 25: loss=2.5328|0.5769, acc=92.7048|82.6855, fr=0.2309, cin|cout=0.012986|0.038161|2.9385, lr=0.0073, time=09.601331
-----------------------------

Epoch 26: loss=2.5185|0.5849, acc=93.2933|82.7739, fr=0.2360, cin|cout=0.012993|0.038107|2.9328, lr=0.0051, time=09.586269
-----------------------------

Epoch 27: loss=2.5102|0.5950, acc=93.4649|82.5530, fr=0.2336, cin|cout=0.012998|0.038073|2.9291, lr=0.0051, time=09.545963
-----------------------------

Epoch 28: loss=2.5031|0.5653, acc=93.9186|83.5247, fr=0.2348, cin|cout=0.013004|0.038041|2.9253, lr=0.0051, time=09.521148
-----------------------------

Epoch 29: loss=2.4981|0.5845, acc=94.1393|82.7739, fr=0.2353, cin|cout=0.013007|0.038047|2.9252, lr=0.0051, time=09.591065
-----------------------------

Epoch 30: loss=2.5002|0.5880, acc=93.9676|82.9064, fr=0.2342, cin|cout=0.013010|0.038050|2.9246, lr=0.0051, time=09.548726
-----------------------------

Epoch 31: loss=2.4932|0.6570, acc=94.3355|81.0071, fr=0.2361, cin|cout=0.013016|0.038032|2.9219, lr=0.0051, time=09.672615
-----------------------------

Epoch 32: loss=2.4873|0.5959, acc=94.3600|83.6572, fr=0.2352, cin|cout=0.013019|0.038030|2.9211, lr=0.0036, time=09.512588
-----------------------------

Epoch 33: loss=2.4850|0.6068, acc=94.6175|82.7739, fr=0.2352, cin|cout=0.013021|0.038034|2.9209, lr=0.0036, time=09.475464
-----------------------------

Epoch 34: loss=2.4766|0.5523, acc=94.9853|84.5848, fr=0.2349, cin|cout=0.013026|0.038012|2.9181, lr=0.0036, time=09.514099
-----------------------------

Epoch 35: loss=2.4730|0.5883, acc=94.9730|83.0389, fr=0.2367, cin|cout=0.013033|0.037983|2.9143, lr=0.0036, time=09.527728
-----------------------------

Epoch 36: loss=2.4726|0.5632, acc=95.2060|83.8781, fr=0.2366, cin|cout=0.013036|0.037973|2.9129, lr=0.0036, time=09.565614
-----------------------------

Epoch 37: loss=2.4648|0.6072, acc=95.4389|81.8463, fr=0.2379, cin|cout=0.013037|0.037978|2.9131, lr=0.0036, time=09.587796
-----------------------------

Epoch 38: loss=2.4625|0.5784, acc=95.7209|83.5689, fr=0.2397, cin|cout=0.013039|0.037965|2.9116, lr=0.0025, time=09.525598
-----------------------------

Epoch 39: loss=2.4568|0.5592, acc=96.0029|84.0106, fr=0.2385, cin|cout=0.013040|0.037963|2.9113, lr=0.0025, time=09.537184
-----------------------------

Epoch 40: loss=2.4590|0.5873, acc=95.5493|83.4364, fr=0.2393, cin|cout=0.013041|0.037972|2.9116, lr=0.0025, time=09.574080
-----------------------------

Epoch 41: loss=2.4506|0.6231, acc=95.9784|82.9947, fr=0.2406, cin|cout=0.013044|0.037958|2.9100, lr=0.0018, time=09.586604
-----------------------------

Epoch 42: loss=2.4495|0.5814, acc=96.0275|83.5689, fr=0.2400, cin|cout=0.013046|0.037953|2.9093, lr=0.0018, time=09.490702
-----------------------------

Epoch 43: loss=2.4467|0.6038, acc=96.2236|82.9947, fr=0.2400, cin|cout=0.013047|0.037944|2.9083, lr=0.0018, time=09.496176
-----------------------------

Epoch 44: loss=2.4442|0.5833, acc=96.4076|83.6131, fr=0.2402, cin|cout=0.013049|0.037937|2.9072, lr=0.0012, time=09.578352
-----------------------------

Epoch 45: loss=2.4452|0.5902, acc=96.2972|82.9505, fr=0.2402, cin|cout=0.013050|0.037938|2.9071, lr=0.0012, time=09.497932
-----------------------------

Epoch 46: loss=2.4428|0.5879, acc=96.2482|83.6572, fr=0.2408, cin|cout=0.013051|0.037937|2.9068, lr=0.0012, time=09.540798
-----------------------------

Epoch 47: loss=2.4394|0.5963, acc=96.5424|84.0106, fr=0.2418, cin|cout=0.013052|0.037940|2.9069, lr=0.0009, time=09.601868
-----------------------------

Epoch 48: loss=2.4399|0.5962, acc=96.3708|83.7898, fr=0.2421, cin|cout=0.013053|0.037939|2.9067, lr=0.0009, time=09.502724
-----------------------------

Epoch 49: loss=2.4416|0.5763, acc=96.2727|83.6131, fr=0.2423, cin|cout=0.013053|0.037942|2.9068, lr=0.0009, time=09.556472
-----------------------------

Epoch 50: loss=2.4383|0.5988, acc=96.4934|83.2155, fr=0.2418, cin|cout=0.013053|0.037943|2.9068, lr=0.0006, time=09.586517
-----------------------------

Epoch 51: loss=2.4355|0.5951, acc=96.7386|83.6572, fr=0.2424, cin|cout=0.013054|0.037938|2.9062, lr=0.0006, time=09.571715
-----------------------------

Epoch 52: loss=2.4320|0.5934, acc=96.8122|84.2756, fr=0.2425, cin|cout=0.013054|0.037934|2.9058, lr=0.0006, time=09.609756
-----------------------------

Epoch 53: loss=2.4342|0.5861, acc=96.7631|83.5247, fr=0.2430, cin|cout=0.013055|0.037930|2.9054, lr=0.0004, time=09.565803
-----------------------------

Epoch 54: loss=2.4332|0.5781, acc=96.6405|83.9664, fr=0.2429, cin|cout=0.013055|0.037931|2.9055, lr=0.0004, time=09.531067
-----------------------------

Epoch 55: loss=2.4338|0.5797, acc=96.8980|83.6131, fr=0.2422, cin|cout=0.013056|0.037931|2.9053, lr=0.0004, time=09.509269
-----------------------------

Epoch 56: loss=2.4353|0.5862, acc=96.8489|84.4965, fr=0.2429, cin|cout=0.013056|0.037928|2.9051, lr=0.0003, time=09.632809
-----------------------------

Epoch 57: loss=2.4314|0.6004, acc=96.7141|83.9664, fr=0.2424, cin|cout=0.013056|0.037929|2.9051, lr=0.0003, time=09.546486
-----------------------------

Epoch 58: loss=2.4306|0.5863, acc=96.8367|84.0989, fr=0.2429, cin|cout=0.013057|0.037931|2.9051, lr=0.0003, time=09.537181
-----------------------------

Epoch 59: loss=2.4330|0.5877, acc=96.7018|82.6413, fr=0.2432, cin|cout=0.013057|0.037932|2.9052, lr=0.0002, time=09.551608
-----------------------------

Epoch 60: loss=2.4297|0.5732, acc=96.9470|84.2756, fr=0.2433, cin|cout=0.013057|0.037931|2.9051, lr=0.0002, time=09.558930
-----------------------------

Epoch 61: loss=2.4317|0.5895, acc=96.5179|83.6131, fr=0.2433, cin|cout=0.013057|0.037933|2.9052, lr=0.0002, time=09.587797
-----------------------------

Epoch 62: loss=2.4286|0.5890, acc=96.7754|83.3039, fr=0.2430, cin|cout=0.013057|0.037933|2.9052, lr=0.0001, time=09.517137
-----------------------------

Epoch 63: loss=2.4298|0.5850, acc=96.9225|83.8339, fr=0.2434, cin|cout=0.013057|0.037933|2.9051, lr=0.0001, time=09.503956
-----------------------------

Epoch 64: loss=2.4312|0.5815, acc=96.7999|83.1714, fr=0.2435, cin|cout=0.013058|0.037932|2.9050, lr=0.0001, time=09.531255
-----------------------------

Epoch 65: loss=2.4324|0.5962, acc=96.5915|83.7898, fr=0.2433, cin|cout=0.013058|0.037932|2.9050, lr=0.0001, time=09.496243
-----------------------------

Epoch 66: loss=2.4275|0.5823, acc=96.9470|84.0106, fr=0.2435, cin|cout=0.013058|0.037933|2.9051, lr=0.0001, time=09.522572
-----------------------------

Epoch 67: loss=2.4294|0.5755, acc=96.8980|84.3198, fr=0.2435, cin|cout=0.013058|0.037932|2.9050, lr=0.0001, time=09.609093
-----------------------------

Epoch 68: loss=2.4303|0.5866, acc=96.6773|83.5247, fr=0.2433, cin|cout=0.013058|0.037933|2.9050, lr=0.0001, time=09.532398
-----------------------------

Epoch 69: loss=2.4306|0.5911, acc=96.7509|83.1714, fr=0.2433, cin|cout=0.013058|0.037933|2.9050, lr=0.0001, time=09.540995
-----------------------------

Epoch 70: loss=2.4313|0.5738, acc=96.9348|83.6572, fr=0.2435, cin|cout=0.013058|0.037932|2.9050, lr=0.0001, time=09.571229
-----------------------------

Epoch 71: loss=2.4322|0.5833, acc=96.7263|84.0106, fr=0.2437, cin|cout=0.013058|0.037932|2.9049, lr=0.0000, time=09.648238
-----------------------------

Epoch 72: loss=2.4279|0.5793, acc=96.9961|83.4364, fr=0.2434, cin|cout=0.013058|0.037932|2.9049, lr=0.0000, time=09.522907
-----------------------------

Epoch 73: loss=2.4268|0.5808, acc=97.0942|84.0106, fr=0.2434, cin|cout=0.013058|0.037932|2.9049, lr=0.0000, time=09.534922
-----------------------------

Epoch 74: loss=2.4303|0.5899, acc=97.0083|83.3039, fr=0.2434, cin|cout=0.013058|0.037932|2.9049, lr=0.0000, time=09.569982
-----------------------------

Epoch 75: loss=2.4285|0.5797, acc=97.0451|84.4081, fr=0.2435, cin|cout=0.013058|0.037932|2.9049, lr=0.0000, time=09.529772
-----------------------------

Epoch 76: loss=2.4286|0.5844, acc=97.0451|83.7456, fr=0.2437, cin|cout=0.013058|0.037931|2.9048, lr=0.0000, time=09.543932
-----------------------------

Epoch 77: loss=2.4269|0.5875, acc=97.1064|83.6572, fr=0.2436, cin|cout=0.013058|0.037931|2.9048, lr=0.0000, time=09.525754
-----------------------------

Epoch 78: loss=2.4301|0.5831, acc=96.7876|83.7456, fr=0.2437, cin|cout=0.013058|0.037931|2.9048, lr=0.0000, time=09.520769
-----------------------------

Epoch 79: loss=2.4318|0.5919, acc=96.8735|84.0548, fr=0.2436, cin|cout=0.013058|0.037931|2.9048, lr=0.0000, time=09.545366
-----------------------------

Epoch 80: loss=2.4280|0.5894, acc=96.9593|83.5247, fr=0.2435, cin|cout=0.013058|0.037931|2.9048, lr=0.0000, time=09.523133
-----------------------------

Epoch 81: loss=2.4291|0.5968, acc=96.8367|84.0106, fr=0.2436, cin|cout=0.013058|0.037931|2.9048, lr=0.0000, time=09.614760
-----------------------------

Epoch 82: loss=2.4294|0.5978, acc=96.9103|83.8781, fr=0.2437, cin|cout=0.013058|0.037931|2.9048, lr=0.0000, time=09.517220
-----------------------------

Epoch 83: loss=2.4287|0.5920, acc=97.0574|83.2155, fr=0.2435, cin|cout=0.013058|0.037931|2.9048, lr=0.0000, time=09.548800
-----------------------------

Epoch 84: loss=2.4280|0.5739, acc=96.9961|84.1873, fr=0.2435, cin|cout=0.013058|0.037931|2.9048, lr=0.0000, time=09.540026
-----------------------------

Epoch 85: loss=2.4315|0.5956, acc=96.8612|83.4364, fr=0.2437, cin|cout=0.013058|0.037931|2.9048, lr=0.0000, time=09.556099
-----------------------------

Epoch 86: loss=2.4324|0.5914, acc=96.8367|83.6572, fr=0.2438, cin|cout=0.013058|0.037931|2.9048, lr=0.0000, time=09.493809
-----------------------------

Epoch 87: loss=2.4292|0.5868, acc=97.0696|83.2597, fr=0.2438, cin|cout=0.013058|0.037931|2.9047, lr=0.0000, time=09.584954
-----------------------------

Epoch 88: loss=2.4297|0.5665, acc=97.0942|84.1873, fr=0.2439, cin|cout=0.013058|0.037931|2.9047, lr=0.0000, time=09.465824
-----------------------------

Epoch 89: loss=2.4306|0.5747, acc=96.9593|84.1873, fr=0.2437, cin|cout=0.013058|0.037931|2.9047, lr=0.0000, time=09.588413
-----------------------------

Epoch 90: loss=2.4308|0.5810, acc=96.7018|83.7014, fr=0.2437, cin|cout=0.013058|0.037931|2.9047, lr=0.0000, time=09.521830
-----------------------------

Epoch 91: loss=2.4320|0.5890, acc=96.7631|83.7014, fr=0.2437, cin|cout=0.013058|0.037931|2.9047, lr=0.0000, time=09.561561
-----------------------------

Epoch 92: loss=2.4261|0.5776, acc=96.9470|84.6290, fr=0.2438, cin|cout=0.013058|0.037931|2.9047, lr=0.0000, time=09.568374
-----------------------------

Epoch 93: loss=2.4278|0.5749, acc=97.0083|84.5848, fr=0.2437, cin|cout=0.013058|0.037931|2.9047, lr=0.0000, time=09.528446
-----------------------------

Epoch 94: loss=2.4314|0.5827, acc=96.8244|84.1431, fr=0.2436, cin|cout=0.013058|0.037931|2.9047, lr=0.0000, time=09.503799
-----------------------------

Epoch 95: loss=2.4279|0.5832, acc=97.2168|83.7898, fr=0.2437, cin|cout=0.013058|0.037931|2.9047, lr=0.0000, time=09.464575
-----------------------------

Epoch 96: loss=2.4268|0.5895, acc=96.9348|83.7456, fr=0.2437, cin|cout=0.013058|0.037931|2.9047, lr=0.0000, time=09.538767
-----------------------------

Epoch 97: loss=2.4310|0.5819, acc=96.8857|84.8498, fr=0.2437, cin|cout=0.013058|0.037931|2.9047, lr=0.0000, time=09.570120
-----------------------------

Epoch 98: loss=2.4281|0.5906, acc=96.8857|83.3039, fr=0.2437, cin|cout=0.013058|0.037931|2.9047, lr=0.0000, time=09.563261
-----------------------------

Epoch 99: loss=2.4261|0.5948, acc=96.9348|83.8339, fr=0.2436, cin|cout=0.013058|0.037931|2.9047, lr=0.0000, time=09.489228
-----------------------------

Epoch 100: loss=2.4271|0.5838, acc=97.0942|83.9664, fr=0.2438, cin|cout=0.013058|0.037931|2.9047, lr=0.0000, time=09.544753
-----------------------------


Best valid acc at epoch 0: 85

------ Training finished ------


**************  Trial 3  **************
Epoch 0: cin|cout=0.001447|0.014576|10.0726
Epoch 1: loss=8.9927|2.9827, acc=21.4198|7.8622, fr=0.3917, cin|cout=0.008125|0.033302|4.0986, lr=0.0150, time=09.611328
-----------------------------

Epoch 2: loss=4.9503|2.4808, acc=15.1667|21.1572, fr=0.2727, cin|cout=0.011105|0.038170|3.4371, lr=0.0150, time=09.574915
-----------------------------

Epoch 3: loss=4.2900|1.9521, acc=28.3718|39.0459, fr=0.2381, cin|cout=0.012089|0.039600|3.2757, lr=0.0150, time=09.596882
-----------------------------

Epoch 4: loss=3.9089|1.4594, acc=38.5483|52.8710, fr=0.2213, cin|cout=0.012396|0.040337|3.2542, lr=0.0150, time=09.560345
-----------------------------

Epoch 5: loss=3.5052|1.2501, acc=52.2928|59.5406, fr=0.2237, cin|cout=0.012537|0.040843|3.2578, lr=0.0150, time=09.539969
-----------------------------

Epoch 6: loss=3.3341|0.9946, acc=57.9941|69.2138, fr=0.2191, cin|cout=0.012603|0.040927|3.2475, lr=0.0150, time=09.548677
-----------------------------

Epoch 7: loss=3.1925|0.9276, acc=64.4801|72.4382, fr=0.2158, cin|cout=0.012661|0.040952|3.2344, lr=0.0150, time=09.490874
-----------------------------

Epoch 8: loss=3.0883|0.8969, acc=69.1393|72.3940, fr=0.2109, cin|cout=0.012726|0.041068|3.2270, lr=0.0150, time=09.473372
-----------------------------

Epoch 9: loss=3.0022|0.7731, acc=72.3762|75.7951, fr=0.2189, cin|cout=0.012783|0.041396|3.2383, lr=0.0150, time=09.571111
-----------------------------

Epoch 10: loss=2.9138|0.7081, acc=76.1893|77.2085, fr=0.2105, cin|cout=0.012809|0.041740|3.2586, lr=0.0150, time=09.587500
-----------------------------

Epoch 11: loss=2.8501|0.6685, acc=78.5557|79.8145, fr=0.2134, cin|cout=0.012854|0.041669|3.2418, lr=0.0150, time=09.710446
-----------------------------

Epoch 12: loss=2.8173|0.7195, acc=80.3458|78.5336, fr=0.2093, cin|cout=0.012884|0.041581|3.2273, lr=0.0150, time=09.564454
-----------------------------

Epoch 13: loss=2.7748|0.6876, acc=81.9887|79.2845, fr=0.2042, cin|cout=0.012914|0.041609|3.2221, lr=0.0150, time=09.541554
-----------------------------

Epoch 14: loss=2.7577|0.6528, acc=82.6263|79.6820, fr=0.2026, cin|cout=0.012922|0.041783|3.2334, lr=0.0150, time=09.492863
-----------------------------

Epoch 15: loss=2.6777|0.5681, acc=86.6233|83.5689, fr=0.2029, cin|cout=0.012933|0.041869|3.2373, lr=0.0105, time=09.449059
-----------------------------

Epoch 16: loss=2.6453|0.6144, acc=88.2908|81.1396, fr=0.2066, cin|cout=0.012936|0.042112|3.2554, lr=0.0105, time=09.553500
-----------------------------

Epoch 17: loss=2.6146|0.5439, acc=89.2472|84.0548, fr=0.2050, cin|cout=0.012940|0.042251|3.2651, lr=0.0105, time=09.503696
-----------------------------

Epoch 18: loss=2.6072|0.5404, acc=89.5537|85.3357, fr=0.2054, cin|cout=0.012956|0.042232|3.2597, lr=0.0105, time=09.487646

Best model saved with valid acc=85.33568904593639
-----------------------------

Epoch 19: loss=2.5952|0.5836, acc=89.7989|83.5689, fr=0.2048, cin|cout=0.012968|0.042327|3.2640, lr=0.0105, time=09.694865
-----------------------------

Epoch 20: loss=2.5979|0.5826, acc=89.7744|82.2438, fr=0.2022, cin|cout=0.012965|0.042424|3.2722, lr=0.0105, time=09.526878
-----------------------------

Epoch 21: loss=2.5784|0.5519, acc=90.6204|83.8339, fr=0.2014, cin|cout=0.012973|0.042407|3.2689, lr=0.0105, time=09.583543
-----------------------------

Epoch 22: loss=2.5330|0.5077, acc=92.4595|85.9099, fr=0.2035, cin|cout=0.012980|0.042453|3.2706, lr=0.0073, time=09.542553

Best model saved with valid acc=85.90989399293287
-----------------------------

Epoch 23: loss=2.5166|0.5720, acc=93.2320|83.8339, fr=0.2066, cin|cout=0.012999|0.042383|3.2605, lr=0.0073, time=09.576175
-----------------------------

Epoch 24: loss=2.5137|0.5475, acc=93.6243|84.3640, fr=0.2097, cin|cout=0.013006|0.042380|3.2586, lr=0.0073, time=09.482715
-----------------------------

Epoch 25: loss=2.5157|0.6047, acc=93.1829|82.7297, fr=0.2043, cin|cout=0.013018|0.042396|3.2567, lr=0.0073, time=09.558578
-----------------------------

Epoch 26: loss=2.5028|0.6294, acc=93.5875|82.8180, fr=0.2049, cin|cout=0.013022|0.042413|3.2571, lr=0.0051, time=09.617001
-----------------------------

Epoch 27: loss=2.4904|0.5689, acc=94.2374|84.5406, fr=0.2049, cin|cout=0.013028|0.042457|3.2590, lr=0.0051, time=09.537257
-----------------------------

Epoch 28: loss=2.4779|0.5424, acc=94.6910|85.6449, fr=0.2062, cin|cout=0.013032|0.042446|3.2570, lr=0.0051, time=09.547402
-----------------------------

Epoch 29: loss=2.4686|0.5475, acc=95.2428|85.3799, fr=0.2065, cin|cout=0.013037|0.042423|3.2541, lr=0.0036, time=09.523324
-----------------------------

Epoch 30: loss=2.4680|0.5773, acc=95.1324|83.7898, fr=0.2069, cin|cout=0.013042|0.042433|3.2536, lr=0.0036, time=09.502030
-----------------------------

Epoch 31: loss=2.4710|0.5467, acc=95.0466|84.2756, fr=0.2067, cin|cout=0.013041|0.042472|3.2567, lr=0.0036, time=09.607335
-----------------------------

Epoch 32: loss=2.4596|0.5619, acc=95.7700|84.0989, fr=0.2069, cin|cout=0.013043|0.042488|3.2574, lr=0.0025, time=09.491788
-----------------------------

Epoch 33: loss=2.4555|0.5363, acc=95.7087|85.3799, fr=0.2092, cin|cout=0.013046|0.042482|3.2563, lr=0.0025, time=09.518930
-----------------------------

Epoch 34: loss=2.4560|0.5351, acc=95.6719|85.5565, fr=0.2086, cin|cout=0.013046|0.042485|3.2565, lr=0.0025, time=09.554476
-----------------------------

Epoch 35: loss=2.4505|0.5561, acc=95.8313|85.0265, fr=0.2089, cin|cout=0.013047|0.042497|3.2572, lr=0.0018, time=09.580929
-----------------------------

Epoch 36: loss=2.4481|0.5286, acc=95.9662|86.7049, fr=0.2084, cin|cout=0.013049|0.042491|3.2562, lr=0.0018, time=09.488902

Best model saved with valid acc=86.70494699646643
-----------------------------

Epoch 37: loss=2.4441|0.5705, acc=96.2359|84.4081, fr=0.2088, cin|cout=0.013052|0.042485|3.2551, lr=0.0018, time=09.640237
-----------------------------

Epoch 38: loss=2.4452|0.5512, acc=96.2482|84.7173, fr=0.2100, cin|cout=0.013054|0.042478|3.2539, lr=0.0018, time=09.525336
-----------------------------

Epoch 39: loss=2.4401|0.5358, acc=96.4689|85.2032, fr=0.2100, cin|cout=0.013055|0.042485|3.2544, lr=0.0018, time=09.529820
-----------------------------

Epoch 40: loss=2.4402|0.5609, acc=96.3095|84.7615, fr=0.2105, cin|cout=0.013057|0.042483|3.2536, lr=0.0012, time=09.567104
-----------------------------

Epoch 41: loss=2.4357|0.5323, acc=96.7509|85.9541, fr=0.2101, cin|cout=0.013059|0.042484|3.2534, lr=0.0012, time=09.713431
-----------------------------

Epoch 42: loss=2.4377|0.5556, acc=96.6037|84.9823, fr=0.2105, cin|cout=0.013059|0.042495|3.2540, lr=0.0012, time=09.526573
-----------------------------

Epoch 43: loss=2.4373|0.5560, acc=96.4811|85.5565, fr=0.2099, cin|cout=0.013059|0.042502|3.2546, lr=0.0009, time=09.520615
-----------------------------

Epoch 44: loss=2.4368|0.5690, acc=96.6160|85.6890, fr=0.2096, cin|cout=0.013061|0.042499|3.2540, lr=0.0009, time=09.523679
-----------------------------

Epoch 45: loss=2.4301|0.5572, acc=96.6528|85.2032, fr=0.2108, cin|cout=0.013062|0.042501|3.2538, lr=0.0009, time=09.467161
-----------------------------

Epoch 46: loss=2.4317|0.5391, acc=96.7754|85.2915, fr=0.2104, cin|cout=0.013062|0.042502|3.2538, lr=0.0006, time=09.562588
-----------------------------

Epoch 47: loss=2.4316|0.5469, acc=96.7876|85.1590, fr=0.2103, cin|cout=0.013064|0.042500|3.2533, lr=0.0006, time=09.477604
-----------------------------

Epoch 48: loss=2.4311|0.5530, acc=96.6650|85.2473, fr=0.2105, cin|cout=0.013064|0.042498|3.2530, lr=0.0006, time=09.573002
-----------------------------

Epoch 49: loss=2.4282|0.5486, acc=96.8489|85.6890, fr=0.2107, cin|cout=0.013065|0.042501|3.2531, lr=0.0004, time=09.602926
-----------------------------

Epoch 50: loss=2.4279|0.5432, acc=96.7999|85.4240, fr=0.2100, cin|cout=0.013065|0.042502|3.2532, lr=0.0004, time=09.612675
-----------------------------

Epoch 51: loss=2.4289|0.5573, acc=96.9103|84.4523, fr=0.2103, cin|cout=0.013066|0.042502|3.2529, lr=0.0004, time=09.627976
-----------------------------

Epoch 52: loss=2.4287|0.5482, acc=96.6896|85.6449, fr=0.2110, cin|cout=0.013066|0.042502|3.2529, lr=0.0003, time=09.488501
-----------------------------

Epoch 53: loss=2.4301|0.5628, acc=96.8122|84.7173, fr=0.2114, cin|cout=0.013067|0.042499|3.2524, lr=0.0003, time=09.512581
-----------------------------

Epoch 54: loss=2.4250|0.5558, acc=97.0329|86.0866, fr=0.2115, cin|cout=0.013068|0.042498|3.2522, lr=0.0003, time=09.522944
-----------------------------

Epoch 55: loss=2.4252|0.5515, acc=97.1064|85.6007, fr=0.2111, cin|cout=0.013068|0.042500|3.2523, lr=0.0002, time=09.465788
-----------------------------

Epoch 56: loss=2.4267|0.5536, acc=96.8367|84.4081, fr=0.2110, cin|cout=0.013068|0.042503|3.2525, lr=0.0002, time=09.635296
-----------------------------

Epoch 57: loss=2.4242|0.5446, acc=96.9225|86.4399, fr=0.2108, cin|cout=0.013068|0.042504|3.2525, lr=0.0002, time=09.500823
-----------------------------

Epoch 58: loss=2.4247|0.5650, acc=96.8980|85.0265, fr=0.2112, cin|cout=0.013068|0.042505|3.2525, lr=0.0001, time=09.489200
-----------------------------

Epoch 59: loss=2.4220|0.5500, acc=96.9593|85.6007, fr=0.2112, cin|cout=0.013068|0.042506|3.2526, lr=0.0001, time=09.505681
-----------------------------

Epoch 60: loss=2.4264|0.5437, acc=96.9225|85.2032, fr=0.2114, cin|cout=0.013069|0.042504|3.2524, lr=0.0001, time=09.524977
-----------------------------

Epoch 61: loss=2.4270|0.5521, acc=96.6650|85.0707, fr=0.2115, cin|cout=0.013069|0.042504|3.2523, lr=0.0001, time=09.596683
-----------------------------

Epoch 62: loss=2.4259|0.5524, acc=96.8122|84.5848, fr=0.2116, cin|cout=0.013069|0.042505|3.2523, lr=0.0001, time=09.511079
-----------------------------

Epoch 63: loss=2.4264|0.5554, acc=96.8612|85.3357, fr=0.2118, cin|cout=0.013069|0.042504|3.2522, lr=0.0001, time=09.519520
-----------------------------

Epoch 64: loss=2.4225|0.5421, acc=97.0329|84.7173, fr=0.2119, cin|cout=0.013069|0.042503|3.2521, lr=0.0001, time=09.562953
-----------------------------

Epoch 65: loss=2.4279|0.5443, acc=97.0451|84.7615, fr=0.2120, cin|cout=0.013070|0.042503|3.2521, lr=0.0001, time=09.532891
-----------------------------

Epoch 66: loss=2.4214|0.5390, acc=97.1309|85.6890, fr=0.2119, cin|cout=0.013070|0.042502|3.2519, lr=0.0001, time=09.538966
-----------------------------

Epoch 67: loss=2.4282|0.5368, acc=96.8122|85.8216, fr=0.2119, cin|cout=0.013070|0.042502|3.2519, lr=0.0000, time=09.538119
-----------------------------

Epoch 68: loss=2.4203|0.5597, acc=97.2658|85.2915, fr=0.2119, cin|cout=0.013070|0.042502|3.2519, lr=0.0000, time=09.518873
-----------------------------

Epoch 69: loss=2.4239|0.5646, acc=96.8612|84.4523, fr=0.2119, cin|cout=0.013070|0.042502|3.2519, lr=0.0000, time=09.575052
-----------------------------

Epoch 70: loss=2.4245|0.5567, acc=97.0942|84.5848, fr=0.2118, cin|cout=0.013070|0.042502|3.2518, lr=0.0000, time=09.557730
-----------------------------

Epoch 71: loss=2.4246|0.5535, acc=96.9838|85.5565, fr=0.2120, cin|cout=0.013070|0.042502|3.2518, lr=0.0000, time=09.607037
-----------------------------

Epoch 72: loss=2.4229|0.5621, acc=97.0574|84.8940, fr=0.2119, cin|cout=0.013070|0.042502|3.2518, lr=0.0000, time=09.477532
-----------------------------

Epoch 73: loss=2.4236|0.5509, acc=97.1923|85.4240, fr=0.2119, cin|cout=0.013070|0.042502|3.2518, lr=0.0000, time=09.537006
-----------------------------

Epoch 74: loss=2.4209|0.5414, acc=97.1923|85.5124, fr=0.2120, cin|cout=0.013070|0.042502|3.2518, lr=0.0000, time=09.537728
-----------------------------

Epoch 75: loss=2.4216|0.5459, acc=97.1923|85.0265, fr=0.2119, cin|cout=0.013070|0.042503|3.2518, lr=0.0000, time=09.556019
-----------------------------

Epoch 76: loss=2.4234|0.5555, acc=96.8735|85.1148, fr=0.2121, cin|cout=0.013070|0.042502|3.2518, lr=0.0000, time=09.657700
-----------------------------

Epoch 77: loss=2.4218|0.5478, acc=97.1432|84.6731, fr=0.2120, cin|cout=0.013070|0.042502|3.2518, lr=0.0000, time=09.580923
-----------------------------

Epoch 78: loss=2.4241|0.5515, acc=96.8735|84.7173, fr=0.2119, cin|cout=0.013070|0.042502|3.2518, lr=0.0000, time=09.511556
-----------------------------

Epoch 79: loss=2.4254|0.5562, acc=96.9225|84.8057, fr=0.2121, cin|cout=0.013070|0.042502|3.2518, lr=0.0000, time=09.607898
-----------------------------

Epoch 80: loss=2.4263|0.5285, acc=96.9470|85.6449, fr=0.2121, cin|cout=0.013070|0.042502|3.2518, lr=0.0000, time=09.488542
-----------------------------

Epoch 81: loss=2.4241|0.5546, acc=96.9470|85.1590, fr=0.2121, cin|cout=0.013071|0.042502|3.2518, lr=0.0000, time=09.650567
-----------------------------

Epoch 82: loss=2.4228|0.5549, acc=96.9593|84.4081, fr=0.2120, cin|cout=0.013071|0.042502|3.2518, lr=0.0000, time=09.580600
-----------------------------

Epoch 83: loss=2.4252|0.5491, acc=97.1187|85.1590, fr=0.2120, cin|cout=0.013071|0.042502|3.2518, lr=0.0000, time=09.565293
-----------------------------

Epoch 84: loss=2.4241|0.5473, acc=96.9348|85.5124, fr=0.2119, cin|cout=0.013071|0.042502|3.2518, lr=0.0000, time=09.507623
-----------------------------

Epoch 85: loss=2.4241|0.5536, acc=96.9470|85.6890, fr=0.2121, cin|cout=0.013071|0.042502|3.2518, lr=0.0000, time=09.485851
-----------------------------

Epoch 86: loss=2.4250|0.5570, acc=96.8735|85.3357, fr=0.2120, cin|cout=0.013071|0.042502|3.2518, lr=0.0000, time=09.613639
-----------------------------

Epoch 87: loss=2.4202|0.5437, acc=97.1800|85.2915, fr=0.2121, cin|cout=0.013071|0.042502|3.2518, lr=0.0000, time=09.539412
-----------------------------

Epoch 88: loss=2.4242|0.5389, acc=96.8489|86.0866, fr=0.2121, cin|cout=0.013071|0.042502|3.2518, lr=0.0000, time=09.536027
-----------------------------

Epoch 89: loss=2.4252|0.5398, acc=96.7018|86.0866, fr=0.2119, cin|cout=0.013071|0.042502|3.2518, lr=0.0000, time=09.533932
-----------------------------

Epoch 90: loss=2.4213|0.5396, acc=97.0083|85.8657, fr=0.2120, cin|cout=0.013071|0.042502|3.2518, lr=0.0000, time=09.573306
-----------------------------

Epoch 91: loss=2.4254|0.5541, acc=96.8367|85.1148, fr=0.2120, cin|cout=0.013071|0.042502|3.2518, lr=0.0000, time=09.631695
-----------------------------

Epoch 92: loss=2.4259|0.5529, acc=97.0819|85.3799, fr=0.2122, cin|cout=0.013071|0.042502|3.2518, lr=0.0000, time=09.517636
-----------------------------

Epoch 93: loss=2.4220|0.5564, acc=97.0329|84.9382, fr=0.2120, cin|cout=0.013071|0.042502|3.2518, lr=0.0000, time=09.572745
-----------------------------

Epoch 94: loss=2.4228|0.5459, acc=97.0574|85.2473, fr=0.2120, cin|cout=0.013071|0.042502|3.2518, lr=0.0000, time=09.610995
-----------------------------

Epoch 95: loss=2.4241|0.5565, acc=96.8122|85.4682, fr=0.2120, cin|cout=0.013071|0.042502|3.2518, lr=0.0000, time=09.470351
-----------------------------

Epoch 96: loss=2.4232|0.5534, acc=97.0451|85.4240, fr=0.2120, cin|cout=0.013071|0.042502|3.2518, lr=0.0000, time=09.577274
-----------------------------

Epoch 97: loss=2.4230|0.5405, acc=97.0819|85.7332, fr=0.2120, cin|cout=0.013071|0.042502|3.2518, lr=0.0000, time=09.575469
-----------------------------

Epoch 98: loss=2.4248|0.5547, acc=96.9225|85.2915, fr=0.2120, cin|cout=0.013071|0.042502|3.2518, lr=0.0000, time=09.514358
-----------------------------

Epoch 99: loss=2.4216|0.5407, acc=97.3026|85.2915, fr=0.2120, cin|cout=0.013071|0.042502|3.2518, lr=0.0000, time=09.514341
-----------------------------

Epoch 100: loss=2.4269|0.5451, acc=96.7386|85.2915, fr=0.2120, cin|cout=0.013071|0.042502|3.2518, lr=0.0000, time=09.582805
-----------------------------


Best valid acc at epoch 36: 86.70494699646643

------ Training finished ------


**************  Trial 4  **************
Epoch 0: cin|cout=0.001483|0.014462|9.7509
Epoch 1: loss=9.6004|2.9652, acc=20.5002|7.4647, fr=0.4259, cin|cout=0.007728|0.032489|4.2043, lr=0.0150, time=09.713423
-----------------------------

Epoch 2: loss=5.1073|2.2679, acc=17.9990|30.6537, fr=0.3325, cin|cout=0.010522|0.038650|3.6732, lr=0.0150, time=09.537041
-----------------------------

Epoch 3: loss=4.4129|1.8476, acc=29.6837|43.9929, fr=0.2808, cin|cout=0.011485|0.040566|3.5322, lr=0.0150, time=09.508008
-----------------------------

Epoch 4: loss=3.8863|1.7519, acc=44.6052|41.4311, fr=0.2579, cin|cout=0.011793|0.041128|3.4875, lr=0.0150, time=09.546560
-----------------------------

Epoch 5: loss=3.6570|1.1801, acc=48.4919|60.0265, fr=0.2449, cin|cout=0.011898|0.041894|3.5211, lr=0.0150, time=09.506531
-----------------------------

Epoch 6: loss=3.4053|1.0443, acc=59.2938|64.4876, fr=0.2428, cin|cout=0.011976|0.042095|3.5149, lr=0.0150, time=09.539572
-----------------------------

Epoch 7: loss=3.2750|0.8320, acc=65.9760|76.1042, fr=0.2398, cin|cout=0.011989|0.042354|3.5326, lr=0.0150, time=09.521333
-----------------------------

Epoch 8: loss=3.1695|0.8239, acc=69.5316|75.3092, fr=0.2314, cin|cout=0.012031|0.042295|3.5154, lr=0.0150, time=09.539750
-----------------------------

Epoch 9: loss=3.1007|0.7390, acc=72.9769|77.7827, fr=0.2282, cin|cout=0.012044|0.042271|3.5096, lr=0.0150, time=09.603743
-----------------------------

Epoch 10: loss=3.0240|0.8073, acc=76.5449|74.9558, fr=0.2293, cin|cout=0.012058|0.042244|3.5034, lr=0.0150, time=09.543516
-----------------------------

Epoch 11: loss=3.0075|0.6734, acc=77.5625|79.4611, fr=0.2244, cin|cout=0.012084|0.042146|3.4877, lr=0.0150, time=09.614434
-----------------------------

Epoch 12: loss=2.9533|0.6414, acc=79.4017|81.0954, fr=0.2207, cin|cout=0.012092|0.042301|3.4982, lr=0.0150, time=09.529281
-----------------------------

Epoch 13: loss=2.9239|0.6584, acc=81.0324|79.8587, fr=0.2209, cin|cout=0.012105|0.042324|3.4964, lr=0.0150, time=09.510472
-----------------------------

Epoch 14: loss=2.8562|0.6442, acc=83.9382|80.4329, fr=0.2247, cin|cout=0.012127|0.042258|3.4847, lr=0.0150, time=09.505993
-----------------------------

Epoch 15: loss=2.8508|0.6674, acc=84.2447|79.4611, fr=0.2200, cin|cout=0.012140|0.042333|3.4871, lr=0.0150, time=09.522395
-----------------------------

Epoch 16: loss=2.8041|0.5884, acc=85.9613|83.1714, fr=0.2165, cin|cout=0.012154|0.042317|3.4818, lr=0.0105, time=09.595802
-----------------------------

Epoch 17: loss=2.7557|0.5851, acc=88.6954|81.9346, fr=0.2229, cin|cout=0.012163|0.042284|3.4763, lr=0.0105, time=09.534789
-----------------------------

Epoch 18: loss=2.7515|0.6039, acc=88.6709|82.5530, fr=0.2214, cin|cout=0.012177|0.042221|3.4672, lr=0.0105, time=09.524683
-----------------------------

Epoch 19: loss=2.7453|0.5725, acc=89.0878|83.0389, fr=0.2193, cin|cout=0.012173|0.042295|3.4746, lr=0.0105, time=09.558264
-----------------------------

Epoch 20: loss=2.7228|0.5706, acc=90.1422|84.0548, fr=0.2218, cin|cout=0.012179|0.042328|3.4755, lr=0.0073, time=09.511081
-----------------------------

Epoch 21: loss=2.7007|0.5514, acc=91.1721|84.0989, fr=0.2213, cin|cout=0.012182|0.042384|3.4792, lr=0.0073, time=09.610938
-----------------------------

Epoch 22: loss=2.6985|0.6231, acc=91.2089|81.4046, fr=0.2223, cin|cout=0.012181|0.042425|3.4828, lr=0.0073, time=09.494339
-----------------------------

Epoch 23: loss=2.7066|0.5424, acc=90.1913|84.3198, fr=0.2204, cin|cout=0.012187|0.042447|3.4831, lr=0.0073, time=09.506052
-----------------------------

Epoch 24: loss=2.6811|0.5539, acc=91.2825|84.0548, fr=0.2194, cin|cout=0.012192|0.042453|3.4822, lr=0.0073, time=09.538705
-----------------------------

Epoch 25: loss=2.6766|0.5458, acc=91.8220|84.4081, fr=0.2209, cin|cout=0.012197|0.042435|3.4791, lr=0.0073, time=09.601502
-----------------------------

Epoch 26: loss=2.6608|0.5561, acc=92.3247|84.1431, fr=0.2207, cin|cout=0.012206|0.042410|3.4744, lr=0.0073, time=09.557107
-----------------------------

Epoch 27: loss=2.6439|0.6229, acc=93.3055|82.4205, fr=0.2241, cin|cout=0.012206|0.042433|3.4765, lr=0.0073, time=09.520253
-----------------------------

Epoch 28: loss=2.6508|0.6028, acc=93.0358|82.1555, fr=0.2252, cin|cout=0.012214|0.042403|3.4715, lr=0.0073, time=09.544725
-----------------------------

Epoch 29: loss=2.6316|0.5610, acc=93.8695|83.9223, fr=0.2253, cin|cout=0.012222|0.042378|3.4673, lr=0.0051, time=09.535607
-----------------------------

Epoch 30: loss=2.6218|0.5987, acc=94.0657|82.6413, fr=0.2262, cin|cout=0.012226|0.042379|3.4664, lr=0.0051, time=09.547561
-----------------------------

Epoch 31: loss=2.6171|0.5365, acc=94.0167|84.9382, fr=0.2274, cin|cout=0.012229|0.042398|3.4669, lr=0.0051, time=09.626472
-----------------------------

Epoch 32: loss=2.6180|0.5777, acc=94.1148|83.8339, fr=0.2288, cin|cout=0.012230|0.042412|3.4678, lr=0.0051, time=09.604409
-----------------------------

Epoch 33: loss=2.6116|0.6354, acc=94.2864|81.5813, fr=0.2273, cin|cout=0.012235|0.042401|3.4654, lr=0.0051, time=09.593222
-----------------------------

Epoch 34: loss=2.6121|0.5580, acc=94.3968|84.6731, fr=0.2274, cin|cout=0.012237|0.042396|3.4646, lr=0.0051, time=09.496106
-----------------------------

Epoch 35: loss=2.6118|0.6032, acc=94.1393|82.8180, fr=0.2263, cin|cout=0.012238|0.042397|3.4645, lr=0.0036, time=09.521214
-----------------------------

Epoch 36: loss=2.6023|0.5673, acc=94.5807|83.7898, fr=0.2268, cin|cout=0.012240|0.042420|3.4656, lr=0.0036, time=09.505096
-----------------------------

Epoch 37: loss=2.5930|0.5683, acc=95.1202|83.4806, fr=0.2305, cin|cout=0.012241|0.042444|3.4675, lr=0.0036, time=09.572067
-----------------------------

Epoch 38: loss=2.5861|0.5728, acc=95.3531|83.7014, fr=0.2309, cin|cout=0.012238|0.042472|3.4704, lr=0.0025, time=09.516829
-----------------------------

Epoch 39: loss=2.5830|0.5721, acc=95.8681|84.3198, fr=0.2330, cin|cout=0.012238|0.042500|3.4726, lr=0.0025, time=09.559539
-----------------------------

Epoch 40: loss=2.5841|0.5812, acc=95.7087|84.3640, fr=0.2303, cin|cout=0.012242|0.042496|3.4714, lr=0.0025, time=09.539417
-----------------------------

Epoch 41: loss=2.5851|0.5400, acc=95.7700|85.6890, fr=0.2294, cin|cout=0.012240|0.042518|3.4738, lr=0.0018, time=09.613108

Best model saved with valid acc=85.68904593639576
-----------------------------

Epoch 42: loss=2.5772|0.5572, acc=95.8803|84.8057, fr=0.2297, cin|cout=0.012239|0.042531|3.4749, lr=0.0018, time=09.614783
-----------------------------

Epoch 43: loss=2.5731|0.5799, acc=96.1010|84.0548, fr=0.2314, cin|cout=0.012240|0.042536|3.4750, lr=0.0018, time=09.534316
-----------------------------

Epoch 44: loss=2.5728|0.5323, acc=96.0520|86.1307, fr=0.2318, cin|cout=0.012241|0.042543|3.4755, lr=0.0018, time=09.579534

Best model saved with valid acc=86.13074204946996
-----------------------------

Epoch 45: loss=2.5693|0.5800, acc=96.0152|84.7615, fr=0.2330, cin|cout=0.012243|0.042556|3.4761, lr=0.0018, time=09.575585
-----------------------------

Epoch 46: loss=2.5680|0.5642, acc=96.0152|83.6131, fr=0.2337, cin|cout=0.012242|0.042567|3.4772, lr=0.0018, time=09.563483
-----------------------------

Epoch 47: loss=2.5648|0.5895, acc=96.2849|83.0830, fr=0.2344, cin|cout=0.012241|0.042576|3.4783, lr=0.0018, time=09.555826
-----------------------------

Epoch 48: loss=2.5624|0.5454, acc=96.5792|85.3799, fr=0.2357, cin|cout=0.012241|0.042580|3.4784, lr=0.0012, time=09.527487
-----------------------------

Epoch 49: loss=2.5633|0.5528, acc=96.3953|85.0707, fr=0.2352, cin|cout=0.012243|0.042592|3.4789, lr=0.0012, time=09.506957
-----------------------------

Epoch 50: loss=2.5633|0.5456, acc=96.3217|85.3799, fr=0.2358, cin|cout=0.012243|0.042603|3.4798, lr=0.0012, time=09.556890
-----------------------------

Epoch 51: loss=2.5606|0.5640, acc=96.2849|84.2314, fr=0.2366, cin|cout=0.012244|0.042603|3.4796, lr=0.0009, time=09.625418
-----------------------------

Epoch 52: loss=2.5594|0.5441, acc=96.6650|85.3799, fr=0.2363, cin|cout=0.012244|0.042617|3.4807, lr=0.0009, time=09.536874
-----------------------------

Epoch 53: loss=2.5591|0.5540, acc=96.6160|84.7615, fr=0.2367, cin|cout=0.012245|0.042618|3.4803, lr=0.0009, time=09.538975
-----------------------------

Epoch 54: loss=2.5578|0.5617, acc=96.6405|83.8339, fr=0.2373, cin|cout=0.012246|0.042618|3.4801, lr=0.0006, time=09.558347
-----------------------------

Epoch 55: loss=2.5588|0.5686, acc=96.3830|84.5406, fr=0.2373, cin|cout=0.012247|0.042619|3.4799, lr=0.0006, time=09.570659
-----------------------------

Epoch 56: loss=2.5565|0.5511, acc=96.6037|85.5124, fr=0.2375, cin|cout=0.012247|0.042625|3.4803, lr=0.0006, time=09.470906
-----------------------------

Epoch 57: loss=2.5521|0.5651, acc=96.7999|84.4523, fr=0.2384, cin|cout=0.012247|0.042627|3.4805, lr=0.0004, time=09.508168
-----------------------------

Epoch 58: loss=2.5532|0.5652, acc=96.6282|84.2756, fr=0.2390, cin|cout=0.012248|0.042626|3.4804, lr=0.0004, time=09.524487
-----------------------------

Epoch 59: loss=2.5547|0.5635, acc=96.5302|84.8940, fr=0.2384, cin|cout=0.012248|0.042629|3.4805, lr=0.0004, time=09.569873
-----------------------------

Epoch 60: loss=2.5556|0.5499, acc=96.5669|84.5848, fr=0.2386, cin|cout=0.012248|0.042635|3.4810, lr=0.0003, time=09.524448
-----------------------------

Epoch 61: loss=2.5572|0.5648, acc=96.6650|84.4965, fr=0.2389, cin|cout=0.012247|0.042640|3.4816, lr=0.0003, time=09.570647
-----------------------------

Epoch 62: loss=2.5536|0.5564, acc=96.7141|84.6731, fr=0.2387, cin|cout=0.012247|0.042643|3.4818, lr=0.0003, time=09.625312
-----------------------------

Epoch 63: loss=2.5543|0.5699, acc=96.7018|84.4081, fr=0.2390, cin|cout=0.012248|0.042643|3.4818, lr=0.0002, time=09.567902
-----------------------------

Epoch 64: loss=2.5546|0.5498, acc=96.5669|84.7173, fr=0.2392, cin|cout=0.012248|0.042643|3.4817, lr=0.0002, time=09.599142
-----------------------------

Epoch 65: loss=2.5524|0.5649, acc=96.9838|84.6290, fr=0.2393, cin|cout=0.012248|0.042645|3.4819, lr=0.0002, time=09.548512
-----------------------------

Epoch 66: loss=2.5543|0.5643, acc=96.7509|84.2756, fr=0.2394, cin|cout=0.012248|0.042647|3.4820, lr=0.0001, time=09.557586
-----------------------------

Epoch 67: loss=2.5549|0.5644, acc=96.7141|84.4081, fr=0.2392, cin|cout=0.012248|0.042647|3.4821, lr=0.0001, time=09.552214
-----------------------------

Epoch 68: loss=2.5514|0.5602, acc=96.8735|84.4965, fr=0.2396, cin|cout=0.012248|0.042650|3.4823, lr=0.0001, time=09.538210
-----------------------------

Epoch 69: loss=2.5530|0.5643, acc=96.5424|84.5848, fr=0.2398, cin|cout=0.012248|0.042651|3.4823, lr=0.0001, time=09.592077
-----------------------------

Epoch 70: loss=2.5542|0.5662, acc=96.5547|83.7898, fr=0.2396, cin|cout=0.012248|0.042653|3.4825, lr=0.0001, time=09.550660
-----------------------------

Epoch 71: loss=2.5505|0.5545, acc=96.8980|84.2756, fr=0.2398, cin|cout=0.012248|0.042655|3.4826, lr=0.0001, time=09.581796
-----------------------------

Epoch 72: loss=2.5532|0.5510, acc=96.6773|84.5848, fr=0.2398, cin|cout=0.012248|0.042656|3.4827, lr=0.0001, time=09.514916
-----------------------------

Epoch 73: loss=2.5509|0.5601, acc=96.9348|85.3357, fr=0.2398, cin|cout=0.012248|0.042657|3.4828, lr=0.0001, time=09.584248
-----------------------------

Epoch 74: loss=2.5519|0.5599, acc=96.9470|85.1148, fr=0.2399, cin|cout=0.012248|0.042657|3.4828, lr=0.0001, time=09.527251
-----------------------------

Epoch 75: loss=2.5492|0.5557, acc=96.9716|84.8057, fr=0.2399, cin|cout=0.012248|0.042657|3.4827, lr=0.0000, time=09.538205
-----------------------------

Epoch 76: loss=2.5510|0.5649, acc=96.8244|84.1873, fr=0.2399, cin|cout=0.012248|0.042657|3.4827, lr=0.0000, time=09.523254
-----------------------------

Epoch 77: loss=2.5523|0.5580, acc=96.7999|84.4081, fr=0.2397, cin|cout=0.012248|0.042657|3.4828, lr=0.0000, time=09.565837
-----------------------------

Epoch 78: loss=2.5516|0.5683, acc=96.7141|84.4081, fr=0.2397, cin|cout=0.012248|0.042658|3.4828, lr=0.0000, time=09.570427
-----------------------------

Epoch 79: loss=2.5513|0.5647, acc=96.8735|84.6731, fr=0.2399, cin|cout=0.012248|0.042659|3.4829, lr=0.0000, time=09.539440
-----------------------------

Epoch 80: loss=2.5493|0.5726, acc=96.9348|84.0106, fr=0.2401, cin|cout=0.012248|0.042659|3.4829, lr=0.0000, time=09.536576
-----------------------------

Epoch 81: loss=2.5521|0.5526, acc=96.7754|84.8057, fr=0.2399, cin|cout=0.012248|0.042659|3.4829, lr=0.0000, time=09.632677
-----------------------------

Epoch 82: loss=2.5493|0.5601, acc=96.7509|84.2756, fr=0.2399, cin|cout=0.012248|0.042659|3.4829, lr=0.0000, time=09.563231
-----------------------------

Epoch 83: loss=2.5530|0.5588, acc=96.8489|85.0707, fr=0.2399, cin|cout=0.012248|0.042659|3.4829, lr=0.0000, time=09.537603
-----------------------------

Epoch 84: loss=2.5521|0.5627, acc=96.6528|83.6131, fr=0.2399, cin|cout=0.012248|0.042659|3.4829, lr=0.0000, time=09.603375
-----------------------------

Epoch 85: loss=2.5535|0.5656, acc=96.6896|84.6290, fr=0.2400, cin|cout=0.012248|0.042660|3.4829, lr=0.0000, time=09.564600
-----------------------------

Epoch 86: loss=2.5494|0.5551, acc=96.9593|84.9382, fr=0.2401, cin|cout=0.012248|0.042660|3.4830, lr=0.0000, time=09.512142
-----------------------------

Epoch 87: loss=2.5541|0.5422, acc=96.6405|86.1307, fr=0.2401, cin|cout=0.012248|0.042660|3.4830, lr=0.0000, time=09.537818
-----------------------------

Epoch 88: loss=2.5524|0.5583, acc=96.6896|84.1873, fr=0.2400, cin|cout=0.012248|0.042660|3.4830, lr=0.0000, time=09.483100
-----------------------------

Epoch 89: loss=2.5511|0.5713, acc=96.8489|84.4523, fr=0.2400, cin|cout=0.012248|0.042661|3.4830, lr=0.0000, time=09.549309
-----------------------------

Epoch 90: loss=2.5516|0.5653, acc=96.8980|84.5406, fr=0.2401, cin|cout=0.012248|0.042661|3.4831, lr=0.0000, time=09.519779
-----------------------------

Epoch 91: loss=2.5505|0.5559, acc=96.7876|85.2915, fr=0.2399, cin|cout=0.012248|0.042661|3.4831, lr=0.0000, time=09.641407
-----------------------------

Epoch 92: loss=2.5510|0.5658, acc=96.8489|84.8940, fr=0.2401, cin|cout=0.012248|0.042661|3.4831, lr=0.0000, time=09.605578
-----------------------------

Epoch 93: loss=2.5514|0.5563, acc=96.7386|84.8498, fr=0.2400, cin|cout=0.012248|0.042661|3.4831, lr=0.0000, time=09.489946
-----------------------------

Epoch 94: loss=2.5502|0.5645, acc=96.9225|84.8940, fr=0.2402, cin|cout=0.012248|0.042661|3.4831, lr=0.0000, time=09.581027
-----------------------------

Epoch 95: loss=2.5496|0.5638, acc=97.0819|84.5848, fr=0.2400, cin|cout=0.012248|0.042661|3.4831, lr=0.0000, time=09.504874
-----------------------------

Epoch 96: loss=2.5489|0.5600, acc=97.0329|84.6290, fr=0.2401, cin|cout=0.012248|0.042661|3.4831, lr=0.0000, time=09.478632
-----------------------------

Epoch 97: loss=2.5479|0.5584, acc=96.9225|84.4523, fr=0.2401, cin|cout=0.012248|0.042661|3.4831, lr=0.0000, time=09.537534
-----------------------------

Epoch 98: loss=2.5498|0.5784, acc=97.0083|84.1431, fr=0.2401, cin|cout=0.012248|0.042661|3.4831, lr=0.0000, time=09.526643
-----------------------------

Epoch 99: loss=2.5521|0.5606, acc=96.8489|84.4965, fr=0.2401, cin|cout=0.012248|0.042661|3.4831, lr=0.0000, time=09.571530
-----------------------------

Epoch 100: loss=2.5507|0.5633, acc=96.8857|84.2314, fr=0.2402, cin|cout=0.012248|0.042661|3.4831, lr=0.0000, time=09.548611
-----------------------------


Best valid acc at epoch 44: 86.13074204946996

------ Training finished ------


**************  Trial 5  **************
Epoch 0: cin|cout=0.001484|0.015367|10.3525
Epoch 1: loss=11.4387|3.2838, acc=19.3722|8.8339, fr=0.4804, cin|cout=0.007749|0.034235|4.4180, lr=0.0150, time=09.598034
-----------------------------

Epoch 2: loss=7.7554|2.7379, acc=13.0579|18.4187, fr=0.3424, cin|cout=0.010359|0.039852|3.8472, lr=0.0150, time=09.518527
-----------------------------

Epoch 3: loss=7.2520|2.1320, acc=21.8857|34.4523, fr=0.3317, cin|cout=0.011273|0.042061|3.7312, lr=0.0150, time=09.563609
-----------------------------

Epoch 4: loss=6.8455|1.7655, acc=34.5267|45.9364, fr=0.3351, cin|cout=0.011624|0.042801|3.6821, lr=0.0150, time=09.516088
-----------------------------

Epoch 5: loss=6.7964|2.0646, acc=39.9583|35.9541, fr=0.3448, cin|cout=0.012024|0.043151|3.5888, lr=0.0150, time=09.550317
-----------------------------

Epoch 6: loss=7.0636|1.5700, acc=34.4041|49.4258, fr=0.3748, cin|cout=0.012717|0.043422|3.4145, lr=0.0150, time=09.564339
-----------------------------

Epoch 7: loss=6.5270|1.1763, acc=50.2697|62.8975, fr=0.3910, cin|cout=0.012965|0.043157|3.3288, lr=0.0150, time=09.587566
-----------------------------

Epoch 8: loss=6.2983|0.9292, acc=59.1466|70.4064, fr=0.3815, cin|cout=0.013046|0.043093|3.3031, lr=0.0150, time=09.537897
-----------------------------

Epoch 9: loss=6.1721|0.8808, acc=64.2104|71.1572, fr=0.3735, cin|cout=0.013062|0.043231|3.3097, lr=0.0150, time=09.517268
-----------------------------

Epoch 10: loss=6.0877|0.8349, acc=68.5262|74.7350, fr=0.3648, cin|cout=0.013069|0.043361|3.3178, lr=0.0150, time=09.530923
-----------------------------

Epoch 11: loss=6.0301|0.7949, acc=70.7700|76.3251, fr=0.3632, cin|cout=0.013070|0.043511|3.3291, lr=0.0150, time=09.590663
-----------------------------

Epoch 12: loss=5.9906|0.7998, acc=72.3271|75.0883, fr=0.3570, cin|cout=0.013083|0.043613|3.3336, lr=0.0150, time=09.500255
-----------------------------

Epoch 13: loss=5.9099|0.7009, acc=75.1839|78.2686, fr=0.3488, cin|cout=0.013093|0.043696|3.3375, lr=0.0150, time=09.530831
-----------------------------

Epoch 14: loss=5.4009|0.6363, acc=78.7641|81.0954, fr=0.3327, cin|cout=0.013157|0.043988|3.3434, lr=0.0150, time=09.582185
-----------------------------

Epoch 15: loss=5.3480|0.6039, acc=81.1059|82.8180, fr=0.3324, cin|cout=0.013189|0.044071|3.3415, lr=0.0150, time=09.522517
-----------------------------

Epoch 16: loss=5.3275|0.5694, acc=82.3811|83.0830, fr=0.3322, cin|cout=0.013199|0.044115|3.3423, lr=0.0150, time=09.523752
-----------------------------

Epoch 17: loss=5.2927|0.5937, acc=83.8401|81.0512, fr=0.3328, cin|cout=0.013196|0.044228|3.3518, lr=0.0150, time=09.560906
-----------------------------

Epoch 18: loss=5.2779|0.5800, acc=84.1834|82.8180, fr=0.3291, cin|cout=0.013211|0.044162|3.3427, lr=0.0150, time=09.521952
-----------------------------

Epoch 19: loss=5.2472|0.5775, acc=85.0907|83.8339, fr=0.3283, cin|cout=0.013212|0.044259|3.3499, lr=0.0150, time=09.561427
-----------------------------

Epoch 20: loss=5.2556|0.5970, acc=85.0662|82.2438, fr=0.3290, cin|cout=0.013227|0.044176|3.3398, lr=0.0150, time=09.556278
-----------------------------

Epoch 21: loss=5.2473|0.5379, acc=84.8946|84.9823, fr=0.3237, cin|cout=0.013232|0.044238|3.3433, lr=0.0150, time=09.662066
-----------------------------

Epoch 22: loss=5.1732|0.5484, acc=88.5360|83.5247, fr=0.3278, cin|cout=0.013246|0.044199|3.3369, lr=0.0150, time=09.559433
-----------------------------

Epoch 23: loss=5.1654|0.5574, acc=88.3889|83.3481, fr=0.3299, cin|cout=0.013272|0.044227|3.3325, lr=0.0150, time=09.533535
-----------------------------

Epoch 24: loss=5.1614|0.5174, acc=88.5974|85.6890, fr=0.3272, cin|cout=0.013297|0.044229|3.3263, lr=0.0150, time=09.505125

Best model saved with valid acc=85.68904593639576
-----------------------------

Epoch 25: loss=5.1447|0.5860, acc=89.1736|83.5247, fr=0.3242, cin|cout=0.013301|0.044289|3.3298, lr=0.0150, time=09.638593
-----------------------------

Epoch 26: loss=5.1134|0.5222, acc=90.4487|85.0265, fr=0.3272, cin|cout=0.013303|0.044376|3.3358, lr=0.0150, time=09.544921
-----------------------------

Epoch 27: loss=5.1162|0.5507, acc=90.0809|85.2915, fr=0.3273, cin|cout=0.013317|0.044323|3.3284, lr=0.0150, time=09.554296
-----------------------------

Epoch 28: loss=5.0826|0.4945, acc=91.4909|87.0141, fr=0.3235, cin|cout=0.013314|0.044431|3.3372, lr=0.0105, time=09.551450

Best model saved with valid acc=87.01413427561837
-----------------------------

Epoch 29: loss=5.0667|0.5591, acc=92.4841|83.7456, fr=0.3225, cin|cout=0.013314|0.044463|3.3396, lr=0.0105, time=09.690763
-----------------------------

Epoch 30: loss=5.0580|0.5232, acc=92.7661|85.6890, fr=0.3231, cin|cout=0.013317|0.044531|3.3440, lr=0.0105, time=09.564790
-----------------------------

Epoch 31: loss=5.0579|0.5483, acc=92.9009|85.0265, fr=0.3228, cin|cout=0.013320|0.044501|3.3409, lr=0.0105, time=09.636551
-----------------------------

Epoch 32: loss=5.0389|0.4988, acc=93.5875|86.1749, fr=0.3220, cin|cout=0.013326|0.044490|3.3386, lr=0.0073, time=09.602159
-----------------------------

Epoch 33: loss=5.0235|0.4990, acc=94.4090|86.8375, fr=0.3211, cin|cout=0.013325|0.044516|3.3409, lr=0.0073, time=09.519135
-----------------------------

Epoch 34: loss=5.0161|0.5114, acc=94.5316|86.2633, fr=0.3221, cin|cout=0.013329|0.044492|3.3379, lr=0.0073, time=09.628507
-----------------------------

Epoch 35: loss=5.0043|0.5194, acc=94.8995|86.1749, fr=0.3235, cin|cout=0.013330|0.044489|3.3375, lr=0.0051, time=09.512921
-----------------------------

Epoch 36: loss=5.0089|0.5038, acc=94.8259|85.9541, fr=0.3224, cin|cout=0.013335|0.044480|3.3357, lr=0.0051, time=09.540226
-----------------------------

Epoch 37: loss=5.0014|0.4839, acc=95.2060|88.2067, fr=0.3241, cin|cout=0.013337|0.044459|3.3334, lr=0.0051, time=09.567761

Best model saved with valid acc=88.20671378091873
-----------------------------

Epoch 38: loss=4.9973|0.4713, acc=95.2182|87.1908, fr=0.3233, cin|cout=0.013339|0.044473|3.3341, lr=0.0051, time=09.687687
-----------------------------

Epoch 39: loss=4.9969|0.4695, acc=95.3654|88.4276, fr=0.3241, cin|cout=0.013339|0.044470|3.3337, lr=0.0051, time=09.551573

Best model saved with valid acc=88.42756183745583
-----------------------------

Epoch 40: loss=4.9933|0.4602, acc=95.4144|89.0018, fr=0.3256, cin|cout=0.013341|0.044467|3.3330, lr=0.0051, time=09.637389

Best model saved with valid acc=89.0017667844523
-----------------------------

Epoch 41: loss=4.9886|0.4929, acc=95.6351|87.9859, fr=0.3256, cin|cout=0.013343|0.044478|3.3333, lr=0.0051, time=09.607458
-----------------------------

Epoch 42: loss=4.9900|0.4642, acc=95.5002|88.0300, fr=0.3252, cin|cout=0.013344|0.044482|3.3335, lr=0.0051, time=09.518124
-----------------------------

Epoch 43: loss=4.9856|0.4813, acc=95.6964|87.2792, fr=0.3251, cin|cout=0.013343|0.044515|3.3361, lr=0.0051, time=09.545313
-----------------------------

Epoch 44: loss=4.9748|0.5374, acc=96.3095|85.2473, fr=0.3272, cin|cout=0.013345|0.044510|3.3353, lr=0.0036, time=09.583459
-----------------------------

Epoch 45: loss=4.9769|0.5070, acc=96.0520|87.1908, fr=0.3272, cin|cout=0.013344|0.044525|3.3367, lr=0.0036, time=09.539933
-----------------------------

Epoch 46: loss=4.9770|0.4977, acc=96.2236|87.3675, fr=0.3260, cin|cout=0.013347|0.044521|3.3357, lr=0.0036, time=09.570956
-----------------------------

Epoch 47: loss=4.9664|0.5174, acc=96.5915|86.6166, fr=0.3254, cin|cout=0.013349|0.044522|3.3353, lr=0.0025, time=09.511440
-----------------------------

Epoch 48: loss=4.9663|0.5006, acc=96.4566|86.9700, fr=0.3261, cin|cout=0.013350|0.044537|3.3362, lr=0.0025, time=09.506171
-----------------------------

Epoch 49: loss=4.9679|0.5023, acc=96.4811|86.4399, fr=0.3280, cin|cout=0.013352|0.044539|3.3356, lr=0.0025, time=09.575140
-----------------------------

Epoch 50: loss=4.9603|0.4942, acc=96.9103|86.2633, fr=0.3276, cin|cout=0.013353|0.044551|3.3365, lr=0.0018, time=09.477183
-----------------------------

Epoch 51: loss=4.9590|0.5015, acc=96.7754|86.7933, fr=0.3281, cin|cout=0.013354|0.044551|3.3362, lr=0.0018, time=09.694839
-----------------------------

Epoch 52: loss=4.9584|0.4759, acc=96.7754|87.6767, fr=0.3278, cin|cout=0.013352|0.044567|3.3378, lr=0.0018, time=09.510346
-----------------------------

Epoch 53: loss=4.9569|0.4972, acc=96.8857|86.6608, fr=0.3284, cin|cout=0.013353|0.044565|3.3374, lr=0.0012, time=09.522006
-----------------------------

Epoch 54: loss=4.9573|0.4850, acc=96.8489|87.6767, fr=0.3283, cin|cout=0.013354|0.044567|3.3374, lr=0.0012, time=09.536952
-----------------------------

Epoch 55: loss=4.9559|0.4830, acc=96.8612|87.4558, fr=0.3287, cin|cout=0.013354|0.044567|3.3374, lr=0.0012, time=09.566553
-----------------------------

Epoch 56: loss=4.9487|0.5029, acc=97.2536|87.1025, fr=0.3288, cin|cout=0.013354|0.044569|3.3374, lr=0.0009, time=09.577944
-----------------------------

Epoch 57: loss=4.9527|0.4888, acc=97.0696|87.0141, fr=0.3292, cin|cout=0.013355|0.044567|3.3372, lr=0.0009, time=09.524451
-----------------------------

Epoch 58: loss=4.9531|0.5042, acc=97.1309|86.7491, fr=0.3288, cin|cout=0.013355|0.044567|3.3371, lr=0.0009, time=09.458975
-----------------------------

Epoch 59: loss=4.9508|0.4796, acc=97.2413|87.9417, fr=0.3288, cin|cout=0.013355|0.044566|3.3370, lr=0.0006, time=09.637652
-----------------------------

Epoch 60: loss=4.9471|0.4905, acc=97.2413|87.8534, fr=0.3294, cin|cout=0.013355|0.044571|3.3375, lr=0.0006, time=09.543699
-----------------------------

Epoch 61: loss=4.9494|0.4810, acc=97.2781|87.8975, fr=0.3296, cin|cout=0.013356|0.044567|3.3370, lr=0.0006, time=09.610528
-----------------------------

Epoch 62: loss=4.9502|0.4929, acc=97.1432|87.6325, fr=0.3295, cin|cout=0.013355|0.044568|3.3371, lr=0.0004, time=09.544014
-----------------------------

Epoch 63: loss=4.9500|0.4892, acc=97.2781|87.5883, fr=0.3297, cin|cout=0.013356|0.044568|3.3370, lr=0.0004, time=09.501937
-----------------------------

Epoch 64: loss=4.9504|0.4908, acc=97.0696|87.1025, fr=0.3295, cin|cout=0.013356|0.044568|3.3369, lr=0.0004, time=09.560266
-----------------------------

Epoch 65: loss=4.9501|0.5001, acc=96.9838|86.7049, fr=0.3298, cin|cout=0.013356|0.044569|3.3370, lr=0.0003, time=09.531560
-----------------------------

Epoch 66: loss=4.9487|0.4955, acc=97.0451|87.2350, fr=0.3294, cin|cout=0.013356|0.044567|3.3367, lr=0.0003, time=09.548828
-----------------------------

Epoch 67: loss=4.9511|0.4925, acc=97.0819|87.3675, fr=0.3294, cin|cout=0.013356|0.044569|3.3369, lr=0.0003, time=09.535562
-----------------------------

Epoch 68: loss=4.9492|0.4996, acc=97.0083|87.0141, fr=0.3299, cin|cout=0.013357|0.044568|3.3367, lr=0.0002, time=09.511965
-----------------------------

Epoch 69: loss=4.9499|0.4928, acc=97.2413|87.1025, fr=0.3295, cin|cout=0.013357|0.044569|3.3368, lr=0.0002, time=09.568344
-----------------------------

Epoch 70: loss=4.9488|0.4947, acc=97.2658|87.3675, fr=0.3297, cin|cout=0.013357|0.044570|3.3368, lr=0.0002, time=09.512284
-----------------------------

Epoch 71: loss=4.9485|0.4847, acc=97.0819|88.0742, fr=0.3298, cin|cout=0.013357|0.044570|3.3367, lr=0.0001, time=09.612574
-----------------------------

Epoch 72: loss=4.9473|0.4861, acc=97.2045|87.5883, fr=0.3297, cin|cout=0.013357|0.044570|3.3368, lr=0.0001, time=09.529026
-----------------------------

Epoch 73: loss=4.9479|0.4929, acc=97.3516|87.1025, fr=0.3298, cin|cout=0.013357|0.044571|3.3368, lr=0.0001, time=09.552404
-----------------------------

Epoch 74: loss=4.9481|0.5038, acc=97.1800|86.8375, fr=0.3301, cin|cout=0.013357|0.044571|3.3368, lr=0.0001, time=09.589172
-----------------------------

Epoch 75: loss=4.9474|0.5009, acc=97.3516|86.4841, fr=0.3301, cin|cout=0.013357|0.044571|3.3368, lr=0.0001, time=09.562732
-----------------------------

Epoch 76: loss=4.9439|0.4875, acc=97.3516|87.6767, fr=0.3301, cin|cout=0.013357|0.044571|3.3368, lr=0.0001, time=09.495465
-----------------------------

Epoch 77: loss=4.9497|0.4866, acc=96.8367|87.3675, fr=0.3300, cin|cout=0.013357|0.044572|3.3368, lr=0.0001, time=09.515828
-----------------------------

Epoch 78: loss=4.9477|0.4970, acc=97.3026|86.9258, fr=0.3301, cin|cout=0.013358|0.044571|3.3368, lr=0.0001, time=09.560027
-----------------------------

Epoch 79: loss=4.9437|0.4874, acc=97.2045|87.7208, fr=0.3300, cin|cout=0.013358|0.044571|3.3368, lr=0.0001, time=09.550607
-----------------------------

Epoch 80: loss=4.9439|0.4954, acc=97.6214|87.0141, fr=0.3300, cin|cout=0.013358|0.044571|3.3368, lr=0.0000, time=09.493901
-----------------------------

Epoch 81: loss=4.9460|0.4923, acc=97.2658|87.5442, fr=0.3301, cin|cout=0.013358|0.044571|3.3367, lr=0.0000, time=09.688828
-----------------------------

Epoch 82: loss=4.9492|0.4925, acc=97.2290|87.0583, fr=0.3301, cin|cout=0.013358|0.044571|3.3367, lr=0.0000, time=09.500292
-----------------------------

Epoch 83: loss=4.9476|0.4951, acc=97.1800|87.1908, fr=0.3302, cin|cout=0.013358|0.044571|3.3367, lr=0.0000, time=09.513311
-----------------------------

Epoch 84: loss=4.9482|0.4845, acc=97.1309|87.4558, fr=0.3301, cin|cout=0.013358|0.044571|3.3367, lr=0.0000, time=09.459915
-----------------------------

Epoch 85: loss=4.9449|0.4975, acc=97.3884|87.4558, fr=0.3303, cin|cout=0.013358|0.044571|3.3367, lr=0.0000, time=09.553916
-----------------------------

Epoch 86: loss=4.9463|0.4944, acc=97.1677|86.9258, fr=0.3302, cin|cout=0.013358|0.044571|3.3367, lr=0.0000, time=09.498297
-----------------------------

Epoch 87: loss=4.9459|0.4936, acc=97.3394|87.5000, fr=0.3302, cin|cout=0.013358|0.044571|3.3367, lr=0.0000, time=09.531469
-----------------------------

Epoch 88: loss=4.9447|0.4897, acc=97.2903|87.5000, fr=0.3302, cin|cout=0.013358|0.044571|3.3367, lr=0.0000, time=09.546464
-----------------------------

Epoch 89: loss=4.9481|0.4845, acc=97.2168|87.1466, fr=0.3302, cin|cout=0.013358|0.044571|3.3367, lr=0.0000, time=09.608515
-----------------------------

Epoch 90: loss=4.9464|0.4917, acc=97.2413|87.1025, fr=0.3303, cin|cout=0.013358|0.044571|3.3367, lr=0.0000, time=09.565508
-----------------------------

Epoch 91: loss=4.9467|0.4896, acc=97.1923|87.5000, fr=0.3303, cin|cout=0.013358|0.044571|3.3367, lr=0.0000, time=09.534899
-----------------------------

Epoch 92: loss=4.9468|0.4896, acc=97.2413|87.2792, fr=0.3301, cin|cout=0.013358|0.044571|3.3367, lr=0.0000, time=09.491641
-----------------------------

Epoch 93: loss=4.9490|0.4983, acc=97.2658|86.6608, fr=0.3302, cin|cout=0.013358|0.044571|3.3366, lr=0.0000, time=09.540830
-----------------------------

Epoch 94: loss=4.9476|0.4921, acc=97.1187|87.2350, fr=0.3303, cin|cout=0.013358|0.044571|3.3366, lr=0.0000, time=09.562602
-----------------------------

Epoch 95: loss=4.9456|0.4899, acc=97.2658|87.9417, fr=0.3302, cin|cout=0.013358|0.044571|3.3366, lr=0.0000, time=09.534637
-----------------------------

Epoch 96: loss=4.9476|0.4999, acc=97.2903|86.4841, fr=0.3302, cin|cout=0.013358|0.044571|3.3366, lr=0.0000, time=09.584077
-----------------------------

Epoch 97: loss=4.9468|0.4978, acc=97.1187|87.5883, fr=0.3301, cin|cout=0.013358|0.044571|3.3366, lr=0.0000, time=09.617897
-----------------------------

Epoch 98: loss=4.9476|0.4800, acc=97.3026|87.7650, fr=0.3303, cin|cout=0.013358|0.044571|3.3366, lr=0.0000, time=09.549925
-----------------------------

Epoch 99: loss=4.9469|0.4958, acc=97.3516|87.6767, fr=0.3302, cin|cout=0.013358|0.044571|3.3366, lr=0.0000, time=09.534553
-----------------------------

Epoch 100: loss=4.9482|0.4899, acc=97.1677|87.7650, fr=0.3303, cin|cout=0.013358|0.044571|3.3366, lr=0.0000, time=09.534004
-----------------------------


Best valid acc at epoch 40: 89.0017667844523

------ Training finished ------

