
        Training Config
        ---------------
        Date: 08-18-18-52
        Use pretrained model: False
        Only do testing: False
        Load experiment folder: None
        New experiment folder: ./log/08-18-18-52
        Dataset name: shd
        Data folder: ./data/raw/
        Log to file: True
        Save best model: True
        Batch size: 512
        Number of epochs: 50
        Start epoch: 0
        Initial learning rate: 0.01
        Scheduler patience: 1
        Scheduler factor: 0.7
        Use regularizers: True
        Regularization factor: 0.5
        Regularization min firing rate: 0.01
        Reguarization max firing rate: 0.2
        Use data augmentation: False
        Number of steps: 100
        Trials: 5
        Seed: 1692355948
        Checkpoint frequency: 5
        Threshold: 1.0
        
        ---------------
        Model Config
        
        Model Type: RadLIF
        Number of layers: 3
        Number of hidden neurons: 1024
        Dropout rate: 0.1
        Normalization: batchnorm
        Use bias: True
        Bidirectional: False
        Train input layer: True
        Dropout: 0.0
        Dropout_stop: 0.95
        Dropout_stepping: 0.0
        Clustering: False
        Clustering factor: [1, 2.5]
        Cin min and max: [0.01, 0.05]
        Cout min and max: [0.05, 0.2]
        Number of clusters: 8
        Noise in testset: 0.0
    

Device is set to cuda

Number of examples in train set: 8156
SHD does not have a validation split. Using test split.
Number of examples in test set: 2264

Created new spiking model:
 SNN(
  (snn): ModuleList(
    (0): RadLIFLayer(
      (W): Linear(in_features=700, out_features=1024, bias=True)
      (V): Linear(in_features=1024, out_features=1024, bias=False)
      (norm): BatchNorm1d(1024, eps=1e-05, momentum=0.05, affine=True, track_running_stats=True)
      (drop): Dropout(p=0.1, inplace=False)
    )
    (1): RadLIFLayer(
      (W): Linear(in_features=1024, out_features=1024, bias=True)
      (V): Linear(in_features=1024, out_features=1024, bias=False)
      (norm): BatchNorm1d(1024, eps=1e-05, momentum=0.05, affine=True, track_running_stats=True)
      (drop): Dropout(p=0.1, inplace=False)
    )
    (2): ReadoutLayer(
      (W): Linear(in_features=1024, out_features=20, bias=True)
      (norm): BatchNorm1d(20, eps=1e-05, momentum=0.05, affine=True, track_running_stats=True)
      (drop): Dropout(p=0.1, inplace=False)
    )
  )
)

Total number of trainable parameters is 3897424

---------------Trial:1---------------


------ Begin training ------

Epoch 1: train loss=27.3569, acc=0.0447, fr=0.0578, lr=0.0100, time=20.451417
Epoch 1: valid loss=3.1808, acc=0.0538, fr=0.0651, mask=0.8750, time=04.331639

Best model saved with valid acc=0.05379050925925925

-----------------------------

Epoch 2: train loss=27.1809, acc=0.0499, fr=0.0578, lr=0.0100, time=19.175159
Epoch 2: valid loss=3.3961, acc=0.0545, fr=0.0651, mask=0.8750, time=04.366223

Best model saved with valid acc=0.05451388888888888

-----------------------------

Epoch 3: train loss=27.2461, acc=0.0489, fr=0.0578, lr=0.0100, time=19.864326
Epoch 3: valid loss=3.8049, acc=0.0418, fr=0.0657, mask=0.8750, time=05.045402

-----------------------------

Epoch 4: train loss=27.3902, acc=0.0504, fr=0.0579, lr=0.0100, time=19.316432
Epoch 4: valid loss=4.6371, acc=0.0539, fr=0.0662, mask=0.8750, time=04.413664

-----------------------------

Epoch 5: train loss=27.2863, acc=0.0495, fr=0.0578, lr=0.0070, time=19.414416
Epoch 5: valid loss=5.7833, acc=0.0557, fr=0.0668, mask=0.8750, time=04.370127

Best model saved with valid acc=0.055685763888888885

-----------------------------

Epoch 6: train loss=27.2486, acc=0.0482, fr=0.0578, lr=0.0070, time=19.144704
Epoch 6: valid loss=7.1893, acc=0.0404, fr=0.0671, mask=0.8750, time=04.519372

-----------------------------

Epoch 7: train loss=27.3163, acc=0.0463, fr=0.0578, lr=0.0070, time=19.282087
Epoch 7: valid loss=7.8799, acc=0.0471, fr=0.0677, mask=0.8750, time=04.328358

-----------------------------

Epoch 8: train loss=27.2134, acc=0.0483, fr=0.0578, lr=0.0049, time=19.516899
Epoch 8: valid loss=8.4137, acc=0.0558, fr=0.0677, mask=0.8750, time=04.526388

Best model saved with valid acc=0.055830439814814815

-----------------------------

Epoch 9: train loss=27.2238, acc=0.0499, fr=0.0579, lr=0.0049, time=19.547249
Epoch 9: valid loss=8.6985, acc=0.0518, fr=0.0679, mask=0.8750, time=05.057305

-----------------------------

Epoch 10: train loss=27.1995, acc=0.0467, fr=0.0578, lr=0.0049, time=20.554806
Epoch 10: valid loss=8.8521, acc=0.0453, fr=0.0678, mask=0.8750, time=04.851039

-----------------------------

Epoch 11: train loss=27.2843, acc=0.0474, fr=0.0579, lr=0.0034, time=19.979954
Epoch 11: valid loss=8.9632, acc=0.0433, fr=0.0679, mask=0.8750, time=04.514682

-----------------------------

Epoch 12: train loss=27.2943, acc=0.0461, fr=0.0578, lr=0.0034, time=19.807602
Epoch 12: valid loss=9.0252, acc=0.0406, fr=0.0679, mask=0.8750, time=04.455198

-----------------------------

Epoch 13: train loss=27.3919, acc=0.0445, fr=0.0579, lr=0.0024, time=19.452949
Epoch 13: valid loss=9.0025, acc=0.0457, fr=0.0677, mask=0.8750, time=04.303344

-----------------------------

Epoch 14: train loss=27.2602, acc=0.0464, fr=0.0578, lr=0.0024, time=19.279957
Epoch 14: valid loss=8.9891, acc=0.0458, fr=0.0678, mask=0.8750, time=04.407262

-----------------------------

Epoch 15: train loss=27.3044, acc=0.0507, fr=0.0579, lr=0.0017, time=19.881657
Epoch 15: valid loss=8.9503, acc=0.0483, fr=0.0678, mask=0.8750, time=04.370621

-----------------------------

Epoch 16: train loss=27.2449, acc=0.0506, fr=0.0579, lr=0.0017, time=19.353546
Epoch 16: valid loss=8.8682, acc=0.0424, fr=0.0679, mask=0.8750, time=04.369622

-----------------------------

Epoch 17: train loss=27.3572, acc=0.0443, fr=0.0578, lr=0.0012, time=19.361472
Epoch 17: valid loss=8.9563, acc=0.0466, fr=0.0678, mask=0.8750, time=04.290097

-----------------------------

Epoch 18: train loss=27.2051, acc=0.0494, fr=0.0578, lr=0.0012, time=19.053497
Epoch 18: valid loss=8.8636, acc=0.0476, fr=0.0677, mask=0.8750, time=04.450532

-----------------------------

Epoch 19: train loss=27.2415, acc=0.0494, fr=0.0578, lr=0.0008, time=19.159655
Epoch 19: valid loss=8.9116, acc=0.0526, fr=0.0678, mask=0.8750, time=04.660970

-----------------------------

Epoch 20: train loss=27.2783, acc=0.0476, fr=0.0579, lr=0.0008, time=20.130499
Epoch 20: valid loss=8.9278, acc=0.0523, fr=0.0679, mask=0.8750, time=04.386549

-----------------------------

Epoch 21: train loss=27.2311, acc=0.0494, fr=0.0578, lr=0.0006, time=19.718932
Epoch 21: valid loss=8.8755, acc=0.0486, fr=0.0678, mask=0.8750, time=04.576022

-----------------------------

Epoch 22: train loss=27.3024, acc=0.0473, fr=0.0579, lr=0.0006, time=20.119575
Epoch 22: valid loss=8.8762, acc=0.0548, fr=0.0679, mask=0.8750, time=04.521340

-----------------------------

Epoch 23: train loss=27.2214, acc=0.0450, fr=0.0578, lr=0.0004, time=19.653167
Epoch 23: valid loss=8.8028, acc=0.0506, fr=0.0676, mask=0.8750, time=04.450902

-----------------------------

Epoch 24: train loss=27.2814, acc=0.0532, fr=0.0579, lr=0.0004, time=19.605222
Epoch 24: valid loss=8.7663, acc=0.0507, fr=0.0677, mask=0.8750, time=04.287424

-----------------------------

Epoch 25: train loss=27.2675, acc=0.0483, fr=0.0578, lr=0.0003, time=19.861381
Epoch 25: valid loss=8.7544, acc=0.0494, fr=0.0680, mask=0.8750, time=04.668919

-----------------------------

Epoch 26: train loss=27.2396, acc=0.0450, fr=0.0578, lr=0.0003, time=20.356713
Epoch 26: valid loss=8.7678, acc=0.0493, fr=0.0678, mask=0.8750, time=04.609391

-----------------------------

Epoch 27: train loss=27.2536, acc=0.0500, fr=0.0579, lr=0.0002, time=19.976117
Epoch 27: valid loss=9.0609, acc=0.0450, fr=0.0678, mask=0.8750, time=04.445934

-----------------------------

Epoch 28: train loss=27.1868, acc=0.0447, fr=0.0578, lr=0.0002, time=20.953615
Epoch 28: valid loss=8.9605, acc=0.0491, fr=0.0677, mask=0.8750, time=04.489545

-----------------------------

Epoch 29: train loss=27.2756, acc=0.0495, fr=0.0578, lr=0.0001, time=19.806979
Epoch 29: valid loss=8.8929, acc=0.0445, fr=0.0677, mask=0.8750, time=04.553643

-----------------------------

Epoch 30: train loss=27.3008, acc=0.0497, fr=0.0579, lr=0.0001, time=20.205417
Epoch 30: valid loss=8.9428, acc=0.0453, fr=0.0679, mask=0.8750, time=04.436839

-----------------------------

Epoch 31: train loss=27.1494, acc=0.0513, fr=0.0578, lr=0.0001, time=19.939779
Epoch 31: valid loss=8.8103, acc=0.0512, fr=0.0678, mask=0.8750, time=04.455275

-----------------------------

Epoch 32: train loss=27.2344, acc=0.0485, fr=0.0578, lr=0.0001, time=19.845070
Epoch 32: valid loss=8.6777, acc=0.0501, fr=0.0679, mask=0.8750, time=04.360905

-----------------------------

Epoch 33: train loss=27.1790, acc=0.0485, fr=0.0578, lr=0.0001, time=19.854131
Epoch 33: valid loss=8.9196, acc=0.0539, fr=0.0677, mask=0.8750, time=04.327002

-----------------------------

Epoch 34: train loss=27.3806, acc=0.0457, fr=0.0579, lr=0.0001, time=19.701108
Epoch 34: valid loss=9.0174, acc=0.0478, fr=0.0678, mask=0.8750, time=04.629710

-----------------------------

Epoch 35: train loss=27.3261, acc=0.0469, fr=0.0579, lr=0.0000, time=19.777699
Epoch 35: valid loss=8.8149, acc=0.0440, fr=0.0676, mask=0.8750, time=04.404974

-----------------------------

Epoch 36: train loss=27.1828, acc=0.0469, fr=0.0578, lr=0.0000, time=19.960663
Epoch 36: valid loss=8.8212, acc=0.0596, fr=0.0678, mask=0.8750, time=04.627900

Best model saved with valid acc=0.05964988425925925

-----------------------------

Epoch 37: train loss=27.2799, acc=0.0496, fr=0.0579, lr=0.0000, time=19.705297
Epoch 37: valid loss=8.8192, acc=0.0474, fr=0.0679, mask=0.8750, time=04.705313

-----------------------------

Epoch 38: train loss=27.2650, acc=0.0488, fr=0.0579, lr=0.0000, time=19.947847
Epoch 38: valid loss=8.6881, acc=0.0479, fr=0.0678, mask=0.8750, time=04.495189

-----------------------------

Epoch 39: train loss=27.3500, acc=0.0447, fr=0.0579, lr=0.0000, time=19.695165
Epoch 39: valid loss=8.8955, acc=0.0487, fr=0.0678, mask=0.8750, time=04.600582

-----------------------------

Epoch 40: train loss=27.3611, acc=0.0455, fr=0.0579, lr=0.0000, time=20.176744
Epoch 40: valid loss=9.0826, acc=0.0395, fr=0.0679, mask=0.8750, time=04.573974

-----------------------------

Epoch 41: train loss=27.2828, acc=0.0511, fr=0.0578, lr=0.0000, time=20.450029
Epoch 41: valid loss=8.8896, acc=0.0508, fr=0.0679, mask=0.8750, time=04.613726

-----------------------------

Epoch 42: train loss=27.2542, acc=0.0457, fr=0.0579, lr=0.0000, time=20.045126
Epoch 42: valid loss=8.9761, acc=0.0504, fr=0.0679, mask=0.8750, time=04.548456

-----------------------------

Epoch 43: train loss=27.2549, acc=0.0471, fr=0.0579, lr=0.0000, time=19.452774
Epoch 43: valid loss=8.9434, acc=0.0410, fr=0.0677, mask=0.8750, time=04.412440

-----------------------------

Epoch 44: train loss=27.3164, acc=0.0475, fr=0.0578, lr=0.0000, time=19.544066
Epoch 44: valid loss=8.9935, acc=0.0555, fr=0.0679, mask=0.8750, time=04.319339

-----------------------------

Epoch 45: train loss=27.2867, acc=0.0532, fr=0.0578, lr=0.0000, time=19.460842
Epoch 45: valid loss=8.8266, acc=0.0495, fr=0.0678, mask=0.8750, time=04.361144

-----------------------------

Epoch 46: train loss=27.2802, acc=0.0502, fr=0.0578, lr=0.0000, time=19.435032
Epoch 46: valid loss=8.8597, acc=0.0484, fr=0.0679, mask=0.8750, time=04.330457

-----------------------------

Epoch 47: train loss=27.2731, acc=0.0493, fr=0.0579, lr=0.0000, time=19.690369
Epoch 47: valid loss=8.8696, acc=0.0503, fr=0.0678, mask=0.8750, time=04.342960

-----------------------------

Epoch 48: train loss=27.2068, acc=0.0500, fr=0.0578, lr=0.0000, time=19.360404
Epoch 48: valid loss=9.0113, acc=0.0502, fr=0.0679, mask=0.8750, time=04.247489

-----------------------------

Epoch 49: train loss=27.2359, acc=0.0489, fr=0.0579, lr=0.0000, time=19.516293
Epoch 49: valid loss=8.8234, acc=0.0544, fr=0.0677, mask=0.8750, time=04.327622

-----------------------------

Epoch 50: train loss=27.3051, acc=0.0452, fr=0.0579, lr=0.0000, time=19.569352
Epoch 50: valid loss=8.8483, acc=0.0581, fr=0.0676, mask=0.8750, time=04.369538

-----------------------------


Best valid acc at epoch 36: 0.05964988425925925


------ Training finished ------

Loading best model, epoch=36, valid acc=0.05964988425925925

------ Begin Testing ------

Test loss=8.960923767089843, acc=0.046817129629629625, mean act rate=0.06785757839679718

-----------------------------


This dataset uses the same split for validation and testing.


---------------Trial:2---------------


------ Begin training ------

Epoch 1: train loss=28.7108, acc=0.0502, fr=0.0600, lr=0.0000, time=19.450696
Epoch 1: valid loss=3.1966, acc=0.0492, fr=0.0675, mask=0.8750, time=04.273349

Best model saved with valid acc=0.04920428240740741

-----------------------------

Epoch 2: train loss=28.7989, acc=0.0490, fr=0.0600, lr=0.0000, time=19.512389
Epoch 2: valid loss=3.4663, acc=0.0463, fr=0.0677, mask=0.8750, time=04.284234

-----------------------------

Epoch 3: train loss=28.7746, acc=0.0463, fr=0.0600, lr=0.0000, time=19.563993
Epoch 3: valid loss=3.9567, acc=0.0495, fr=0.0681, mask=0.8750, time=04.344087

Best model saved with valid acc=0.049450231481481484

-----------------------------

Epoch 4: train loss=28.7718, acc=0.0494, fr=0.0601, lr=0.0000, time=19.480296
Epoch 4: valid loss=4.9376, acc=0.0458, fr=0.0685, mask=0.8750, time=04.347059

-----------------------------

Epoch 5: train loss=28.8256, acc=0.0537, fr=0.0601, lr=0.0000, time=19.701602
Epoch 5: valid loss=6.3291, acc=0.0395, fr=0.0693, mask=0.8750, time=04.311406

-----------------------------

Epoch 6: train loss=28.6827, acc=0.0542, fr=0.0601, lr=0.0000, time=19.641876
Epoch 6: valid loss=7.4222, acc=0.0482, fr=0.0699, mask=0.8750, time=04.295887

-----------------------------

Epoch 7: train loss=28.7170, acc=0.0483, fr=0.0600, lr=0.0000, time=19.619860
Epoch 7: valid loss=8.5078, acc=0.0404, fr=0.0702, mask=0.8750, time=04.274348

-----------------------------

Epoch 8: train loss=28.7443, acc=0.0516, fr=0.0600, lr=0.0000, time=19.477319
Epoch 8: valid loss=8.8911, acc=0.0486, fr=0.0704, mask=0.8750, time=04.374439

-----------------------------

Epoch 9: train loss=28.6841, acc=0.0547, fr=0.0600, lr=0.0000, time=19.498329
Epoch 9: valid loss=9.2464, acc=0.0424, fr=0.0704, mask=0.8750, time=04.342438

-----------------------------

Epoch 10: train loss=28.7316, acc=0.0494, fr=0.0600, lr=0.0000, time=19.543957
Epoch 10: valid loss=9.0261, acc=0.0482, fr=0.0705, mask=0.8750, time=04.381457

-----------------------------

Epoch 11: train loss=28.6620, acc=0.0499, fr=0.0600, lr=0.0000, time=19.459025
Epoch 11: valid loss=9.0683, acc=0.0559, fr=0.0705, mask=0.8750, time=04.441360

Best model saved with valid acc=0.05588831018518518

-----------------------------

Epoch 12: train loss=28.7088, acc=0.0473, fr=0.0600, lr=0.0000, time=19.388752
Epoch 12: valid loss=8.9317, acc=0.0531, fr=0.0705, mask=0.8750, time=04.414415

-----------------------------

Epoch 13: train loss=28.6922, acc=0.0474, fr=0.0600, lr=0.0000, time=19.460852
Epoch 13: valid loss=9.1874, acc=0.0508, fr=0.0705, mask=0.8750, time=04.608838

-----------------------------

Epoch 14: train loss=28.6708, acc=0.0486, fr=0.0600, lr=0.0000, time=19.467383
Epoch 14: valid loss=9.0705, acc=0.0559, fr=0.0706, mask=0.8750, time=04.362442

-----------------------------

Epoch 15: train loss=28.7843, acc=0.0530, fr=0.0601, lr=0.0000, time=19.660055
Epoch 15: valid loss=9.3473, acc=0.0416, fr=0.0705, mask=0.8750, time=04.348105

-----------------------------

Epoch 16: train loss=28.7867, acc=0.0505, fr=0.0600, lr=0.0000, time=19.387243
Epoch 16: valid loss=9.1905, acc=0.0502, fr=0.0707, mask=0.8750, time=04.329467

-----------------------------

Epoch 17: train loss=28.8090, acc=0.0477, fr=0.0601, lr=0.0000, time=19.788678
Epoch 17: valid loss=9.3131, acc=0.0446, fr=0.0705, mask=0.8750, time=04.379001

-----------------------------

Epoch 18: train loss=28.8063, acc=0.0460, fr=0.0601, lr=0.0000, time=19.740387
Epoch 18: valid loss=9.1046, acc=0.0518, fr=0.0704, mask=0.8750, time=04.418378

-----------------------------

Epoch 19: train loss=28.8543, acc=0.0475, fr=0.0601, lr=0.0000, time=19.836873
Epoch 19: valid loss=9.2976, acc=0.0475, fr=0.0706, mask=0.8750, time=04.519850

-----------------------------

Epoch 20: train loss=28.7380, acc=0.0507, fr=0.0600, lr=0.0000, time=19.644754
Epoch 20: valid loss=9.0702, acc=0.0532, fr=0.0706, mask=0.8750, time=04.406569

-----------------------------

Epoch 21: train loss=28.8080, acc=0.0457, fr=0.0601, lr=0.0000, time=19.648427
Epoch 21: valid loss=9.1556, acc=0.0522, fr=0.0704, mask=0.8750, time=04.404506

-----------------------------

Epoch 22: train loss=28.7600, acc=0.0464, fr=0.0601, lr=0.0000, time=19.479110
Epoch 22: valid loss=9.4376, acc=0.0476, fr=0.0705, mask=0.8750, time=04.396274

-----------------------------

Epoch 23: train loss=28.6940, acc=0.0448, fr=0.0600, lr=0.0000, time=19.497426
Epoch 23: valid loss=9.3052, acc=0.0497, fr=0.0707, mask=0.8750, time=04.359367

-----------------------------

Epoch 24: train loss=28.7403, acc=0.0503, fr=0.0601, lr=0.0000, time=19.677661
Epoch 24: valid loss=9.1322, acc=0.0521, fr=0.0704, mask=0.8750, time=04.438576

-----------------------------

Epoch 25: train loss=28.6604, acc=0.0466, fr=0.0601, lr=0.0000, time=19.642831
Epoch 25: valid loss=9.2085, acc=0.0483, fr=0.0706, mask=0.8750, time=04.389077

-----------------------------

Epoch 26: train loss=28.7222, acc=0.0484, fr=0.0600, lr=0.0000, time=19.624184
Epoch 26: valid loss=9.4847, acc=0.0367, fr=0.0705, mask=0.8750, time=04.303616

-----------------------------

Epoch 27: train loss=28.7947, acc=0.0468, fr=0.0601, lr=0.0000, time=19.637810
Epoch 27: valid loss=9.2333, acc=0.0452, fr=0.0705, mask=0.8750, time=04.370628

-----------------------------

Epoch 28: train loss=28.6929, acc=0.0499, fr=0.0600, lr=0.0000, time=19.694716
Epoch 28: valid loss=9.2975, acc=0.0543, fr=0.0705, mask=0.8750, time=04.389659

-----------------------------

Epoch 29: train loss=28.7922, acc=0.0475, fr=0.0601, lr=0.0000, time=19.744916
Epoch 29: valid loss=9.1428, acc=0.0412, fr=0.0705, mask=0.8750, time=04.336526

-----------------------------

Epoch 30: train loss=28.6535, acc=0.0506, fr=0.0600, lr=0.0000, time=19.637013
Epoch 30: valid loss=9.3364, acc=0.0455, fr=0.0705, mask=0.8750, time=04.536105

-----------------------------

Epoch 31: train loss=28.7244, acc=0.0480, fr=0.0600, lr=0.0000, time=19.471537
Epoch 31: valid loss=9.2151, acc=0.0465, fr=0.0707, mask=0.8750, time=04.369503

-----------------------------

Epoch 32: train loss=28.7334, acc=0.0484, fr=0.0600, lr=0.0000, time=19.636019
Epoch 32: valid loss=9.2008, acc=0.0456, fr=0.0705, mask=0.8750, time=04.323098

-----------------------------

Epoch 33: train loss=28.6854, acc=0.0525, fr=0.0600, lr=0.0000, time=19.602016
Epoch 33: valid loss=9.2989, acc=0.0444, fr=0.0704, mask=0.8750, time=04.370554

-----------------------------

Epoch 34: train loss=28.7116, acc=0.0493, fr=0.0600, lr=0.0000, time=19.792249
Epoch 34: valid loss=9.4399, acc=0.0492, fr=0.0704, mask=0.8750, time=04.379874

-----------------------------

Epoch 35: train loss=28.6647, acc=0.0475, fr=0.0600, lr=0.0000, time=19.620105
Epoch 35: valid loss=9.2214, acc=0.0497, fr=0.0705, mask=0.8750, time=04.407597

-----------------------------

Epoch 36: train loss=28.7585, acc=0.0482, fr=0.0601, lr=0.0000, time=19.801620
Epoch 36: valid loss=9.1826, acc=0.0583, fr=0.0704, mask=0.8750, time=04.329886

Best model saved with valid acc=0.058318865740740744

-----------------------------

Epoch 37: train loss=28.8745, acc=0.0475, fr=0.0601, lr=0.0000, time=19.579158
Epoch 37: valid loss=9.3352, acc=0.0482, fr=0.0703, mask=0.8750, time=04.477902

-----------------------------

Epoch 38: train loss=28.7280, acc=0.0519, fr=0.0600, lr=0.0000, time=20.774803
Epoch 38: valid loss=9.3324, acc=0.0437, fr=0.0704, mask=0.8750, time=04.405405

-----------------------------

Epoch 39: train loss=28.7596, acc=0.0515, fr=0.0601, lr=0.0000, time=19.900861
Epoch 39: valid loss=9.1992, acc=0.0476, fr=0.0704, mask=0.8750, time=04.442613

-----------------------------

Epoch 40: train loss=28.7842, acc=0.0484, fr=0.0600, lr=0.0000, time=19.749727
Epoch 40: valid loss=9.0491, acc=0.0495, fr=0.0705, mask=0.8750, time=04.421283

-----------------------------

Epoch 41: train loss=28.6939, acc=0.0532, fr=0.0600, lr=0.0000, time=20.010859
Epoch 41: valid loss=9.4219, acc=0.0547, fr=0.0703, mask=0.8750, time=04.375841

-----------------------------

Epoch 42: train loss=28.8267, acc=0.0462, fr=0.0600, lr=0.0000, time=19.847792
Epoch 42: valid loss=9.2040, acc=0.0452, fr=0.0706, mask=0.8750, time=04.386798

-----------------------------

Epoch 43: train loss=28.6920, acc=0.0519, fr=0.0600, lr=0.0000, time=19.735466
Epoch 43: valid loss=9.1555, acc=0.0548, fr=0.0706, mask=0.8750, time=04.307595

-----------------------------

Epoch 44: train loss=28.8908, acc=0.0473, fr=0.0600, lr=0.0000, time=19.676926
Epoch 44: valid loss=9.1107, acc=0.0545, fr=0.0705, mask=0.8750, time=04.504428

-----------------------------

Epoch 45: train loss=28.7992, acc=0.0481, fr=0.0600, lr=0.0000, time=19.677925
Epoch 45: valid loss=9.3898, acc=0.0479, fr=0.0706, mask=0.8750, time=04.306282

-----------------------------

Epoch 46: train loss=28.7259, acc=0.0455, fr=0.0601, lr=0.0000, time=19.853848
Epoch 46: valid loss=9.2788, acc=0.0433, fr=0.0705, mask=0.8750, time=04.447945

-----------------------------

Epoch 47: train loss=28.7394, acc=0.0493, fr=0.0601, lr=0.0000, time=19.918091
Epoch 47: valid loss=9.2078, acc=0.0500, fr=0.0704, mask=0.8750, time=04.527471

-----------------------------

Epoch 48: train loss=28.6081, acc=0.0503, fr=0.0600, lr=0.0000, time=19.811018
Epoch 48: valid loss=9.2569, acc=0.0444, fr=0.0705, mask=0.8750, time=04.375656

-----------------------------

Epoch 49: train loss=28.7386, acc=0.0487, fr=0.0600, lr=0.0000, time=19.579323
Epoch 49: valid loss=9.0721, acc=0.0533, fr=0.0704, mask=0.8750, time=04.345938

-----------------------------

Epoch 50: train loss=28.7179, acc=0.0424, fr=0.0600, lr=0.0000, time=19.681709
Epoch 50: valid loss=9.2617, acc=0.0480, fr=0.0706, mask=0.8750, time=04.454191

-----------------------------


Best valid acc at epoch 36: 0.058318865740740744


------ Training finished ------

Loading best model, epoch=36, valid acc=0.058318865740740744

------ Begin Testing ------

Test loss=9.278841781616212, acc=0.04686053240740741, mean act rate=0.0705307349562645

-----------------------------


This dataset uses the same split for validation and testing.


---------------Trial:3---------------


------ Begin training ------

Epoch 1: train loss=31.2836, acc=0.0535, fr=0.0663, lr=0.0000, time=19.670724
Epoch 1: valid loss=3.2114, acc=0.0521, fr=0.0725, mask=0.8750, time=04.387844

Best model saved with valid acc=0.05212673611111111

-----------------------------

Epoch 2: train loss=31.4249, acc=0.0513, fr=0.0663, lr=0.0000, time=19.825302
Epoch 2: valid loss=3.4380, acc=0.0583, fr=0.0733, mask=0.8750, time=04.389524

Best model saved with valid acc=0.058275462962962966

-----------------------------

Epoch 3: train loss=31.4731, acc=0.0488, fr=0.0664, lr=0.0000, time=19.713976
Epoch 3: valid loss=3.9876, acc=0.0559, fr=0.0742, mask=0.8750, time=04.364401

-----------------------------

Epoch 4: train loss=31.3756, acc=0.0501, fr=0.0663, lr=0.0000, time=19.852567
Epoch 4: valid loss=5.0713, acc=0.0504, fr=0.0754, mask=0.8750, time=04.640589

-----------------------------

Epoch 5: train loss=31.3455, acc=0.0506, fr=0.0663, lr=0.0000, time=19.704243
Epoch 5: valid loss=6.2058, acc=0.0482, fr=0.0761, mask=0.8750, time=04.418720

-----------------------------

Epoch 6: train loss=31.3973, acc=0.0453, fr=0.0663, lr=0.0000, time=19.735161
Epoch 6: valid loss=7.3058, acc=0.0490, fr=0.0770, mask=0.8750, time=04.604136

-----------------------------

Epoch 7: train loss=31.4762, acc=0.0485, fr=0.0664, lr=0.0000, time=19.675182
Epoch 7: valid loss=8.1226, acc=0.0465, fr=0.0775, mask=0.8750, time=04.356407

-----------------------------

Epoch 8: train loss=31.3273, acc=0.0486, fr=0.0664, lr=0.0000, time=19.776489
Epoch 8: valid loss=8.4389, acc=0.0455, fr=0.0778, mask=0.8750, time=04.393135

-----------------------------

Epoch 9: train loss=31.4439, acc=0.0503, fr=0.0664, lr=0.0000, time=19.806751
Epoch 9: valid loss=8.6608, acc=0.0491, fr=0.0776, mask=0.8750, time=04.354712

-----------------------------

Epoch 10: train loss=31.3429, acc=0.0525, fr=0.0664, lr=0.0000, time=19.754047
Epoch 10: valid loss=8.8770, acc=0.0580, fr=0.0778, mask=0.8750, time=04.430727

-----------------------------

Epoch 11: train loss=31.2919, acc=0.0485, fr=0.0663, lr=0.0000, time=19.724805
Epoch 11: valid loss=9.0688, acc=0.0404, fr=0.0779, mask=0.8750, time=04.374498

-----------------------------

Epoch 12: train loss=31.4663, acc=0.0460, fr=0.0664, lr=0.0000, time=19.629544
Epoch 12: valid loss=8.9556, acc=0.0491, fr=0.0781, mask=0.8750, time=04.314456

-----------------------------

Epoch 13: train loss=31.4471, acc=0.0507, fr=0.0664, lr=0.0000, time=19.602679
Epoch 13: valid loss=9.1416, acc=0.0463, fr=0.0780, mask=0.8750, time=04.410337

-----------------------------

Epoch 14: train loss=31.3690, acc=0.0498, fr=0.0664, lr=0.0000, time=19.829992
Epoch 14: valid loss=8.8132, acc=0.0507, fr=0.0778, mask=0.8750, time=04.503186

-----------------------------

Epoch 15: train loss=31.3472, acc=0.0522, fr=0.0663, lr=0.0000, time=19.762674
Epoch 15: valid loss=8.9419, acc=0.0511, fr=0.0778, mask=0.8750, time=04.375399

-----------------------------

Epoch 16: train loss=31.4519, acc=0.0508, fr=0.0664, lr=0.0000, time=19.740464
Epoch 16: valid loss=8.9836, acc=0.0545, fr=0.0781, mask=0.8750, time=04.568232

-----------------------------

Epoch 17: train loss=31.2789, acc=0.0520, fr=0.0663, lr=0.0000, time=19.785520
Epoch 17: valid loss=8.9854, acc=0.0595, fr=0.0780, mask=0.8750, time=04.341336

Best model saved with valid acc=0.05949074074074075

-----------------------------

Epoch 18: train loss=31.4292, acc=0.0499, fr=0.0664, lr=0.0000, time=19.745476
Epoch 18: valid loss=9.1125, acc=0.0386, fr=0.0779, mask=0.8750, time=04.407326

-----------------------------

Epoch 19: train loss=31.4824, acc=0.0501, fr=0.0664, lr=0.0000, time=19.645043
Epoch 19: valid loss=9.1988, acc=0.0456, fr=0.0779, mask=0.8750, time=04.387617

-----------------------------

Epoch 20: train loss=31.3886, acc=0.0494, fr=0.0663, lr=0.0000, time=19.890313
Epoch 20: valid loss=9.0134, acc=0.0554, fr=0.0778, mask=0.8750, time=04.458543

-----------------------------

Epoch 21: train loss=31.3565, acc=0.0505, fr=0.0664, lr=0.0000, time=19.725991
Epoch 21: valid loss=8.9383, acc=0.0437, fr=0.0779, mask=0.8750, time=04.583868

-----------------------------

Epoch 22: train loss=31.3362, acc=0.0476, fr=0.0663, lr=0.0000, time=19.804325
Epoch 22: valid loss=8.9861, acc=0.0510, fr=0.0778, mask=0.8750, time=04.376117

-----------------------------

Epoch 23: train loss=31.3232, acc=0.0516, fr=0.0664, lr=0.0000, time=19.799442
Epoch 23: valid loss=8.7558, acc=0.0500, fr=0.0780, mask=0.8750, time=04.510003

-----------------------------

Epoch 24: train loss=31.3442, acc=0.0484, fr=0.0663, lr=0.0000, time=19.901487
Epoch 24: valid loss=8.7859, acc=0.0578, fr=0.0778, mask=0.8750, time=04.391719

-----------------------------

Epoch 25: train loss=31.4929, acc=0.0510, fr=0.0665, lr=0.0000, time=19.615133
Epoch 25: valid loss=9.0795, acc=0.0498, fr=0.0779, mask=0.8750, time=04.386059

-----------------------------

Epoch 26: train loss=31.4454, acc=0.0462, fr=0.0664, lr=0.0000, time=19.747540
Epoch 26: valid loss=8.9697, acc=0.0430, fr=0.0779, mask=0.8750, time=04.430633

-----------------------------

Epoch 27: train loss=31.4126, acc=0.0449, fr=0.0663, lr=0.0000, time=19.676749
Epoch 27: valid loss=9.0289, acc=0.0477, fr=0.0779, mask=0.8750, time=04.338029

-----------------------------

Epoch 28: train loss=31.3398, acc=0.0501, fr=0.0664, lr=0.0000, time=19.669052
Epoch 28: valid loss=8.9091, acc=0.0525, fr=0.0778, mask=0.8750, time=04.436860

-----------------------------

Epoch 29: train loss=31.4694, acc=0.0492, fr=0.0664, lr=0.0000, time=19.755345
Epoch 29: valid loss=8.9160, acc=0.0510, fr=0.0779, mask=0.8750, time=04.413569

-----------------------------

Epoch 30: train loss=31.3352, acc=0.0485, fr=0.0663, lr=0.0000, time=19.898013
Epoch 30: valid loss=8.9462, acc=0.0520, fr=0.0779, mask=0.8750, time=04.435142

-----------------------------

Epoch 31: train loss=31.3675, acc=0.0482, fr=0.0663, lr=0.0000, time=19.697228
Epoch 31: valid loss=8.8842, acc=0.0494, fr=0.0779, mask=0.8750, time=04.423716

-----------------------------

Epoch 32: train loss=31.2991, acc=0.0510, fr=0.0663, lr=0.0000, time=19.700612
Epoch 32: valid loss=8.7420, acc=0.0560, fr=0.0780, mask=0.8750, time=04.425645

-----------------------------

Epoch 33: train loss=31.4493, acc=0.0505, fr=0.0664, lr=0.0000, time=19.807957
Epoch 33: valid loss=9.0098, acc=0.0444, fr=0.0780, mask=0.8750, time=04.399454

-----------------------------

Epoch 34: train loss=31.5551, acc=0.0483, fr=0.0665, lr=0.0000, time=19.627279
Epoch 34: valid loss=9.1210, acc=0.0467, fr=0.0777, mask=0.8750, time=04.418724

-----------------------------

Epoch 35: train loss=31.4526, acc=0.0489, fr=0.0663, lr=0.0000, time=19.829414
Epoch 35: valid loss=8.8960, acc=0.0549, fr=0.0779, mask=0.8750, time=04.438890

-----------------------------

Epoch 36: train loss=31.4469, acc=0.0457, fr=0.0664, lr=0.0000, time=19.753303
Epoch 36: valid loss=9.1544, acc=0.0506, fr=0.0781, mask=0.8750, time=04.449589

-----------------------------

Epoch 37: train loss=31.3863, acc=0.0445, fr=0.0663, lr=0.0000, time=19.768462
Epoch 37: valid loss=8.8647, acc=0.0462, fr=0.0778, mask=0.8750, time=04.501693

-----------------------------

Epoch 38: train loss=31.3609, acc=0.0512, fr=0.0664, lr=0.0000, time=19.708963
Epoch 38: valid loss=8.8641, acc=0.0491, fr=0.0779, mask=0.8750, time=04.428144

-----------------------------

Epoch 39: train loss=31.3694, acc=0.0494, fr=0.0664, lr=0.0000, time=19.685405
Epoch 39: valid loss=9.0177, acc=0.0589, fr=0.0780, mask=0.8750, time=04.379494

-----------------------------

Epoch 40: train loss=31.3289, acc=0.0486, fr=0.0663, lr=0.0000, time=19.776475
Epoch 40: valid loss=9.0720, acc=0.0505, fr=0.0779, mask=0.8750, time=04.629107

-----------------------------

Epoch 41: train loss=31.4174, acc=0.0487, fr=0.0664, lr=0.0000, time=19.536060
Epoch 41: valid loss=9.1441, acc=0.0490, fr=0.0779, mask=0.8750, time=04.597650

-----------------------------

Epoch 42: train loss=31.4051, acc=0.0490, fr=0.0664, lr=0.0000, time=19.736992
Epoch 42: valid loss=8.9062, acc=0.0410, fr=0.0779, mask=0.8750, time=04.339998

-----------------------------

Epoch 43: train loss=31.3529, acc=0.0451, fr=0.0663, lr=0.0000, time=19.644979
Epoch 43: valid loss=9.0019, acc=0.0444, fr=0.0778, mask=0.8750, time=04.448822

-----------------------------

Epoch 44: train loss=31.3590, acc=0.0463, fr=0.0664, lr=0.0000, time=19.855361
Epoch 44: valid loss=8.8860, acc=0.0585, fr=0.0778, mask=0.8750, time=04.490456

-----------------------------

Epoch 45: train loss=31.4321, acc=0.0474, fr=0.0663, lr=0.0000, time=19.790348
Epoch 45: valid loss=8.9875, acc=0.0576, fr=0.0780, mask=0.8750, time=04.579050

-----------------------------

Epoch 46: train loss=31.4092, acc=0.0465, fr=0.0663, lr=0.0000, time=19.690012
Epoch 46: valid loss=8.8396, acc=0.0501, fr=0.0780, mask=0.8750, time=04.491147

-----------------------------

Epoch 47: train loss=31.4865, acc=0.0485, fr=0.0664, lr=0.0000, time=19.723144
Epoch 47: valid loss=8.8259, acc=0.0491, fr=0.0779, mask=0.8750, time=04.387784

-----------------------------

Epoch 48: train loss=31.3833, acc=0.0524, fr=0.0664, lr=0.0000, time=19.684941
Epoch 48: valid loss=8.9274, acc=0.0485, fr=0.0780, mask=0.8750, time=04.373530

-----------------------------

Epoch 49: train loss=31.3742, acc=0.0522, fr=0.0664, lr=0.0000, time=19.731627
Epoch 49: valid loss=9.1981, acc=0.0452, fr=0.0780, mask=0.8750, time=04.439257

-----------------------------

Epoch 50: train loss=31.3814, acc=0.0496, fr=0.0664, lr=0.0000, time=19.765022
Epoch 50: valid loss=9.0377, acc=0.0446, fr=0.0779, mask=0.8750, time=04.334755

-----------------------------


Best valid acc at epoch 17: 0.05949074074074075


------ Training finished ------

Loading best model, epoch=17, valid acc=0.05949074074074075

------ Begin Testing ------

Test loss=9.010005760192872, acc=0.04490740740740741, mean act rate=0.07780193537473679

-----------------------------


This dataset uses the same split for validation and testing.


---------------Trial:4---------------


------ Begin training ------

Epoch 1: train loss=30.4429, acc=0.0526, fr=0.0672, lr=0.0000, time=19.723539
Epoch 1: valid loss=3.2241, acc=0.0417, fr=0.0737, mask=0.8750, time=04.407398

Best model saved with valid acc=0.041681134259259255

-----------------------------

Epoch 2: train loss=30.5786, acc=0.0480, fr=0.0673, lr=0.0000, time=19.868680
Epoch 2: valid loss=3.4268, acc=0.0505, fr=0.0744, mask=0.8750, time=04.495967

Best model saved with valid acc=0.050520833333333334

-----------------------------

Epoch 3: train loss=30.4234, acc=0.0502, fr=0.0672, lr=0.0000, time=19.670036
Epoch 3: valid loss=4.0371, acc=0.0470, fr=0.0752, mask=0.8750, time=04.465449

-----------------------------

Epoch 4: train loss=30.4713, acc=0.0526, fr=0.0672, lr=0.0000, time=19.900670
Epoch 4: valid loss=4.9294, acc=0.0521, fr=0.0763, mask=0.8750, time=04.377799

Best model saved with valid acc=0.05212673611111111

-----------------------------

Epoch 5: train loss=30.4941, acc=0.0507, fr=0.0673, lr=0.0000, time=19.677847
Epoch 5: valid loss=5.9549, acc=0.0526, fr=0.0774, mask=0.8750, time=04.334853

Best model saved with valid acc=0.05261863425925926

-----------------------------

Epoch 6: train loss=30.5648, acc=0.0507, fr=0.0673, lr=0.0000, time=19.791798
Epoch 6: valid loss=7.2720, acc=0.0426, fr=0.0779, mask=0.8750, time=04.425057

-----------------------------

Epoch 7: train loss=30.5838, acc=0.0538, fr=0.0673, lr=0.0000, time=19.960798
Epoch 7: valid loss=7.8092, acc=0.0462, fr=0.0783, mask=0.8750, time=04.544132

-----------------------------

Epoch 8: train loss=30.5992, acc=0.0476, fr=0.0672, lr=0.0000, time=20.070889
Epoch 8: valid loss=8.2993, acc=0.0454, fr=0.0786, mask=0.8750, time=04.469668

-----------------------------

Epoch 9: train loss=30.4887, acc=0.0497, fr=0.0672, lr=0.0000, time=19.788874
Epoch 9: valid loss=8.4911, acc=0.0463, fr=0.0788, mask=0.8750, time=04.288176

-----------------------------

Epoch 10: train loss=30.5599, acc=0.0525, fr=0.0672, lr=0.0000, time=19.785512
Epoch 10: valid loss=8.6632, acc=0.0423, fr=0.0789, mask=0.8750, time=04.390735

-----------------------------

Epoch 11: train loss=30.4383, acc=0.0484, fr=0.0672, lr=0.0000, time=19.685262
Epoch 11: valid loss=8.6516, acc=0.0462, fr=0.0788, mask=0.8750, time=04.412103

-----------------------------

Epoch 12: train loss=30.4621, acc=0.0476, fr=0.0672, lr=0.0000, time=19.614254
Epoch 12: valid loss=8.7716, acc=0.0517, fr=0.0790, mask=0.8750, time=04.411159

-----------------------------

Epoch 13: train loss=30.5432, acc=0.0515, fr=0.0673, lr=0.0000, time=19.668685
Epoch 13: valid loss=8.7017, acc=0.0530, fr=0.0789, mask=0.8750, time=04.465708

Best model saved with valid acc=0.053009259259259256

-----------------------------

Epoch 14: train loss=30.4819, acc=0.0485, fr=0.0672, lr=0.0000, time=19.678691
Epoch 14: valid loss=8.6594, acc=0.0509, fr=0.0789, mask=0.8750, time=04.289557

-----------------------------

Epoch 15: train loss=30.4681, acc=0.0501, fr=0.0672, lr=0.0000, time=19.654298
Epoch 15: valid loss=8.6225, acc=0.0512, fr=0.0789, mask=0.8750, time=04.414960

-----------------------------

Epoch 16: train loss=30.5761, acc=0.0464, fr=0.0673, lr=0.0000, time=19.900672
Epoch 16: valid loss=8.7828, acc=0.0479, fr=0.0789, mask=0.8750, time=04.474497

-----------------------------

Epoch 17: train loss=30.4833, acc=0.0505, fr=0.0672, lr=0.0000, time=19.891340
Epoch 17: valid loss=8.7694, acc=0.0448, fr=0.0790, mask=0.8750, time=04.388845

-----------------------------

Epoch 18: train loss=30.5668, acc=0.0476, fr=0.0673, lr=0.0000, time=19.681501
Epoch 18: valid loss=8.6111, acc=0.0525, fr=0.0788, mask=0.8750, time=04.395985

-----------------------------

Epoch 19: train loss=30.4573, acc=0.0484, fr=0.0672, lr=0.0000, time=19.768935
Epoch 19: valid loss=8.7636, acc=0.0403, fr=0.0789, mask=0.8750, time=04.792781

-----------------------------

Epoch 20: train loss=30.4807, acc=0.0493, fr=0.0672, lr=0.0000, time=20.709947
Epoch 20: valid loss=8.4517, acc=0.0444, fr=0.0789, mask=0.8750, time=04.622503

-----------------------------

Epoch 21: train loss=30.5425, acc=0.0489, fr=0.0673, lr=0.0000, time=20.913887
Epoch 21: valid loss=8.7383, acc=0.0413, fr=0.0790, mask=0.8750, time=04.384061

-----------------------------

Epoch 22: train loss=30.4438, acc=0.0490, fr=0.0672, lr=0.0000, time=19.938812
Epoch 22: valid loss=8.5828, acc=0.0560, fr=0.0790, mask=0.8750, time=04.465607

Best model saved with valid acc=0.055975115740740745

-----------------------------

Epoch 23: train loss=30.3914, acc=0.0524, fr=0.0672, lr=0.0000, time=20.171576
Epoch 23: valid loss=8.5093, acc=0.0608, fr=0.0789, mask=0.8750, time=04.325920

Best model saved with valid acc=0.06076388888888888

-----------------------------

Epoch 24: train loss=30.4943, acc=0.0487, fr=0.0672, lr=0.0000, time=20.462593
Epoch 24: valid loss=8.8352, acc=0.0411, fr=0.0787, mask=0.8750, time=04.390226

-----------------------------

Epoch 25: train loss=30.4840, acc=0.0529, fr=0.0672, lr=0.0000, time=19.859076
Epoch 25: valid loss=8.5350, acc=0.0598, fr=0.0789, mask=0.8750, time=04.681287

-----------------------------

Epoch 26: train loss=30.5119, acc=0.0482, fr=0.0672, lr=0.0000, time=20.457958
Epoch 26: valid loss=8.6187, acc=0.0500, fr=0.0790, mask=0.8750, time=04.534028

-----------------------------

Epoch 27: train loss=30.5523, acc=0.0499, fr=0.0672, lr=0.0000, time=20.846970
Epoch 27: valid loss=8.8257, acc=0.0515, fr=0.0789, mask=0.8750, time=04.450810

-----------------------------

Epoch 28: train loss=30.6015, acc=0.0481, fr=0.0672, lr=0.0000, time=21.052632
Epoch 28: valid loss=8.5573, acc=0.0584, fr=0.0789, mask=0.8750, time=04.515357

-----------------------------

Epoch 29: train loss=30.5124, acc=0.0517, fr=0.0673, lr=0.0000, time=21.144302
Epoch 29: valid loss=8.6494, acc=0.0514, fr=0.0788, mask=0.8750, time=04.614313

-----------------------------

Epoch 30: train loss=30.6180, acc=0.0487, fr=0.0673, lr=0.0000, time=20.773417
Epoch 30: valid loss=8.5747, acc=0.0515, fr=0.0789, mask=0.8750, time=04.437920

-----------------------------

Epoch 31: train loss=30.5869, acc=0.0509, fr=0.0673, lr=0.0000, time=20.916197
Epoch 31: valid loss=8.4884, acc=0.0605, fr=0.0789, mask=0.8750, time=04.522396

-----------------------------

Epoch 32: train loss=30.3894, acc=0.0529, fr=0.0671, lr=0.0000, time=20.573188
Epoch 32: valid loss=8.6098, acc=0.0538, fr=0.0788, mask=0.8750, time=04.551762

-----------------------------

Epoch 33: train loss=30.4017, acc=0.0501, fr=0.0671, lr=0.0000, time=20.441470
Epoch 33: valid loss=8.7222, acc=0.0504, fr=0.0790, mask=0.8750, time=04.645734

-----------------------------

Epoch 34: train loss=30.4825, acc=0.0514, fr=0.0672, lr=0.0000, time=20.857589
Epoch 34: valid loss=8.5775, acc=0.0482, fr=0.0789, mask=0.8750, time=04.529138

-----------------------------

Epoch 35: train loss=30.5498, acc=0.0493, fr=0.0672, lr=0.0000, time=20.179523
Epoch 35: valid loss=8.7438, acc=0.0471, fr=0.0788, mask=0.8750, time=04.661011

-----------------------------

Epoch 36: train loss=30.5698, acc=0.0498, fr=0.0673, lr=0.0000, time=20.389888
Epoch 36: valid loss=8.6374, acc=0.0505, fr=0.0790, mask=0.8750, time=04.620530

-----------------------------

Epoch 37: train loss=30.4796, acc=0.0522, fr=0.0672, lr=0.0000, time=20.405411
Epoch 37: valid loss=8.6579, acc=0.0495, fr=0.0788, mask=0.8750, time=04.542484

-----------------------------

Epoch 38: train loss=30.5466, acc=0.0519, fr=0.0672, lr=0.0000, time=20.355556
Epoch 38: valid loss=8.7215, acc=0.0523, fr=0.0789, mask=0.8750, time=04.674009

-----------------------------

Epoch 39: train loss=30.4839, acc=0.0502, fr=0.0672, lr=0.0000, time=20.234307
Epoch 39: valid loss=8.7022, acc=0.0415, fr=0.0789, mask=0.8750, time=04.690986

-----------------------------

Epoch 40: train loss=30.5257, acc=0.0511, fr=0.0672, lr=0.0000, time=19.956661
Epoch 40: valid loss=8.8428, acc=0.0504, fr=0.0791, mask=0.8750, time=04.496996

-----------------------------

Epoch 41: train loss=30.5361, acc=0.0506, fr=0.0672, lr=0.0000, time=20.475260
Epoch 41: valid loss=8.7280, acc=0.0501, fr=0.0788, mask=0.8750, time=04.608652

-----------------------------

Epoch 42: train loss=30.5932, acc=0.0507, fr=0.0673, lr=0.0000, time=20.616961
Epoch 42: valid loss=8.6930, acc=0.0605, fr=0.0790, mask=0.8750, time=04.528370

-----------------------------

Epoch 43: train loss=30.5897, acc=0.0461, fr=0.0673, lr=0.0000, time=20.359659
Epoch 43: valid loss=8.8725, acc=0.0527, fr=0.0790, mask=0.8750, time=04.569825

-----------------------------

Epoch 44: train loss=30.5791, acc=0.0530, fr=0.0673, lr=0.0000, time=20.428312
Epoch 44: valid loss=8.6688, acc=0.0534, fr=0.0789, mask=0.8750, time=04.631248

-----------------------------

Epoch 45: train loss=30.6142, acc=0.0488, fr=0.0672, lr=0.0000, time=20.563350
Epoch 45: valid loss=8.7307, acc=0.0545, fr=0.0790, mask=0.8750, time=04.621165

-----------------------------

Epoch 46: train loss=30.5258, acc=0.0511, fr=0.0672, lr=0.0000, time=20.043917
Epoch 46: valid loss=8.5715, acc=0.0531, fr=0.0790, mask=0.8750, time=04.497806

-----------------------------

Epoch 47: train loss=30.5080, acc=0.0478, fr=0.0672, lr=0.0000, time=20.033891
Epoch 47: valid loss=8.6166, acc=0.0553, fr=0.0789, mask=0.8750, time=04.572464

-----------------------------

Epoch 48: train loss=30.5767, acc=0.0480, fr=0.0673, lr=0.0000, time=20.132469
Epoch 48: valid loss=8.8065, acc=0.0538, fr=0.0787, mask=0.8750, time=04.532265

-----------------------------

Epoch 49: train loss=30.4539, acc=0.0523, fr=0.0672, lr=0.0000, time=20.162525
Epoch 49: valid loss=8.7606, acc=0.0522, fr=0.0788, mask=0.8750, time=04.701764

-----------------------------

Epoch 50: train loss=30.5221, acc=0.0553, fr=0.0673, lr=0.0000, time=22.910024
Epoch 50: valid loss=8.6549, acc=0.0480, fr=0.0789, mask=0.8750, time=06.813951

-----------------------------


Best valid acc at epoch 23: 0.06076388888888888


------ Training finished ------

Loading best model, epoch=23, valid acc=0.06076388888888888

------ Begin Testing ------

Test loss=8.804609298706055, acc=0.051099537037037034, mean act rate=0.07877585291862488

-----------------------------


This dataset uses the same split for validation and testing.


---------------Trial:5---------------


------ Begin training ------

